[2022-01-19 11:42:32,655] {processor.py:163} INFO - Started process (PID=314) to work on /opt/airflow/dags/Build_Summary_v2.py
[2022-01-19 11:42:32,660] {processor.py:620} INFO - Processing file /opt/airflow/dags/Build_Summary_v2.py for tasks to queue
[2022-01-19 11:42:32,665] {logging_mixin.py:109} INFO - [2022-01-19 11:42:32,665] {dagbag.py:500} INFO - Filling up the DagBag from /opt/airflow/dags/Build_Summary_v2.py
[2022-01-19 11:42:32,767] {logging_mixin.py:109} INFO - [2022-01-19 11:42:32,767] {redshift_summary.py:48} INFO - /opt/airflow/dags
[2022-01-19 11:42:32,836] {processor.py:632} INFO - DAG(s) dict_keys(['Build_Summary_v2']) retrieved from /opt/airflow/dags/Build_Summary_v2.py
[2022-01-19 11:42:40,812] {logging_mixin.py:109} INFO - [2022-01-19 11:42:40,811] {providers_manager.py:156} WARNING - Exception when importing 'airflow.providers.google.leveldb.hooks.leveldb.LevelDBHook' from 'apache-airflow-providers-google' package: No module named 'plyvel'
[2022-01-19 11:42:42,797] {logging_mixin.py:109} INFO - [2022-01-19 11:42:42,796] {providers_manager.py:156} WARNING - Exception when importing 'airflow.providers.google.leveldb.hooks.leveldb.LevelDBHook' from 'apache-airflow-providers-google' package: No module named 'plyvel'
[2022-01-19 11:42:42,875] {logging_mixin.py:109} INFO - [2022-01-19 11:42:42,874] {manager.py:496} INFO - Created Permission View: can edit on DAG:Build_Summary_v2
[2022-01-19 11:42:42,902] {logging_mixin.py:109} INFO - [2022-01-19 11:42:42,902] {manager.py:496} INFO - Created Permission View: can read on DAG:Build_Summary_v2
[2022-01-19 11:42:42,905] {logging_mixin.py:109} INFO - [2022-01-19 11:42:42,904] {dag.py:2389} INFO - Sync 1 DAGs
[2022-01-19 11:42:42,933] {logging_mixin.py:109} INFO - [2022-01-19 11:42:42,932] {dag.py:2408} INFO - Creating ORM DAG for Build_Summary_v2
[2022-01-19 11:42:42,972] {logging_mixin.py:109} INFO - [2022-01-19 11:42:42,972] {dag.py:2914} INFO - Setting next_dagrun for Build_Summary_v2 to 2022-01-17 13:25:00+00:00
[2022-01-19 11:42:43,016] {processor.py:171} INFO - Processing /opt/airflow/dags/Build_Summary_v2.py took 10.368 seconds
[2022-01-19 11:45:35,316] {processor.py:163} INFO - Started process (PID=746) to work on /opt/airflow/dags/Build_Summary_v2.py
[2022-01-19 11:45:35,320] {processor.py:620} INFO - Processing file /opt/airflow/dags/Build_Summary_v2.py for tasks to queue
[2022-01-19 11:45:35,324] {logging_mixin.py:109} INFO - [2022-01-19 11:45:35,323] {dagbag.py:500} INFO - Filling up the DagBag from /opt/airflow/dags/Build_Summary_v2.py
[2022-01-19 11:45:35,412] {logging_mixin.py:109} INFO - [2022-01-19 11:45:35,412] {redshift_summary.py:48} INFO - /opt/airflow/dags
[2022-01-19 11:45:35,494] {processor.py:632} INFO - DAG(s) dict_keys(['Build_Summary_v2']) retrieved from /opt/airflow/dags/Build_Summary_v2.py
[2022-01-19 11:45:35,580] {logging_mixin.py:109} INFO - [2022-01-19 11:45:35,580] {dag.py:2389} INFO - Sync 1 DAGs
[2022-01-19 11:45:35,687] {logging_mixin.py:109} INFO - [2022-01-19 11:45:35,687] {dag.py:2914} INFO - Setting next_dagrun for Build_Summary_v2 to 2022-01-17 13:25:00+00:00
[2022-01-19 11:45:35,742] {processor.py:171} INFO - Processing /opt/airflow/dags/Build_Summary_v2.py took 0.433 seconds
[2022-01-19 11:46:08,664] {processor.py:163} INFO - Started process (PID=886) to work on /opt/airflow/dags/Build_Summary_v2.py
[2022-01-19 11:46:08,670] {processor.py:620} INFO - Processing file /opt/airflow/dags/Build_Summary_v2.py for tasks to queue
[2022-01-19 11:46:08,675] {logging_mixin.py:109} INFO - [2022-01-19 11:46:08,675] {dagbag.py:500} INFO - Filling up the DagBag from /opt/airflow/dags/Build_Summary_v2.py
[2022-01-19 11:46:08,820] {logging_mixin.py:109} INFO - [2022-01-19 11:46:08,820] {redshift_summary.py:48} INFO - /opt/airflow/dags
[2022-01-19 11:46:08,971] {processor.py:632} INFO - DAG(s) dict_keys(['Build_Summary_v2']) retrieved from /opt/airflow/dags/Build_Summary_v2.py
[2022-01-19 11:46:09,078] {logging_mixin.py:109} INFO - [2022-01-19 11:46:09,077] {dag.py:2389} INFO - Sync 1 DAGs
[2022-01-19 11:46:09,155] {logging_mixin.py:109} INFO - [2022-01-19 11:46:09,155] {dag.py:2914} INFO - Setting next_dagrun for Build_Summary_v2 to 2022-01-17 13:25:00+00:00
[2022-01-19 11:46:09,192] {processor.py:171} INFO - Processing /opt/airflow/dags/Build_Summary_v2.py took 0.537 seconds
[2022-01-19 11:46:41,261] {processor.py:163} INFO - Started process (PID=1014) to work on /opt/airflow/dags/Build_Summary_v2.py
[2022-01-19 11:46:41,265] {processor.py:620} INFO - Processing file /opt/airflow/dags/Build_Summary_v2.py for tasks to queue
[2022-01-19 11:46:41,269] {logging_mixin.py:109} INFO - [2022-01-19 11:46:41,269] {dagbag.py:500} INFO - Filling up the DagBag from /opt/airflow/dags/Build_Summary_v2.py
[2022-01-19 11:46:41,325] {logging_mixin.py:109} INFO - [2022-01-19 11:46:41,325] {redshift_summary.py:48} INFO - /opt/airflow/dags
[2022-01-19 11:46:41,398] {processor.py:632} INFO - DAG(s) dict_keys(['Build_Summary_v2']) retrieved from /opt/airflow/dags/Build_Summary_v2.py
[2022-01-19 11:46:41,478] {logging_mixin.py:109} INFO - [2022-01-19 11:46:41,478] {dag.py:2389} INFO - Sync 1 DAGs
[2022-01-19 11:46:41,554] {logging_mixin.py:109} INFO - [2022-01-19 11:46:41,554] {dag.py:2914} INFO - Setting next_dagrun for Build_Summary_v2 to 2022-01-17 13:25:00+00:00
[2022-01-19 11:46:41,599] {processor.py:171} INFO - Processing /opt/airflow/dags/Build_Summary_v2.py took 0.346 seconds
[2022-01-19 11:47:14,380] {processor.py:163} INFO - Started process (PID=1157) to work on /opt/airflow/dags/Build_Summary_v2.py
[2022-01-19 11:47:14,391] {processor.py:620} INFO - Processing file /opt/airflow/dags/Build_Summary_v2.py for tasks to queue
[2022-01-19 11:47:14,397] {logging_mixin.py:109} INFO - [2022-01-19 11:47:14,396] {dagbag.py:500} INFO - Filling up the DagBag from /opt/airflow/dags/Build_Summary_v2.py
[2022-01-19 11:47:14,465] {logging_mixin.py:109} INFO - [2022-01-19 11:47:14,464] {redshift_summary.py:48} INFO - /opt/airflow/dags
[2022-01-19 11:47:14,558] {processor.py:632} INFO - DAG(s) dict_keys(['Build_Summary_v2']) retrieved from /opt/airflow/dags/Build_Summary_v2.py
[2022-01-19 11:47:14,656] {logging_mixin.py:109} INFO - [2022-01-19 11:47:14,655] {dag.py:2389} INFO - Sync 1 DAGs
[2022-01-19 11:47:14,726] {logging_mixin.py:109} INFO - [2022-01-19 11:47:14,725] {dag.py:2914} INFO - Setting next_dagrun for Build_Summary_v2 to 2022-01-17 13:25:00+00:00
[2022-01-19 11:47:14,754] {processor.py:171} INFO - Processing /opt/airflow/dags/Build_Summary_v2.py took 0.387 seconds
[2022-01-19 11:47:47,650] {processor.py:163} INFO - Started process (PID=1296) to work on /opt/airflow/dags/Build_Summary_v2.py
[2022-01-19 11:47:47,654] {processor.py:620} INFO - Processing file /opt/airflow/dags/Build_Summary_v2.py for tasks to queue
[2022-01-19 11:47:47,657] {logging_mixin.py:109} INFO - [2022-01-19 11:47:47,657] {dagbag.py:500} INFO - Filling up the DagBag from /opt/airflow/dags/Build_Summary_v2.py
[2022-01-19 11:47:47,735] {logging_mixin.py:109} INFO - [2022-01-19 11:47:47,734] {redshift_summary.py:48} INFO - /opt/airflow/dags
[2022-01-19 11:47:47,809] {processor.py:632} INFO - DAG(s) dict_keys(['Build_Summary_v2']) retrieved from /opt/airflow/dags/Build_Summary_v2.py
[2022-01-19 11:47:47,899] {logging_mixin.py:109} INFO - [2022-01-19 11:47:47,899] {dag.py:2389} INFO - Sync 1 DAGs
[2022-01-19 11:47:47,968] {logging_mixin.py:109} INFO - [2022-01-19 11:47:47,967] {dag.py:2914} INFO - Setting next_dagrun for Build_Summary_v2 to 2022-01-17 13:25:00+00:00
[2022-01-19 11:47:48,001] {processor.py:171} INFO - Processing /opt/airflow/dags/Build_Summary_v2.py took 0.359 seconds
[2022-01-19 11:48:20,852] {processor.py:163} INFO - Started process (PID=1427) to work on /opt/airflow/dags/Build_Summary_v2.py
[2022-01-19 11:48:20,856] {processor.py:620} INFO - Processing file /opt/airflow/dags/Build_Summary_v2.py for tasks to queue
[2022-01-19 11:48:20,859] {logging_mixin.py:109} INFO - [2022-01-19 11:48:20,859] {dagbag.py:500} INFO - Filling up the DagBag from /opt/airflow/dags/Build_Summary_v2.py
[2022-01-19 11:48:20,914] {logging_mixin.py:109} INFO - [2022-01-19 11:48:20,914] {redshift_summary.py:48} INFO - /opt/airflow/dags
[2022-01-19 11:48:20,980] {processor.py:632} INFO - DAG(s) dict_keys(['Build_Summary_v2']) retrieved from /opt/airflow/dags/Build_Summary_v2.py
[2022-01-19 11:48:21,051] {logging_mixin.py:109} INFO - [2022-01-19 11:48:21,050] {dag.py:2389} INFO - Sync 1 DAGs
[2022-01-19 11:48:21,118] {logging_mixin.py:109} INFO - [2022-01-19 11:48:21,118] {dag.py:2914} INFO - Setting next_dagrun for Build_Summary_v2 to 2022-01-17 13:25:00+00:00
[2022-01-19 11:48:21,148] {processor.py:171} INFO - Processing /opt/airflow/dags/Build_Summary_v2.py took 0.303 seconds
[2022-01-19 11:48:54,010] {processor.py:163} INFO - Started process (PID=1570) to work on /opt/airflow/dags/Build_Summary_v2.py
[2022-01-19 11:48:54,016] {processor.py:620} INFO - Processing file /opt/airflow/dags/Build_Summary_v2.py for tasks to queue
[2022-01-19 11:48:54,020] {logging_mixin.py:109} INFO - [2022-01-19 11:48:54,019] {dagbag.py:500} INFO - Filling up the DagBag from /opt/airflow/dags/Build_Summary_v2.py
[2022-01-19 11:48:54,110] {logging_mixin.py:109} INFO - [2022-01-19 11:48:54,110] {redshift_summary.py:48} INFO - /opt/airflow/dags
[2022-01-19 11:48:54,209] {processor.py:632} INFO - DAG(s) dict_keys(['Build_Summary_v2']) retrieved from /opt/airflow/dags/Build_Summary_v2.py
[2022-01-19 11:48:54,292] {logging_mixin.py:109} INFO - [2022-01-19 11:48:54,291] {dag.py:2389} INFO - Sync 1 DAGs
[2022-01-19 11:48:54,362] {logging_mixin.py:109} INFO - [2022-01-19 11:48:54,361] {dag.py:2914} INFO - Setting next_dagrun for Build_Summary_v2 to 2022-01-17 13:25:00+00:00
[2022-01-19 11:48:54,391] {processor.py:171} INFO - Processing /opt/airflow/dags/Build_Summary_v2.py took 0.387 seconds
[2022-01-19 11:49:27,240] {processor.py:163} INFO - Started process (PID=1708) to work on /opt/airflow/dags/Build_Summary_v2.py
[2022-01-19 11:49:27,245] {processor.py:620} INFO - Processing file /opt/airflow/dags/Build_Summary_v2.py for tasks to queue
[2022-01-19 11:49:27,248] {logging_mixin.py:109} INFO - [2022-01-19 11:49:27,248] {dagbag.py:500} INFO - Filling up the DagBag from /opt/airflow/dags/Build_Summary_v2.py
[2022-01-19 11:49:27,319] {logging_mixin.py:109} INFO - [2022-01-19 11:49:27,318] {redshift_summary.py:48} INFO - /opt/airflow/dags
[2022-01-19 11:49:27,391] {processor.py:632} INFO - DAG(s) dict_keys(['Build_Summary_v2']) retrieved from /opt/airflow/dags/Build_Summary_v2.py
[2022-01-19 11:49:27,499] {logging_mixin.py:109} INFO - [2022-01-19 11:49:27,498] {dag.py:2389} INFO - Sync 1 DAGs
[2022-01-19 11:49:27,700] {logging_mixin.py:109} INFO - [2022-01-19 11:49:27,699] {dag.py:2914} INFO - Setting next_dagrun for Build_Summary_v2 to 2022-01-17 13:25:00+00:00
[2022-01-19 11:49:27,730] {processor.py:171} INFO - Processing /opt/airflow/dags/Build_Summary_v2.py took 0.499 seconds
[2022-01-19 11:50:00,104] {processor.py:163} INFO - Started process (PID=1840) to work on /opt/airflow/dags/Build_Summary_v2.py
[2022-01-19 11:50:00,108] {processor.py:620} INFO - Processing file /opt/airflow/dags/Build_Summary_v2.py for tasks to queue
[2022-01-19 11:50:00,111] {logging_mixin.py:109} INFO - [2022-01-19 11:50:00,111] {dagbag.py:500} INFO - Filling up the DagBag from /opt/airflow/dags/Build_Summary_v2.py
[2022-01-19 11:50:00,165] {logging_mixin.py:109} INFO - [2022-01-19 11:50:00,164] {redshift_summary.py:48} INFO - /opt/airflow/dags
[2022-01-19 11:50:00,226] {processor.py:632} INFO - DAG(s) dict_keys(['Build_Summary_v2']) retrieved from /opt/airflow/dags/Build_Summary_v2.py
[2022-01-19 11:50:00,302] {logging_mixin.py:109} INFO - [2022-01-19 11:50:00,301] {dag.py:2389} INFO - Sync 1 DAGs
[2022-01-19 11:50:00,484] {logging_mixin.py:109} INFO - [2022-01-19 11:50:00,483] {dag.py:2914} INFO - Setting next_dagrun for Build_Summary_v2 to 2022-01-17 13:25:00+00:00
[2022-01-19 11:50:00,508] {processor.py:171} INFO - Processing /opt/airflow/dags/Build_Summary_v2.py took 0.410 seconds
[2022-01-19 11:50:33,298] {processor.py:163} INFO - Started process (PID=1989) to work on /opt/airflow/dags/Build_Summary_v2.py
[2022-01-19 11:50:33,302] {processor.py:620} INFO - Processing file /opt/airflow/dags/Build_Summary_v2.py for tasks to queue
[2022-01-19 11:50:33,307] {logging_mixin.py:109} INFO - [2022-01-19 11:50:33,306] {dagbag.py:500} INFO - Filling up the DagBag from /opt/airflow/dags/Build_Summary_v2.py
[2022-01-19 11:50:33,399] {logging_mixin.py:109} INFO - [2022-01-19 11:50:33,398] {redshift_summary.py:48} INFO - /opt/airflow/dags
[2022-01-19 11:50:33,483] {processor.py:632} INFO - DAG(s) dict_keys(['Build_Summary_v2']) retrieved from /opt/airflow/dags/Build_Summary_v2.py
[2022-01-19 11:50:33,574] {logging_mixin.py:109} INFO - [2022-01-19 11:50:33,573] {dag.py:2389} INFO - Sync 1 DAGs
[2022-01-19 11:50:33,823] {logging_mixin.py:109} INFO - [2022-01-19 11:50:33,823] {dag.py:2914} INFO - Setting next_dagrun for Build_Summary_v2 to 2022-01-17 13:25:00+00:00
[2022-01-19 11:50:33,890] {processor.py:171} INFO - Processing /opt/airflow/dags/Build_Summary_v2.py took 0.600 seconds
[2022-01-19 11:54:33,095] {processor.py:163} INFO - Started process (PID=211) to work on /opt/airflow/dags/Build_Summary_v2.py
[2022-01-19 11:54:33,102] {processor.py:620} INFO - Processing file /opt/airflow/dags/Build_Summary_v2.py for tasks to queue
[2022-01-19 11:54:33,107] {logging_mixin.py:109} INFO - [2022-01-19 11:54:33,107] {dagbag.py:500} INFO - Filling up the DagBag from /opt/airflow/dags/Build_Summary_v2.py
[2022-01-19 11:54:33,221] {logging_mixin.py:109} INFO - [2022-01-19 11:54:33,220] {redshift_summary.py:48} INFO - /opt/airflow/dags
[2022-01-19 11:54:33,392] {processor.py:632} INFO - DAG(s) dict_keys(['Build_Summary_v2']) retrieved from /opt/airflow/dags/Build_Summary_v2.py
[2022-01-19 11:54:33,540] {logging_mixin.py:109} INFO - [2022-01-19 11:54:33,537] {dag.py:2389} INFO - Sync 1 DAGs
[2022-01-19 11:54:33,708] {logging_mixin.py:109} INFO - [2022-01-19 11:54:33,708] {dag.py:2914} INFO - Setting next_dagrun for Build_Summary_v2 to 2022-01-17 13:25:00+00:00
[2022-01-19 11:54:33,759] {processor.py:171} INFO - Processing /opt/airflow/dags/Build_Summary_v2.py took 0.678 seconds
[2022-01-19 11:55:09,995] {processor.py:163} INFO - Started process (PID=355) to work on /opt/airflow/dags/Build_Summary_v2.py
[2022-01-19 11:55:10,001] {processor.py:620} INFO - Processing file /opt/airflow/dags/Build_Summary_v2.py for tasks to queue
[2022-01-19 11:55:10,004] {logging_mixin.py:109} INFO - [2022-01-19 11:55:10,004] {dagbag.py:500} INFO - Filling up the DagBag from /opt/airflow/dags/Build_Summary_v2.py
[2022-01-19 11:55:10,066] {logging_mixin.py:109} INFO - [2022-01-19 11:55:10,065] {redshift_summary.py:48} INFO - /opt/airflow/dags
[2022-01-19 11:55:10,134] {processor.py:632} INFO - DAG(s) dict_keys(['Build_Summary_v2']) retrieved from /opt/airflow/dags/Build_Summary_v2.py
[2022-01-19 11:55:10,216] {logging_mixin.py:109} INFO - [2022-01-19 11:55:10,215] {dag.py:2389} INFO - Sync 1 DAGs
[2022-01-19 11:55:10,285] {logging_mixin.py:109} INFO - [2022-01-19 11:55:10,285] {dag.py:2914} INFO - Setting next_dagrun for Build_Summary_v2 to 2022-01-17 13:25:00+00:00
[2022-01-19 11:55:10,316] {processor.py:171} INFO - Processing /opt/airflow/dags/Build_Summary_v2.py took 0.329 seconds
[2022-01-19 11:55:43,466] {processor.py:163} INFO - Started process (PID=501) to work on /opt/airflow/dags/Build_Summary_v2.py
[2022-01-19 11:55:43,470] {processor.py:620} INFO - Processing file /opt/airflow/dags/Build_Summary_v2.py for tasks to queue
[2022-01-19 11:55:43,473] {logging_mixin.py:109} INFO - [2022-01-19 11:55:43,473] {dagbag.py:500} INFO - Filling up the DagBag from /opt/airflow/dags/Build_Summary_v2.py
[2022-01-19 11:55:43,533] {logging_mixin.py:109} INFO - [2022-01-19 11:55:43,533] {redshift_summary.py:48} INFO - /opt/airflow/dags
[2022-01-19 11:55:43,598] {processor.py:632} INFO - DAG(s) dict_keys(['Build_Summary_v2']) retrieved from /opt/airflow/dags/Build_Summary_v2.py
[2022-01-19 11:55:43,680] {logging_mixin.py:109} INFO - [2022-01-19 11:55:43,680] {dag.py:2389} INFO - Sync 1 DAGs
[2022-01-19 11:55:43,762] {logging_mixin.py:109} INFO - [2022-01-19 11:55:43,761] {dag.py:2914} INFO - Setting next_dagrun for Build_Summary_v2 to 2022-01-17 13:25:00+00:00
[2022-01-19 11:55:43,793] {processor.py:171} INFO - Processing /opt/airflow/dags/Build_Summary_v2.py took 0.335 seconds
[2022-01-19 11:56:16,546] {processor.py:163} INFO - Started process (PID=628) to work on /opt/airflow/dags/Build_Summary_v2.py
[2022-01-19 11:56:16,550] {processor.py:620} INFO - Processing file /opt/airflow/dags/Build_Summary_v2.py for tasks to queue
[2022-01-19 11:56:16,553] {logging_mixin.py:109} INFO - [2022-01-19 11:56:16,552] {dagbag.py:500} INFO - Filling up the DagBag from /opt/airflow/dags/Build_Summary_v2.py
[2022-01-19 11:56:16,610] {logging_mixin.py:109} INFO - [2022-01-19 11:56:16,610] {redshift_summary.py:48} INFO - /opt/airflow/dags
[2022-01-19 11:56:16,679] {processor.py:632} INFO - DAG(s) dict_keys(['Build_Summary_v2']) retrieved from /opt/airflow/dags/Build_Summary_v2.py
[2022-01-19 11:56:16,748] {logging_mixin.py:109} INFO - [2022-01-19 11:56:16,747] {dag.py:2389} INFO - Sync 1 DAGs
[2022-01-19 11:56:16,807] {logging_mixin.py:109} INFO - [2022-01-19 11:56:16,806] {dag.py:2914} INFO - Setting next_dagrun for Build_Summary_v2 to 2022-01-17 13:25:00+00:00
[2022-01-19 11:56:16,829] {processor.py:171} INFO - Processing /opt/airflow/dags/Build_Summary_v2.py took 0.290 seconds
[2022-01-19 11:56:49,298] {processor.py:163} INFO - Started process (PID=772) to work on /opt/airflow/dags/Build_Summary_v2.py
[2022-01-19 11:56:49,302] {processor.py:620} INFO - Processing file /opt/airflow/dags/Build_Summary_v2.py for tasks to queue
[2022-01-19 11:56:49,306] {logging_mixin.py:109} INFO - [2022-01-19 11:56:49,305] {dagbag.py:500} INFO - Filling up the DagBag from /opt/airflow/dags/Build_Summary_v2.py
[2022-01-19 11:56:49,365] {logging_mixin.py:109} INFO - [2022-01-19 11:56:49,365] {redshift_summary.py:48} INFO - /opt/airflow/dags
[2022-01-19 11:56:49,442] {processor.py:632} INFO - DAG(s) dict_keys(['Build_Summary_v2']) retrieved from /opt/airflow/dags/Build_Summary_v2.py
[2022-01-19 11:56:49,519] {logging_mixin.py:109} INFO - [2022-01-19 11:56:49,519] {dag.py:2389} INFO - Sync 1 DAGs
[2022-01-19 11:56:49,586] {logging_mixin.py:109} INFO - [2022-01-19 11:56:49,585] {dag.py:2914} INFO - Setting next_dagrun for Build_Summary_v2 to 2022-01-17 13:25:00+00:00
[2022-01-19 11:56:49,612] {processor.py:171} INFO - Processing /opt/airflow/dags/Build_Summary_v2.py took 0.322 seconds
[2022-01-19 11:57:22,887] {processor.py:163} INFO - Started process (PID=917) to work on /opt/airflow/dags/Build_Summary_v2.py
[2022-01-19 11:57:22,893] {processor.py:620} INFO - Processing file /opt/airflow/dags/Build_Summary_v2.py for tasks to queue
[2022-01-19 11:57:22,897] {logging_mixin.py:109} INFO - [2022-01-19 11:57:22,896] {dagbag.py:500} INFO - Filling up the DagBag from /opt/airflow/dags/Build_Summary_v2.py
[2022-01-19 11:57:22,963] {logging_mixin.py:109} INFO - [2022-01-19 11:57:22,962] {redshift_summary.py:48} INFO - /opt/airflow/dags
[2022-01-19 11:57:23,042] {processor.py:632} INFO - DAG(s) dict_keys(['Build_Summary_v2']) retrieved from /opt/airflow/dags/Build_Summary_v2.py
[2022-01-19 11:57:23,127] {logging_mixin.py:109} INFO - [2022-01-19 11:57:23,126] {dag.py:2389} INFO - Sync 1 DAGs
[2022-01-19 11:57:23,197] {logging_mixin.py:109} INFO - [2022-01-19 11:57:23,197] {dag.py:2914} INFO - Setting next_dagrun for Build_Summary_v2 to 2022-01-17 13:25:00+00:00
[2022-01-19 11:57:23,233] {processor.py:171} INFO - Processing /opt/airflow/dags/Build_Summary_v2.py took 0.354 seconds
[2022-01-19 11:57:55,633] {processor.py:163} INFO - Started process (PID=1043) to work on /opt/airflow/dags/Build_Summary_v2.py
[2022-01-19 11:57:55,638] {processor.py:620} INFO - Processing file /opt/airflow/dags/Build_Summary_v2.py for tasks to queue
[2022-01-19 11:57:55,640] {logging_mixin.py:109} INFO - [2022-01-19 11:57:55,640] {dagbag.py:500} INFO - Filling up the DagBag from /opt/airflow/dags/Build_Summary_v2.py
[2022-01-19 11:57:55,695] {logging_mixin.py:109} INFO - [2022-01-19 11:57:55,695] {redshift_summary.py:48} INFO - /opt/airflow/dags
[2022-01-19 11:57:55,755] {processor.py:632} INFO - DAG(s) dict_keys(['Build_Summary_v2']) retrieved from /opt/airflow/dags/Build_Summary_v2.py
[2022-01-19 11:57:55,823] {logging_mixin.py:109} INFO - [2022-01-19 11:57:55,822] {dag.py:2389} INFO - Sync 1 DAGs
[2022-01-19 11:57:55,886] {logging_mixin.py:109} INFO - [2022-01-19 11:57:55,886] {dag.py:2914} INFO - Setting next_dagrun for Build_Summary_v2 to 2022-01-17 13:25:00+00:00
[2022-01-19 11:57:55,910] {processor.py:171} INFO - Processing /opt/airflow/dags/Build_Summary_v2.py took 0.284 seconds
[2022-01-19 11:58:23,026] {processor.py:163} INFO - Started process (PID=1203) to work on /opt/airflow/dags/Build_Summary_v2.py
[2022-01-19 11:58:23,030] {processor.py:620} INFO - Processing file /opt/airflow/dags/Build_Summary_v2.py for tasks to queue
[2022-01-19 11:58:23,038] {logging_mixin.py:109} INFO - [2022-01-19 11:58:23,035] {dagbag.py:500} INFO - Filling up the DagBag from /opt/airflow/dags/Build_Summary_v2.py
[2022-01-19 11:58:23,077] {processor.py:668} INFO - Deactivated 1 DAGs which are no longer present in /opt/airflow/dags/Build_Summary_v2.py
[2022-01-19 11:58:23,082] {processor.py:634} WARNING - No viable dags retrieved from /opt/airflow/dags/Build_Summary_v2.py
[2022-01-19 11:58:23,088] {processor.py:171} INFO - Processing /opt/airflow/dags/Build_Summary_v2.py took 0.070 seconds
[2022-01-19 12:04:25,487] {processor.py:163} INFO - Started process (PID=2512) to work on /opt/airflow/dags/Build_Summary_v2.py
[2022-01-19 12:04:25,492] {processor.py:620} INFO - Processing file /opt/airflow/dags/Build_Summary_v2.py for tasks to queue
[2022-01-19 12:04:25,494] {logging_mixin.py:109} INFO - [2022-01-19 12:04:25,494] {dagbag.py:500} INFO - Filling up the DagBag from /opt/airflow/dags/Build_Summary_v2.py
[2022-01-19 12:04:25,571] {logging_mixin.py:109} INFO - [2022-01-19 12:04:25,571] {redshift_summary.py:48} INFO - /opt/airflow/dags
[2022-01-19 12:04:25,630] {processor.py:632} INFO - DAG(s) dict_keys(['Build_Summary_v2']) retrieved from /opt/airflow/dags/Build_Summary_v2.py
[2022-01-19 12:04:26,988] {logging_mixin.py:109} INFO - [2022-01-19 12:04:26,987] {dag.py:2389} INFO - Sync 1 DAGs
[2022-01-19 12:04:27,054] {logging_mixin.py:109} INFO - [2022-01-19 12:04:27,053] {dag.py:2914} INFO - Setting next_dagrun for Build_Summary_v2 to 2022-01-17 13:25:00+00:00
[2022-01-19 12:04:27,100] {processor.py:171} INFO - Processing /opt/airflow/dags/Build_Summary_v2.py took 1.621 seconds
[2022-01-19 12:04:57,770] {processor.py:163} INFO - Started process (PID=2641) to work on /opt/airflow/dags/Build_Summary_v2.py
[2022-01-19 12:04:57,774] {processor.py:620} INFO - Processing file /opt/airflow/dags/Build_Summary_v2.py for tasks to queue
[2022-01-19 12:04:57,778] {logging_mixin.py:109} INFO - [2022-01-19 12:04:57,777] {dagbag.py:500} INFO - Filling up the DagBag from /opt/airflow/dags/Build_Summary_v2.py
[2022-01-19 12:04:57,849] {logging_mixin.py:109} INFO - [2022-01-19 12:04:57,848] {redshift_summary.py:48} INFO - /opt/airflow/dags
[2022-01-19 12:04:57,899] {processor.py:632} INFO - DAG(s) dict_keys(['Build_Summary_v2']) retrieved from /opt/airflow/dags/Build_Summary_v2.py
[2022-01-19 12:04:57,983] {logging_mixin.py:109} INFO - [2022-01-19 12:04:57,982] {dag.py:2389} INFO - Sync 1 DAGs
[2022-01-19 12:04:58,053] {logging_mixin.py:109} INFO - [2022-01-19 12:04:58,052] {dag.py:2914} INFO - Setting next_dagrun for Build_Summary_v2 to 2022-01-17 13:25:00+00:00
[2022-01-19 12:04:58,086] {processor.py:171} INFO - Processing /opt/airflow/dags/Build_Summary_v2.py took 0.324 seconds
[2022-01-19 12:05:28,571] {processor.py:163} INFO - Started process (PID=2762) to work on /opt/airflow/dags/Build_Summary_v2.py
[2022-01-19 12:05:28,576] {processor.py:620} INFO - Processing file /opt/airflow/dags/Build_Summary_v2.py for tasks to queue
[2022-01-19 12:05:28,580] {logging_mixin.py:109} INFO - [2022-01-19 12:05:28,580] {dagbag.py:500} INFO - Filling up the DagBag from /opt/airflow/dags/Build_Summary_v2.py
[2022-01-19 12:05:28,638] {logging_mixin.py:109} INFO - [2022-01-19 12:05:28,637] {redshift_summary.py:48} INFO - /opt/airflow/dags
[2022-01-19 12:05:28,683] {processor.py:632} INFO - DAG(s) dict_keys(['Build_Summary_v2']) retrieved from /opt/airflow/dags/Build_Summary_v2.py
[2022-01-19 12:05:28,759] {logging_mixin.py:109} INFO - [2022-01-19 12:05:28,758] {dag.py:2389} INFO - Sync 1 DAGs
[2022-01-19 12:05:28,819] {logging_mixin.py:109} INFO - [2022-01-19 12:05:28,818] {dag.py:2914} INFO - Setting next_dagrun for Build_Summary_v2 to 2022-01-17 13:25:00+00:00
[2022-01-19 12:05:28,846] {processor.py:171} INFO - Processing /opt/airflow/dags/Build_Summary_v2.py took 0.283 seconds
[2022-01-19 12:05:59,717] {processor.py:163} INFO - Started process (PID=2894) to work on /opt/airflow/dags/Build_Summary_v2.py
[2022-01-19 12:05:59,721] {processor.py:620} INFO - Processing file /opt/airflow/dags/Build_Summary_v2.py for tasks to queue
[2022-01-19 12:05:59,725] {logging_mixin.py:109} INFO - [2022-01-19 12:05:59,724] {dagbag.py:500} INFO - Filling up the DagBag from /opt/airflow/dags/Build_Summary_v2.py
[2022-01-19 12:05:59,794] {logging_mixin.py:109} INFO - [2022-01-19 12:05:59,794] {redshift_summary.py:48} INFO - /opt/airflow/dags
[2022-01-19 12:05:59,848] {processor.py:632} INFO - DAG(s) dict_keys(['Build_Summary_v2']) retrieved from /opt/airflow/dags/Build_Summary_v2.py
[2022-01-19 12:05:59,930] {logging_mixin.py:109} INFO - [2022-01-19 12:05:59,929] {dag.py:2389} INFO - Sync 1 DAGs
[2022-01-19 12:06:00,006] {logging_mixin.py:109} INFO - [2022-01-19 12:06:00,006] {dag.py:2914} INFO - Setting next_dagrun for Build_Summary_v2 to 2022-01-17 13:25:00+00:00
[2022-01-19 12:06:00,032] {processor.py:171} INFO - Processing /opt/airflow/dags/Build_Summary_v2.py took 0.323 seconds
[2022-01-19 12:06:30,272] {processor.py:163} INFO - Started process (PID=3016) to work on /opt/airflow/dags/Build_Summary_v2.py
[2022-01-19 12:06:30,276] {processor.py:620} INFO - Processing file /opt/airflow/dags/Build_Summary_v2.py for tasks to queue
[2022-01-19 12:06:30,280] {logging_mixin.py:109} INFO - [2022-01-19 12:06:30,279] {dagbag.py:500} INFO - Filling up the DagBag from /opt/airflow/dags/Build_Summary_v2.py
[2022-01-19 12:06:30,339] {logging_mixin.py:109} INFO - [2022-01-19 12:06:30,338] {redshift_summary.py:48} INFO - /opt/airflow/dags
[2022-01-19 12:06:30,383] {processor.py:632} INFO - DAG(s) dict_keys(['Build_Summary_v2']) retrieved from /opt/airflow/dags/Build_Summary_v2.py
[2022-01-19 12:06:30,460] {logging_mixin.py:109} INFO - [2022-01-19 12:06:30,459] {dag.py:2389} INFO - Sync 1 DAGs
[2022-01-19 12:06:30,522] {logging_mixin.py:109} INFO - [2022-01-19 12:06:30,522] {dag.py:2914} INFO - Setting next_dagrun for Build_Summary_v2 to 2022-01-17 13:25:00+00:00
[2022-01-19 12:06:30,549] {processor.py:171} INFO - Processing /opt/airflow/dags/Build_Summary_v2.py took 0.284 seconds
[2022-01-19 12:07:00,662] {processor.py:163} INFO - Started process (PID=3156) to work on /opt/airflow/dags/Build_Summary_v2.py
[2022-01-19 12:07:00,667] {processor.py:620} INFO - Processing file /opt/airflow/dags/Build_Summary_v2.py for tasks to queue
[2022-01-19 12:07:00,670] {logging_mixin.py:109} INFO - [2022-01-19 12:07:00,669] {dagbag.py:500} INFO - Filling up the DagBag from /opt/airflow/dags/Build_Summary_v2.py
[2022-01-19 12:07:00,730] {logging_mixin.py:109} INFO - [2022-01-19 12:07:00,729] {redshift_summary.py:48} INFO - /opt/airflow/dags
[2022-01-19 12:07:00,775] {processor.py:632} INFO - DAG(s) dict_keys(['Build_Summary_v2']) retrieved from /opt/airflow/dags/Build_Summary_v2.py
[2022-01-19 12:07:00,856] {logging_mixin.py:109} INFO - [2022-01-19 12:07:00,855] {dag.py:2389} INFO - Sync 1 DAGs
[2022-01-19 12:07:00,919] {logging_mixin.py:109} INFO - [2022-01-19 12:07:00,919] {dag.py:2914} INFO - Setting next_dagrun for Build_Summary_v2 to 2022-01-17 13:25:00+00:00
[2022-01-19 12:07:00,944] {processor.py:171} INFO - Processing /opt/airflow/dags/Build_Summary_v2.py took 0.291 seconds
[2022-01-19 12:07:31,278] {processor.py:163} INFO - Started process (PID=3275) to work on /opt/airflow/dags/Build_Summary_v2.py
[2022-01-19 12:07:31,282] {processor.py:620} INFO - Processing file /opt/airflow/dags/Build_Summary_v2.py for tasks to queue
[2022-01-19 12:07:31,286] {logging_mixin.py:109} INFO - [2022-01-19 12:07:31,285] {dagbag.py:500} INFO - Filling up the DagBag from /opt/airflow/dags/Build_Summary_v2.py
[2022-01-19 12:07:31,340] {logging_mixin.py:109} INFO - [2022-01-19 12:07:31,340] {redshift_summary.py:48} INFO - /opt/airflow/dags
[2022-01-19 12:07:31,385] {processor.py:632} INFO - DAG(s) dict_keys(['Build_Summary_v2']) retrieved from /opt/airflow/dags/Build_Summary_v2.py
[2022-01-19 12:07:31,457] {logging_mixin.py:109} INFO - [2022-01-19 12:07:31,456] {dag.py:2389} INFO - Sync 1 DAGs
[2022-01-19 12:07:31,513] {logging_mixin.py:109} INFO - [2022-01-19 12:07:31,513] {dag.py:2914} INFO - Setting next_dagrun for Build_Summary_v2 to 2022-01-17 13:25:00+00:00
[2022-01-19 12:07:31,539] {processor.py:171} INFO - Processing /opt/airflow/dags/Build_Summary_v2.py took 0.269 seconds
[2022-01-19 12:08:02,007] {processor.py:163} INFO - Started process (PID=3413) to work on /opt/airflow/dags/Build_Summary_v2.py
[2022-01-19 12:08:02,012] {processor.py:620} INFO - Processing file /opt/airflow/dags/Build_Summary_v2.py for tasks to queue
[2022-01-19 12:08:02,015] {logging_mixin.py:109} INFO - [2022-01-19 12:08:02,015] {dagbag.py:500} INFO - Filling up the DagBag from /opt/airflow/dags/Build_Summary_v2.py
[2022-01-19 12:08:02,108] {logging_mixin.py:109} INFO - [2022-01-19 12:08:02,108] {redshift_summary.py:48} INFO - /opt/airflow/dags
[2022-01-19 12:08:02,192] {processor.py:632} INFO - DAG(s) dict_keys(['Build_Summary_v2']) retrieved from /opt/airflow/dags/Build_Summary_v2.py
[2022-01-19 12:08:02,286] {logging_mixin.py:109} INFO - [2022-01-19 12:08:02,285] {dag.py:2389} INFO - Sync 1 DAGs
[2022-01-19 12:08:02,352] {logging_mixin.py:109} INFO - [2022-01-19 12:08:02,352] {dag.py:2914} INFO - Setting next_dagrun for Build_Summary_v2 to 2022-01-17 13:25:00+00:00
[2022-01-19 12:08:02,379] {processor.py:171} INFO - Processing /opt/airflow/dags/Build_Summary_v2.py took 0.385 seconds
[2022-01-19 12:08:32,441] {processor.py:163} INFO - Started process (PID=3535) to work on /opt/airflow/dags/Build_Summary_v2.py
[2022-01-19 12:08:32,446] {processor.py:620} INFO - Processing file /opt/airflow/dags/Build_Summary_v2.py for tasks to queue
[2022-01-19 12:08:32,448] {logging_mixin.py:109} INFO - [2022-01-19 12:08:32,448] {dagbag.py:500} INFO - Filling up the DagBag from /opt/airflow/dags/Build_Summary_v2.py
[2022-01-19 12:08:32,503] {logging_mixin.py:109} INFO - [2022-01-19 12:08:32,503] {redshift_summary.py:48} INFO - /opt/airflow/dags
[2022-01-19 12:08:32,548] {processor.py:632} INFO - DAG(s) dict_keys(['Build_Summary_v2']) retrieved from /opt/airflow/dags/Build_Summary_v2.py
[2022-01-19 12:08:32,627] {logging_mixin.py:109} INFO - [2022-01-19 12:08:32,627] {dag.py:2389} INFO - Sync 1 DAGs
[2022-01-19 12:08:32,684] {logging_mixin.py:109} INFO - [2022-01-19 12:08:32,684] {dag.py:2914} INFO - Setting next_dagrun for Build_Summary_v2 to 2022-01-17 13:25:00+00:00
[2022-01-19 12:08:32,709] {processor.py:171} INFO - Processing /opt/airflow/dags/Build_Summary_v2.py took 0.274 seconds
[2022-01-19 12:10:00,505] {processor.py:163} INFO - Started process (PID=3849) to work on /opt/airflow/dags/Build_Summary_v2.py
[2022-01-19 12:10:00,510] {processor.py:620} INFO - Processing file /opt/airflow/dags/Build_Summary_v2.py for tasks to queue
[2022-01-19 12:10:00,515] {logging_mixin.py:109} INFO - [2022-01-19 12:10:00,514] {dagbag.py:500} INFO - Filling up the DagBag from /opt/airflow/dags/Build_Summary_v2.py
[2022-01-19 12:10:00,555] {processor.py:634} WARNING - No viable dags retrieved from /opt/airflow/dags/Build_Summary_v2.py
[2022-01-19 12:10:00,558] {processor.py:171} INFO - Processing /opt/airflow/dags/Build_Summary_v2.py took 0.062 seconds
