[2022-01-19 11:42:42,575] {processor.py:163} INFO - Started process (PID=326) to work on /opt/airflow/dags/Build_Summary.py
[2022-01-19 11:42:42,580] {processor.py:620} INFO - Processing file /opt/airflow/dags/Build_Summary.py for tasks to queue
[2022-01-19 11:42:42,583] {logging_mixin.py:109} INFO - [2022-01-19 11:42:42,583] {dagbag.py:500} INFO - Filling up the DagBag from /opt/airflow/dags/Build_Summary.py
[2022-01-19 11:42:42,684] {processor.py:632} INFO - DAG(s) dict_keys(['Build_Summary']) retrieved from /opt/airflow/dags/Build_Summary.py
[2022-01-19 11:42:49,878] {logging_mixin.py:109} INFO - [2022-01-19 11:42:49,877] {providers_manager.py:156} WARNING - Exception when importing 'airflow.providers.google.leveldb.hooks.leveldb.LevelDBHook' from 'apache-airflow-providers-google' package: No module named 'plyvel'
[2022-01-19 11:42:52,272] {logging_mixin.py:109} INFO - [2022-01-19 11:42:52,271] {providers_manager.py:156} WARNING - Exception when importing 'airflow.providers.google.leveldb.hooks.leveldb.LevelDBHook' from 'apache-airflow-providers-google' package: No module named 'plyvel'
[2022-01-19 11:42:52,361] {logging_mixin.py:109} INFO - [2022-01-19 11:42:52,361] {manager.py:496} INFO - Created Permission View: can edit on DAG:Build_Summary
[2022-01-19 11:42:52,393] {logging_mixin.py:109} INFO - [2022-01-19 11:42:52,392] {manager.py:496} INFO - Created Permission View: can read on DAG:Build_Summary
[2022-01-19 11:42:52,397] {logging_mixin.py:109} INFO - [2022-01-19 11:42:52,395] {dag.py:2389} INFO - Sync 1 DAGs
[2022-01-19 11:42:52,430] {logging_mixin.py:109} INFO - [2022-01-19 11:42:52,428] {dag.py:2408} INFO - Creating ORM DAG for Build_Summary
[2022-01-19 11:42:52,458] {logging_mixin.py:109} INFO - [2022-01-19 11:42:52,457] {dag.py:2914} INFO - Setting next_dagrun for Build_Summary to 2021-12-10T00:00:00+00:00
[2022-01-19 11:42:52,496] {processor.py:171} INFO - Processing /opt/airflow/dags/Build_Summary.py took 9.928 seconds
[2022-01-19 11:45:35,432] {processor.py:163} INFO - Started process (PID=748) to work on /opt/airflow/dags/Build_Summary.py
[2022-01-19 11:45:35,438] {processor.py:620} INFO - Processing file /opt/airflow/dags/Build_Summary.py for tasks to queue
[2022-01-19 11:45:35,441] {logging_mixin.py:109} INFO - [2022-01-19 11:45:35,441] {dagbag.py:500} INFO - Filling up the DagBag from /opt/airflow/dags/Build_Summary.py
[2022-01-19 11:45:35,542] {processor.py:632} INFO - DAG(s) dict_keys(['Build_Summary']) retrieved from /opt/airflow/dags/Build_Summary.py
[2022-01-19 11:45:35,589] {logging_mixin.py:109} INFO - [2022-01-19 11:45:35,589] {dag.py:2389} INFO - Sync 1 DAGs
[2022-01-19 11:45:35,651] {logging_mixin.py:109} INFO - [2022-01-19 11:45:35,650] {dag.py:2914} INFO - Setting next_dagrun for Build_Summary to 2021-12-10T00:00:00+00:00
[2022-01-19 11:45:35,711] {processor.py:171} INFO - Processing /opt/airflow/dags/Build_Summary.py took 0.286 seconds
[2022-01-19 11:46:08,880] {processor.py:163} INFO - Started process (PID=888) to work on /opt/airflow/dags/Build_Summary.py
[2022-01-19 11:46:08,887] {processor.py:620} INFO - Processing file /opt/airflow/dags/Build_Summary.py for tasks to queue
[2022-01-19 11:46:08,894] {logging_mixin.py:109} INFO - [2022-01-19 11:46:08,893] {dagbag.py:500} INFO - Filling up the DagBag from /opt/airflow/dags/Build_Summary.py
[2022-01-19 11:46:09,000] {processor.py:632} INFO - DAG(s) dict_keys(['Build_Summary']) retrieved from /opt/airflow/dags/Build_Summary.py
[2022-01-19 11:46:09,041] {logging_mixin.py:109} INFO - [2022-01-19 11:46:09,040] {dag.py:2389} INFO - Sync 1 DAGs
[2022-01-19 11:46:09,101] {logging_mixin.py:109} INFO - [2022-01-19 11:46:09,101] {dag.py:2914} INFO - Setting next_dagrun for Build_Summary to 2021-12-10T00:00:00+00:00
[2022-01-19 11:46:09,128] {processor.py:171} INFO - Processing /opt/airflow/dags/Build_Summary.py took 0.256 seconds
[2022-01-19 11:46:41,365] {processor.py:163} INFO - Started process (PID=1016) to work on /opt/airflow/dags/Build_Summary.py
[2022-01-19 11:46:41,369] {processor.py:620} INFO - Processing file /opt/airflow/dags/Build_Summary.py for tasks to queue
[2022-01-19 11:46:41,373] {logging_mixin.py:109} INFO - [2022-01-19 11:46:41,372] {dagbag.py:500} INFO - Filling up the DagBag from /opt/airflow/dags/Build_Summary.py
[2022-01-19 11:46:41,473] {processor.py:632} INFO - DAG(s) dict_keys(['Build_Summary']) retrieved from /opt/airflow/dags/Build_Summary.py
[2022-01-19 11:46:41,514] {logging_mixin.py:109} INFO - [2022-01-19 11:46:41,514] {dag.py:2389} INFO - Sync 1 DAGs
[2022-01-19 11:46:41,567] {logging_mixin.py:109} INFO - [2022-01-19 11:46:41,566] {dag.py:2914} INFO - Setting next_dagrun for Build_Summary to 2021-12-10T00:00:00+00:00
[2022-01-19 11:46:41,606] {processor.py:171} INFO - Processing /opt/airflow/dags/Build_Summary.py took 0.248 seconds
[2022-01-19 11:47:14,608] {processor.py:163} INFO - Started process (PID=1159) to work on /opt/airflow/dags/Build_Summary.py
[2022-01-19 11:47:14,615] {processor.py:620} INFO - Processing file /opt/airflow/dags/Build_Summary.py for tasks to queue
[2022-01-19 11:47:14,619] {logging_mixin.py:109} INFO - [2022-01-19 11:47:14,618] {dagbag.py:500} INFO - Filling up the DagBag from /opt/airflow/dags/Build_Summary.py
[2022-01-19 11:47:14,714] {processor.py:632} INFO - DAG(s) dict_keys(['Build_Summary']) retrieved from /opt/airflow/dags/Build_Summary.py
[2022-01-19 11:47:14,751] {logging_mixin.py:109} INFO - [2022-01-19 11:47:14,750] {dag.py:2389} INFO - Sync 1 DAGs
[2022-01-19 11:47:14,815] {logging_mixin.py:109} INFO - [2022-01-19 11:47:14,814] {dag.py:2914} INFO - Setting next_dagrun for Build_Summary to 2021-12-10T00:00:00+00:00
[2022-01-19 11:47:14,844] {processor.py:171} INFO - Processing /opt/airflow/dags/Build_Summary.py took 0.249 seconds
[2022-01-19 11:47:47,744] {processor.py:163} INFO - Started process (PID=1298) to work on /opt/airflow/dags/Build_Summary.py
[2022-01-19 11:47:47,749] {processor.py:620} INFO - Processing file /opt/airflow/dags/Build_Summary.py for tasks to queue
[2022-01-19 11:47:47,752] {logging_mixin.py:109} INFO - [2022-01-19 11:47:47,752] {dagbag.py:500} INFO - Filling up the DagBag from /opt/airflow/dags/Build_Summary.py
[2022-01-19 11:47:47,858] {processor.py:632} INFO - DAG(s) dict_keys(['Build_Summary']) retrieved from /opt/airflow/dags/Build_Summary.py
[2022-01-19 11:47:47,896] {logging_mixin.py:109} INFO - [2022-01-19 11:47:47,896] {dag.py:2389} INFO - Sync 1 DAGs
[2022-01-19 11:47:47,951] {logging_mixin.py:109} INFO - [2022-01-19 11:47:47,950] {dag.py:2914} INFO - Setting next_dagrun for Build_Summary to 2021-12-10T00:00:00+00:00
[2022-01-19 11:47:47,981] {processor.py:171} INFO - Processing /opt/airflow/dags/Build_Summary.py took 0.246 seconds
[2022-01-19 11:48:20,857] {processor.py:163} INFO - Started process (PID=1429) to work on /opt/airflow/dags/Build_Summary.py
[2022-01-19 11:48:20,862] {processor.py:620} INFO - Processing file /opt/airflow/dags/Build_Summary.py for tasks to queue
[2022-01-19 11:48:20,866] {logging_mixin.py:109} INFO - [2022-01-19 11:48:20,866] {dagbag.py:500} INFO - Filling up the DagBag from /opt/airflow/dags/Build_Summary.py
[2022-01-19 11:48:20,958] {processor.py:632} INFO - DAG(s) dict_keys(['Build_Summary']) retrieved from /opt/airflow/dags/Build_Summary.py
[2022-01-19 11:48:20,993] {logging_mixin.py:109} INFO - [2022-01-19 11:48:20,992] {dag.py:2389} INFO - Sync 1 DAGs
[2022-01-19 11:48:21,041] {logging_mixin.py:109} INFO - [2022-01-19 11:48:21,041] {dag.py:2914} INFO - Setting next_dagrun for Build_Summary to 2021-12-10T00:00:00+00:00
[2022-01-19 11:48:21,068] {processor.py:171} INFO - Processing /opt/airflow/dags/Build_Summary.py took 0.218 seconds
[2022-01-19 11:48:54,177] {processor.py:163} INFO - Started process (PID=1572) to work on /opt/airflow/dags/Build_Summary.py
[2022-01-19 11:48:54,181] {processor.py:620} INFO - Processing file /opt/airflow/dags/Build_Summary.py for tasks to queue
[2022-01-19 11:48:54,185] {logging_mixin.py:109} INFO - [2022-01-19 11:48:54,184] {dagbag.py:500} INFO - Filling up the DagBag from /opt/airflow/dags/Build_Summary.py
[2022-01-19 11:48:54,285] {processor.py:632} INFO - DAG(s) dict_keys(['Build_Summary']) retrieved from /opt/airflow/dags/Build_Summary.py
[2022-01-19 11:48:54,321] {logging_mixin.py:109} INFO - [2022-01-19 11:48:54,321] {dag.py:2389} INFO - Sync 1 DAGs
[2022-01-19 11:48:54,375] {logging_mixin.py:109} INFO - [2022-01-19 11:48:54,374] {dag.py:2914} INFO - Setting next_dagrun for Build_Summary to 2021-12-10T00:00:00+00:00
[2022-01-19 11:48:54,409] {processor.py:171} INFO - Processing /opt/airflow/dags/Build_Summary.py took 0.240 seconds
[2022-01-19 11:49:27,430] {processor.py:163} INFO - Started process (PID=1710) to work on /opt/airflow/dags/Build_Summary.py
[2022-01-19 11:49:27,434] {processor.py:620} INFO - Processing file /opt/airflow/dags/Build_Summary.py for tasks to queue
[2022-01-19 11:49:27,437] {logging_mixin.py:109} INFO - [2022-01-19 11:49:27,437] {dagbag.py:500} INFO - Filling up the DagBag from /opt/airflow/dags/Build_Summary.py
[2022-01-19 11:49:27,534] {processor.py:632} INFO - DAG(s) dict_keys(['Build_Summary']) retrieved from /opt/airflow/dags/Build_Summary.py
[2022-01-19 11:49:27,580] {logging_mixin.py:109} INFO - [2022-01-19 11:49:27,579] {dag.py:2389} INFO - Sync 1 DAGs
[2022-01-19 11:49:27,637] {logging_mixin.py:109} INFO - [2022-01-19 11:49:27,636] {dag.py:2914} INFO - Setting next_dagrun for Build_Summary to 2021-12-10T00:00:00+00:00
[2022-01-19 11:49:27,666] {processor.py:171} INFO - Processing /opt/airflow/dags/Build_Summary.py took 0.245 seconds
[2022-01-19 11:50:00,354] {processor.py:163} INFO - Started process (PID=1842) to work on /opt/airflow/dags/Build_Summary.py
[2022-01-19 11:50:00,359] {processor.py:620} INFO - Processing file /opt/airflow/dags/Build_Summary.py for tasks to queue
[2022-01-19 11:50:00,362] {logging_mixin.py:109} INFO - [2022-01-19 11:50:00,362] {dagbag.py:500} INFO - Filling up the DagBag from /opt/airflow/dags/Build_Summary.py
[2022-01-19 11:50:00,448] {processor.py:632} INFO - DAG(s) dict_keys(['Build_Summary']) retrieved from /opt/airflow/dags/Build_Summary.py
[2022-01-19 11:50:00,480] {logging_mixin.py:109} INFO - [2022-01-19 11:50:00,480] {dag.py:2389} INFO - Sync 1 DAGs
[2022-01-19 11:50:00,535] {logging_mixin.py:109} INFO - [2022-01-19 11:50:00,534] {dag.py:2914} INFO - Setting next_dagrun for Build_Summary to 2021-12-10T00:00:00+00:00
[2022-01-19 11:50:00,563] {processor.py:171} INFO - Processing /opt/airflow/dags/Build_Summary.py took 0.216 seconds
[2022-01-19 11:50:33,580] {processor.py:163} INFO - Started process (PID=1991) to work on /opt/airflow/dags/Build_Summary.py
[2022-01-19 11:50:33,585] {processor.py:620} INFO - Processing file /opt/airflow/dags/Build_Summary.py for tasks to queue
[2022-01-19 11:50:33,588] {logging_mixin.py:109} INFO - [2022-01-19 11:50:33,588] {dagbag.py:500} INFO - Filling up the DagBag from /opt/airflow/dags/Build_Summary.py
[2022-01-19 11:50:33,739] {processor.py:632} INFO - DAG(s) dict_keys(['Build_Summary']) retrieved from /opt/airflow/dags/Build_Summary.py
[2022-01-19 11:50:33,826] {logging_mixin.py:109} INFO - [2022-01-19 11:50:33,825] {dag.py:2389} INFO - Sync 1 DAGs
[2022-01-19 11:50:33,914] {logging_mixin.py:109} INFO - [2022-01-19 11:50:33,913] {dag.py:2914} INFO - Setting next_dagrun for Build_Summary to 2021-12-10T00:00:00+00:00
[2022-01-19 11:50:33,956] {processor.py:171} INFO - Processing /opt/airflow/dags/Build_Summary.py took 0.383 seconds
[2022-01-19 11:54:33,311] {processor.py:163} INFO - Started process (PID=213) to work on /opt/airflow/dags/Build_Summary.py
[2022-01-19 11:54:33,317] {processor.py:620} INFO - Processing file /opt/airflow/dags/Build_Summary.py for tasks to queue
[2022-01-19 11:54:33,321] {logging_mixin.py:109} INFO - [2022-01-19 11:54:33,321] {dagbag.py:500} INFO - Filling up the DagBag from /opt/airflow/dags/Build_Summary.py
[2022-01-19 11:54:33,611] {processor.py:632} INFO - DAG(s) dict_keys(['Build_Summary']) retrieved from /opt/airflow/dags/Build_Summary.py
[2022-01-19 11:54:33,689] {logging_mixin.py:109} INFO - [2022-01-19 11:54:33,689] {dag.py:2389} INFO - Sync 1 DAGs
[2022-01-19 11:54:33,799] {logging_mixin.py:109} INFO - [2022-01-19 11:54:33,798] {dag.py:2914} INFO - Setting next_dagrun for Build_Summary to 2021-12-10T00:00:00+00:00
[2022-01-19 11:54:33,891] {processor.py:171} INFO - Processing /opt/airflow/dags/Build_Summary.py took 0.593 seconds
[2022-01-19 11:55:10,039] {processor.py:163} INFO - Started process (PID=357) to work on /opt/airflow/dags/Build_Summary.py
[2022-01-19 11:55:10,043] {processor.py:620} INFO - Processing file /opt/airflow/dags/Build_Summary.py for tasks to queue
[2022-01-19 11:55:10,046] {logging_mixin.py:109} INFO - [2022-01-19 11:55:10,046] {dagbag.py:500} INFO - Filling up the DagBag from /opt/airflow/dags/Build_Summary.py
[2022-01-19 11:55:10,143] {processor.py:632} INFO - DAG(s) dict_keys(['Build_Summary']) retrieved from /opt/airflow/dags/Build_Summary.py
[2022-01-19 11:55:10,181] {logging_mixin.py:109} INFO - [2022-01-19 11:55:10,181] {dag.py:2389} INFO - Sync 1 DAGs
[2022-01-19 11:55:10,233] {logging_mixin.py:109} INFO - [2022-01-19 11:55:10,232] {dag.py:2914} INFO - Setting next_dagrun for Build_Summary to 2021-12-10T00:00:00+00:00
[2022-01-19 11:55:10,258] {processor.py:171} INFO - Processing /opt/airflow/dags/Build_Summary.py took 0.229 seconds
[2022-01-19 11:55:43,856] {processor.py:163} INFO - Started process (PID=503) to work on /opt/airflow/dags/Build_Summary.py
[2022-01-19 11:55:43,862] {processor.py:620} INFO - Processing file /opt/airflow/dags/Build_Summary.py for tasks to queue
[2022-01-19 11:55:43,866] {logging_mixin.py:109} INFO - [2022-01-19 11:55:43,866] {dagbag.py:500} INFO - Filling up the DagBag from /opt/airflow/dags/Build_Summary.py
[2022-01-19 11:55:43,969] {processor.py:632} INFO - DAG(s) dict_keys(['Build_Summary']) retrieved from /opt/airflow/dags/Build_Summary.py
[2022-01-19 11:55:44,047] {logging_mixin.py:109} INFO - [2022-01-19 11:55:44,047] {dag.py:2389} INFO - Sync 1 DAGs
[2022-01-19 11:55:44,121] {logging_mixin.py:109} INFO - [2022-01-19 11:55:44,120] {dag.py:2914} INFO - Setting next_dagrun for Build_Summary to 2021-12-10T00:00:00+00:00
[2022-01-19 11:55:44,151] {processor.py:171} INFO - Processing /opt/airflow/dags/Build_Summary.py took 0.304 seconds
[2022-01-19 11:56:16,683] {processor.py:163} INFO - Started process (PID=630) to work on /opt/airflow/dags/Build_Summary.py
[2022-01-19 11:56:16,687] {processor.py:620} INFO - Processing file /opt/airflow/dags/Build_Summary.py for tasks to queue
[2022-01-19 11:56:16,690] {logging_mixin.py:109} INFO - [2022-01-19 11:56:16,689] {dagbag.py:500} INFO - Filling up the DagBag from /opt/airflow/dags/Build_Summary.py
[2022-01-19 11:56:16,767] {processor.py:632} INFO - DAG(s) dict_keys(['Build_Summary']) retrieved from /opt/airflow/dags/Build_Summary.py
[2022-01-19 11:56:16,798] {logging_mixin.py:109} INFO - [2022-01-19 11:56:16,798] {dag.py:2389} INFO - Sync 1 DAGs
[2022-01-19 11:56:16,846] {logging_mixin.py:109} INFO - [2022-01-19 11:56:16,846] {dag.py:2914} INFO - Setting next_dagrun for Build_Summary to 2021-12-10T00:00:00+00:00
[2022-01-19 11:56:16,873] {processor.py:171} INFO - Processing /opt/airflow/dags/Build_Summary.py took 0.197 seconds
[2022-01-19 11:56:49,418] {processor.py:163} INFO - Started process (PID=774) to work on /opt/airflow/dags/Build_Summary.py
[2022-01-19 11:56:49,422] {processor.py:620} INFO - Processing file /opt/airflow/dags/Build_Summary.py for tasks to queue
[2022-01-19 11:56:49,427] {logging_mixin.py:109} INFO - [2022-01-19 11:56:49,427] {dagbag.py:500} INFO - Filling up the DagBag from /opt/airflow/dags/Build_Summary.py
[2022-01-19 11:56:49,513] {processor.py:632} INFO - DAG(s) dict_keys(['Build_Summary']) retrieved from /opt/airflow/dags/Build_Summary.py
[2022-01-19 11:56:49,548] {logging_mixin.py:109} INFO - [2022-01-19 11:56:49,548] {dag.py:2389} INFO - Sync 1 DAGs
[2022-01-19 11:56:49,599] {logging_mixin.py:109} INFO - [2022-01-19 11:56:49,598] {dag.py:2914} INFO - Setting next_dagrun for Build_Summary to 2021-12-10T00:00:00+00:00
[2022-01-19 11:56:49,628] {processor.py:171} INFO - Processing /opt/airflow/dags/Build_Summary.py took 0.217 seconds
[2022-01-19 11:57:22,949] {processor.py:163} INFO - Started process (PID=919) to work on /opt/airflow/dags/Build_Summary.py
[2022-01-19 11:57:22,964] {processor.py:620} INFO - Processing file /opt/airflow/dags/Build_Summary.py for tasks to queue
[2022-01-19 11:57:22,968] {logging_mixin.py:109} INFO - [2022-01-19 11:57:22,967] {dagbag.py:500} INFO - Filling up the DagBag from /opt/airflow/dags/Build_Summary.py
[2022-01-19 11:57:23,075] {processor.py:632} INFO - DAG(s) dict_keys(['Build_Summary']) retrieved from /opt/airflow/dags/Build_Summary.py
[2022-01-19 11:57:23,112] {logging_mixin.py:109} INFO - [2022-01-19 11:57:23,112] {dag.py:2389} INFO - Sync 1 DAGs
[2022-01-19 11:57:23,179] {logging_mixin.py:109} INFO - [2022-01-19 11:57:23,178] {dag.py:2914} INFO - Setting next_dagrun for Build_Summary to 2021-12-10T00:00:00+00:00
[2022-01-19 11:57:23,211] {processor.py:171} INFO - Processing /opt/airflow/dags/Build_Summary.py took 0.269 seconds
[2022-01-19 11:57:55,643] {processor.py:163} INFO - Started process (PID=1045) to work on /opt/airflow/dags/Build_Summary.py
[2022-01-19 11:57:55,648] {processor.py:620} INFO - Processing file /opt/airflow/dags/Build_Summary.py for tasks to queue
[2022-01-19 11:57:55,651] {logging_mixin.py:109} INFO - [2022-01-19 11:57:55,651] {dagbag.py:500} INFO - Filling up the DagBag from /opt/airflow/dags/Build_Summary.py
[2022-01-19 11:57:55,733] {processor.py:632} INFO - DAG(s) dict_keys(['Build_Summary']) retrieved from /opt/airflow/dags/Build_Summary.py
[2022-01-19 11:57:55,767] {logging_mixin.py:109} INFO - [2022-01-19 11:57:55,766] {dag.py:2389} INFO - Sync 1 DAGs
[2022-01-19 11:57:55,812] {logging_mixin.py:109} INFO - [2022-01-19 11:57:55,811] {dag.py:2914} INFO - Setting next_dagrun for Build_Summary to 2021-12-10T00:00:00+00:00
[2022-01-19 11:57:55,835] {processor.py:171} INFO - Processing /opt/airflow/dags/Build_Summary.py took 0.198 seconds
[2022-01-19 11:58:23,120] {processor.py:163} INFO - Started process (PID=1205) to work on /opt/airflow/dags/Build_Summary.py
[2022-01-19 11:58:23,126] {processor.py:620} INFO - Processing file /opt/airflow/dags/Build_Summary.py for tasks to queue
[2022-01-19 11:58:23,130] {logging_mixin.py:109} INFO - [2022-01-19 11:58:23,130] {dagbag.py:500} INFO - Filling up the DagBag from /opt/airflow/dags/Build_Summary.py
[2022-01-19 11:58:23,206] {processor.py:668} INFO - Deactivated 1 DAGs which are no longer present in /opt/airflow/dags/Build_Summary.py
[2022-01-19 11:58:23,208] {processor.py:634} WARNING - No viable dags retrieved from /opt/airflow/dags/Build_Summary.py
[2022-01-19 11:58:23,213] {processor.py:171} INFO - Processing /opt/airflow/dags/Build_Summary.py took 0.101 seconds
[2022-01-19 12:04:25,738] {processor.py:163} INFO - Started process (PID=2514) to work on /opt/airflow/dags/Build_Summary.py
[2022-01-19 12:04:25,743] {processor.py:620} INFO - Processing file /opt/airflow/dags/Build_Summary.py for tasks to queue
[2022-01-19 12:04:25,747] {logging_mixin.py:109} INFO - [2022-01-19 12:04:25,746] {dagbag.py:500} INFO - Filling up the DagBag from /opt/airflow/dags/Build_Summary.py
[2022-01-19 12:04:25,834] {processor.py:632} INFO - DAG(s) dict_keys(['Build_Summary']) retrieved from /opt/airflow/dags/Build_Summary.py
[2022-01-19 12:04:27,284] {logging_mixin.py:109} INFO - [2022-01-19 12:04:27,283] {dag.py:2389} INFO - Sync 1 DAGs
[2022-01-19 12:04:27,337] {logging_mixin.py:109} INFO - [2022-01-19 12:04:27,336] {dag.py:2914} INFO - Setting next_dagrun for Build_Summary to 2021-12-10T00:00:00+00:00
[2022-01-19 12:04:27,432] {processor.py:171} INFO - Processing /opt/airflow/dags/Build_Summary.py took 1.702 seconds
[2022-01-19 12:04:58,133] {processor.py:163} INFO - Started process (PID=2643) to work on /opt/airflow/dags/Build_Summary.py
[2022-01-19 12:04:58,138] {processor.py:620} INFO - Processing file /opt/airflow/dags/Build_Summary.py for tasks to queue
[2022-01-19 12:04:58,142] {logging_mixin.py:109} INFO - [2022-01-19 12:04:58,141] {dagbag.py:500} INFO - Filling up the DagBag from /opt/airflow/dags/Build_Summary.py
[2022-01-19 12:04:58,220] {processor.py:632} INFO - DAG(s) dict_keys(['Build_Summary']) retrieved from /opt/airflow/dags/Build_Summary.py
[2022-01-19 12:04:58,257] {logging_mixin.py:109} INFO - [2022-01-19 12:04:58,256] {dag.py:2389} INFO - Sync 1 DAGs
[2022-01-19 12:04:58,308] {logging_mixin.py:109} INFO - [2022-01-19 12:04:58,308] {dag.py:2914} INFO - Setting next_dagrun for Build_Summary to 2021-12-10T00:00:00+00:00
[2022-01-19 12:04:58,335] {processor.py:171} INFO - Processing /opt/airflow/dags/Build_Summary.py took 0.210 seconds
[2022-01-19 12:05:28,884] {processor.py:163} INFO - Started process (PID=2764) to work on /opt/airflow/dags/Build_Summary.py
[2022-01-19 12:05:28,888] {processor.py:620} INFO - Processing file /opt/airflow/dags/Build_Summary.py for tasks to queue
[2022-01-19 12:05:28,892] {logging_mixin.py:109} INFO - [2022-01-19 12:05:28,891] {dagbag.py:500} INFO - Filling up the DagBag from /opt/airflow/dags/Build_Summary.py
[2022-01-19 12:05:28,961] {processor.py:632} INFO - DAG(s) dict_keys(['Build_Summary']) retrieved from /opt/airflow/dags/Build_Summary.py
[2022-01-19 12:05:28,994] {logging_mixin.py:109} INFO - [2022-01-19 12:05:28,993] {dag.py:2389} INFO - Sync 1 DAGs
[2022-01-19 12:05:29,041] {logging_mixin.py:109} INFO - [2022-01-19 12:05:29,040] {dag.py:2914} INFO - Setting next_dagrun for Build_Summary to 2021-12-10T00:00:00+00:00
[2022-01-19 12:05:29,067] {processor.py:171} INFO - Processing /opt/airflow/dags/Build_Summary.py took 0.190 seconds
[2022-01-19 12:05:59,723] {processor.py:163} INFO - Started process (PID=2896) to work on /opt/airflow/dags/Build_Summary.py
[2022-01-19 12:05:59,728] {processor.py:620} INFO - Processing file /opt/airflow/dags/Build_Summary.py for tasks to queue
[2022-01-19 12:05:59,732] {logging_mixin.py:109} INFO - [2022-01-19 12:05:59,731] {dagbag.py:500} INFO - Filling up the DagBag from /opt/airflow/dags/Build_Summary.py
[2022-01-19 12:05:59,821] {processor.py:632} INFO - DAG(s) dict_keys(['Build_Summary']) retrieved from /opt/airflow/dags/Build_Summary.py
[2022-01-19 12:05:59,862] {logging_mixin.py:109} INFO - [2022-01-19 12:05:59,861] {dag.py:2389} INFO - Sync 1 DAGs
[2022-01-19 12:05:59,912] {logging_mixin.py:109} INFO - [2022-01-19 12:05:59,911] {dag.py:2914} INFO - Setting next_dagrun for Build_Summary to 2021-12-10T00:00:00+00:00
[2022-01-19 12:05:59,974] {processor.py:171} INFO - Processing /opt/airflow/dags/Build_Summary.py took 0.258 seconds
[2022-01-19 12:06:30,272] {processor.py:163} INFO - Started process (PID=3018) to work on /opt/airflow/dags/Build_Summary.py
[2022-01-19 12:06:30,276] {processor.py:620} INFO - Processing file /opt/airflow/dags/Build_Summary.py for tasks to queue
[2022-01-19 12:06:30,280] {logging_mixin.py:109} INFO - [2022-01-19 12:06:30,280] {dagbag.py:500} INFO - Filling up the DagBag from /opt/airflow/dags/Build_Summary.py
[2022-01-19 12:06:30,356] {processor.py:632} INFO - DAG(s) dict_keys(['Build_Summary']) retrieved from /opt/airflow/dags/Build_Summary.py
[2022-01-19 12:06:30,390] {logging_mixin.py:109} INFO - [2022-01-19 12:06:30,389] {dag.py:2389} INFO - Sync 1 DAGs
[2022-01-19 12:06:30,438] {logging_mixin.py:109} INFO - [2022-01-19 12:06:30,437] {dag.py:2914} INFO - Setting next_dagrun for Build_Summary to 2021-12-10T00:00:00+00:00
[2022-01-19 12:06:30,464] {processor.py:171} INFO - Processing /opt/airflow/dags/Build_Summary.py took 0.199 seconds
[2022-01-19 12:07:00,580] {processor.py:163} INFO - Started process (PID=3154) to work on /opt/airflow/dags/Build_Summary.py
[2022-01-19 12:07:00,584] {processor.py:620} INFO - Processing file /opt/airflow/dags/Build_Summary.py for tasks to queue
[2022-01-19 12:07:00,588] {logging_mixin.py:109} INFO - [2022-01-19 12:07:00,588] {dagbag.py:500} INFO - Filling up the DagBag from /opt/airflow/dags/Build_Summary.py
[2022-01-19 12:07:00,670] {processor.py:632} INFO - DAG(s) dict_keys(['Build_Summary']) retrieved from /opt/airflow/dags/Build_Summary.py
[2022-01-19 12:07:00,722] {logging_mixin.py:109} INFO - [2022-01-19 12:07:00,722] {dag.py:2389} INFO - Sync 1 DAGs
[2022-01-19 12:07:00,775] {logging_mixin.py:109} INFO - [2022-01-19 12:07:00,774] {dag.py:2914} INFO - Setting next_dagrun for Build_Summary to 2021-12-10T00:00:00+00:00
[2022-01-19 12:07:00,803] {processor.py:171} INFO - Processing /opt/airflow/dags/Build_Summary.py took 0.231 seconds
[2022-01-19 12:07:31,286] {processor.py:163} INFO - Started process (PID=3277) to work on /opt/airflow/dags/Build_Summary.py
[2022-01-19 12:07:31,291] {processor.py:620} INFO - Processing file /opt/airflow/dags/Build_Summary.py for tasks to queue
[2022-01-19 12:07:31,294] {logging_mixin.py:109} INFO - [2022-01-19 12:07:31,294] {dagbag.py:500} INFO - Filling up the DagBag from /opt/airflow/dags/Build_Summary.py
[2022-01-19 12:07:31,375] {processor.py:632} INFO - DAG(s) dict_keys(['Build_Summary']) retrieved from /opt/airflow/dags/Build_Summary.py
[2022-01-19 12:07:31,407] {logging_mixin.py:109} INFO - [2022-01-19 12:07:31,406] {dag.py:2389} INFO - Sync 1 DAGs
[2022-01-19 12:07:31,450] {logging_mixin.py:109} INFO - [2022-01-19 12:07:31,450] {dag.py:2914} INFO - Setting next_dagrun for Build_Summary to 2021-12-10T00:00:00+00:00
[2022-01-19 12:07:31,476] {processor.py:171} INFO - Processing /opt/airflow/dags/Build_Summary.py took 0.197 seconds
[2022-01-19 12:08:01,989] {processor.py:163} INFO - Started process (PID=3415) to work on /opt/airflow/dags/Build_Summary.py
[2022-01-19 12:08:01,994] {processor.py:620} INFO - Processing file /opt/airflow/dags/Build_Summary.py for tasks to queue
[2022-01-19 12:08:01,997] {logging_mixin.py:109} INFO - [2022-01-19 12:08:01,996] {dagbag.py:500} INFO - Filling up the DagBag from /opt/airflow/dags/Build_Summary.py
[2022-01-19 12:08:02,094] {processor.py:632} INFO - DAG(s) dict_keys(['Build_Summary']) retrieved from /opt/airflow/dags/Build_Summary.py
[2022-01-19 12:08:02,168] {logging_mixin.py:109} INFO - [2022-01-19 12:08:02,167] {dag.py:2389} INFO - Sync 1 DAGs
[2022-01-19 12:08:02,248] {logging_mixin.py:109} INFO - [2022-01-19 12:08:02,248] {dag.py:2914} INFO - Setting next_dagrun for Build_Summary to 2021-12-10T00:00:00+00:00
[2022-01-19 12:08:02,275] {processor.py:171} INFO - Processing /opt/airflow/dags/Build_Summary.py took 0.296 seconds
[2022-01-19 12:08:32,362] {processor.py:163} INFO - Started process (PID=3533) to work on /opt/airflow/dags/Build_Summary.py
[2022-01-19 12:08:32,366] {processor.py:620} INFO - Processing file /opt/airflow/dags/Build_Summary.py for tasks to queue
[2022-01-19 12:08:32,369] {logging_mixin.py:109} INFO - [2022-01-19 12:08:32,369] {dagbag.py:500} INFO - Filling up the DagBag from /opt/airflow/dags/Build_Summary.py
[2022-01-19 12:08:32,435] {processor.py:632} INFO - DAG(s) dict_keys(['Build_Summary']) retrieved from /opt/airflow/dags/Build_Summary.py
[2022-01-19 12:08:32,467] {logging_mixin.py:109} INFO - [2022-01-19 12:08:32,467] {dag.py:2389} INFO - Sync 1 DAGs
[2022-01-19 12:08:32,514] {logging_mixin.py:109} INFO - [2022-01-19 12:08:32,513] {dag.py:2914} INFO - Setting next_dagrun for Build_Summary to 2021-12-10T00:00:00+00:00
[2022-01-19 12:08:32,538] {processor.py:171} INFO - Processing /opt/airflow/dags/Build_Summary.py took 0.182 seconds
[2022-01-19 12:10:00,530] {processor.py:163} INFO - Started process (PID=3851) to work on /opt/airflow/dags/Build_Summary.py
[2022-01-19 12:10:00,534] {processor.py:620} INFO - Processing file /opt/airflow/dags/Build_Summary.py for tasks to queue
[2022-01-19 12:10:00,539] {logging_mixin.py:109} INFO - [2022-01-19 12:10:00,538] {dagbag.py:500} INFO - Filling up the DagBag from /opt/airflow/dags/Build_Summary.py
[2022-01-19 12:10:00,582] {processor.py:634} WARNING - No viable dags retrieved from /opt/airflow/dags/Build_Summary.py
[2022-01-19 12:10:00,586] {processor.py:171} INFO - Processing /opt/airflow/dags/Build_Summary.py took 0.064 seconds
