[2022-01-19 11:42:31,921] {processor.py:163} INFO - Started process (PID=310) to work on /opt/airflow/dags/HelloWorld.py
[2022-01-19 11:42:31,926] {processor.py:620} INFO - Processing file /opt/airflow/dags/HelloWorld.py for tasks to queue
[2022-01-19 11:42:31,929] {logging_mixin.py:109} INFO - [2022-01-19 11:42:31,928] {dagbag.py:500} INFO - Filling up the DagBag from /opt/airflow/dags/HelloWorld.py
[2022-01-19 11:42:32,026] {processor.py:632} INFO - DAG(s) dict_keys(['my_first_dag']) retrieved from /opt/airflow/dags/HelloWorld.py
[2022-01-19 11:42:40,294] {logging_mixin.py:109} INFO - [2022-01-19 11:42:40,294] {providers_manager.py:156} WARNING - Exception when importing 'airflow.providers.google.leveldb.hooks.leveldb.LevelDBHook' from 'apache-airflow-providers-google' package: No module named 'plyvel'
[2022-01-19 11:42:42,283] {logging_mixin.py:109} INFO - [2022-01-19 11:42:42,282] {providers_manager.py:156} WARNING - Exception when importing 'airflow.providers.google.leveldb.hooks.leveldb.LevelDBHook' from 'apache-airflow-providers-google' package: No module named 'plyvel'
[2022-01-19 11:42:42,365] {logging_mixin.py:109} INFO - [2022-01-19 11:42:42,365] {manager.py:496} INFO - Created Permission View: can edit on DAG:my_first_dag
[2022-01-19 11:42:42,395] {logging_mixin.py:109} INFO - [2022-01-19 11:42:42,394] {manager.py:496} INFO - Created Permission View: can read on DAG:my_first_dag
[2022-01-19 11:42:42,398] {logging_mixin.py:109} INFO - [2022-01-19 11:42:42,396] {dag.py:2389} INFO - Sync 1 DAGs
[2022-01-19 11:42:42,430] {logging_mixin.py:109} INFO - [2022-01-19 11:42:42,429] {dag.py:2408} INFO - Creating ORM DAG for my_first_dag
[2022-01-19 11:42:42,469] {logging_mixin.py:109} INFO - [2022-01-19 11:42:42,469] {dag.py:2914} INFO - Setting next_dagrun for my_first_dag to 2022-01-18 02:00:00+00:00
[2022-01-19 11:42:42,511] {processor.py:171} INFO - Processing /opt/airflow/dags/HelloWorld.py took 10.597 seconds
[2022-01-19 11:45:35,110] {processor.py:163} INFO - Started process (PID=742) to work on /opt/airflow/dags/HelloWorld.py
[2022-01-19 11:45:35,115] {processor.py:620} INFO - Processing file /opt/airflow/dags/HelloWorld.py for tasks to queue
[2022-01-19 11:45:35,118] {logging_mixin.py:109} INFO - [2022-01-19 11:45:35,118] {dagbag.py:500} INFO - Filling up the DagBag from /opt/airflow/dags/HelloWorld.py
[2022-01-19 11:45:35,217] {processor.py:632} INFO - DAG(s) dict_keys(['my_first_dag']) retrieved from /opt/airflow/dags/HelloWorld.py
[2022-01-19 11:45:35,264] {logging_mixin.py:109} INFO - [2022-01-19 11:45:35,263] {dag.py:2389} INFO - Sync 1 DAGs
[2022-01-19 11:45:35,350] {logging_mixin.py:109} INFO - [2022-01-19 11:45:35,350] {dag.py:2914} INFO - Setting next_dagrun for my_first_dag to 2022-01-18 02:00:00+00:00
[2022-01-19 11:45:35,387] {processor.py:171} INFO - Processing /opt/airflow/dags/HelloWorld.py took 0.285 seconds
[2022-01-19 11:46:08,421] {processor.py:163} INFO - Started process (PID=882) to work on /opt/airflow/dags/HelloWorld.py
[2022-01-19 11:46:08,426] {processor.py:620} INFO - Processing file /opt/airflow/dags/HelloWorld.py for tasks to queue
[2022-01-19 11:46:08,438] {logging_mixin.py:109} INFO - [2022-01-19 11:46:08,438] {dagbag.py:500} INFO - Filling up the DagBag from /opt/airflow/dags/HelloWorld.py
[2022-01-19 11:46:08,546] {processor.py:632} INFO - DAG(s) dict_keys(['my_first_dag']) retrieved from /opt/airflow/dags/HelloWorld.py
[2022-01-19 11:46:08,593] {logging_mixin.py:109} INFO - [2022-01-19 11:46:08,591] {dag.py:2389} INFO - Sync 1 DAGs
[2022-01-19 11:46:08,705] {logging_mixin.py:109} INFO - [2022-01-19 11:46:08,705] {dag.py:2914} INFO - Setting next_dagrun for my_first_dag to 2022-01-18 02:00:00+00:00
[2022-01-19 11:46:08,799] {processor.py:171} INFO - Processing /opt/airflow/dags/HelloWorld.py took 0.387 seconds
[2022-01-19 11:46:41,097] {processor.py:163} INFO - Started process (PID=1010) to work on /opt/airflow/dags/HelloWorld.py
[2022-01-19 11:46:41,101] {processor.py:620} INFO - Processing file /opt/airflow/dags/HelloWorld.py for tasks to queue
[2022-01-19 11:46:41,104] {logging_mixin.py:109} INFO - [2022-01-19 11:46:41,103] {dagbag.py:500} INFO - Filling up the DagBag from /opt/airflow/dags/HelloWorld.py
[2022-01-19 11:46:41,186] {processor.py:632} INFO - DAG(s) dict_keys(['my_first_dag']) retrieved from /opt/airflow/dags/HelloWorld.py
[2022-01-19 11:46:41,220] {logging_mixin.py:109} INFO - [2022-01-19 11:46:41,220] {dag.py:2389} INFO - Sync 1 DAGs
[2022-01-19 11:46:41,297] {logging_mixin.py:109} INFO - [2022-01-19 11:46:41,296] {dag.py:2914} INFO - Setting next_dagrun for my_first_dag to 2022-01-18 02:00:00+00:00
[2022-01-19 11:46:41,327] {processor.py:171} INFO - Processing /opt/airflow/dags/HelloWorld.py took 0.238 seconds
[2022-01-19 11:47:14,278] {processor.py:163} INFO - Started process (PID=1155) to work on /opt/airflow/dags/HelloWorld.py
[2022-01-19 11:47:14,283] {processor.py:620} INFO - Processing file /opt/airflow/dags/HelloWorld.py for tasks to queue
[2022-01-19 11:47:14,287] {logging_mixin.py:109} INFO - [2022-01-19 11:47:14,286] {dagbag.py:500} INFO - Filling up the DagBag from /opt/airflow/dags/HelloWorld.py
[2022-01-19 11:47:14,383] {processor.py:632} INFO - DAG(s) dict_keys(['my_first_dag']) retrieved from /opt/airflow/dags/HelloWorld.py
[2022-01-19 11:47:14,446] {logging_mixin.py:109} INFO - [2022-01-19 11:47:14,445] {dag.py:2389} INFO - Sync 1 DAGs
[2022-01-19 11:47:14,513] {logging_mixin.py:109} INFO - [2022-01-19 11:47:14,513] {dag.py:2914} INFO - Setting next_dagrun for my_first_dag to 2022-01-18 02:00:00+00:00
[2022-01-19 11:47:14,564] {processor.py:171} INFO - Processing /opt/airflow/dags/HelloWorld.py took 0.293 seconds
[2022-01-19 11:47:47,364] {processor.py:163} INFO - Started process (PID=1292) to work on /opt/airflow/dags/HelloWorld.py
[2022-01-19 11:47:47,372] {processor.py:620} INFO - Processing file /opt/airflow/dags/HelloWorld.py for tasks to queue
[2022-01-19 11:47:47,376] {logging_mixin.py:109} INFO - [2022-01-19 11:47:47,376] {dagbag.py:500} INFO - Filling up the DagBag from /opt/airflow/dags/HelloWorld.py
[2022-01-19 11:47:47,479] {processor.py:632} INFO - DAG(s) dict_keys(['my_first_dag']) retrieved from /opt/airflow/dags/HelloWorld.py
[2022-01-19 11:47:47,538] {logging_mixin.py:109} INFO - [2022-01-19 11:47:47,537] {dag.py:2389} INFO - Sync 1 DAGs
[2022-01-19 11:47:47,646] {logging_mixin.py:109} INFO - [2022-01-19 11:47:47,646] {dag.py:2914} INFO - Setting next_dagrun for my_first_dag to 2022-01-18 02:00:00+00:00
[2022-01-19 11:47:47,695] {processor.py:171} INFO - Processing /opt/airflow/dags/HelloWorld.py took 0.338 seconds
[2022-01-19 11:48:20,458] {processor.py:163} INFO - Started process (PID=1423) to work on /opt/airflow/dags/HelloWorld.py
[2022-01-19 11:48:20,462] {processor.py:620} INFO - Processing file /opt/airflow/dags/HelloWorld.py for tasks to queue
[2022-01-19 11:48:20,464] {logging_mixin.py:109} INFO - [2022-01-19 11:48:20,464] {dagbag.py:500} INFO - Filling up the DagBag from /opt/airflow/dags/HelloWorld.py
[2022-01-19 11:48:20,540] {processor.py:632} INFO - DAG(s) dict_keys(['my_first_dag']) retrieved from /opt/airflow/dags/HelloWorld.py
[2022-01-19 11:48:20,573] {logging_mixin.py:109} INFO - [2022-01-19 11:48:20,573] {dag.py:2389} INFO - Sync 1 DAGs
[2022-01-19 11:48:20,635] {logging_mixin.py:109} INFO - [2022-01-19 11:48:20,635] {dag.py:2914} INFO - Setting next_dagrun for my_first_dag to 2022-01-18 02:00:00+00:00
[2022-01-19 11:48:20,663] {processor.py:171} INFO - Processing /opt/airflow/dags/HelloWorld.py took 0.212 seconds
[2022-01-19 11:48:53,542] {processor.py:163} INFO - Started process (PID=1566) to work on /opt/airflow/dags/HelloWorld.py
[2022-01-19 11:48:53,548] {processor.py:620} INFO - Processing file /opt/airflow/dags/HelloWorld.py for tasks to queue
[2022-01-19 11:48:53,551] {logging_mixin.py:109} INFO - [2022-01-19 11:48:53,551] {dagbag.py:500} INFO - Filling up the DagBag from /opt/airflow/dags/HelloWorld.py
[2022-01-19 11:48:53,642] {processor.py:632} INFO - DAG(s) dict_keys(['my_first_dag']) retrieved from /opt/airflow/dags/HelloWorld.py
[2022-01-19 11:48:53,684] {logging_mixin.py:109} INFO - [2022-01-19 11:48:53,684] {dag.py:2389} INFO - Sync 1 DAGs
[2022-01-19 11:48:53,755] {logging_mixin.py:109} INFO - [2022-01-19 11:48:53,755] {dag.py:2914} INFO - Setting next_dagrun for my_first_dag to 2022-01-18 02:00:00+00:00
[2022-01-19 11:48:53,783] {processor.py:171} INFO - Processing /opt/airflow/dags/HelloWorld.py took 0.250 seconds
[2022-01-19 11:49:27,083] {processor.py:163} INFO - Started process (PID=1704) to work on /opt/airflow/dags/HelloWorld.py
[2022-01-19 11:49:27,088] {processor.py:620} INFO - Processing file /opt/airflow/dags/HelloWorld.py for tasks to queue
[2022-01-19 11:49:27,093] {logging_mixin.py:109} INFO - [2022-01-19 11:49:27,092] {dagbag.py:500} INFO - Filling up the DagBag from /opt/airflow/dags/HelloWorld.py
[2022-01-19 11:49:27,186] {processor.py:632} INFO - DAG(s) dict_keys(['my_first_dag']) retrieved from /opt/airflow/dags/HelloWorld.py
[2022-01-19 11:49:27,237] {logging_mixin.py:109} INFO - [2022-01-19 11:49:27,237] {dag.py:2389} INFO - Sync 1 DAGs
[2022-01-19 11:49:27,337] {logging_mixin.py:109} INFO - [2022-01-19 11:49:27,336] {dag.py:2914} INFO - Setting next_dagrun for my_first_dag to 2022-01-18 02:00:00+00:00
[2022-01-19 11:49:27,370] {processor.py:171} INFO - Processing /opt/airflow/dags/HelloWorld.py took 0.294 seconds
[2022-01-19 11:50:00,101] {processor.py:163} INFO - Started process (PID=1838) to work on /opt/airflow/dags/HelloWorld.py
[2022-01-19 11:50:00,105] {processor.py:620} INFO - Processing file /opt/airflow/dags/HelloWorld.py for tasks to queue
[2022-01-19 11:50:00,108] {logging_mixin.py:109} INFO - [2022-01-19 11:50:00,108] {dagbag.py:500} INFO - Filling up the DagBag from /opt/airflow/dags/HelloWorld.py
[2022-01-19 11:50:00,186] {processor.py:632} INFO - DAG(s) dict_keys(['my_first_dag']) retrieved from /opt/airflow/dags/HelloWorld.py
[2022-01-19 11:50:00,222] {logging_mixin.py:109} INFO - [2022-01-19 11:50:00,221] {dag.py:2389} INFO - Sync 1 DAGs
[2022-01-19 11:50:00,287] {logging_mixin.py:109} INFO - [2022-01-19 11:50:00,286] {dag.py:2914} INFO - Setting next_dagrun for my_first_dag to 2022-01-18 02:00:00+00:00
[2022-01-19 11:50:00,316] {processor.py:171} INFO - Processing /opt/airflow/dags/HelloWorld.py took 0.222 seconds
[2022-01-19 11:50:33,271] {processor.py:163} INFO - Started process (PID=1987) to work on /opt/airflow/dags/HelloWorld.py
[2022-01-19 11:50:33,275] {processor.py:620} INFO - Processing file /opt/airflow/dags/HelloWorld.py for tasks to queue
[2022-01-19 11:50:33,278] {logging_mixin.py:109} INFO - [2022-01-19 11:50:33,277] {dagbag.py:500} INFO - Filling up the DagBag from /opt/airflow/dags/HelloWorld.py
[2022-01-19 11:50:33,368] {processor.py:632} INFO - DAG(s) dict_keys(['my_first_dag']) retrieved from /opt/airflow/dags/HelloWorld.py
[2022-01-19 11:50:33,429] {logging_mixin.py:109} INFO - [2022-01-19 11:50:33,429] {dag.py:2389} INFO - Sync 1 DAGs
[2022-01-19 11:50:33,512] {logging_mixin.py:109} INFO - [2022-01-19 11:50:33,511] {dag.py:2914} INFO - Setting next_dagrun for my_first_dag to 2022-01-18 02:00:00+00:00
[2022-01-19 11:50:33,540] {processor.py:171} INFO - Processing /opt/airflow/dags/HelloWorld.py took 0.277 seconds
[2022-01-19 11:54:32,642] {processor.py:163} INFO - Started process (PID=207) to work on /opt/airflow/dags/HelloWorld.py
[2022-01-19 11:54:32,647] {processor.py:620} INFO - Processing file /opt/airflow/dags/HelloWorld.py for tasks to queue
[2022-01-19 11:54:32,652] {logging_mixin.py:109} INFO - [2022-01-19 11:54:32,651] {dagbag.py:500} INFO - Filling up the DagBag from /opt/airflow/dags/HelloWorld.py
[2022-01-19 11:54:32,892] {processor.py:632} INFO - DAG(s) dict_keys(['my_first_dag']) retrieved from /opt/airflow/dags/HelloWorld.py
[2022-01-19 11:54:32,999] {logging_mixin.py:109} INFO - [2022-01-19 11:54:32,998] {dag.py:2389} INFO - Sync 1 DAGs
[2022-01-19 11:54:33,127] {logging_mixin.py:109} INFO - [2022-01-19 11:54:33,127] {dag.py:2914} INFO - Setting next_dagrun for my_first_dag to 2022-01-18 02:00:00+00:00
[2022-01-19 11:54:33,239] {processor.py:171} INFO - Processing /opt/airflow/dags/HelloWorld.py took 0.611 seconds
[2022-01-19 11:55:09,466] {processor.py:163} INFO - Started process (PID=351) to work on /opt/airflow/dags/HelloWorld.py
[2022-01-19 11:55:09,471] {processor.py:620} INFO - Processing file /opt/airflow/dags/HelloWorld.py for tasks to queue
[2022-01-19 11:55:09,475] {logging_mixin.py:109} INFO - [2022-01-19 11:55:09,475] {dagbag.py:500} INFO - Filling up the DagBag from /opt/airflow/dags/HelloWorld.py
[2022-01-19 11:55:09,564] {processor.py:632} INFO - DAG(s) dict_keys(['my_first_dag']) retrieved from /opt/airflow/dags/HelloWorld.py
[2022-01-19 11:55:09,608] {logging_mixin.py:109} INFO - [2022-01-19 11:55:09,608] {dag.py:2389} INFO - Sync 1 DAGs
[2022-01-19 11:55:09,687] {logging_mixin.py:109} INFO - [2022-01-19 11:55:09,687] {dag.py:2914} INFO - Setting next_dagrun for my_first_dag to 2022-01-18 02:00:00+00:00
[2022-01-19 11:55:09,722] {processor.py:171} INFO - Processing /opt/airflow/dags/HelloWorld.py took 0.263 seconds
[2022-01-19 11:55:43,159] {processor.py:163} INFO - Started process (PID=497) to work on /opt/airflow/dags/HelloWorld.py
[2022-01-19 11:55:43,164] {processor.py:620} INFO - Processing file /opt/airflow/dags/HelloWorld.py for tasks to queue
[2022-01-19 11:55:43,168] {logging_mixin.py:109} INFO - [2022-01-19 11:55:43,168] {dagbag.py:500} INFO - Filling up the DagBag from /opt/airflow/dags/HelloWorld.py
[2022-01-19 11:55:43,258] {processor.py:632} INFO - DAG(s) dict_keys(['my_first_dag']) retrieved from /opt/airflow/dags/HelloWorld.py
[2022-01-19 11:55:43,302] {logging_mixin.py:109} INFO - [2022-01-19 11:55:43,302] {dag.py:2389} INFO - Sync 1 DAGs
[2022-01-19 11:55:43,386] {logging_mixin.py:109} INFO - [2022-01-19 11:55:43,385] {dag.py:2914} INFO - Setting next_dagrun for my_first_dag to 2022-01-18 02:00:00+00:00
[2022-01-19 11:55:43,423] {processor.py:171} INFO - Processing /opt/airflow/dags/HelloWorld.py took 0.271 seconds
[2022-01-19 11:56:16,320] {processor.py:163} INFO - Started process (PID=624) to work on /opt/airflow/dags/HelloWorld.py
[2022-01-19 11:56:16,324] {processor.py:620} INFO - Processing file /opt/airflow/dags/HelloWorld.py for tasks to queue
[2022-01-19 11:56:16,327] {logging_mixin.py:109} INFO - [2022-01-19 11:56:16,327] {dagbag.py:500} INFO - Filling up the DagBag from /opt/airflow/dags/HelloWorld.py
[2022-01-19 11:56:16,393] {processor.py:632} INFO - DAG(s) dict_keys(['my_first_dag']) retrieved from /opt/airflow/dags/HelloWorld.py
[2022-01-19 11:56:16,422] {logging_mixin.py:109} INFO - [2022-01-19 11:56:16,422] {dag.py:2389} INFO - Sync 1 DAGs
[2022-01-19 11:56:16,478] {logging_mixin.py:109} INFO - [2022-01-19 11:56:16,478] {dag.py:2914} INFO - Setting next_dagrun for my_first_dag to 2022-01-18 02:00:00+00:00
[2022-01-19 11:56:16,504] {processor.py:171} INFO - Processing /opt/airflow/dags/HelloWorld.py took 0.190 seconds
[2022-01-19 11:56:49,144] {processor.py:163} INFO - Started process (PID=768) to work on /opt/airflow/dags/HelloWorld.py
[2022-01-19 11:56:49,148] {processor.py:620} INFO - Processing file /opt/airflow/dags/HelloWorld.py for tasks to queue
[2022-01-19 11:56:49,152] {logging_mixin.py:109} INFO - [2022-01-19 11:56:49,151] {dagbag.py:500} INFO - Filling up the DagBag from /opt/airflow/dags/HelloWorld.py
[2022-01-19 11:56:49,237] {processor.py:632} INFO - DAG(s) dict_keys(['my_first_dag']) retrieved from /opt/airflow/dags/HelloWorld.py
[2022-01-19 11:56:49,275] {logging_mixin.py:109} INFO - [2022-01-19 11:56:49,275] {dag.py:2389} INFO - Sync 1 DAGs
[2022-01-19 11:56:49,351] {logging_mixin.py:109} INFO - [2022-01-19 11:56:49,350] {dag.py:2914} INFO - Setting next_dagrun for my_first_dag to 2022-01-18 02:00:00+00:00
[2022-01-19 11:56:49,380] {processor.py:171} INFO - Processing /opt/airflow/dags/HelloWorld.py took 0.244 seconds
[2022-01-19 11:57:22,655] {processor.py:163} INFO - Started process (PID=913) to work on /opt/airflow/dags/HelloWorld.py
[2022-01-19 11:57:22,660] {processor.py:620} INFO - Processing file /opt/airflow/dags/HelloWorld.py for tasks to queue
[2022-01-19 11:57:22,664] {logging_mixin.py:109} INFO - [2022-01-19 11:57:22,663] {dagbag.py:500} INFO - Filling up the DagBag from /opt/airflow/dags/HelloWorld.py
[2022-01-19 11:57:22,750] {processor.py:632} INFO - DAG(s) dict_keys(['my_first_dag']) retrieved from /opt/airflow/dags/HelloWorld.py
[2022-01-19 11:57:22,790] {logging_mixin.py:109} INFO - [2022-01-19 11:57:22,790] {dag.py:2389} INFO - Sync 1 DAGs
[2022-01-19 11:57:22,872] {logging_mixin.py:109} INFO - [2022-01-19 11:57:22,871] {dag.py:2914} INFO - Setting next_dagrun for my_first_dag to 2022-01-18 02:00:00+00:00
[2022-01-19 11:57:22,908] {processor.py:171} INFO - Processing /opt/airflow/dags/HelloWorld.py took 0.261 seconds
[2022-01-19 11:57:55,380] {processor.py:163} INFO - Started process (PID=1039) to work on /opt/airflow/dags/HelloWorld.py
[2022-01-19 11:57:55,384] {processor.py:620} INFO - Processing file /opt/airflow/dags/HelloWorld.py for tasks to queue
[2022-01-19 11:57:55,387] {logging_mixin.py:109} INFO - [2022-01-19 11:57:55,387] {dagbag.py:500} INFO - Filling up the DagBag from /opt/airflow/dags/HelloWorld.py
[2022-01-19 11:57:55,455] {processor.py:632} INFO - DAG(s) dict_keys(['my_first_dag']) retrieved from /opt/airflow/dags/HelloWorld.py
[2022-01-19 11:57:55,489] {logging_mixin.py:109} INFO - [2022-01-19 11:57:55,488] {dag.py:2389} INFO - Sync 1 DAGs
[2022-01-19 11:57:55,566] {logging_mixin.py:109} INFO - [2022-01-19 11:57:55,566] {dag.py:2914} INFO - Setting next_dagrun for my_first_dag to 2022-01-18 02:00:00+00:00
[2022-01-19 11:57:55,592] {processor.py:171} INFO - Processing /opt/airflow/dags/HelloWorld.py took 0.219 seconds
[2022-01-19 11:58:22,663] {processor.py:163} INFO - Started process (PID=1199) to work on /opt/airflow/dags/HelloWorld.py
[2022-01-19 11:58:22,668] {processor.py:620} INFO - Processing file /opt/airflow/dags/HelloWorld.py for tasks to queue
[2022-01-19 11:58:22,672] {logging_mixin.py:109} INFO - [2022-01-19 11:58:22,671] {dagbag.py:500} INFO - Filling up the DagBag from /opt/airflow/dags/HelloWorld.py
[2022-01-19 11:58:22,759] {processor.py:632} INFO - DAG(s) dict_keys(['my_first_dag']) retrieved from /opt/airflow/dags/HelloWorld.py
[2022-01-19 11:58:22,797] {logging_mixin.py:109} INFO - [2022-01-19 11:58:22,796] {dag.py:2389} INFO - Sync 1 DAGs
[2022-01-19 11:58:22,863] {logging_mixin.py:109} INFO - [2022-01-19 11:58:22,862] {dag.py:2914} INFO - Setting next_dagrun for my_first_dag to 2022-01-18 02:00:00+00:00
[2022-01-19 11:58:22,894] {processor.py:171} INFO - Processing /opt/airflow/dags/HelloWorld.py took 0.238 seconds
[2022-01-19 12:04:24,248] {processor.py:163} INFO - Started process (PID=2508) to work on /opt/airflow/dags/HelloWorld.py
[2022-01-19 12:04:24,253] {processor.py:620} INFO - Processing file /opt/airflow/dags/HelloWorld.py for tasks to queue
[2022-01-19 12:04:24,260] {logging_mixin.py:109} INFO - [2022-01-19 12:04:24,259] {dagbag.py:500} INFO - Filling up the DagBag from /opt/airflow/dags/HelloWorld.py
[2022-01-19 12:04:24,338] {processor.py:632} INFO - DAG(s) dict_keys(['my_first_dag']) retrieved from /opt/airflow/dags/HelloWorld.py
[2022-01-19 12:04:25,572] {logging_mixin.py:109} INFO - [2022-01-19 12:04:25,572] {dag.py:2389} INFO - Sync 1 DAGs
[2022-01-19 12:04:25,646] {logging_mixin.py:109} INFO - [2022-01-19 12:04:25,645] {dag.py:2914} INFO - Setting next_dagrun for my_first_dag to 2022-01-18 02:00:00+00:00
[2022-01-19 12:04:25,688] {processor.py:171} INFO - Processing /opt/airflow/dags/HelloWorld.py took 1.463 seconds
[2022-01-19 12:04:57,274] {processor.py:163} INFO - Started process (PID=2633) to work on /opt/airflow/dags/HelloWorld.py
[2022-01-19 12:04:57,279] {processor.py:620} INFO - Processing file /opt/airflow/dags/HelloWorld.py for tasks to queue
[2022-01-19 12:04:57,291] {logging_mixin.py:109} INFO - [2022-01-19 12:04:57,290] {dagbag.py:500} INFO - Filling up the DagBag from /opt/airflow/dags/HelloWorld.py
[2022-01-19 12:04:57,354] {processor.py:632} INFO - DAG(s) dict_keys(['my_first_dag']) retrieved from /opt/airflow/dags/HelloWorld.py
[2022-01-19 12:04:57,389] {logging_mixin.py:109} INFO - [2022-01-19 12:04:57,389] {dag.py:2389} INFO - Sync 1 DAGs
[2022-01-19 12:04:57,455] {logging_mixin.py:109} INFO - [2022-01-19 12:04:57,455] {dag.py:2914} INFO - Setting next_dagrun for my_first_dag to 2022-01-18 02:00:00+00:00
[2022-01-19 12:04:57,486] {processor.py:171} INFO - Processing /opt/airflow/dags/HelloWorld.py took 0.228 seconds
[2022-01-19 12:05:28,053] {processor.py:163} INFO - Started process (PID=2754) to work on /opt/airflow/dags/HelloWorld.py
[2022-01-19 12:05:28,057] {processor.py:620} INFO - Processing file /opt/airflow/dags/HelloWorld.py for tasks to queue
[2022-01-19 12:05:28,069] {logging_mixin.py:109} INFO - [2022-01-19 12:05:28,067] {dagbag.py:500} INFO - Filling up the DagBag from /opt/airflow/dags/HelloWorld.py
[2022-01-19 12:05:28,126] {processor.py:632} INFO - DAG(s) dict_keys(['my_first_dag']) retrieved from /opt/airflow/dags/HelloWorld.py
[2022-01-19 12:05:28,194] {logging_mixin.py:109} INFO - [2022-01-19 12:05:28,194] {dag.py:2389} INFO - Sync 1 DAGs
[2022-01-19 12:05:28,317] {logging_mixin.py:109} INFO - [2022-01-19 12:05:28,316] {dag.py:2914} INFO - Setting next_dagrun for my_first_dag to 2022-01-18 02:00:00+00:00
[2022-01-19 12:05:28,373] {processor.py:171} INFO - Processing /opt/airflow/dags/HelloWorld.py took 0.332 seconds
[2022-01-19 12:05:58,445] {processor.py:163} INFO - Started process (PID=2884) to work on /opt/airflow/dags/HelloWorld.py
[2022-01-19 12:05:58,450] {processor.py:620} INFO - Processing file /opt/airflow/dags/HelloWorld.py for tasks to queue
[2022-01-19 12:05:58,454] {logging_mixin.py:109} INFO - [2022-01-19 12:05:58,453] {dagbag.py:500} INFO - Filling up the DagBag from /opt/airflow/dags/HelloWorld.py
[2022-01-19 12:05:58,529] {processor.py:632} INFO - DAG(s) dict_keys(['my_first_dag']) retrieved from /opt/airflow/dags/HelloWorld.py
[2022-01-19 12:05:58,567] {logging_mixin.py:109} INFO - [2022-01-19 12:05:58,566] {dag.py:2389} INFO - Sync 1 DAGs
[2022-01-19 12:05:58,629] {logging_mixin.py:109} INFO - [2022-01-19 12:05:58,629] {dag.py:2914} INFO - Setting next_dagrun for my_first_dag to 2022-01-18 02:00:00+00:00
[2022-01-19 12:05:58,658] {processor.py:171} INFO - Processing /opt/airflow/dags/HelloWorld.py took 0.221 seconds
[2022-01-19 12:06:29,078] {processor.py:163} INFO - Started process (PID=3012) to work on /opt/airflow/dags/HelloWorld.py
[2022-01-19 12:06:29,083] {processor.py:620} INFO - Processing file /opt/airflow/dags/HelloWorld.py for tasks to queue
[2022-01-19 12:06:29,086] {logging_mixin.py:109} INFO - [2022-01-19 12:06:29,085] {dagbag.py:500} INFO - Filling up the DagBag from /opt/airflow/dags/HelloWorld.py
[2022-01-19 12:06:29,156] {processor.py:632} INFO - DAG(s) dict_keys(['my_first_dag']) retrieved from /opt/airflow/dags/HelloWorld.py
[2022-01-19 12:06:29,192] {logging_mixin.py:109} INFO - [2022-01-19 12:06:29,192] {dag.py:2389} INFO - Sync 1 DAGs
[2022-01-19 12:06:29,263] {logging_mixin.py:109} INFO - [2022-01-19 12:06:29,262] {dag.py:2914} INFO - Setting next_dagrun for my_first_dag to 2022-01-18 02:00:00+00:00
[2022-01-19 12:06:29,310] {processor.py:171} INFO - Processing /opt/airflow/dags/HelloWorld.py took 0.239 seconds
[2022-01-19 12:06:59,400] {processor.py:163} INFO - Started process (PID=3150) to work on /opt/airflow/dags/HelloWorld.py
[2022-01-19 12:06:59,405] {processor.py:620} INFO - Processing file /opt/airflow/dags/HelloWorld.py for tasks to queue
[2022-01-19 12:06:59,408] {logging_mixin.py:109} INFO - [2022-01-19 12:06:59,407] {dagbag.py:500} INFO - Filling up the DagBag from /opt/airflow/dags/HelloWorld.py
[2022-01-19 12:06:59,476] {processor.py:632} INFO - DAG(s) dict_keys(['my_first_dag']) retrieved from /opt/airflow/dags/HelloWorld.py
[2022-01-19 12:06:59,515] {logging_mixin.py:109} INFO - [2022-01-19 12:06:59,514] {dag.py:2389} INFO - Sync 1 DAGs
[2022-01-19 12:06:59,576] {logging_mixin.py:109} INFO - [2022-01-19 12:06:59,575] {dag.py:2914} INFO - Setting next_dagrun for my_first_dag to 2022-01-18 02:00:00+00:00
[2022-01-19 12:06:59,604] {processor.py:171} INFO - Processing /opt/airflow/dags/HelloWorld.py took 0.212 seconds
[2022-01-19 12:07:30,124] {processor.py:163} INFO - Started process (PID=3271) to work on /opt/airflow/dags/HelloWorld.py
[2022-01-19 12:07:30,129] {processor.py:620} INFO - Processing file /opt/airflow/dags/HelloWorld.py for tasks to queue
[2022-01-19 12:07:30,132] {logging_mixin.py:109} INFO - [2022-01-19 12:07:30,132] {dagbag.py:500} INFO - Filling up the DagBag from /opt/airflow/dags/HelloWorld.py
[2022-01-19 12:07:30,199] {processor.py:632} INFO - DAG(s) dict_keys(['my_first_dag']) retrieved from /opt/airflow/dags/HelloWorld.py
[2022-01-19 12:07:30,238] {logging_mixin.py:109} INFO - [2022-01-19 12:07:30,238] {dag.py:2389} INFO - Sync 1 DAGs
[2022-01-19 12:07:30,298] {logging_mixin.py:109} INFO - [2022-01-19 12:07:30,298] {dag.py:2914} INFO - Setting next_dagrun for my_first_dag to 2022-01-18 02:00:00+00:00
[2022-01-19 12:07:30,327] {processor.py:171} INFO - Processing /opt/airflow/dags/HelloWorld.py took 0.212 seconds
[2022-01-19 12:08:00,751] {processor.py:163} INFO - Started process (PID=3409) to work on /opt/airflow/dags/HelloWorld.py
[2022-01-19 12:08:00,758] {processor.py:620} INFO - Processing file /opt/airflow/dags/HelloWorld.py for tasks to queue
[2022-01-19 12:08:00,761] {logging_mixin.py:109} INFO - [2022-01-19 12:08:00,761] {dagbag.py:500} INFO - Filling up the DagBag from /opt/airflow/dags/HelloWorld.py
[2022-01-19 12:08:00,831] {processor.py:632} INFO - DAG(s) dict_keys(['my_first_dag']) retrieved from /opt/airflow/dags/HelloWorld.py
[2022-01-19 12:08:00,866] {logging_mixin.py:109} INFO - [2022-01-19 12:08:00,865] {dag.py:2389} INFO - Sync 1 DAGs
[2022-01-19 12:08:00,930] {logging_mixin.py:109} INFO - [2022-01-19 12:08:00,929] {dag.py:2914} INFO - Setting next_dagrun for my_first_dag to 2022-01-18 02:00:00+00:00
[2022-01-19 12:08:00,959] {processor.py:171} INFO - Processing /opt/airflow/dags/HelloWorld.py took 0.217 seconds
[2022-01-19 12:08:31,193] {processor.py:163} INFO - Started process (PID=3529) to work on /opt/airflow/dags/HelloWorld.py
[2022-01-19 12:08:31,197] {processor.py:620} INFO - Processing file /opt/airflow/dags/HelloWorld.py for tasks to queue
[2022-01-19 12:08:31,200] {logging_mixin.py:109} INFO - [2022-01-19 12:08:31,200] {dagbag.py:500} INFO - Filling up the DagBag from /opt/airflow/dags/HelloWorld.py
[2022-01-19 12:08:31,262] {processor.py:632} INFO - DAG(s) dict_keys(['my_first_dag']) retrieved from /opt/airflow/dags/HelloWorld.py
[2022-01-19 12:08:31,295] {logging_mixin.py:109} INFO - [2022-01-19 12:08:31,295] {dag.py:2389} INFO - Sync 1 DAGs
[2022-01-19 12:08:31,360] {logging_mixin.py:109} INFO - [2022-01-19 12:08:31,359] {dag.py:2914} INFO - Setting next_dagrun for my_first_dag to 2022-01-18 02:00:00+00:00
[2022-01-19 12:08:31,390] {processor.py:171} INFO - Processing /opt/airflow/dags/HelloWorld.py took 0.205 seconds
[2022-01-19 12:10:00,390] {processor.py:163} INFO - Started process (PID=3845) to work on /opt/airflow/dags/HelloWorld.py
[2022-01-19 12:10:00,403] {processor.py:620} INFO - Processing file /opt/airflow/dags/HelloWorld.py for tasks to queue
[2022-01-19 12:10:00,406] {logging_mixin.py:109} INFO - [2022-01-19 12:10:00,406] {dagbag.py:500} INFO - Filling up the DagBag from /opt/airflow/dags/HelloWorld.py
[2022-01-19 12:10:00,448] {processor.py:634} WARNING - No viable dags retrieved from /opt/airflow/dags/HelloWorld.py
[2022-01-19 12:10:00,451] {processor.py:171} INFO - Processing /opt/airflow/dags/HelloWorld.py took 0.070 seconds
