[2022-01-19 11:42:06,471] {processor.py:163} INFO - Started process (PID=256) to work on /opt/airflow/dags/NameGenderCSVtoRedshift_v2.py
[2022-01-19 11:42:06,479] {processor.py:620} INFO - Processing file /opt/airflow/dags/NameGenderCSVtoRedshift_v2.py for tasks to queue
[2022-01-19 11:42:06,489] {logging_mixin.py:109} INFO - [2022-01-19 11:42:06,489] {dagbag.py:500} INFO - Filling up the DagBag from /opt/airflow/dags/NameGenderCSVtoRedshift_v2.py
[2022-01-19 11:42:06,816] {processor.py:632} INFO - DAG(s) dict_keys(['second_assignment_v2']) retrieved from /opt/airflow/dags/NameGenderCSVtoRedshift_v2.py
[2022-01-19 11:42:19,571] {logging_mixin.py:109} INFO - [2022-01-19 11:42:19,571] {providers_manager.py:156} WARNING - Exception when importing 'airflow.providers.google.leveldb.hooks.leveldb.LevelDBHook' from 'apache-airflow-providers-google' package: No module named 'plyvel'
[2022-01-19 11:42:21,527] {logging_mixin.py:109} INFO - [2022-01-19 11:42:21,526] {providers_manager.py:156} WARNING - Exception when importing 'airflow.providers.google.leveldb.hooks.leveldb.LevelDBHook' from 'apache-airflow-providers-google' package: No module named 'plyvel'
[2022-01-19 11:42:21,613] {logging_mixin.py:109} INFO - [2022-01-19 11:42:21,612] {manager.py:496} INFO - Created Permission View: can edit on DAG:second_assignment_v2
[2022-01-19 11:42:21,643] {logging_mixin.py:109} INFO - [2022-01-19 11:42:21,643] {manager.py:496} INFO - Created Permission View: can read on DAG:second_assignment_v2
[2022-01-19 11:42:21,649] {logging_mixin.py:109} INFO - [2022-01-19 11:42:21,646] {dag.py:2389} INFO - Sync 1 DAGs
[2022-01-19 11:42:21,715] {logging_mixin.py:109} INFO - [2022-01-19 11:42:21,714] {dag.py:2408} INFO - Creating ORM DAG for second_assignment_v2
[2022-01-19 11:42:21,797] {logging_mixin.py:109} INFO - [2022-01-19 11:42:21,796] {dag.py:2914} INFO - Setting next_dagrun for second_assignment_v2 to 2022-01-18 02:00:00+00:00
[2022-01-19 11:42:21,905] {processor.py:171} INFO - Processing /opt/airflow/dags/NameGenderCSVtoRedshift_v2.py took 15.464 seconds
[2022-01-19 11:45:31,746] {processor.py:163} INFO - Started process (PID=723) to work on /opt/airflow/dags/NameGenderCSVtoRedshift_v2.py
[2022-01-19 11:45:31,763] {processor.py:620} INFO - Processing file /opt/airflow/dags/NameGenderCSVtoRedshift_v2.py for tasks to queue
[2022-01-19 11:45:31,765] {logging_mixin.py:109} INFO - [2022-01-19 11:45:31,765] {dagbag.py:500} INFO - Filling up the DagBag from /opt/airflow/dags/NameGenderCSVtoRedshift_v2.py
[2022-01-19 11:45:31,861] {processor.py:632} INFO - DAG(s) dict_keys(['second_assignment_v2']) retrieved from /opt/airflow/dags/NameGenderCSVtoRedshift_v2.py
[2022-01-19 11:45:31,907] {logging_mixin.py:109} INFO - [2022-01-19 11:45:31,906] {dag.py:2389} INFO - Sync 1 DAGs
[2022-01-19 11:45:31,980] {logging_mixin.py:109} INFO - [2022-01-19 11:45:31,979] {dag.py:2914} INFO - Setting next_dagrun for second_assignment_v2 to 2022-01-18 02:00:00+00:00
[2022-01-19 11:45:32,008] {processor.py:171} INFO - Processing /opt/airflow/dags/NameGenderCSVtoRedshift_v2.py took 0.268 seconds
[2022-01-19 11:46:02,148] {processor.py:163} INFO - Started process (PID=846) to work on /opt/airflow/dags/NameGenderCSVtoRedshift_v2.py
[2022-01-19 11:46:02,152] {processor.py:620} INFO - Processing file /opt/airflow/dags/NameGenderCSVtoRedshift_v2.py for tasks to queue
[2022-01-19 11:46:02,155] {logging_mixin.py:109} INFO - [2022-01-19 11:46:02,155] {dagbag.py:500} INFO - Filling up the DagBag from /opt/airflow/dags/NameGenderCSVtoRedshift_v2.py
[2022-01-19 11:46:02,228] {processor.py:632} INFO - DAG(s) dict_keys(['second_assignment_v2']) retrieved from /opt/airflow/dags/NameGenderCSVtoRedshift_v2.py
[2022-01-19 11:46:02,262] {logging_mixin.py:109} INFO - [2022-01-19 11:46:02,261] {dag.py:2389} INFO - Sync 1 DAGs
[2022-01-19 11:46:02,325] {logging_mixin.py:109} INFO - [2022-01-19 11:46:02,324] {dag.py:2914} INFO - Setting next_dagrun for second_assignment_v2 to 2022-01-18 02:00:00+00:00
[2022-01-19 11:46:02,353] {processor.py:171} INFO - Processing /opt/airflow/dags/NameGenderCSVtoRedshift_v2.py took 0.211 seconds
[2022-01-19 11:46:33,023] {processor.py:163} INFO - Started process (PID=992) to work on /opt/airflow/dags/NameGenderCSVtoRedshift_v2.py
[2022-01-19 11:46:33,027] {processor.py:620} INFO - Processing file /opt/airflow/dags/NameGenderCSVtoRedshift_v2.py for tasks to queue
[2022-01-19 11:46:33,032] {logging_mixin.py:109} INFO - [2022-01-19 11:46:33,031] {dagbag.py:500} INFO - Filling up the DagBag from /opt/airflow/dags/NameGenderCSVtoRedshift_v2.py
[2022-01-19 11:46:33,114] {processor.py:632} INFO - DAG(s) dict_keys(['second_assignment_v2']) retrieved from /opt/airflow/dags/NameGenderCSVtoRedshift_v2.py
[2022-01-19 11:46:33,156] {logging_mixin.py:109} INFO - [2022-01-19 11:46:33,150] {dag.py:2389} INFO - Sync 1 DAGs
[2022-01-19 11:46:33,225] {logging_mixin.py:109} INFO - [2022-01-19 11:46:33,225] {dag.py:2914} INFO - Setting next_dagrun for second_assignment_v2 to 2022-01-18 02:00:00+00:00
[2022-01-19 11:46:33,252] {processor.py:171} INFO - Processing /opt/airflow/dags/NameGenderCSVtoRedshift_v2.py took 0.237 seconds
[2022-01-19 11:47:03,782] {processor.py:163} INFO - Started process (PID=1118) to work on /opt/airflow/dags/NameGenderCSVtoRedshift_v2.py
[2022-01-19 11:47:03,786] {processor.py:620} INFO - Processing file /opt/airflow/dags/NameGenderCSVtoRedshift_v2.py for tasks to queue
[2022-01-19 11:47:03,789] {logging_mixin.py:109} INFO - [2022-01-19 11:47:03,789] {dagbag.py:500} INFO - Filling up the DagBag from /opt/airflow/dags/NameGenderCSVtoRedshift_v2.py
[2022-01-19 11:47:03,873] {processor.py:632} INFO - DAG(s) dict_keys(['second_assignment_v2']) retrieved from /opt/airflow/dags/NameGenderCSVtoRedshift_v2.py
[2022-01-19 11:47:03,905] {logging_mixin.py:109} INFO - [2022-01-19 11:47:03,905] {dag.py:2389} INFO - Sync 1 DAGs
[2022-01-19 11:47:03,963] {logging_mixin.py:109} INFO - [2022-01-19 11:47:03,963] {dag.py:2914} INFO - Setting next_dagrun for second_assignment_v2 to 2022-01-18 02:00:00+00:00
[2022-01-19 11:47:03,986] {processor.py:171} INFO - Processing /opt/airflow/dags/NameGenderCSVtoRedshift_v2.py took 0.211 seconds
[2022-01-19 11:47:35,335] {processor.py:163} INFO - Started process (PID=1262) to work on /opt/airflow/dags/NameGenderCSVtoRedshift_v2.py
[2022-01-19 11:47:35,339] {processor.py:620} INFO - Processing file /opt/airflow/dags/NameGenderCSVtoRedshift_v2.py for tasks to queue
[2022-01-19 11:47:35,345] {logging_mixin.py:109} INFO - [2022-01-19 11:47:35,345] {dagbag.py:500} INFO - Filling up the DagBag from /opt/airflow/dags/NameGenderCSVtoRedshift_v2.py
[2022-01-19 11:47:35,431] {processor.py:632} INFO - DAG(s) dict_keys(['second_assignment_v2']) retrieved from /opt/airflow/dags/NameGenderCSVtoRedshift_v2.py
[2022-01-19 11:47:35,468] {logging_mixin.py:109} INFO - [2022-01-19 11:47:35,467] {dag.py:2389} INFO - Sync 1 DAGs
[2022-01-19 11:47:35,545] {logging_mixin.py:109} INFO - [2022-01-19 11:47:35,544] {dag.py:2914} INFO - Setting next_dagrun for second_assignment_v2 to 2022-01-18 02:00:00+00:00
[2022-01-19 11:47:35,575] {processor.py:171} INFO - Processing /opt/airflow/dags/NameGenderCSVtoRedshift_v2.py took 0.247 seconds
[2022-01-19 11:48:06,911] {processor.py:163} INFO - Started process (PID=1399) to work on /opt/airflow/dags/NameGenderCSVtoRedshift_v2.py
[2022-01-19 11:48:06,916] {processor.py:620} INFO - Processing file /opt/airflow/dags/NameGenderCSVtoRedshift_v2.py for tasks to queue
[2022-01-19 11:48:06,921] {logging_mixin.py:109} INFO - [2022-01-19 11:48:06,920] {dagbag.py:500} INFO - Filling up the DagBag from /opt/airflow/dags/NameGenderCSVtoRedshift_v2.py
[2022-01-19 11:48:07,006] {processor.py:632} INFO - DAG(s) dict_keys(['second_assignment_v2']) retrieved from /opt/airflow/dags/NameGenderCSVtoRedshift_v2.py
[2022-01-19 11:48:07,043] {logging_mixin.py:109} INFO - [2022-01-19 11:48:07,042] {dag.py:2389} INFO - Sync 1 DAGs
[2022-01-19 11:48:07,113] {logging_mixin.py:109} INFO - [2022-01-19 11:48:07,112] {dag.py:2914} INFO - Setting next_dagrun for second_assignment_v2 to 2022-01-18 02:00:00+00:00
[2022-01-19 11:48:07,141] {processor.py:171} INFO - Processing /opt/airflow/dags/NameGenderCSVtoRedshift_v2.py took 0.238 seconds
[2022-01-19 11:48:38,150] {processor.py:163} INFO - Started process (PID=1528) to work on /opt/airflow/dags/NameGenderCSVtoRedshift_v2.py
[2022-01-19 11:48:38,155] {processor.py:620} INFO - Processing file /opt/airflow/dags/NameGenderCSVtoRedshift_v2.py for tasks to queue
[2022-01-19 11:48:38,158] {logging_mixin.py:109} INFO - [2022-01-19 11:48:38,157] {dagbag.py:500} INFO - Filling up the DagBag from /opt/airflow/dags/NameGenderCSVtoRedshift_v2.py
[2022-01-19 11:48:38,237] {processor.py:632} INFO - DAG(s) dict_keys(['second_assignment_v2']) retrieved from /opt/airflow/dags/NameGenderCSVtoRedshift_v2.py
[2022-01-19 11:48:38,274] {logging_mixin.py:109} INFO - [2022-01-19 11:48:38,273] {dag.py:2389} INFO - Sync 1 DAGs
[2022-01-19 11:48:38,381] {logging_mixin.py:109} INFO - [2022-01-19 11:48:38,371] {dag.py:2914} INFO - Setting next_dagrun for second_assignment_v2 to 2022-01-18 02:00:00+00:00
[2022-01-19 11:48:38,420] {processor.py:171} INFO - Processing /opt/airflow/dags/NameGenderCSVtoRedshift_v2.py took 0.276 seconds
[2022-01-19 11:49:08,665] {processor.py:163} INFO - Started process (PID=1668) to work on /opt/airflow/dags/NameGenderCSVtoRedshift_v2.py
[2022-01-19 11:49:08,670] {processor.py:620} INFO - Processing file /opt/airflow/dags/NameGenderCSVtoRedshift_v2.py for tasks to queue
[2022-01-19 11:49:08,674] {logging_mixin.py:109} INFO - [2022-01-19 11:49:08,673] {dagbag.py:500} INFO - Filling up the DagBag from /opt/airflow/dags/NameGenderCSVtoRedshift_v2.py
[2022-01-19 11:49:08,757] {processor.py:632} INFO - DAG(s) dict_keys(['second_assignment_v2']) retrieved from /opt/airflow/dags/NameGenderCSVtoRedshift_v2.py
[2022-01-19 11:49:08,794] {logging_mixin.py:109} INFO - [2022-01-19 11:49:08,793] {dag.py:2389} INFO - Sync 1 DAGs
[2022-01-19 11:49:08,866] {logging_mixin.py:109} INFO - [2022-01-19 11:49:08,865] {dag.py:2914} INFO - Setting next_dagrun for second_assignment_v2 to 2022-01-18 02:00:00+00:00
[2022-01-19 11:49:08,896] {processor.py:171} INFO - Processing /opt/airflow/dags/NameGenderCSVtoRedshift_v2.py took 0.239 seconds
[2022-01-19 11:49:39,765] {processor.py:163} INFO - Started process (PID=1796) to work on /opt/airflow/dags/NameGenderCSVtoRedshift_v2.py
[2022-01-19 11:49:39,768] {processor.py:620} INFO - Processing file /opt/airflow/dags/NameGenderCSVtoRedshift_v2.py for tasks to queue
[2022-01-19 11:49:39,771] {logging_mixin.py:109} INFO - [2022-01-19 11:49:39,771] {dagbag.py:500} INFO - Filling up the DagBag from /opt/airflow/dags/NameGenderCSVtoRedshift_v2.py
[2022-01-19 11:49:39,848] {processor.py:632} INFO - DAG(s) dict_keys(['second_assignment_v2']) retrieved from /opt/airflow/dags/NameGenderCSVtoRedshift_v2.py
[2022-01-19 11:49:39,882] {logging_mixin.py:109} INFO - [2022-01-19 11:49:39,881] {dag.py:2389} INFO - Sync 1 DAGs
[2022-01-19 11:49:39,945] {logging_mixin.py:109} INFO - [2022-01-19 11:49:39,944] {dag.py:2914} INFO - Setting next_dagrun for second_assignment_v2 to 2022-01-18 02:00:00+00:00
[2022-01-19 11:49:39,971] {processor.py:171} INFO - Processing /opt/airflow/dags/NameGenderCSVtoRedshift_v2.py took 0.215 seconds
[2022-01-19 11:50:10,511] {processor.py:163} INFO - Started process (PID=1941) to work on /opt/airflow/dags/NameGenderCSVtoRedshift_v2.py
[2022-01-19 11:50:10,515] {processor.py:620} INFO - Processing file /opt/airflow/dags/NameGenderCSVtoRedshift_v2.py for tasks to queue
[2022-01-19 11:50:10,519] {logging_mixin.py:109} INFO - [2022-01-19 11:50:10,519] {dagbag.py:500} INFO - Filling up the DagBag from /opt/airflow/dags/NameGenderCSVtoRedshift_v2.py
[2022-01-19 11:50:10,612] {processor.py:632} INFO - DAG(s) dict_keys(['second_assignment_v2']) retrieved from /opt/airflow/dags/NameGenderCSVtoRedshift_v2.py
[2022-01-19 11:50:10,648] {logging_mixin.py:109} INFO - [2022-01-19 11:50:10,648] {dag.py:2389} INFO - Sync 1 DAGs
[2022-01-19 11:50:10,780] {logging_mixin.py:109} INFO - [2022-01-19 11:50:10,777] {dag.py:2914} INFO - Setting next_dagrun for second_assignment_v2 to 2022-01-18 02:00:00+00:00
[2022-01-19 11:50:10,843] {processor.py:171} INFO - Processing /opt/airflow/dags/NameGenderCSVtoRedshift_v2.py took 0.341 seconds
[2022-01-19 11:50:41,830] {processor.py:163} INFO - Started process (PID=2057) to work on /opt/airflow/dags/NameGenderCSVtoRedshift_v2.py
[2022-01-19 11:50:41,838] {processor.py:620} INFO - Processing file /opt/airflow/dags/NameGenderCSVtoRedshift_v2.py for tasks to queue
[2022-01-19 11:50:41,842] {logging_mixin.py:109} INFO - [2022-01-19 11:50:41,842] {dagbag.py:500} INFO - Filling up the DagBag from /opt/airflow/dags/NameGenderCSVtoRedshift_v2.py
[2022-01-19 11:50:41,953] {processor.py:632} INFO - DAG(s) dict_keys(['second_assignment_v2']) retrieved from /opt/airflow/dags/NameGenderCSVtoRedshift_v2.py
[2022-01-19 11:50:42,008] {logging_mixin.py:109} INFO - [2022-01-19 11:50:42,007] {dag.py:2389} INFO - Sync 1 DAGs
[2022-01-19 11:50:42,091] {logging_mixin.py:109} INFO - [2022-01-19 11:50:42,090] {dag.py:2914} INFO - Setting next_dagrun for second_assignment_v2 to 2022-01-18 02:00:00+00:00
[2022-01-19 11:50:42,122] {processor.py:171} INFO - Processing /opt/airflow/dags/NameGenderCSVtoRedshift_v2.py took 0.301 seconds
[2022-01-19 11:54:21,571] {processor.py:163} INFO - Started process (PID=183) to work on /opt/airflow/dags/NameGenderCSVtoRedshift_v2.py
[2022-01-19 11:54:21,614] {processor.py:620} INFO - Processing file /opt/airflow/dags/NameGenderCSVtoRedshift_v2.py for tasks to queue
[2022-01-19 11:54:21,618] {logging_mixin.py:109} INFO - [2022-01-19 11:54:21,618] {dagbag.py:500} INFO - Filling up the DagBag from /opt/airflow/dags/NameGenderCSVtoRedshift_v2.py
[2022-01-19 11:54:21,966] {processor.py:632} INFO - DAG(s) dict_keys(['second_assignment_v2']) retrieved from /opt/airflow/dags/NameGenderCSVtoRedshift_v2.py
[2022-01-19 11:54:22,086] {logging_mixin.py:109} INFO - [2022-01-19 11:54:22,085] {dag.py:2389} INFO - Sync 1 DAGs
[2022-01-19 11:54:22,317] {logging_mixin.py:109} INFO - [2022-01-19 11:54:22,303] {dag.py:2914} INFO - Setting next_dagrun for second_assignment_v2 to 2022-01-18 02:00:00+00:00
[2022-01-19 11:54:22,395] {processor.py:171} INFO - Processing /opt/airflow/dags/NameGenderCSVtoRedshift_v2.py took 0.853 seconds
[2022-01-19 11:55:03,625] {processor.py:163} INFO - Started process (PID=333) to work on /opt/airflow/dags/NameGenderCSVtoRedshift_v2.py
[2022-01-19 11:55:03,639] {processor.py:620} INFO - Processing file /opt/airflow/dags/NameGenderCSVtoRedshift_v2.py for tasks to queue
[2022-01-19 11:55:03,642] {logging_mixin.py:109} INFO - [2022-01-19 11:55:03,642] {dagbag.py:500} INFO - Filling up the DagBag from /opt/airflow/dags/NameGenderCSVtoRedshift_v2.py
[2022-01-19 11:55:03,804] {processor.py:632} INFO - DAG(s) dict_keys(['second_assignment_v2']) retrieved from /opt/airflow/dags/NameGenderCSVtoRedshift_v2.py
[2022-01-19 11:55:03,876] {logging_mixin.py:109} INFO - [2022-01-19 11:55:03,875] {dag.py:2389} INFO - Sync 1 DAGs
[2022-01-19 11:55:04,014] {logging_mixin.py:109} INFO - [2022-01-19 11:55:04,009] {dag.py:2914} INFO - Setting next_dagrun for second_assignment_v2 to 2022-01-18 02:00:00+00:00
[2022-01-19 11:55:04,069] {processor.py:171} INFO - Processing /opt/airflow/dags/NameGenderCSVtoRedshift_v2.py took 0.451 seconds
[2022-01-19 11:55:34,570] {processor.py:163} INFO - Started process (PID=459) to work on /opt/airflow/dags/NameGenderCSVtoRedshift_v2.py
[2022-01-19 11:55:34,576] {processor.py:620} INFO - Processing file /opt/airflow/dags/NameGenderCSVtoRedshift_v2.py for tasks to queue
[2022-01-19 11:55:34,580] {logging_mixin.py:109} INFO - [2022-01-19 11:55:34,579] {dagbag.py:500} INFO - Filling up the DagBag from /opt/airflow/dags/NameGenderCSVtoRedshift_v2.py
[2022-01-19 11:55:34,723] {processor.py:632} INFO - DAG(s) dict_keys(['second_assignment_v2']) retrieved from /opt/airflow/dags/NameGenderCSVtoRedshift_v2.py
[2022-01-19 11:55:34,755] {logging_mixin.py:109} INFO - [2022-01-19 11:55:34,755] {dag.py:2389} INFO - Sync 1 DAGs
[2022-01-19 11:55:34,814] {logging_mixin.py:109} INFO - [2022-01-19 11:55:34,814] {dag.py:2914} INFO - Setting next_dagrun for second_assignment_v2 to 2022-01-18 02:00:00+00:00
[2022-01-19 11:55:34,839] {processor.py:171} INFO - Processing /opt/airflow/dags/NameGenderCSVtoRedshift_v2.py took 0.281 seconds
[2022-01-19 11:56:05,286] {processor.py:163} INFO - Started process (PID=600) to work on /opt/airflow/dags/NameGenderCSVtoRedshift_v2.py
[2022-01-19 11:56:05,302] {processor.py:620} INFO - Processing file /opt/airflow/dags/NameGenderCSVtoRedshift_v2.py for tasks to queue
[2022-01-19 11:56:05,320] {logging_mixin.py:109} INFO - [2022-01-19 11:56:05,319] {dagbag.py:500} INFO - Filling up the DagBag from /opt/airflow/dags/NameGenderCSVtoRedshift_v2.py
[2022-01-19 11:56:05,423] {processor.py:632} INFO - DAG(s) dict_keys(['second_assignment_v2']) retrieved from /opt/airflow/dags/NameGenderCSVtoRedshift_v2.py
[2022-01-19 11:56:05,462] {logging_mixin.py:109} INFO - [2022-01-19 11:56:05,462] {dag.py:2389} INFO - Sync 1 DAGs
[2022-01-19 11:56:05,571] {logging_mixin.py:109} INFO - [2022-01-19 11:56:05,570] {dag.py:2914} INFO - Setting next_dagrun for second_assignment_v2 to 2022-01-18 02:00:00+00:00
[2022-01-19 11:56:05,604] {processor.py:171} INFO - Processing /opt/airflow/dags/NameGenderCSVtoRedshift_v2.py took 0.326 seconds
[2022-01-19 11:56:35,740] {processor.py:163} INFO - Started process (PID=726) to work on /opt/airflow/dags/NameGenderCSVtoRedshift_v2.py
[2022-01-19 11:56:35,743] {processor.py:620} INFO - Processing file /opt/airflow/dags/NameGenderCSVtoRedshift_v2.py for tasks to queue
[2022-01-19 11:56:35,746] {logging_mixin.py:109} INFO - [2022-01-19 11:56:35,746] {dagbag.py:500} INFO - Filling up the DagBag from /opt/airflow/dags/NameGenderCSVtoRedshift_v2.py
[2022-01-19 11:56:35,813] {processor.py:632} INFO - DAG(s) dict_keys(['second_assignment_v2']) retrieved from /opt/airflow/dags/NameGenderCSVtoRedshift_v2.py
[2022-01-19 11:56:35,842] {logging_mixin.py:109} INFO - [2022-01-19 11:56:35,841] {dag.py:2389} INFO - Sync 1 DAGs
[2022-01-19 11:56:35,897] {logging_mixin.py:109} INFO - [2022-01-19 11:56:35,897] {dag.py:2914} INFO - Setting next_dagrun for second_assignment_v2 to 2022-01-18 02:00:00+00:00
[2022-01-19 11:56:35,922] {processor.py:171} INFO - Processing /opt/airflow/dags/NameGenderCSVtoRedshift_v2.py took 0.188 seconds
[2022-01-19 11:57:06,010] {processor.py:163} INFO - Started process (PID=870) to work on /opt/airflow/dags/NameGenderCSVtoRedshift_v2.py
[2022-01-19 11:57:06,016] {processor.py:620} INFO - Processing file /opt/airflow/dags/NameGenderCSVtoRedshift_v2.py for tasks to queue
[2022-01-19 11:57:06,019] {logging_mixin.py:109} INFO - [2022-01-19 11:57:06,018] {dagbag.py:500} INFO - Filling up the DagBag from /opt/airflow/dags/NameGenderCSVtoRedshift_v2.py
[2022-01-19 11:57:06,108] {processor.py:632} INFO - DAG(s) dict_keys(['second_assignment_v2']) retrieved from /opt/airflow/dags/NameGenderCSVtoRedshift_v2.py
[2022-01-19 11:57:06,154] {logging_mixin.py:109} INFO - [2022-01-19 11:57:06,153] {dag.py:2389} INFO - Sync 1 DAGs
[2022-01-19 11:57:06,218] {logging_mixin.py:109} INFO - [2022-01-19 11:57:06,218] {dag.py:2914} INFO - Setting next_dagrun for second_assignment_v2 to 2022-01-18 02:00:00+00:00
[2022-01-19 11:57:06,250] {processor.py:171} INFO - Processing /opt/airflow/dags/NameGenderCSVtoRedshift_v2.py took 0.255 seconds
[2022-01-19 11:57:36,492] {processor.py:163} INFO - Started process (PID=997) to work on /opt/airflow/dags/NameGenderCSVtoRedshift_v2.py
[2022-01-19 11:57:36,497] {processor.py:620} INFO - Processing file /opt/airflow/dags/NameGenderCSVtoRedshift_v2.py for tasks to queue
[2022-01-19 11:57:36,500] {logging_mixin.py:109} INFO - [2022-01-19 11:57:36,500] {dagbag.py:500} INFO - Filling up the DagBag from /opt/airflow/dags/NameGenderCSVtoRedshift_v2.py
[2022-01-19 11:57:36,580] {processor.py:632} INFO - DAG(s) dict_keys(['second_assignment_v2']) retrieved from /opt/airflow/dags/NameGenderCSVtoRedshift_v2.py
[2022-01-19 11:57:36,624] {logging_mixin.py:109} INFO - [2022-01-19 11:57:36,623] {dag.py:2389} INFO - Sync 1 DAGs
[2022-01-19 11:57:36,688] {logging_mixin.py:109} INFO - [2022-01-19 11:57:36,688] {dag.py:2914} INFO - Setting next_dagrun for second_assignment_v2 to 2022-01-18 02:00:00+00:00
[2022-01-19 11:57:36,713] {processor.py:171} INFO - Processing /opt/airflow/dags/NameGenderCSVtoRedshift_v2.py took 0.233 seconds
[2022-01-19 11:58:07,355] {processor.py:163} INFO - Started process (PID=1139) to work on /opt/airflow/dags/NameGenderCSVtoRedshift_v2.py
[2022-01-19 11:58:07,360] {processor.py:620} INFO - Processing file /opt/airflow/dags/NameGenderCSVtoRedshift_v2.py for tasks to queue
[2022-01-19 11:58:07,364] {logging_mixin.py:109} INFO - [2022-01-19 11:58:07,363] {dagbag.py:500} INFO - Filling up the DagBag from /opt/airflow/dags/NameGenderCSVtoRedshift_v2.py
[2022-01-19 11:58:07,459] {processor.py:632} INFO - DAG(s) dict_keys(['second_assignment_v2']) retrieved from /opt/airflow/dags/NameGenderCSVtoRedshift_v2.py
[2022-01-19 11:58:07,506] {logging_mixin.py:109} INFO - [2022-01-19 11:58:07,506] {dag.py:2389} INFO - Sync 1 DAGs
[2022-01-19 11:58:07,586] {logging_mixin.py:109} INFO - [2022-01-19 11:58:07,586] {dag.py:2914} INFO - Setting next_dagrun for second_assignment_v2 to 2022-01-18 02:00:00+00:00
[2022-01-19 11:58:07,617] {processor.py:171} INFO - Processing /opt/airflow/dags/NameGenderCSVtoRedshift_v2.py took 0.271 seconds
[2022-01-19 11:58:18,823] {processor.py:163} INFO - Started process (PID=1175) to work on /opt/airflow/dags/NameGenderCSVtoRedshift_v2.py
[2022-01-19 11:58:18,831] {processor.py:620} INFO - Processing file /opt/airflow/dags/NameGenderCSVtoRedshift_v2.py for tasks to queue
[2022-01-19 11:58:18,837] {logging_mixin.py:109} INFO - [2022-01-19 11:58:18,836] {dagbag.py:500} INFO - Filling up the DagBag from /opt/airflow/dags/NameGenderCSVtoRedshift_v2.py
[2022-01-19 11:58:18,958] {processor.py:632} INFO - DAG(s) dict_keys(['second_assignment_v2']) retrieved from /opt/airflow/dags/NameGenderCSVtoRedshift_v2.py
[2022-01-19 11:58:18,995] {logging_mixin.py:109} INFO - [2022-01-19 11:58:18,994] {dag.py:2389} INFO - Sync 1 DAGs
[2022-01-19 11:58:19,058] {logging_mixin.py:109} INFO - [2022-01-19 11:58:19,058] {dag.py:2914} INFO - Setting next_dagrun for second_assignment_v2 to 2022-01-18 02:00:00+00:00
[2022-01-19 11:58:19,087] {processor.py:171} INFO - Processing /opt/airflow/dags/NameGenderCSVtoRedshift_v2.py took 0.278 seconds
[2022-01-19 12:04:18,451] {processor.py:163} INFO - Started process (PID=2484) to work on /opt/airflow/dags/NameGenderCSVtoRedshift_v2.py
[2022-01-19 12:04:18,456] {processor.py:620} INFO - Processing file /opt/airflow/dags/NameGenderCSVtoRedshift_v2.py for tasks to queue
[2022-01-19 12:04:18,459] {logging_mixin.py:109} INFO - [2022-01-19 12:04:18,458] {dagbag.py:500} INFO - Filling up the DagBag from /opt/airflow/dags/NameGenderCSVtoRedshift_v2.py
[2022-01-19 12:04:18,530] {processor.py:632} INFO - DAG(s) dict_keys(['second_assignment_v2']) retrieved from /opt/airflow/dags/NameGenderCSVtoRedshift_v2.py
[2022-01-19 12:04:19,717] {logging_mixin.py:109} INFO - [2022-01-19 12:04:19,717] {dag.py:2389} INFO - Sync 1 DAGs
[2022-01-19 12:04:19,778] {logging_mixin.py:109} INFO - [2022-01-19 12:04:19,778] {dag.py:2914} INFO - Setting next_dagrun for second_assignment_v2 to 2022-01-18 02:00:00+00:00
[2022-01-19 12:04:19,820] {processor.py:171} INFO - Processing /opt/airflow/dags/NameGenderCSVtoRedshift_v2.py took 1.377 seconds
[2022-01-19 12:04:50,718] {processor.py:163} INFO - Started process (PID=2609) to work on /opt/airflow/dags/NameGenderCSVtoRedshift_v2.py
[2022-01-19 12:04:50,722] {processor.py:620} INFO - Processing file /opt/airflow/dags/NameGenderCSVtoRedshift_v2.py for tasks to queue
[2022-01-19 12:04:50,725] {logging_mixin.py:109} INFO - [2022-01-19 12:04:50,724] {dagbag.py:500} INFO - Filling up the DagBag from /opt/airflow/dags/NameGenderCSVtoRedshift_v2.py
[2022-01-19 12:04:50,781] {processor.py:632} INFO - DAG(s) dict_keys(['second_assignment_v2']) retrieved from /opt/airflow/dags/NameGenderCSVtoRedshift_v2.py
[2022-01-19 12:04:50,813] {logging_mixin.py:109} INFO - [2022-01-19 12:04:50,813] {dag.py:2389} INFO - Sync 1 DAGs
[2022-01-19 12:04:50,869] {logging_mixin.py:109} INFO - [2022-01-19 12:04:50,869] {dag.py:2914} INFO - Setting next_dagrun for second_assignment_v2 to 2022-01-18 02:00:00+00:00
[2022-01-19 12:04:50,892] {processor.py:171} INFO - Processing /opt/airflow/dags/NameGenderCSVtoRedshift_v2.py took 0.182 seconds
[2022-01-19 12:05:21,670] {processor.py:163} INFO - Started process (PID=2746) to work on /opt/airflow/dags/NameGenderCSVtoRedshift_v2.py
[2022-01-19 12:05:21,674] {processor.py:620} INFO - Processing file /opt/airflow/dags/NameGenderCSVtoRedshift_v2.py for tasks to queue
[2022-01-19 12:05:21,677] {logging_mixin.py:109} INFO - [2022-01-19 12:05:21,677] {dagbag.py:500} INFO - Filling up the DagBag from /opt/airflow/dags/NameGenderCSVtoRedshift_v2.py
[2022-01-19 12:05:21,775] {processor.py:632} INFO - DAG(s) dict_keys(['second_assignment_v2']) retrieved from /opt/airflow/dags/NameGenderCSVtoRedshift_v2.py
[2022-01-19 12:05:21,827] {logging_mixin.py:109} INFO - [2022-01-19 12:05:21,827] {dag.py:2389} INFO - Sync 1 DAGs
[2022-01-19 12:05:21,890] {logging_mixin.py:109} INFO - [2022-01-19 12:05:21,890] {dag.py:2914} INFO - Setting next_dagrun for second_assignment_v2 to 2022-01-18 02:00:00+00:00
[2022-01-19 12:05:21,917] {processor.py:171} INFO - Processing /opt/airflow/dags/NameGenderCSVtoRedshift_v2.py took 0.255 seconds
[2022-01-19 12:05:52,085] {processor.py:163} INFO - Started process (PID=2868) to work on /opt/airflow/dags/NameGenderCSVtoRedshift_v2.py
[2022-01-19 12:05:52,089] {processor.py:620} INFO - Processing file /opt/airflow/dags/NameGenderCSVtoRedshift_v2.py for tasks to queue
[2022-01-19 12:05:52,092] {logging_mixin.py:109} INFO - [2022-01-19 12:05:52,091] {dagbag.py:500} INFO - Filling up the DagBag from /opt/airflow/dags/NameGenderCSVtoRedshift_v2.py
[2022-01-19 12:05:52,145] {processor.py:632} INFO - DAG(s) dict_keys(['second_assignment_v2']) retrieved from /opt/airflow/dags/NameGenderCSVtoRedshift_v2.py
[2022-01-19 12:05:52,175] {logging_mixin.py:109} INFO - [2022-01-19 12:05:52,175] {dag.py:2389} INFO - Sync 1 DAGs
[2022-01-19 12:05:52,231] {logging_mixin.py:109} INFO - [2022-01-19 12:05:52,231] {dag.py:2914} INFO - Setting next_dagrun for second_assignment_v2 to 2022-01-18 02:00:00+00:00
[2022-01-19 12:05:52,254] {processor.py:171} INFO - Processing /opt/airflow/dags/NameGenderCSVtoRedshift_v2.py took 0.176 seconds
[2022-01-19 12:06:22,749] {processor.py:163} INFO - Started process (PID=3006) to work on /opt/airflow/dags/NameGenderCSVtoRedshift_v2.py
[2022-01-19 12:06:22,754] {processor.py:620} INFO - Processing file /opt/airflow/dags/NameGenderCSVtoRedshift_v2.py for tasks to queue
[2022-01-19 12:06:22,757] {logging_mixin.py:109} INFO - [2022-01-19 12:06:22,756] {dagbag.py:500} INFO - Filling up the DagBag from /opt/airflow/dags/NameGenderCSVtoRedshift_v2.py
[2022-01-19 12:06:22,826] {processor.py:632} INFO - DAG(s) dict_keys(['second_assignment_v2']) retrieved from /opt/airflow/dags/NameGenderCSVtoRedshift_v2.py
[2022-01-19 12:06:22,865] {logging_mixin.py:109} INFO - [2022-01-19 12:06:22,865] {dag.py:2389} INFO - Sync 1 DAGs
[2022-01-19 12:06:22,928] {logging_mixin.py:109} INFO - [2022-01-19 12:06:22,928] {dag.py:2914} INFO - Setting next_dagrun for second_assignment_v2 to 2022-01-18 02:00:00+00:00
[2022-01-19 12:06:22,954] {processor.py:171} INFO - Processing /opt/airflow/dags/NameGenderCSVtoRedshift_v2.py took 0.213 seconds
[2022-01-19 12:06:53,116] {processor.py:163} INFO - Started process (PID=3127) to work on /opt/airflow/dags/NameGenderCSVtoRedshift_v2.py
[2022-01-19 12:06:53,120] {processor.py:620} INFO - Processing file /opt/airflow/dags/NameGenderCSVtoRedshift_v2.py for tasks to queue
[2022-01-19 12:06:53,123] {logging_mixin.py:109} INFO - [2022-01-19 12:06:53,123] {dagbag.py:500} INFO - Filling up the DagBag from /opt/airflow/dags/NameGenderCSVtoRedshift_v2.py
[2022-01-19 12:06:53,177] {processor.py:632} INFO - DAG(s) dict_keys(['second_assignment_v2']) retrieved from /opt/airflow/dags/NameGenderCSVtoRedshift_v2.py
[2022-01-19 12:06:53,210] {logging_mixin.py:109} INFO - [2022-01-19 12:06:53,209] {dag.py:2389} INFO - Sync 1 DAGs
[2022-01-19 12:06:53,264] {logging_mixin.py:109} INFO - [2022-01-19 12:06:53,264] {dag.py:2914} INFO - Setting next_dagrun for second_assignment_v2 to 2022-01-18 02:00:00+00:00
[2022-01-19 12:06:53,288] {processor.py:171} INFO - Processing /opt/airflow/dags/NameGenderCSVtoRedshift_v2.py took 0.180 seconds
[2022-01-19 12:07:23,809] {processor.py:163} INFO - Started process (PID=3265) to work on /opt/airflow/dags/NameGenderCSVtoRedshift_v2.py
[2022-01-19 12:07:23,816] {processor.py:620} INFO - Processing file /opt/airflow/dags/NameGenderCSVtoRedshift_v2.py for tasks to queue
[2022-01-19 12:07:23,819] {logging_mixin.py:109} INFO - [2022-01-19 12:07:23,819] {dagbag.py:500} INFO - Filling up the DagBag from /opt/airflow/dags/NameGenderCSVtoRedshift_v2.py
[2022-01-19 12:07:23,881] {processor.py:632} INFO - DAG(s) dict_keys(['second_assignment_v2']) retrieved from /opt/airflow/dags/NameGenderCSVtoRedshift_v2.py
[2022-01-19 12:07:23,915] {logging_mixin.py:109} INFO - [2022-01-19 12:07:23,915] {dag.py:2389} INFO - Sync 1 DAGs
[2022-01-19 12:07:23,977] {logging_mixin.py:109} INFO - [2022-01-19 12:07:23,977] {dag.py:2914} INFO - Setting next_dagrun for second_assignment_v2 to 2022-01-18 02:00:00+00:00
[2022-01-19 12:07:24,012] {processor.py:171} INFO - Processing /opt/airflow/dags/NameGenderCSVtoRedshift_v2.py took 0.211 seconds
[2022-01-19 12:07:54,461] {processor.py:163} INFO - Started process (PID=3386) to work on /opt/airflow/dags/NameGenderCSVtoRedshift_v2.py
[2022-01-19 12:07:54,466] {processor.py:620} INFO - Processing file /opt/airflow/dags/NameGenderCSVtoRedshift_v2.py for tasks to queue
[2022-01-19 12:07:54,469] {logging_mixin.py:109} INFO - [2022-01-19 12:07:54,469] {dagbag.py:500} INFO - Filling up the DagBag from /opt/airflow/dags/NameGenderCSVtoRedshift_v2.py
[2022-01-19 12:07:54,520] {processor.py:632} INFO - DAG(s) dict_keys(['second_assignment_v2']) retrieved from /opt/airflow/dags/NameGenderCSVtoRedshift_v2.py
[2022-01-19 12:07:54,550] {logging_mixin.py:109} INFO - [2022-01-19 12:07:54,549] {dag.py:2389} INFO - Sync 1 DAGs
[2022-01-19 12:07:54,603] {logging_mixin.py:109} INFO - [2022-01-19 12:07:54,603] {dag.py:2914} INFO - Setting next_dagrun for second_assignment_v2 to 2022-01-18 02:00:00+00:00
[2022-01-19 12:07:54,631] {processor.py:171} INFO - Processing /opt/airflow/dags/NameGenderCSVtoRedshift_v2.py took 0.177 seconds
[2022-01-19 12:08:24,853] {processor.py:163} INFO - Started process (PID=3523) to work on /opt/airflow/dags/NameGenderCSVtoRedshift_v2.py
[2022-01-19 12:08:24,858] {processor.py:620} INFO - Processing file /opt/airflow/dags/NameGenderCSVtoRedshift_v2.py for tasks to queue
[2022-01-19 12:08:24,862] {logging_mixin.py:109} INFO - [2022-01-19 12:08:24,861] {dagbag.py:500} INFO - Filling up the DagBag from /opt/airflow/dags/NameGenderCSVtoRedshift_v2.py
[2022-01-19 12:08:24,927] {processor.py:632} INFO - DAG(s) dict_keys(['second_assignment_v2']) retrieved from /opt/airflow/dags/NameGenderCSVtoRedshift_v2.py
[2022-01-19 12:08:24,961] {logging_mixin.py:109} INFO - [2022-01-19 12:08:24,961] {dag.py:2389} INFO - Sync 1 DAGs
[2022-01-19 12:08:25,022] {logging_mixin.py:109} INFO - [2022-01-19 12:08:25,021] {dag.py:2914} INFO - Setting next_dagrun for second_assignment_v2 to 2022-01-18 02:00:00+00:00
[2022-01-19 12:08:25,047] {processor.py:171} INFO - Processing /opt/airflow/dags/NameGenderCSVtoRedshift_v2.py took 0.204 seconds
[2022-01-19 12:10:00,051] {processor.py:163} INFO - Started process (PID=3835) to work on /opt/airflow/dags/NameGenderCSVtoRedshift_v2.py
[2022-01-19 12:10:00,056] {processor.py:620} INFO - Processing file /opt/airflow/dags/NameGenderCSVtoRedshift_v2.py for tasks to queue
[2022-01-19 12:10:00,059] {logging_mixin.py:109} INFO - [2022-01-19 12:10:00,058] {dagbag.py:500} INFO - Filling up the DagBag from /opt/airflow/dags/NameGenderCSVtoRedshift_v2.py
[2022-01-19 12:10:00,092] {processor.py:634} WARNING - No viable dags retrieved from /opt/airflow/dags/NameGenderCSVtoRedshift_v2.py
[2022-01-19 12:10:00,096] {processor.py:171} INFO - Processing /opt/airflow/dags/NameGenderCSVtoRedshift_v2.py took 0.053 seconds
