[2022-01-19 11:42:06,468] {processor.py:163} INFO - Started process (PID=255) to work on /opt/airflow/dags/NameGenderCSVtoRedshift_v3.py
[2022-01-19 11:42:06,481] {processor.py:620} INFO - Processing file /opt/airflow/dags/NameGenderCSVtoRedshift_v3.py for tasks to queue
[2022-01-19 11:42:06,493] {logging_mixin.py:109} INFO - [2022-01-19 11:42:06,492] {dagbag.py:500} INFO - Filling up the DagBag from /opt/airflow/dags/NameGenderCSVtoRedshift_v3.py
[2022-01-19 11:42:06,615] {logging_mixin.py:109} INFO - [2022-01-19 11:42:06,605] {dagbag.py:334} ERROR - Failed to import: /opt/airflow/dags/NameGenderCSVtoRedshift_v3.py
Traceback (most recent call last):
  File "/home/airflow/.local/lib/python3.7/site-packages/airflow/models/dagbag.py", line 331, in _load_modules_from_file
    loader.exec_module(new_module)
  File "<frozen importlib._bootstrap_external>", line 728, in exec_module
  File "<frozen importlib._bootstrap>", line 219, in _call_with_frames_removed
  File "/opt/airflow/dags/NameGenderCSVtoRedshift_v3.py", line 75, in <module>
    'url':  Variable.get("csv_url")
  File "/home/airflow/.local/lib/python3.7/site-packages/airflow/models/variable.py", line 140, in get
    raise KeyError(f'Variable {key} does not exist')
KeyError: 'Variable csv_url does not exist'
[2022-01-19 11:42:06,649] {processor.py:634} WARNING - No viable dags retrieved from /opt/airflow/dags/NameGenderCSVtoRedshift_v3.py
[2022-01-19 11:42:06,693] {processor.py:171} INFO - Processing /opt/airflow/dags/NameGenderCSVtoRedshift_v3.py took 0.250 seconds
[2022-01-19 11:45:31,757] {processor.py:163} INFO - Started process (PID=722) to work on /opt/airflow/dags/NameGenderCSVtoRedshift_v3.py
[2022-01-19 11:45:31,762] {processor.py:620} INFO - Processing file /opt/airflow/dags/NameGenderCSVtoRedshift_v3.py for tasks to queue
[2022-01-19 11:45:31,765] {logging_mixin.py:109} INFO - [2022-01-19 11:45:31,765] {dagbag.py:500} INFO - Filling up the DagBag from /opt/airflow/dags/NameGenderCSVtoRedshift_v3.py
[2022-01-19 11:45:31,831] {logging_mixin.py:109} INFO - [2022-01-19 11:45:31,823] {dagbag.py:334} ERROR - Failed to import: /opt/airflow/dags/NameGenderCSVtoRedshift_v3.py
Traceback (most recent call last):
  File "/home/airflow/.local/lib/python3.7/site-packages/airflow/models/dagbag.py", line 331, in _load_modules_from_file
    loader.exec_module(new_module)
  File "<frozen importlib._bootstrap_external>", line 728, in exec_module
  File "<frozen importlib._bootstrap>", line 219, in _call_with_frames_removed
  File "/opt/airflow/dags/NameGenderCSVtoRedshift_v3.py", line 75, in <module>
    'url':  Variable.get("csv_url")
  File "/home/airflow/.local/lib/python3.7/site-packages/airflow/models/variable.py", line 140, in get
    raise KeyError(f'Variable {key} does not exist')
KeyError: 'Variable csv_url does not exist'
[2022-01-19 11:45:31,846] {processor.py:634} WARNING - No viable dags retrieved from /opt/airflow/dags/NameGenderCSVtoRedshift_v3.py
[2022-01-19 11:45:31,869] {processor.py:171} INFO - Processing /opt/airflow/dags/NameGenderCSVtoRedshift_v3.py took 0.130 seconds
[2022-01-19 11:46:02,010] {processor.py:163} INFO - Started process (PID=844) to work on /opt/airflow/dags/NameGenderCSVtoRedshift_v3.py
[2022-01-19 11:46:02,014] {processor.py:620} INFO - Processing file /opt/airflow/dags/NameGenderCSVtoRedshift_v3.py for tasks to queue
[2022-01-19 11:46:02,017] {logging_mixin.py:109} INFO - [2022-01-19 11:46:02,016] {dagbag.py:500} INFO - Filling up the DagBag from /opt/airflow/dags/NameGenderCSVtoRedshift_v3.py
[2022-01-19 11:46:02,076] {logging_mixin.py:109} INFO - [2022-01-19 11:46:02,069] {dagbag.py:334} ERROR - Failed to import: /opt/airflow/dags/NameGenderCSVtoRedshift_v3.py
Traceback (most recent call last):
  File "/home/airflow/.local/lib/python3.7/site-packages/airflow/models/dagbag.py", line 331, in _load_modules_from_file
    loader.exec_module(new_module)
  File "<frozen importlib._bootstrap_external>", line 728, in exec_module
  File "<frozen importlib._bootstrap>", line 219, in _call_with_frames_removed
  File "/opt/airflow/dags/NameGenderCSVtoRedshift_v3.py", line 75, in <module>
    'url':  Variable.get("csv_url")
  File "/home/airflow/.local/lib/python3.7/site-packages/airflow/models/variable.py", line 140, in get
    raise KeyError(f'Variable {key} does not exist')
KeyError: 'Variable csv_url does not exist'
[2022-01-19 11:46:02,092] {processor.py:634} WARNING - No viable dags retrieved from /opt/airflow/dags/NameGenderCSVtoRedshift_v3.py
[2022-01-19 11:46:02,108] {processor.py:171} INFO - Processing /opt/airflow/dags/NameGenderCSVtoRedshift_v3.py took 0.104 seconds
[2022-01-19 11:46:32,876] {processor.py:163} INFO - Started process (PID=990) to work on /opt/airflow/dags/NameGenderCSVtoRedshift_v3.py
[2022-01-19 11:46:32,882] {processor.py:620} INFO - Processing file /opt/airflow/dags/NameGenderCSVtoRedshift_v3.py for tasks to queue
[2022-01-19 11:46:32,886] {logging_mixin.py:109} INFO - [2022-01-19 11:46:32,885] {dagbag.py:500} INFO - Filling up the DagBag from /opt/airflow/dags/NameGenderCSVtoRedshift_v3.py
[2022-01-19 11:46:32,950] {logging_mixin.py:109} INFO - [2022-01-19 11:46:32,941] {dagbag.py:334} ERROR - Failed to import: /opt/airflow/dags/NameGenderCSVtoRedshift_v3.py
Traceback (most recent call last):
  File "/home/airflow/.local/lib/python3.7/site-packages/airflow/models/dagbag.py", line 331, in _load_modules_from_file
    loader.exec_module(new_module)
  File "<frozen importlib._bootstrap_external>", line 728, in exec_module
  File "<frozen importlib._bootstrap>", line 219, in _call_with_frames_removed
  File "/opt/airflow/dags/NameGenderCSVtoRedshift_v3.py", line 75, in <module>
    'url':  Variable.get("csv_url")
  File "/home/airflow/.local/lib/python3.7/site-packages/airflow/models/variable.py", line 140, in get
    raise KeyError(f'Variable {key} does not exist')
KeyError: 'Variable csv_url does not exist'
[2022-01-19 11:46:32,964] {processor.py:634} WARNING - No viable dags retrieved from /opt/airflow/dags/NameGenderCSVtoRedshift_v3.py
[2022-01-19 11:46:32,983] {processor.py:171} INFO - Processing /opt/airflow/dags/NameGenderCSVtoRedshift_v3.py took 0.115 seconds
[2022-01-19 11:47:03,641] {processor.py:163} INFO - Started process (PID=1116) to work on /opt/airflow/dags/NameGenderCSVtoRedshift_v3.py
[2022-01-19 11:47:03,645] {processor.py:620} INFO - Processing file /opt/airflow/dags/NameGenderCSVtoRedshift_v3.py for tasks to queue
[2022-01-19 11:47:03,649] {logging_mixin.py:109} INFO - [2022-01-19 11:47:03,648] {dagbag.py:500} INFO - Filling up the DagBag from /opt/airflow/dags/NameGenderCSVtoRedshift_v3.py
[2022-01-19 11:47:03,711] {logging_mixin.py:109} INFO - [2022-01-19 11:47:03,704] {dagbag.py:334} ERROR - Failed to import: /opt/airflow/dags/NameGenderCSVtoRedshift_v3.py
Traceback (most recent call last):
  File "/home/airflow/.local/lib/python3.7/site-packages/airflow/models/dagbag.py", line 331, in _load_modules_from_file
    loader.exec_module(new_module)
  File "<frozen importlib._bootstrap_external>", line 728, in exec_module
  File "<frozen importlib._bootstrap>", line 219, in _call_with_frames_removed
  File "/opt/airflow/dags/NameGenderCSVtoRedshift_v3.py", line 75, in <module>
    'url':  Variable.get("csv_url")
  File "/home/airflow/.local/lib/python3.7/site-packages/airflow/models/variable.py", line 140, in get
    raise KeyError(f'Variable {key} does not exist')
KeyError: 'Variable csv_url does not exist'
[2022-01-19 11:47:03,725] {processor.py:634} WARNING - No viable dags retrieved from /opt/airflow/dags/NameGenderCSVtoRedshift_v3.py
[2022-01-19 11:47:03,742] {processor.py:171} INFO - Processing /opt/airflow/dags/NameGenderCSVtoRedshift_v3.py took 0.108 seconds
[2022-01-19 11:47:35,333] {processor.py:163} INFO - Started process (PID=1260) to work on /opt/airflow/dags/NameGenderCSVtoRedshift_v3.py
[2022-01-19 11:47:35,338] {processor.py:620} INFO - Processing file /opt/airflow/dags/NameGenderCSVtoRedshift_v3.py for tasks to queue
[2022-01-19 11:47:35,342] {logging_mixin.py:109} INFO - [2022-01-19 11:47:35,341] {dagbag.py:500} INFO - Filling up the DagBag from /opt/airflow/dags/NameGenderCSVtoRedshift_v3.py
[2022-01-19 11:47:35,406] {logging_mixin.py:109} INFO - [2022-01-19 11:47:35,398] {dagbag.py:334} ERROR - Failed to import: /opt/airflow/dags/NameGenderCSVtoRedshift_v3.py
Traceback (most recent call last):
  File "/home/airflow/.local/lib/python3.7/site-packages/airflow/models/dagbag.py", line 331, in _load_modules_from_file
    loader.exec_module(new_module)
  File "<frozen importlib._bootstrap_external>", line 728, in exec_module
  File "<frozen importlib._bootstrap>", line 219, in _call_with_frames_removed
  File "/opt/airflow/dags/NameGenderCSVtoRedshift_v3.py", line 75, in <module>
    'url':  Variable.get("csv_url")
  File "/home/airflow/.local/lib/python3.7/site-packages/airflow/models/variable.py", line 140, in get
    raise KeyError(f'Variable {key} does not exist')
KeyError: 'Variable csv_url does not exist'
[2022-01-19 11:47:35,422] {processor.py:634} WARNING - No viable dags retrieved from /opt/airflow/dags/NameGenderCSVtoRedshift_v3.py
[2022-01-19 11:47:35,440] {processor.py:171} INFO - Processing /opt/airflow/dags/NameGenderCSVtoRedshift_v3.py took 0.116 seconds
[2022-01-19 11:48:05,725] {processor.py:163} INFO - Started process (PID=1380) to work on /opt/airflow/dags/NameGenderCSVtoRedshift_v3.py
[2022-01-19 11:48:05,737] {processor.py:620} INFO - Processing file /opt/airflow/dags/NameGenderCSVtoRedshift_v3.py for tasks to queue
[2022-01-19 11:48:05,741] {logging_mixin.py:109} INFO - [2022-01-19 11:48:05,741] {dagbag.py:500} INFO - Filling up the DagBag from /opt/airflow/dags/NameGenderCSVtoRedshift_v3.py
[2022-01-19 11:48:05,836] {logging_mixin.py:109} INFO - [2022-01-19 11:48:05,829] {dagbag.py:334} ERROR - Failed to import: /opt/airflow/dags/NameGenderCSVtoRedshift_v3.py
Traceback (most recent call last):
  File "/home/airflow/.local/lib/python3.7/site-packages/airflow/models/dagbag.py", line 331, in _load_modules_from_file
    loader.exec_module(new_module)
  File "<frozen importlib._bootstrap_external>", line 728, in exec_module
  File "<frozen importlib._bootstrap>", line 219, in _call_with_frames_removed
  File "/opt/airflow/dags/NameGenderCSVtoRedshift_v3.py", line 75, in <module>
    'url':  Variable.get("csv_url")
  File "/home/airflow/.local/lib/python3.7/site-packages/airflow/models/variable.py", line 140, in get
    raise KeyError(f'Variable {key} does not exist')
KeyError: 'Variable csv_url does not exist'
[2022-01-19 11:48:05,868] {processor.py:634} WARNING - No viable dags retrieved from /opt/airflow/dags/NameGenderCSVtoRedshift_v3.py
[2022-01-19 11:48:05,887] {processor.py:171} INFO - Processing /opt/airflow/dags/NameGenderCSVtoRedshift_v3.py took 0.169 seconds
[2022-01-19 11:48:36,232] {processor.py:163} INFO - Started process (PID=1516) to work on /opt/airflow/dags/NameGenderCSVtoRedshift_v3.py
[2022-01-19 11:48:36,236] {processor.py:620} INFO - Processing file /opt/airflow/dags/NameGenderCSVtoRedshift_v3.py for tasks to queue
[2022-01-19 11:48:36,239] {logging_mixin.py:109} INFO - [2022-01-19 11:48:36,239] {dagbag.py:500} INFO - Filling up the DagBag from /opt/airflow/dags/NameGenderCSVtoRedshift_v3.py
[2022-01-19 11:48:36,302] {logging_mixin.py:109} INFO - [2022-01-19 11:48:36,295] {dagbag.py:334} ERROR - Failed to import: /opt/airflow/dags/NameGenderCSVtoRedshift_v3.py
Traceback (most recent call last):
  File "/home/airflow/.local/lib/python3.7/site-packages/airflow/models/dagbag.py", line 331, in _load_modules_from_file
    loader.exec_module(new_module)
  File "<frozen importlib._bootstrap_external>", line 728, in exec_module
  File "<frozen importlib._bootstrap>", line 219, in _call_with_frames_removed
  File "/opt/airflow/dags/NameGenderCSVtoRedshift_v3.py", line 75, in <module>
    'url':  Variable.get("csv_url")
  File "/home/airflow/.local/lib/python3.7/site-packages/airflow/models/variable.py", line 140, in get
    raise KeyError(f'Variable {key} does not exist')
KeyError: 'Variable csv_url does not exist'
[2022-01-19 11:48:36,318] {processor.py:634} WARNING - No viable dags retrieved from /opt/airflow/dags/NameGenderCSVtoRedshift_v3.py
[2022-01-19 11:48:36,340] {processor.py:171} INFO - Processing /opt/airflow/dags/NameGenderCSVtoRedshift_v3.py took 0.115 seconds
[2022-01-19 11:49:06,958] {processor.py:163} INFO - Started process (PID=1652) to work on /opt/airflow/dags/NameGenderCSVtoRedshift_v3.py
[2022-01-19 11:49:06,962] {processor.py:620} INFO - Processing file /opt/airflow/dags/NameGenderCSVtoRedshift_v3.py for tasks to queue
[2022-01-19 11:49:06,965] {logging_mixin.py:109} INFO - [2022-01-19 11:49:06,964] {dagbag.py:500} INFO - Filling up the DagBag from /opt/airflow/dags/NameGenderCSVtoRedshift_v3.py
[2022-01-19 11:49:07,031] {logging_mixin.py:109} INFO - [2022-01-19 11:49:07,022] {dagbag.py:334} ERROR - Failed to import: /opt/airflow/dags/NameGenderCSVtoRedshift_v3.py
Traceback (most recent call last):
  File "/home/airflow/.local/lib/python3.7/site-packages/airflow/models/dagbag.py", line 331, in _load_modules_from_file
    loader.exec_module(new_module)
  File "<frozen importlib._bootstrap_external>", line 728, in exec_module
  File "<frozen importlib._bootstrap>", line 219, in _call_with_frames_removed
  File "/opt/airflow/dags/NameGenderCSVtoRedshift_v3.py", line 75, in <module>
    'url':  Variable.get("csv_url")
  File "/home/airflow/.local/lib/python3.7/site-packages/airflow/models/variable.py", line 140, in get
    raise KeyError(f'Variable {key} does not exist')
KeyError: 'Variable csv_url does not exist'
[2022-01-19 11:49:07,048] {processor.py:634} WARNING - No viable dags retrieved from /opt/airflow/dags/NameGenderCSVtoRedshift_v3.py
[2022-01-19 11:49:07,069] {processor.py:171} INFO - Processing /opt/airflow/dags/NameGenderCSVtoRedshift_v3.py took 0.118 seconds
[2022-01-19 11:49:37,168] {processor.py:163} INFO - Started process (PID=1786) to work on /opt/airflow/dags/NameGenderCSVtoRedshift_v3.py
[2022-01-19 11:49:37,174] {processor.py:620} INFO - Processing file /opt/airflow/dags/NameGenderCSVtoRedshift_v3.py for tasks to queue
[2022-01-19 11:49:37,178] {logging_mixin.py:109} INFO - [2022-01-19 11:49:37,177] {dagbag.py:500} INFO - Filling up the DagBag from /opt/airflow/dags/NameGenderCSVtoRedshift_v3.py
[2022-01-19 11:49:37,285] {logging_mixin.py:109} INFO - [2022-01-19 11:49:37,278] {dagbag.py:334} ERROR - Failed to import: /opt/airflow/dags/NameGenderCSVtoRedshift_v3.py
Traceback (most recent call last):
  File "/home/airflow/.local/lib/python3.7/site-packages/airflow/models/dagbag.py", line 331, in _load_modules_from_file
    loader.exec_module(new_module)
  File "<frozen importlib._bootstrap_external>", line 728, in exec_module
  File "<frozen importlib._bootstrap>", line 219, in _call_with_frames_removed
  File "/opt/airflow/dags/NameGenderCSVtoRedshift_v3.py", line 75, in <module>
    'url':  Variable.get("csv_url")
  File "/home/airflow/.local/lib/python3.7/site-packages/airflow/models/variable.py", line 140, in get
    raise KeyError(f'Variable {key} does not exist')
KeyError: 'Variable csv_url does not exist'
[2022-01-19 11:49:37,302] {processor.py:634} WARNING - No viable dags retrieved from /opt/airflow/dags/NameGenderCSVtoRedshift_v3.py
[2022-01-19 11:49:37,320] {processor.py:171} INFO - Processing /opt/airflow/dags/NameGenderCSVtoRedshift_v3.py took 0.160 seconds
[2022-01-19 11:50:08,613] {processor.py:163} INFO - Started process (PID=1931) to work on /opt/airflow/dags/NameGenderCSVtoRedshift_v3.py
[2022-01-19 11:50:08,627] {processor.py:620} INFO - Processing file /opt/airflow/dags/NameGenderCSVtoRedshift_v3.py for tasks to queue
[2022-01-19 11:50:08,632] {logging_mixin.py:109} INFO - [2022-01-19 11:50:08,631] {dagbag.py:500} INFO - Filling up the DagBag from /opt/airflow/dags/NameGenderCSVtoRedshift_v3.py
[2022-01-19 11:50:08,699] {logging_mixin.py:109} INFO - [2022-01-19 11:50:08,683] {dagbag.py:334} ERROR - Failed to import: /opt/airflow/dags/NameGenderCSVtoRedshift_v3.py
Traceback (most recent call last):
  File "/home/airflow/.local/lib/python3.7/site-packages/airflow/models/dagbag.py", line 331, in _load_modules_from_file
    loader.exec_module(new_module)
  File "<frozen importlib._bootstrap_external>", line 728, in exec_module
  File "<frozen importlib._bootstrap>", line 219, in _call_with_frames_removed
  File "/opt/airflow/dags/NameGenderCSVtoRedshift_v3.py", line 75, in <module>
    'url':  Variable.get("csv_url")
  File "/home/airflow/.local/lib/python3.7/site-packages/airflow/models/variable.py", line 140, in get
    raise KeyError(f'Variable {key} does not exist')
KeyError: 'Variable csv_url does not exist'
[2022-01-19 11:50:08,717] {processor.py:634} WARNING - No viable dags retrieved from /opt/airflow/dags/NameGenderCSVtoRedshift_v3.py
[2022-01-19 11:50:08,736] {processor.py:171} INFO - Processing /opt/airflow/dags/NameGenderCSVtoRedshift_v3.py took 0.131 seconds
[2022-01-19 11:50:41,772] {processor.py:163} INFO - Started process (PID=2055) to work on /opt/airflow/dags/NameGenderCSVtoRedshift_v3.py
[2022-01-19 11:50:41,777] {processor.py:620} INFO - Processing file /opt/airflow/dags/NameGenderCSVtoRedshift_v3.py for tasks to queue
[2022-01-19 11:50:41,783] {logging_mixin.py:109} INFO - [2022-01-19 11:50:41,783] {dagbag.py:500} INFO - Filling up the DagBag from /opt/airflow/dags/NameGenderCSVtoRedshift_v3.py
[2022-01-19 11:50:41,873] {logging_mixin.py:109} INFO - [2022-01-19 11:50:41,864] {dagbag.py:334} ERROR - Failed to import: /opt/airflow/dags/NameGenderCSVtoRedshift_v3.py
Traceback (most recent call last):
  File "/home/airflow/.local/lib/python3.7/site-packages/airflow/models/dagbag.py", line 331, in _load_modules_from_file
    loader.exec_module(new_module)
  File "<frozen importlib._bootstrap_external>", line 728, in exec_module
  File "<frozen importlib._bootstrap>", line 219, in _call_with_frames_removed
  File "/opt/airflow/dags/NameGenderCSVtoRedshift_v3.py", line 75, in <module>
    'url':  Variable.get("csv_url")
  File "/home/airflow/.local/lib/python3.7/site-packages/airflow/models/variable.py", line 140, in get
    raise KeyError(f'Variable {key} does not exist')
KeyError: 'Variable csv_url does not exist'
[2022-01-19 11:50:41,893] {processor.py:634} WARNING - No viable dags retrieved from /opt/airflow/dags/NameGenderCSVtoRedshift_v3.py
[2022-01-19 11:50:41,916] {processor.py:171} INFO - Processing /opt/airflow/dags/NameGenderCSVtoRedshift_v3.py took 0.152 seconds
[2022-01-19 11:54:20,976] {processor.py:163} INFO - Started process (PID=181) to work on /opt/airflow/dags/NameGenderCSVtoRedshift_v3.py
[2022-01-19 11:54:21,034] {processor.py:620} INFO - Processing file /opt/airflow/dags/NameGenderCSVtoRedshift_v3.py for tasks to queue
[2022-01-19 11:54:21,050] {logging_mixin.py:109} INFO - [2022-01-19 11:54:21,049] {dagbag.py:500} INFO - Filling up the DagBag from /opt/airflow/dags/NameGenderCSVtoRedshift_v3.py
[2022-01-19 11:54:21,278] {logging_mixin.py:109} INFO - [2022-01-19 11:54:21,246] {dagbag.py:334} ERROR - Failed to import: /opt/airflow/dags/NameGenderCSVtoRedshift_v3.py
Traceback (most recent call last):
  File "/home/airflow/.local/lib/python3.7/site-packages/airflow/models/dagbag.py", line 331, in _load_modules_from_file
    loader.exec_module(new_module)
  File "<frozen importlib._bootstrap_external>", line 728, in exec_module
  File "<frozen importlib._bootstrap>", line 219, in _call_with_frames_removed
  File "/opt/airflow/dags/NameGenderCSVtoRedshift_v3.py", line 75, in <module>
    'url':  Variable.get("csv_url")
  File "/home/airflow/.local/lib/python3.7/site-packages/airflow/models/variable.py", line 140, in get
    raise KeyError(f'Variable {key} does not exist')
KeyError: 'Variable csv_url does not exist'
[2022-01-19 11:54:21,335] {processor.py:634} WARNING - No viable dags retrieved from /opt/airflow/dags/NameGenderCSVtoRedshift_v3.py
[2022-01-19 11:54:21,426] {processor.py:171} INFO - Processing /opt/airflow/dags/NameGenderCSVtoRedshift_v3.py took 0.480 seconds
[2022-01-19 11:55:03,300] {processor.py:163} INFO - Started process (PID=328) to work on /opt/airflow/dags/NameGenderCSVtoRedshift_v3.py
[2022-01-19 11:55:03,308] {processor.py:620} INFO - Processing file /opt/airflow/dags/NameGenderCSVtoRedshift_v3.py for tasks to queue
[2022-01-19 11:55:03,314] {logging_mixin.py:109} INFO - [2022-01-19 11:55:03,313] {dagbag.py:500} INFO - Filling up the DagBag from /opt/airflow/dags/NameGenderCSVtoRedshift_v3.py
[2022-01-19 11:55:03,450] {logging_mixin.py:109} INFO - [2022-01-19 11:55:03,436] {dagbag.py:334} ERROR - Failed to import: /opt/airflow/dags/NameGenderCSVtoRedshift_v3.py
Traceback (most recent call last):
  File "/home/airflow/.local/lib/python3.7/site-packages/airflow/models/dagbag.py", line 331, in _load_modules_from_file
    loader.exec_module(new_module)
  File "<frozen importlib._bootstrap_external>", line 728, in exec_module
  File "<frozen importlib._bootstrap>", line 219, in _call_with_frames_removed
  File "/opt/airflow/dags/NameGenderCSVtoRedshift_v3.py", line 75, in <module>
    'url':  Variable.get("csv_url")
  File "/home/airflow/.local/lib/python3.7/site-packages/airflow/models/variable.py", line 140, in get
    raise KeyError(f'Variable {key} does not exist')
KeyError: 'Variable csv_url does not exist'
[2022-01-19 11:55:03,500] {processor.py:634} WARNING - No viable dags retrieved from /opt/airflow/dags/NameGenderCSVtoRedshift_v3.py
[2022-01-19 11:55:03,551] {processor.py:171} INFO - Processing /opt/airflow/dags/NameGenderCSVtoRedshift_v3.py took 0.263 seconds
[2022-01-19 11:55:34,417] {processor.py:163} INFO - Started process (PID=453) to work on /opt/airflow/dags/NameGenderCSVtoRedshift_v3.py
[2022-01-19 11:55:34,420] {processor.py:620} INFO - Processing file /opt/airflow/dags/NameGenderCSVtoRedshift_v3.py for tasks to queue
[2022-01-19 11:55:34,423] {logging_mixin.py:109} INFO - [2022-01-19 11:55:34,423] {dagbag.py:500} INFO - Filling up the DagBag from /opt/airflow/dags/NameGenderCSVtoRedshift_v3.py
[2022-01-19 11:55:34,479] {logging_mixin.py:109} INFO - [2022-01-19 11:55:34,471] {dagbag.py:334} ERROR - Failed to import: /opt/airflow/dags/NameGenderCSVtoRedshift_v3.py
Traceback (most recent call last):
  File "/home/airflow/.local/lib/python3.7/site-packages/airflow/models/dagbag.py", line 331, in _load_modules_from_file
    loader.exec_module(new_module)
  File "<frozen importlib._bootstrap_external>", line 728, in exec_module
  File "<frozen importlib._bootstrap>", line 219, in _call_with_frames_removed
  File "/opt/airflow/dags/NameGenderCSVtoRedshift_v3.py", line 75, in <module>
    'url':  Variable.get("csv_url")
  File "/home/airflow/.local/lib/python3.7/site-packages/airflow/models/variable.py", line 140, in get
    raise KeyError(f'Variable {key} does not exist')
KeyError: 'Variable csv_url does not exist'
[2022-01-19 11:55:34,498] {processor.py:634} WARNING - No viable dags retrieved from /opt/airflow/dags/NameGenderCSVtoRedshift_v3.py
[2022-01-19 11:55:34,516] {processor.py:171} INFO - Processing /opt/airflow/dags/NameGenderCSVtoRedshift_v3.py took 0.107 seconds
[2022-01-19 11:56:05,273] {processor.py:163} INFO - Started process (PID=598) to work on /opt/airflow/dags/NameGenderCSVtoRedshift_v3.py
[2022-01-19 11:56:05,279] {processor.py:620} INFO - Processing file /opt/airflow/dags/NameGenderCSVtoRedshift_v3.py for tasks to queue
[2022-01-19 11:56:05,300] {logging_mixin.py:109} INFO - [2022-01-19 11:56:05,300] {dagbag.py:500} INFO - Filling up the DagBag from /opt/airflow/dags/NameGenderCSVtoRedshift_v3.py
[2022-01-19 11:56:05,399] {logging_mixin.py:109} INFO - [2022-01-19 11:56:05,386] {dagbag.py:334} ERROR - Failed to import: /opt/airflow/dags/NameGenderCSVtoRedshift_v3.py
Traceback (most recent call last):
  File "/home/airflow/.local/lib/python3.7/site-packages/airflow/models/dagbag.py", line 331, in _load_modules_from_file
    loader.exec_module(new_module)
  File "<frozen importlib._bootstrap_external>", line 728, in exec_module
  File "<frozen importlib._bootstrap>", line 219, in _call_with_frames_removed
  File "/opt/airflow/dags/NameGenderCSVtoRedshift_v3.py", line 75, in <module>
    'url':  Variable.get("csv_url")
  File "/home/airflow/.local/lib/python3.7/site-packages/airflow/models/variable.py", line 140, in get
    raise KeyError(f'Variable {key} does not exist')
KeyError: 'Variable csv_url does not exist'
[2022-01-19 11:56:05,424] {processor.py:634} WARNING - No viable dags retrieved from /opt/airflow/dags/NameGenderCSVtoRedshift_v3.py
[2022-01-19 11:56:05,463] {processor.py:171} INFO - Processing /opt/airflow/dags/NameGenderCSVtoRedshift_v3.py took 0.199 seconds
[2022-01-19 11:56:35,613] {processor.py:163} INFO - Started process (PID=724) to work on /opt/airflow/dags/NameGenderCSVtoRedshift_v3.py
[2022-01-19 11:56:35,616] {processor.py:620} INFO - Processing file /opt/airflow/dags/NameGenderCSVtoRedshift_v3.py for tasks to queue
[2022-01-19 11:56:35,619] {logging_mixin.py:109} INFO - [2022-01-19 11:56:35,619] {dagbag.py:500} INFO - Filling up the DagBag from /opt/airflow/dags/NameGenderCSVtoRedshift_v3.py
[2022-01-19 11:56:35,672] {logging_mixin.py:109} INFO - [2022-01-19 11:56:35,665] {dagbag.py:334} ERROR - Failed to import: /opt/airflow/dags/NameGenderCSVtoRedshift_v3.py
Traceback (most recent call last):
  File "/home/airflow/.local/lib/python3.7/site-packages/airflow/models/dagbag.py", line 331, in _load_modules_from_file
    loader.exec_module(new_module)
  File "<frozen importlib._bootstrap_external>", line 728, in exec_module
  File "<frozen importlib._bootstrap>", line 219, in _call_with_frames_removed
  File "/opt/airflow/dags/NameGenderCSVtoRedshift_v3.py", line 75, in <module>
    'url':  Variable.get("csv_url")
  File "/home/airflow/.local/lib/python3.7/site-packages/airflow/models/variable.py", line 140, in get
    raise KeyError(f'Variable {key} does not exist')
KeyError: 'Variable csv_url does not exist'
[2022-01-19 11:56:35,685] {processor.py:634} WARNING - No viable dags retrieved from /opt/airflow/dags/NameGenderCSVtoRedshift_v3.py
[2022-01-19 11:56:35,703] {processor.py:171} INFO - Processing /opt/airflow/dags/NameGenderCSVtoRedshift_v3.py took 0.097 seconds
[2022-01-19 11:57:05,995] {processor.py:163} INFO - Started process (PID=868) to work on /opt/airflow/dags/NameGenderCSVtoRedshift_v3.py
[2022-01-19 11:57:06,000] {processor.py:620} INFO - Processing file /opt/airflow/dags/NameGenderCSVtoRedshift_v3.py for tasks to queue
[2022-01-19 11:57:06,003] {logging_mixin.py:109} INFO - [2022-01-19 11:57:06,002] {dagbag.py:500} INFO - Filling up the DagBag from /opt/airflow/dags/NameGenderCSVtoRedshift_v3.py
[2022-01-19 11:57:06,064] {logging_mixin.py:109} INFO - [2022-01-19 11:57:06,056] {dagbag.py:334} ERROR - Failed to import: /opt/airflow/dags/NameGenderCSVtoRedshift_v3.py
Traceback (most recent call last):
  File "/home/airflow/.local/lib/python3.7/site-packages/airflow/models/dagbag.py", line 331, in _load_modules_from_file
    loader.exec_module(new_module)
  File "<frozen importlib._bootstrap_external>", line 728, in exec_module
  File "<frozen importlib._bootstrap>", line 219, in _call_with_frames_removed
  File "/opt/airflow/dags/NameGenderCSVtoRedshift_v3.py", line 75, in <module>
    'url':  Variable.get("csv_url")
  File "/home/airflow/.local/lib/python3.7/site-packages/airflow/models/variable.py", line 140, in get
    raise KeyError(f'Variable {key} does not exist')
KeyError: 'Variable csv_url does not exist'
[2022-01-19 11:57:06,081] {processor.py:634} WARNING - No viable dags retrieved from /opt/airflow/dags/NameGenderCSVtoRedshift_v3.py
[2022-01-19 11:57:06,103] {processor.py:171} INFO - Processing /opt/airflow/dags/NameGenderCSVtoRedshift_v3.py took 0.116 seconds
[2022-01-19 11:57:36,478] {processor.py:163} INFO - Started process (PID=995) to work on /opt/airflow/dags/NameGenderCSVtoRedshift_v3.py
[2022-01-19 11:57:36,482] {processor.py:620} INFO - Processing file /opt/airflow/dags/NameGenderCSVtoRedshift_v3.py for tasks to queue
[2022-01-19 11:57:36,485] {logging_mixin.py:109} INFO - [2022-01-19 11:57:36,485] {dagbag.py:500} INFO - Filling up the DagBag from /opt/airflow/dags/NameGenderCSVtoRedshift_v3.py
[2022-01-19 11:57:36,542] {logging_mixin.py:109} INFO - [2022-01-19 11:57:36,535] {dagbag.py:334} ERROR - Failed to import: /opt/airflow/dags/NameGenderCSVtoRedshift_v3.py
Traceback (most recent call last):
  File "/home/airflow/.local/lib/python3.7/site-packages/airflow/models/dagbag.py", line 331, in _load_modules_from_file
    loader.exec_module(new_module)
  File "<frozen importlib._bootstrap_external>", line 728, in exec_module
  File "<frozen importlib._bootstrap>", line 219, in _call_with_frames_removed
  File "/opt/airflow/dags/NameGenderCSVtoRedshift_v3.py", line 75, in <module>
    'url':  Variable.get("csv_url")
  File "/home/airflow/.local/lib/python3.7/site-packages/airflow/models/variable.py", line 140, in get
    raise KeyError(f'Variable {key} does not exist')
KeyError: 'Variable csv_url does not exist'
[2022-01-19 11:57:36,557] {processor.py:634} WARNING - No viable dags retrieved from /opt/airflow/dags/NameGenderCSVtoRedshift_v3.py
[2022-01-19 11:57:36,575] {processor.py:171} INFO - Processing /opt/airflow/dags/NameGenderCSVtoRedshift_v3.py took 0.105 seconds
[2022-01-19 11:58:07,345] {processor.py:163} INFO - Started process (PID=1137) to work on /opt/airflow/dags/NameGenderCSVtoRedshift_v3.py
[2022-01-19 11:58:07,358] {processor.py:620} INFO - Processing file /opt/airflow/dags/NameGenderCSVtoRedshift_v3.py for tasks to queue
[2022-01-19 11:58:07,363] {logging_mixin.py:109} INFO - [2022-01-19 11:58:07,362] {dagbag.py:500} INFO - Filling up the DagBag from /opt/airflow/dags/NameGenderCSVtoRedshift_v3.py
[2022-01-19 11:58:07,425] {logging_mixin.py:109} INFO - [2022-01-19 11:58:07,418] {dagbag.py:334} ERROR - Failed to import: /opt/airflow/dags/NameGenderCSVtoRedshift_v3.py
Traceback (most recent call last):
  File "/home/airflow/.local/lib/python3.7/site-packages/airflow/models/dagbag.py", line 331, in _load_modules_from_file
    loader.exec_module(new_module)
  File "<frozen importlib._bootstrap_external>", line 728, in exec_module
  File "<frozen importlib._bootstrap>", line 219, in _call_with_frames_removed
  File "/opt/airflow/dags/NameGenderCSVtoRedshift_v3.py", line 75, in <module>
    'url':  Variable.get("csv_url")
  File "/home/airflow/.local/lib/python3.7/site-packages/airflow/models/variable.py", line 140, in get
    raise KeyError(f'Variable {key} does not exist')
KeyError: 'Variable csv_url does not exist'
[2022-01-19 11:58:07,443] {processor.py:634} WARNING - No viable dags retrieved from /opt/airflow/dags/NameGenderCSVtoRedshift_v3.py
[2022-01-19 11:58:07,462] {processor.py:171} INFO - Processing /opt/airflow/dags/NameGenderCSVtoRedshift_v3.py took 0.128 seconds
[2022-01-19 11:58:18,594] {processor.py:163} INFO - Started process (PID=1173) to work on /opt/airflow/dags/NameGenderCSVtoRedshift_v3.py
[2022-01-19 11:58:18,604] {processor.py:620} INFO - Processing file /opt/airflow/dags/NameGenderCSVtoRedshift_v3.py for tasks to queue
[2022-01-19 11:58:18,610] {logging_mixin.py:109} INFO - [2022-01-19 11:58:18,610] {dagbag.py:500} INFO - Filling up the DagBag from /opt/airflow/dags/NameGenderCSVtoRedshift_v3.py
[2022-01-19 11:58:18,726] {logging_mixin.py:109} INFO - [2022-01-19 11:58:18,708] {dagbag.py:334} ERROR - Failed to import: /opt/airflow/dags/NameGenderCSVtoRedshift_v3.py
Traceback (most recent call last):
  File "/home/airflow/.local/lib/python3.7/site-packages/airflow/models/dagbag.py", line 331, in _load_modules_from_file
    loader.exec_module(new_module)
  File "<frozen importlib._bootstrap_external>", line 728, in exec_module
  File "<frozen importlib._bootstrap>", line 219, in _call_with_frames_removed
  File "/opt/airflow/dags/NameGenderCSVtoRedshift_v3.py", line 75, in <module>
    'url':  Variable.get("csv_url")
  File "/home/airflow/.local/lib/python3.7/site-packages/airflow/models/variable.py", line 140, in get
    raise KeyError(f'Variable {key} does not exist')
KeyError: 'Variable csv_url does not exist'
[2022-01-19 11:58:18,745] {processor.py:634} WARNING - No viable dags retrieved from /opt/airflow/dags/NameGenderCSVtoRedshift_v3.py
[2022-01-19 11:58:18,773] {processor.py:171} INFO - Processing /opt/airflow/dags/NameGenderCSVtoRedshift_v3.py took 0.186 seconds
[2022-01-19 12:04:18,266] {processor.py:163} INFO - Started process (PID=2482) to work on /opt/airflow/dags/NameGenderCSVtoRedshift_v3.py
[2022-01-19 12:04:18,270] {processor.py:620} INFO - Processing file /opt/airflow/dags/NameGenderCSVtoRedshift_v3.py for tasks to queue
[2022-01-19 12:04:18,273] {logging_mixin.py:109} INFO - [2022-01-19 12:04:18,273] {dagbag.py:500} INFO - Filling up the DagBag from /opt/airflow/dags/NameGenderCSVtoRedshift_v3.py
[2022-01-19 12:04:18,354] {logging_mixin.py:109} INFO - [2022-01-19 12:04:18,346] {dagbag.py:334} ERROR - Failed to import: /opt/airflow/dags/NameGenderCSVtoRedshift_v3.py
Traceback (most recent call last):
  File "/home/airflow/.local/lib/python3.7/site-packages/airflow/models/dagbag.py", line 331, in _load_modules_from_file
    loader.exec_module(new_module)
  File "<frozen importlib._bootstrap_external>", line 728, in exec_module
  File "<frozen importlib._bootstrap>", line 219, in _call_with_frames_removed
  File "/opt/airflow/dags/NameGenderCSVtoRedshift_v3.py", line 75, in <module>
    'url':  Variable.get("csv_url")
  File "/home/airflow/.local/lib/python3.7/site-packages/airflow/models/variable.py", line 140, in get
    raise KeyError(f'Variable {key} does not exist')
KeyError: 'Variable csv_url does not exist'
[2022-01-19 12:04:18,372] {processor.py:634} WARNING - No viable dags retrieved from /opt/airflow/dags/NameGenderCSVtoRedshift_v3.py
[2022-01-19 12:04:18,392] {processor.py:171} INFO - Processing /opt/airflow/dags/NameGenderCSVtoRedshift_v3.py took 0.148 seconds
[2022-01-19 12:04:48,697] {processor.py:163} INFO - Started process (PID=2607) to work on /opt/airflow/dags/NameGenderCSVtoRedshift_v3.py
[2022-01-19 12:04:48,701] {processor.py:620} INFO - Processing file /opt/airflow/dags/NameGenderCSVtoRedshift_v3.py for tasks to queue
[2022-01-19 12:04:48,704] {logging_mixin.py:109} INFO - [2022-01-19 12:04:48,704] {dagbag.py:500} INFO - Filling up the DagBag from /opt/airflow/dags/NameGenderCSVtoRedshift_v3.py
[2022-01-19 12:04:48,763] {logging_mixin.py:109} INFO - [2022-01-19 12:04:48,757] {dagbag.py:334} ERROR - Failed to import: /opt/airflow/dags/NameGenderCSVtoRedshift_v3.py
Traceback (most recent call last):
  File "/home/airflow/.local/lib/python3.7/site-packages/airflow/models/dagbag.py", line 331, in _load_modules_from_file
    loader.exec_module(new_module)
  File "<frozen importlib._bootstrap_external>", line 728, in exec_module
  File "<frozen importlib._bootstrap>", line 219, in _call_with_frames_removed
  File "/opt/airflow/dags/NameGenderCSVtoRedshift_v3.py", line 75, in <module>
    'url':  Variable.get("csv_url")
  File "/home/airflow/.local/lib/python3.7/site-packages/airflow/models/variable.py", line 140, in get
    raise KeyError(f'Variable {key} does not exist')
KeyError: 'Variable csv_url does not exist'
[2022-01-19 12:04:48,777] {processor.py:634} WARNING - No viable dags retrieved from /opt/airflow/dags/NameGenderCSVtoRedshift_v3.py
[2022-01-19 12:04:48,794] {processor.py:171} INFO - Processing /opt/airflow/dags/NameGenderCSVtoRedshift_v3.py took 0.104 seconds
[2022-01-19 12:05:19,498] {processor.py:163} INFO - Started process (PID=2744) to work on /opt/airflow/dags/NameGenderCSVtoRedshift_v3.py
[2022-01-19 12:05:19,503] {processor.py:620} INFO - Processing file /opt/airflow/dags/NameGenderCSVtoRedshift_v3.py for tasks to queue
[2022-01-19 12:05:19,506] {logging_mixin.py:109} INFO - [2022-01-19 12:05:19,506] {dagbag.py:500} INFO - Filling up the DagBag from /opt/airflow/dags/NameGenderCSVtoRedshift_v3.py
[2022-01-19 12:05:19,590] {logging_mixin.py:109} INFO - [2022-01-19 12:05:19,582] {dagbag.py:334} ERROR - Failed to import: /opt/airflow/dags/NameGenderCSVtoRedshift_v3.py
Traceback (most recent call last):
  File "/home/airflow/.local/lib/python3.7/site-packages/airflow/models/dagbag.py", line 331, in _load_modules_from_file
    loader.exec_module(new_module)
  File "<frozen importlib._bootstrap_external>", line 728, in exec_module
  File "<frozen importlib._bootstrap>", line 219, in _call_with_frames_removed
  File "/opt/airflow/dags/NameGenderCSVtoRedshift_v3.py", line 75, in <module>
    'url':  Variable.get("csv_url")
  File "/home/airflow/.local/lib/python3.7/site-packages/airflow/models/variable.py", line 140, in get
    raise KeyError(f'Variable {key} does not exist')
KeyError: 'Variable csv_url does not exist'
[2022-01-19 12:05:19,606] {processor.py:634} WARNING - No viable dags retrieved from /opt/airflow/dags/NameGenderCSVtoRedshift_v3.py
[2022-01-19 12:05:19,629] {processor.py:171} INFO - Processing /opt/airflow/dags/NameGenderCSVtoRedshift_v3.py took 0.139 seconds
[2022-01-19 12:05:50,019] {processor.py:163} INFO - Started process (PID=2866) to work on /opt/airflow/dags/NameGenderCSVtoRedshift_v3.py
[2022-01-19 12:05:50,023] {processor.py:620} INFO - Processing file /opt/airflow/dags/NameGenderCSVtoRedshift_v3.py for tasks to queue
[2022-01-19 12:05:50,026] {logging_mixin.py:109} INFO - [2022-01-19 12:05:50,026] {dagbag.py:500} INFO - Filling up the DagBag from /opt/airflow/dags/NameGenderCSVtoRedshift_v3.py
[2022-01-19 12:05:50,085] {logging_mixin.py:109} INFO - [2022-01-19 12:05:50,077] {dagbag.py:334} ERROR - Failed to import: /opt/airflow/dags/NameGenderCSVtoRedshift_v3.py
Traceback (most recent call last):
  File "/home/airflow/.local/lib/python3.7/site-packages/airflow/models/dagbag.py", line 331, in _load_modules_from_file
    loader.exec_module(new_module)
  File "<frozen importlib._bootstrap_external>", line 728, in exec_module
  File "<frozen importlib._bootstrap>", line 219, in _call_with_frames_removed
  File "/opt/airflow/dags/NameGenderCSVtoRedshift_v3.py", line 75, in <module>
    'url':  Variable.get("csv_url")
  File "/home/airflow/.local/lib/python3.7/site-packages/airflow/models/variable.py", line 140, in get
    raise KeyError(f'Variable {key} does not exist')
KeyError: 'Variable csv_url does not exist'
[2022-01-19 12:05:50,100] {processor.py:634} WARNING - No viable dags retrieved from /opt/airflow/dags/NameGenderCSVtoRedshift_v3.py
[2022-01-19 12:05:50,118] {processor.py:171} INFO - Processing /opt/airflow/dags/NameGenderCSVtoRedshift_v3.py took 0.106 seconds
[2022-01-19 12:06:20,685] {processor.py:163} INFO - Started process (PID=3004) to work on /opt/airflow/dags/NameGenderCSVtoRedshift_v3.py
[2022-01-19 12:06:20,696] {processor.py:620} INFO - Processing file /opt/airflow/dags/NameGenderCSVtoRedshift_v3.py for tasks to queue
[2022-01-19 12:06:20,701] {logging_mixin.py:109} INFO - [2022-01-19 12:06:20,700] {dagbag.py:500} INFO - Filling up the DagBag from /opt/airflow/dags/NameGenderCSVtoRedshift_v3.py
[2022-01-19 12:06:20,768] {logging_mixin.py:109} INFO - [2022-01-19 12:06:20,760] {dagbag.py:334} ERROR - Failed to import: /opt/airflow/dags/NameGenderCSVtoRedshift_v3.py
Traceback (most recent call last):
  File "/home/airflow/.local/lib/python3.7/site-packages/airflow/models/dagbag.py", line 331, in _load_modules_from_file
    loader.exec_module(new_module)
  File "<frozen importlib._bootstrap_external>", line 728, in exec_module
  File "<frozen importlib._bootstrap>", line 219, in _call_with_frames_removed
  File "/opt/airflow/dags/NameGenderCSVtoRedshift_v3.py", line 75, in <module>
    'url':  Variable.get("csv_url")
  File "/home/airflow/.local/lib/python3.7/site-packages/airflow/models/variable.py", line 140, in get
    raise KeyError(f'Variable {key} does not exist')
KeyError: 'Variable csv_url does not exist'
[2022-01-19 12:06:20,787] {processor.py:634} WARNING - No viable dags retrieved from /opt/airflow/dags/NameGenderCSVtoRedshift_v3.py
[2022-01-19 12:06:20,806] {processor.py:171} INFO - Processing /opt/airflow/dags/NameGenderCSVtoRedshift_v3.py took 0.129 seconds
[2022-01-19 12:06:51,054] {processor.py:163} INFO - Started process (PID=3125) to work on /opt/airflow/dags/NameGenderCSVtoRedshift_v3.py
[2022-01-19 12:06:51,058] {processor.py:620} INFO - Processing file /opt/airflow/dags/NameGenderCSVtoRedshift_v3.py for tasks to queue
[2022-01-19 12:06:51,061] {logging_mixin.py:109} INFO - [2022-01-19 12:06:51,061] {dagbag.py:500} INFO - Filling up the DagBag from /opt/airflow/dags/NameGenderCSVtoRedshift_v3.py
[2022-01-19 12:06:51,118] {logging_mixin.py:109} INFO - [2022-01-19 12:06:51,110] {dagbag.py:334} ERROR - Failed to import: /opt/airflow/dags/NameGenderCSVtoRedshift_v3.py
Traceback (most recent call last):
  File "/home/airflow/.local/lib/python3.7/site-packages/airflow/models/dagbag.py", line 331, in _load_modules_from_file
    loader.exec_module(new_module)
  File "<frozen importlib._bootstrap_external>", line 728, in exec_module
  File "<frozen importlib._bootstrap>", line 219, in _call_with_frames_removed
  File "/opt/airflow/dags/NameGenderCSVtoRedshift_v3.py", line 75, in <module>
    'url':  Variable.get("csv_url")
  File "/home/airflow/.local/lib/python3.7/site-packages/airflow/models/variable.py", line 140, in get
    raise KeyError(f'Variable {key} does not exist')
KeyError: 'Variable csv_url does not exist'
[2022-01-19 12:06:51,133] {processor.py:634} WARNING - No viable dags retrieved from /opt/airflow/dags/NameGenderCSVtoRedshift_v3.py
[2022-01-19 12:06:51,152] {processor.py:171} INFO - Processing /opt/airflow/dags/NameGenderCSVtoRedshift_v3.py took 0.106 seconds
[2022-01-19 12:07:21,572] {processor.py:163} INFO - Started process (PID=3262) to work on /opt/airflow/dags/NameGenderCSVtoRedshift_v3.py
[2022-01-19 12:07:21,579] {processor.py:620} INFO - Processing file /opt/airflow/dags/NameGenderCSVtoRedshift_v3.py for tasks to queue
[2022-01-19 12:07:21,583] {logging_mixin.py:109} INFO - [2022-01-19 12:07:21,583] {dagbag.py:500} INFO - Filling up the DagBag from /opt/airflow/dags/NameGenderCSVtoRedshift_v3.py
[2022-01-19 12:07:21,684] {logging_mixin.py:109} INFO - [2022-01-19 12:07:21,670] {dagbag.py:334} ERROR - Failed to import: /opt/airflow/dags/NameGenderCSVtoRedshift_v3.py
Traceback (most recent call last):
  File "/home/airflow/.local/lib/python3.7/site-packages/airflow/models/dagbag.py", line 331, in _load_modules_from_file
    loader.exec_module(new_module)
  File "<frozen importlib._bootstrap_external>", line 728, in exec_module
  File "<frozen importlib._bootstrap>", line 219, in _call_with_frames_removed
  File "/opt/airflow/dags/NameGenderCSVtoRedshift_v3.py", line 75, in <module>
    'url':  Variable.get("csv_url")
  File "/home/airflow/.local/lib/python3.7/site-packages/airflow/models/variable.py", line 140, in get
    raise KeyError(f'Variable {key} does not exist')
KeyError: 'Variable csv_url does not exist'
[2022-01-19 12:07:21,711] {processor.py:634} WARNING - No viable dags retrieved from /opt/airflow/dags/NameGenderCSVtoRedshift_v3.py
[2022-01-19 12:07:21,740] {processor.py:171} INFO - Processing /opt/airflow/dags/NameGenderCSVtoRedshift_v3.py took 0.176 seconds
[2022-01-19 12:07:52,436] {processor.py:163} INFO - Started process (PID=3384) to work on /opt/airflow/dags/NameGenderCSVtoRedshift_v3.py
[2022-01-19 12:07:52,440] {processor.py:620} INFO - Processing file /opt/airflow/dags/NameGenderCSVtoRedshift_v3.py for tasks to queue
[2022-01-19 12:07:52,443] {logging_mixin.py:109} INFO - [2022-01-19 12:07:52,443] {dagbag.py:500} INFO - Filling up the DagBag from /opt/airflow/dags/NameGenderCSVtoRedshift_v3.py
[2022-01-19 12:07:52,503] {logging_mixin.py:109} INFO - [2022-01-19 12:07:52,494] {dagbag.py:334} ERROR - Failed to import: /opt/airflow/dags/NameGenderCSVtoRedshift_v3.py
Traceback (most recent call last):
  File "/home/airflow/.local/lib/python3.7/site-packages/airflow/models/dagbag.py", line 331, in _load_modules_from_file
    loader.exec_module(new_module)
  File "<frozen importlib._bootstrap_external>", line 728, in exec_module
  File "<frozen importlib._bootstrap>", line 219, in _call_with_frames_removed
  File "/opt/airflow/dags/NameGenderCSVtoRedshift_v3.py", line 75, in <module>
    'url':  Variable.get("csv_url")
  File "/home/airflow/.local/lib/python3.7/site-packages/airflow/models/variable.py", line 140, in get
    raise KeyError(f'Variable {key} does not exist')
KeyError: 'Variable csv_url does not exist'
[2022-01-19 12:07:52,519] {processor.py:634} WARNING - No viable dags retrieved from /opt/airflow/dags/NameGenderCSVtoRedshift_v3.py
[2022-01-19 12:07:52,537] {processor.py:171} INFO - Processing /opt/airflow/dags/NameGenderCSVtoRedshift_v3.py took 0.109 seconds
[2022-01-19 12:08:23,842] {processor.py:163} INFO - Started process (PID=3521) to work on /opt/airflow/dags/NameGenderCSVtoRedshift_v3.py
[2022-01-19 12:08:23,847] {processor.py:620} INFO - Processing file /opt/airflow/dags/NameGenderCSVtoRedshift_v3.py for tasks to queue
[2022-01-19 12:08:23,852] {logging_mixin.py:109} INFO - [2022-01-19 12:08:23,851] {dagbag.py:500} INFO - Filling up the DagBag from /opt/airflow/dags/NameGenderCSVtoRedshift_v3.py
[2022-01-19 12:08:23,919] {logging_mixin.py:109} INFO - [2022-01-19 12:08:23,907] {dagbag.py:334} ERROR - Failed to import: /opt/airflow/dags/NameGenderCSVtoRedshift_v3.py
Traceback (most recent call last):
  File "/home/airflow/.local/lib/python3.7/site-packages/airflow/models/dagbag.py", line 331, in _load_modules_from_file
    loader.exec_module(new_module)
  File "<frozen importlib._bootstrap_external>", line 728, in exec_module
  File "<frozen importlib._bootstrap>", line 219, in _call_with_frames_removed
  File "/opt/airflow/dags/NameGenderCSVtoRedshift_v3.py", line 75, in <module>
    'url':  Variable.get("csv_url")
  File "/home/airflow/.local/lib/python3.7/site-packages/airflow/models/variable.py", line 140, in get
    raise KeyError(f'Variable {key} does not exist')
KeyError: 'Variable csv_url does not exist'
[2022-01-19 12:08:23,945] {processor.py:634} WARNING - No viable dags retrieved from /opt/airflow/dags/NameGenderCSVtoRedshift_v3.py
[2022-01-19 12:08:23,975] {processor.py:171} INFO - Processing /opt/airflow/dags/NameGenderCSVtoRedshift_v3.py took 0.142 seconds
[2022-01-19 12:10:00,045] {processor.py:163} INFO - Started process (PID=3833) to work on /opt/airflow/dags/NameGenderCSVtoRedshift_v3.py
[2022-01-19 12:10:00,049] {processor.py:620} INFO - Processing file /opt/airflow/dags/NameGenderCSVtoRedshift_v3.py for tasks to queue
[2022-01-19 12:10:00,052] {logging_mixin.py:109} INFO - [2022-01-19 12:10:00,051] {dagbag.py:500} INFO - Filling up the DagBag from /opt/airflow/dags/NameGenderCSVtoRedshift_v3.py
[2022-01-19 12:10:00,094] {processor.py:634} WARNING - No viable dags retrieved from /opt/airflow/dags/NameGenderCSVtoRedshift_v3.py
[2022-01-19 12:10:00,098] {processor.py:171} INFO - Processing /opt/airflow/dags/NameGenderCSVtoRedshift_v3.py took 0.064 seconds
