[2022-01-19 11:42:06,778] {processor.py:163} INFO - Started process (PID=259) to work on /opt/airflow/dags/NameGenderCSVtoRedshift.py
[2022-01-19 11:42:06,783] {processor.py:620} INFO - Processing file /opt/airflow/dags/NameGenderCSVtoRedshift.py for tasks to queue
[2022-01-19 11:42:06,789] {logging_mixin.py:109} INFO - [2022-01-19 11:42:06,788] {dagbag.py:500} INFO - Filling up the DagBag from /opt/airflow/dags/NameGenderCSVtoRedshift.py
[2022-01-19 11:42:06,964] {processor.py:632} INFO - DAG(s) dict_keys(['second_assignment']) retrieved from /opt/airflow/dags/NameGenderCSVtoRedshift.py
[2022-01-19 11:42:19,179] {logging_mixin.py:109} INFO - [2022-01-19 11:42:19,179] {providers_manager.py:156} WARNING - Exception when importing 'airflow.providers.google.leveldb.hooks.leveldb.LevelDBHook' from 'apache-airflow-providers-google' package: No module named 'plyvel'
[2022-01-19 11:42:21,119] {logging_mixin.py:109} INFO - [2022-01-19 11:42:21,119] {providers_manager.py:156} WARNING - Exception when importing 'airflow.providers.google.leveldb.hooks.leveldb.LevelDBHook' from 'apache-airflow-providers-google' package: No module named 'plyvel'
[2022-01-19 11:42:21,201] {logging_mixin.py:109} INFO - [2022-01-19 11:42:21,200] {manager.py:496} INFO - Created Permission View: can edit on DAG:second_assignment
[2022-01-19 11:42:21,230] {logging_mixin.py:109} INFO - [2022-01-19 11:42:21,229] {manager.py:496} INFO - Created Permission View: can read on DAG:second_assignment
[2022-01-19 11:42:21,233] {logging_mixin.py:109} INFO - [2022-01-19 11:42:21,232] {dag.py:2389} INFO - Sync 1 DAGs
[2022-01-19 11:42:21,275] {logging_mixin.py:109} INFO - [2022-01-19 11:42:21,273] {dag.py:2408} INFO - Creating ORM DAG for second_assignment
[2022-01-19 11:42:21,318] {logging_mixin.py:109} INFO - [2022-01-19 11:42:21,318] {dag.py:2914} INFO - Setting next_dagrun for second_assignment to 2022-01-18 02:00:00+00:00
[2022-01-19 11:42:21,360] {processor.py:171} INFO - Processing /opt/airflow/dags/NameGenderCSVtoRedshift.py took 14.603 seconds
[2022-01-19 11:45:31,912] {processor.py:163} INFO - Started process (PID=726) to work on /opt/airflow/dags/NameGenderCSVtoRedshift.py
[2022-01-19 11:45:31,916] {processor.py:620} INFO - Processing file /opt/airflow/dags/NameGenderCSVtoRedshift.py for tasks to queue
[2022-01-19 11:45:31,930] {logging_mixin.py:109} INFO - [2022-01-19 11:45:31,929] {dagbag.py:500} INFO - Filling up the DagBag from /opt/airflow/dags/NameGenderCSVtoRedshift.py
[2022-01-19 11:45:32,015] {processor.py:632} INFO - DAG(s) dict_keys(['second_assignment']) retrieved from /opt/airflow/dags/NameGenderCSVtoRedshift.py
[2022-01-19 11:45:32,055] {logging_mixin.py:109} INFO - [2022-01-19 11:45:32,055] {dag.py:2389} INFO - Sync 1 DAGs
[2022-01-19 11:45:32,141] {logging_mixin.py:109} INFO - [2022-01-19 11:45:32,140] {dag.py:2914} INFO - Setting next_dagrun for second_assignment to 2022-01-18 02:00:00+00:00
[2022-01-19 11:45:32,185] {processor.py:171} INFO - Processing /opt/airflow/dags/NameGenderCSVtoRedshift.py took 0.282 seconds
[2022-01-19 11:46:02,397] {processor.py:163} INFO - Started process (PID=848) to work on /opt/airflow/dags/NameGenderCSVtoRedshift.py
[2022-01-19 11:46:02,401] {processor.py:620} INFO - Processing file /opt/airflow/dags/NameGenderCSVtoRedshift.py for tasks to queue
[2022-01-19 11:46:02,404] {logging_mixin.py:109} INFO - [2022-01-19 11:46:02,404] {dagbag.py:500} INFO - Filling up the DagBag from /opt/airflow/dags/NameGenderCSVtoRedshift.py
[2022-01-19 11:46:02,482] {processor.py:632} INFO - DAG(s) dict_keys(['second_assignment']) retrieved from /opt/airflow/dags/NameGenderCSVtoRedshift.py
[2022-01-19 11:46:02,519] {logging_mixin.py:109} INFO - [2022-01-19 11:46:02,519] {dag.py:2389} INFO - Sync 1 DAGs
[2022-01-19 11:46:02,583] {logging_mixin.py:109} INFO - [2022-01-19 11:46:02,583] {dag.py:2914} INFO - Setting next_dagrun for second_assignment to 2022-01-18 02:00:00+00:00
[2022-01-19 11:46:02,606] {processor.py:171} INFO - Processing /opt/airflow/dags/NameGenderCSVtoRedshift.py took 0.217 seconds
[2022-01-19 11:46:33,295] {processor.py:163} INFO - Started process (PID=994) to work on /opt/airflow/dags/NameGenderCSVtoRedshift.py
[2022-01-19 11:46:33,300] {processor.py:620} INFO - Processing file /opt/airflow/dags/NameGenderCSVtoRedshift.py for tasks to queue
[2022-01-19 11:46:33,304] {logging_mixin.py:109} INFO - [2022-01-19 11:46:33,304] {dagbag.py:500} INFO - Filling up the DagBag from /opt/airflow/dags/NameGenderCSVtoRedshift.py
[2022-01-19 11:46:33,398] {processor.py:632} INFO - DAG(s) dict_keys(['second_assignment']) retrieved from /opt/airflow/dags/NameGenderCSVtoRedshift.py
[2022-01-19 11:46:33,433] {logging_mixin.py:109} INFO - [2022-01-19 11:46:33,433] {dag.py:2389} INFO - Sync 1 DAGs
[2022-01-19 11:46:33,503] {logging_mixin.py:109} INFO - [2022-01-19 11:46:33,503] {dag.py:2914} INFO - Setting next_dagrun for second_assignment to 2022-01-18 02:00:00+00:00
[2022-01-19 11:46:33,530] {processor.py:171} INFO - Processing /opt/airflow/dags/NameGenderCSVtoRedshift.py took 0.248 seconds
[2022-01-19 11:47:04,023] {processor.py:163} INFO - Started process (PID=1120) to work on /opt/airflow/dags/NameGenderCSVtoRedshift.py
[2022-01-19 11:47:04,026] {processor.py:620} INFO - Processing file /opt/airflow/dags/NameGenderCSVtoRedshift.py for tasks to queue
[2022-01-19 11:47:04,029] {logging_mixin.py:109} INFO - [2022-01-19 11:47:04,029] {dagbag.py:500} INFO - Filling up the DagBag from /opt/airflow/dags/NameGenderCSVtoRedshift.py
[2022-01-19 11:47:04,102] {processor.py:632} INFO - DAG(s) dict_keys(['second_assignment']) retrieved from /opt/airflow/dags/NameGenderCSVtoRedshift.py
[2022-01-19 11:47:04,134] {logging_mixin.py:109} INFO - [2022-01-19 11:47:04,133] {dag.py:2389} INFO - Sync 1 DAGs
[2022-01-19 11:47:04,187] {logging_mixin.py:109} INFO - [2022-01-19 11:47:04,187] {dag.py:2914} INFO - Setting next_dagrun for second_assignment to 2022-01-18 02:00:00+00:00
[2022-01-19 11:47:04,212] {processor.py:171} INFO - Processing /opt/airflow/dags/NameGenderCSVtoRedshift.py took 0.197 seconds
[2022-01-19 11:47:35,483] {processor.py:163} INFO - Started process (PID=1264) to work on /opt/airflow/dags/NameGenderCSVtoRedshift.py
[2022-01-19 11:47:35,488] {processor.py:620} INFO - Processing file /opt/airflow/dags/NameGenderCSVtoRedshift.py for tasks to queue
[2022-01-19 11:47:35,492] {logging_mixin.py:109} INFO - [2022-01-19 11:47:35,492] {dagbag.py:500} INFO - Filling up the DagBag from /opt/airflow/dags/NameGenderCSVtoRedshift.py
[2022-01-19 11:47:35,574] {processor.py:632} INFO - DAG(s) dict_keys(['second_assignment']) retrieved from /opt/airflow/dags/NameGenderCSVtoRedshift.py
[2022-01-19 11:47:35,622] {logging_mixin.py:109} INFO - [2022-01-19 11:47:35,621] {dag.py:2389} INFO - Sync 1 DAGs
[2022-01-19 11:47:35,705] {logging_mixin.py:109} INFO - [2022-01-19 11:47:35,704] {dag.py:2914} INFO - Setting next_dagrun for second_assignment to 2022-01-18 02:00:00+00:00
[2022-01-19 11:47:35,738] {processor.py:171} INFO - Processing /opt/airflow/dags/NameGenderCSVtoRedshift.py took 0.262 seconds
[2022-01-19 11:48:07,190] {processor.py:163} INFO - Started process (PID=1401) to work on /opt/airflow/dags/NameGenderCSVtoRedshift.py
[2022-01-19 11:48:07,195] {processor.py:620} INFO - Processing file /opt/airflow/dags/NameGenderCSVtoRedshift.py for tasks to queue
[2022-01-19 11:48:07,199] {logging_mixin.py:109} INFO - [2022-01-19 11:48:07,198] {dagbag.py:500} INFO - Filling up the DagBag from /opt/airflow/dags/NameGenderCSVtoRedshift.py
[2022-01-19 11:48:07,339] {processor.py:632} INFO - DAG(s) dict_keys(['second_assignment']) retrieved from /opt/airflow/dags/NameGenderCSVtoRedshift.py
[2022-01-19 11:48:07,394] {logging_mixin.py:109} INFO - [2022-01-19 11:48:07,393] {dag.py:2389} INFO - Sync 1 DAGs
[2022-01-19 11:48:07,460] {logging_mixin.py:109} INFO - [2022-01-19 11:48:07,459] {dag.py:2914} INFO - Setting next_dagrun for second_assignment to 2022-01-18 02:00:00+00:00
[2022-01-19 11:48:07,498] {processor.py:171} INFO - Processing /opt/airflow/dags/NameGenderCSVtoRedshift.py took 0.317 seconds
[2022-01-19 11:48:38,485] {processor.py:163} INFO - Started process (PID=1534) to work on /opt/airflow/dags/NameGenderCSVtoRedshift.py
[2022-01-19 11:48:38,502] {processor.py:620} INFO - Processing file /opt/airflow/dags/NameGenderCSVtoRedshift.py for tasks to queue
[2022-01-19 11:48:38,505] {logging_mixin.py:109} INFO - [2022-01-19 11:48:38,505] {dagbag.py:500} INFO - Filling up the DagBag from /opt/airflow/dags/NameGenderCSVtoRedshift.py
[2022-01-19 11:48:38,587] {processor.py:632} INFO - DAG(s) dict_keys(['second_assignment']) retrieved from /opt/airflow/dags/NameGenderCSVtoRedshift.py
[2022-01-19 11:48:38,622] {logging_mixin.py:109} INFO - [2022-01-19 11:48:38,621] {dag.py:2389} INFO - Sync 1 DAGs
[2022-01-19 11:48:38,687] {logging_mixin.py:109} INFO - [2022-01-19 11:48:38,687] {dag.py:2914} INFO - Setting next_dagrun for second_assignment to 2022-01-18 02:00:00+00:00
[2022-01-19 11:48:38,715] {processor.py:171} INFO - Processing /opt/airflow/dags/NameGenderCSVtoRedshift.py took 0.251 seconds
[2022-01-19 11:49:08,949] {processor.py:163} INFO - Started process (PID=1670) to work on /opt/airflow/dags/NameGenderCSVtoRedshift.py
[2022-01-19 11:49:08,953] {processor.py:620} INFO - Processing file /opt/airflow/dags/NameGenderCSVtoRedshift.py for tasks to queue
[2022-01-19 11:49:08,956] {logging_mixin.py:109} INFO - [2022-01-19 11:49:08,955] {dagbag.py:500} INFO - Filling up the DagBag from /opt/airflow/dags/NameGenderCSVtoRedshift.py
[2022-01-19 11:49:09,049] {processor.py:632} INFO - DAG(s) dict_keys(['second_assignment']) retrieved from /opt/airflow/dags/NameGenderCSVtoRedshift.py
[2022-01-19 11:49:09,088] {logging_mixin.py:109} INFO - [2022-01-19 11:49:09,087] {dag.py:2389} INFO - Sync 1 DAGs
[2022-01-19 11:49:09,156] {logging_mixin.py:109} INFO - [2022-01-19 11:49:09,155] {dag.py:2914} INFO - Setting next_dagrun for second_assignment to 2022-01-18 02:00:00+00:00
[2022-01-19 11:49:09,184] {processor.py:171} INFO - Processing /opt/airflow/dags/NameGenderCSVtoRedshift.py took 0.250 seconds
[2022-01-19 11:49:39,766] {processor.py:163} INFO - Started process (PID=1798) to work on /opt/airflow/dags/NameGenderCSVtoRedshift.py
[2022-01-19 11:49:39,770] {processor.py:620} INFO - Processing file /opt/airflow/dags/NameGenderCSVtoRedshift.py for tasks to queue
[2022-01-19 11:49:39,773] {logging_mixin.py:109} INFO - [2022-01-19 11:49:39,772] {dagbag.py:500} INFO - Filling up the DagBag from /opt/airflow/dags/NameGenderCSVtoRedshift.py
[2022-01-19 11:49:39,847] {processor.py:632} INFO - DAG(s) dict_keys(['second_assignment']) retrieved from /opt/airflow/dags/NameGenderCSVtoRedshift.py
[2022-01-19 11:49:39,881] {logging_mixin.py:109} INFO - [2022-01-19 11:49:39,880] {dag.py:2389} INFO - Sync 1 DAGs
[2022-01-19 11:49:39,945] {logging_mixin.py:109} INFO - [2022-01-19 11:49:39,945] {dag.py:2914} INFO - Setting next_dagrun for second_assignment to 2022-01-18 02:00:00+00:00
[2022-01-19 11:49:39,976] {processor.py:171} INFO - Processing /opt/airflow/dags/NameGenderCSVtoRedshift.py took 0.217 seconds
[2022-01-19 11:50:10,517] {processor.py:163} INFO - Started process (PID=1943) to work on /opt/airflow/dags/NameGenderCSVtoRedshift.py
[2022-01-19 11:50:10,527] {processor.py:620} INFO - Processing file /opt/airflow/dags/NameGenderCSVtoRedshift.py for tasks to queue
[2022-01-19 11:50:10,531] {logging_mixin.py:109} INFO - [2022-01-19 11:50:10,529] {dagbag.py:500} INFO - Filling up the DagBag from /opt/airflow/dags/NameGenderCSVtoRedshift.py
[2022-01-19 11:50:10,610] {processor.py:632} INFO - DAG(s) dict_keys(['second_assignment']) retrieved from /opt/airflow/dags/NameGenderCSVtoRedshift.py
[2022-01-19 11:50:10,648] {logging_mixin.py:109} INFO - [2022-01-19 11:50:10,648] {dag.py:2389} INFO - Sync 1 DAGs
[2022-01-19 11:50:10,731] {logging_mixin.py:109} INFO - [2022-01-19 11:50:10,731] {dag.py:2914} INFO - Setting next_dagrun for second_assignment to 2022-01-18 02:00:00+00:00
[2022-01-19 11:50:10,806] {processor.py:171} INFO - Processing /opt/airflow/dags/NameGenderCSVtoRedshift.py took 0.298 seconds
[2022-01-19 11:50:41,967] {processor.py:163} INFO - Started process (PID=2059) to work on /opt/airflow/dags/NameGenderCSVtoRedshift.py
[2022-01-19 11:50:41,973] {processor.py:620} INFO - Processing file /opt/airflow/dags/NameGenderCSVtoRedshift.py for tasks to queue
[2022-01-19 11:50:41,977] {logging_mixin.py:109} INFO - [2022-01-19 11:50:41,977] {dagbag.py:500} INFO - Filling up the DagBag from /opt/airflow/dags/NameGenderCSVtoRedshift.py
[2022-01-19 11:50:42,081] {processor.py:632} INFO - DAG(s) dict_keys(['second_assignment']) retrieved from /opt/airflow/dags/NameGenderCSVtoRedshift.py
[2022-01-19 11:50:42,130] {logging_mixin.py:109} INFO - [2022-01-19 11:50:42,130] {dag.py:2389} INFO - Sync 1 DAGs
[2022-01-19 11:50:42,213] {logging_mixin.py:109} INFO - [2022-01-19 11:50:42,212] {dag.py:2914} INFO - Setting next_dagrun for second_assignment to 2022-01-18 02:00:00+00:00
[2022-01-19 11:50:42,246] {processor.py:171} INFO - Processing /opt/airflow/dags/NameGenderCSVtoRedshift.py took 0.288 seconds
[2022-01-19 11:54:22,512] {processor.py:163} INFO - Started process (PID=185) to work on /opt/airflow/dags/NameGenderCSVtoRedshift.py
[2022-01-19 11:54:22,547] {processor.py:620} INFO - Processing file /opt/airflow/dags/NameGenderCSVtoRedshift.py for tasks to queue
[2022-01-19 11:54:22,554] {logging_mixin.py:109} INFO - [2022-01-19 11:54:22,554] {dagbag.py:500} INFO - Filling up the DagBag from /opt/airflow/dags/NameGenderCSVtoRedshift.py
[2022-01-19 11:54:22,798] {processor.py:632} INFO - DAG(s) dict_keys(['second_assignment']) retrieved from /opt/airflow/dags/NameGenderCSVtoRedshift.py
[2022-01-19 11:54:22,920] {logging_mixin.py:109} INFO - [2022-01-19 11:54:22,920] {dag.py:2389} INFO - Sync 1 DAGs
[2022-01-19 11:54:23,237] {logging_mixin.py:109} INFO - [2022-01-19 11:54:23,236] {dag.py:2914} INFO - Setting next_dagrun for second_assignment to 2022-01-18 02:00:00+00:00
[2022-01-19 11:54:23,423] {processor.py:171} INFO - Processing /opt/airflow/dags/NameGenderCSVtoRedshift.py took 0.938 seconds
[2022-01-19 11:55:04,161] {processor.py:163} INFO - Started process (PID=335) to work on /opt/airflow/dags/NameGenderCSVtoRedshift.py
[2022-01-19 11:55:04,166] {processor.py:620} INFO - Processing file /opt/airflow/dags/NameGenderCSVtoRedshift.py for tasks to queue
[2022-01-19 11:55:04,169] {logging_mixin.py:109} INFO - [2022-01-19 11:55:04,168] {dagbag.py:500} INFO - Filling up the DagBag from /opt/airflow/dags/NameGenderCSVtoRedshift.py
[2022-01-19 11:55:04,276] {processor.py:632} INFO - DAG(s) dict_keys(['second_assignment']) retrieved from /opt/airflow/dags/NameGenderCSVtoRedshift.py
[2022-01-19 11:55:04,360] {logging_mixin.py:109} INFO - [2022-01-19 11:55:04,359] {dag.py:2389} INFO - Sync 1 DAGs
[2022-01-19 11:55:04,527] {logging_mixin.py:109} INFO - [2022-01-19 11:55:04,517] {dag.py:2914} INFO - Setting next_dagrun for second_assignment to 2022-01-18 02:00:00+00:00
[2022-01-19 11:55:04,600] {processor.py:171} INFO - Processing /opt/airflow/dags/NameGenderCSVtoRedshift.py took 0.448 seconds
[2022-01-19 11:55:34,881] {processor.py:163} INFO - Started process (PID=461) to work on /opt/airflow/dags/NameGenderCSVtoRedshift.py
[2022-01-19 11:55:34,885] {processor.py:620} INFO - Processing file /opt/airflow/dags/NameGenderCSVtoRedshift.py for tasks to queue
[2022-01-19 11:55:34,887] {logging_mixin.py:109} INFO - [2022-01-19 11:55:34,887] {dagbag.py:500} INFO - Filling up the DagBag from /opt/airflow/dags/NameGenderCSVtoRedshift.py
[2022-01-19 11:55:34,953] {processor.py:632} INFO - DAG(s) dict_keys(['second_assignment']) retrieved from /opt/airflow/dags/NameGenderCSVtoRedshift.py
[2022-01-19 11:55:34,986] {logging_mixin.py:109} INFO - [2022-01-19 11:55:34,985] {dag.py:2389} INFO - Sync 1 DAGs
[2022-01-19 11:55:35,041] {logging_mixin.py:109} INFO - [2022-01-19 11:55:35,040] {dag.py:2914} INFO - Setting next_dagrun for second_assignment to 2022-01-18 02:00:00+00:00
[2022-01-19 11:55:35,062] {processor.py:171} INFO - Processing /opt/airflow/dags/NameGenderCSVtoRedshift.py took 0.187 seconds
[2022-01-19 11:56:05,552] {processor.py:163} INFO - Started process (PID=602) to work on /opt/airflow/dags/NameGenderCSVtoRedshift.py
[2022-01-19 11:56:05,560] {processor.py:620} INFO - Processing file /opt/airflow/dags/NameGenderCSVtoRedshift.py for tasks to queue
[2022-01-19 11:56:05,568] {logging_mixin.py:109} INFO - [2022-01-19 11:56:05,567] {dagbag.py:500} INFO - Filling up the DagBag from /opt/airflow/dags/NameGenderCSVtoRedshift.py
[2022-01-19 11:56:05,671] {processor.py:632} INFO - DAG(s) dict_keys(['second_assignment']) retrieved from /opt/airflow/dags/NameGenderCSVtoRedshift.py
[2022-01-19 11:56:05,727] {logging_mixin.py:109} INFO - [2022-01-19 11:56:05,726] {dag.py:2389} INFO - Sync 1 DAGs
[2022-01-19 11:56:05,805] {logging_mixin.py:109} INFO - [2022-01-19 11:56:05,804] {dag.py:2914} INFO - Setting next_dagrun for second_assignment to 2022-01-18 02:00:00+00:00
[2022-01-19 11:56:05,831] {processor.py:171} INFO - Processing /opt/airflow/dags/NameGenderCSVtoRedshift.py took 0.297 seconds
[2022-01-19 11:56:35,963] {processor.py:163} INFO - Started process (PID=728) to work on /opt/airflow/dags/NameGenderCSVtoRedshift.py
[2022-01-19 11:56:35,967] {processor.py:620} INFO - Processing file /opt/airflow/dags/NameGenderCSVtoRedshift.py for tasks to queue
[2022-01-19 11:56:35,970] {logging_mixin.py:109} INFO - [2022-01-19 11:56:35,969] {dagbag.py:500} INFO - Filling up the DagBag from /opt/airflow/dags/NameGenderCSVtoRedshift.py
[2022-01-19 11:56:36,043] {processor.py:632} INFO - DAG(s) dict_keys(['second_assignment']) retrieved from /opt/airflow/dags/NameGenderCSVtoRedshift.py
[2022-01-19 11:56:36,080] {logging_mixin.py:109} INFO - [2022-01-19 11:56:36,080] {dag.py:2389} INFO - Sync 1 DAGs
[2022-01-19 11:56:36,150] {logging_mixin.py:109} INFO - [2022-01-19 11:56:36,149] {dag.py:2914} INFO - Setting next_dagrun for second_assignment to 2022-01-18 02:00:00+00:00
[2022-01-19 11:56:36,175] {processor.py:171} INFO - Processing /opt/airflow/dags/NameGenderCSVtoRedshift.py took 0.219 seconds
[2022-01-19 11:57:06,305] {processor.py:163} INFO - Started process (PID=874) to work on /opt/airflow/dags/NameGenderCSVtoRedshift.py
[2022-01-19 11:57:06,310] {processor.py:620} INFO - Processing file /opt/airflow/dags/NameGenderCSVtoRedshift.py for tasks to queue
[2022-01-19 11:57:06,314] {logging_mixin.py:109} INFO - [2022-01-19 11:57:06,313] {dagbag.py:500} INFO - Filling up the DagBag from /opt/airflow/dags/NameGenderCSVtoRedshift.py
[2022-01-19 11:57:06,392] {processor.py:632} INFO - DAG(s) dict_keys(['second_assignment']) retrieved from /opt/airflow/dags/NameGenderCSVtoRedshift.py
[2022-01-19 11:57:06,430] {logging_mixin.py:109} INFO - [2022-01-19 11:57:06,430] {dag.py:2389} INFO - Sync 1 DAGs
[2022-01-19 11:57:06,498] {logging_mixin.py:109} INFO - [2022-01-19 11:57:06,498] {dag.py:2914} INFO - Setting next_dagrun for second_assignment to 2022-01-18 02:00:00+00:00
[2022-01-19 11:57:06,528] {processor.py:171} INFO - Processing /opt/airflow/dags/NameGenderCSVtoRedshift.py took 0.230 seconds
[2022-01-19 11:57:36,612] {processor.py:163} INFO - Started process (PID=999) to work on /opt/airflow/dags/NameGenderCSVtoRedshift.py
[2022-01-19 11:57:36,617] {processor.py:620} INFO - Processing file /opt/airflow/dags/NameGenderCSVtoRedshift.py for tasks to queue
[2022-01-19 11:57:36,622] {logging_mixin.py:109} INFO - [2022-01-19 11:57:36,622] {dagbag.py:500} INFO - Filling up the DagBag from /opt/airflow/dags/NameGenderCSVtoRedshift.py
[2022-01-19 11:57:36,696] {processor.py:632} INFO - DAG(s) dict_keys(['second_assignment']) retrieved from /opt/airflow/dags/NameGenderCSVtoRedshift.py
[2022-01-19 11:57:36,731] {logging_mixin.py:109} INFO - [2022-01-19 11:57:36,731] {dag.py:2389} INFO - Sync 1 DAGs
[2022-01-19 11:57:36,789] {logging_mixin.py:109} INFO - [2022-01-19 11:57:36,789] {dag.py:2914} INFO - Setting next_dagrun for second_assignment to 2022-01-18 02:00:00+00:00
[2022-01-19 11:57:36,816] {processor.py:171} INFO - Processing /opt/airflow/dags/NameGenderCSVtoRedshift.py took 0.211 seconds
[2022-01-19 11:58:07,506] {processor.py:163} INFO - Started process (PID=1141) to work on /opt/airflow/dags/NameGenderCSVtoRedshift.py
[2022-01-19 11:58:07,512] {processor.py:620} INFO - Processing file /opt/airflow/dags/NameGenderCSVtoRedshift.py for tasks to queue
[2022-01-19 11:58:07,516] {logging_mixin.py:109} INFO - [2022-01-19 11:58:07,515] {dagbag.py:500} INFO - Filling up the DagBag from /opt/airflow/dags/NameGenderCSVtoRedshift.py
[2022-01-19 11:58:07,599] {processor.py:632} INFO - DAG(s) dict_keys(['second_assignment']) retrieved from /opt/airflow/dags/NameGenderCSVtoRedshift.py
[2022-01-19 11:58:07,636] {logging_mixin.py:109} INFO - [2022-01-19 11:58:07,635] {dag.py:2389} INFO - Sync 1 DAGs
[2022-01-19 11:58:07,718] {logging_mixin.py:109} INFO - [2022-01-19 11:58:07,718] {dag.py:2914} INFO - Setting next_dagrun for second_assignment to 2022-01-18 02:00:00+00:00
[2022-01-19 11:58:07,753] {processor.py:171} INFO - Processing /opt/airflow/dags/NameGenderCSVtoRedshift.py took 0.255 seconds
[2022-01-19 11:58:19,136] {processor.py:163} INFO - Started process (PID=1177) to work on /opt/airflow/dags/NameGenderCSVtoRedshift.py
[2022-01-19 11:58:19,141] {processor.py:620} INFO - Processing file /opt/airflow/dags/NameGenderCSVtoRedshift.py for tasks to queue
[2022-01-19 11:58:19,145] {logging_mixin.py:109} INFO - [2022-01-19 11:58:19,144] {dagbag.py:500} INFO - Filling up the DagBag from /opt/airflow/dags/NameGenderCSVtoRedshift.py
[2022-01-19 11:58:19,227] {processor.py:632} INFO - DAG(s) dict_keys(['second_assignment']) retrieved from /opt/airflow/dags/NameGenderCSVtoRedshift.py
[2022-01-19 11:58:19,264] {logging_mixin.py:109} INFO - [2022-01-19 11:58:19,263] {dag.py:2389} INFO - Sync 1 DAGs
[2022-01-19 11:58:19,331] {logging_mixin.py:109} INFO - [2022-01-19 11:58:19,331] {dag.py:2914} INFO - Setting next_dagrun for second_assignment to 2022-01-18 02:00:00+00:00
[2022-01-19 11:58:19,361] {processor.py:171} INFO - Processing /opt/airflow/dags/NameGenderCSVtoRedshift.py took 0.234 seconds
[2022-01-19 12:04:19,272] {processor.py:163} INFO - Started process (PID=2492) to work on /opt/airflow/dags/NameGenderCSVtoRedshift.py
[2022-01-19 12:04:19,285] {processor.py:620} INFO - Processing file /opt/airflow/dags/NameGenderCSVtoRedshift.py for tasks to queue
[2022-01-19 12:04:19,290] {logging_mixin.py:109} INFO - [2022-01-19 12:04:19,289] {dagbag.py:500} INFO - Filling up the DagBag from /opt/airflow/dags/NameGenderCSVtoRedshift.py
[2022-01-19 12:04:19,419] {processor.py:632} INFO - DAG(s) dict_keys(['second_assignment']) retrieved from /opt/airflow/dags/NameGenderCSVtoRedshift.py
[2022-01-19 12:04:20,752] {logging_mixin.py:109} INFO - [2022-01-19 12:04:20,752] {dag.py:2389} INFO - Sync 1 DAGs
[2022-01-19 12:04:20,821] {logging_mixin.py:109} INFO - [2022-01-19 12:04:20,820] {dag.py:2914} INFO - Setting next_dagrun for second_assignment to 2022-01-18 02:00:00+00:00
[2022-01-19 12:04:20,873] {processor.py:171} INFO - Processing /opt/airflow/dags/NameGenderCSVtoRedshift.py took 1.620 seconds
[2022-01-19 12:04:50,937] {processor.py:163} INFO - Started process (PID=2613) to work on /opt/airflow/dags/NameGenderCSVtoRedshift.py
[2022-01-19 12:04:50,941] {processor.py:620} INFO - Processing file /opt/airflow/dags/NameGenderCSVtoRedshift.py for tasks to queue
[2022-01-19 12:04:50,945] {logging_mixin.py:109} INFO - [2022-01-19 12:04:50,945] {dagbag.py:500} INFO - Filling up the DagBag from /opt/airflow/dags/NameGenderCSVtoRedshift.py
[2022-01-19 12:04:51,001] {processor.py:632} INFO - DAG(s) dict_keys(['second_assignment']) retrieved from /opt/airflow/dags/NameGenderCSVtoRedshift.py
[2022-01-19 12:04:51,035] {logging_mixin.py:109} INFO - [2022-01-19 12:04:51,035] {dag.py:2389} INFO - Sync 1 DAGs
[2022-01-19 12:04:51,095] {logging_mixin.py:109} INFO - [2022-01-19 12:04:51,094] {dag.py:2914} INFO - Setting next_dagrun for second_assignment to 2022-01-18 02:00:00+00:00
[2022-01-19 12:04:51,121] {processor.py:171} INFO - Processing /opt/airflow/dags/NameGenderCSVtoRedshift.py took 0.191 seconds
[2022-01-19 12:05:21,681] {processor.py:163} INFO - Started process (PID=2748) to work on /opt/airflow/dags/NameGenderCSVtoRedshift.py
[2022-01-19 12:05:21,686] {processor.py:620} INFO - Processing file /opt/airflow/dags/NameGenderCSVtoRedshift.py for tasks to queue
[2022-01-19 12:05:21,688] {logging_mixin.py:109} INFO - [2022-01-19 12:05:21,688] {dagbag.py:500} INFO - Filling up the DagBag from /opt/airflow/dags/NameGenderCSVtoRedshift.py
[2022-01-19 12:05:21,786] {processor.py:632} INFO - DAG(s) dict_keys(['second_assignment']) retrieved from /opt/airflow/dags/NameGenderCSVtoRedshift.py
[2022-01-19 12:05:21,820] {logging_mixin.py:109} INFO - [2022-01-19 12:05:21,819] {dag.py:2389} INFO - Sync 1 DAGs
[2022-01-19 12:05:21,897] {logging_mixin.py:109} INFO - [2022-01-19 12:05:21,896] {dag.py:2914} INFO - Setting next_dagrun for second_assignment to 2022-01-18 02:00:00+00:00
[2022-01-19 12:05:21,926] {processor.py:171} INFO - Processing /opt/airflow/dags/NameGenderCSVtoRedshift.py took 0.253 seconds
[2022-01-19 12:05:52,088] {processor.py:163} INFO - Started process (PID=2870) to work on /opt/airflow/dags/NameGenderCSVtoRedshift.py
[2022-01-19 12:05:52,091] {processor.py:620} INFO - Processing file /opt/airflow/dags/NameGenderCSVtoRedshift.py for tasks to queue
[2022-01-19 12:05:52,096] {logging_mixin.py:109} INFO - [2022-01-19 12:05:52,095] {dagbag.py:500} INFO - Filling up the DagBag from /opt/airflow/dags/NameGenderCSVtoRedshift.py
[2022-01-19 12:05:52,145] {processor.py:632} INFO - DAG(s) dict_keys(['second_assignment']) retrieved from /opt/airflow/dags/NameGenderCSVtoRedshift.py
[2022-01-19 12:05:52,175] {logging_mixin.py:109} INFO - [2022-01-19 12:05:52,175] {dag.py:2389} INFO - Sync 1 DAGs
[2022-01-19 12:05:52,231] {logging_mixin.py:109} INFO - [2022-01-19 12:05:52,230] {dag.py:2914} INFO - Setting next_dagrun for second_assignment to 2022-01-18 02:00:00+00:00
[2022-01-19 12:05:52,254] {processor.py:171} INFO - Processing /opt/airflow/dags/NameGenderCSVtoRedshift.py took 0.173 seconds
[2022-01-19 12:06:22,757] {processor.py:163} INFO - Started process (PID=3008) to work on /opt/airflow/dags/NameGenderCSVtoRedshift.py
[2022-01-19 12:06:22,763] {processor.py:620} INFO - Processing file /opt/airflow/dags/NameGenderCSVtoRedshift.py for tasks to queue
[2022-01-19 12:06:22,767] {logging_mixin.py:109} INFO - [2022-01-19 12:06:22,766] {dagbag.py:500} INFO - Filling up the DagBag from /opt/airflow/dags/NameGenderCSVtoRedshift.py
[2022-01-19 12:06:22,826] {processor.py:632} INFO - DAG(s) dict_keys(['second_assignment']) retrieved from /opt/airflow/dags/NameGenderCSVtoRedshift.py
[2022-01-19 12:06:22,865] {logging_mixin.py:109} INFO - [2022-01-19 12:06:22,865] {dag.py:2389} INFO - Sync 1 DAGs
[2022-01-19 12:06:22,928] {logging_mixin.py:109} INFO - [2022-01-19 12:06:22,928] {dag.py:2914} INFO - Setting next_dagrun for second_assignment to 2022-01-18 02:00:00+00:00
[2022-01-19 12:06:22,954] {processor.py:171} INFO - Processing /opt/airflow/dags/NameGenderCSVtoRedshift.py took 0.205 seconds
[2022-01-19 12:06:53,117] {processor.py:163} INFO - Started process (PID=3129) to work on /opt/airflow/dags/NameGenderCSVtoRedshift.py
[2022-01-19 12:06:53,120] {processor.py:620} INFO - Processing file /opt/airflow/dags/NameGenderCSVtoRedshift.py for tasks to queue
[2022-01-19 12:06:53,123] {logging_mixin.py:109} INFO - [2022-01-19 12:06:53,123] {dagbag.py:500} INFO - Filling up the DagBag from /opt/airflow/dags/NameGenderCSVtoRedshift.py
[2022-01-19 12:06:53,177] {processor.py:632} INFO - DAG(s) dict_keys(['second_assignment']) retrieved from /opt/airflow/dags/NameGenderCSVtoRedshift.py
[2022-01-19 12:06:53,210] {logging_mixin.py:109} INFO - [2022-01-19 12:06:53,209] {dag.py:2389} INFO - Sync 1 DAGs
[2022-01-19 12:06:53,264] {logging_mixin.py:109} INFO - [2022-01-19 12:06:53,264] {dag.py:2914} INFO - Setting next_dagrun for second_assignment to 2022-01-18 02:00:00+00:00
[2022-01-19 12:06:53,288] {processor.py:171} INFO - Processing /opt/airflow/dags/NameGenderCSVtoRedshift.py took 0.178 seconds
[2022-01-19 12:07:23,815] {processor.py:163} INFO - Started process (PID=3267) to work on /opt/airflow/dags/NameGenderCSVtoRedshift.py
[2022-01-19 12:07:23,820] {processor.py:620} INFO - Processing file /opt/airflow/dags/NameGenderCSVtoRedshift.py for tasks to queue
[2022-01-19 12:07:23,823] {logging_mixin.py:109} INFO - [2022-01-19 12:07:23,823] {dagbag.py:500} INFO - Filling up the DagBag from /opt/airflow/dags/NameGenderCSVtoRedshift.py
[2022-01-19 12:07:23,881] {processor.py:632} INFO - DAG(s) dict_keys(['second_assignment']) retrieved from /opt/airflow/dags/NameGenderCSVtoRedshift.py
[2022-01-19 12:07:23,915] {logging_mixin.py:109} INFO - [2022-01-19 12:07:23,915] {dag.py:2389} INFO - Sync 1 DAGs
[2022-01-19 12:07:23,977] {logging_mixin.py:109} INFO - [2022-01-19 12:07:23,977] {dag.py:2914} INFO - Setting next_dagrun for second_assignment to 2022-01-18 02:00:00+00:00
[2022-01-19 12:07:24,012] {processor.py:171} INFO - Processing /opt/airflow/dags/NameGenderCSVtoRedshift.py took 0.206 seconds
[2022-01-19 12:07:54,464] {processor.py:163} INFO - Started process (PID=3388) to work on /opt/airflow/dags/NameGenderCSVtoRedshift.py
[2022-01-19 12:07:54,468] {processor.py:620} INFO - Processing file /opt/airflow/dags/NameGenderCSVtoRedshift.py for tasks to queue
[2022-01-19 12:07:54,470] {logging_mixin.py:109} INFO - [2022-01-19 12:07:54,470] {dagbag.py:500} INFO - Filling up the DagBag from /opt/airflow/dags/NameGenderCSVtoRedshift.py
[2022-01-19 12:07:54,520] {processor.py:632} INFO - DAG(s) dict_keys(['second_assignment']) retrieved from /opt/airflow/dags/NameGenderCSVtoRedshift.py
[2022-01-19 12:07:54,550] {logging_mixin.py:109} INFO - [2022-01-19 12:07:54,550] {dag.py:2389} INFO - Sync 1 DAGs
[2022-01-19 12:07:54,603] {logging_mixin.py:109} INFO - [2022-01-19 12:07:54,603] {dag.py:2914} INFO - Setting next_dagrun for second_assignment to 2022-01-18 02:00:00+00:00
[2022-01-19 12:07:54,626] {processor.py:171} INFO - Processing /opt/airflow/dags/NameGenderCSVtoRedshift.py took 0.168 seconds
[2022-01-19 12:08:24,860] {processor.py:163} INFO - Started process (PID=3525) to work on /opt/airflow/dags/NameGenderCSVtoRedshift.py
[2022-01-19 12:08:24,866] {processor.py:620} INFO - Processing file /opt/airflow/dags/NameGenderCSVtoRedshift.py for tasks to queue
[2022-01-19 12:08:24,870] {logging_mixin.py:109} INFO - [2022-01-19 12:08:24,869] {dagbag.py:500} INFO - Filling up the DagBag from /opt/airflow/dags/NameGenderCSVtoRedshift.py
[2022-01-19 12:08:24,926] {processor.py:632} INFO - DAG(s) dict_keys(['second_assignment']) retrieved from /opt/airflow/dags/NameGenderCSVtoRedshift.py
[2022-01-19 12:08:24,961] {logging_mixin.py:109} INFO - [2022-01-19 12:08:24,961] {dag.py:2389} INFO - Sync 1 DAGs
[2022-01-19 12:08:25,020] {logging_mixin.py:109} INFO - [2022-01-19 12:08:25,019] {dag.py:2914} INFO - Setting next_dagrun for second_assignment to 2022-01-18 02:00:00+00:00
[2022-01-19 12:08:25,047] {processor.py:171} INFO - Processing /opt/airflow/dags/NameGenderCSVtoRedshift.py took 0.194 seconds
[2022-01-19 12:10:00,145] {processor.py:163} INFO - Started process (PID=3837) to work on /opt/airflow/dags/NameGenderCSVtoRedshift.py
[2022-01-19 12:10:00,153] {processor.py:620} INFO - Processing file /opt/airflow/dags/NameGenderCSVtoRedshift.py for tasks to queue
[2022-01-19 12:10:00,158] {logging_mixin.py:109} INFO - [2022-01-19 12:10:00,157] {dagbag.py:500} INFO - Filling up the DagBag from /opt/airflow/dags/NameGenderCSVtoRedshift.py
[2022-01-19 12:10:00,211] {processor.py:634} WARNING - No viable dags retrieved from /opt/airflow/dags/NameGenderCSVtoRedshift.py
[2022-01-19 12:10:00,214] {processor.py:171} INFO - Processing /opt/airflow/dags/NameGenderCSVtoRedshift.py took 0.084 seconds
