[2022-01-19 11:41:20,583] {processor.py:163} INFO - Started process (PID=196) to work on /opt/airflow/dags/Weather_to_Redshift_v2.py
[2022-01-19 11:41:20,593] {processor.py:620} INFO - Processing file /opt/airflow/dags/Weather_to_Redshift_v2.py for tasks to queue
[2022-01-19 11:41:20,607] {logging_mixin.py:109} INFO - [2022-01-19 11:41:20,606] {dagbag.py:500} INFO - Filling up the DagBag from /opt/airflow/dags/Weather_to_Redshift_v2.py
[2022-01-19 11:41:21,015] {processor.py:632} INFO - DAG(s) dict_keys(['Weather_to_Redshift_v2']) retrieved from /opt/airflow/dags/Weather_to_Redshift_v2.py
[2022-01-19 11:41:55,208] {logging_mixin.py:109} INFO - [2022-01-19 11:41:55,207] {providers_manager.py:156} WARNING - Exception when importing 'airflow.providers.google.leveldb.hooks.leveldb.LevelDBHook' from 'apache-airflow-providers-google' package: No module named 'plyvel'
[2022-01-19 11:42:05,384] {logging_mixin.py:109} INFO - [2022-01-19 11:42:05,383] {providers_manager.py:156} WARNING - Exception when importing 'airflow.providers.google.leveldb.hooks.leveldb.LevelDBHook' from 'apache-airflow-providers-google' package: No module named 'plyvel'
[2022-01-19 11:42:05,544] {logging_mixin.py:109} INFO - [2022-01-19 11:42:05,544] {manager.py:496} INFO - Created Permission View: can edit on DAG:Weather_to_Redshift_v2
[2022-01-19 11:42:05,601] {logging_mixin.py:109} INFO - [2022-01-19 11:42:05,601] {manager.py:496} INFO - Created Permission View: can read on DAG:Weather_to_Redshift_v2
[2022-01-19 11:42:05,604] {logging_mixin.py:109} INFO - [2022-01-19 11:42:05,603] {dag.py:2389} INFO - Sync 1 DAGs
[2022-01-19 11:42:05,666] {logging_mixin.py:109} INFO - [2022-01-19 11:42:05,657] {dag.py:2408} INFO - Creating ORM DAG for Weather_to_Redshift_v2
[2022-01-19 11:42:05,738] {logging_mixin.py:109} INFO - [2022-01-19 11:42:05,738] {dag.py:2914} INFO - Setting next_dagrun for Weather_to_Redshift_v2 to 2022-01-18 04:00:00+00:00
[2022-01-19 11:42:05,812] {processor.py:171} INFO - Processing /opt/airflow/dags/Weather_to_Redshift_v2.py took 45.292 seconds
[2022-01-19 11:45:31,208] {processor.py:163} INFO - Started process (PID=716) to work on /opt/airflow/dags/Weather_to_Redshift_v2.py
[2022-01-19 11:45:31,213] {processor.py:620} INFO - Processing file /opt/airflow/dags/Weather_to_Redshift_v2.py for tasks to queue
[2022-01-19 11:45:31,216] {logging_mixin.py:109} INFO - [2022-01-19 11:45:31,215] {dagbag.py:500} INFO - Filling up the DagBag from /opt/airflow/dags/Weather_to_Redshift_v2.py
[2022-01-19 11:45:31,338] {processor.py:632} INFO - DAG(s) dict_keys(['Weather_to_Redshift_v2']) retrieved from /opt/airflow/dags/Weather_to_Redshift_v2.py
[2022-01-19 11:45:31,379] {logging_mixin.py:109} INFO - [2022-01-19 11:45:31,379] {dag.py:2389} INFO - Sync 1 DAGs
[2022-01-19 11:45:31,452] {logging_mixin.py:109} INFO - [2022-01-19 11:45:31,451] {dag.py:2914} INFO - Setting next_dagrun for Weather_to_Redshift_v2 to 2022-01-18 04:00:00+00:00
[2022-01-19 11:45:31,482] {processor.py:171} INFO - Processing /opt/airflow/dags/Weather_to_Redshift_v2.py took 0.284 seconds
[2022-01-19 11:46:01,590] {processor.py:163} INFO - Started process (PID=838) to work on /opt/airflow/dags/Weather_to_Redshift_v2.py
[2022-01-19 11:46:01,595] {processor.py:620} INFO - Processing file /opt/airflow/dags/Weather_to_Redshift_v2.py for tasks to queue
[2022-01-19 11:46:01,598] {logging_mixin.py:109} INFO - [2022-01-19 11:46:01,597] {dagbag.py:500} INFO - Filling up the DagBag from /opt/airflow/dags/Weather_to_Redshift_v2.py
[2022-01-19 11:46:01,694] {processor.py:632} INFO - DAG(s) dict_keys(['Weather_to_Redshift_v2']) retrieved from /opt/airflow/dags/Weather_to_Redshift_v2.py
[2022-01-19 11:46:01,732] {logging_mixin.py:109} INFO - [2022-01-19 11:46:01,732] {dag.py:2389} INFO - Sync 1 DAGs
[2022-01-19 11:46:01,796] {logging_mixin.py:109} INFO - [2022-01-19 11:46:01,796] {dag.py:2914} INFO - Setting next_dagrun for Weather_to_Redshift_v2 to 2022-01-18 04:00:00+00:00
[2022-01-19 11:46:01,841] {processor.py:171} INFO - Processing /opt/airflow/dags/Weather_to_Redshift_v2.py took 0.262 seconds
[2022-01-19 11:46:31,910] {processor.py:163} INFO - Started process (PID=976) to work on /opt/airflow/dags/Weather_to_Redshift_v2.py
[2022-01-19 11:46:31,923] {processor.py:620} INFO - Processing file /opt/airflow/dags/Weather_to_Redshift_v2.py for tasks to queue
[2022-01-19 11:46:31,927] {logging_mixin.py:109} INFO - [2022-01-19 11:46:31,926] {dagbag.py:500} INFO - Filling up the DagBag from /opt/airflow/dags/Weather_to_Redshift_v2.py
[2022-01-19 11:46:32,072] {processor.py:632} INFO - DAG(s) dict_keys(['Weather_to_Redshift_v2']) retrieved from /opt/airflow/dags/Weather_to_Redshift_v2.py
[2022-01-19 11:46:32,126] {logging_mixin.py:109} INFO - [2022-01-19 11:46:32,125] {dag.py:2389} INFO - Sync 1 DAGs
[2022-01-19 11:46:32,207] {logging_mixin.py:109} INFO - [2022-01-19 11:46:32,207] {dag.py:2914} INFO - Setting next_dagrun for Weather_to_Redshift_v2 to 2022-01-18 04:00:00+00:00
[2022-01-19 11:46:32,235] {processor.py:171} INFO - Processing /opt/airflow/dags/Weather_to_Redshift_v2.py took 0.333 seconds
[2022-01-19 11:47:02,952] {processor.py:163} INFO - Started process (PID=1102) to work on /opt/airflow/dags/Weather_to_Redshift_v2.py
[2022-01-19 11:47:02,955] {processor.py:620} INFO - Processing file /opt/airflow/dags/Weather_to_Redshift_v2.py for tasks to queue
[2022-01-19 11:47:02,958] {logging_mixin.py:109} INFO - [2022-01-19 11:47:02,958] {dagbag.py:500} INFO - Filling up the DagBag from /opt/airflow/dags/Weather_to_Redshift_v2.py
[2022-01-19 11:47:03,052] {processor.py:632} INFO - DAG(s) dict_keys(['Weather_to_Redshift_v2']) retrieved from /opt/airflow/dags/Weather_to_Redshift_v2.py
[2022-01-19 11:47:03,089] {logging_mixin.py:109} INFO - [2022-01-19 11:47:03,089] {dag.py:2389} INFO - Sync 1 DAGs
[2022-01-19 11:47:03,152] {logging_mixin.py:109} INFO - [2022-01-19 11:47:03,152] {dag.py:2914} INFO - Setting next_dagrun for Weather_to_Redshift_v2 to 2022-01-18 04:00:00+00:00
[2022-01-19 11:47:03,179] {processor.py:171} INFO - Processing /opt/airflow/dags/Weather_to_Redshift_v2.py took 0.235 seconds
[2022-01-19 11:47:33,881] {processor.py:163} INFO - Started process (PID=1246) to work on /opt/airflow/dags/Weather_to_Redshift_v2.py
[2022-01-19 11:47:33,888] {processor.py:620} INFO - Processing file /opt/airflow/dags/Weather_to_Redshift_v2.py for tasks to queue
[2022-01-19 11:47:33,891] {logging_mixin.py:109} INFO - [2022-01-19 11:47:33,891] {dagbag.py:500} INFO - Filling up the DagBag from /opt/airflow/dags/Weather_to_Redshift_v2.py
[2022-01-19 11:47:33,989] {processor.py:632} INFO - DAG(s) dict_keys(['Weather_to_Redshift_v2']) retrieved from /opt/airflow/dags/Weather_to_Redshift_v2.py
[2022-01-19 11:47:34,027] {logging_mixin.py:109} INFO - [2022-01-19 11:47:34,027] {dag.py:2389} INFO - Sync 1 DAGs
[2022-01-19 11:47:34,099] {logging_mixin.py:109} INFO - [2022-01-19 11:47:34,098] {dag.py:2914} INFO - Setting next_dagrun for Weather_to_Redshift_v2 to 2022-01-18 04:00:00+00:00
[2022-01-19 11:47:34,126] {processor.py:171} INFO - Processing /opt/airflow/dags/Weather_to_Redshift_v2.py took 0.252 seconds
[2022-01-19 11:48:04,263] {processor.py:163} INFO - Started process (PID=1368) to work on /opt/airflow/dags/Weather_to_Redshift_v2.py
[2022-01-19 11:48:04,267] {processor.py:620} INFO - Processing file /opt/airflow/dags/Weather_to_Redshift_v2.py for tasks to queue
[2022-01-19 11:48:04,270] {logging_mixin.py:109} INFO - [2022-01-19 11:48:04,269] {dagbag.py:500} INFO - Filling up the DagBag from /opt/airflow/dags/Weather_to_Redshift_v2.py
[2022-01-19 11:48:04,363] {processor.py:632} INFO - DAG(s) dict_keys(['Weather_to_Redshift_v2']) retrieved from /opt/airflow/dags/Weather_to_Redshift_v2.py
[2022-01-19 11:48:04,397] {logging_mixin.py:109} INFO - [2022-01-19 11:48:04,396] {dag.py:2389} INFO - Sync 1 DAGs
[2022-01-19 11:48:04,454] {logging_mixin.py:109} INFO - [2022-01-19 11:48:04,453] {dag.py:2914} INFO - Setting next_dagrun for Weather_to_Redshift_v2 to 2022-01-18 04:00:00+00:00
[2022-01-19 11:48:04,476] {processor.py:171} INFO - Processing /opt/airflow/dags/Weather_to_Redshift_v2.py took 0.223 seconds
[2022-01-19 11:48:34,778] {processor.py:163} INFO - Started process (PID=1510) to work on /opt/airflow/dags/Weather_to_Redshift_v2.py
[2022-01-19 11:48:34,784] {processor.py:620} INFO - Processing file /opt/airflow/dags/Weather_to_Redshift_v2.py for tasks to queue
[2022-01-19 11:48:34,787] {logging_mixin.py:109} INFO - [2022-01-19 11:48:34,787] {dagbag.py:500} INFO - Filling up the DagBag from /opt/airflow/dags/Weather_to_Redshift_v2.py
[2022-01-19 11:48:35,001] {processor.py:632} INFO - DAG(s) dict_keys(['Weather_to_Redshift_v2']) retrieved from /opt/airflow/dags/Weather_to_Redshift_v2.py
[2022-01-19 11:48:35,058] {logging_mixin.py:109} INFO - [2022-01-19 11:48:35,057] {dag.py:2389} INFO - Sync 1 DAGs
[2022-01-19 11:48:35,134] {logging_mixin.py:109} INFO - [2022-01-19 11:48:35,133] {dag.py:2914} INFO - Setting next_dagrun for Weather_to_Redshift_v2 to 2022-01-18 04:00:00+00:00
[2022-01-19 11:48:35,164] {processor.py:171} INFO - Processing /opt/airflow/dags/Weather_to_Redshift_v2.py took 0.408 seconds
[2022-01-19 11:49:05,681] {processor.py:163} INFO - Started process (PID=1636) to work on /opt/airflow/dags/Weather_to_Redshift_v2.py
[2022-01-19 11:49:05,684] {processor.py:620} INFO - Processing file /opt/airflow/dags/Weather_to_Redshift_v2.py for tasks to queue
[2022-01-19 11:49:05,687] {logging_mixin.py:109} INFO - [2022-01-19 11:49:05,686] {dagbag.py:500} INFO - Filling up the DagBag from /opt/airflow/dags/Weather_to_Redshift_v2.py
[2022-01-19 11:49:05,775] {processor.py:632} INFO - DAG(s) dict_keys(['Weather_to_Redshift_v2']) retrieved from /opt/airflow/dags/Weather_to_Redshift_v2.py
[2022-01-19 11:49:05,817] {logging_mixin.py:109} INFO - [2022-01-19 11:49:05,817] {dag.py:2389} INFO - Sync 1 DAGs
[2022-01-19 11:49:05,877] {logging_mixin.py:109} INFO - [2022-01-19 11:49:05,876] {dag.py:2914} INFO - Setting next_dagrun for Weather_to_Redshift_v2 to 2022-01-18 04:00:00+00:00
[2022-01-19 11:49:05,901] {processor.py:171} INFO - Processing /opt/airflow/dags/Weather_to_Redshift_v2.py took 0.226 seconds
[2022-01-19 11:49:36,510] {processor.py:163} INFO - Started process (PID=1780) to work on /opt/airflow/dags/Weather_to_Redshift_v2.py
[2022-01-19 11:49:36,515] {processor.py:620} INFO - Processing file /opt/airflow/dags/Weather_to_Redshift_v2.py for tasks to queue
[2022-01-19 11:49:36,518] {logging_mixin.py:109} INFO - [2022-01-19 11:49:36,518] {dagbag.py:500} INFO - Filling up the DagBag from /opt/airflow/dags/Weather_to_Redshift_v2.py
[2022-01-19 11:49:36,617] {processor.py:632} INFO - DAG(s) dict_keys(['Weather_to_Redshift_v2']) retrieved from /opt/airflow/dags/Weather_to_Redshift_v2.py
[2022-01-19 11:49:36,665] {logging_mixin.py:109} INFO - [2022-01-19 11:49:36,664] {dag.py:2389} INFO - Sync 1 DAGs
[2022-01-19 11:49:36,730] {logging_mixin.py:109} INFO - [2022-01-19 11:49:36,729] {dag.py:2914} INFO - Setting next_dagrun for Weather_to_Redshift_v2 to 2022-01-18 04:00:00+00:00
[2022-01-19 11:49:36,759] {processor.py:171} INFO - Processing /opt/airflow/dags/Weather_to_Redshift_v2.py took 0.257 seconds
[2022-01-19 11:50:07,334] {processor.py:163} INFO - Started process (PID=1915) to work on /opt/airflow/dags/Weather_to_Redshift_v2.py
[2022-01-19 11:50:07,339] {processor.py:620} INFO - Processing file /opt/airflow/dags/Weather_to_Redshift_v2.py for tasks to queue
[2022-01-19 11:50:07,342] {logging_mixin.py:109} INFO - [2022-01-19 11:50:07,342] {dagbag.py:500} INFO - Filling up the DagBag from /opt/airflow/dags/Weather_to_Redshift_v2.py
[2022-01-19 11:50:07,443] {processor.py:632} INFO - DAG(s) dict_keys(['Weather_to_Redshift_v2']) retrieved from /opt/airflow/dags/Weather_to_Redshift_v2.py
[2022-01-19 11:50:07,483] {logging_mixin.py:109} INFO - [2022-01-19 11:50:07,482] {dag.py:2389} INFO - Sync 1 DAGs
[2022-01-19 11:50:07,565] {logging_mixin.py:109} INFO - [2022-01-19 11:50:07,565] {dag.py:2914} INFO - Setting next_dagrun for Weather_to_Redshift_v2 to 2022-01-18 04:00:00+00:00
[2022-01-19 11:50:07,595] {processor.py:171} INFO - Processing /opt/airflow/dags/Weather_to_Redshift_v2.py took 0.268 seconds
[2022-01-19 11:50:41,240] {processor.py:163} INFO - Started process (PID=2049) to work on /opt/airflow/dags/Weather_to_Redshift_v2.py
[2022-01-19 11:50:41,247] {processor.py:620} INFO - Processing file /opt/airflow/dags/Weather_to_Redshift_v2.py for tasks to queue
[2022-01-19 11:50:41,252] {logging_mixin.py:109} INFO - [2022-01-19 11:50:41,251] {dagbag.py:500} INFO - Filling up the DagBag from /opt/airflow/dags/Weather_to_Redshift_v2.py
[2022-01-19 11:50:41,368] {processor.py:632} INFO - DAG(s) dict_keys(['Weather_to_Redshift_v2']) retrieved from /opt/airflow/dags/Weather_to_Redshift_v2.py
[2022-01-19 11:50:41,417] {logging_mixin.py:109} INFO - [2022-01-19 11:50:41,416] {dag.py:2389} INFO - Sync 1 DAGs
[2022-01-19 11:50:41,530] {logging_mixin.py:109} INFO - [2022-01-19 11:50:41,529] {dag.py:2914} INFO - Setting next_dagrun for Weather_to_Redshift_v2 to 2022-01-18 04:00:00+00:00
[2022-01-19 11:50:41,575] {processor.py:171} INFO - Processing /opt/airflow/dags/Weather_to_Redshift_v2.py took 0.343 seconds
[2022-01-19 11:54:18,651] {processor.py:163} INFO - Started process (PID=175) to work on /opt/airflow/dags/Weather_to_Redshift_v2.py
[2022-01-19 11:54:18,681] {processor.py:620} INFO - Processing file /opt/airflow/dags/Weather_to_Redshift_v2.py for tasks to queue
[2022-01-19 11:54:18,692] {logging_mixin.py:109} INFO - [2022-01-19 11:54:18,691] {dagbag.py:500} INFO - Filling up the DagBag from /opt/airflow/dags/Weather_to_Redshift_v2.py
[2022-01-19 11:54:19,031] {processor.py:632} INFO - DAG(s) dict_keys(['Weather_to_Redshift_v2']) retrieved from /opt/airflow/dags/Weather_to_Redshift_v2.py
[2022-01-19 11:54:19,155] {logging_mixin.py:109} INFO - [2022-01-19 11:54:19,155] {dag.py:2389} INFO - Sync 1 DAGs
[2022-01-19 11:54:19,395] {logging_mixin.py:109} INFO - [2022-01-19 11:54:19,394] {dag.py:2914} INFO - Setting next_dagrun for Weather_to_Redshift_v2 to 2022-01-18 04:00:00+00:00
[2022-01-19 11:54:19,487] {processor.py:171} INFO - Processing /opt/airflow/dags/Weather_to_Redshift_v2.py took 0.857 seconds
[2022-01-19 11:55:01,192] {processor.py:163} INFO - Started process (PID=319) to work on /opt/airflow/dags/Weather_to_Redshift_v2.py
[2022-01-19 11:55:01,206] {processor.py:620} INFO - Processing file /opt/airflow/dags/Weather_to_Redshift_v2.py for tasks to queue
[2022-01-19 11:55:01,221] {logging_mixin.py:109} INFO - [2022-01-19 11:55:01,220] {dagbag.py:500} INFO - Filling up the DagBag from /opt/airflow/dags/Weather_to_Redshift_v2.py
[2022-01-19 11:55:01,594] {processor.py:632} INFO - DAG(s) dict_keys(['Weather_to_Redshift_v2']) retrieved from /opt/airflow/dags/Weather_to_Redshift_v2.py
[2022-01-19 11:55:01,713] {logging_mixin.py:109} INFO - [2022-01-19 11:55:01,712] {dag.py:2389} INFO - Sync 1 DAGs
[2022-01-19 11:55:01,911] {logging_mixin.py:109} INFO - [2022-01-19 11:55:01,910] {dag.py:2914} INFO - Setting next_dagrun for Weather_to_Redshift_v2 to 2022-01-18 04:00:00+00:00
[2022-01-19 11:55:02,005] {processor.py:171} INFO - Processing /opt/airflow/dags/Weather_to_Redshift_v2.py took 0.850 seconds
[2022-01-19 11:55:32,109] {processor.py:163} INFO - Started process (PID=445) to work on /opt/airflow/dags/Weather_to_Redshift_v2.py
[2022-01-19 11:55:32,113] {processor.py:620} INFO - Processing file /opt/airflow/dags/Weather_to_Redshift_v2.py for tasks to queue
[2022-01-19 11:55:32,116] {logging_mixin.py:109} INFO - [2022-01-19 11:55:32,115] {dagbag.py:500} INFO - Filling up the DagBag from /opt/airflow/dags/Weather_to_Redshift_v2.py
[2022-01-19 11:55:32,199] {processor.py:632} INFO - DAG(s) dict_keys(['Weather_to_Redshift_v2']) retrieved from /opt/airflow/dags/Weather_to_Redshift_v2.py
[2022-01-19 11:55:32,234] {logging_mixin.py:109} INFO - [2022-01-19 11:55:32,233] {dag.py:2389} INFO - Sync 1 DAGs
[2022-01-19 11:55:32,289] {logging_mixin.py:109} INFO - [2022-01-19 11:55:32,288] {dag.py:2914} INFO - Setting next_dagrun for Weather_to_Redshift_v2 to 2022-01-18 04:00:00+00:00
[2022-01-19 11:55:32,313] {processor.py:171} INFO - Processing /opt/airflow/dags/Weather_to_Redshift_v2.py took 0.211 seconds
[2022-01-19 11:56:02,523] {processor.py:163} INFO - Started process (PID=590) to work on /opt/airflow/dags/Weather_to_Redshift_v2.py
[2022-01-19 11:56:02,530] {processor.py:620} INFO - Processing file /opt/airflow/dags/Weather_to_Redshift_v2.py for tasks to queue
[2022-01-19 11:56:02,535] {logging_mixin.py:109} INFO - [2022-01-19 11:56:02,535] {dagbag.py:500} INFO - Filling up the DagBag from /opt/airflow/dags/Weather_to_Redshift_v2.py
[2022-01-19 11:56:02,823] {processor.py:632} INFO - DAG(s) dict_keys(['Weather_to_Redshift_v2']) retrieved from /opt/airflow/dags/Weather_to_Redshift_v2.py
[2022-01-19 11:56:02,877] {logging_mixin.py:109} INFO - [2022-01-19 11:56:02,876] {dag.py:2389} INFO - Sync 1 DAGs
[2022-01-19 11:56:02,962] {logging_mixin.py:109} INFO - [2022-01-19 11:56:02,962] {dag.py:2914} INFO - Setting next_dagrun for Weather_to_Redshift_v2 to 2022-01-18 04:00:00+00:00
[2022-01-19 11:56:02,993] {processor.py:171} INFO - Processing /opt/airflow/dags/Weather_to_Redshift_v2.py took 0.489 seconds
[2022-01-19 11:56:33,947] {processor.py:163} INFO - Started process (PID=716) to work on /opt/airflow/dags/Weather_to_Redshift_v2.py
[2022-01-19 11:56:33,951] {processor.py:620} INFO - Processing file /opt/airflow/dags/Weather_to_Redshift_v2.py for tasks to queue
[2022-01-19 11:56:33,954] {logging_mixin.py:109} INFO - [2022-01-19 11:56:33,953] {dagbag.py:500} INFO - Filling up the DagBag from /opt/airflow/dags/Weather_to_Redshift_v2.py
[2022-01-19 11:56:34,033] {processor.py:632} INFO - DAG(s) dict_keys(['Weather_to_Redshift_v2']) retrieved from /opt/airflow/dags/Weather_to_Redshift_v2.py
[2022-01-19 11:56:34,066] {logging_mixin.py:109} INFO - [2022-01-19 11:56:34,066] {dag.py:2389} INFO - Sync 1 DAGs
[2022-01-19 11:56:34,122] {logging_mixin.py:109} INFO - [2022-01-19 11:56:34,122] {dag.py:2914} INFO - Setting next_dagrun for Weather_to_Redshift_v2 to 2022-01-18 04:00:00+00:00
[2022-01-19 11:56:34,146] {processor.py:171} INFO - Processing /opt/airflow/dags/Weather_to_Redshift_v2.py took 0.206 seconds
[2022-01-19 11:57:04,655] {processor.py:163} INFO - Started process (PID=862) to work on /opt/airflow/dags/Weather_to_Redshift_v2.py
[2022-01-19 11:57:04,660] {processor.py:620} INFO - Processing file /opt/airflow/dags/Weather_to_Redshift_v2.py for tasks to queue
[2022-01-19 11:57:04,663] {logging_mixin.py:109} INFO - [2022-01-19 11:57:04,663] {dagbag.py:500} INFO - Filling up the DagBag from /opt/airflow/dags/Weather_to_Redshift_v2.py
[2022-01-19 11:57:04,759] {processor.py:632} INFO - DAG(s) dict_keys(['Weather_to_Redshift_v2']) retrieved from /opt/airflow/dags/Weather_to_Redshift_v2.py
[2022-01-19 11:57:04,801] {logging_mixin.py:109} INFO - [2022-01-19 11:57:04,800] {dag.py:2389} INFO - Sync 1 DAGs
[2022-01-19 11:57:04,866] {logging_mixin.py:109} INFO - [2022-01-19 11:57:04,865] {dag.py:2914} INFO - Setting next_dagrun for Weather_to_Redshift_v2 to 2022-01-18 04:00:00+00:00
[2022-01-19 11:57:04,895] {processor.py:171} INFO - Processing /opt/airflow/dags/Weather_to_Redshift_v2.py took 0.247 seconds
[2022-01-19 11:57:35,201] {processor.py:163} INFO - Started process (PID=989) to work on /opt/airflow/dags/Weather_to_Redshift_v2.py
[2022-01-19 11:57:35,205] {processor.py:620} INFO - Processing file /opt/airflow/dags/Weather_to_Redshift_v2.py for tasks to queue
[2022-01-19 11:57:35,209] {logging_mixin.py:109} INFO - [2022-01-19 11:57:35,208] {dagbag.py:500} INFO - Filling up the DagBag from /opt/airflow/dags/Weather_to_Redshift_v2.py
[2022-01-19 11:57:35,304] {processor.py:632} INFO - DAG(s) dict_keys(['Weather_to_Redshift_v2']) retrieved from /opt/airflow/dags/Weather_to_Redshift_v2.py
[2022-01-19 11:57:35,336] {logging_mixin.py:109} INFO - [2022-01-19 11:57:35,336] {dag.py:2389} INFO - Sync 1 DAGs
[2022-01-19 11:57:35,394] {logging_mixin.py:109} INFO - [2022-01-19 11:57:35,393] {dag.py:2914} INFO - Setting next_dagrun for Weather_to_Redshift_v2 to 2022-01-18 04:00:00+00:00
[2022-01-19 11:57:35,418] {processor.py:171} INFO - Processing /opt/airflow/dags/Weather_to_Redshift_v2.py took 0.228 seconds
[2022-01-19 11:58:05,993] {processor.py:163} INFO - Started process (PID=1131) to work on /opt/airflow/dags/Weather_to_Redshift_v2.py
[2022-01-19 11:58:05,999] {processor.py:620} INFO - Processing file /opt/airflow/dags/Weather_to_Redshift_v2.py for tasks to queue
[2022-01-19 11:58:06,002] {logging_mixin.py:109} INFO - [2022-01-19 11:58:06,002] {dagbag.py:500} INFO - Filling up the DagBag from /opt/airflow/dags/Weather_to_Redshift_v2.py
[2022-01-19 11:58:06,122] {processor.py:632} INFO - DAG(s) dict_keys(['Weather_to_Redshift_v2']) retrieved from /opt/airflow/dags/Weather_to_Redshift_v2.py
[2022-01-19 11:58:06,188] {logging_mixin.py:109} INFO - [2022-01-19 11:58:06,188] {dag.py:2389} INFO - Sync 1 DAGs
[2022-01-19 11:58:06,256] {logging_mixin.py:109} INFO - [2022-01-19 11:58:06,255] {dag.py:2914} INFO - Setting next_dagrun for Weather_to_Redshift_v2 to 2022-01-18 04:00:00+00:00
[2022-01-19 11:58:06,290] {processor.py:171} INFO - Processing /opt/airflow/dags/Weather_to_Redshift_v2.py took 0.306 seconds
[2022-01-19 11:58:17,652] {processor.py:163} INFO - Started process (PID=1167) to work on /opt/airflow/dags/Weather_to_Redshift_v2.py
[2022-01-19 11:58:17,664] {processor.py:620} INFO - Processing file /opt/airflow/dags/Weather_to_Redshift_v2.py for tasks to queue
[2022-01-19 11:58:17,674] {logging_mixin.py:109} INFO - [2022-01-19 11:58:17,673] {dagbag.py:500} INFO - Filling up the DagBag from /opt/airflow/dags/Weather_to_Redshift_v2.py
[2022-01-19 11:58:17,823] {processor.py:632} INFO - DAG(s) dict_keys(['Weather_to_Redshift_v2']) retrieved from /opt/airflow/dags/Weather_to_Redshift_v2.py
[2022-01-19 11:58:17,872] {logging_mixin.py:109} INFO - [2022-01-19 11:58:17,871] {dag.py:2389} INFO - Sync 1 DAGs
[2022-01-19 11:58:17,951] {logging_mixin.py:109} INFO - [2022-01-19 11:58:17,951] {dag.py:2914} INFO - Setting next_dagrun for Weather_to_Redshift_v2 to 2022-01-18 04:00:00+00:00
[2022-01-19 11:58:17,986] {processor.py:171} INFO - Processing /opt/airflow/dags/Weather_to_Redshift_v2.py took 0.342 seconds
[2022-01-19 11:58:29,583] {processor.py:163} INFO - Started process (PID=1283) to work on /opt/airflow/dags/Weather_to_Redshift_v2.py
[2022-01-19 11:58:29,607] {processor.py:620} INFO - Processing file /opt/airflow/dags/Weather_to_Redshift_v2.py for tasks to queue
[2022-01-19 11:58:29,611] {logging_mixin.py:109} INFO - [2022-01-19 11:58:29,610] {dagbag.py:500} INFO - Filling up the DagBag from /opt/airflow/dags/Weather_to_Redshift_v2.py
[2022-01-19 11:58:29,817] {processor.py:632} INFO - DAG(s) dict_keys(['Weather_to_Redshift_v2']) retrieved from /opt/airflow/dags/Weather_to_Redshift_v2.py
[2022-01-19 11:58:29,854] {logging_mixin.py:109} INFO - [2022-01-19 11:58:29,853] {dag.py:2389} INFO - Sync 1 DAGs
[2022-01-19 11:58:29,918] {logging_mixin.py:109} INFO - [2022-01-19 11:58:29,918] {dag.py:2914} INFO - Setting next_dagrun for Weather_to_Redshift_v2 to 2022-01-18 04:00:00+00:00
[2022-01-19 11:58:29,944] {processor.py:171} INFO - Processing /opt/airflow/dags/Weather_to_Redshift_v2.py took 0.370 seconds
[2022-01-19 12:04:16,836] {processor.py:163} INFO - Started process (PID=2467) to work on /opt/airflow/dags/Weather_to_Redshift_v2.py
[2022-01-19 12:04:16,841] {processor.py:620} INFO - Processing file /opt/airflow/dags/Weather_to_Redshift_v2.py for tasks to queue
[2022-01-19 12:04:16,844] {logging_mixin.py:109} INFO - [2022-01-19 12:04:16,843] {dagbag.py:500} INFO - Filling up the DagBag from /opt/airflow/dags/Weather_to_Redshift_v2.py
[2022-01-19 12:04:16,924] {processor.py:632} INFO - DAG(s) dict_keys(['Weather_to_Redshift_v2']) retrieved from /opt/airflow/dags/Weather_to_Redshift_v2.py
[2022-01-19 12:04:18,043] {logging_mixin.py:109} INFO - [2022-01-19 12:04:18,042] {dag.py:2389} INFO - Sync 1 DAGs
[2022-01-19 12:04:18,104] {logging_mixin.py:109} INFO - [2022-01-19 12:04:18,104] {dag.py:2914} INFO - Setting next_dagrun for Weather_to_Redshift_v2 to 2022-01-18 04:00:00+00:00
[2022-01-19 12:04:18,177] {processor.py:171} INFO - Processing /opt/airflow/dags/Weather_to_Redshift_v2.py took 1.348 seconds
[2022-01-19 12:04:48,298] {processor.py:163} INFO - Started process (PID=2601) to work on /opt/airflow/dags/Weather_to_Redshift_v2.py
[2022-01-19 12:04:48,302] {processor.py:620} INFO - Processing file /opt/airflow/dags/Weather_to_Redshift_v2.py for tasks to queue
[2022-01-19 12:04:48,306] {logging_mixin.py:109} INFO - [2022-01-19 12:04:48,306] {dagbag.py:500} INFO - Filling up the DagBag from /opt/airflow/dags/Weather_to_Redshift_v2.py
[2022-01-19 12:04:48,381] {processor.py:632} INFO - DAG(s) dict_keys(['Weather_to_Redshift_v2']) retrieved from /opt/airflow/dags/Weather_to_Redshift_v2.py
[2022-01-19 12:04:48,417] {logging_mixin.py:109} INFO - [2022-01-19 12:04:48,416] {dag.py:2389} INFO - Sync 1 DAGs
[2022-01-19 12:04:48,475] {logging_mixin.py:109} INFO - [2022-01-19 12:04:48,475] {dag.py:2914} INFO - Setting next_dagrun for Weather_to_Redshift_v2 to 2022-01-18 04:00:00+00:00
[2022-01-19 12:04:48,500] {processor.py:171} INFO - Processing /opt/airflow/dags/Weather_to_Redshift_v2.py took 0.211 seconds
[2022-01-19 12:05:19,160] {processor.py:163} INFO - Started process (PID=2738) to work on /opt/airflow/dags/Weather_to_Redshift_v2.py
[2022-01-19 12:05:19,165] {processor.py:620} INFO - Processing file /opt/airflow/dags/Weather_to_Redshift_v2.py for tasks to queue
[2022-01-19 12:05:19,168] {logging_mixin.py:109} INFO - [2022-01-19 12:05:19,168] {dagbag.py:500} INFO - Filling up the DagBag from /opt/airflow/dags/Weather_to_Redshift_v2.py
[2022-01-19 12:05:19,267] {processor.py:632} INFO - DAG(s) dict_keys(['Weather_to_Redshift_v2']) retrieved from /opt/airflow/dags/Weather_to_Redshift_v2.py
[2022-01-19 12:05:19,310] {logging_mixin.py:109} INFO - [2022-01-19 12:05:19,310] {dag.py:2389} INFO - Sync 1 DAGs
[2022-01-19 12:05:19,404] {logging_mixin.py:109} INFO - [2022-01-19 12:05:19,399] {dag.py:2914} INFO - Setting next_dagrun for Weather_to_Redshift_v2 to 2022-01-18 04:00:00+00:00
[2022-01-19 12:05:19,446] {processor.py:171} INFO - Processing /opt/airflow/dags/Weather_to_Redshift_v2.py took 0.294 seconds
[2022-01-19 12:05:49,635] {processor.py:163} INFO - Started process (PID=2860) to work on /opt/airflow/dags/Weather_to_Redshift_v2.py
[2022-01-19 12:05:49,639] {processor.py:620} INFO - Processing file /opt/airflow/dags/Weather_to_Redshift_v2.py for tasks to queue
[2022-01-19 12:05:49,643] {logging_mixin.py:109} INFO - [2022-01-19 12:05:49,642] {dagbag.py:500} INFO - Filling up the DagBag from /opt/airflow/dags/Weather_to_Redshift_v2.py
[2022-01-19 12:05:49,712] {processor.py:632} INFO - DAG(s) dict_keys(['Weather_to_Redshift_v2']) retrieved from /opt/airflow/dags/Weather_to_Redshift_v2.py
[2022-01-19 12:05:49,746] {logging_mixin.py:109} INFO - [2022-01-19 12:05:49,745] {dag.py:2389} INFO - Sync 1 DAGs
[2022-01-19 12:05:49,805] {logging_mixin.py:109} INFO - [2022-01-19 12:05:49,804] {dag.py:2914} INFO - Setting next_dagrun for Weather_to_Redshift_v2 to 2022-01-18 04:00:00+00:00
[2022-01-19 12:05:49,828] {processor.py:171} INFO - Processing /opt/airflow/dags/Weather_to_Redshift_v2.py took 0.202 seconds
[2022-01-19 12:06:20,266] {processor.py:163} INFO - Started process (PID=2998) to work on /opt/airflow/dags/Weather_to_Redshift_v2.py
[2022-01-19 12:06:20,271] {processor.py:620} INFO - Processing file /opt/airflow/dags/Weather_to_Redshift_v2.py for tasks to queue
[2022-01-19 12:06:20,274] {logging_mixin.py:109} INFO - [2022-01-19 12:06:20,273] {dagbag.py:500} INFO - Filling up the DagBag from /opt/airflow/dags/Weather_to_Redshift_v2.py
[2022-01-19 12:06:20,349] {processor.py:632} INFO - DAG(s) dict_keys(['Weather_to_Redshift_v2']) retrieved from /opt/airflow/dags/Weather_to_Redshift_v2.py
[2022-01-19 12:06:20,386] {logging_mixin.py:109} INFO - [2022-01-19 12:06:20,385] {dag.py:2389} INFO - Sync 1 DAGs
[2022-01-19 12:06:20,450] {logging_mixin.py:109} INFO - [2022-01-19 12:06:20,449] {dag.py:2914} INFO - Setting next_dagrun for Weather_to_Redshift_v2 to 2022-01-18 04:00:00+00:00
[2022-01-19 12:06:20,479] {processor.py:171} INFO - Processing /opt/airflow/dags/Weather_to_Redshift_v2.py took 0.224 seconds
[2022-01-19 12:06:50,639] {processor.py:163} INFO - Started process (PID=3119) to work on /opt/airflow/dags/Weather_to_Redshift_v2.py
[2022-01-19 12:06:50,645] {processor.py:620} INFO - Processing file /opt/airflow/dags/Weather_to_Redshift_v2.py for tasks to queue
[2022-01-19 12:06:50,649] {logging_mixin.py:109} INFO - [2022-01-19 12:06:50,649] {dagbag.py:500} INFO - Filling up the DagBag from /opt/airflow/dags/Weather_to_Redshift_v2.py
[2022-01-19 12:06:50,730] {processor.py:632} INFO - DAG(s) dict_keys(['Weather_to_Redshift_v2']) retrieved from /opt/airflow/dags/Weather_to_Redshift_v2.py
[2022-01-19 12:06:50,765] {logging_mixin.py:109} INFO - [2022-01-19 12:06:50,765] {dag.py:2389} INFO - Sync 1 DAGs
[2022-01-19 12:06:50,830] {logging_mixin.py:109} INFO - [2022-01-19 12:06:50,830] {dag.py:2914} INFO - Setting next_dagrun for Weather_to_Redshift_v2 to 2022-01-18 04:00:00+00:00
[2022-01-19 12:06:50,860] {processor.py:171} INFO - Processing /opt/airflow/dags/Weather_to_Redshift_v2.py took 0.229 seconds
[2022-01-19 12:07:21,275] {processor.py:163} INFO - Started process (PID=3257) to work on /opt/airflow/dags/Weather_to_Redshift_v2.py
[2022-01-19 12:07:21,279] {processor.py:620} INFO - Processing file /opt/airflow/dags/Weather_to_Redshift_v2.py for tasks to queue
[2022-01-19 12:07:21,282] {logging_mixin.py:109} INFO - [2022-01-19 12:07:21,282] {dagbag.py:500} INFO - Filling up the DagBag from /opt/airflow/dags/Weather_to_Redshift_v2.py
[2022-01-19 12:07:21,357] {processor.py:632} INFO - DAG(s) dict_keys(['Weather_to_Redshift_v2']) retrieved from /opt/airflow/dags/Weather_to_Redshift_v2.py
[2022-01-19 12:07:21,419] {logging_mixin.py:109} INFO - [2022-01-19 12:07:21,419] {dag.py:2389} INFO - Sync 1 DAGs
[2022-01-19 12:07:21,489] {logging_mixin.py:109} INFO - [2022-01-19 12:07:21,489] {dag.py:2914} INFO - Setting next_dagrun for Weather_to_Redshift_v2 to 2022-01-18 04:00:00+00:00
[2022-01-19 12:07:21,518] {processor.py:171} INFO - Processing /opt/airflow/dags/Weather_to_Redshift_v2.py took 0.253 seconds
[2022-01-19 12:07:51,998] {processor.py:163} INFO - Started process (PID=3378) to work on /opt/airflow/dags/Weather_to_Redshift_v2.py
[2022-01-19 12:07:52,005] {processor.py:620} INFO - Processing file /opt/airflow/dags/Weather_to_Redshift_v2.py for tasks to queue
[2022-01-19 12:07:52,010] {logging_mixin.py:109} INFO - [2022-01-19 12:07:52,009] {dagbag.py:500} INFO - Filling up the DagBag from /opt/airflow/dags/Weather_to_Redshift_v2.py
[2022-01-19 12:07:52,112] {processor.py:632} INFO - DAG(s) dict_keys(['Weather_to_Redshift_v2']) retrieved from /opt/airflow/dags/Weather_to_Redshift_v2.py
[2022-01-19 12:07:52,150] {logging_mixin.py:109} INFO - [2022-01-19 12:07:52,149] {dag.py:2389} INFO - Sync 1 DAGs
[2022-01-19 12:07:52,219] {logging_mixin.py:109} INFO - [2022-01-19 12:07:52,218] {dag.py:2914} INFO - Setting next_dagrun for Weather_to_Redshift_v2 to 2022-01-18 04:00:00+00:00
[2022-01-19 12:07:52,244] {processor.py:171} INFO - Processing /opt/airflow/dags/Weather_to_Redshift_v2.py took 0.256 seconds
[2022-01-19 12:08:23,340] {processor.py:163} INFO - Started process (PID=3515) to work on /opt/airflow/dags/Weather_to_Redshift_v2.py
[2022-01-19 12:08:23,345] {processor.py:620} INFO - Processing file /opt/airflow/dags/Weather_to_Redshift_v2.py for tasks to queue
[2022-01-19 12:08:23,348] {logging_mixin.py:109} INFO - [2022-01-19 12:08:23,348] {dagbag.py:500} INFO - Filling up the DagBag from /opt/airflow/dags/Weather_to_Redshift_v2.py
[2022-01-19 12:08:23,422] {processor.py:632} INFO - DAG(s) dict_keys(['Weather_to_Redshift_v2']) retrieved from /opt/airflow/dags/Weather_to_Redshift_v2.py
[2022-01-19 12:08:23,458] {logging_mixin.py:109} INFO - [2022-01-19 12:08:23,457] {dag.py:2389} INFO - Sync 1 DAGs
[2022-01-19 12:08:23,518] {logging_mixin.py:109} INFO - [2022-01-19 12:08:23,517] {dag.py:2914} INFO - Setting next_dagrun for Weather_to_Redshift_v2 to 2022-01-18 04:00:00+00:00
[2022-01-19 12:08:23,546] {processor.py:171} INFO - Processing /opt/airflow/dags/Weather_to_Redshift_v2.py took 0.214 seconds
[2022-01-19 12:09:58,481] {processor.py:163} INFO - Started process (PID=3821) to work on /opt/airflow/dags/Weather_to_Redshift_v2.py
[2022-01-19 12:09:58,495] {processor.py:620} INFO - Processing file /opt/airflow/dags/Weather_to_Redshift_v2.py for tasks to queue
[2022-01-19 12:09:58,502] {logging_mixin.py:109} INFO - [2022-01-19 12:09:58,501] {dagbag.py:500} INFO - Filling up the DagBag from /opt/airflow/dags/Weather_to_Redshift_v2.py
[2022-01-19 12:09:58,679] {processor.py:632} INFO - DAG(s) dict_keys(['Weather_to_Redshift_v2']) retrieved from /opt/airflow/dags/Weather_to_Redshift_v2.py
[2022-01-19 12:09:59,817] {logging_mixin.py:109} INFO - [2022-01-19 12:09:59,817] {dag.py:2389} INFO - Sync 1 DAGs
[2022-01-19 12:09:59,878] {logging_mixin.py:109} INFO - [2022-01-19 12:09:59,878] {dag.py:2914} INFO - Setting next_dagrun for Weather_to_Redshift_v2 to 2022-01-18 04:00:00+00:00
[2022-01-19 12:09:59,892] {processor.py:174} ERROR - Got an exception! Propagating...
Traceback (most recent call last):
  File "/home/airflow/.local/lib/python3.7/site-packages/airflow/dag_processing/processor.py", line 168, in _run_file_processor
    callback_requests=callback_requests,
  File "/home/airflow/.local/lib/python3.7/site-packages/airflow/utils/session.py", line 70, in wrapper
    return func(*args, session=session, **kwargs)
  File "/home/airflow/.local/lib/python3.7/site-packages/airflow/dag_processing/processor.py", line 641, in process_file
    dagbag.sync_to_db()
  File "/home/airflow/.local/lib/python3.7/site-packages/airflow/utils/session.py", line 70, in wrapper
    return func(*args, session=session, **kwargs)
  File "/home/airflow/.local/lib/python3.7/site-packages/airflow/models/dagbag.py", line 608, in sync_to_db
    for attempt in run_with_db_retries(logger=self.log):
  File "/home/airflow/.local/lib/python3.7/site-packages/tenacity/__init__.py", line 382, in __iter__
    do = self.iter(retry_state=retry_state)
  File "/home/airflow/.local/lib/python3.7/site-packages/tenacity/__init__.py", line 349, in iter
    return fut.result()
  File "/usr/local/lib/python3.7/concurrent/futures/_base.py", line 428, in result
    return self.__get_result()
  File "/usr/local/lib/python3.7/concurrent/futures/_base.py", line 384, in __get_result
    raise self._exception
  File "/home/airflow/.local/lib/python3.7/site-packages/airflow/models/dagbag.py", line 622, in sync_to_db
    DAG.bulk_write_to_db(self.dags.values(), session=session)
  File "/home/airflow/.local/lib/python3.7/site-packages/airflow/utils/session.py", line 67, in wrapper
    return func(*args, **kwargs)
  File "/home/airflow/.local/lib/python3.7/site-packages/airflow/models/dag.py", line 2470, in bulk_write_to_db
    DagCode.bulk_sync_to_db(filelocs, session=session)
  File "/home/airflow/.local/lib/python3.7/site-packages/airflow/utils/session.py", line 67, in wrapper
    return func(*args, **kwargs)
  File "/home/airflow/.local/lib/python3.7/site-packages/airflow/models/dagcode.py", line 107, in bulk_sync_to_db
    orm_dag_code = DagCode(fileloc, cls._get_code_from_file(fileloc))
  File "/home/airflow/.local/lib/python3.7/site-packages/airflow/models/dagcode.py", line 168, in _get_code_from_file
    with open_maybe_zipped(fileloc, 'r') as f:
  File "/home/airflow/.local/lib/python3.7/site-packages/airflow/utils/file.py", line 97, in open_maybe_zipped
    return open(fileloc, mode=mode)
FileNotFoundError: [Errno 2] No such file or directory: '/opt/airflow/dags/Weather_to_Redshift_v2.py'
