[2022-01-19 11:41:21,003] {processor.py:163} INFO - Started process (PID=198) to work on /opt/airflow/dags/Weather_to_Redshift.py
[2022-01-19 11:41:21,009] {processor.py:620} INFO - Processing file /opt/airflow/dags/Weather_to_Redshift.py for tasks to queue
[2022-01-19 11:41:21,017] {logging_mixin.py:109} INFO - [2022-01-19 11:41:21,017] {dagbag.py:500} INFO - Filling up the DagBag from /opt/airflow/dags/Weather_to_Redshift.py
[2022-01-19 11:41:21,264] {processor.py:632} INFO - DAG(s) dict_keys(['Weather_to_Redshift']) retrieved from /opt/airflow/dags/Weather_to_Redshift.py
[2022-01-19 11:41:55,209] {logging_mixin.py:109} INFO - [2022-01-19 11:41:55,208] {providers_manager.py:156} WARNING - Exception when importing 'airflow.providers.google.leveldb.hooks.leveldb.LevelDBHook' from 'apache-airflow-providers-google' package: No module named 'plyvel'
[2022-01-19 11:42:05,379] {logging_mixin.py:109} INFO - [2022-01-19 11:42:05,378] {providers_manager.py:156} WARNING - Exception when importing 'airflow.providers.google.leveldb.hooks.leveldb.LevelDBHook' from 'apache-airflow-providers-google' package: No module named 'plyvel'
[2022-01-19 11:42:05,545] {logging_mixin.py:109} INFO - [2022-01-19 11:42:05,544] {manager.py:496} INFO - Created Permission View: can edit on DAG:Weather_to_Redshift
[2022-01-19 11:42:05,575] {logging_mixin.py:109} INFO - [2022-01-19 11:42:05,574] {manager.py:496} INFO - Created Permission View: can read on DAG:Weather_to_Redshift
[2022-01-19 11:42:05,581] {logging_mixin.py:109} INFO - [2022-01-19 11:42:05,579] {dag.py:2389} INFO - Sync 1 DAGs
[2022-01-19 11:42:05,646] {logging_mixin.py:109} INFO - [2022-01-19 11:42:05,645] {dag.py:2408} INFO - Creating ORM DAG for Weather_to_Redshift
[2022-01-19 11:42:05,697] {logging_mixin.py:109} INFO - [2022-01-19 11:42:05,696] {dag.py:2914} INFO - Setting next_dagrun for Weather_to_Redshift to 2022-01-18 02:00:00+00:00
[2022-01-19 11:42:05,774] {processor.py:171} INFO - Processing /opt/airflow/dags/Weather_to_Redshift.py took 44.795 seconds
[2022-01-19 11:45:31,218] {processor.py:163} INFO - Started process (PID=718) to work on /opt/airflow/dags/Weather_to_Redshift.py
[2022-01-19 11:45:31,224] {processor.py:620} INFO - Processing file /opt/airflow/dags/Weather_to_Redshift.py for tasks to queue
[2022-01-19 11:45:31,229] {logging_mixin.py:109} INFO - [2022-01-19 11:45:31,228] {dagbag.py:500} INFO - Filling up the DagBag from /opt/airflow/dags/Weather_to_Redshift.py
[2022-01-19 11:45:31,331] {processor.py:632} INFO - DAG(s) dict_keys(['Weather_to_Redshift']) retrieved from /opt/airflow/dags/Weather_to_Redshift.py
[2022-01-19 11:45:31,373] {logging_mixin.py:109} INFO - [2022-01-19 11:45:31,373] {dag.py:2389} INFO - Sync 1 DAGs
[2022-01-19 11:45:31,448] {logging_mixin.py:109} INFO - [2022-01-19 11:45:31,447] {dag.py:2914} INFO - Setting next_dagrun for Weather_to_Redshift to 2022-01-18 02:00:00+00:00
[2022-01-19 11:45:31,478] {processor.py:171} INFO - Processing /opt/airflow/dags/Weather_to_Redshift.py took 0.269 seconds
[2022-01-19 11:46:01,591] {processor.py:163} INFO - Started process (PID=840) to work on /opt/airflow/dags/Weather_to_Redshift.py
[2022-01-19 11:46:01,594] {processor.py:620} INFO - Processing file /opt/airflow/dags/Weather_to_Redshift.py for tasks to queue
[2022-01-19 11:46:01,598] {logging_mixin.py:109} INFO - [2022-01-19 11:46:01,597] {dagbag.py:500} INFO - Filling up the DagBag from /opt/airflow/dags/Weather_to_Redshift.py
[2022-01-19 11:46:01,689] {processor.py:632} INFO - DAG(s) dict_keys(['Weather_to_Redshift']) retrieved from /opt/airflow/dags/Weather_to_Redshift.py
[2022-01-19 11:46:01,727] {logging_mixin.py:109} INFO - [2022-01-19 11:46:01,726] {dag.py:2389} INFO - Sync 1 DAGs
[2022-01-19 11:46:01,792] {logging_mixin.py:109} INFO - [2022-01-19 11:46:01,792] {dag.py:2914} INFO - Setting next_dagrun for Weather_to_Redshift to 2022-01-18 02:00:00+00:00
[2022-01-19 11:46:01,823] {processor.py:171} INFO - Processing /opt/airflow/dags/Weather_to_Redshift.py took 0.239 seconds
[2022-01-19 11:46:32,025] {processor.py:163} INFO - Started process (PID=978) to work on /opt/airflow/dags/Weather_to_Redshift.py
[2022-01-19 11:46:32,032] {processor.py:620} INFO - Processing file /opt/airflow/dags/Weather_to_Redshift.py for tasks to queue
[2022-01-19 11:46:32,036] {logging_mixin.py:109} INFO - [2022-01-19 11:46:32,035] {dagbag.py:500} INFO - Filling up the DagBag from /opt/airflow/dags/Weather_to_Redshift.py
[2022-01-19 11:46:32,195] {processor.py:632} INFO - DAG(s) dict_keys(['Weather_to_Redshift']) retrieved from /opt/airflow/dags/Weather_to_Redshift.py
[2022-01-19 11:46:32,232] {logging_mixin.py:109} INFO - [2022-01-19 11:46:32,232] {dag.py:2389} INFO - Sync 1 DAGs
[2022-01-19 11:46:32,312] {logging_mixin.py:109} INFO - [2022-01-19 11:46:32,311] {dag.py:2914} INFO - Setting next_dagrun for Weather_to_Redshift to 2022-01-18 02:00:00+00:00
[2022-01-19 11:46:32,339] {processor.py:171} INFO - Processing /opt/airflow/dags/Weather_to_Redshift.py took 0.321 seconds
[2022-01-19 11:47:03,067] {processor.py:163} INFO - Started process (PID=1104) to work on /opt/airflow/dags/Weather_to_Redshift.py
[2022-01-19 11:47:03,071] {processor.py:620} INFO - Processing file /opt/airflow/dags/Weather_to_Redshift.py for tasks to queue
[2022-01-19 11:47:03,074] {logging_mixin.py:109} INFO - [2022-01-19 11:47:03,074] {dagbag.py:500} INFO - Filling up the DagBag from /opt/airflow/dags/Weather_to_Redshift.py
[2022-01-19 11:47:03,161] {processor.py:632} INFO - DAG(s) dict_keys(['Weather_to_Redshift']) retrieved from /opt/airflow/dags/Weather_to_Redshift.py
[2022-01-19 11:47:03,194] {logging_mixin.py:109} INFO - [2022-01-19 11:47:03,193] {dag.py:2389} INFO - Sync 1 DAGs
[2022-01-19 11:47:03,254] {logging_mixin.py:109} INFO - [2022-01-19 11:47:03,253] {dag.py:2914} INFO - Setting next_dagrun for Weather_to_Redshift to 2022-01-18 02:00:00+00:00
[2022-01-19 11:47:03,281] {processor.py:171} INFO - Processing /opt/airflow/dags/Weather_to_Redshift.py took 0.221 seconds
[2022-01-19 11:47:34,188] {processor.py:163} INFO - Started process (PID=1248) to work on /opt/airflow/dags/Weather_to_Redshift.py
[2022-01-19 11:47:34,197] {processor.py:620} INFO - Processing file /opt/airflow/dags/Weather_to_Redshift.py for tasks to queue
[2022-01-19 11:47:34,200] {logging_mixin.py:109} INFO - [2022-01-19 11:47:34,200] {dagbag.py:500} INFO - Filling up the DagBag from /opt/airflow/dags/Weather_to_Redshift.py
[2022-01-19 11:47:34,303] {processor.py:632} INFO - DAG(s) dict_keys(['Weather_to_Redshift']) retrieved from /opt/airflow/dags/Weather_to_Redshift.py
[2022-01-19 11:47:34,338] {logging_mixin.py:109} INFO - [2022-01-19 11:47:34,338] {dag.py:2389} INFO - Sync 1 DAGs
[2022-01-19 11:47:34,407] {logging_mixin.py:109} INFO - [2022-01-19 11:47:34,407] {dag.py:2914} INFO - Setting next_dagrun for Weather_to_Redshift to 2022-01-18 02:00:00+00:00
[2022-01-19 11:47:34,434] {processor.py:171} INFO - Processing /opt/airflow/dags/Weather_to_Redshift.py took 0.254 seconds
[2022-01-19 11:48:04,523] {processor.py:163} INFO - Started process (PID=1370) to work on /opt/airflow/dags/Weather_to_Redshift.py
[2022-01-19 11:48:04,528] {processor.py:620} INFO - Processing file /opt/airflow/dags/Weather_to_Redshift.py for tasks to queue
[2022-01-19 11:48:04,531] {logging_mixin.py:109} INFO - [2022-01-19 11:48:04,530] {dagbag.py:500} INFO - Filling up the DagBag from /opt/airflow/dags/Weather_to_Redshift.py
[2022-01-19 11:48:04,616] {processor.py:632} INFO - DAG(s) dict_keys(['Weather_to_Redshift']) retrieved from /opt/airflow/dags/Weather_to_Redshift.py
[2022-01-19 11:48:04,648] {logging_mixin.py:109} INFO - [2022-01-19 11:48:04,647] {dag.py:2389} INFO - Sync 1 DAGs
[2022-01-19 11:48:04,698] {logging_mixin.py:109} INFO - [2022-01-19 11:48:04,698] {dag.py:2914} INFO - Setting next_dagrun for Weather_to_Redshift to 2022-01-18 02:00:00+00:00
[2022-01-19 11:48:04,722] {processor.py:171} INFO - Processing /opt/airflow/dags/Weather_to_Redshift.py took 0.206 seconds
[2022-01-19 11:48:35,063] {processor.py:163} INFO - Started process (PID=1512) to work on /opt/airflow/dags/Weather_to_Redshift.py
[2022-01-19 11:48:35,070] {processor.py:620} INFO - Processing file /opt/airflow/dags/Weather_to_Redshift.py for tasks to queue
[2022-01-19 11:48:35,076] {logging_mixin.py:109} INFO - [2022-01-19 11:48:35,076] {dagbag.py:500} INFO - Filling up the DagBag from /opt/airflow/dags/Weather_to_Redshift.py
[2022-01-19 11:48:35,179] {processor.py:632} INFO - DAG(s) dict_keys(['Weather_to_Redshift']) retrieved from /opt/airflow/dags/Weather_to_Redshift.py
[2022-01-19 11:48:35,215] {logging_mixin.py:109} INFO - [2022-01-19 11:48:35,215] {dag.py:2389} INFO - Sync 1 DAGs
[2022-01-19 11:48:35,281] {logging_mixin.py:109} INFO - [2022-01-19 11:48:35,281] {dag.py:2914} INFO - Setting next_dagrun for Weather_to_Redshift to 2022-01-18 02:00:00+00:00
[2022-01-19 11:48:35,309] {processor.py:171} INFO - Processing /opt/airflow/dags/Weather_to_Redshift.py took 0.255 seconds
[2022-01-19 11:49:05,794] {processor.py:163} INFO - Started process (PID=1638) to work on /opt/airflow/dags/Weather_to_Redshift.py
[2022-01-19 11:49:05,797] {processor.py:620} INFO - Processing file /opt/airflow/dags/Weather_to_Redshift.py for tasks to queue
[2022-01-19 11:49:05,800] {logging_mixin.py:109} INFO - [2022-01-19 11:49:05,800] {dagbag.py:500} INFO - Filling up the DagBag from /opt/airflow/dags/Weather_to_Redshift.py
[2022-01-19 11:49:05,886] {processor.py:632} INFO - DAG(s) dict_keys(['Weather_to_Redshift']) retrieved from /opt/airflow/dags/Weather_to_Redshift.py
[2022-01-19 11:49:05,925] {logging_mixin.py:109} INFO - [2022-01-19 11:49:05,924] {dag.py:2389} INFO - Sync 1 DAGs
[2022-01-19 11:49:05,981] {logging_mixin.py:109} INFO - [2022-01-19 11:49:05,980] {dag.py:2914} INFO - Setting next_dagrun for Weather_to_Redshift to 2022-01-18 02:00:00+00:00
[2022-01-19 11:49:06,003] {processor.py:171} INFO - Processing /opt/airflow/dags/Weather_to_Redshift.py took 0.215 seconds
[2022-01-19 11:49:36,849] {processor.py:163} INFO - Started process (PID=1782) to work on /opt/airflow/dags/Weather_to_Redshift.py
[2022-01-19 11:49:36,853] {processor.py:620} INFO - Processing file /opt/airflow/dags/Weather_to_Redshift.py for tasks to queue
[2022-01-19 11:49:36,857] {logging_mixin.py:109} INFO - [2022-01-19 11:49:36,856] {dagbag.py:500} INFO - Filling up the DagBag from /opt/airflow/dags/Weather_to_Redshift.py
[2022-01-19 11:49:36,974] {processor.py:632} INFO - DAG(s) dict_keys(['Weather_to_Redshift']) retrieved from /opt/airflow/dags/Weather_to_Redshift.py
[2022-01-19 11:49:37,021] {logging_mixin.py:109} INFO - [2022-01-19 11:49:37,020] {dag.py:2389} INFO - Sync 1 DAGs
[2022-01-19 11:49:37,088] {logging_mixin.py:109} INFO - [2022-01-19 11:49:37,087] {dag.py:2914} INFO - Setting next_dagrun for Weather_to_Redshift to 2022-01-18 02:00:00+00:00
[2022-01-19 11:49:37,117] {processor.py:171} INFO - Processing /opt/airflow/dags/Weather_to_Redshift.py took 0.278 seconds
[2022-01-19 11:50:07,707] {processor.py:163} INFO - Started process (PID=1917) to work on /opt/airflow/dags/Weather_to_Redshift.py
[2022-01-19 11:50:07,719] {processor.py:620} INFO - Processing file /opt/airflow/dags/Weather_to_Redshift.py for tasks to queue
[2022-01-19 11:50:07,722] {logging_mixin.py:109} INFO - [2022-01-19 11:50:07,722] {dagbag.py:500} INFO - Filling up the DagBag from /opt/airflow/dags/Weather_to_Redshift.py
[2022-01-19 11:50:07,862] {processor.py:632} INFO - DAG(s) dict_keys(['Weather_to_Redshift']) retrieved from /opt/airflow/dags/Weather_to_Redshift.py
[2022-01-19 11:50:07,900] {logging_mixin.py:109} INFO - [2022-01-19 11:50:07,899] {dag.py:2389} INFO - Sync 1 DAGs
[2022-01-19 11:50:08,000] {logging_mixin.py:109} INFO - [2022-01-19 11:50:07,999] {dag.py:2914} INFO - Setting next_dagrun for Weather_to_Redshift to 2022-01-18 02:00:00+00:00
[2022-01-19 11:50:08,030] {processor.py:171} INFO - Processing /opt/airflow/dags/Weather_to_Redshift.py took 0.331 seconds
[2022-01-19 11:50:41,333] {processor.py:163} INFO - Started process (PID=2051) to work on /opt/airflow/dags/Weather_to_Redshift.py
[2022-01-19 11:50:41,339] {processor.py:620} INFO - Processing file /opt/airflow/dags/Weather_to_Redshift.py for tasks to queue
[2022-01-19 11:50:41,342] {logging_mixin.py:109} INFO - [2022-01-19 11:50:41,342] {dagbag.py:500} INFO - Filling up the DagBag from /opt/airflow/dags/Weather_to_Redshift.py
[2022-01-19 11:50:41,529] {processor.py:632} INFO - DAG(s) dict_keys(['Weather_to_Redshift']) retrieved from /opt/airflow/dags/Weather_to_Redshift.py
[2022-01-19 11:50:41,592] {logging_mixin.py:109} INFO - [2022-01-19 11:50:41,592] {dag.py:2389} INFO - Sync 1 DAGs
[2022-01-19 11:50:41,685] {logging_mixin.py:109} INFO - [2022-01-19 11:50:41,684] {dag.py:2914} INFO - Setting next_dagrun for Weather_to_Redshift to 2022-01-18 02:00:00+00:00
[2022-01-19 11:50:41,720] {processor.py:171} INFO - Processing /opt/airflow/dags/Weather_to_Redshift.py took 0.395 seconds
[2022-01-19 11:54:19,574] {processor.py:163} INFO - Started process (PID=177) to work on /opt/airflow/dags/Weather_to_Redshift.py
[2022-01-19 11:54:19,608] {processor.py:620} INFO - Processing file /opt/airflow/dags/Weather_to_Redshift.py for tasks to queue
[2022-01-19 11:54:19,619] {logging_mixin.py:109} INFO - [2022-01-19 11:54:19,619] {dagbag.py:500} INFO - Filling up the DagBag from /opt/airflow/dags/Weather_to_Redshift.py
[2022-01-19 11:54:19,917] {processor.py:632} INFO - DAG(s) dict_keys(['Weather_to_Redshift']) retrieved from /opt/airflow/dags/Weather_to_Redshift.py
[2022-01-19 11:54:20,049] {logging_mixin.py:109} INFO - [2022-01-19 11:54:20,048] {dag.py:2389} INFO - Sync 1 DAGs
[2022-01-19 11:54:20,285] {logging_mixin.py:109} INFO - [2022-01-19 11:54:20,284] {dag.py:2914} INFO - Setting next_dagrun for Weather_to_Redshift to 2022-01-18 02:00:00+00:00
[2022-01-19 11:54:20,374] {processor.py:171} INFO - Processing /opt/airflow/dags/Weather_to_Redshift.py took 0.811 seconds
[2022-01-19 11:55:02,082] {processor.py:163} INFO - Started process (PID=321) to work on /opt/airflow/dags/Weather_to_Redshift.py
[2022-01-19 11:55:02,102] {processor.py:620} INFO - Processing file /opt/airflow/dags/Weather_to_Redshift.py for tasks to queue
[2022-01-19 11:55:02,107] {logging_mixin.py:109} INFO - [2022-01-19 11:55:02,106] {dagbag.py:500} INFO - Filling up the DagBag from /opt/airflow/dags/Weather_to_Redshift.py
[2022-01-19 11:55:02,335] {processor.py:632} INFO - DAG(s) dict_keys(['Weather_to_Redshift']) retrieved from /opt/airflow/dags/Weather_to_Redshift.py
[2022-01-19 11:55:02,483] {logging_mixin.py:109} INFO - [2022-01-19 11:55:02,483] {dag.py:2389} INFO - Sync 1 DAGs
[2022-01-19 11:55:02,761] {logging_mixin.py:109} INFO - [2022-01-19 11:55:02,760] {dag.py:2914} INFO - Setting next_dagrun for Weather_to_Redshift to 2022-01-18 02:00:00+00:00
[2022-01-19 11:55:02,844] {processor.py:171} INFO - Processing /opt/airflow/dags/Weather_to_Redshift.py took 0.774 seconds
[2022-01-19 11:55:33,137] {processor.py:163} INFO - Started process (PID=447) to work on /opt/airflow/dags/Weather_to_Redshift.py
[2022-01-19 11:55:33,142] {processor.py:620} INFO - Processing file /opt/airflow/dags/Weather_to_Redshift.py for tasks to queue
[2022-01-19 11:55:33,146] {logging_mixin.py:109} INFO - [2022-01-19 11:55:33,146] {dagbag.py:500} INFO - Filling up the DagBag from /opt/airflow/dags/Weather_to_Redshift.py
[2022-01-19 11:55:33,232] {processor.py:632} INFO - DAG(s) dict_keys(['Weather_to_Redshift']) retrieved from /opt/airflow/dags/Weather_to_Redshift.py
[2022-01-19 11:55:33,273] {logging_mixin.py:109} INFO - [2022-01-19 11:55:33,272] {dag.py:2389} INFO - Sync 1 DAGs
[2022-01-19 11:55:33,332] {logging_mixin.py:109} INFO - [2022-01-19 11:55:33,332] {dag.py:2914} INFO - Setting next_dagrun for Weather_to_Redshift to 2022-01-18 02:00:00+00:00
[2022-01-19 11:55:33,361] {processor.py:171} INFO - Processing /opt/airflow/dags/Weather_to_Redshift.py took 0.234 seconds
[2022-01-19 11:56:03,755] {processor.py:163} INFO - Started process (PID=594) to work on /opt/airflow/dags/Weather_to_Redshift.py
[2022-01-19 11:56:03,762] {processor.py:620} INFO - Processing file /opt/airflow/dags/Weather_to_Redshift.py for tasks to queue
[2022-01-19 11:56:03,766] {logging_mixin.py:109} INFO - [2022-01-19 11:56:03,765] {dagbag.py:500} INFO - Filling up the DagBag from /opt/airflow/dags/Weather_to_Redshift.py
[2022-01-19 11:56:03,882] {processor.py:632} INFO - DAG(s) dict_keys(['Weather_to_Redshift']) retrieved from /opt/airflow/dags/Weather_to_Redshift.py
[2022-01-19 11:56:03,926] {logging_mixin.py:109} INFO - [2022-01-19 11:56:03,926] {dag.py:2389} INFO - Sync 1 DAGs
[2022-01-19 11:56:03,999] {logging_mixin.py:109} INFO - [2022-01-19 11:56:03,998] {dag.py:2914} INFO - Setting next_dagrun for Weather_to_Redshift to 2022-01-18 02:00:00+00:00
[2022-01-19 11:56:04,029] {processor.py:171} INFO - Processing /opt/airflow/dags/Weather_to_Redshift.py took 0.282 seconds
[2022-01-19 11:56:34,189] {processor.py:163} INFO - Started process (PID=718) to work on /opt/airflow/dags/Weather_to_Redshift.py
[2022-01-19 11:56:34,193] {processor.py:620} INFO - Processing file /opt/airflow/dags/Weather_to_Redshift.py for tasks to queue
[2022-01-19 11:56:34,195] {logging_mixin.py:109} INFO - [2022-01-19 11:56:34,195] {dagbag.py:500} INFO - Filling up the DagBag from /opt/airflow/dags/Weather_to_Redshift.py
[2022-01-19 11:56:34,267] {processor.py:632} INFO - DAG(s) dict_keys(['Weather_to_Redshift']) retrieved from /opt/airflow/dags/Weather_to_Redshift.py
[2022-01-19 11:56:34,296] {logging_mixin.py:109} INFO - [2022-01-19 11:56:34,295] {dag.py:2389} INFO - Sync 1 DAGs
[2022-01-19 11:56:34,351] {logging_mixin.py:109} INFO - [2022-01-19 11:56:34,350] {dag.py:2914} INFO - Setting next_dagrun for Weather_to_Redshift to 2022-01-18 02:00:00+00:00
[2022-01-19 11:56:34,373] {processor.py:171} INFO - Processing /opt/airflow/dags/Weather_to_Redshift.py took 0.190 seconds
[2022-01-19 11:57:04,655] {processor.py:163} INFO - Started process (PID=863) to work on /opt/airflow/dags/Weather_to_Redshift.py
[2022-01-19 11:57:04,659] {processor.py:620} INFO - Processing file /opt/airflow/dags/Weather_to_Redshift.py for tasks to queue
[2022-01-19 11:57:04,663] {logging_mixin.py:109} INFO - [2022-01-19 11:57:04,662] {dagbag.py:500} INFO - Filling up the DagBag from /opt/airflow/dags/Weather_to_Redshift.py
[2022-01-19 11:57:04,755] {processor.py:632} INFO - DAG(s) dict_keys(['Weather_to_Redshift']) retrieved from /opt/airflow/dags/Weather_to_Redshift.py
[2022-01-19 11:57:04,792] {logging_mixin.py:109} INFO - [2022-01-19 11:57:04,791] {dag.py:2389} INFO - Sync 1 DAGs
[2022-01-19 11:57:04,859] {logging_mixin.py:109} INFO - [2022-01-19 11:57:04,858] {dag.py:2914} INFO - Setting next_dagrun for Weather_to_Redshift to 2022-01-18 02:00:00+00:00
[2022-01-19 11:57:04,888] {processor.py:171} INFO - Processing /opt/airflow/dags/Weather_to_Redshift.py took 0.239 seconds
[2022-01-19 11:57:35,209] {processor.py:163} INFO - Started process (PID=991) to work on /opt/airflow/dags/Weather_to_Redshift.py
[2022-01-19 11:57:35,218] {processor.py:620} INFO - Processing file /opt/airflow/dags/Weather_to_Redshift.py for tasks to queue
[2022-01-19 11:57:35,223] {logging_mixin.py:109} INFO - [2022-01-19 11:57:35,223] {dagbag.py:500} INFO - Filling up the DagBag from /opt/airflow/dags/Weather_to_Redshift.py
[2022-01-19 11:57:35,304] {processor.py:632} INFO - DAG(s) dict_keys(['Weather_to_Redshift']) retrieved from /opt/airflow/dags/Weather_to_Redshift.py
[2022-01-19 11:57:35,336] {logging_mixin.py:109} INFO - [2022-01-19 11:57:35,336] {dag.py:2389} INFO - Sync 1 DAGs
[2022-01-19 11:57:35,394] {logging_mixin.py:109} INFO - [2022-01-19 11:57:35,393] {dag.py:2914} INFO - Setting next_dagrun for Weather_to_Redshift to 2022-01-18 02:00:00+00:00
[2022-01-19 11:57:35,418] {processor.py:171} INFO - Processing /opt/airflow/dags/Weather_to_Redshift.py took 0.218 seconds
[2022-01-19 11:58:06,004] {processor.py:163} INFO - Started process (PID=1133) to work on /opt/airflow/dags/Weather_to_Redshift.py
[2022-01-19 11:58:06,010] {processor.py:620} INFO - Processing file /opt/airflow/dags/Weather_to_Redshift.py for tasks to queue
[2022-01-19 11:58:06,013] {logging_mixin.py:109} INFO - [2022-01-19 11:58:06,013] {dagbag.py:500} INFO - Filling up the DagBag from /opt/airflow/dags/Weather_to_Redshift.py
[2022-01-19 11:58:06,106] {processor.py:632} INFO - DAG(s) dict_keys(['Weather_to_Redshift']) retrieved from /opt/airflow/dags/Weather_to_Redshift.py
[2022-01-19 11:58:06,162] {logging_mixin.py:109} INFO - [2022-01-19 11:58:06,161] {dag.py:2389} INFO - Sync 1 DAGs
[2022-01-19 11:58:06,231] {logging_mixin.py:109} INFO - [2022-01-19 11:58:06,231] {dag.py:2914} INFO - Setting next_dagrun for Weather_to_Redshift to 2022-01-18 02:00:00+00:00
[2022-01-19 11:58:06,257] {processor.py:171} INFO - Processing /opt/airflow/dags/Weather_to_Redshift.py took 0.261 seconds
[2022-01-19 11:58:18,059] {processor.py:163} INFO - Started process (PID=1169) to work on /opt/airflow/dags/Weather_to_Redshift.py
[2022-01-19 11:58:18,068] {processor.py:620} INFO - Processing file /opt/airflow/dags/Weather_to_Redshift.py for tasks to queue
[2022-01-19 11:58:18,075] {logging_mixin.py:109} INFO - [2022-01-19 11:58:18,074] {dagbag.py:500} INFO - Filling up the DagBag from /opt/airflow/dags/Weather_to_Redshift.py
[2022-01-19 11:58:18,226] {processor.py:632} INFO - DAG(s) dict_keys(['Weather_to_Redshift']) retrieved from /opt/airflow/dags/Weather_to_Redshift.py
[2022-01-19 11:58:18,264] {logging_mixin.py:109} INFO - [2022-01-19 11:58:18,264] {dag.py:2389} INFO - Sync 1 DAGs
[2022-01-19 11:58:18,326] {logging_mixin.py:109} INFO - [2022-01-19 11:58:18,326] {dag.py:2914} INFO - Setting next_dagrun for Weather_to_Redshift to 2022-01-18 02:00:00+00:00
[2022-01-19 11:58:18,357] {processor.py:171} INFO - Processing /opt/airflow/dags/Weather_to_Redshift.py took 0.314 seconds
[2022-01-19 11:58:29,984] {processor.py:163} INFO - Started process (PID=1285) to work on /opt/airflow/dags/Weather_to_Redshift.py
[2022-01-19 11:58:29,988] {processor.py:620} INFO - Processing file /opt/airflow/dags/Weather_to_Redshift.py for tasks to queue
[2022-01-19 11:58:29,992] {logging_mixin.py:109} INFO - [2022-01-19 11:58:29,991] {dagbag.py:500} INFO - Filling up the DagBag from /opt/airflow/dags/Weather_to_Redshift.py
[2022-01-19 11:58:30,079] {processor.py:632} INFO - DAG(s) dict_keys(['Weather_to_Redshift']) retrieved from /opt/airflow/dags/Weather_to_Redshift.py
[2022-01-19 11:58:30,120] {logging_mixin.py:109} INFO - [2022-01-19 11:58:30,119] {dag.py:2389} INFO - Sync 1 DAGs
[2022-01-19 11:58:30,186] {logging_mixin.py:109} INFO - [2022-01-19 11:58:30,185] {dag.py:2914} INFO - Setting next_dagrun for Weather_to_Redshift to 2022-01-18 02:00:00+00:00
[2022-01-19 11:58:30,211] {processor.py:171} INFO - Processing /opt/airflow/dags/Weather_to_Redshift.py took 0.235 seconds
[2022-01-19 12:04:16,839] {processor.py:163} INFO - Started process (PID=2469) to work on /opt/airflow/dags/Weather_to_Redshift.py
[2022-01-19 12:04:16,843] {processor.py:620} INFO - Processing file /opt/airflow/dags/Weather_to_Redshift.py for tasks to queue
[2022-01-19 12:04:16,846] {logging_mixin.py:109} INFO - [2022-01-19 12:04:16,845] {dagbag.py:500} INFO - Filling up the DagBag from /opt/airflow/dags/Weather_to_Redshift.py
[2022-01-19 12:04:16,920] {processor.py:632} INFO - DAG(s) dict_keys(['Weather_to_Redshift']) retrieved from /opt/airflow/dags/Weather_to_Redshift.py
[2022-01-19 12:04:18,043] {logging_mixin.py:109} INFO - [2022-01-19 12:04:18,042] {dag.py:2389} INFO - Sync 1 DAGs
[2022-01-19 12:04:18,114] {logging_mixin.py:109} INFO - [2022-01-19 12:04:18,113] {dag.py:2914} INFO - Setting next_dagrun for Weather_to_Redshift to 2022-01-18 02:00:00+00:00
[2022-01-19 12:04:18,195] {processor.py:171} INFO - Processing /opt/airflow/dags/Weather_to_Redshift.py took 1.362 seconds
[2022-01-19 12:04:48,309] {processor.py:163} INFO - Started process (PID=2603) to work on /opt/airflow/dags/Weather_to_Redshift.py
[2022-01-19 12:04:48,314] {processor.py:620} INFO - Processing file /opt/airflow/dags/Weather_to_Redshift.py for tasks to queue
[2022-01-19 12:04:48,318] {logging_mixin.py:109} INFO - [2022-01-19 12:04:48,317] {dagbag.py:500} INFO - Filling up the DagBag from /opt/airflow/dags/Weather_to_Redshift.py
[2022-01-19 12:04:48,385] {processor.py:632} INFO - DAG(s) dict_keys(['Weather_to_Redshift']) retrieved from /opt/airflow/dags/Weather_to_Redshift.py
[2022-01-19 12:04:48,420] {logging_mixin.py:109} INFO - [2022-01-19 12:04:48,420] {dag.py:2389} INFO - Sync 1 DAGs
[2022-01-19 12:04:48,476] {logging_mixin.py:109} INFO - [2022-01-19 12:04:48,475] {dag.py:2914} INFO - Setting next_dagrun for Weather_to_Redshift to 2022-01-18 02:00:00+00:00
[2022-01-19 12:04:48,499] {processor.py:171} INFO - Processing /opt/airflow/dags/Weather_to_Redshift.py took 0.198 seconds
[2022-01-19 12:05:19,172] {processor.py:163} INFO - Started process (PID=2740) to work on /opt/airflow/dags/Weather_to_Redshift.py
[2022-01-19 12:05:19,176] {processor.py:620} INFO - Processing file /opt/airflow/dags/Weather_to_Redshift.py for tasks to queue
[2022-01-19 12:05:19,180] {logging_mixin.py:109} INFO - [2022-01-19 12:05:19,179] {dagbag.py:500} INFO - Filling up the DagBag from /opt/airflow/dags/Weather_to_Redshift.py
[2022-01-19 12:05:19,262] {processor.py:632} INFO - DAG(s) dict_keys(['Weather_to_Redshift']) retrieved from /opt/airflow/dags/Weather_to_Redshift.py
[2022-01-19 12:05:19,300] {logging_mixin.py:109} INFO - [2022-01-19 12:05:19,299] {dag.py:2389} INFO - Sync 1 DAGs
[2022-01-19 12:05:19,366] {logging_mixin.py:109} INFO - [2022-01-19 12:05:19,366] {dag.py:2914} INFO - Setting next_dagrun for Weather_to_Redshift to 2022-01-18 02:00:00+00:00
[2022-01-19 12:05:19,411] {processor.py:171} INFO - Processing /opt/airflow/dags/Weather_to_Redshift.py took 0.247 seconds
[2022-01-19 12:05:49,644] {processor.py:163} INFO - Started process (PID=2862) to work on /opt/airflow/dags/Weather_to_Redshift.py
[2022-01-19 12:05:49,650] {processor.py:620} INFO - Processing file /opt/airflow/dags/Weather_to_Redshift.py for tasks to queue
[2022-01-19 12:05:49,654] {logging_mixin.py:109} INFO - [2022-01-19 12:05:49,653] {dagbag.py:500} INFO - Filling up the DagBag from /opt/airflow/dags/Weather_to_Redshift.py
[2022-01-19 12:05:49,716] {processor.py:632} INFO - DAG(s) dict_keys(['Weather_to_Redshift']) retrieved from /opt/airflow/dags/Weather_to_Redshift.py
[2022-01-19 12:05:49,746] {logging_mixin.py:109} INFO - [2022-01-19 12:05:49,745] {dag.py:2389} INFO - Sync 1 DAGs
[2022-01-19 12:05:49,805] {logging_mixin.py:109} INFO - [2022-01-19 12:05:49,804] {dag.py:2914} INFO - Setting next_dagrun for Weather_to_Redshift to 2022-01-18 02:00:00+00:00
[2022-01-19 12:05:49,832] {processor.py:171} INFO - Processing /opt/airflow/dags/Weather_to_Redshift.py took 0.197 seconds
[2022-01-19 12:06:20,274] {processor.py:163} INFO - Started process (PID=3000) to work on /opt/airflow/dags/Weather_to_Redshift.py
[2022-01-19 12:06:20,280] {processor.py:620} INFO - Processing file /opt/airflow/dags/Weather_to_Redshift.py for tasks to queue
[2022-01-19 12:06:20,284] {logging_mixin.py:109} INFO - [2022-01-19 12:06:20,283] {dagbag.py:500} INFO - Filling up the DagBag from /opt/airflow/dags/Weather_to_Redshift.py
[2022-01-19 12:06:20,354] {processor.py:632} INFO - DAG(s) dict_keys(['Weather_to_Redshift']) retrieved from /opt/airflow/dags/Weather_to_Redshift.py
[2022-01-19 12:06:20,389] {logging_mixin.py:109} INFO - [2022-01-19 12:06:20,388] {dag.py:2389} INFO - Sync 1 DAGs
[2022-01-19 12:06:20,451] {logging_mixin.py:109} INFO - [2022-01-19 12:06:20,451] {dag.py:2914} INFO - Setting next_dagrun for Weather_to_Redshift to 2022-01-18 02:00:00+00:00
[2022-01-19 12:06:20,479] {processor.py:171} INFO - Processing /opt/airflow/dags/Weather_to_Redshift.py took 0.214 seconds
[2022-01-19 12:06:50,653] {processor.py:163} INFO - Started process (PID=3121) to work on /opt/airflow/dags/Weather_to_Redshift.py
[2022-01-19 12:06:50,657] {processor.py:620} INFO - Processing file /opt/airflow/dags/Weather_to_Redshift.py for tasks to queue
[2022-01-19 12:06:50,660] {logging_mixin.py:109} INFO - [2022-01-19 12:06:50,659] {dagbag.py:500} INFO - Filling up the DagBag from /opt/airflow/dags/Weather_to_Redshift.py
[2022-01-19 12:06:50,740] {processor.py:632} INFO - DAG(s) dict_keys(['Weather_to_Redshift']) retrieved from /opt/airflow/dags/Weather_to_Redshift.py
[2022-01-19 12:06:50,774] {logging_mixin.py:109} INFO - [2022-01-19 12:06:50,774] {dag.py:2389} INFO - Sync 1 DAGs
[2022-01-19 12:06:50,835] {logging_mixin.py:109} INFO - [2022-01-19 12:06:50,834] {dag.py:2914} INFO - Setting next_dagrun for Weather_to_Redshift to 2022-01-18 02:00:00+00:00
[2022-01-19 12:06:50,864] {processor.py:171} INFO - Processing /opt/airflow/dags/Weather_to_Redshift.py took 0.218 seconds
[2022-01-19 12:07:21,280] {processor.py:163} INFO - Started process (PID=3259) to work on /opt/airflow/dags/Weather_to_Redshift.py
[2022-01-19 12:07:21,284] {processor.py:620} INFO - Processing file /opt/airflow/dags/Weather_to_Redshift.py for tasks to queue
[2022-01-19 12:07:21,288] {logging_mixin.py:109} INFO - [2022-01-19 12:07:21,287] {dagbag.py:500} INFO - Filling up the DagBag from /opt/airflow/dags/Weather_to_Redshift.py
[2022-01-19 12:07:21,365] {processor.py:632} INFO - DAG(s) dict_keys(['Weather_to_Redshift']) retrieved from /opt/airflow/dags/Weather_to_Redshift.py
[2022-01-19 12:07:21,427] {logging_mixin.py:109} INFO - [2022-01-19 12:07:21,427] {dag.py:2389} INFO - Sync 1 DAGs
[2022-01-19 12:07:21,499] {logging_mixin.py:109} INFO - [2022-01-19 12:07:21,498] {dag.py:2914} INFO - Setting next_dagrun for Weather_to_Redshift to 2022-01-18 02:00:00+00:00
[2022-01-19 12:07:21,530] {processor.py:171} INFO - Processing /opt/airflow/dags/Weather_to_Redshift.py took 0.257 seconds
[2022-01-19 12:07:52,014] {processor.py:163} INFO - Started process (PID=3380) to work on /opt/airflow/dags/Weather_to_Redshift.py
[2022-01-19 12:07:52,018] {processor.py:620} INFO - Processing file /opt/airflow/dags/Weather_to_Redshift.py for tasks to queue
[2022-01-19 12:07:52,025] {logging_mixin.py:109} INFO - [2022-01-19 12:07:52,023] {dagbag.py:500} INFO - Filling up the DagBag from /opt/airflow/dags/Weather_to_Redshift.py
[2022-01-19 12:07:52,122] {processor.py:632} INFO - DAG(s) dict_keys(['Weather_to_Redshift']) retrieved from /opt/airflow/dags/Weather_to_Redshift.py
[2022-01-19 12:07:52,160] {logging_mixin.py:109} INFO - [2022-01-19 12:07:52,159] {dag.py:2389} INFO - Sync 1 DAGs
[2022-01-19 12:07:52,218] {logging_mixin.py:109} INFO - [2022-01-19 12:07:52,217] {dag.py:2914} INFO - Setting next_dagrun for Weather_to_Redshift to 2022-01-18 02:00:00+00:00
[2022-01-19 12:07:52,244] {processor.py:171} INFO - Processing /opt/airflow/dags/Weather_to_Redshift.py took 0.243 seconds
[2022-01-19 12:08:23,589] {processor.py:163} INFO - Started process (PID=3517) to work on /opt/airflow/dags/Weather_to_Redshift.py
[2022-01-19 12:08:23,594] {processor.py:620} INFO - Processing file /opt/airflow/dags/Weather_to_Redshift.py for tasks to queue
[2022-01-19 12:08:23,598] {logging_mixin.py:109} INFO - [2022-01-19 12:08:23,597] {dagbag.py:500} INFO - Filling up the DagBag from /opt/airflow/dags/Weather_to_Redshift.py
[2022-01-19 12:08:23,669] {processor.py:632} INFO - DAG(s) dict_keys(['Weather_to_Redshift']) retrieved from /opt/airflow/dags/Weather_to_Redshift.py
[2022-01-19 12:08:23,706] {logging_mixin.py:109} INFO - [2022-01-19 12:08:23,705] {dag.py:2389} INFO - Sync 1 DAGs
[2022-01-19 12:08:23,769] {logging_mixin.py:109} INFO - [2022-01-19 12:08:23,768] {dag.py:2914} INFO - Setting next_dagrun for Weather_to_Redshift to 2022-01-18 02:00:00+00:00
[2022-01-19 12:08:23,793] {processor.py:171} INFO - Processing /opt/airflow/dags/Weather_to_Redshift.py took 0.212 seconds
[2022-01-19 12:09:58,506] {processor.py:163} INFO - Started process (PID=3823) to work on /opt/airflow/dags/Weather_to_Redshift.py
[2022-01-19 12:09:58,524] {processor.py:620} INFO - Processing file /opt/airflow/dags/Weather_to_Redshift.py for tasks to queue
[2022-01-19 12:09:58,528] {logging_mixin.py:109} INFO - [2022-01-19 12:09:58,527] {dagbag.py:500} INFO - Filling up the DagBag from /opt/airflow/dags/Weather_to_Redshift.py
[2022-01-19 12:09:58,699] {processor.py:632} INFO - DAG(s) dict_keys(['Weather_to_Redshift']) retrieved from /opt/airflow/dags/Weather_to_Redshift.py
[2022-01-19 12:09:59,817] {logging_mixin.py:109} INFO - [2022-01-19 12:09:59,817] {dag.py:2389} INFO - Sync 1 DAGs
[2022-01-19 12:09:59,879] {logging_mixin.py:109} INFO - [2022-01-19 12:09:59,878] {dag.py:2914} INFO - Setting next_dagrun for Weather_to_Redshift to 2022-01-18 02:00:00+00:00
[2022-01-19 12:09:59,892] {processor.py:174} ERROR - Got an exception! Propagating...
Traceback (most recent call last):
  File "/home/airflow/.local/lib/python3.7/site-packages/airflow/dag_processing/processor.py", line 168, in _run_file_processor
    callback_requests=callback_requests,
  File "/home/airflow/.local/lib/python3.7/site-packages/airflow/utils/session.py", line 70, in wrapper
    return func(*args, session=session, **kwargs)
  File "/home/airflow/.local/lib/python3.7/site-packages/airflow/dag_processing/processor.py", line 641, in process_file
    dagbag.sync_to_db()
  File "/home/airflow/.local/lib/python3.7/site-packages/airflow/utils/session.py", line 70, in wrapper
    return func(*args, session=session, **kwargs)
  File "/home/airflow/.local/lib/python3.7/site-packages/airflow/models/dagbag.py", line 608, in sync_to_db
    for attempt in run_with_db_retries(logger=self.log):
  File "/home/airflow/.local/lib/python3.7/site-packages/tenacity/__init__.py", line 382, in __iter__
    do = self.iter(retry_state=retry_state)
  File "/home/airflow/.local/lib/python3.7/site-packages/tenacity/__init__.py", line 349, in iter
    return fut.result()
  File "/usr/local/lib/python3.7/concurrent/futures/_base.py", line 428, in result
    return self.__get_result()
  File "/usr/local/lib/python3.7/concurrent/futures/_base.py", line 384, in __get_result
    raise self._exception
  File "/home/airflow/.local/lib/python3.7/site-packages/airflow/models/dagbag.py", line 622, in sync_to_db
    DAG.bulk_write_to_db(self.dags.values(), session=session)
  File "/home/airflow/.local/lib/python3.7/site-packages/airflow/utils/session.py", line 67, in wrapper
    return func(*args, **kwargs)
  File "/home/airflow/.local/lib/python3.7/site-packages/airflow/models/dag.py", line 2470, in bulk_write_to_db
    DagCode.bulk_sync_to_db(filelocs, session=session)
  File "/home/airflow/.local/lib/python3.7/site-packages/airflow/utils/session.py", line 67, in wrapper
    return func(*args, **kwargs)
  File "/home/airflow/.local/lib/python3.7/site-packages/airflow/models/dagcode.py", line 107, in bulk_sync_to_db
    orm_dag_code = DagCode(fileloc, cls._get_code_from_file(fileloc))
  File "/home/airflow/.local/lib/python3.7/site-packages/airflow/models/dagcode.py", line 168, in _get_code_from_file
    with open_maybe_zipped(fileloc, 'r') as f:
  File "/home/airflow/.local/lib/python3.7/site-packages/airflow/utils/file.py", line 97, in open_maybe_zipped
    return open(fileloc, mode=mode)
FileNotFoundError: [Errno 2] No such file or directory: '/opt/airflow/dags/Weather_to_Redshift.py'
