[2022-01-20 03:20:28,835] {processor.py:163} INFO - Started process (PID=291) to work on /home/airflow/.local/lib/python3.7/site-packages/airflow/example_dags/example_branch_datetime_operator.py
[2022-01-20 03:20:28,840] {processor.py:620} INFO - Processing file /home/airflow/.local/lib/python3.7/site-packages/airflow/example_dags/example_branch_datetime_operator.py for tasks to queue
[2022-01-20 03:20:28,843] {logging_mixin.py:109} INFO - [2022-01-20 03:20:28,842] {dagbag.py:500} INFO - Filling up the DagBag from /home/airflow/.local/lib/python3.7/site-packages/airflow/example_dags/example_branch_datetime_operator.py
[2022-01-20 03:20:28,994] {processor.py:632} INFO - DAG(s) dict_keys(['example_branch_datetime_operator_2']) retrieved from /home/airflow/.local/lib/python3.7/site-packages/airflow/example_dags/example_branch_datetime_operator.py
[2022-01-20 03:20:29,079] {logging_mixin.py:109} INFO - [2022-01-20 03:20:29,078] {dag.py:2389} INFO - Sync 1 DAGs
[2022-01-20 03:20:29,208] {logging_mixin.py:109} INFO - [2022-01-20 03:20:29,207] {dag.py:2914} INFO - Setting next_dagrun for example_branch_datetime_operator_2 to 2022-01-19 00:00:00+00:00
[2022-01-20 03:20:29,296] {processor.py:171} INFO - Processing /home/airflow/.local/lib/python3.7/site-packages/airflow/example_dags/example_branch_datetime_operator.py took 0.477 seconds
[2022-01-20 03:21:01,178] {processor.py:163} INFO - Started process (PID=403) to work on /home/airflow/.local/lib/python3.7/site-packages/airflow/example_dags/example_branch_datetime_operator.py
[2022-01-20 03:21:01,189] {processor.py:620} INFO - Processing file /home/airflow/.local/lib/python3.7/site-packages/airflow/example_dags/example_branch_datetime_operator.py for tasks to queue
[2022-01-20 03:21:01,195] {logging_mixin.py:109} INFO - [2022-01-20 03:21:01,192] {dagbag.py:500} INFO - Filling up the DagBag from /home/airflow/.local/lib/python3.7/site-packages/airflow/example_dags/example_branch_datetime_operator.py
[2022-01-20 03:21:01,373] {processor.py:632} INFO - DAG(s) dict_keys(['example_branch_datetime_operator_2']) retrieved from /home/airflow/.local/lib/python3.7/site-packages/airflow/example_dags/example_branch_datetime_operator.py
[2022-01-20 03:21:01,457] {logging_mixin.py:109} INFO - [2022-01-20 03:21:01,456] {dag.py:2389} INFO - Sync 1 DAGs
[2022-01-20 03:21:01,677] {logging_mixin.py:109} INFO - [2022-01-20 03:21:01,665] {dag.py:2914} INFO - Setting next_dagrun for example_branch_datetime_operator_2 to 2022-01-19 00:00:00+00:00
[2022-01-20 03:21:01,740] {processor.py:171} INFO - Processing /home/airflow/.local/lib/python3.7/site-packages/airflow/example_dags/example_branch_datetime_operator.py took 0.573 seconds
[2022-01-20 03:21:32,609] {processor.py:163} INFO - Started process (PID=509) to work on /home/airflow/.local/lib/python3.7/site-packages/airflow/example_dags/example_branch_datetime_operator.py
[2022-01-20 03:21:32,614] {processor.py:620} INFO - Processing file /home/airflow/.local/lib/python3.7/site-packages/airflow/example_dags/example_branch_datetime_operator.py for tasks to queue
[2022-01-20 03:21:32,621] {logging_mixin.py:109} INFO - [2022-01-20 03:21:32,620] {dagbag.py:500} INFO - Filling up the DagBag from /home/airflow/.local/lib/python3.7/site-packages/airflow/example_dags/example_branch_datetime_operator.py
[2022-01-20 03:21:32,707] {processor.py:632} INFO - DAG(s) dict_keys(['example_branch_datetime_operator_2']) retrieved from /home/airflow/.local/lib/python3.7/site-packages/airflow/example_dags/example_branch_datetime_operator.py
[2022-01-20 03:21:32,778] {logging_mixin.py:109} INFO - [2022-01-20 03:21:32,778] {dag.py:2389} INFO - Sync 1 DAGs
[2022-01-20 03:21:32,889] {logging_mixin.py:109} INFO - [2022-01-20 03:21:32,889] {dag.py:2914} INFO - Setting next_dagrun for example_branch_datetime_operator_2 to 2022-01-19 00:00:00+00:00
[2022-01-20 03:21:32,934] {processor.py:171} INFO - Processing /home/airflow/.local/lib/python3.7/site-packages/airflow/example_dags/example_branch_datetime_operator.py took 0.332 seconds
[2022-01-20 03:22:03,695] {processor.py:163} INFO - Started process (PID=613) to work on /home/airflow/.local/lib/python3.7/site-packages/airflow/example_dags/example_branch_datetime_operator.py
[2022-01-20 03:22:03,699] {processor.py:620} INFO - Processing file /home/airflow/.local/lib/python3.7/site-packages/airflow/example_dags/example_branch_datetime_operator.py for tasks to queue
[2022-01-20 03:22:03,703] {logging_mixin.py:109} INFO - [2022-01-20 03:22:03,703] {dagbag.py:500} INFO - Filling up the DagBag from /home/airflow/.local/lib/python3.7/site-packages/airflow/example_dags/example_branch_datetime_operator.py
[2022-01-20 03:22:03,783] {processor.py:632} INFO - DAG(s) dict_keys(['example_branch_datetime_operator_2']) retrieved from /home/airflow/.local/lib/python3.7/site-packages/airflow/example_dags/example_branch_datetime_operator.py
[2022-01-20 03:22:03,823] {logging_mixin.py:109} INFO - [2022-01-20 03:22:03,822] {dag.py:2389} INFO - Sync 1 DAGs
[2022-01-20 03:22:03,891] {logging_mixin.py:109} INFO - [2022-01-20 03:22:03,891] {dag.py:2914} INFO - Setting next_dagrun for example_branch_datetime_operator_2 to 2022-01-19 00:00:00+00:00
[2022-01-20 03:22:03,920] {processor.py:171} INFO - Processing /home/airflow/.local/lib/python3.7/site-packages/airflow/example_dags/example_branch_datetime_operator.py took 0.233 seconds
[2022-01-20 03:22:34,220] {processor.py:163} INFO - Started process (PID=725) to work on /home/airflow/.local/lib/python3.7/site-packages/airflow/example_dags/example_branch_datetime_operator.py
[2022-01-20 03:22:34,224] {processor.py:620} INFO - Processing file /home/airflow/.local/lib/python3.7/site-packages/airflow/example_dags/example_branch_datetime_operator.py for tasks to queue
[2022-01-20 03:22:34,228] {logging_mixin.py:109} INFO - [2022-01-20 03:22:34,227] {dagbag.py:500} INFO - Filling up the DagBag from /home/airflow/.local/lib/python3.7/site-packages/airflow/example_dags/example_branch_datetime_operator.py
[2022-01-20 03:22:34,309] {processor.py:632} INFO - DAG(s) dict_keys(['example_branch_datetime_operator_2']) retrieved from /home/airflow/.local/lib/python3.7/site-packages/airflow/example_dags/example_branch_datetime_operator.py
[2022-01-20 03:22:34,352] {logging_mixin.py:109} INFO - [2022-01-20 03:22:34,351] {dag.py:2389} INFO - Sync 1 DAGs
[2022-01-20 03:22:34,417] {logging_mixin.py:109} INFO - [2022-01-20 03:22:34,416] {dag.py:2914} INFO - Setting next_dagrun for example_branch_datetime_operator_2 to 2022-01-19 00:00:00+00:00
[2022-01-20 03:22:34,446] {processor.py:171} INFO - Processing /home/airflow/.local/lib/python3.7/site-packages/airflow/example_dags/example_branch_datetime_operator.py took 0.233 seconds
[2022-01-20 03:23:04,777] {processor.py:163} INFO - Started process (PID=823) to work on /home/airflow/.local/lib/python3.7/site-packages/airflow/example_dags/example_branch_datetime_operator.py
[2022-01-20 03:23:04,781] {processor.py:620} INFO - Processing file /home/airflow/.local/lib/python3.7/site-packages/airflow/example_dags/example_branch_datetime_operator.py for tasks to queue
[2022-01-20 03:23:04,785] {logging_mixin.py:109} INFO - [2022-01-20 03:23:04,784] {dagbag.py:500} INFO - Filling up the DagBag from /home/airflow/.local/lib/python3.7/site-packages/airflow/example_dags/example_branch_datetime_operator.py
[2022-01-20 03:23:04,870] {processor.py:632} INFO - DAG(s) dict_keys(['example_branch_datetime_operator_2']) retrieved from /home/airflow/.local/lib/python3.7/site-packages/airflow/example_dags/example_branch_datetime_operator.py
[2022-01-20 03:23:04,908] {logging_mixin.py:109} INFO - [2022-01-20 03:23:04,908] {dag.py:2389} INFO - Sync 1 DAGs
[2022-01-20 03:23:04,974] {logging_mixin.py:109} INFO - [2022-01-20 03:23:04,973] {dag.py:2914} INFO - Setting next_dagrun for example_branch_datetime_operator_2 to 2022-01-19 00:00:00+00:00
[2022-01-20 03:23:05,001] {processor.py:171} INFO - Processing /home/airflow/.local/lib/python3.7/site-packages/airflow/example_dags/example_branch_datetime_operator.py took 0.231 seconds
[2022-01-20 03:23:38,066] {processor.py:163} INFO - Started process (PID=936) to work on /home/airflow/.local/lib/python3.7/site-packages/airflow/example_dags/example_branch_datetime_operator.py
[2022-01-20 03:23:38,080] {processor.py:620} INFO - Processing file /home/airflow/.local/lib/python3.7/site-packages/airflow/example_dags/example_branch_datetime_operator.py for tasks to queue
[2022-01-20 03:23:38,085] {logging_mixin.py:109} INFO - [2022-01-20 03:23:38,085] {dagbag.py:500} INFO - Filling up the DagBag from /home/airflow/.local/lib/python3.7/site-packages/airflow/example_dags/example_branch_datetime_operator.py
[2022-01-20 03:23:38,200] {processor.py:632} INFO - DAG(s) dict_keys(['example_branch_datetime_operator_2']) retrieved from /home/airflow/.local/lib/python3.7/site-packages/airflow/example_dags/example_branch_datetime_operator.py
[2022-01-20 03:23:38,252] {logging_mixin.py:109} INFO - [2022-01-20 03:23:38,251] {dag.py:2389} INFO - Sync 1 DAGs
[2022-01-20 03:23:38,323] {logging_mixin.py:109} INFO - [2022-01-20 03:23:38,323] {dag.py:2914} INFO - Setting next_dagrun for example_branch_datetime_operator_2 to 2022-01-19 00:00:00+00:00
[2022-01-20 03:23:38,356] {processor.py:171} INFO - Processing /home/airflow/.local/lib/python3.7/site-packages/airflow/example_dags/example_branch_datetime_operator.py took 0.298 seconds
[2022-01-20 03:24:09,803] {processor.py:163} INFO - Started process (PID=1032) to work on /home/airflow/.local/lib/python3.7/site-packages/airflow/example_dags/example_branch_datetime_operator.py
[2022-01-20 03:24:09,807] {processor.py:620} INFO - Processing file /home/airflow/.local/lib/python3.7/site-packages/airflow/example_dags/example_branch_datetime_operator.py for tasks to queue
[2022-01-20 03:24:09,809] {logging_mixin.py:109} INFO - [2022-01-20 03:24:09,809] {dagbag.py:500} INFO - Filling up the DagBag from /home/airflow/.local/lib/python3.7/site-packages/airflow/example_dags/example_branch_datetime_operator.py
[2022-01-20 03:24:09,877] {processor.py:632} INFO - DAG(s) dict_keys(['example_branch_datetime_operator_2']) retrieved from /home/airflow/.local/lib/python3.7/site-packages/airflow/example_dags/example_branch_datetime_operator.py
[2022-01-20 03:24:09,913] {logging_mixin.py:109} INFO - [2022-01-20 03:24:09,913] {dag.py:2389} INFO - Sync 1 DAGs
[2022-01-20 03:24:09,968] {logging_mixin.py:109} INFO - [2022-01-20 03:24:09,968] {dag.py:2914} INFO - Setting next_dagrun for example_branch_datetime_operator_2 to 2022-01-19 00:00:00+00:00
[2022-01-20 03:24:09,992] {processor.py:171} INFO - Processing /home/airflow/.local/lib/python3.7/site-packages/airflow/example_dags/example_branch_datetime_operator.py took 0.196 seconds
[2022-01-20 03:24:43,730] {processor.py:163} INFO - Started process (PID=1150) to work on /home/airflow/.local/lib/python3.7/site-packages/airflow/example_dags/example_branch_datetime_operator.py
[2022-01-20 03:24:43,735] {processor.py:620} INFO - Processing file /home/airflow/.local/lib/python3.7/site-packages/airflow/example_dags/example_branch_datetime_operator.py for tasks to queue
[2022-01-20 03:24:43,739] {logging_mixin.py:109} INFO - [2022-01-20 03:24:43,739] {dagbag.py:500} INFO - Filling up the DagBag from /home/airflow/.local/lib/python3.7/site-packages/airflow/example_dags/example_branch_datetime_operator.py
[2022-01-20 03:24:43,825] {processor.py:632} INFO - DAG(s) dict_keys(['example_branch_datetime_operator_2']) retrieved from /home/airflow/.local/lib/python3.7/site-packages/airflow/example_dags/example_branch_datetime_operator.py
[2022-01-20 03:24:43,875] {logging_mixin.py:109} INFO - [2022-01-20 03:24:43,874] {dag.py:2389} INFO - Sync 1 DAGs
[2022-01-20 03:24:43,939] {logging_mixin.py:109} INFO - [2022-01-20 03:24:43,938] {dag.py:2914} INFO - Setting next_dagrun for example_branch_datetime_operator_2 to 2022-01-19 00:00:00+00:00
[2022-01-20 03:24:43,969] {processor.py:171} INFO - Processing /home/airflow/.local/lib/python3.7/site-packages/airflow/example_dags/example_branch_datetime_operator.py took 0.251 seconds
[2022-01-20 03:25:17,138] {processor.py:163} INFO - Started process (PID=1263) to work on /home/airflow/.local/lib/python3.7/site-packages/airflow/example_dags/example_branch_datetime_operator.py
[2022-01-20 03:25:17,147] {processor.py:620} INFO - Processing file /home/airflow/.local/lib/python3.7/site-packages/airflow/example_dags/example_branch_datetime_operator.py for tasks to queue
[2022-01-20 03:25:17,160] {logging_mixin.py:109} INFO - [2022-01-20 03:25:17,159] {dagbag.py:500} INFO - Filling up the DagBag from /home/airflow/.local/lib/python3.7/site-packages/airflow/example_dags/example_branch_datetime_operator.py
[2022-01-20 03:25:17,335] {processor.py:632} INFO - DAG(s) dict_keys(['example_branch_datetime_operator_2']) retrieved from /home/airflow/.local/lib/python3.7/site-packages/airflow/example_dags/example_branch_datetime_operator.py
[2022-01-20 03:25:17,396] {logging_mixin.py:109} INFO - [2022-01-20 03:25:17,396] {dag.py:2389} INFO - Sync 1 DAGs
[2022-01-20 03:25:17,533] {logging_mixin.py:109} INFO - [2022-01-20 03:25:17,533] {dag.py:2914} INFO - Setting next_dagrun for example_branch_datetime_operator_2 to 2022-01-19 00:00:00+00:00
[2022-01-20 03:25:17,597] {processor.py:171} INFO - Processing /home/airflow/.local/lib/python3.7/site-packages/airflow/example_dags/example_branch_datetime_operator.py took 0.469 seconds
[2022-01-20 03:25:50,210] {processor.py:163} INFO - Started process (PID=1364) to work on /home/airflow/.local/lib/python3.7/site-packages/airflow/example_dags/example_branch_datetime_operator.py
[2022-01-20 03:25:50,214] {processor.py:620} INFO - Processing file /home/airflow/.local/lib/python3.7/site-packages/airflow/example_dags/example_branch_datetime_operator.py for tasks to queue
[2022-01-20 03:25:50,216] {logging_mixin.py:109} INFO - [2022-01-20 03:25:50,216] {dagbag.py:500} INFO - Filling up the DagBag from /home/airflow/.local/lib/python3.7/site-packages/airflow/example_dags/example_branch_datetime_operator.py
[2022-01-20 03:25:50,286] {processor.py:632} INFO - DAG(s) dict_keys(['example_branch_datetime_operator_2']) retrieved from /home/airflow/.local/lib/python3.7/site-packages/airflow/example_dags/example_branch_datetime_operator.py
[2022-01-20 03:25:50,323] {logging_mixin.py:109} INFO - [2022-01-20 03:25:50,322] {dag.py:2389} INFO - Sync 1 DAGs
[2022-01-20 03:25:50,394] {logging_mixin.py:109} INFO - [2022-01-20 03:25:50,393] {dag.py:2914} INFO - Setting next_dagrun for example_branch_datetime_operator_2 to 2022-01-19 00:00:00+00:00
[2022-01-20 03:25:50,422] {processor.py:171} INFO - Processing /home/airflow/.local/lib/python3.7/site-packages/airflow/example_dags/example_branch_datetime_operator.py took 0.218 seconds
[2022-01-20 03:26:23,810] {processor.py:163} INFO - Started process (PID=1485) to work on /home/airflow/.local/lib/python3.7/site-packages/airflow/example_dags/example_branch_datetime_operator.py
[2022-01-20 03:26:23,813] {processor.py:620} INFO - Processing file /home/airflow/.local/lib/python3.7/site-packages/airflow/example_dags/example_branch_datetime_operator.py for tasks to queue
[2022-01-20 03:26:23,816] {logging_mixin.py:109} INFO - [2022-01-20 03:26:23,816] {dagbag.py:500} INFO - Filling up the DagBag from /home/airflow/.local/lib/python3.7/site-packages/airflow/example_dags/example_branch_datetime_operator.py
[2022-01-20 03:26:23,889] {processor.py:632} INFO - DAG(s) dict_keys(['example_branch_datetime_operator_2']) retrieved from /home/airflow/.local/lib/python3.7/site-packages/airflow/example_dags/example_branch_datetime_operator.py
[2022-01-20 03:26:23,938] {logging_mixin.py:109} INFO - [2022-01-20 03:26:23,937] {dag.py:2389} INFO - Sync 1 DAGs
[2022-01-20 03:26:24,002] {logging_mixin.py:109} INFO - [2022-01-20 03:26:24,002] {dag.py:2914} INFO - Setting next_dagrun for example_branch_datetime_operator_2 to 2022-01-19 00:00:00+00:00
[2022-01-20 03:26:24,031] {processor.py:171} INFO - Processing /home/airflow/.local/lib/python3.7/site-packages/airflow/example_dags/example_branch_datetime_operator.py took 0.229 seconds
[2022-01-20 03:26:58,757] {processor.py:163} INFO - Started process (PID=1603) to work on /home/airflow/.local/lib/python3.7/site-packages/airflow/example_dags/example_branch_datetime_operator.py
[2022-01-20 03:26:58,762] {processor.py:620} INFO - Processing file /home/airflow/.local/lib/python3.7/site-packages/airflow/example_dags/example_branch_datetime_operator.py for tasks to queue
[2022-01-20 03:26:58,765] {logging_mixin.py:109} INFO - [2022-01-20 03:26:58,765] {dagbag.py:500} INFO - Filling up the DagBag from /home/airflow/.local/lib/python3.7/site-packages/airflow/example_dags/example_branch_datetime_operator.py
[2022-01-20 03:26:58,849] {processor.py:632} INFO - DAG(s) dict_keys(['example_branch_datetime_operator_2']) retrieved from /home/airflow/.local/lib/python3.7/site-packages/airflow/example_dags/example_branch_datetime_operator.py
[2022-01-20 03:26:58,887] {logging_mixin.py:109} INFO - [2022-01-20 03:26:58,887] {dag.py:2389} INFO - Sync 1 DAGs
[2022-01-20 03:26:58,954] {logging_mixin.py:109} INFO - [2022-01-20 03:26:58,953] {dag.py:2914} INFO - Setting next_dagrun for example_branch_datetime_operator_2 to 2022-01-19 00:00:00+00:00
[2022-01-20 03:26:58,983] {processor.py:171} INFO - Processing /home/airflow/.local/lib/python3.7/site-packages/airflow/example_dags/example_branch_datetime_operator.py took 0.234 seconds
[2022-01-20 03:27:29,931] {processor.py:163} INFO - Started process (PID=1698) to work on /home/airflow/.local/lib/python3.7/site-packages/airflow/example_dags/example_branch_datetime_operator.py
[2022-01-20 03:27:29,935] {processor.py:620} INFO - Processing file /home/airflow/.local/lib/python3.7/site-packages/airflow/example_dags/example_branch_datetime_operator.py for tasks to queue
[2022-01-20 03:27:29,938] {logging_mixin.py:109} INFO - [2022-01-20 03:27:29,937] {dagbag.py:500} INFO - Filling up the DagBag from /home/airflow/.local/lib/python3.7/site-packages/airflow/example_dags/example_branch_datetime_operator.py
[2022-01-20 03:27:30,001] {processor.py:632} INFO - DAG(s) dict_keys(['example_branch_datetime_operator_2']) retrieved from /home/airflow/.local/lib/python3.7/site-packages/airflow/example_dags/example_branch_datetime_operator.py
[2022-01-20 03:27:30,035] {logging_mixin.py:109} INFO - [2022-01-20 03:27:30,035] {dag.py:2389} INFO - Sync 1 DAGs
[2022-01-20 03:27:30,089] {logging_mixin.py:109} INFO - [2022-01-20 03:27:30,089] {dag.py:2914} INFO - Setting next_dagrun for example_branch_datetime_operator_2 to 2022-01-19 00:00:00+00:00
[2022-01-20 03:27:30,111] {processor.py:171} INFO - Processing /home/airflow/.local/lib/python3.7/site-packages/airflow/example_dags/example_branch_datetime_operator.py took 0.188 seconds
[2022-01-20 03:28:00,838] {processor.py:163} INFO - Started process (PID=1812) to work on /home/airflow/.local/lib/python3.7/site-packages/airflow/example_dags/example_branch_datetime_operator.py
[2022-01-20 03:28:00,844] {processor.py:620} INFO - Processing file /home/airflow/.local/lib/python3.7/site-packages/airflow/example_dags/example_branch_datetime_operator.py for tasks to queue
[2022-01-20 03:28:00,848] {logging_mixin.py:109} INFO - [2022-01-20 03:28:00,847] {dagbag.py:500} INFO - Filling up the DagBag from /home/airflow/.local/lib/python3.7/site-packages/airflow/example_dags/example_branch_datetime_operator.py
[2022-01-20 03:28:00,936] {processor.py:632} INFO - DAG(s) dict_keys(['example_branch_datetime_operator_2']) retrieved from /home/airflow/.local/lib/python3.7/site-packages/airflow/example_dags/example_branch_datetime_operator.py
[2022-01-20 03:28:00,978] {logging_mixin.py:109} INFO - [2022-01-20 03:28:00,978] {dag.py:2389} INFO - Sync 1 DAGs
[2022-01-20 03:28:01,048] {logging_mixin.py:109} INFO - [2022-01-20 03:28:01,047] {dag.py:2914} INFO - Setting next_dagrun for example_branch_datetime_operator_2 to 2022-01-19 00:00:00+00:00
[2022-01-20 03:28:01,078] {processor.py:171} INFO - Processing /home/airflow/.local/lib/python3.7/site-packages/airflow/example_dags/example_branch_datetime_operator.py took 0.249 seconds
[2022-01-20 03:28:31,314] {processor.py:163} INFO - Started process (PID=1909) to work on /home/airflow/.local/lib/python3.7/site-packages/airflow/example_dags/example_branch_datetime_operator.py
[2022-01-20 03:28:31,318] {processor.py:620} INFO - Processing file /home/airflow/.local/lib/python3.7/site-packages/airflow/example_dags/example_branch_datetime_operator.py for tasks to queue
[2022-01-20 03:28:31,323] {logging_mixin.py:109} INFO - [2022-01-20 03:28:31,322] {dagbag.py:500} INFO - Filling up the DagBag from /home/airflow/.local/lib/python3.7/site-packages/airflow/example_dags/example_branch_datetime_operator.py
[2022-01-20 03:28:31,404] {processor.py:632} INFO - DAG(s) dict_keys(['example_branch_datetime_operator_2']) retrieved from /home/airflow/.local/lib/python3.7/site-packages/airflow/example_dags/example_branch_datetime_operator.py
[2022-01-20 03:28:31,444] {logging_mixin.py:109} INFO - [2022-01-20 03:28:31,444] {dag.py:2389} INFO - Sync 1 DAGs
[2022-01-20 03:28:31,510] {logging_mixin.py:109} INFO - [2022-01-20 03:28:31,510] {dag.py:2914} INFO - Setting next_dagrun for example_branch_datetime_operator_2 to 2022-01-19 00:00:00+00:00
[2022-01-20 03:28:31,565] {processor.py:171} INFO - Processing /home/airflow/.local/lib/python3.7/site-packages/airflow/example_dags/example_branch_datetime_operator.py took 0.261 seconds
[2022-01-20 03:29:01,927] {processor.py:163} INFO - Started process (PID=2009) to work on /home/airflow/.local/lib/python3.7/site-packages/airflow/example_dags/example_branch_datetime_operator.py
[2022-01-20 03:29:01,931] {processor.py:620} INFO - Processing file /home/airflow/.local/lib/python3.7/site-packages/airflow/example_dags/example_branch_datetime_operator.py for tasks to queue
[2022-01-20 03:29:01,934] {logging_mixin.py:109} INFO - [2022-01-20 03:29:01,933] {dagbag.py:500} INFO - Filling up the DagBag from /home/airflow/.local/lib/python3.7/site-packages/airflow/example_dags/example_branch_datetime_operator.py
[2022-01-20 03:29:02,033] {processor.py:632} INFO - DAG(s) dict_keys(['example_branch_datetime_operator_2']) retrieved from /home/airflow/.local/lib/python3.7/site-packages/airflow/example_dags/example_branch_datetime_operator.py
[2022-01-20 03:29:02,074] {logging_mixin.py:109} INFO - [2022-01-20 03:29:02,074] {dag.py:2389} INFO - Sync 1 DAGs
[2022-01-20 03:29:02,153] {logging_mixin.py:109} INFO - [2022-01-20 03:29:02,152] {dag.py:2914} INFO - Setting next_dagrun for example_branch_datetime_operator_2 to 2022-01-19 00:00:00+00:00
[2022-01-20 03:29:02,182] {processor.py:171} INFO - Processing /home/airflow/.local/lib/python3.7/site-packages/airflow/example_dags/example_branch_datetime_operator.py took 0.261 seconds
[2022-01-20 03:29:32,615] {processor.py:163} INFO - Started process (PID=2128) to work on /home/airflow/.local/lib/python3.7/site-packages/airflow/example_dags/example_branch_datetime_operator.py
[2022-01-20 03:29:32,620] {processor.py:620} INFO - Processing file /home/airflow/.local/lib/python3.7/site-packages/airflow/example_dags/example_branch_datetime_operator.py for tasks to queue
[2022-01-20 03:29:32,623] {logging_mixin.py:109} INFO - [2022-01-20 03:29:32,622] {dagbag.py:500} INFO - Filling up the DagBag from /home/airflow/.local/lib/python3.7/site-packages/airflow/example_dags/example_branch_datetime_operator.py
[2022-01-20 03:29:32,702] {processor.py:632} INFO - DAG(s) dict_keys(['example_branch_datetime_operator_2']) retrieved from /home/airflow/.local/lib/python3.7/site-packages/airflow/example_dags/example_branch_datetime_operator.py
[2022-01-20 03:29:32,741] {logging_mixin.py:109} INFO - [2022-01-20 03:29:32,740] {dag.py:2389} INFO - Sync 1 DAGs
[2022-01-20 03:29:32,810] {logging_mixin.py:109} INFO - [2022-01-20 03:29:32,809] {dag.py:2914} INFO - Setting next_dagrun for example_branch_datetime_operator_2 to 2022-01-19 00:00:00+00:00
[2022-01-20 03:29:32,839] {processor.py:171} INFO - Processing /home/airflow/.local/lib/python3.7/site-packages/airflow/example_dags/example_branch_datetime_operator.py took 0.231 seconds
[2022-01-20 03:30:03,037] {processor.py:163} INFO - Started process (PID=2224) to work on /home/airflow/.local/lib/python3.7/site-packages/airflow/example_dags/example_branch_datetime_operator.py
[2022-01-20 03:30:03,042] {processor.py:620} INFO - Processing file /home/airflow/.local/lib/python3.7/site-packages/airflow/example_dags/example_branch_datetime_operator.py for tasks to queue
[2022-01-20 03:30:03,049] {logging_mixin.py:109} INFO - [2022-01-20 03:30:03,048] {dagbag.py:500} INFO - Filling up the DagBag from /home/airflow/.local/lib/python3.7/site-packages/airflow/example_dags/example_branch_datetime_operator.py
[2022-01-20 03:30:03,133] {processor.py:632} INFO - DAG(s) dict_keys(['example_branch_datetime_operator_2']) retrieved from /home/airflow/.local/lib/python3.7/site-packages/airflow/example_dags/example_branch_datetime_operator.py
[2022-01-20 03:30:03,172] {logging_mixin.py:109} INFO - [2022-01-20 03:30:03,172] {dag.py:2389} INFO - Sync 1 DAGs
[2022-01-20 03:30:03,242] {logging_mixin.py:109} INFO - [2022-01-20 03:30:03,242] {dag.py:2914} INFO - Setting next_dagrun for example_branch_datetime_operator_2 to 2022-01-19 00:00:00+00:00
[2022-01-20 03:30:03,276] {processor.py:171} INFO - Processing /home/airflow/.local/lib/python3.7/site-packages/airflow/example_dags/example_branch_datetime_operator.py took 0.246 seconds
[2022-01-20 03:30:33,716] {processor.py:163} INFO - Started process (PID=2335) to work on /home/airflow/.local/lib/python3.7/site-packages/airflow/example_dags/example_branch_datetime_operator.py
[2022-01-20 03:30:33,721] {processor.py:620} INFO - Processing file /home/airflow/.local/lib/python3.7/site-packages/airflow/example_dags/example_branch_datetime_operator.py for tasks to queue
[2022-01-20 03:30:33,724] {logging_mixin.py:109} INFO - [2022-01-20 03:30:33,724] {dagbag.py:500} INFO - Filling up the DagBag from /home/airflow/.local/lib/python3.7/site-packages/airflow/example_dags/example_branch_datetime_operator.py
[2022-01-20 03:30:33,807] {processor.py:632} INFO - DAG(s) dict_keys(['example_branch_datetime_operator_2']) retrieved from /home/airflow/.local/lib/python3.7/site-packages/airflow/example_dags/example_branch_datetime_operator.py
[2022-01-20 03:30:33,846] {logging_mixin.py:109} INFO - [2022-01-20 03:30:33,845] {dag.py:2389} INFO - Sync 1 DAGs
[2022-01-20 03:30:33,915] {logging_mixin.py:109} INFO - [2022-01-20 03:30:33,914] {dag.py:2914} INFO - Setting next_dagrun for example_branch_datetime_operator_2 to 2022-01-19 00:00:00+00:00
[2022-01-20 03:30:33,941] {processor.py:171} INFO - Processing /home/airflow/.local/lib/python3.7/site-packages/airflow/example_dags/example_branch_datetime_operator.py took 0.233 seconds
[2022-01-20 03:31:04,218] {processor.py:163} INFO - Started process (PID=2434) to work on /home/airflow/.local/lib/python3.7/site-packages/airflow/example_dags/example_branch_datetime_operator.py
[2022-01-20 03:31:04,222] {processor.py:620} INFO - Processing file /home/airflow/.local/lib/python3.7/site-packages/airflow/example_dags/example_branch_datetime_operator.py for tasks to queue
[2022-01-20 03:31:04,225] {logging_mixin.py:109} INFO - [2022-01-20 03:31:04,225] {dagbag.py:500} INFO - Filling up the DagBag from /home/airflow/.local/lib/python3.7/site-packages/airflow/example_dags/example_branch_datetime_operator.py
[2022-01-20 03:31:04,291] {processor.py:632} INFO - DAG(s) dict_keys(['example_branch_datetime_operator_2']) retrieved from /home/airflow/.local/lib/python3.7/site-packages/airflow/example_dags/example_branch_datetime_operator.py
[2022-01-20 03:31:04,324] {logging_mixin.py:109} INFO - [2022-01-20 03:31:04,324] {dag.py:2389} INFO - Sync 1 DAGs
[2022-01-20 03:31:04,381] {logging_mixin.py:109} INFO - [2022-01-20 03:31:04,381] {dag.py:2914} INFO - Setting next_dagrun for example_branch_datetime_operator_2 to 2022-01-19 00:00:00+00:00
[2022-01-20 03:31:04,407] {processor.py:171} INFO - Processing /home/airflow/.local/lib/python3.7/site-packages/airflow/example_dags/example_branch_datetime_operator.py took 0.196 seconds
[2022-01-20 03:31:34,544] {processor.py:163} INFO - Started process (PID=2547) to work on /home/airflow/.local/lib/python3.7/site-packages/airflow/example_dags/example_branch_datetime_operator.py
[2022-01-20 03:31:34,548] {processor.py:620} INFO - Processing file /home/airflow/.local/lib/python3.7/site-packages/airflow/example_dags/example_branch_datetime_operator.py for tasks to queue
[2022-01-20 03:31:34,554] {logging_mixin.py:109} INFO - [2022-01-20 03:31:34,553] {dagbag.py:500} INFO - Filling up the DagBag from /home/airflow/.local/lib/python3.7/site-packages/airflow/example_dags/example_branch_datetime_operator.py
[2022-01-20 03:31:34,641] {processor.py:632} INFO - DAG(s) dict_keys(['example_branch_datetime_operator_2']) retrieved from /home/airflow/.local/lib/python3.7/site-packages/airflow/example_dags/example_branch_datetime_operator.py
[2022-01-20 03:31:34,683] {logging_mixin.py:109} INFO - [2022-01-20 03:31:34,682] {dag.py:2389} INFO - Sync 1 DAGs
[2022-01-20 03:31:34,753] {logging_mixin.py:109} INFO - [2022-01-20 03:31:34,752] {dag.py:2914} INFO - Setting next_dagrun for example_branch_datetime_operator_2 to 2022-01-19 00:00:00+00:00
[2022-01-20 03:31:34,895] {processor.py:171} INFO - Processing /home/airflow/.local/lib/python3.7/site-packages/airflow/example_dags/example_branch_datetime_operator.py took 0.360 seconds
[2022-01-20 03:32:05,312] {processor.py:163} INFO - Started process (PID=2645) to work on /home/airflow/.local/lib/python3.7/site-packages/airflow/example_dags/example_branch_datetime_operator.py
[2022-01-20 03:32:05,317] {processor.py:620} INFO - Processing file /home/airflow/.local/lib/python3.7/site-packages/airflow/example_dags/example_branch_datetime_operator.py for tasks to queue
[2022-01-20 03:32:05,321] {logging_mixin.py:109} INFO - [2022-01-20 03:32:05,320] {dagbag.py:500} INFO - Filling up the DagBag from /home/airflow/.local/lib/python3.7/site-packages/airflow/example_dags/example_branch_datetime_operator.py
[2022-01-20 03:32:05,405] {processor.py:632} INFO - DAG(s) dict_keys(['example_branch_datetime_operator_2']) retrieved from /home/airflow/.local/lib/python3.7/site-packages/airflow/example_dags/example_branch_datetime_operator.py
[2022-01-20 03:32:05,448] {logging_mixin.py:109} INFO - [2022-01-20 03:32:05,447] {dag.py:2389} INFO - Sync 1 DAGs
[2022-01-20 03:32:05,665] {logging_mixin.py:109} INFO - [2022-01-20 03:32:05,664] {dag.py:2914} INFO - Setting next_dagrun for example_branch_datetime_operator_2 to 2022-01-19 00:00:00+00:00
[2022-01-20 03:32:05,693] {processor.py:171} INFO - Processing /home/airflow/.local/lib/python3.7/site-packages/airflow/example_dags/example_branch_datetime_operator.py took 0.388 seconds
[2022-01-20 03:32:36,077] {processor.py:163} INFO - Started process (PID=2758) to work on /home/airflow/.local/lib/python3.7/site-packages/airflow/example_dags/example_branch_datetime_operator.py
[2022-01-20 03:32:36,087] {processor.py:620} INFO - Processing file /home/airflow/.local/lib/python3.7/site-packages/airflow/example_dags/example_branch_datetime_operator.py for tasks to queue
[2022-01-20 03:32:36,097] {logging_mixin.py:109} INFO - [2022-01-20 03:32:36,096] {dagbag.py:500} INFO - Filling up the DagBag from /home/airflow/.local/lib/python3.7/site-packages/airflow/example_dags/example_branch_datetime_operator.py
[2022-01-20 03:32:36,198] {processor.py:632} INFO - DAG(s) dict_keys(['example_branch_datetime_operator_2']) retrieved from /home/airflow/.local/lib/python3.7/site-packages/airflow/example_dags/example_branch_datetime_operator.py
[2022-01-20 03:32:36,264] {logging_mixin.py:109} INFO - [2022-01-20 03:32:36,263] {dag.py:2389} INFO - Sync 1 DAGs
[2022-01-20 03:32:36,478] {logging_mixin.py:109} INFO - [2022-01-20 03:32:36,478] {dag.py:2914} INFO - Setting next_dagrun for example_branch_datetime_operator_2 to 2022-01-19 00:00:00+00:00
[2022-01-20 03:32:36,510] {processor.py:171} INFO - Processing /home/airflow/.local/lib/python3.7/site-packages/airflow/example_dags/example_branch_datetime_operator.py took 0.442 seconds
[2022-01-20 03:33:06,562] {processor.py:163} INFO - Started process (PID=2856) to work on /home/airflow/.local/lib/python3.7/site-packages/airflow/example_dags/example_branch_datetime_operator.py
[2022-01-20 03:33:06,566] {processor.py:620} INFO - Processing file /home/airflow/.local/lib/python3.7/site-packages/airflow/example_dags/example_branch_datetime_operator.py for tasks to queue
[2022-01-20 03:33:06,572] {logging_mixin.py:109} INFO - [2022-01-20 03:33:06,571] {dagbag.py:500} INFO - Filling up the DagBag from /home/airflow/.local/lib/python3.7/site-packages/airflow/example_dags/example_branch_datetime_operator.py
[2022-01-20 03:33:06,653] {processor.py:632} INFO - DAG(s) dict_keys(['example_branch_datetime_operator_2']) retrieved from /home/airflow/.local/lib/python3.7/site-packages/airflow/example_dags/example_branch_datetime_operator.py
[2022-01-20 03:33:06,695] {logging_mixin.py:109} INFO - [2022-01-20 03:33:06,694] {dag.py:2389} INFO - Sync 1 DAGs
[2022-01-20 03:33:06,897] {logging_mixin.py:109} INFO - [2022-01-20 03:33:06,896] {dag.py:2914} INFO - Setting next_dagrun for example_branch_datetime_operator_2 to 2022-01-19 00:00:00+00:00
[2022-01-20 03:33:06,928] {processor.py:171} INFO - Processing /home/airflow/.local/lib/python3.7/site-packages/airflow/example_dags/example_branch_datetime_operator.py took 0.374 seconds
[2022-01-20 03:33:37,276] {processor.py:163} INFO - Started process (PID=2969) to work on /home/airflow/.local/lib/python3.7/site-packages/airflow/example_dags/example_branch_datetime_operator.py
[2022-01-20 03:33:37,280] {processor.py:620} INFO - Processing file /home/airflow/.local/lib/python3.7/site-packages/airflow/example_dags/example_branch_datetime_operator.py for tasks to queue
[2022-01-20 03:33:37,283] {logging_mixin.py:109} INFO - [2022-01-20 03:33:37,283] {dagbag.py:500} INFO - Filling up the DagBag from /home/airflow/.local/lib/python3.7/site-packages/airflow/example_dags/example_branch_datetime_operator.py
[2022-01-20 03:33:37,371] {processor.py:632} INFO - DAG(s) dict_keys(['example_branch_datetime_operator_2']) retrieved from /home/airflow/.local/lib/python3.7/site-packages/airflow/example_dags/example_branch_datetime_operator.py
[2022-01-20 03:33:37,567] {logging_mixin.py:109} INFO - [2022-01-20 03:33:37,566] {dag.py:2389} INFO - Sync 1 DAGs
[2022-01-20 03:33:37,641] {logging_mixin.py:109} INFO - [2022-01-20 03:33:37,641] {dag.py:2914} INFO - Setting next_dagrun for example_branch_datetime_operator_2 to 2022-01-19 00:00:00+00:00
[2022-01-20 03:33:37,674] {processor.py:171} INFO - Processing /home/airflow/.local/lib/python3.7/site-packages/airflow/example_dags/example_branch_datetime_operator.py took 0.407 seconds
[2022-01-20 03:34:07,895] {processor.py:163} INFO - Started process (PID=3066) to work on /home/airflow/.local/lib/python3.7/site-packages/airflow/example_dags/example_branch_datetime_operator.py
[2022-01-20 03:34:07,899] {processor.py:620} INFO - Processing file /home/airflow/.local/lib/python3.7/site-packages/airflow/example_dags/example_branch_datetime_operator.py for tasks to queue
[2022-01-20 03:34:07,902] {logging_mixin.py:109} INFO - [2022-01-20 03:34:07,901] {dagbag.py:500} INFO - Filling up the DagBag from /home/airflow/.local/lib/python3.7/site-packages/airflow/example_dags/example_branch_datetime_operator.py
[2022-01-20 03:34:07,971] {processor.py:632} INFO - DAG(s) dict_keys(['example_branch_datetime_operator_2']) retrieved from /home/airflow/.local/lib/python3.7/site-packages/airflow/example_dags/example_branch_datetime_operator.py
[2022-01-20 03:34:08,115] {logging_mixin.py:109} INFO - [2022-01-20 03:34:08,115] {dag.py:2389} INFO - Sync 1 DAGs
[2022-01-20 03:34:08,180] {logging_mixin.py:109} INFO - [2022-01-20 03:34:08,179] {dag.py:2914} INFO - Setting next_dagrun for example_branch_datetime_operator_2 to 2022-01-19 00:00:00+00:00
[2022-01-20 03:34:08,204] {processor.py:171} INFO - Processing /home/airflow/.local/lib/python3.7/site-packages/airflow/example_dags/example_branch_datetime_operator.py took 0.316 seconds
[2022-01-20 03:34:40,106] {processor.py:163} INFO - Started process (PID=3178) to work on /home/airflow/.local/lib/python3.7/site-packages/airflow/example_dags/example_branch_datetime_operator.py
[2022-01-20 03:34:40,111] {processor.py:620} INFO - Processing file /home/airflow/.local/lib/python3.7/site-packages/airflow/example_dags/example_branch_datetime_operator.py for tasks to queue
[2022-01-20 03:34:40,114] {logging_mixin.py:109} INFO - [2022-01-20 03:34:40,114] {dagbag.py:500} INFO - Filling up the DagBag from /home/airflow/.local/lib/python3.7/site-packages/airflow/example_dags/example_branch_datetime_operator.py
[2022-01-20 03:34:40,423] {processor.py:632} INFO - DAG(s) dict_keys(['example_branch_datetime_operator_2']) retrieved from /home/airflow/.local/lib/python3.7/site-packages/airflow/example_dags/example_branch_datetime_operator.py
[2022-01-20 03:34:40,466] {logging_mixin.py:109} INFO - [2022-01-20 03:34:40,466] {dag.py:2389} INFO - Sync 1 DAGs
[2022-01-20 03:34:40,540] {logging_mixin.py:109} INFO - [2022-01-20 03:34:40,540] {dag.py:2914} INFO - Setting next_dagrun for example_branch_datetime_operator_2 to 2022-01-19 00:00:00+00:00
[2022-01-20 03:34:40,573] {processor.py:171} INFO - Processing /home/airflow/.local/lib/python3.7/site-packages/airflow/example_dags/example_branch_datetime_operator.py took 0.476 seconds
[2022-01-20 03:35:11,272] {processor.py:163} INFO - Started process (PID=3278) to work on /home/airflow/.local/lib/python3.7/site-packages/airflow/example_dags/example_branch_datetime_operator.py
[2022-01-20 03:35:11,284] {processor.py:620} INFO - Processing file /home/airflow/.local/lib/python3.7/site-packages/airflow/example_dags/example_branch_datetime_operator.py for tasks to queue
[2022-01-20 03:35:11,290] {logging_mixin.py:109} INFO - [2022-01-20 03:35:11,289] {dagbag.py:500} INFO - Filling up the DagBag from /home/airflow/.local/lib/python3.7/site-packages/airflow/example_dags/example_branch_datetime_operator.py
[2022-01-20 03:35:11,537] {processor.py:632} INFO - DAG(s) dict_keys(['example_branch_datetime_operator_2']) retrieved from /home/airflow/.local/lib/python3.7/site-packages/airflow/example_dags/example_branch_datetime_operator.py
[2022-01-20 03:35:11,577] {logging_mixin.py:109} INFO - [2022-01-20 03:35:11,577] {dag.py:2389} INFO - Sync 1 DAGs
[2022-01-20 03:35:11,655] {logging_mixin.py:109} INFO - [2022-01-20 03:35:11,654] {dag.py:2914} INFO - Setting next_dagrun for example_branch_datetime_operator_2 to 2022-01-19 00:00:00+00:00
[2022-01-20 03:35:11,685] {processor.py:171} INFO - Processing /home/airflow/.local/lib/python3.7/site-packages/airflow/example_dags/example_branch_datetime_operator.py took 0.425 seconds
[2022-01-20 03:35:42,320] {processor.py:163} INFO - Started process (PID=3374) to work on /home/airflow/.local/lib/python3.7/site-packages/airflow/example_dags/example_branch_datetime_operator.py
[2022-01-20 03:35:42,324] {processor.py:620} INFO - Processing file /home/airflow/.local/lib/python3.7/site-packages/airflow/example_dags/example_branch_datetime_operator.py for tasks to queue
[2022-01-20 03:35:42,327] {logging_mixin.py:109} INFO - [2022-01-20 03:35:42,327] {dagbag.py:500} INFO - Filling up the DagBag from /home/airflow/.local/lib/python3.7/site-packages/airflow/example_dags/example_branch_datetime_operator.py
[2022-01-20 03:35:42,408] {processor.py:632} INFO - DAG(s) dict_keys(['example_branch_datetime_operator_2']) retrieved from /home/airflow/.local/lib/python3.7/site-packages/airflow/example_dags/example_branch_datetime_operator.py
[2022-01-20 03:35:42,455] {logging_mixin.py:109} INFO - [2022-01-20 03:35:42,455] {dag.py:2389} INFO - Sync 1 DAGs
[2022-01-20 03:35:42,531] {logging_mixin.py:109} INFO - [2022-01-20 03:35:42,530] {dag.py:2914} INFO - Setting next_dagrun for example_branch_datetime_operator_2 to 2022-01-19 00:00:00+00:00
[2022-01-20 03:35:42,562] {processor.py:171} INFO - Processing /home/airflow/.local/lib/python3.7/site-packages/airflow/example_dags/example_branch_datetime_operator.py took 0.249 seconds
[2022-01-20 03:36:13,185] {processor.py:163} INFO - Started process (PID=3486) to work on /home/airflow/.local/lib/python3.7/site-packages/airflow/example_dags/example_branch_datetime_operator.py
[2022-01-20 03:36:13,190] {processor.py:620} INFO - Processing file /home/airflow/.local/lib/python3.7/site-packages/airflow/example_dags/example_branch_datetime_operator.py for tasks to queue
[2022-01-20 03:36:13,197] {logging_mixin.py:109} INFO - [2022-01-20 03:36:13,196] {dagbag.py:500} INFO - Filling up the DagBag from /home/airflow/.local/lib/python3.7/site-packages/airflow/example_dags/example_branch_datetime_operator.py
[2022-01-20 03:36:13,284] {processor.py:632} INFO - DAG(s) dict_keys(['example_branch_datetime_operator_2']) retrieved from /home/airflow/.local/lib/python3.7/site-packages/airflow/example_dags/example_branch_datetime_operator.py
[2022-01-20 03:36:13,323] {logging_mixin.py:109} INFO - [2022-01-20 03:36:13,323] {dag.py:2389} INFO - Sync 1 DAGs
[2022-01-20 03:36:13,396] {logging_mixin.py:109} INFO - [2022-01-20 03:36:13,395] {dag.py:2914} INFO - Setting next_dagrun for example_branch_datetime_operator_2 to 2022-01-19 00:00:00+00:00
[2022-01-20 03:36:13,431] {processor.py:171} INFO - Processing /home/airflow/.local/lib/python3.7/site-packages/airflow/example_dags/example_branch_datetime_operator.py took 0.262 seconds
[2022-01-20 03:36:44,088] {processor.py:163} INFO - Started process (PID=3581) to work on /home/airflow/.local/lib/python3.7/site-packages/airflow/example_dags/example_branch_datetime_operator.py
[2022-01-20 03:36:44,092] {processor.py:620} INFO - Processing file /home/airflow/.local/lib/python3.7/site-packages/airflow/example_dags/example_branch_datetime_operator.py for tasks to queue
[2022-01-20 03:36:44,095] {logging_mixin.py:109} INFO - [2022-01-20 03:36:44,095] {dagbag.py:500} INFO - Filling up the DagBag from /home/airflow/.local/lib/python3.7/site-packages/airflow/example_dags/example_branch_datetime_operator.py
[2022-01-20 03:36:44,173] {processor.py:632} INFO - DAG(s) dict_keys(['example_branch_datetime_operator_2']) retrieved from /home/airflow/.local/lib/python3.7/site-packages/airflow/example_dags/example_branch_datetime_operator.py
[2022-01-20 03:36:44,212] {logging_mixin.py:109} INFO - [2022-01-20 03:36:44,211] {dag.py:2389} INFO - Sync 1 DAGs
[2022-01-20 03:36:44,280] {logging_mixin.py:109} INFO - [2022-01-20 03:36:44,279] {dag.py:2914} INFO - Setting next_dagrun for example_branch_datetime_operator_2 to 2022-01-19 00:00:00+00:00
[2022-01-20 03:36:44,307] {processor.py:171} INFO - Processing /home/airflow/.local/lib/python3.7/site-packages/airflow/example_dags/example_branch_datetime_operator.py took 0.225 seconds
[2022-01-20 03:37:14,756] {processor.py:163} INFO - Started process (PID=3693) to work on /home/airflow/.local/lib/python3.7/site-packages/airflow/example_dags/example_branch_datetime_operator.py
[2022-01-20 03:37:14,762] {processor.py:620} INFO - Processing file /home/airflow/.local/lib/python3.7/site-packages/airflow/example_dags/example_branch_datetime_operator.py for tasks to queue
[2022-01-20 03:37:14,765] {logging_mixin.py:109} INFO - [2022-01-20 03:37:14,765] {dagbag.py:500} INFO - Filling up the DagBag from /home/airflow/.local/lib/python3.7/site-packages/airflow/example_dags/example_branch_datetime_operator.py
[2022-01-20 03:37:14,851] {processor.py:632} INFO - DAG(s) dict_keys(['example_branch_datetime_operator_2']) retrieved from /home/airflow/.local/lib/python3.7/site-packages/airflow/example_dags/example_branch_datetime_operator.py
[2022-01-20 03:37:14,893] {logging_mixin.py:109} INFO - [2022-01-20 03:37:14,892] {dag.py:2389} INFO - Sync 1 DAGs
[2022-01-20 03:37:14,960] {logging_mixin.py:109} INFO - [2022-01-20 03:37:14,959] {dag.py:2914} INFO - Setting next_dagrun for example_branch_datetime_operator_2 to 2022-01-19 00:00:00+00:00
[2022-01-20 03:37:14,990] {processor.py:171} INFO - Processing /home/airflow/.local/lib/python3.7/site-packages/airflow/example_dags/example_branch_datetime_operator.py took 0.242 seconds
[2022-01-20 03:37:45,139] {processor.py:163} INFO - Started process (PID=3789) to work on /home/airflow/.local/lib/python3.7/site-packages/airflow/example_dags/example_branch_datetime_operator.py
[2022-01-20 03:37:45,143] {processor.py:620} INFO - Processing file /home/airflow/.local/lib/python3.7/site-packages/airflow/example_dags/example_branch_datetime_operator.py for tasks to queue
[2022-01-20 03:37:45,146] {logging_mixin.py:109} INFO - [2022-01-20 03:37:45,146] {dagbag.py:500} INFO - Filling up the DagBag from /home/airflow/.local/lib/python3.7/site-packages/airflow/example_dags/example_branch_datetime_operator.py
[2022-01-20 03:37:45,220] {processor.py:632} INFO - DAG(s) dict_keys(['example_branch_datetime_operator_2']) retrieved from /home/airflow/.local/lib/python3.7/site-packages/airflow/example_dags/example_branch_datetime_operator.py
[2022-01-20 03:37:45,256] {logging_mixin.py:109} INFO - [2022-01-20 03:37:45,256] {dag.py:2389} INFO - Sync 1 DAGs
[2022-01-20 03:37:45,315] {logging_mixin.py:109} INFO - [2022-01-20 03:37:45,314] {dag.py:2914} INFO - Setting next_dagrun for example_branch_datetime_operator_2 to 2022-01-19 00:00:00+00:00
[2022-01-20 03:37:45,346] {processor.py:171} INFO - Processing /home/airflow/.local/lib/python3.7/site-packages/airflow/example_dags/example_branch_datetime_operator.py took 0.213 seconds
[2022-01-20 03:38:15,503] {processor.py:163} INFO - Started process (PID=3905) to work on /home/airflow/.local/lib/python3.7/site-packages/airflow/example_dags/example_branch_datetime_operator.py
[2022-01-20 03:38:15,509] {processor.py:620} INFO - Processing file /home/airflow/.local/lib/python3.7/site-packages/airflow/example_dags/example_branch_datetime_operator.py for tasks to queue
[2022-01-20 03:38:15,514] {logging_mixin.py:109} INFO - [2022-01-20 03:38:15,513] {dagbag.py:500} INFO - Filling up the DagBag from /home/airflow/.local/lib/python3.7/site-packages/airflow/example_dags/example_branch_datetime_operator.py
[2022-01-20 03:38:15,600] {processor.py:632} INFO - DAG(s) dict_keys(['example_branch_datetime_operator_2']) retrieved from /home/airflow/.local/lib/python3.7/site-packages/airflow/example_dags/example_branch_datetime_operator.py
[2022-01-20 03:38:15,643] {logging_mixin.py:109} INFO - [2022-01-20 03:38:15,642] {dag.py:2389} INFO - Sync 1 DAGs
[2022-01-20 03:38:15,716] {logging_mixin.py:109} INFO - [2022-01-20 03:38:15,715] {dag.py:2914} INFO - Setting next_dagrun for example_branch_datetime_operator_2 to 2022-01-19 00:00:00+00:00
[2022-01-20 03:38:15,764] {processor.py:171} INFO - Processing /home/airflow/.local/lib/python3.7/site-packages/airflow/example_dags/example_branch_datetime_operator.py took 0.270 seconds
[2022-01-20 03:38:45,953] {processor.py:163} INFO - Started process (PID=4002) to work on /home/airflow/.local/lib/python3.7/site-packages/airflow/example_dags/example_branch_datetime_operator.py
[2022-01-20 03:38:45,958] {processor.py:620} INFO - Processing file /home/airflow/.local/lib/python3.7/site-packages/airflow/example_dags/example_branch_datetime_operator.py for tasks to queue
[2022-01-20 03:38:45,960] {logging_mixin.py:109} INFO - [2022-01-20 03:38:45,960] {dagbag.py:500} INFO - Filling up the DagBag from /home/airflow/.local/lib/python3.7/site-packages/airflow/example_dags/example_branch_datetime_operator.py
[2022-01-20 03:38:46,030] {processor.py:632} INFO - DAG(s) dict_keys(['example_branch_datetime_operator_2']) retrieved from /home/airflow/.local/lib/python3.7/site-packages/airflow/example_dags/example_branch_datetime_operator.py
[2022-01-20 03:38:46,067] {logging_mixin.py:109} INFO - [2022-01-20 03:38:46,067] {dag.py:2389} INFO - Sync 1 DAGs
[2022-01-20 03:38:46,131] {logging_mixin.py:109} INFO - [2022-01-20 03:38:46,131] {dag.py:2914} INFO - Setting next_dagrun for example_branch_datetime_operator_2 to 2022-01-19 00:00:00+00:00
[2022-01-20 03:38:46,156] {processor.py:171} INFO - Processing /home/airflow/.local/lib/python3.7/site-packages/airflow/example_dags/example_branch_datetime_operator.py took 0.210 seconds
[2022-01-20 03:39:16,388] {processor.py:163} INFO - Started process (PID=4117) to work on /home/airflow/.local/lib/python3.7/site-packages/airflow/example_dags/example_branch_datetime_operator.py
[2022-01-20 03:39:16,392] {processor.py:620} INFO - Processing file /home/airflow/.local/lib/python3.7/site-packages/airflow/example_dags/example_branch_datetime_operator.py for tasks to queue
[2022-01-20 03:39:16,396] {logging_mixin.py:109} INFO - [2022-01-20 03:39:16,395] {dagbag.py:500} INFO - Filling up the DagBag from /home/airflow/.local/lib/python3.7/site-packages/airflow/example_dags/example_branch_datetime_operator.py
[2022-01-20 03:39:16,472] {processor.py:632} INFO - DAG(s) dict_keys(['example_branch_datetime_operator_2']) retrieved from /home/airflow/.local/lib/python3.7/site-packages/airflow/example_dags/example_branch_datetime_operator.py
[2022-01-20 03:39:16,511] {logging_mixin.py:109} INFO - [2022-01-20 03:39:16,511] {dag.py:2389} INFO - Sync 1 DAGs
[2022-01-20 03:39:16,576] {logging_mixin.py:109} INFO - [2022-01-20 03:39:16,575] {dag.py:2914} INFO - Setting next_dagrun for example_branch_datetime_operator_2 to 2022-01-19 00:00:00+00:00
[2022-01-20 03:39:16,604] {processor.py:171} INFO - Processing /home/airflow/.local/lib/python3.7/site-packages/airflow/example_dags/example_branch_datetime_operator.py took 0.224 seconds
[2022-01-20 03:39:47,446] {processor.py:163} INFO - Started process (PID=4214) to work on /home/airflow/.local/lib/python3.7/site-packages/airflow/example_dags/example_branch_datetime_operator.py
[2022-01-20 03:39:47,450] {processor.py:620} INFO - Processing file /home/airflow/.local/lib/python3.7/site-packages/airflow/example_dags/example_branch_datetime_operator.py for tasks to queue
[2022-01-20 03:39:47,453] {logging_mixin.py:109} INFO - [2022-01-20 03:39:47,452] {dagbag.py:500} INFO - Filling up the DagBag from /home/airflow/.local/lib/python3.7/site-packages/airflow/example_dags/example_branch_datetime_operator.py
[2022-01-20 03:39:47,525] {processor.py:632} INFO - DAG(s) dict_keys(['example_branch_datetime_operator_2']) retrieved from /home/airflow/.local/lib/python3.7/site-packages/airflow/example_dags/example_branch_datetime_operator.py
[2022-01-20 03:39:47,560] {logging_mixin.py:109} INFO - [2022-01-20 03:39:47,560] {dag.py:2389} INFO - Sync 1 DAGs
[2022-01-20 03:39:47,610] {logging_mixin.py:109} INFO - [2022-01-20 03:39:47,610] {dag.py:2914} INFO - Setting next_dagrun for example_branch_datetime_operator_2 to 2022-01-19 00:00:00+00:00
[2022-01-20 03:39:47,632] {processor.py:171} INFO - Processing /home/airflow/.local/lib/python3.7/site-packages/airflow/example_dags/example_branch_datetime_operator.py took 0.193 seconds
[2022-01-20 03:40:18,197] {processor.py:163} INFO - Started process (PID=4328) to work on /home/airflow/.local/lib/python3.7/site-packages/airflow/example_dags/example_branch_datetime_operator.py
[2022-01-20 03:40:18,201] {processor.py:620} INFO - Processing file /home/airflow/.local/lib/python3.7/site-packages/airflow/example_dags/example_branch_datetime_operator.py for tasks to queue
[2022-01-20 03:40:18,214] {logging_mixin.py:109} INFO - [2022-01-20 03:40:18,214] {dagbag.py:500} INFO - Filling up the DagBag from /home/airflow/.local/lib/python3.7/site-packages/airflow/example_dags/example_branch_datetime_operator.py
[2022-01-20 03:40:18,315] {processor.py:632} INFO - DAG(s) dict_keys(['example_branch_datetime_operator_2']) retrieved from /home/airflow/.local/lib/python3.7/site-packages/airflow/example_dags/example_branch_datetime_operator.py
[2022-01-20 03:40:18,374] {logging_mixin.py:109} INFO - [2022-01-20 03:40:18,373] {dag.py:2389} INFO - Sync 1 DAGs
[2022-01-20 03:40:18,444] {logging_mixin.py:109} INFO - [2022-01-20 03:40:18,443] {dag.py:2914} INFO - Setting next_dagrun for example_branch_datetime_operator_2 to 2022-01-19 00:00:00+00:00
[2022-01-20 03:40:18,475] {processor.py:171} INFO - Processing /home/airflow/.local/lib/python3.7/site-packages/airflow/example_dags/example_branch_datetime_operator.py took 0.285 seconds
[2022-01-20 03:40:48,863] {processor.py:163} INFO - Started process (PID=4423) to work on /home/airflow/.local/lib/python3.7/site-packages/airflow/example_dags/example_branch_datetime_operator.py
[2022-01-20 03:40:48,867] {processor.py:620} INFO - Processing file /home/airflow/.local/lib/python3.7/site-packages/airflow/example_dags/example_branch_datetime_operator.py for tasks to queue
[2022-01-20 03:40:48,869] {logging_mixin.py:109} INFO - [2022-01-20 03:40:48,869] {dagbag.py:500} INFO - Filling up the DagBag from /home/airflow/.local/lib/python3.7/site-packages/airflow/example_dags/example_branch_datetime_operator.py
[2022-01-20 03:40:48,932] {processor.py:632} INFO - DAG(s) dict_keys(['example_branch_datetime_operator_2']) retrieved from /home/airflow/.local/lib/python3.7/site-packages/airflow/example_dags/example_branch_datetime_operator.py
[2022-01-20 03:40:48,964] {logging_mixin.py:109} INFO - [2022-01-20 03:40:48,964] {dag.py:2389} INFO - Sync 1 DAGs
[2022-01-20 03:40:49,018] {logging_mixin.py:109} INFO - [2022-01-20 03:40:49,018] {dag.py:2914} INFO - Setting next_dagrun for example_branch_datetime_operator_2 to 2022-01-19 00:00:00+00:00
[2022-01-20 03:40:49,043] {processor.py:171} INFO - Processing /home/airflow/.local/lib/python3.7/site-packages/airflow/example_dags/example_branch_datetime_operator.py took 0.187 seconds
[2022-01-20 03:41:19,237] {processor.py:163} INFO - Started process (PID=4538) to work on /home/airflow/.local/lib/python3.7/site-packages/airflow/example_dags/example_branch_datetime_operator.py
[2022-01-20 03:41:19,241] {processor.py:620} INFO - Processing file /home/airflow/.local/lib/python3.7/site-packages/airflow/example_dags/example_branch_datetime_operator.py for tasks to queue
[2022-01-20 03:41:19,244] {logging_mixin.py:109} INFO - [2022-01-20 03:41:19,244] {dagbag.py:500} INFO - Filling up the DagBag from /home/airflow/.local/lib/python3.7/site-packages/airflow/example_dags/example_branch_datetime_operator.py
[2022-01-20 03:41:19,317] {processor.py:632} INFO - DAG(s) dict_keys(['example_branch_datetime_operator_2']) retrieved from /home/airflow/.local/lib/python3.7/site-packages/airflow/example_dags/example_branch_datetime_operator.py
[2022-01-20 03:41:19,356] {logging_mixin.py:109} INFO - [2022-01-20 03:41:19,355] {dag.py:2389} INFO - Sync 1 DAGs
[2022-01-20 03:41:19,423] {logging_mixin.py:109} INFO - [2022-01-20 03:41:19,422] {dag.py:2914} INFO - Setting next_dagrun for example_branch_datetime_operator_2 to 2022-01-19 00:00:00+00:00
[2022-01-20 03:41:19,453] {processor.py:171} INFO - Processing /home/airflow/.local/lib/python3.7/site-packages/airflow/example_dags/example_branch_datetime_operator.py took 0.224 seconds
[2022-01-20 03:41:50,261] {processor.py:163} INFO - Started process (PID=4636) to work on /home/airflow/.local/lib/python3.7/site-packages/airflow/example_dags/example_branch_datetime_operator.py
[2022-01-20 03:41:50,265] {processor.py:620} INFO - Processing file /home/airflow/.local/lib/python3.7/site-packages/airflow/example_dags/example_branch_datetime_operator.py for tasks to queue
[2022-01-20 03:41:50,267] {logging_mixin.py:109} INFO - [2022-01-20 03:41:50,267] {dagbag.py:500} INFO - Filling up the DagBag from /home/airflow/.local/lib/python3.7/site-packages/airflow/example_dags/example_branch_datetime_operator.py
[2022-01-20 03:41:50,336] {processor.py:632} INFO - DAG(s) dict_keys(['example_branch_datetime_operator_2']) retrieved from /home/airflow/.local/lib/python3.7/site-packages/airflow/example_dags/example_branch_datetime_operator.py
[2022-01-20 03:41:50,368] {logging_mixin.py:109} INFO - [2022-01-20 03:41:50,368] {dag.py:2389} INFO - Sync 1 DAGs
[2022-01-20 03:41:50,421] {logging_mixin.py:109} INFO - [2022-01-20 03:41:50,421] {dag.py:2914} INFO - Setting next_dagrun for example_branch_datetime_operator_2 to 2022-01-19 00:00:00+00:00
[2022-01-20 03:41:50,444] {processor.py:171} INFO - Processing /home/airflow/.local/lib/python3.7/site-packages/airflow/example_dags/example_branch_datetime_operator.py took 0.189 seconds
[2022-01-20 03:42:23,679] {processor.py:163} INFO - Started process (PID=4748) to work on /home/airflow/.local/lib/python3.7/site-packages/airflow/example_dags/example_branch_datetime_operator.py
[2022-01-20 03:42:23,683] {processor.py:620} INFO - Processing file /home/airflow/.local/lib/python3.7/site-packages/airflow/example_dags/example_branch_datetime_operator.py for tasks to queue
[2022-01-20 03:42:23,686] {logging_mixin.py:109} INFO - [2022-01-20 03:42:23,685] {dagbag.py:500} INFO - Filling up the DagBag from /home/airflow/.local/lib/python3.7/site-packages/airflow/example_dags/example_branch_datetime_operator.py
[2022-01-20 03:42:23,757] {processor.py:632} INFO - DAG(s) dict_keys(['example_branch_datetime_operator_2']) retrieved from /home/airflow/.local/lib/python3.7/site-packages/airflow/example_dags/example_branch_datetime_operator.py
[2022-01-20 03:42:23,794] {logging_mixin.py:109} INFO - [2022-01-20 03:42:23,794] {dag.py:2389} INFO - Sync 1 DAGs
[2022-01-20 03:42:23,860] {logging_mixin.py:109} INFO - [2022-01-20 03:42:23,860] {dag.py:2914} INFO - Setting next_dagrun for example_branch_datetime_operator_2 to 2022-01-19 00:00:00+00:00
[2022-01-20 03:42:23,889] {processor.py:171} INFO - Processing /home/airflow/.local/lib/python3.7/site-packages/airflow/example_dags/example_branch_datetime_operator.py took 0.217 seconds
[2022-01-20 03:42:58,253] {processor.py:163} INFO - Started process (PID=4863) to work on /home/airflow/.local/lib/python3.7/site-packages/airflow/example_dags/example_branch_datetime_operator.py
[2022-01-20 03:42:58,257] {processor.py:620} INFO - Processing file /home/airflow/.local/lib/python3.7/site-packages/airflow/example_dags/example_branch_datetime_operator.py for tasks to queue
[2022-01-20 03:42:58,260] {logging_mixin.py:109} INFO - [2022-01-20 03:42:58,260] {dagbag.py:500} INFO - Filling up the DagBag from /home/airflow/.local/lib/python3.7/site-packages/airflow/example_dags/example_branch_datetime_operator.py
[2022-01-20 03:42:58,350] {processor.py:632} INFO - DAG(s) dict_keys(['example_branch_datetime_operator_2']) retrieved from /home/airflow/.local/lib/python3.7/site-packages/airflow/example_dags/example_branch_datetime_operator.py
[2022-01-20 03:42:58,402] {logging_mixin.py:109} INFO - [2022-01-20 03:42:58,401] {dag.py:2389} INFO - Sync 1 DAGs
[2022-01-20 03:42:58,497] {logging_mixin.py:109} INFO - [2022-01-20 03:42:58,496] {dag.py:2914} INFO - Setting next_dagrun for example_branch_datetime_operator_2 to 2022-01-19 00:00:00+00:00
[2022-01-20 03:42:58,528] {processor.py:171} INFO - Processing /home/airflow/.local/lib/python3.7/site-packages/airflow/example_dags/example_branch_datetime_operator.py took 0.284 seconds
[2022-01-20 03:43:30,262] {processor.py:163} INFO - Started process (PID=4965) to work on /home/airflow/.local/lib/python3.7/site-packages/airflow/example_dags/example_branch_datetime_operator.py
[2022-01-20 03:43:30,265] {processor.py:620} INFO - Processing file /home/airflow/.local/lib/python3.7/site-packages/airflow/example_dags/example_branch_datetime_operator.py for tasks to queue
[2022-01-20 03:43:30,268] {logging_mixin.py:109} INFO - [2022-01-20 03:43:30,267] {dagbag.py:500} INFO - Filling up the DagBag from /home/airflow/.local/lib/python3.7/site-packages/airflow/example_dags/example_branch_datetime_operator.py
[2022-01-20 03:43:30,335] {processor.py:632} INFO - DAG(s) dict_keys(['example_branch_datetime_operator_2']) retrieved from /home/airflow/.local/lib/python3.7/site-packages/airflow/example_dags/example_branch_datetime_operator.py
[2022-01-20 03:43:30,369] {logging_mixin.py:109} INFO - [2022-01-20 03:43:30,368] {dag.py:2389} INFO - Sync 1 DAGs
[2022-01-20 03:43:30,424] {logging_mixin.py:109} INFO - [2022-01-20 03:43:30,423] {dag.py:2914} INFO - Setting next_dagrun for example_branch_datetime_operator_2 to 2022-01-19 00:00:00+00:00
[2022-01-20 03:43:30,449] {processor.py:171} INFO - Processing /home/airflow/.local/lib/python3.7/site-packages/airflow/example_dags/example_branch_datetime_operator.py took 0.193 seconds
[2022-01-20 03:44:00,955] {processor.py:163} INFO - Started process (PID=5077) to work on /home/airflow/.local/lib/python3.7/site-packages/airflow/example_dags/example_branch_datetime_operator.py
[2022-01-20 03:44:00,959] {processor.py:620} INFO - Processing file /home/airflow/.local/lib/python3.7/site-packages/airflow/example_dags/example_branch_datetime_operator.py for tasks to queue
[2022-01-20 03:44:00,963] {logging_mixin.py:109} INFO - [2022-01-20 03:44:00,962] {dagbag.py:500} INFO - Filling up the DagBag from /home/airflow/.local/lib/python3.7/site-packages/airflow/example_dags/example_branch_datetime_operator.py
[2022-01-20 03:44:01,053] {processor.py:632} INFO - DAG(s) dict_keys(['example_branch_datetime_operator_2']) retrieved from /home/airflow/.local/lib/python3.7/site-packages/airflow/example_dags/example_branch_datetime_operator.py
[2022-01-20 03:44:01,113] {logging_mixin.py:109} INFO - [2022-01-20 03:44:01,113] {dag.py:2389} INFO - Sync 1 DAGs
[2022-01-20 03:44:01,270] {logging_mixin.py:109} INFO - [2022-01-20 03:44:01,268] {dag.py:2914} INFO - Setting next_dagrun for example_branch_datetime_operator_2 to 2022-01-19 00:00:00+00:00
[2022-01-20 03:44:01,341] {processor.py:171} INFO - Processing /home/airflow/.local/lib/python3.7/site-packages/airflow/example_dags/example_branch_datetime_operator.py took 0.393 seconds
[2022-01-20 03:44:31,526] {processor.py:163} INFO - Started process (PID=5181) to work on /home/airflow/.local/lib/python3.7/site-packages/airflow/example_dags/example_branch_datetime_operator.py
[2022-01-20 03:44:31,534] {processor.py:620} INFO - Processing file /home/airflow/.local/lib/python3.7/site-packages/airflow/example_dags/example_branch_datetime_operator.py for tasks to queue
[2022-01-20 03:44:31,539] {logging_mixin.py:109} INFO - [2022-01-20 03:44:31,539] {dagbag.py:500} INFO - Filling up the DagBag from /home/airflow/.local/lib/python3.7/site-packages/airflow/example_dags/example_branch_datetime_operator.py
[2022-01-20 03:44:31,641] {processor.py:632} INFO - DAG(s) dict_keys(['example_branch_datetime_operator_2']) retrieved from /home/airflow/.local/lib/python3.7/site-packages/airflow/example_dags/example_branch_datetime_operator.py
[2022-01-20 03:44:31,684] {logging_mixin.py:109} INFO - [2022-01-20 03:44:31,684] {dag.py:2389} INFO - Sync 1 DAGs
[2022-01-20 03:44:31,762] {logging_mixin.py:109} INFO - [2022-01-20 03:44:31,762] {dag.py:2914} INFO - Setting next_dagrun for example_branch_datetime_operator_2 to 2022-01-19 00:00:00+00:00
[2022-01-20 03:44:31,791] {processor.py:171} INFO - Processing /home/airflow/.local/lib/python3.7/site-packages/airflow/example_dags/example_branch_datetime_operator.py took 0.274 seconds
[2022-01-20 03:45:01,907] {processor.py:163} INFO - Started process (PID=5278) to work on /home/airflow/.local/lib/python3.7/site-packages/airflow/example_dags/example_branch_datetime_operator.py
[2022-01-20 03:45:01,911] {processor.py:620} INFO - Processing file /home/airflow/.local/lib/python3.7/site-packages/airflow/example_dags/example_branch_datetime_operator.py for tasks to queue
[2022-01-20 03:45:01,914] {logging_mixin.py:109} INFO - [2022-01-20 03:45:01,914] {dagbag.py:500} INFO - Filling up the DagBag from /home/airflow/.local/lib/python3.7/site-packages/airflow/example_dags/example_branch_datetime_operator.py
[2022-01-20 03:45:01,985] {processor.py:632} INFO - DAG(s) dict_keys(['example_branch_datetime_operator_2']) retrieved from /home/airflow/.local/lib/python3.7/site-packages/airflow/example_dags/example_branch_datetime_operator.py
[2022-01-20 03:45:02,024] {logging_mixin.py:109} INFO - [2022-01-20 03:45:02,023] {dag.py:2389} INFO - Sync 1 DAGs
[2022-01-20 03:45:02,085] {logging_mixin.py:109} INFO - [2022-01-20 03:45:02,084] {dag.py:2914} INFO - Setting next_dagrun for example_branch_datetime_operator_2 to 2022-01-19 00:00:00+00:00
[2022-01-20 03:45:02,110] {processor.py:171} INFO - Processing /home/airflow/.local/lib/python3.7/site-packages/airflow/example_dags/example_branch_datetime_operator.py took 0.210 seconds
[2022-01-20 03:45:32,401] {processor.py:163} INFO - Started process (PID=5384) to work on /home/airflow/.local/lib/python3.7/site-packages/airflow/example_dags/example_branch_datetime_operator.py
[2022-01-20 03:45:32,406] {processor.py:620} INFO - Processing file /home/airflow/.local/lib/python3.7/site-packages/airflow/example_dags/example_branch_datetime_operator.py for tasks to queue
[2022-01-20 03:45:32,410] {logging_mixin.py:109} INFO - [2022-01-20 03:45:32,409] {dagbag.py:500} INFO - Filling up the DagBag from /home/airflow/.local/lib/python3.7/site-packages/airflow/example_dags/example_branch_datetime_operator.py
[2022-01-20 03:45:32,490] {processor.py:632} INFO - DAG(s) dict_keys(['example_branch_datetime_operator_2']) retrieved from /home/airflow/.local/lib/python3.7/site-packages/airflow/example_dags/example_branch_datetime_operator.py
[2022-01-20 03:45:32,528] {logging_mixin.py:109} INFO - [2022-01-20 03:45:32,528] {dag.py:2389} INFO - Sync 1 DAGs
[2022-01-20 03:45:32,605] {logging_mixin.py:109} INFO - [2022-01-20 03:45:32,604] {dag.py:2914} INFO - Setting next_dagrun for example_branch_datetime_operator_2 to 2022-01-19 00:00:00+00:00
[2022-01-20 03:45:32,634] {processor.py:171} INFO - Processing /home/airflow/.local/lib/python3.7/site-packages/airflow/example_dags/example_branch_datetime_operator.py took 0.240 seconds
[2022-01-20 03:46:02,930] {processor.py:163} INFO - Started process (PID=5486) to work on /home/airflow/.local/lib/python3.7/site-packages/airflow/example_dags/example_branch_datetime_operator.py
[2022-01-20 03:46:02,934] {processor.py:620} INFO - Processing file /home/airflow/.local/lib/python3.7/site-packages/airflow/example_dags/example_branch_datetime_operator.py for tasks to queue
[2022-01-20 03:46:02,937] {logging_mixin.py:109} INFO - [2022-01-20 03:46:02,937] {dagbag.py:500} INFO - Filling up the DagBag from /home/airflow/.local/lib/python3.7/site-packages/airflow/example_dags/example_branch_datetime_operator.py
[2022-01-20 03:46:03,009] {processor.py:632} INFO - DAG(s) dict_keys(['example_branch_datetime_operator_2']) retrieved from /home/airflow/.local/lib/python3.7/site-packages/airflow/example_dags/example_branch_datetime_operator.py
[2022-01-20 03:46:03,046] {logging_mixin.py:109} INFO - [2022-01-20 03:46:03,045] {dag.py:2389} INFO - Sync 1 DAGs
[2022-01-20 03:46:03,112] {logging_mixin.py:109} INFO - [2022-01-20 03:46:03,111] {dag.py:2914} INFO - Setting next_dagrun for example_branch_datetime_operator_2 to 2022-01-19 00:00:00+00:00
[2022-01-20 03:46:03,141] {processor.py:171} INFO - Processing /home/airflow/.local/lib/python3.7/site-packages/airflow/example_dags/example_branch_datetime_operator.py took 0.219 seconds
[2022-01-20 03:46:33,206] {processor.py:163} INFO - Started process (PID=5600) to work on /home/airflow/.local/lib/python3.7/site-packages/airflow/example_dags/example_branch_datetime_operator.py
[2022-01-20 03:46:33,211] {processor.py:620} INFO - Processing file /home/airflow/.local/lib/python3.7/site-packages/airflow/example_dags/example_branch_datetime_operator.py for tasks to queue
[2022-01-20 03:46:33,216] {logging_mixin.py:109} INFO - [2022-01-20 03:46:33,215] {dagbag.py:500} INFO - Filling up the DagBag from /home/airflow/.local/lib/python3.7/site-packages/airflow/example_dags/example_branch_datetime_operator.py
[2022-01-20 03:46:33,301] {processor.py:632} INFO - DAG(s) dict_keys(['example_branch_datetime_operator_2']) retrieved from /home/airflow/.local/lib/python3.7/site-packages/airflow/example_dags/example_branch_datetime_operator.py
[2022-01-20 03:46:33,340] {logging_mixin.py:109} INFO - [2022-01-20 03:46:33,340] {dag.py:2389} INFO - Sync 1 DAGs
[2022-01-20 03:46:33,411] {logging_mixin.py:109} INFO - [2022-01-20 03:46:33,411] {dag.py:2914} INFO - Setting next_dagrun for example_branch_datetime_operator_2 to 2022-01-19 00:00:00+00:00
[2022-01-20 03:46:33,443] {processor.py:171} INFO - Processing /home/airflow/.local/lib/python3.7/site-packages/airflow/example_dags/example_branch_datetime_operator.py took 0.246 seconds
[2022-01-20 03:47:03,545] {processor.py:163} INFO - Started process (PID=5700) to work on /home/airflow/.local/lib/python3.7/site-packages/airflow/example_dags/example_branch_datetime_operator.py
[2022-01-20 03:47:03,549] {processor.py:620} INFO - Processing file /home/airflow/.local/lib/python3.7/site-packages/airflow/example_dags/example_branch_datetime_operator.py for tasks to queue
[2022-01-20 03:47:03,552] {logging_mixin.py:109} INFO - [2022-01-20 03:47:03,552] {dagbag.py:500} INFO - Filling up the DagBag from /home/airflow/.local/lib/python3.7/site-packages/airflow/example_dags/example_branch_datetime_operator.py
[2022-01-20 03:47:03,630] {processor.py:632} INFO - DAG(s) dict_keys(['example_branch_datetime_operator_2']) retrieved from /home/airflow/.local/lib/python3.7/site-packages/airflow/example_dags/example_branch_datetime_operator.py
[2022-01-20 03:47:03,674] {logging_mixin.py:109} INFO - [2022-01-20 03:47:03,673] {dag.py:2389} INFO - Sync 1 DAGs
[2022-01-20 03:47:03,740] {logging_mixin.py:109} INFO - [2022-01-20 03:47:03,739] {dag.py:2914} INFO - Setting next_dagrun for example_branch_datetime_operator_2 to 2022-01-19 00:00:00+00:00
[2022-01-20 03:47:03,770] {processor.py:171} INFO - Processing /home/airflow/.local/lib/python3.7/site-packages/airflow/example_dags/example_branch_datetime_operator.py took 0.233 seconds
[2022-01-20 03:47:34,129] {processor.py:163} INFO - Started process (PID=5814) to work on /home/airflow/.local/lib/python3.7/site-packages/airflow/example_dags/example_branch_datetime_operator.py
[2022-01-20 03:47:34,135] {processor.py:620} INFO - Processing file /home/airflow/.local/lib/python3.7/site-packages/airflow/example_dags/example_branch_datetime_operator.py for tasks to queue
[2022-01-20 03:47:34,139] {logging_mixin.py:109} INFO - [2022-01-20 03:47:34,138] {dagbag.py:500} INFO - Filling up the DagBag from /home/airflow/.local/lib/python3.7/site-packages/airflow/example_dags/example_branch_datetime_operator.py
[2022-01-20 03:47:34,223] {processor.py:632} INFO - DAG(s) dict_keys(['example_branch_datetime_operator_2']) retrieved from /home/airflow/.local/lib/python3.7/site-packages/airflow/example_dags/example_branch_datetime_operator.py
[2022-01-20 03:47:34,268] {logging_mixin.py:109} INFO - [2022-01-20 03:47:34,268] {dag.py:2389} INFO - Sync 1 DAGs
[2022-01-20 03:47:34,343] {logging_mixin.py:109} INFO - [2022-01-20 03:47:34,342] {dag.py:2914} INFO - Setting next_dagrun for example_branch_datetime_operator_2 to 2022-01-19 00:00:00+00:00
[2022-01-20 03:47:34,376] {processor.py:171} INFO - Processing /home/airflow/.local/lib/python3.7/site-packages/airflow/example_dags/example_branch_datetime_operator.py took 0.257 seconds
[2022-01-20 03:48:04,764] {processor.py:163} INFO - Started process (PID=5909) to work on /home/airflow/.local/lib/python3.7/site-packages/airflow/example_dags/example_branch_datetime_operator.py
[2022-01-20 03:48:04,768] {processor.py:620} INFO - Processing file /home/airflow/.local/lib/python3.7/site-packages/airflow/example_dags/example_branch_datetime_operator.py for tasks to queue
[2022-01-20 03:48:04,771] {logging_mixin.py:109} INFO - [2022-01-20 03:48:04,771] {dagbag.py:500} INFO - Filling up the DagBag from /home/airflow/.local/lib/python3.7/site-packages/airflow/example_dags/example_branch_datetime_operator.py
[2022-01-20 03:48:04,847] {processor.py:632} INFO - DAG(s) dict_keys(['example_branch_datetime_operator_2']) retrieved from /home/airflow/.local/lib/python3.7/site-packages/airflow/example_dags/example_branch_datetime_operator.py
[2022-01-20 03:48:04,882] {logging_mixin.py:109} INFO - [2022-01-20 03:48:04,882] {dag.py:2389} INFO - Sync 1 DAGs
[2022-01-20 03:48:04,948] {logging_mixin.py:109} INFO - [2022-01-20 03:48:04,948] {dag.py:2914} INFO - Setting next_dagrun for example_branch_datetime_operator_2 to 2022-01-19 00:00:00+00:00
[2022-01-20 03:48:04,975] {processor.py:171} INFO - Processing /home/airflow/.local/lib/python3.7/site-packages/airflow/example_dags/example_branch_datetime_operator.py took 0.219 seconds
[2022-01-20 03:48:35,482] {processor.py:163} INFO - Started process (PID=6023) to work on /home/airflow/.local/lib/python3.7/site-packages/airflow/example_dags/example_branch_datetime_operator.py
[2022-01-20 03:48:35,487] {processor.py:620} INFO - Processing file /home/airflow/.local/lib/python3.7/site-packages/airflow/example_dags/example_branch_datetime_operator.py for tasks to queue
[2022-01-20 03:48:35,490] {logging_mixin.py:109} INFO - [2022-01-20 03:48:35,490] {dagbag.py:500} INFO - Filling up the DagBag from /home/airflow/.local/lib/python3.7/site-packages/airflow/example_dags/example_branch_datetime_operator.py
[2022-01-20 03:48:35,565] {processor.py:632} INFO - DAG(s) dict_keys(['example_branch_datetime_operator_2']) retrieved from /home/airflow/.local/lib/python3.7/site-packages/airflow/example_dags/example_branch_datetime_operator.py
[2022-01-20 03:48:35,606] {logging_mixin.py:109} INFO - [2022-01-20 03:48:35,606] {dag.py:2389} INFO - Sync 1 DAGs
[2022-01-20 03:48:35,671] {logging_mixin.py:109} INFO - [2022-01-20 03:48:35,671] {dag.py:2914} INFO - Setting next_dagrun for example_branch_datetime_operator_2 to 2022-01-19 00:00:00+00:00
[2022-01-20 03:48:35,699] {processor.py:171} INFO - Processing /home/airflow/.local/lib/python3.7/site-packages/airflow/example_dags/example_branch_datetime_operator.py took 0.224 seconds
[2022-01-20 03:49:05,779] {processor.py:163} INFO - Started process (PID=6119) to work on /home/airflow/.local/lib/python3.7/site-packages/airflow/example_dags/example_branch_datetime_operator.py
[2022-01-20 03:49:05,784] {processor.py:620} INFO - Processing file /home/airflow/.local/lib/python3.7/site-packages/airflow/example_dags/example_branch_datetime_operator.py for tasks to queue
[2022-01-20 03:49:05,786] {logging_mixin.py:109} INFO - [2022-01-20 03:49:05,786] {dagbag.py:500} INFO - Filling up the DagBag from /home/airflow/.local/lib/python3.7/site-packages/airflow/example_dags/example_branch_datetime_operator.py
[2022-01-20 03:49:05,855] {processor.py:632} INFO - DAG(s) dict_keys(['example_branch_datetime_operator_2']) retrieved from /home/airflow/.local/lib/python3.7/site-packages/airflow/example_dags/example_branch_datetime_operator.py
[2022-01-20 03:49:05,889] {logging_mixin.py:109} INFO - [2022-01-20 03:49:05,889] {dag.py:2389} INFO - Sync 1 DAGs
[2022-01-20 03:49:05,942] {logging_mixin.py:109} INFO - [2022-01-20 03:49:05,942] {dag.py:2914} INFO - Setting next_dagrun for example_branch_datetime_operator_2 to 2022-01-19 00:00:00+00:00
[2022-01-20 03:49:05,967] {processor.py:171} INFO - Processing /home/airflow/.local/lib/python3.7/site-packages/airflow/example_dags/example_branch_datetime_operator.py took 0.194 seconds
[2022-01-20 03:49:36,472] {processor.py:163} INFO - Started process (PID=6234) to work on /home/airflow/.local/lib/python3.7/site-packages/airflow/example_dags/example_branch_datetime_operator.py
[2022-01-20 03:49:36,477] {processor.py:620} INFO - Processing file /home/airflow/.local/lib/python3.7/site-packages/airflow/example_dags/example_branch_datetime_operator.py for tasks to queue
[2022-01-20 03:49:36,480] {logging_mixin.py:109} INFO - [2022-01-20 03:49:36,479] {dagbag.py:500} INFO - Filling up the DagBag from /home/airflow/.local/lib/python3.7/site-packages/airflow/example_dags/example_branch_datetime_operator.py
[2022-01-20 03:49:36,582] {processor.py:632} INFO - DAG(s) dict_keys(['example_branch_datetime_operator_2']) retrieved from /home/airflow/.local/lib/python3.7/site-packages/airflow/example_dags/example_branch_datetime_operator.py
[2022-01-20 03:49:36,622] {logging_mixin.py:109} INFO - [2022-01-20 03:49:36,621] {dag.py:2389} INFO - Sync 1 DAGs
[2022-01-20 03:49:36,693] {logging_mixin.py:109} INFO - [2022-01-20 03:49:36,693] {dag.py:2914} INFO - Setting next_dagrun for example_branch_datetime_operator_2 to 2022-01-19 00:00:00+00:00
[2022-01-20 03:49:36,726] {processor.py:171} INFO - Processing /home/airflow/.local/lib/python3.7/site-packages/airflow/example_dags/example_branch_datetime_operator.py took 0.262 seconds
[2022-01-20 03:50:06,774] {processor.py:163} INFO - Started process (PID=6330) to work on /home/airflow/.local/lib/python3.7/site-packages/airflow/example_dags/example_branch_datetime_operator.py
[2022-01-20 03:50:06,778] {processor.py:620} INFO - Processing file /home/airflow/.local/lib/python3.7/site-packages/airflow/example_dags/example_branch_datetime_operator.py for tasks to queue
[2022-01-20 03:50:06,781] {logging_mixin.py:109} INFO - [2022-01-20 03:50:06,781] {dagbag.py:500} INFO - Filling up the DagBag from /home/airflow/.local/lib/python3.7/site-packages/airflow/example_dags/example_branch_datetime_operator.py
[2022-01-20 03:50:06,861] {processor.py:632} INFO - DAG(s) dict_keys(['example_branch_datetime_operator_2']) retrieved from /home/airflow/.local/lib/python3.7/site-packages/airflow/example_dags/example_branch_datetime_operator.py
[2022-01-20 03:50:06,901] {logging_mixin.py:109} INFO - [2022-01-20 03:50:06,900] {dag.py:2389} INFO - Sync 1 DAGs
[2022-01-20 03:50:06,968] {logging_mixin.py:109} INFO - [2022-01-20 03:50:06,968] {dag.py:2914} INFO - Setting next_dagrun for example_branch_datetime_operator_2 to 2022-01-19 00:00:00+00:00
[2022-01-20 03:50:06,996] {processor.py:171} INFO - Processing /home/airflow/.local/lib/python3.7/site-packages/airflow/example_dags/example_branch_datetime_operator.py took 0.231 seconds
[2022-01-20 03:50:38,088] {processor.py:163} INFO - Started process (PID=6442) to work on /home/airflow/.local/lib/python3.7/site-packages/airflow/example_dags/example_branch_datetime_operator.py
[2022-01-20 03:50:38,093] {processor.py:620} INFO - Processing file /home/airflow/.local/lib/python3.7/site-packages/airflow/example_dags/example_branch_datetime_operator.py for tasks to queue
[2022-01-20 03:50:38,097] {logging_mixin.py:109} INFO - [2022-01-20 03:50:38,096] {dagbag.py:500} INFO - Filling up the DagBag from /home/airflow/.local/lib/python3.7/site-packages/airflow/example_dags/example_branch_datetime_operator.py
[2022-01-20 03:50:38,176] {processor.py:632} INFO - DAG(s) dict_keys(['example_branch_datetime_operator_2']) retrieved from /home/airflow/.local/lib/python3.7/site-packages/airflow/example_dags/example_branch_datetime_operator.py
[2022-01-20 03:50:38,217] {logging_mixin.py:109} INFO - [2022-01-20 03:50:38,217] {dag.py:2389} INFO - Sync 1 DAGs
[2022-01-20 03:50:38,285] {logging_mixin.py:109} INFO - [2022-01-20 03:50:38,285] {dag.py:2914} INFO - Setting next_dagrun for example_branch_datetime_operator_2 to 2022-01-19 00:00:00+00:00
[2022-01-20 03:50:38,312] {processor.py:171} INFO - Processing /home/airflow/.local/lib/python3.7/site-packages/airflow/example_dags/example_branch_datetime_operator.py took 0.232 seconds
[2022-01-20 03:51:08,423] {processor.py:163} INFO - Started process (PID=6532) to work on /home/airflow/.local/lib/python3.7/site-packages/airflow/example_dags/example_branch_datetime_operator.py
[2022-01-20 03:51:08,426] {processor.py:620} INFO - Processing file /home/airflow/.local/lib/python3.7/site-packages/airflow/example_dags/example_branch_datetime_operator.py for tasks to queue
[2022-01-20 03:51:08,430] {logging_mixin.py:109} INFO - [2022-01-20 03:51:08,430] {dagbag.py:500} INFO - Filling up the DagBag from /home/airflow/.local/lib/python3.7/site-packages/airflow/example_dags/example_branch_datetime_operator.py
[2022-01-20 03:51:08,503] {processor.py:632} INFO - DAG(s) dict_keys(['example_branch_datetime_operator_2']) retrieved from /home/airflow/.local/lib/python3.7/site-packages/airflow/example_dags/example_branch_datetime_operator.py
[2022-01-20 03:51:08,538] {logging_mixin.py:109} INFO - [2022-01-20 03:51:08,538] {dag.py:2389} INFO - Sync 1 DAGs
[2022-01-20 03:51:08,594] {logging_mixin.py:109} INFO - [2022-01-20 03:51:08,594] {dag.py:2914} INFO - Setting next_dagrun for example_branch_datetime_operator_2 to 2022-01-19 00:00:00+00:00
[2022-01-20 03:51:08,621] {processor.py:171} INFO - Processing /home/airflow/.local/lib/python3.7/site-packages/airflow/example_dags/example_branch_datetime_operator.py took 0.206 seconds
