[2022-01-20 03:20:28,012] {processor.py:163} INFO - Started process (PID=287) to work on /home/airflow/.local/lib/python3.7/site-packages/airflow/example_dags/example_complex.py
[2022-01-20 03:20:28,022] {processor.py:620} INFO - Processing file /home/airflow/.local/lib/python3.7/site-packages/airflow/example_dags/example_complex.py for tasks to queue
[2022-01-20 03:20:28,031] {logging_mixin.py:109} INFO - [2022-01-20 03:20:28,031] {dagbag.py:500} INFO - Filling up the DagBag from /home/airflow/.local/lib/python3.7/site-packages/airflow/example_dags/example_complex.py
[2022-01-20 03:20:28,340] {processor.py:632} INFO - DAG(s) dict_keys(['example_complex']) retrieved from /home/airflow/.local/lib/python3.7/site-packages/airflow/example_dags/example_complex.py
[2022-01-20 03:20:28,578] {logging_mixin.py:109} INFO - [2022-01-20 03:20:28,578] {dag.py:2389} INFO - Sync 1 DAGs
[2022-01-20 03:20:28,688] {logging_mixin.py:109} INFO - [2022-01-20 03:20:28,687] {dag.py:2914} INFO - Setting next_dagrun for example_complex to None
[2022-01-20 03:20:28,758] {processor.py:171} INFO - Processing /home/airflow/.local/lib/python3.7/site-packages/airflow/example_dags/example_complex.py took 0.774 seconds
[2022-01-20 03:21:00,740] {processor.py:163} INFO - Started process (PID=401) to work on /home/airflow/.local/lib/python3.7/site-packages/airflow/example_dags/example_complex.py
[2022-01-20 03:21:00,744] {processor.py:620} INFO - Processing file /home/airflow/.local/lib/python3.7/site-packages/airflow/example_dags/example_complex.py for tasks to queue
[2022-01-20 03:21:00,749] {logging_mixin.py:109} INFO - [2022-01-20 03:21:00,749] {dagbag.py:500} INFO - Filling up the DagBag from /home/airflow/.local/lib/python3.7/site-packages/airflow/example_dags/example_complex.py
[2022-01-20 03:21:00,994] {processor.py:632} INFO - DAG(s) dict_keys(['example_complex']) retrieved from /home/airflow/.local/lib/python3.7/site-packages/airflow/example_dags/example_complex.py
[2022-01-20 03:21:01,191] {logging_mixin.py:109} INFO - [2022-01-20 03:21:01,189] {dag.py:2389} INFO - Sync 1 DAGs
[2022-01-20 03:21:01,266] {logging_mixin.py:109} INFO - [2022-01-20 03:21:01,265] {dag.py:2914} INFO - Setting next_dagrun for example_complex to None
[2022-01-20 03:21:01,339] {processor.py:171} INFO - Processing /home/airflow/.local/lib/python3.7/site-packages/airflow/example_dags/example_complex.py took 0.615 seconds
[2022-01-20 03:21:32,156] {processor.py:163} INFO - Started process (PID=507) to work on /home/airflow/.local/lib/python3.7/site-packages/airflow/example_dags/example_complex.py
[2022-01-20 03:21:32,163] {processor.py:620} INFO - Processing file /home/airflow/.local/lib/python3.7/site-packages/airflow/example_dags/example_complex.py for tasks to queue
[2022-01-20 03:21:32,167] {logging_mixin.py:109} INFO - [2022-01-20 03:21:32,166] {dagbag.py:500} INFO - Filling up the DagBag from /home/airflow/.local/lib/python3.7/site-packages/airflow/example_dags/example_complex.py
[2022-01-20 03:21:32,381] {processor.py:632} INFO - DAG(s) dict_keys(['example_complex']) retrieved from /home/airflow/.local/lib/python3.7/site-packages/airflow/example_dags/example_complex.py
[2022-01-20 03:21:32,469] {logging_mixin.py:109} INFO - [2022-01-20 03:21:32,469] {dag.py:2389} INFO - Sync 1 DAGs
[2022-01-20 03:21:32,525] {logging_mixin.py:109} INFO - [2022-01-20 03:21:32,524] {dag.py:2914} INFO - Setting next_dagrun for example_complex to None
[2022-01-20 03:21:32,556] {processor.py:171} INFO - Processing /home/airflow/.local/lib/python3.7/site-packages/airflow/example_dags/example_complex.py took 0.421 seconds
[2022-01-20 03:22:03,353] {processor.py:163} INFO - Started process (PID=611) to work on /home/airflow/.local/lib/python3.7/site-packages/airflow/example_dags/example_complex.py
[2022-01-20 03:22:03,357] {processor.py:620} INFO - Processing file /home/airflow/.local/lib/python3.7/site-packages/airflow/example_dags/example_complex.py for tasks to queue
[2022-01-20 03:22:03,376] {logging_mixin.py:109} INFO - [2022-01-20 03:22:03,376] {dagbag.py:500} INFO - Filling up the DagBag from /home/airflow/.local/lib/python3.7/site-packages/airflow/example_dags/example_complex.py
[2022-01-20 03:22:03,495] {processor.py:632} INFO - DAG(s) dict_keys(['example_complex']) retrieved from /home/airflow/.local/lib/python3.7/site-packages/airflow/example_dags/example_complex.py
[2022-01-20 03:22:03,576] {logging_mixin.py:109} INFO - [2022-01-20 03:22:03,575] {dag.py:2389} INFO - Sync 1 DAGs
[2022-01-20 03:22:03,630] {logging_mixin.py:109} INFO - [2022-01-20 03:22:03,629] {dag.py:2914} INFO - Setting next_dagrun for example_complex to None
[2022-01-20 03:22:03,657] {processor.py:171} INFO - Processing /home/airflow/.local/lib/python3.7/site-packages/airflow/example_dags/example_complex.py took 0.311 seconds
[2022-01-20 03:22:33,881] {processor.py:163} INFO - Started process (PID=723) to work on /home/airflow/.local/lib/python3.7/site-packages/airflow/example_dags/example_complex.py
[2022-01-20 03:22:33,885] {processor.py:620} INFO - Processing file /home/airflow/.local/lib/python3.7/site-packages/airflow/example_dags/example_complex.py for tasks to queue
[2022-01-20 03:22:33,889] {logging_mixin.py:109} INFO - [2022-01-20 03:22:33,888] {dagbag.py:500} INFO - Filling up the DagBag from /home/airflow/.local/lib/python3.7/site-packages/airflow/example_dags/example_complex.py
[2022-01-20 03:22:34,016] {processor.py:632} INFO - DAG(s) dict_keys(['example_complex']) retrieved from /home/airflow/.local/lib/python3.7/site-packages/airflow/example_dags/example_complex.py
[2022-01-20 03:22:34,100] {logging_mixin.py:109} INFO - [2022-01-20 03:22:34,099] {dag.py:2389} INFO - Sync 1 DAGs
[2022-01-20 03:22:34,153] {logging_mixin.py:109} INFO - [2022-01-20 03:22:34,152] {dag.py:2914} INFO - Setting next_dagrun for example_complex to None
[2022-01-20 03:22:34,180] {processor.py:171} INFO - Processing /home/airflow/.local/lib/python3.7/site-packages/airflow/example_dags/example_complex.py took 0.306 seconds
[2022-01-20 03:23:04,437] {processor.py:163} INFO - Started process (PID=821) to work on /home/airflow/.local/lib/python3.7/site-packages/airflow/example_dags/example_complex.py
[2022-01-20 03:23:04,441] {processor.py:620} INFO - Processing file /home/airflow/.local/lib/python3.7/site-packages/airflow/example_dags/example_complex.py for tasks to queue
[2022-01-20 03:23:04,444] {logging_mixin.py:109} INFO - [2022-01-20 03:23:04,444] {dagbag.py:500} INFO - Filling up the DagBag from /home/airflow/.local/lib/python3.7/site-packages/airflow/example_dags/example_complex.py
[2022-01-20 03:23:04,572] {processor.py:632} INFO - DAG(s) dict_keys(['example_complex']) retrieved from /home/airflow/.local/lib/python3.7/site-packages/airflow/example_dags/example_complex.py
[2022-01-20 03:23:04,654] {logging_mixin.py:109} INFO - [2022-01-20 03:23:04,653] {dag.py:2389} INFO - Sync 1 DAGs
[2022-01-20 03:23:04,707] {logging_mixin.py:109} INFO - [2022-01-20 03:23:04,706] {dag.py:2914} INFO - Setting next_dagrun for example_complex to None
[2022-01-20 03:23:04,735] {processor.py:171} INFO - Processing /home/airflow/.local/lib/python3.7/site-packages/airflow/example_dags/example_complex.py took 0.306 seconds
[2022-01-20 03:23:37,927] {processor.py:163} INFO - Started process (PID=934) to work on /home/airflow/.local/lib/python3.7/site-packages/airflow/example_dags/example_complex.py
[2022-01-20 03:23:37,941] {processor.py:620} INFO - Processing file /home/airflow/.local/lib/python3.7/site-packages/airflow/example_dags/example_complex.py for tasks to queue
[2022-01-20 03:23:37,944] {logging_mixin.py:109} INFO - [2022-01-20 03:23:37,944] {dagbag.py:500} INFO - Filling up the DagBag from /home/airflow/.local/lib/python3.7/site-packages/airflow/example_dags/example_complex.py
[2022-01-20 03:23:38,139] {processor.py:632} INFO - DAG(s) dict_keys(['example_complex']) retrieved from /home/airflow/.local/lib/python3.7/site-packages/airflow/example_dags/example_complex.py
[2022-01-20 03:23:38,242] {logging_mixin.py:109} INFO - [2022-01-20 03:23:38,242] {dag.py:2389} INFO - Sync 1 DAGs
[2022-01-20 03:23:38,298] {logging_mixin.py:109} INFO - [2022-01-20 03:23:38,298] {dag.py:2914} INFO - Setting next_dagrun for example_complex to None
[2022-01-20 03:23:38,329] {processor.py:171} INFO - Processing /home/airflow/.local/lib/python3.7/site-packages/airflow/example_dags/example_complex.py took 0.410 seconds
[2022-01-20 03:24:09,601] {processor.py:163} INFO - Started process (PID=1030) to work on /home/airflow/.local/lib/python3.7/site-packages/airflow/example_dags/example_complex.py
[2022-01-20 03:24:09,605] {processor.py:620} INFO - Processing file /home/airflow/.local/lib/python3.7/site-packages/airflow/example_dags/example_complex.py for tasks to queue
[2022-01-20 03:24:09,608] {logging_mixin.py:109} INFO - [2022-01-20 03:24:09,607] {dagbag.py:500} INFO - Filling up the DagBag from /home/airflow/.local/lib/python3.7/site-packages/airflow/example_dags/example_complex.py
[2022-01-20 03:24:09,722] {processor.py:632} INFO - DAG(s) dict_keys(['example_complex']) retrieved from /home/airflow/.local/lib/python3.7/site-packages/airflow/example_dags/example_complex.py
[2022-01-20 03:24:09,798] {logging_mixin.py:109} INFO - [2022-01-20 03:24:09,798] {dag.py:2389} INFO - Sync 1 DAGs
[2022-01-20 03:24:09,844] {logging_mixin.py:109} INFO - [2022-01-20 03:24:09,844] {dag.py:2914} INFO - Setting next_dagrun for example_complex to None
[2022-01-20 03:24:09,869] {processor.py:171} INFO - Processing /home/airflow/.local/lib/python3.7/site-packages/airflow/example_dags/example_complex.py took 0.275 seconds
[2022-01-20 03:24:43,385] {processor.py:163} INFO - Started process (PID=1148) to work on /home/airflow/.local/lib/python3.7/site-packages/airflow/example_dags/example_complex.py
[2022-01-20 03:24:43,389] {processor.py:620} INFO - Processing file /home/airflow/.local/lib/python3.7/site-packages/airflow/example_dags/example_complex.py for tasks to queue
[2022-01-20 03:24:43,392] {logging_mixin.py:109} INFO - [2022-01-20 03:24:43,392] {dagbag.py:500} INFO - Filling up the DagBag from /home/airflow/.local/lib/python3.7/site-packages/airflow/example_dags/example_complex.py
[2022-01-20 03:24:43,519] {processor.py:632} INFO - DAG(s) dict_keys(['example_complex']) retrieved from /home/airflow/.local/lib/python3.7/site-packages/airflow/example_dags/example_complex.py
[2022-01-20 03:24:43,601] {logging_mixin.py:109} INFO - [2022-01-20 03:24:43,600] {dag.py:2389} INFO - Sync 1 DAGs
[2022-01-20 03:24:43,655] {logging_mixin.py:109} INFO - [2022-01-20 03:24:43,654] {dag.py:2914} INFO - Setting next_dagrun for example_complex to None
[2022-01-20 03:24:43,684] {processor.py:171} INFO - Processing /home/airflow/.local/lib/python3.7/site-packages/airflow/example_dags/example_complex.py took 0.306 seconds
[2022-01-20 03:25:16,588] {processor.py:163} INFO - Started process (PID=1261) to work on /home/airflow/.local/lib/python3.7/site-packages/airflow/example_dags/example_complex.py
[2022-01-20 03:25:16,592] {processor.py:620} INFO - Processing file /home/airflow/.local/lib/python3.7/site-packages/airflow/example_dags/example_complex.py for tasks to queue
[2022-01-20 03:25:16,605] {logging_mixin.py:109} INFO - [2022-01-20 03:25:16,605] {dagbag.py:500} INFO - Filling up the DagBag from /home/airflow/.local/lib/python3.7/site-packages/airflow/example_dags/example_complex.py
[2022-01-20 03:25:16,735] {processor.py:632} INFO - DAG(s) dict_keys(['example_complex']) retrieved from /home/airflow/.local/lib/python3.7/site-packages/airflow/example_dags/example_complex.py
[2022-01-20 03:25:16,883] {logging_mixin.py:109} INFO - [2022-01-20 03:25:16,883] {dag.py:2389} INFO - Sync 1 DAGs
[2022-01-20 03:25:17,027] {logging_mixin.py:109} INFO - [2022-01-20 03:25:17,026] {dag.py:2914} INFO - Setting next_dagrun for example_complex to None
[2022-01-20 03:25:17,077] {processor.py:171} INFO - Processing /home/airflow/.local/lib/python3.7/site-packages/airflow/example_dags/example_complex.py took 0.496 seconds
[2022-01-20 03:25:49,901] {processor.py:163} INFO - Started process (PID=1362) to work on /home/airflow/.local/lib/python3.7/site-packages/airflow/example_dags/example_complex.py
[2022-01-20 03:25:49,906] {processor.py:620} INFO - Processing file /home/airflow/.local/lib/python3.7/site-packages/airflow/example_dags/example_complex.py for tasks to queue
[2022-01-20 03:25:49,910] {logging_mixin.py:109} INFO - [2022-01-20 03:25:49,910] {dagbag.py:500} INFO - Filling up the DagBag from /home/airflow/.local/lib/python3.7/site-packages/airflow/example_dags/example_complex.py
[2022-01-20 03:25:50,020] {processor.py:632} INFO - DAG(s) dict_keys(['example_complex']) retrieved from /home/airflow/.local/lib/python3.7/site-packages/airflow/example_dags/example_complex.py
[2022-01-20 03:25:50,092] {logging_mixin.py:109} INFO - [2022-01-20 03:25:50,091] {dag.py:2389} INFO - Sync 1 DAGs
[2022-01-20 03:25:50,146] {logging_mixin.py:109} INFO - [2022-01-20 03:25:50,145] {dag.py:2914} INFO - Setting next_dagrun for example_complex to None
[2022-01-20 03:25:50,173] {processor.py:171} INFO - Processing /home/airflow/.local/lib/python3.7/site-packages/airflow/example_dags/example_complex.py took 0.279 seconds
[2022-01-20 03:26:23,029] {processor.py:163} INFO - Started process (PID=1477) to work on /home/airflow/.local/lib/python3.7/site-packages/airflow/example_dags/example_complex.py
[2022-01-20 03:26:23,034] {processor.py:620} INFO - Processing file /home/airflow/.local/lib/python3.7/site-packages/airflow/example_dags/example_complex.py for tasks to queue
[2022-01-20 03:26:23,037] {logging_mixin.py:109} INFO - [2022-01-20 03:26:23,037] {dagbag.py:500} INFO - Filling up the DagBag from /home/airflow/.local/lib/python3.7/site-packages/airflow/example_dags/example_complex.py
[2022-01-20 03:26:23,177] {processor.py:632} INFO - DAG(s) dict_keys(['example_complex']) retrieved from /home/airflow/.local/lib/python3.7/site-packages/airflow/example_dags/example_complex.py
[2022-01-20 03:26:23,266] {logging_mixin.py:109} INFO - [2022-01-20 03:26:23,266] {dag.py:2389} INFO - Sync 1 DAGs
[2022-01-20 03:26:23,325] {logging_mixin.py:109} INFO - [2022-01-20 03:26:23,325] {dag.py:2914} INFO - Setting next_dagrun for example_complex to None
[2022-01-20 03:26:23,362] {processor.py:171} INFO - Processing /home/airflow/.local/lib/python3.7/site-packages/airflow/example_dags/example_complex.py took 0.343 seconds
[2022-01-20 03:26:56,510] {processor.py:163} INFO - Started process (PID=1595) to work on /home/airflow/.local/lib/python3.7/site-packages/airflow/example_dags/example_complex.py
[2022-01-20 03:26:56,514] {processor.py:620} INFO - Processing file /home/airflow/.local/lib/python3.7/site-packages/airflow/example_dags/example_complex.py for tasks to queue
[2022-01-20 03:26:56,517] {logging_mixin.py:109} INFO - [2022-01-20 03:26:56,517] {dagbag.py:500} INFO - Filling up the DagBag from /home/airflow/.local/lib/python3.7/site-packages/airflow/example_dags/example_complex.py
[2022-01-20 03:26:56,645] {processor.py:632} INFO - DAG(s) dict_keys(['example_complex']) retrieved from /home/airflow/.local/lib/python3.7/site-packages/airflow/example_dags/example_complex.py
[2022-01-20 03:26:56,798] {logging_mixin.py:109} INFO - [2022-01-20 03:26:56,798] {dag.py:2389} INFO - Sync 1 DAGs
[2022-01-20 03:26:56,850] {logging_mixin.py:109} INFO - [2022-01-20 03:26:56,849] {dag.py:2914} INFO - Setting next_dagrun for example_complex to None
[2022-01-20 03:26:56,878] {processor.py:171} INFO - Processing /home/airflow/.local/lib/python3.7/site-packages/airflow/example_dags/example_complex.py took 0.375 seconds
[2022-01-20 03:27:27,148] {processor.py:163} INFO - Started process (PID=1686) to work on /home/airflow/.local/lib/python3.7/site-packages/airflow/example_dags/example_complex.py
[2022-01-20 03:27:27,153] {processor.py:620} INFO - Processing file /home/airflow/.local/lib/python3.7/site-packages/airflow/example_dags/example_complex.py for tasks to queue
[2022-01-20 03:27:27,155] {logging_mixin.py:109} INFO - [2022-01-20 03:27:27,155] {dagbag.py:500} INFO - Filling up the DagBag from /home/airflow/.local/lib/python3.7/site-packages/airflow/example_dags/example_complex.py
[2022-01-20 03:27:27,263] {processor.py:632} INFO - DAG(s) dict_keys(['example_complex']) retrieved from /home/airflow/.local/lib/python3.7/site-packages/airflow/example_dags/example_complex.py
[2022-01-20 03:27:27,332] {logging_mixin.py:109} INFO - [2022-01-20 03:27:27,332] {dag.py:2389} INFO - Sync 1 DAGs
[2022-01-20 03:27:27,377] {logging_mixin.py:109} INFO - [2022-01-20 03:27:27,377] {dag.py:2914} INFO - Setting next_dagrun for example_complex to None
[2022-01-20 03:27:27,401] {processor.py:171} INFO - Processing /home/airflow/.local/lib/python3.7/site-packages/airflow/example_dags/example_complex.py took 0.260 seconds
[2022-01-20 03:27:58,291] {processor.py:163} INFO - Started process (PID=1798) to work on /home/airflow/.local/lib/python3.7/site-packages/airflow/example_dags/example_complex.py
[2022-01-20 03:27:58,295] {processor.py:620} INFO - Processing file /home/airflow/.local/lib/python3.7/site-packages/airflow/example_dags/example_complex.py for tasks to queue
[2022-01-20 03:27:58,299] {logging_mixin.py:109} INFO - [2022-01-20 03:27:58,299] {dagbag.py:500} INFO - Filling up the DagBag from /home/airflow/.local/lib/python3.7/site-packages/airflow/example_dags/example_complex.py
[2022-01-20 03:27:58,437] {processor.py:632} INFO - DAG(s) dict_keys(['example_complex']) retrieved from /home/airflow/.local/lib/python3.7/site-packages/airflow/example_dags/example_complex.py
[2022-01-20 03:27:58,519] {logging_mixin.py:109} INFO - [2022-01-20 03:27:58,519] {dag.py:2389} INFO - Sync 1 DAGs
[2022-01-20 03:27:58,651] {logging_mixin.py:109} INFO - [2022-01-20 03:27:58,651] {dag.py:2914} INFO - Setting next_dagrun for example_complex to None
[2022-01-20 03:27:58,721] {processor.py:171} INFO - Processing /home/airflow/.local/lib/python3.7/site-packages/airflow/example_dags/example_complex.py took 0.438 seconds
[2022-01-20 03:28:28,952] {processor.py:163} INFO - Started process (PID=1894) to work on /home/airflow/.local/lib/python3.7/site-packages/airflow/example_dags/example_complex.py
[2022-01-20 03:28:28,956] {processor.py:620} INFO - Processing file /home/airflow/.local/lib/python3.7/site-packages/airflow/example_dags/example_complex.py for tasks to queue
[2022-01-20 03:28:28,959] {logging_mixin.py:109} INFO - [2022-01-20 03:28:28,958] {dagbag.py:500} INFO - Filling up the DagBag from /home/airflow/.local/lib/python3.7/site-packages/airflow/example_dags/example_complex.py
[2022-01-20 03:28:29,062] {processor.py:632} INFO - DAG(s) dict_keys(['example_complex']) retrieved from /home/airflow/.local/lib/python3.7/site-packages/airflow/example_dags/example_complex.py
[2022-01-20 03:28:29,135] {logging_mixin.py:109} INFO - [2022-01-20 03:28:29,134] {dag.py:2389} INFO - Sync 1 DAGs
[2022-01-20 03:28:29,182] {logging_mixin.py:109} INFO - [2022-01-20 03:28:29,181] {dag.py:2914} INFO - Setting next_dagrun for example_complex to None
[2022-01-20 03:28:29,205] {processor.py:171} INFO - Processing /home/airflow/.local/lib/python3.7/site-packages/airflow/example_dags/example_complex.py took 0.259 seconds
[2022-01-20 03:28:59,464] {processor.py:163} INFO - Started process (PID=2005) to work on /home/airflow/.local/lib/python3.7/site-packages/airflow/example_dags/example_complex.py
[2022-01-20 03:28:59,468] {processor.py:620} INFO - Processing file /home/airflow/.local/lib/python3.7/site-packages/airflow/example_dags/example_complex.py for tasks to queue
[2022-01-20 03:28:59,471] {logging_mixin.py:109} INFO - [2022-01-20 03:28:59,471] {dagbag.py:500} INFO - Filling up the DagBag from /home/airflow/.local/lib/python3.7/site-packages/airflow/example_dags/example_complex.py
[2022-01-20 03:28:59,641] {processor.py:632} INFO - DAG(s) dict_keys(['example_complex']) retrieved from /home/airflow/.local/lib/python3.7/site-packages/airflow/example_dags/example_complex.py
[2022-01-20 03:28:59,728] {logging_mixin.py:109} INFO - [2022-01-20 03:28:59,727] {dag.py:2389} INFO - Sync 1 DAGs
[2022-01-20 03:28:59,787] {logging_mixin.py:109} INFO - [2022-01-20 03:28:59,786] {dag.py:2914} INFO - Setting next_dagrun for example_complex to None
[2022-01-20 03:28:59,816] {processor.py:171} INFO - Processing /home/airflow/.local/lib/python3.7/site-packages/airflow/example_dags/example_complex.py took 0.360 seconds
[2022-01-20 03:29:29,917] {processor.py:163} INFO - Started process (PID=2105) to work on /home/airflow/.local/lib/python3.7/site-packages/airflow/example_dags/example_complex.py
[2022-01-20 03:29:29,922] {processor.py:620} INFO - Processing file /home/airflow/.local/lib/python3.7/site-packages/airflow/example_dags/example_complex.py for tasks to queue
[2022-01-20 03:29:29,924] {logging_mixin.py:109} INFO - [2022-01-20 03:29:29,924] {dagbag.py:500} INFO - Filling up the DagBag from /home/airflow/.local/lib/python3.7/site-packages/airflow/example_dags/example_complex.py
[2022-01-20 03:29:30,028] {processor.py:632} INFO - DAG(s) dict_keys(['example_complex']) retrieved from /home/airflow/.local/lib/python3.7/site-packages/airflow/example_dags/example_complex.py
[2022-01-20 03:29:30,093] {logging_mixin.py:109} INFO - [2022-01-20 03:29:30,092] {dag.py:2389} INFO - Sync 1 DAGs
[2022-01-20 03:29:30,136] {logging_mixin.py:109} INFO - [2022-01-20 03:29:30,135] {dag.py:2914} INFO - Setting next_dagrun for example_complex to None
[2022-01-20 03:29:30,157] {processor.py:171} INFO - Processing /home/airflow/.local/lib/python3.7/site-packages/airflow/example_dags/example_complex.py took 0.247 seconds
[2022-01-20 03:30:00,386] {processor.py:163} INFO - Started process (PID=2220) to work on /home/airflow/.local/lib/python3.7/site-packages/airflow/example_dags/example_complex.py
[2022-01-20 03:30:00,390] {processor.py:620} INFO - Processing file /home/airflow/.local/lib/python3.7/site-packages/airflow/example_dags/example_complex.py for tasks to queue
[2022-01-20 03:30:00,393] {logging_mixin.py:109} INFO - [2022-01-20 03:30:00,392] {dagbag.py:500} INFO - Filling up the DagBag from /home/airflow/.local/lib/python3.7/site-packages/airflow/example_dags/example_complex.py
[2022-01-20 03:30:00,526] {processor.py:632} INFO - DAG(s) dict_keys(['example_complex']) retrieved from /home/airflow/.local/lib/python3.7/site-packages/airflow/example_dags/example_complex.py
[2022-01-20 03:30:00,611] {logging_mixin.py:109} INFO - [2022-01-20 03:30:00,610] {dag.py:2389} INFO - Sync 1 DAGs
[2022-01-20 03:30:00,666] {logging_mixin.py:109} INFO - [2022-01-20 03:30:00,665] {dag.py:2914} INFO - Setting next_dagrun for example_complex to None
[2022-01-20 03:30:00,694] {processor.py:171} INFO - Processing /home/airflow/.local/lib/python3.7/site-packages/airflow/example_dags/example_complex.py took 0.316 seconds
[2022-01-20 03:30:31,673] {processor.py:163} INFO - Started process (PID=2327) to work on /home/airflow/.local/lib/python3.7/site-packages/airflow/example_dags/example_complex.py
[2022-01-20 03:30:31,677] {processor.py:620} INFO - Processing file /home/airflow/.local/lib/python3.7/site-packages/airflow/example_dags/example_complex.py for tasks to queue
[2022-01-20 03:30:31,680] {logging_mixin.py:109} INFO - [2022-01-20 03:30:31,680] {dagbag.py:500} INFO - Filling up the DagBag from /home/airflow/.local/lib/python3.7/site-packages/airflow/example_dags/example_complex.py
[2022-01-20 03:30:31,802] {processor.py:632} INFO - DAG(s) dict_keys(['example_complex']) retrieved from /home/airflow/.local/lib/python3.7/site-packages/airflow/example_dags/example_complex.py
[2022-01-20 03:30:31,885] {logging_mixin.py:109} INFO - [2022-01-20 03:30:31,884] {dag.py:2389} INFO - Sync 1 DAGs
[2022-01-20 03:30:32,049] {logging_mixin.py:109} INFO - [2022-01-20 03:30:32,048] {dag.py:2914} INFO - Setting next_dagrun for example_complex to None
[2022-01-20 03:30:32,078] {processor.py:171} INFO - Processing /home/airflow/.local/lib/python3.7/site-packages/airflow/example_dags/example_complex.py took 0.411 seconds
[2022-01-20 03:31:02,199] {processor.py:163} INFO - Started process (PID=2432) to work on /home/airflow/.local/lib/python3.7/site-packages/airflow/example_dags/example_complex.py
[2022-01-20 03:31:02,204] {processor.py:620} INFO - Processing file /home/airflow/.local/lib/python3.7/site-packages/airflow/example_dags/example_complex.py for tasks to queue
[2022-01-20 03:31:02,207] {logging_mixin.py:109} INFO - [2022-01-20 03:31:02,206] {dagbag.py:500} INFO - Filling up the DagBag from /home/airflow/.local/lib/python3.7/site-packages/airflow/example_dags/example_complex.py
[2022-01-20 03:31:02,337] {processor.py:632} INFO - DAG(s) dict_keys(['example_complex']) retrieved from /home/airflow/.local/lib/python3.7/site-packages/airflow/example_dags/example_complex.py
[2022-01-20 03:31:02,531] {logging_mixin.py:109} INFO - [2022-01-20 03:31:02,531] {dag.py:2389} INFO - Sync 1 DAGs
[2022-01-20 03:31:02,579] {logging_mixin.py:109} INFO - [2022-01-20 03:31:02,579] {dag.py:2914} INFO - Setting next_dagrun for example_complex to None
[2022-01-20 03:31:02,605] {processor.py:171} INFO - Processing /home/airflow/.local/lib/python3.7/site-packages/airflow/example_dags/example_complex.py took 0.413 seconds
[2022-01-20 03:31:33,058] {processor.py:163} INFO - Started process (PID=2545) to work on /home/airflow/.local/lib/python3.7/site-packages/airflow/example_dags/example_complex.py
[2022-01-20 03:31:33,062] {processor.py:620} INFO - Processing file /home/airflow/.local/lib/python3.7/site-packages/airflow/example_dags/example_complex.py for tasks to queue
[2022-01-20 03:31:33,065] {logging_mixin.py:109} INFO - [2022-01-20 03:31:33,065] {dagbag.py:500} INFO - Filling up the DagBag from /home/airflow/.local/lib/python3.7/site-packages/airflow/example_dags/example_complex.py
[2022-01-20 03:31:33,197] {processor.py:632} INFO - DAG(s) dict_keys(['example_complex']) retrieved from /home/airflow/.local/lib/python3.7/site-packages/airflow/example_dags/example_complex.py
[2022-01-20 03:31:33,394] {logging_mixin.py:109} INFO - [2022-01-20 03:31:33,393] {dag.py:2389} INFO - Sync 1 DAGs
[2022-01-20 03:31:33,446] {logging_mixin.py:109} INFO - [2022-01-20 03:31:33,446] {dag.py:2914} INFO - Setting next_dagrun for example_complex to None
[2022-01-20 03:31:33,474] {processor.py:171} INFO - Processing /home/airflow/.local/lib/python3.7/site-packages/airflow/example_dags/example_complex.py took 0.425 seconds
[2022-01-20 03:32:03,821] {processor.py:163} INFO - Started process (PID=2643) to work on /home/airflow/.local/lib/python3.7/site-packages/airflow/example_dags/example_complex.py
[2022-01-20 03:32:03,826] {processor.py:620} INFO - Processing file /home/airflow/.local/lib/python3.7/site-packages/airflow/example_dags/example_complex.py for tasks to queue
[2022-01-20 03:32:03,829] {logging_mixin.py:109} INFO - [2022-01-20 03:32:03,828] {dagbag.py:500} INFO - Filling up the DagBag from /home/airflow/.local/lib/python3.7/site-packages/airflow/example_dags/example_complex.py
[2022-01-20 03:32:03,970] {processor.py:632} INFO - DAG(s) dict_keys(['example_complex']) retrieved from /home/airflow/.local/lib/python3.7/site-packages/airflow/example_dags/example_complex.py
[2022-01-20 03:32:04,175] {logging_mixin.py:109} INFO - [2022-01-20 03:32:04,175] {dag.py:2389} INFO - Sync 1 DAGs
[2022-01-20 03:32:04,227] {logging_mixin.py:109} INFO - [2022-01-20 03:32:04,227] {dag.py:2914} INFO - Setting next_dagrun for example_complex to None
[2022-01-20 03:32:04,257] {processor.py:171} INFO - Processing /home/airflow/.local/lib/python3.7/site-packages/airflow/example_dags/example_complex.py took 0.443 seconds
[2022-01-20 03:32:34,564] {processor.py:163} INFO - Started process (PID=2756) to work on /home/airflow/.local/lib/python3.7/site-packages/airflow/example_dags/example_complex.py
[2022-01-20 03:32:34,569] {processor.py:620} INFO - Processing file /home/airflow/.local/lib/python3.7/site-packages/airflow/example_dags/example_complex.py for tasks to queue
[2022-01-20 03:32:34,576] {logging_mixin.py:109} INFO - [2022-01-20 03:32:34,576] {dagbag.py:500} INFO - Filling up the DagBag from /home/airflow/.local/lib/python3.7/site-packages/airflow/example_dags/example_complex.py
[2022-01-20 03:32:34,834] {processor.py:632} INFO - DAG(s) dict_keys(['example_complex']) retrieved from /home/airflow/.local/lib/python3.7/site-packages/airflow/example_dags/example_complex.py
[2022-01-20 03:32:34,913] {logging_mixin.py:109} INFO - [2022-01-20 03:32:34,913] {dag.py:2389} INFO - Sync 1 DAGs
[2022-01-20 03:32:34,963] {logging_mixin.py:109} INFO - [2022-01-20 03:32:34,962] {dag.py:2914} INFO - Setting next_dagrun for example_complex to None
[2022-01-20 03:32:34,992] {processor.py:171} INFO - Processing /home/airflow/.local/lib/python3.7/site-packages/airflow/example_dags/example_complex.py took 0.436 seconds
[2022-01-20 03:33:05,081] {processor.py:163} INFO - Started process (PID=2854) to work on /home/airflow/.local/lib/python3.7/site-packages/airflow/example_dags/example_complex.py
[2022-01-20 03:33:05,085] {processor.py:620} INFO - Processing file /home/airflow/.local/lib/python3.7/site-packages/airflow/example_dags/example_complex.py for tasks to queue
[2022-01-20 03:33:05,089] {logging_mixin.py:109} INFO - [2022-01-20 03:33:05,088] {dagbag.py:500} INFO - Filling up the DagBag from /home/airflow/.local/lib/python3.7/site-packages/airflow/example_dags/example_complex.py
[2022-01-20 03:33:05,338] {processor.py:632} INFO - DAG(s) dict_keys(['example_complex']) retrieved from /home/airflow/.local/lib/python3.7/site-packages/airflow/example_dags/example_complex.py
[2022-01-20 03:33:05,416] {logging_mixin.py:109} INFO - [2022-01-20 03:33:05,415] {dag.py:2389} INFO - Sync 1 DAGs
[2022-01-20 03:33:05,466] {logging_mixin.py:109} INFO - [2022-01-20 03:33:05,466] {dag.py:2914} INFO - Setting next_dagrun for example_complex to None
[2022-01-20 03:33:05,499] {processor.py:171} INFO - Processing /home/airflow/.local/lib/python3.7/site-packages/airflow/example_dags/example_complex.py took 0.426 seconds
[2022-01-20 03:33:36,106] {processor.py:163} INFO - Started process (PID=2967) to work on /home/airflow/.local/lib/python3.7/site-packages/airflow/example_dags/example_complex.py
[2022-01-20 03:33:36,111] {processor.py:620} INFO - Processing file /home/airflow/.local/lib/python3.7/site-packages/airflow/example_dags/example_complex.py for tasks to queue
[2022-01-20 03:33:36,115] {logging_mixin.py:109} INFO - [2022-01-20 03:33:36,115] {dagbag.py:500} INFO - Filling up the DagBag from /home/airflow/.local/lib/python3.7/site-packages/airflow/example_dags/example_complex.py
[2022-01-20 03:33:36,371] {processor.py:632} INFO - DAG(s) dict_keys(['example_complex']) retrieved from /home/airflow/.local/lib/python3.7/site-packages/airflow/example_dags/example_complex.py
[2022-01-20 03:33:36,450] {logging_mixin.py:109} INFO - [2022-01-20 03:33:36,450] {dag.py:2389} INFO - Sync 1 DAGs
[2022-01-20 03:33:36,501] {logging_mixin.py:109} INFO - [2022-01-20 03:33:36,501] {dag.py:2914} INFO - Setting next_dagrun for example_complex to None
[2022-01-20 03:33:36,528] {processor.py:171} INFO - Processing /home/airflow/.local/lib/python3.7/site-packages/airflow/example_dags/example_complex.py took 0.429 seconds
[2022-01-20 03:34:07,446] {processor.py:163} INFO - Started process (PID=3064) to work on /home/airflow/.local/lib/python3.7/site-packages/airflow/example_dags/example_complex.py
[2022-01-20 03:34:07,451] {processor.py:620} INFO - Processing file /home/airflow/.local/lib/python3.7/site-packages/airflow/example_dags/example_complex.py for tasks to queue
[2022-01-20 03:34:07,454] {logging_mixin.py:109} INFO - [2022-01-20 03:34:07,454] {dagbag.py:500} INFO - Filling up the DagBag from /home/airflow/.local/lib/python3.7/site-packages/airflow/example_dags/example_complex.py
[2022-01-20 03:34:07,699] {processor.py:632} INFO - DAG(s) dict_keys(['example_complex']) retrieved from /home/airflow/.local/lib/python3.7/site-packages/airflow/example_dags/example_complex.py
[2022-01-20 03:34:07,773] {logging_mixin.py:109} INFO - [2022-01-20 03:34:07,773] {dag.py:2389} INFO - Sync 1 DAGs
[2022-01-20 03:34:07,821] {logging_mixin.py:109} INFO - [2022-01-20 03:34:07,821] {dag.py:2914} INFO - Setting next_dagrun for example_complex to None
[2022-01-20 03:34:07,849] {processor.py:171} INFO - Processing /home/airflow/.local/lib/python3.7/site-packages/airflow/example_dags/example_complex.py took 0.410 seconds
[2022-01-20 03:34:39,601] {processor.py:163} INFO - Started process (PID=3176) to work on /home/airflow/.local/lib/python3.7/site-packages/airflow/example_dags/example_complex.py
[2022-01-20 03:34:39,607] {processor.py:620} INFO - Processing file /home/airflow/.local/lib/python3.7/site-packages/airflow/example_dags/example_complex.py for tasks to queue
[2022-01-20 03:34:39,612] {logging_mixin.py:109} INFO - [2022-01-20 03:34:39,612] {dagbag.py:500} INFO - Filling up the DagBag from /home/airflow/.local/lib/python3.7/site-packages/airflow/example_dags/example_complex.py
[2022-01-20 03:34:39,878] {processor.py:632} INFO - DAG(s) dict_keys(['example_complex']) retrieved from /home/airflow/.local/lib/python3.7/site-packages/airflow/example_dags/example_complex.py
[2022-01-20 03:34:39,963] {logging_mixin.py:109} INFO - [2022-01-20 03:34:39,963] {dag.py:2389} INFO - Sync 1 DAGs
[2022-01-20 03:34:40,021] {logging_mixin.py:109} INFO - [2022-01-20 03:34:40,020] {dag.py:2914} INFO - Setting next_dagrun for example_complex to None
[2022-01-20 03:34:40,054] {processor.py:171} INFO - Processing /home/airflow/.local/lib/python3.7/site-packages/airflow/example_dags/example_complex.py took 0.463 seconds
[2022-01-20 03:35:10,668] {processor.py:163} INFO - Started process (PID=3273) to work on /home/airflow/.local/lib/python3.7/site-packages/airflow/example_dags/example_complex.py
[2022-01-20 03:35:10,673] {processor.py:620} INFO - Processing file /home/airflow/.local/lib/python3.7/site-packages/airflow/example_dags/example_complex.py for tasks to queue
[2022-01-20 03:35:10,677] {logging_mixin.py:109} INFO - [2022-01-20 03:35:10,676] {dagbag.py:500} INFO - Filling up the DagBag from /home/airflow/.local/lib/python3.7/site-packages/airflow/example_dags/example_complex.py
[2022-01-20 03:35:10,940] {processor.py:632} INFO - DAG(s) dict_keys(['example_complex']) retrieved from /home/airflow/.local/lib/python3.7/site-packages/airflow/example_dags/example_complex.py
[2022-01-20 03:35:11,110] {logging_mixin.py:109} INFO - [2022-01-20 03:35:11,109] {dag.py:2389} INFO - Sync 1 DAGs
[2022-01-20 03:35:11,164] {logging_mixin.py:109} INFO - [2022-01-20 03:35:11,164] {dag.py:2914} INFO - Setting next_dagrun for example_complex to None
[2022-01-20 03:35:11,208] {processor.py:171} INFO - Processing /home/airflow/.local/lib/python3.7/site-packages/airflow/example_dags/example_complex.py took 0.549 seconds
[2022-01-20 03:35:41,314] {processor.py:163} INFO - Started process (PID=3372) to work on /home/airflow/.local/lib/python3.7/site-packages/airflow/example_dags/example_complex.py
[2022-01-20 03:35:41,319] {processor.py:620} INFO - Processing file /home/airflow/.local/lib/python3.7/site-packages/airflow/example_dags/example_complex.py for tasks to queue
[2022-01-20 03:35:41,322] {logging_mixin.py:109} INFO - [2022-01-20 03:35:41,322] {dagbag.py:500} INFO - Filling up the DagBag from /home/airflow/.local/lib/python3.7/site-packages/airflow/example_dags/example_complex.py
[2022-01-20 03:35:41,460] {processor.py:632} INFO - DAG(s) dict_keys(['example_complex']) retrieved from /home/airflow/.local/lib/python3.7/site-packages/airflow/example_dags/example_complex.py
[2022-01-20 03:35:41,541] {logging_mixin.py:109} INFO - [2022-01-20 03:35:41,541] {dag.py:2389} INFO - Sync 1 DAGs
[2022-01-20 03:35:41,595] {logging_mixin.py:109} INFO - [2022-01-20 03:35:41,595] {dag.py:2914} INFO - Setting next_dagrun for example_complex to None
[2022-01-20 03:35:41,625] {processor.py:171} INFO - Processing /home/airflow/.local/lib/python3.7/site-packages/airflow/example_dags/example_complex.py took 0.320 seconds
[2022-01-20 03:36:12,163] {processor.py:163} INFO - Started process (PID=3478) to work on /home/airflow/.local/lib/python3.7/site-packages/airflow/example_dags/example_complex.py
[2022-01-20 03:36:12,167] {processor.py:620} INFO - Processing file /home/airflow/.local/lib/python3.7/site-packages/airflow/example_dags/example_complex.py for tasks to queue
[2022-01-20 03:36:12,171] {logging_mixin.py:109} INFO - [2022-01-20 03:36:12,170] {dagbag.py:500} INFO - Filling up the DagBag from /home/airflow/.local/lib/python3.7/site-packages/airflow/example_dags/example_complex.py
[2022-01-20 03:36:12,297] {processor.py:632} INFO - DAG(s) dict_keys(['example_complex']) retrieved from /home/airflow/.local/lib/python3.7/site-packages/airflow/example_dags/example_complex.py
[2022-01-20 03:36:12,382] {logging_mixin.py:109} INFO - [2022-01-20 03:36:12,381] {dag.py:2389} INFO - Sync 1 DAGs
[2022-01-20 03:36:12,436] {logging_mixin.py:109} INFO - [2022-01-20 03:36:12,436] {dag.py:2914} INFO - Setting next_dagrun for example_complex to None
[2022-01-20 03:36:12,466] {processor.py:171} INFO - Processing /home/airflow/.local/lib/python3.7/site-packages/airflow/example_dags/example_complex.py took 0.310 seconds
[2022-01-20 03:36:42,848] {processor.py:163} INFO - Started process (PID=3579) to work on /home/airflow/.local/lib/python3.7/site-packages/airflow/example_dags/example_complex.py
[2022-01-20 03:36:42,852] {processor.py:620} INFO - Processing file /home/airflow/.local/lib/python3.7/site-packages/airflow/example_dags/example_complex.py for tasks to queue
[2022-01-20 03:36:42,855] {logging_mixin.py:109} INFO - [2022-01-20 03:36:42,855] {dagbag.py:500} INFO - Filling up the DagBag from /home/airflow/.local/lib/python3.7/site-packages/airflow/example_dags/example_complex.py
[2022-01-20 03:36:42,981] {processor.py:632} INFO - DAG(s) dict_keys(['example_complex']) retrieved from /home/airflow/.local/lib/python3.7/site-packages/airflow/example_dags/example_complex.py
[2022-01-20 03:36:43,060] {logging_mixin.py:109} INFO - [2022-01-20 03:36:43,060] {dag.py:2389} INFO - Sync 1 DAGs
[2022-01-20 03:36:43,118] {logging_mixin.py:109} INFO - [2022-01-20 03:36:43,117] {dag.py:2914} INFO - Setting next_dagrun for example_complex to None
[2022-01-20 03:36:43,154] {processor.py:171} INFO - Processing /home/airflow/.local/lib/python3.7/site-packages/airflow/example_dags/example_complex.py took 0.313 seconds
[2022-01-20 03:37:13,355] {processor.py:163} INFO - Started process (PID=3691) to work on /home/airflow/.local/lib/python3.7/site-packages/airflow/example_dags/example_complex.py
[2022-01-20 03:37:13,360] {processor.py:620} INFO - Processing file /home/airflow/.local/lib/python3.7/site-packages/airflow/example_dags/example_complex.py for tasks to queue
[2022-01-20 03:37:13,363] {logging_mixin.py:109} INFO - [2022-01-20 03:37:13,363] {dagbag.py:500} INFO - Filling up the DagBag from /home/airflow/.local/lib/python3.7/site-packages/airflow/example_dags/example_complex.py
[2022-01-20 03:37:13,501] {processor.py:632} INFO - DAG(s) dict_keys(['example_complex']) retrieved from /home/airflow/.local/lib/python3.7/site-packages/airflow/example_dags/example_complex.py
[2022-01-20 03:37:13,631] {logging_mixin.py:109} INFO - [2022-01-20 03:37:13,630] {dag.py:2389} INFO - Sync 1 DAGs
[2022-01-20 03:37:13,683] {logging_mixin.py:109} INFO - [2022-01-20 03:37:13,682] {dag.py:2914} INFO - Setting next_dagrun for example_complex to None
[2022-01-20 03:37:13,721] {processor.py:171} INFO - Processing /home/airflow/.local/lib/python3.7/site-packages/airflow/example_dags/example_complex.py took 0.374 seconds
[2022-01-20 03:37:44,005] {processor.py:163} INFO - Started process (PID=3785) to work on /home/airflow/.local/lib/python3.7/site-packages/airflow/example_dags/example_complex.py
[2022-01-20 03:37:44,009] {processor.py:620} INFO - Processing file /home/airflow/.local/lib/python3.7/site-packages/airflow/example_dags/example_complex.py for tasks to queue
[2022-01-20 03:37:44,011] {logging_mixin.py:109} INFO - [2022-01-20 03:37:44,011] {dagbag.py:500} INFO - Filling up the DagBag from /home/airflow/.local/lib/python3.7/site-packages/airflow/example_dags/example_complex.py
[2022-01-20 03:37:44,134] {processor.py:632} INFO - DAG(s) dict_keys(['example_complex']) retrieved from /home/airflow/.local/lib/python3.7/site-packages/airflow/example_dags/example_complex.py
[2022-01-20 03:37:44,212] {logging_mixin.py:109} INFO - [2022-01-20 03:37:44,211] {dag.py:2389} INFO - Sync 1 DAGs
[2022-01-20 03:37:44,264] {logging_mixin.py:109} INFO - [2022-01-20 03:37:44,264] {dag.py:2914} INFO - Setting next_dagrun for example_complex to None
[2022-01-20 03:37:44,294] {processor.py:171} INFO - Processing /home/airflow/.local/lib/python3.7/site-packages/airflow/example_dags/example_complex.py took 0.296 seconds
[2022-01-20 03:38:14,492] {processor.py:163} INFO - Started process (PID=3903) to work on /home/airflow/.local/lib/python3.7/site-packages/airflow/example_dags/example_complex.py
[2022-01-20 03:38:14,498] {processor.py:620} INFO - Processing file /home/airflow/.local/lib/python3.7/site-packages/airflow/example_dags/example_complex.py for tasks to queue
[2022-01-20 03:38:14,501] {logging_mixin.py:109} INFO - [2022-01-20 03:38:14,501] {dagbag.py:500} INFO - Filling up the DagBag from /home/airflow/.local/lib/python3.7/site-packages/airflow/example_dags/example_complex.py
[2022-01-20 03:38:14,640] {processor.py:632} INFO - DAG(s) dict_keys(['example_complex']) retrieved from /home/airflow/.local/lib/python3.7/site-packages/airflow/example_dags/example_complex.py
[2022-01-20 03:38:14,735] {logging_mixin.py:109} INFO - [2022-01-20 03:38:14,735] {dag.py:2389} INFO - Sync 1 DAGs
[2022-01-20 03:38:14,793] {logging_mixin.py:109} INFO - [2022-01-20 03:38:14,793] {dag.py:2914} INFO - Setting next_dagrun for example_complex to None
[2022-01-20 03:38:14,827] {processor.py:171} INFO - Processing /home/airflow/.local/lib/python3.7/site-packages/airflow/example_dags/example_complex.py took 0.345 seconds
[2022-01-20 03:38:44,938] {processor.py:163} INFO - Started process (PID=4000) to work on /home/airflow/.local/lib/python3.7/site-packages/airflow/example_dags/example_complex.py
[2022-01-20 03:38:44,942] {processor.py:620} INFO - Processing file /home/airflow/.local/lib/python3.7/site-packages/airflow/example_dags/example_complex.py for tasks to queue
[2022-01-20 03:38:44,945] {logging_mixin.py:109} INFO - [2022-01-20 03:38:44,944] {dagbag.py:500} INFO - Filling up the DagBag from /home/airflow/.local/lib/python3.7/site-packages/airflow/example_dags/example_complex.py
[2022-01-20 03:38:45,065] {processor.py:632} INFO - DAG(s) dict_keys(['example_complex']) retrieved from /home/airflow/.local/lib/python3.7/site-packages/airflow/example_dags/example_complex.py
[2022-01-20 03:38:45,137] {logging_mixin.py:109} INFO - [2022-01-20 03:38:45,136] {dag.py:2389} INFO - Sync 1 DAGs
[2022-01-20 03:38:45,183] {logging_mixin.py:109} INFO - [2022-01-20 03:38:45,183] {dag.py:2914} INFO - Setting next_dagrun for example_complex to None
[2022-01-20 03:38:45,208] {processor.py:171} INFO - Processing /home/airflow/.local/lib/python3.7/site-packages/airflow/example_dags/example_complex.py took 0.277 seconds
[2022-01-20 03:39:15,789] {processor.py:163} INFO - Started process (PID=4115) to work on /home/airflow/.local/lib/python3.7/site-packages/airflow/example_dags/example_complex.py
[2022-01-20 03:39:15,794] {processor.py:620} INFO - Processing file /home/airflow/.local/lib/python3.7/site-packages/airflow/example_dags/example_complex.py for tasks to queue
[2022-01-20 03:39:15,799] {logging_mixin.py:109} INFO - [2022-01-20 03:39:15,798] {dagbag.py:500} INFO - Filling up the DagBag from /home/airflow/.local/lib/python3.7/site-packages/airflow/example_dags/example_complex.py
[2022-01-20 03:39:15,932] {processor.py:632} INFO - DAG(s) dict_keys(['example_complex']) retrieved from /home/airflow/.local/lib/python3.7/site-packages/airflow/example_dags/example_complex.py
[2022-01-20 03:39:16,011] {logging_mixin.py:109} INFO - [2022-01-20 03:39:16,011] {dag.py:2389} INFO - Sync 1 DAGs
[2022-01-20 03:39:16,064] {logging_mixin.py:109} INFO - [2022-01-20 03:39:16,064] {dag.py:2914} INFO - Setting next_dagrun for example_complex to None
[2022-01-20 03:39:16,093] {processor.py:171} INFO - Processing /home/airflow/.local/lib/python3.7/site-packages/airflow/example_dags/example_complex.py took 0.311 seconds
[2022-01-20 03:39:46,286] {processor.py:163} INFO - Started process (PID=4210) to work on /home/airflow/.local/lib/python3.7/site-packages/airflow/example_dags/example_complex.py
[2022-01-20 03:39:46,290] {processor.py:620} INFO - Processing file /home/airflow/.local/lib/python3.7/site-packages/airflow/example_dags/example_complex.py for tasks to queue
[2022-01-20 03:39:46,292] {logging_mixin.py:109} INFO - [2022-01-20 03:39:46,292] {dagbag.py:500} INFO - Filling up the DagBag from /home/airflow/.local/lib/python3.7/site-packages/airflow/example_dags/example_complex.py
[2022-01-20 03:39:46,414] {processor.py:632} INFO - DAG(s) dict_keys(['example_complex']) retrieved from /home/airflow/.local/lib/python3.7/site-packages/airflow/example_dags/example_complex.py
[2022-01-20 03:39:46,490] {logging_mixin.py:109} INFO - [2022-01-20 03:39:46,490] {dag.py:2389} INFO - Sync 1 DAGs
[2022-01-20 03:39:46,545] {logging_mixin.py:109} INFO - [2022-01-20 03:39:46,545] {dag.py:2914} INFO - Setting next_dagrun for example_complex to None
[2022-01-20 03:39:46,573] {processor.py:171} INFO - Processing /home/airflow/.local/lib/python3.7/site-packages/airflow/example_dags/example_complex.py took 0.294 seconds
[2022-01-20 03:40:17,014] {processor.py:163} INFO - Started process (PID=4324) to work on /home/airflow/.local/lib/python3.7/site-packages/airflow/example_dags/example_complex.py
[2022-01-20 03:40:17,019] {processor.py:620} INFO - Processing file /home/airflow/.local/lib/python3.7/site-packages/airflow/example_dags/example_complex.py for tasks to queue
[2022-01-20 03:40:17,024] {logging_mixin.py:109} INFO - [2022-01-20 03:40:17,023] {dagbag.py:500} INFO - Filling up the DagBag from /home/airflow/.local/lib/python3.7/site-packages/airflow/example_dags/example_complex.py
[2022-01-20 03:40:17,165] {processor.py:632} INFO - DAG(s) dict_keys(['example_complex']) retrieved from /home/airflow/.local/lib/python3.7/site-packages/airflow/example_dags/example_complex.py
[2022-01-20 03:40:17,271] {logging_mixin.py:109} INFO - [2022-01-20 03:40:17,270] {dag.py:2389} INFO - Sync 1 DAGs
[2022-01-20 03:40:17,323] {logging_mixin.py:109} INFO - [2022-01-20 03:40:17,322] {dag.py:2914} INFO - Setting next_dagrun for example_complex to None
[2022-01-20 03:40:17,358] {processor.py:171} INFO - Processing /home/airflow/.local/lib/python3.7/site-packages/airflow/example_dags/example_complex.py took 0.355 seconds
[2022-01-20 03:40:47,761] {processor.py:163} INFO - Started process (PID=4421) to work on /home/airflow/.local/lib/python3.7/site-packages/airflow/example_dags/example_complex.py
[2022-01-20 03:40:47,764] {processor.py:620} INFO - Processing file /home/airflow/.local/lib/python3.7/site-packages/airflow/example_dags/example_complex.py for tasks to queue
[2022-01-20 03:40:47,766] {logging_mixin.py:109} INFO - [2022-01-20 03:40:47,766] {dagbag.py:500} INFO - Filling up the DagBag from /home/airflow/.local/lib/python3.7/site-packages/airflow/example_dags/example_complex.py
[2022-01-20 03:40:47,860] {processor.py:632} INFO - DAG(s) dict_keys(['example_complex']) retrieved from /home/airflow/.local/lib/python3.7/site-packages/airflow/example_dags/example_complex.py
[2022-01-20 03:40:47,942] {logging_mixin.py:109} INFO - [2022-01-20 03:40:47,941] {dag.py:2389} INFO - Sync 1 DAGs
[2022-01-20 03:40:47,983] {logging_mixin.py:109} INFO - [2022-01-20 03:40:47,983] {dag.py:2914} INFO - Setting next_dagrun for example_complex to None
[2022-01-20 03:40:48,005] {processor.py:171} INFO - Processing /home/airflow/.local/lib/python3.7/site-packages/airflow/example_dags/example_complex.py took 0.251 seconds
[2022-01-20 03:41:18,899] {processor.py:163} INFO - Started process (PID=4536) to work on /home/airflow/.local/lib/python3.7/site-packages/airflow/example_dags/example_complex.py
[2022-01-20 03:41:18,907] {processor.py:620} INFO - Processing file /home/airflow/.local/lib/python3.7/site-packages/airflow/example_dags/example_complex.py for tasks to queue
[2022-01-20 03:41:18,911] {logging_mixin.py:109} INFO - [2022-01-20 03:41:18,910] {dagbag.py:500} INFO - Filling up the DagBag from /home/airflow/.local/lib/python3.7/site-packages/airflow/example_dags/example_complex.py
[2022-01-20 03:41:19,056] {processor.py:632} INFO - DAG(s) dict_keys(['example_complex']) retrieved from /home/airflow/.local/lib/python3.7/site-packages/airflow/example_dags/example_complex.py
[2022-01-20 03:41:19,140] {logging_mixin.py:109} INFO - [2022-01-20 03:41:19,139] {dag.py:2389} INFO - Sync 1 DAGs
[2022-01-20 03:41:19,196] {logging_mixin.py:109} INFO - [2022-01-20 03:41:19,196] {dag.py:2914} INFO - Setting next_dagrun for example_complex to None
[2022-01-20 03:41:19,238] {processor.py:171} INFO - Processing /home/airflow/.local/lib/python3.7/site-packages/airflow/example_dags/example_complex.py took 0.347 seconds
[2022-01-20 03:41:49,967] {processor.py:163} INFO - Started process (PID=4632) to work on /home/airflow/.local/lib/python3.7/site-packages/airflow/example_dags/example_complex.py
[2022-01-20 03:41:49,971] {processor.py:620} INFO - Processing file /home/airflow/.local/lib/python3.7/site-packages/airflow/example_dags/example_complex.py for tasks to queue
[2022-01-20 03:41:49,974] {logging_mixin.py:109} INFO - [2022-01-20 03:41:49,973] {dagbag.py:500} INFO - Filling up the DagBag from /home/airflow/.local/lib/python3.7/site-packages/airflow/example_dags/example_complex.py
[2022-01-20 03:41:50,084] {processor.py:632} INFO - DAG(s) dict_keys(['example_complex']) retrieved from /home/airflow/.local/lib/python3.7/site-packages/airflow/example_dags/example_complex.py
[2022-01-20 03:41:50,156] {logging_mixin.py:109} INFO - [2022-01-20 03:41:50,155] {dag.py:2389} INFO - Sync 1 DAGs
[2022-01-20 03:41:50,197] {logging_mixin.py:109} INFO - [2022-01-20 03:41:50,197] {dag.py:2914} INFO - Setting next_dagrun for example_complex to None
[2022-01-20 03:41:50,221] {processor.py:171} INFO - Processing /home/airflow/.local/lib/python3.7/site-packages/airflow/example_dags/example_complex.py took 0.262 seconds
[2022-01-20 03:42:23,346] {processor.py:163} INFO - Started process (PID=4744) to work on /home/airflow/.local/lib/python3.7/site-packages/airflow/example_dags/example_complex.py
[2022-01-20 03:42:23,351] {processor.py:620} INFO - Processing file /home/airflow/.local/lib/python3.7/site-packages/airflow/example_dags/example_complex.py for tasks to queue
[2022-01-20 03:42:23,353] {logging_mixin.py:109} INFO - [2022-01-20 03:42:23,353] {dagbag.py:500} INFO - Filling up the DagBag from /home/airflow/.local/lib/python3.7/site-packages/airflow/example_dags/example_complex.py
[2022-01-20 03:42:23,481] {processor.py:632} INFO - DAG(s) dict_keys(['example_complex']) retrieved from /home/airflow/.local/lib/python3.7/site-packages/airflow/example_dags/example_complex.py
[2022-01-20 03:42:23,563] {logging_mixin.py:109} INFO - [2022-01-20 03:42:23,563] {dag.py:2389} INFO - Sync 1 DAGs
[2022-01-20 03:42:23,616] {logging_mixin.py:109} INFO - [2022-01-20 03:42:23,615] {dag.py:2914} INFO - Setting next_dagrun for example_complex to None
[2022-01-20 03:42:23,643] {processor.py:171} INFO - Processing /home/airflow/.local/lib/python3.7/site-packages/airflow/example_dags/example_complex.py took 0.304 seconds
[2022-01-20 03:42:56,431] {processor.py:163} INFO - Started process (PID=4859) to work on /home/airflow/.local/lib/python3.7/site-packages/airflow/example_dags/example_complex.py
[2022-01-20 03:42:56,445] {processor.py:620} INFO - Processing file /home/airflow/.local/lib/python3.7/site-packages/airflow/example_dags/example_complex.py for tasks to queue
[2022-01-20 03:42:56,456] {logging_mixin.py:109} INFO - [2022-01-20 03:42:56,456] {dagbag.py:500} INFO - Filling up the DagBag from /home/airflow/.local/lib/python3.7/site-packages/airflow/example_dags/example_complex.py
[2022-01-20 03:42:56,597] {processor.py:632} INFO - DAG(s) dict_keys(['example_complex']) retrieved from /home/airflow/.local/lib/python3.7/site-packages/airflow/example_dags/example_complex.py
[2022-01-20 03:42:56,687] {logging_mixin.py:109} INFO - [2022-01-20 03:42:56,684] {dag.py:2389} INFO - Sync 1 DAGs
[2022-01-20 03:42:56,801] {logging_mixin.py:109} INFO - [2022-01-20 03:42:56,801] {dag.py:2914} INFO - Setting next_dagrun for example_complex to None
[2022-01-20 03:42:56,833] {processor.py:171} INFO - Processing /home/airflow/.local/lib/python3.7/site-packages/airflow/example_dags/example_complex.py took 0.410 seconds
[2022-01-20 03:43:27,599] {processor.py:163} INFO - Started process (PID=4953) to work on /home/airflow/.local/lib/python3.7/site-packages/airflow/example_dags/example_complex.py
[2022-01-20 03:43:27,604] {processor.py:620} INFO - Processing file /home/airflow/.local/lib/python3.7/site-packages/airflow/example_dags/example_complex.py for tasks to queue
[2022-01-20 03:43:27,607] {logging_mixin.py:109} INFO - [2022-01-20 03:43:27,607] {dagbag.py:500} INFO - Filling up the DagBag from /home/airflow/.local/lib/python3.7/site-packages/airflow/example_dags/example_complex.py
[2022-01-20 03:43:27,723] {processor.py:632} INFO - DAG(s) dict_keys(['example_complex']) retrieved from /home/airflow/.local/lib/python3.7/site-packages/airflow/example_dags/example_complex.py
[2022-01-20 03:43:27,800] {logging_mixin.py:109} INFO - [2022-01-20 03:43:27,800] {dag.py:2389} INFO - Sync 1 DAGs
[2022-01-20 03:43:27,850] {logging_mixin.py:109} INFO - [2022-01-20 03:43:27,849] {dag.py:2914} INFO - Setting next_dagrun for example_complex to None
[2022-01-20 03:43:27,877] {processor.py:171} INFO - Processing /home/airflow/.local/lib/python3.7/site-packages/airflow/example_dags/example_complex.py took 0.285 seconds
[2022-01-20 03:43:58,102] {processor.py:163} INFO - Started process (PID=5071) to work on /home/airflow/.local/lib/python3.7/site-packages/airflow/example_dags/example_complex.py
[2022-01-20 03:43:58,115] {processor.py:620} INFO - Processing file /home/airflow/.local/lib/python3.7/site-packages/airflow/example_dags/example_complex.py for tasks to queue
[2022-01-20 03:43:58,121] {logging_mixin.py:109} INFO - [2022-01-20 03:43:58,121] {dagbag.py:500} INFO - Filling up the DagBag from /home/airflow/.local/lib/python3.7/site-packages/airflow/example_dags/example_complex.py
[2022-01-20 03:43:58,319] {processor.py:632} INFO - DAG(s) dict_keys(['example_complex']) retrieved from /home/airflow/.local/lib/python3.7/site-packages/airflow/example_dags/example_complex.py
[2022-01-20 03:43:58,400] {logging_mixin.py:109} INFO - [2022-01-20 03:43:58,400] {dag.py:2389} INFO - Sync 1 DAGs
[2022-01-20 03:43:58,456] {logging_mixin.py:109} INFO - [2022-01-20 03:43:58,455] {dag.py:2914} INFO - Setting next_dagrun for example_complex to None
[2022-01-20 03:43:58,498] {processor.py:171} INFO - Processing /home/airflow/.local/lib/python3.7/site-packages/airflow/example_dags/example_complex.py took 0.408 seconds
[2022-01-20 03:44:29,014] {processor.py:163} INFO - Started process (PID=5162) to work on /home/airflow/.local/lib/python3.7/site-packages/airflow/example_dags/example_complex.py
[2022-01-20 03:44:29,021] {processor.py:620} INFO - Processing file /home/airflow/.local/lib/python3.7/site-packages/airflow/example_dags/example_complex.py for tasks to queue
[2022-01-20 03:44:29,025] {logging_mixin.py:109} INFO - [2022-01-20 03:44:29,024] {dagbag.py:500} INFO - Filling up the DagBag from /home/airflow/.local/lib/python3.7/site-packages/airflow/example_dags/example_complex.py
[2022-01-20 03:44:29,155] {processor.py:632} INFO - DAG(s) dict_keys(['example_complex']) retrieved from /home/airflow/.local/lib/python3.7/site-packages/airflow/example_dags/example_complex.py
[2022-01-20 03:44:29,234] {logging_mixin.py:109} INFO - [2022-01-20 03:44:29,233] {dag.py:2389} INFO - Sync 1 DAGs
[2022-01-20 03:44:29,278] {logging_mixin.py:109} INFO - [2022-01-20 03:44:29,277] {dag.py:2914} INFO - Setting next_dagrun for example_complex to None
[2022-01-20 03:44:29,300] {processor.py:171} INFO - Processing /home/airflow/.local/lib/python3.7/site-packages/airflow/example_dags/example_complex.py took 0.302 seconds
[2022-01-20 03:44:59,609] {processor.py:163} INFO - Started process (PID=5274) to work on /home/airflow/.local/lib/python3.7/site-packages/airflow/example_dags/example_complex.py
[2022-01-20 03:44:59,613] {processor.py:620} INFO - Processing file /home/airflow/.local/lib/python3.7/site-packages/airflow/example_dags/example_complex.py for tasks to queue
[2022-01-20 03:44:59,617] {logging_mixin.py:109} INFO - [2022-01-20 03:44:59,616] {dagbag.py:500} INFO - Filling up the DagBag from /home/airflow/.local/lib/python3.7/site-packages/airflow/example_dags/example_complex.py
[2022-01-20 03:44:59,790] {processor.py:632} INFO - DAG(s) dict_keys(['example_complex']) retrieved from /home/airflow/.local/lib/python3.7/site-packages/airflow/example_dags/example_complex.py
[2022-01-20 03:44:59,890] {logging_mixin.py:109} INFO - [2022-01-20 03:44:59,889] {dag.py:2389} INFO - Sync 1 DAGs
[2022-01-20 03:44:59,949] {logging_mixin.py:109} INFO - [2022-01-20 03:44:59,948] {dag.py:2914} INFO - Setting next_dagrun for example_complex to None
[2022-01-20 03:45:00,003] {processor.py:171} INFO - Processing /home/airflow/.local/lib/python3.7/site-packages/airflow/example_dags/example_complex.py took 0.402 seconds
[2022-01-20 03:45:30,075] {processor.py:163} INFO - Started process (PID=5367) to work on /home/airflow/.local/lib/python3.7/site-packages/airflow/example_dags/example_complex.py
[2022-01-20 03:45:30,079] {processor.py:620} INFO - Processing file /home/airflow/.local/lib/python3.7/site-packages/airflow/example_dags/example_complex.py for tasks to queue
[2022-01-20 03:45:30,081] {logging_mixin.py:109} INFO - [2022-01-20 03:45:30,081] {dagbag.py:500} INFO - Filling up the DagBag from /home/airflow/.local/lib/python3.7/site-packages/airflow/example_dags/example_complex.py
[2022-01-20 03:45:30,203] {processor.py:632} INFO - DAG(s) dict_keys(['example_complex']) retrieved from /home/airflow/.local/lib/python3.7/site-packages/airflow/example_dags/example_complex.py
[2022-01-20 03:45:30,274] {logging_mixin.py:109} INFO - [2022-01-20 03:45:30,274] {dag.py:2389} INFO - Sync 1 DAGs
[2022-01-20 03:45:30,321] {logging_mixin.py:109} INFO - [2022-01-20 03:45:30,320] {dag.py:2914} INFO - Setting next_dagrun for example_complex to None
[2022-01-20 03:45:30,345] {processor.py:171} INFO - Processing /home/airflow/.local/lib/python3.7/site-packages/airflow/example_dags/example_complex.py took 0.276 seconds
[2022-01-20 03:46:00,524] {processor.py:163} INFO - Started process (PID=5480) to work on /home/airflow/.local/lib/python3.7/site-packages/airflow/example_dags/example_complex.py
[2022-01-20 03:46:00,530] {processor.py:620} INFO - Processing file /home/airflow/.local/lib/python3.7/site-packages/airflow/example_dags/example_complex.py for tasks to queue
[2022-01-20 03:46:00,533] {logging_mixin.py:109} INFO - [2022-01-20 03:46:00,533] {dagbag.py:500} INFO - Filling up the DagBag from /home/airflow/.local/lib/python3.7/site-packages/airflow/example_dags/example_complex.py
[2022-01-20 03:46:00,679] {processor.py:632} INFO - DAG(s) dict_keys(['example_complex']) retrieved from /home/airflow/.local/lib/python3.7/site-packages/airflow/example_dags/example_complex.py
[2022-01-20 03:46:00,784] {logging_mixin.py:109} INFO - [2022-01-20 03:46:00,783] {dag.py:2389} INFO - Sync 1 DAGs
[2022-01-20 03:46:00,839] {logging_mixin.py:109} INFO - [2022-01-20 03:46:00,839] {dag.py:2914} INFO - Setting next_dagrun for example_complex to None
[2022-01-20 03:46:00,869] {processor.py:171} INFO - Processing /home/airflow/.local/lib/python3.7/site-packages/airflow/example_dags/example_complex.py took 0.352 seconds
[2022-01-20 03:46:31,117] {processor.py:163} INFO - Started process (PID=5590) to work on /home/airflow/.local/lib/python3.7/site-packages/airflow/example_dags/example_complex.py
[2022-01-20 03:46:31,121] {processor.py:620} INFO - Processing file /home/airflow/.local/lib/python3.7/site-packages/airflow/example_dags/example_complex.py for tasks to queue
[2022-01-20 03:46:31,125] {logging_mixin.py:109} INFO - [2022-01-20 03:46:31,124] {dagbag.py:500} INFO - Filling up the DagBag from /home/airflow/.local/lib/python3.7/site-packages/airflow/example_dags/example_complex.py
[2022-01-20 03:46:31,269] {processor.py:632} INFO - DAG(s) dict_keys(['example_complex']) retrieved from /home/airflow/.local/lib/python3.7/site-packages/airflow/example_dags/example_complex.py
[2022-01-20 03:46:31,355] {logging_mixin.py:109} INFO - [2022-01-20 03:46:31,355] {dag.py:2389} INFO - Sync 1 DAGs
[2022-01-20 03:46:31,414] {logging_mixin.py:109} INFO - [2022-01-20 03:46:31,414] {dag.py:2914} INFO - Setting next_dagrun for example_complex to None
[2022-01-20 03:46:31,444] {processor.py:171} INFO - Processing /home/airflow/.local/lib/python3.7/site-packages/airflow/example_dags/example_complex.py took 0.336 seconds
[2022-01-20 03:47:02,194] {processor.py:163} INFO - Started process (PID=5696) to work on /home/airflow/.local/lib/python3.7/site-packages/airflow/example_dags/example_complex.py
[2022-01-20 03:47:02,199] {processor.py:620} INFO - Processing file /home/airflow/.local/lib/python3.7/site-packages/airflow/example_dags/example_complex.py for tasks to queue
[2022-01-20 03:47:02,202] {logging_mixin.py:109} INFO - [2022-01-20 03:47:02,202] {dagbag.py:500} INFO - Filling up the DagBag from /home/airflow/.local/lib/python3.7/site-packages/airflow/example_dags/example_complex.py
[2022-01-20 03:47:02,324] {processor.py:632} INFO - DAG(s) dict_keys(['example_complex']) retrieved from /home/airflow/.local/lib/python3.7/site-packages/airflow/example_dags/example_complex.py
[2022-01-20 03:47:02,403] {logging_mixin.py:109} INFO - [2022-01-20 03:47:02,403] {dag.py:2389} INFO - Sync 1 DAGs
[2022-01-20 03:47:02,457] {logging_mixin.py:109} INFO - [2022-01-20 03:47:02,456] {dag.py:2914} INFO - Setting next_dagrun for example_complex to None
[2022-01-20 03:47:02,489] {processor.py:171} INFO - Processing /home/airflow/.local/lib/python3.7/site-packages/airflow/example_dags/example_complex.py took 0.303 seconds
[2022-01-20 03:47:32,734] {processor.py:163} INFO - Started process (PID=5810) to work on /home/airflow/.local/lib/python3.7/site-packages/airflow/example_dags/example_complex.py
[2022-01-20 03:47:32,739] {processor.py:620} INFO - Processing file /home/airflow/.local/lib/python3.7/site-packages/airflow/example_dags/example_complex.py for tasks to queue
[2022-01-20 03:47:32,742] {logging_mixin.py:109} INFO - [2022-01-20 03:47:32,742] {dagbag.py:500} INFO - Filling up the DagBag from /home/airflow/.local/lib/python3.7/site-packages/airflow/example_dags/example_complex.py
[2022-01-20 03:47:32,887] {processor.py:632} INFO - DAG(s) dict_keys(['example_complex']) retrieved from /home/airflow/.local/lib/python3.7/site-packages/airflow/example_dags/example_complex.py
[2022-01-20 03:47:32,971] {logging_mixin.py:109} INFO - [2022-01-20 03:47:32,971] {dag.py:2389} INFO - Sync 1 DAGs
[2022-01-20 03:47:33,033] {logging_mixin.py:109} INFO - [2022-01-20 03:47:33,032] {dag.py:2914} INFO - Setting next_dagrun for example_complex to None
[2022-01-20 03:47:33,063] {processor.py:171} INFO - Processing /home/airflow/.local/lib/python3.7/site-packages/airflow/example_dags/example_complex.py took 0.340 seconds
[2022-01-20 03:48:03,517] {processor.py:163} INFO - Started process (PID=5907) to work on /home/airflow/.local/lib/python3.7/site-packages/airflow/example_dags/example_complex.py
[2022-01-20 03:48:03,521] {processor.py:620} INFO - Processing file /home/airflow/.local/lib/python3.7/site-packages/airflow/example_dags/example_complex.py for tasks to queue
[2022-01-20 03:48:03,524] {logging_mixin.py:109} INFO - [2022-01-20 03:48:03,524] {dagbag.py:500} INFO - Filling up the DagBag from /home/airflow/.local/lib/python3.7/site-packages/airflow/example_dags/example_complex.py
[2022-01-20 03:48:03,649] {processor.py:632} INFO - DAG(s) dict_keys(['example_complex']) retrieved from /home/airflow/.local/lib/python3.7/site-packages/airflow/example_dags/example_complex.py
[2022-01-20 03:48:03,730] {logging_mixin.py:109} INFO - [2022-01-20 03:48:03,729] {dag.py:2389} INFO - Sync 1 DAGs
[2022-01-20 03:48:03,780] {logging_mixin.py:109} INFO - [2022-01-20 03:48:03,779] {dag.py:2914} INFO - Setting next_dagrun for example_complex to None
[2022-01-20 03:48:03,807] {processor.py:171} INFO - Processing /home/airflow/.local/lib/python3.7/site-packages/airflow/example_dags/example_complex.py took 0.297 seconds
[2022-01-20 03:48:34,231] {processor.py:163} INFO - Started process (PID=6021) to work on /home/airflow/.local/lib/python3.7/site-packages/airflow/example_dags/example_complex.py
[2022-01-20 03:48:34,236] {processor.py:620} INFO - Processing file /home/airflow/.local/lib/python3.7/site-packages/airflow/example_dags/example_complex.py for tasks to queue
[2022-01-20 03:48:34,239] {logging_mixin.py:109} INFO - [2022-01-20 03:48:34,239] {dagbag.py:500} INFO - Filling up the DagBag from /home/airflow/.local/lib/python3.7/site-packages/airflow/example_dags/example_complex.py
[2022-01-20 03:48:34,367] {processor.py:632} INFO - DAG(s) dict_keys(['example_complex']) retrieved from /home/airflow/.local/lib/python3.7/site-packages/airflow/example_dags/example_complex.py
[2022-01-20 03:48:34,452] {logging_mixin.py:109} INFO - [2022-01-20 03:48:34,451] {dag.py:2389} INFO - Sync 1 DAGs
[2022-01-20 03:48:34,504] {logging_mixin.py:109} INFO - [2022-01-20 03:48:34,503] {dag.py:2914} INFO - Setting next_dagrun for example_complex to None
[2022-01-20 03:48:34,530] {processor.py:171} INFO - Processing /home/airflow/.local/lib/python3.7/site-packages/airflow/example_dags/example_complex.py took 0.307 seconds
[2022-01-20 03:49:04,767] {processor.py:163} INFO - Started process (PID=6117) to work on /home/airflow/.local/lib/python3.7/site-packages/airflow/example_dags/example_complex.py
[2022-01-20 03:49:04,771] {processor.py:620} INFO - Processing file /home/airflow/.local/lib/python3.7/site-packages/airflow/example_dags/example_complex.py for tasks to queue
[2022-01-20 03:49:04,774] {logging_mixin.py:109} INFO - [2022-01-20 03:49:04,773] {dagbag.py:500} INFO - Filling up the DagBag from /home/airflow/.local/lib/python3.7/site-packages/airflow/example_dags/example_complex.py
[2022-01-20 03:49:04,904] {processor.py:632} INFO - DAG(s) dict_keys(['example_complex']) retrieved from /home/airflow/.local/lib/python3.7/site-packages/airflow/example_dags/example_complex.py
[2022-01-20 03:49:04,984] {logging_mixin.py:109} INFO - [2022-01-20 03:49:04,984] {dag.py:2389} INFO - Sync 1 DAGs
[2022-01-20 03:49:05,040] {logging_mixin.py:109} INFO - [2022-01-20 03:49:05,039] {dag.py:2914} INFO - Setting next_dagrun for example_complex to None
[2022-01-20 03:49:05,070] {processor.py:171} INFO - Processing /home/airflow/.local/lib/python3.7/site-packages/airflow/example_dags/example_complex.py took 0.311 seconds
[2022-01-20 03:49:35,211] {processor.py:163} INFO - Started process (PID=6232) to work on /home/airflow/.local/lib/python3.7/site-packages/airflow/example_dags/example_complex.py
[2022-01-20 03:49:35,220] {processor.py:620} INFO - Processing file /home/airflow/.local/lib/python3.7/site-packages/airflow/example_dags/example_complex.py for tasks to queue
[2022-01-20 03:49:35,238] {logging_mixin.py:109} INFO - [2022-01-20 03:49:35,238] {dagbag.py:500} INFO - Filling up the DagBag from /home/airflow/.local/lib/python3.7/site-packages/airflow/example_dags/example_complex.py
[2022-01-20 03:49:35,433] {processor.py:632} INFO - DAG(s) dict_keys(['example_complex']) retrieved from /home/airflow/.local/lib/python3.7/site-packages/airflow/example_dags/example_complex.py
[2022-01-20 03:49:35,526] {logging_mixin.py:109} INFO - [2022-01-20 03:49:35,525] {dag.py:2389} INFO - Sync 1 DAGs
[2022-01-20 03:49:35,590] {logging_mixin.py:109} INFO - [2022-01-20 03:49:35,589] {dag.py:2914} INFO - Setting next_dagrun for example_complex to None
[2022-01-20 03:49:35,627] {processor.py:171} INFO - Processing /home/airflow/.local/lib/python3.7/site-packages/airflow/example_dags/example_complex.py took 0.424 seconds
[2022-01-20 03:50:06,632] {processor.py:163} INFO - Started process (PID=6328) to work on /home/airflow/.local/lib/python3.7/site-packages/airflow/example_dags/example_complex.py
[2022-01-20 03:50:06,637] {processor.py:620} INFO - Processing file /home/airflow/.local/lib/python3.7/site-packages/airflow/example_dags/example_complex.py for tasks to queue
[2022-01-20 03:50:06,641] {logging_mixin.py:109} INFO - [2022-01-20 03:50:06,641] {dagbag.py:500} INFO - Filling up the DagBag from /home/airflow/.local/lib/python3.7/site-packages/airflow/example_dags/example_complex.py
[2022-01-20 03:50:06,794] {processor.py:632} INFO - DAG(s) dict_keys(['example_complex']) retrieved from /home/airflow/.local/lib/python3.7/site-packages/airflow/example_dags/example_complex.py
[2022-01-20 03:50:06,875] {logging_mixin.py:109} INFO - [2022-01-20 03:50:06,875] {dag.py:2389} INFO - Sync 1 DAGs
[2022-01-20 03:50:06,928] {logging_mixin.py:109} INFO - [2022-01-20 03:50:06,927] {dag.py:2914} INFO - Setting next_dagrun for example_complex to None
[2022-01-20 03:50:06,956] {processor.py:171} INFO - Processing /home/airflow/.local/lib/python3.7/site-packages/airflow/example_dags/example_complex.py took 0.333 seconds
[2022-01-20 03:50:37,683] {processor.py:163} INFO - Started process (PID=6440) to work on /home/airflow/.local/lib/python3.7/site-packages/airflow/example_dags/example_complex.py
[2022-01-20 03:50:37,688] {processor.py:620} INFO - Processing file /home/airflow/.local/lib/python3.7/site-packages/airflow/example_dags/example_complex.py for tasks to queue
[2022-01-20 03:50:37,693] {logging_mixin.py:109} INFO - [2022-01-20 03:50:37,692] {dagbag.py:500} INFO - Filling up the DagBag from /home/airflow/.local/lib/python3.7/site-packages/airflow/example_dags/example_complex.py
[2022-01-20 03:50:37,818] {processor.py:632} INFO - DAG(s) dict_keys(['example_complex']) retrieved from /home/airflow/.local/lib/python3.7/site-packages/airflow/example_dags/example_complex.py
[2022-01-20 03:50:37,941] {logging_mixin.py:109} INFO - [2022-01-20 03:50:37,940] {dag.py:2389} INFO - Sync 1 DAGs
[2022-01-20 03:50:38,014] {logging_mixin.py:109} INFO - [2022-01-20 03:50:38,013] {dag.py:2914} INFO - Setting next_dagrun for example_complex to None
[2022-01-20 03:50:38,043] {processor.py:171} INFO - Processing /home/airflow/.local/lib/python3.7/site-packages/airflow/example_dags/example_complex.py took 0.367 seconds
[2022-01-20 03:51:08,309] {processor.py:163} INFO - Started process (PID=6530) to work on /home/airflow/.local/lib/python3.7/site-packages/airflow/example_dags/example_complex.py
[2022-01-20 03:51:08,314] {processor.py:620} INFO - Processing file /home/airflow/.local/lib/python3.7/site-packages/airflow/example_dags/example_complex.py for tasks to queue
[2022-01-20 03:51:08,318] {logging_mixin.py:109} INFO - [2022-01-20 03:51:08,317] {dagbag.py:500} INFO - Filling up the DagBag from /home/airflow/.local/lib/python3.7/site-packages/airflow/example_dags/example_complex.py
[2022-01-20 03:51:08,448] {processor.py:632} INFO - DAG(s) dict_keys(['example_complex']) retrieved from /home/airflow/.local/lib/python3.7/site-packages/airflow/example_dags/example_complex.py
[2022-01-20 03:51:08,525] {logging_mixin.py:109} INFO - [2022-01-20 03:51:08,524] {dag.py:2389} INFO - Sync 1 DAGs
[2022-01-20 03:51:08,571] {logging_mixin.py:109} INFO - [2022-01-20 03:51:08,571] {dag.py:2914} INFO - Setting next_dagrun for example_complex to None
[2022-01-20 03:51:08,596] {processor.py:171} INFO - Processing /home/airflow/.local/lib/python3.7/site-packages/airflow/example_dags/example_complex.py took 0.294 seconds
