[2022-01-20 03:20:27,520] {processor.py:163} INFO - Started process (PID=285) to work on /home/airflow/.local/lib/python3.7/site-packages/airflow/example_dags/example_branch_day_of_week_operator.py
[2022-01-20 03:20:27,524] {processor.py:620} INFO - Processing file /home/airflow/.local/lib/python3.7/site-packages/airflow/example_dags/example_branch_day_of_week_operator.py for tasks to queue
[2022-01-20 03:20:27,536] {logging_mixin.py:109} INFO - [2022-01-20 03:20:27,532] {dagbag.py:500} INFO - Filling up the DagBag from /home/airflow/.local/lib/python3.7/site-packages/airflow/example_dags/example_branch_day_of_week_operator.py
[2022-01-20 03:20:27,718] {processor.py:632} INFO - DAG(s) dict_keys(['example_weekday_branch_operator']) retrieved from /home/airflow/.local/lib/python3.7/site-packages/airflow/example_dags/example_branch_day_of_week_operator.py
[2022-01-20 03:20:27,812] {logging_mixin.py:109} INFO - [2022-01-20 03:20:27,811] {dag.py:2389} INFO - Sync 1 DAGs
[2022-01-20 03:20:27,966] {logging_mixin.py:109} INFO - [2022-01-20 03:20:27,965] {dag.py:2914} INFO - Setting next_dagrun for example_weekday_branch_operator to 2022-01-19 00:00:00+00:00
[2022-01-20 03:20:28,049] {processor.py:171} INFO - Processing /home/airflow/.local/lib/python3.7/site-packages/airflow/example_dags/example_branch_day_of_week_operator.py took 0.546 seconds
[2022-01-20 03:21:00,550] {processor.py:163} INFO - Started process (PID=399) to work on /home/airflow/.local/lib/python3.7/site-packages/airflow/example_dags/example_branch_day_of_week_operator.py
[2022-01-20 03:21:00,557] {processor.py:620} INFO - Processing file /home/airflow/.local/lib/python3.7/site-packages/airflow/example_dags/example_branch_day_of_week_operator.py for tasks to queue
[2022-01-20 03:21:00,562] {logging_mixin.py:109} INFO - [2022-01-20 03:21:00,561] {dagbag.py:500} INFO - Filling up the DagBag from /home/airflow/.local/lib/python3.7/site-packages/airflow/example_dags/example_branch_day_of_week_operator.py
[2022-01-20 03:21:00,773] {processor.py:632} INFO - DAG(s) dict_keys(['example_weekday_branch_operator']) retrieved from /home/airflow/.local/lib/python3.7/site-packages/airflow/example_dags/example_branch_day_of_week_operator.py
[2022-01-20 03:21:00,886] {logging_mixin.py:109} INFO - [2022-01-20 03:21:00,882] {dag.py:2389} INFO - Sync 1 DAGs
[2022-01-20 03:21:01,023] {logging_mixin.py:109} INFO - [2022-01-20 03:21:01,022] {dag.py:2914} INFO - Setting next_dagrun for example_weekday_branch_operator to 2022-01-19 00:00:00+00:00
[2022-01-20 03:21:01,077] {processor.py:171} INFO - Processing /home/airflow/.local/lib/python3.7/site-packages/airflow/example_dags/example_branch_day_of_week_operator.py took 0.541 seconds
[2022-01-20 03:21:31,464] {processor.py:163} INFO - Started process (PID=505) to work on /home/airflow/.local/lib/python3.7/site-packages/airflow/example_dags/example_branch_day_of_week_operator.py
[2022-01-20 03:21:31,472] {processor.py:620} INFO - Processing file /home/airflow/.local/lib/python3.7/site-packages/airflow/example_dags/example_branch_day_of_week_operator.py for tasks to queue
[2022-01-20 03:21:31,480] {logging_mixin.py:109} INFO - [2022-01-20 03:21:31,480] {dagbag.py:500} INFO - Filling up the DagBag from /home/airflow/.local/lib/python3.7/site-packages/airflow/example_dags/example_branch_day_of_week_operator.py
[2022-01-20 03:21:31,735] {processor.py:632} INFO - DAG(s) dict_keys(['example_weekday_branch_operator']) retrieved from /home/airflow/.local/lib/python3.7/site-packages/airflow/example_dags/example_branch_day_of_week_operator.py
[2022-01-20 03:21:31,854] {logging_mixin.py:109} INFO - [2022-01-20 03:21:31,853] {dag.py:2389} INFO - Sync 1 DAGs
[2022-01-20 03:21:32,002] {logging_mixin.py:109} INFO - [2022-01-20 03:21:32,001] {dag.py:2914} INFO - Setting next_dagrun for example_weekday_branch_operator to 2022-01-19 00:00:00+00:00
[2022-01-20 03:21:32,073] {processor.py:171} INFO - Processing /home/airflow/.local/lib/python3.7/site-packages/airflow/example_dags/example_branch_day_of_week_operator.py took 0.617 seconds
[2022-01-20 03:22:02,316] {processor.py:163} INFO - Started process (PID=607) to work on /home/airflow/.local/lib/python3.7/site-packages/airflow/example_dags/example_branch_day_of_week_operator.py
[2022-01-20 03:22:02,321] {processor.py:620} INFO - Processing file /home/airflow/.local/lib/python3.7/site-packages/airflow/example_dags/example_branch_day_of_week_operator.py for tasks to queue
[2022-01-20 03:22:02,323] {logging_mixin.py:109} INFO - [2022-01-20 03:22:02,323] {dagbag.py:500} INFO - Filling up the DagBag from /home/airflow/.local/lib/python3.7/site-packages/airflow/example_dags/example_branch_day_of_week_operator.py
[2022-01-20 03:22:02,393] {processor.py:632} INFO - DAG(s) dict_keys(['example_weekday_branch_operator']) retrieved from /home/airflow/.local/lib/python3.7/site-packages/airflow/example_dags/example_branch_day_of_week_operator.py
[2022-01-20 03:22:02,431] {logging_mixin.py:109} INFO - [2022-01-20 03:22:02,430] {dag.py:2389} INFO - Sync 1 DAGs
[2022-01-20 03:22:02,498] {logging_mixin.py:109} INFO - [2022-01-20 03:22:02,497] {dag.py:2914} INFO - Setting next_dagrun for example_weekday_branch_operator to 2022-01-19 00:00:00+00:00
[2022-01-20 03:22:02,526] {processor.py:171} INFO - Processing /home/airflow/.local/lib/python3.7/site-packages/airflow/example_dags/example_branch_day_of_week_operator.py took 0.217 seconds
[2022-01-20 03:22:32,594] {processor.py:163} INFO - Started process (PID=721) to work on /home/airflow/.local/lib/python3.7/site-packages/airflow/example_dags/example_branch_day_of_week_operator.py
[2022-01-20 03:22:32,609] {processor.py:620} INFO - Processing file /home/airflow/.local/lib/python3.7/site-packages/airflow/example_dags/example_branch_day_of_week_operator.py for tasks to queue
[2022-01-20 03:22:32,613] {logging_mixin.py:109} INFO - [2022-01-20 03:22:32,613] {dagbag.py:500} INFO - Filling up the DagBag from /home/airflow/.local/lib/python3.7/site-packages/airflow/example_dags/example_branch_day_of_week_operator.py
[2022-01-20 03:22:32,687] {processor.py:632} INFO - DAG(s) dict_keys(['example_weekday_branch_operator']) retrieved from /home/airflow/.local/lib/python3.7/site-packages/airflow/example_dags/example_branch_day_of_week_operator.py
[2022-01-20 03:22:32,726] {logging_mixin.py:109} INFO - [2022-01-20 03:22:32,725] {dag.py:2389} INFO - Sync 1 DAGs
[2022-01-20 03:22:32,796] {logging_mixin.py:109} INFO - [2022-01-20 03:22:32,796] {dag.py:2914} INFO - Setting next_dagrun for example_weekday_branch_operator to 2022-01-19 00:00:00+00:00
[2022-01-20 03:22:32,826] {processor.py:171} INFO - Processing /home/airflow/.local/lib/python3.7/site-packages/airflow/example_dags/example_branch_day_of_week_operator.py took 0.240 seconds
[2022-01-20 03:23:04,184] {processor.py:163} INFO - Started process (PID=819) to work on /home/airflow/.local/lib/python3.7/site-packages/airflow/example_dags/example_branch_day_of_week_operator.py
[2022-01-20 03:23:04,189] {processor.py:620} INFO - Processing file /home/airflow/.local/lib/python3.7/site-packages/airflow/example_dags/example_branch_day_of_week_operator.py for tasks to queue
[2022-01-20 03:23:04,192] {logging_mixin.py:109} INFO - [2022-01-20 03:23:04,192] {dagbag.py:500} INFO - Filling up the DagBag from /home/airflow/.local/lib/python3.7/site-packages/airflow/example_dags/example_branch_day_of_week_operator.py
[2022-01-20 03:23:04,267] {processor.py:632} INFO - DAG(s) dict_keys(['example_weekday_branch_operator']) retrieved from /home/airflow/.local/lib/python3.7/site-packages/airflow/example_dags/example_branch_day_of_week_operator.py
[2022-01-20 03:23:04,304] {logging_mixin.py:109} INFO - [2022-01-20 03:23:04,304] {dag.py:2389} INFO - Sync 1 DAGs
[2022-01-20 03:23:04,368] {logging_mixin.py:109} INFO - [2022-01-20 03:23:04,367] {dag.py:2914} INFO - Setting next_dagrun for example_weekday_branch_operator to 2022-01-19 00:00:00+00:00
[2022-01-20 03:23:04,395] {processor.py:171} INFO - Processing /home/airflow/.local/lib/python3.7/site-packages/airflow/example_dags/example_branch_day_of_week_operator.py took 0.218 seconds
[2022-01-20 03:23:37,733] {processor.py:163} INFO - Started process (PID=932) to work on /home/airflow/.local/lib/python3.7/site-packages/airflow/example_dags/example_branch_day_of_week_operator.py
[2022-01-20 03:23:37,739] {processor.py:620} INFO - Processing file /home/airflow/.local/lib/python3.7/site-packages/airflow/example_dags/example_branch_day_of_week_operator.py for tasks to queue
[2022-01-20 03:23:37,743] {logging_mixin.py:109} INFO - [2022-01-20 03:23:37,742] {dagbag.py:500} INFO - Filling up the DagBag from /home/airflow/.local/lib/python3.7/site-packages/airflow/example_dags/example_branch_day_of_week_operator.py
[2022-01-20 03:23:37,828] {processor.py:632} INFO - DAG(s) dict_keys(['example_weekday_branch_operator']) retrieved from /home/airflow/.local/lib/python3.7/site-packages/airflow/example_dags/example_branch_day_of_week_operator.py
[2022-01-20 03:23:37,895] {logging_mixin.py:109} INFO - [2022-01-20 03:23:37,895] {dag.py:2389} INFO - Sync 1 DAGs
[2022-01-20 03:23:37,977] {logging_mixin.py:109} INFO - [2022-01-20 03:23:37,976] {dag.py:2914} INFO - Setting next_dagrun for example_weekday_branch_operator to 2022-01-19 00:00:00+00:00
[2022-01-20 03:23:38,016] {processor.py:171} INFO - Processing /home/airflow/.local/lib/python3.7/site-packages/airflow/example_dags/example_branch_day_of_week_operator.py took 0.290 seconds
[2022-01-20 03:24:09,579] {processor.py:163} INFO - Started process (PID=1028) to work on /home/airflow/.local/lib/python3.7/site-packages/airflow/example_dags/example_branch_day_of_week_operator.py
[2022-01-20 03:24:09,583] {processor.py:620} INFO - Processing file /home/airflow/.local/lib/python3.7/site-packages/airflow/example_dags/example_branch_day_of_week_operator.py for tasks to queue
[2022-01-20 03:24:09,586] {logging_mixin.py:109} INFO - [2022-01-20 03:24:09,586] {dagbag.py:500} INFO - Filling up the DagBag from /home/airflow/.local/lib/python3.7/site-packages/airflow/example_dags/example_branch_day_of_week_operator.py
[2022-01-20 03:24:09,654] {processor.py:632} INFO - DAG(s) dict_keys(['example_weekday_branch_operator']) retrieved from /home/airflow/.local/lib/python3.7/site-packages/airflow/example_dags/example_branch_day_of_week_operator.py
[2022-01-20 03:24:09,686] {logging_mixin.py:109} INFO - [2022-01-20 03:24:09,686] {dag.py:2389} INFO - Sync 1 DAGs
[2022-01-20 03:24:09,744] {logging_mixin.py:109} INFO - [2022-01-20 03:24:09,744] {dag.py:2914} INFO - Setting next_dagrun for example_weekday_branch_operator to 2022-01-19 00:00:00+00:00
[2022-01-20 03:24:09,767] {processor.py:171} INFO - Processing /home/airflow/.local/lib/python3.7/site-packages/airflow/example_dags/example_branch_day_of_week_operator.py took 0.194 seconds
[2022-01-20 03:24:43,105] {processor.py:163} INFO - Started process (PID=1146) to work on /home/airflow/.local/lib/python3.7/site-packages/airflow/example_dags/example_branch_day_of_week_operator.py
[2022-01-20 03:24:43,110] {processor.py:620} INFO - Processing file /home/airflow/.local/lib/python3.7/site-packages/airflow/example_dags/example_branch_day_of_week_operator.py for tasks to queue
[2022-01-20 03:24:43,114] {logging_mixin.py:109} INFO - [2022-01-20 03:24:43,114] {dagbag.py:500} INFO - Filling up the DagBag from /home/airflow/.local/lib/python3.7/site-packages/airflow/example_dags/example_branch_day_of_week_operator.py
[2022-01-20 03:24:43,203] {processor.py:632} INFO - DAG(s) dict_keys(['example_weekday_branch_operator']) retrieved from /home/airflow/.local/lib/python3.7/site-packages/airflow/example_dags/example_branch_day_of_week_operator.py
[2022-01-20 03:24:43,249] {logging_mixin.py:109} INFO - [2022-01-20 03:24:43,249] {dag.py:2389} INFO - Sync 1 DAGs
[2022-01-20 03:24:43,318] {logging_mixin.py:109} INFO - [2022-01-20 03:24:43,318] {dag.py:2914} INFO - Setting next_dagrun for example_weekday_branch_operator to 2022-01-19 00:00:00+00:00
[2022-01-20 03:24:43,345] {processor.py:171} INFO - Processing /home/airflow/.local/lib/python3.7/site-packages/airflow/example_dags/example_branch_day_of_week_operator.py took 0.264 seconds
[2022-01-20 03:25:16,262] {processor.py:163} INFO - Started process (PID=1257) to work on /home/airflow/.local/lib/python3.7/site-packages/airflow/example_dags/example_branch_day_of_week_operator.py
[2022-01-20 03:25:16,268] {processor.py:620} INFO - Processing file /home/airflow/.local/lib/python3.7/site-packages/airflow/example_dags/example_branch_day_of_week_operator.py for tasks to queue
[2022-01-20 03:25:16,272] {logging_mixin.py:109} INFO - [2022-01-20 03:25:16,271] {dagbag.py:500} INFO - Filling up the DagBag from /home/airflow/.local/lib/python3.7/site-packages/airflow/example_dags/example_branch_day_of_week_operator.py
[2022-01-20 03:25:16,353] {processor.py:632} INFO - DAG(s) dict_keys(['example_weekday_branch_operator']) retrieved from /home/airflow/.local/lib/python3.7/site-packages/airflow/example_dags/example_branch_day_of_week_operator.py
[2022-01-20 03:25:16,396] {logging_mixin.py:109} INFO - [2022-01-20 03:25:16,395] {dag.py:2389} INFO - Sync 1 DAGs
[2022-01-20 03:25:16,477] {logging_mixin.py:109} INFO - [2022-01-20 03:25:16,476] {dag.py:2914} INFO - Setting next_dagrun for example_weekday_branch_operator to 2022-01-19 00:00:00+00:00
[2022-01-20 03:25:16,530] {processor.py:171} INFO - Processing /home/airflow/.local/lib/python3.7/site-packages/airflow/example_dags/example_branch_day_of_week_operator.py took 0.276 seconds
[2022-01-20 03:25:49,529] {processor.py:163} INFO - Started process (PID=1356) to work on /home/airflow/.local/lib/python3.7/site-packages/airflow/example_dags/example_branch_day_of_week_operator.py
[2022-01-20 03:25:49,533] {processor.py:620} INFO - Processing file /home/airflow/.local/lib/python3.7/site-packages/airflow/example_dags/example_branch_day_of_week_operator.py for tasks to queue
[2022-01-20 03:25:49,536] {logging_mixin.py:109} INFO - [2022-01-20 03:25:49,536] {dagbag.py:500} INFO - Filling up the DagBag from /home/airflow/.local/lib/python3.7/site-packages/airflow/example_dags/example_branch_day_of_week_operator.py
[2022-01-20 03:25:49,609] {processor.py:632} INFO - DAG(s) dict_keys(['example_weekday_branch_operator']) retrieved from /home/airflow/.local/lib/python3.7/site-packages/airflow/example_dags/example_branch_day_of_week_operator.py
[2022-01-20 03:25:49,648] {logging_mixin.py:109} INFO - [2022-01-20 03:25:49,648] {dag.py:2389} INFO - Sync 1 DAGs
[2022-01-20 03:25:49,710] {logging_mixin.py:109} INFO - [2022-01-20 03:25:49,709] {dag.py:2914} INFO - Setting next_dagrun for example_weekday_branch_operator to 2022-01-19 00:00:00+00:00
[2022-01-20 03:25:49,735] {processor.py:171} INFO - Processing /home/airflow/.local/lib/python3.7/site-packages/airflow/example_dags/example_branch_day_of_week_operator.py took 0.212 seconds
[2022-01-20 03:26:22,720] {processor.py:163} INFO - Started process (PID=1475) to work on /home/airflow/.local/lib/python3.7/site-packages/airflow/example_dags/example_branch_day_of_week_operator.py
[2022-01-20 03:26:22,724] {processor.py:620} INFO - Processing file /home/airflow/.local/lib/python3.7/site-packages/airflow/example_dags/example_branch_day_of_week_operator.py for tasks to queue
[2022-01-20 03:26:22,728] {logging_mixin.py:109} INFO - [2022-01-20 03:26:22,728] {dagbag.py:500} INFO - Filling up the DagBag from /home/airflow/.local/lib/python3.7/site-packages/airflow/example_dags/example_branch_day_of_week_operator.py
[2022-01-20 03:26:22,806] {processor.py:632} INFO - DAG(s) dict_keys(['example_weekday_branch_operator']) retrieved from /home/airflow/.local/lib/python3.7/site-packages/airflow/example_dags/example_branch_day_of_week_operator.py
[2022-01-20 03:26:22,848] {logging_mixin.py:109} INFO - [2022-01-20 03:26:22,848] {dag.py:2389} INFO - Sync 1 DAGs
[2022-01-20 03:26:22,918] {logging_mixin.py:109} INFO - [2022-01-20 03:26:22,917] {dag.py:2914} INFO - Setting next_dagrun for example_weekday_branch_operator to 2022-01-19 00:00:00+00:00
[2022-01-20 03:26:22,957] {processor.py:171} INFO - Processing /home/airflow/.local/lib/python3.7/site-packages/airflow/example_dags/example_branch_day_of_week_operator.py took 0.245 seconds
[2022-01-20 03:26:56,228] {processor.py:163} INFO - Started process (PID=1593) to work on /home/airflow/.local/lib/python3.7/site-packages/airflow/example_dags/example_branch_day_of_week_operator.py
[2022-01-20 03:26:56,235] {processor.py:620} INFO - Processing file /home/airflow/.local/lib/python3.7/site-packages/airflow/example_dags/example_branch_day_of_week_operator.py for tasks to queue
[2022-01-20 03:26:56,239] {logging_mixin.py:109} INFO - [2022-01-20 03:26:56,238] {dagbag.py:500} INFO - Filling up the DagBag from /home/airflow/.local/lib/python3.7/site-packages/airflow/example_dags/example_branch_day_of_week_operator.py
[2022-01-20 03:26:56,316] {processor.py:632} INFO - DAG(s) dict_keys(['example_weekday_branch_operator']) retrieved from /home/airflow/.local/lib/python3.7/site-packages/airflow/example_dags/example_branch_day_of_week_operator.py
[2022-01-20 03:26:56,356] {logging_mixin.py:109} INFO - [2022-01-20 03:26:56,355] {dag.py:2389} INFO - Sync 1 DAGs
[2022-01-20 03:26:56,426] {logging_mixin.py:109} INFO - [2022-01-20 03:26:56,426] {dag.py:2914} INFO - Setting next_dagrun for example_weekday_branch_operator to 2022-01-19 00:00:00+00:00
[2022-01-20 03:26:56,455] {processor.py:171} INFO - Processing /home/airflow/.local/lib/python3.7/site-packages/airflow/example_dags/example_branch_day_of_week_operator.py took 0.235 seconds
[2022-01-20 03:27:26,927] {processor.py:163} INFO - Started process (PID=1684) to work on /home/airflow/.local/lib/python3.7/site-packages/airflow/example_dags/example_branch_day_of_week_operator.py
[2022-01-20 03:27:26,931] {processor.py:620} INFO - Processing file /home/airflow/.local/lib/python3.7/site-packages/airflow/example_dags/example_branch_day_of_week_operator.py for tasks to queue
[2022-01-20 03:27:26,934] {logging_mixin.py:109} INFO - [2022-01-20 03:27:26,934] {dagbag.py:500} INFO - Filling up the DagBag from /home/airflow/.local/lib/python3.7/site-packages/airflow/example_dags/example_branch_day_of_week_operator.py
[2022-01-20 03:27:27,000] {processor.py:632} INFO - DAG(s) dict_keys(['example_weekday_branch_operator']) retrieved from /home/airflow/.local/lib/python3.7/site-packages/airflow/example_dags/example_branch_day_of_week_operator.py
[2022-01-20 03:27:27,035] {logging_mixin.py:109} INFO - [2022-01-20 03:27:27,035] {dag.py:2389} INFO - Sync 1 DAGs
[2022-01-20 03:27:27,089] {logging_mixin.py:109} INFO - [2022-01-20 03:27:27,089] {dag.py:2914} INFO - Setting next_dagrun for example_weekday_branch_operator to 2022-01-19 00:00:00+00:00
[2022-01-20 03:27:27,111] {processor.py:171} INFO - Processing /home/airflow/.local/lib/python3.7/site-packages/airflow/example_dags/example_branch_day_of_week_operator.py took 0.191 seconds
[2022-01-20 03:27:57,892] {processor.py:163} INFO - Started process (PID=1794) to work on /home/airflow/.local/lib/python3.7/site-packages/airflow/example_dags/example_branch_day_of_week_operator.py
[2022-01-20 03:27:57,899] {processor.py:620} INFO - Processing file /home/airflow/.local/lib/python3.7/site-packages/airflow/example_dags/example_branch_day_of_week_operator.py for tasks to queue
[2022-01-20 03:27:57,906] {logging_mixin.py:109} INFO - [2022-01-20 03:27:57,905] {dagbag.py:500} INFO - Filling up the DagBag from /home/airflow/.local/lib/python3.7/site-packages/airflow/example_dags/example_branch_day_of_week_operator.py
[2022-01-20 03:27:58,028] {processor.py:632} INFO - DAG(s) dict_keys(['example_weekday_branch_operator']) retrieved from /home/airflow/.local/lib/python3.7/site-packages/airflow/example_dags/example_branch_day_of_week_operator.py
[2022-01-20 03:27:58,070] {logging_mixin.py:109} INFO - [2022-01-20 03:27:58,070] {dag.py:2389} INFO - Sync 1 DAGs
[2022-01-20 03:27:58,174] {logging_mixin.py:109} INFO - [2022-01-20 03:27:58,173] {dag.py:2914} INFO - Setting next_dagrun for example_weekday_branch_operator to 2022-01-19 00:00:00+00:00
[2022-01-20 03:27:58,205] {processor.py:171} INFO - Processing /home/airflow/.local/lib/python3.7/site-packages/airflow/example_dags/example_branch_day_of_week_operator.py took 0.321 seconds
[2022-01-20 03:28:28,716] {processor.py:163} INFO - Started process (PID=1892) to work on /home/airflow/.local/lib/python3.7/site-packages/airflow/example_dags/example_branch_day_of_week_operator.py
[2022-01-20 03:28:28,721] {processor.py:620} INFO - Processing file /home/airflow/.local/lib/python3.7/site-packages/airflow/example_dags/example_branch_day_of_week_operator.py for tasks to queue
[2022-01-20 03:28:28,724] {logging_mixin.py:109} INFO - [2022-01-20 03:28:28,724] {dagbag.py:500} INFO - Filling up the DagBag from /home/airflow/.local/lib/python3.7/site-packages/airflow/example_dags/example_branch_day_of_week_operator.py
[2022-01-20 03:28:28,793] {processor.py:632} INFO - DAG(s) dict_keys(['example_weekday_branch_operator']) retrieved from /home/airflow/.local/lib/python3.7/site-packages/airflow/example_dags/example_branch_day_of_week_operator.py
[2022-01-20 03:28:28,828] {logging_mixin.py:109} INFO - [2022-01-20 03:28:28,828] {dag.py:2389} INFO - Sync 1 DAGs
[2022-01-20 03:28:28,888] {logging_mixin.py:109} INFO - [2022-01-20 03:28:28,888] {dag.py:2914} INFO - Setting next_dagrun for example_weekday_branch_operator to 2022-01-19 00:00:00+00:00
[2022-01-20 03:28:28,912] {processor.py:171} INFO - Processing /home/airflow/.local/lib/python3.7/site-packages/airflow/example_dags/example_branch_day_of_week_operator.py took 0.203 seconds
[2022-01-20 03:28:59,321] {processor.py:163} INFO - Started process (PID=2003) to work on /home/airflow/.local/lib/python3.7/site-packages/airflow/example_dags/example_branch_day_of_week_operator.py
[2022-01-20 03:28:59,327] {processor.py:620} INFO - Processing file /home/airflow/.local/lib/python3.7/site-packages/airflow/example_dags/example_branch_day_of_week_operator.py for tasks to queue
[2022-01-20 03:28:59,331] {logging_mixin.py:109} INFO - [2022-01-20 03:28:59,331] {dagbag.py:500} INFO - Filling up the DagBag from /home/airflow/.local/lib/python3.7/site-packages/airflow/example_dags/example_branch_day_of_week_operator.py
[2022-01-20 03:28:59,410] {processor.py:632} INFO - DAG(s) dict_keys(['example_weekday_branch_operator']) retrieved from /home/airflow/.local/lib/python3.7/site-packages/airflow/example_dags/example_branch_day_of_week_operator.py
[2022-01-20 03:28:59,459] {logging_mixin.py:109} INFO - [2022-01-20 03:28:59,459] {dag.py:2389} INFO - Sync 1 DAGs
[2022-01-20 03:28:59,528] {logging_mixin.py:109} INFO - [2022-01-20 03:28:59,528] {dag.py:2914} INFO - Setting next_dagrun for example_weekday_branch_operator to 2022-01-19 00:00:00+00:00
[2022-01-20 03:28:59,558] {processor.py:171} INFO - Processing /home/airflow/.local/lib/python3.7/site-packages/airflow/example_dags/example_branch_day_of_week_operator.py took 0.244 seconds
[2022-01-20 03:29:29,699] {processor.py:163} INFO - Started process (PID=2103) to work on /home/airflow/.local/lib/python3.7/site-packages/airflow/example_dags/example_branch_day_of_week_operator.py
[2022-01-20 03:29:29,702] {processor.py:620} INFO - Processing file /home/airflow/.local/lib/python3.7/site-packages/airflow/example_dags/example_branch_day_of_week_operator.py for tasks to queue
[2022-01-20 03:29:29,705] {logging_mixin.py:109} INFO - [2022-01-20 03:29:29,705] {dagbag.py:500} INFO - Filling up the DagBag from /home/airflow/.local/lib/python3.7/site-packages/airflow/example_dags/example_branch_day_of_week_operator.py
[2022-01-20 03:29:29,770] {processor.py:632} INFO - DAG(s) dict_keys(['example_weekday_branch_operator']) retrieved from /home/airflow/.local/lib/python3.7/site-packages/airflow/example_dags/example_branch_day_of_week_operator.py
[2022-01-20 03:29:29,802] {logging_mixin.py:109} INFO - [2022-01-20 03:29:29,802] {dag.py:2389} INFO - Sync 1 DAGs
[2022-01-20 03:29:29,858] {logging_mixin.py:109} INFO - [2022-01-20 03:29:29,858] {dag.py:2914} INFO - Setting next_dagrun for example_weekday_branch_operator to 2022-01-19 00:00:00+00:00
[2022-01-20 03:29:29,881] {processor.py:171} INFO - Processing /home/airflow/.local/lib/python3.7/site-packages/airflow/example_dags/example_branch_day_of_week_operator.py took 0.188 seconds
[2022-01-20 03:30:00,099] {processor.py:163} INFO - Started process (PID=2218) to work on /home/airflow/.local/lib/python3.7/site-packages/airflow/example_dags/example_branch_day_of_week_operator.py
[2022-01-20 03:30:00,107] {processor.py:620} INFO - Processing file /home/airflow/.local/lib/python3.7/site-packages/airflow/example_dags/example_branch_day_of_week_operator.py for tasks to queue
[2022-01-20 03:30:00,112] {logging_mixin.py:109} INFO - [2022-01-20 03:30:00,112] {dagbag.py:500} INFO - Filling up the DagBag from /home/airflow/.local/lib/python3.7/site-packages/airflow/example_dags/example_branch_day_of_week_operator.py
[2022-01-20 03:30:00,198] {processor.py:632} INFO - DAG(s) dict_keys(['example_weekday_branch_operator']) retrieved from /home/airflow/.local/lib/python3.7/site-packages/airflow/example_dags/example_branch_day_of_week_operator.py
[2022-01-20 03:30:00,239] {logging_mixin.py:109} INFO - [2022-01-20 03:30:00,238] {dag.py:2389} INFO - Sync 1 DAGs
[2022-01-20 03:30:00,314] {logging_mixin.py:109} INFO - [2022-01-20 03:30:00,313] {dag.py:2914} INFO - Setting next_dagrun for example_weekday_branch_operator to 2022-01-19 00:00:00+00:00
[2022-01-20 03:30:00,345] {processor.py:171} INFO - Processing /home/airflow/.local/lib/python3.7/site-packages/airflow/example_dags/example_branch_day_of_week_operator.py took 0.261 seconds
[2022-01-20 03:30:30,398] {processor.py:163} INFO - Started process (PID=2314) to work on /home/airflow/.local/lib/python3.7/site-packages/airflow/example_dags/example_branch_day_of_week_operator.py
[2022-01-20 03:30:30,402] {processor.py:620} INFO - Processing file /home/airflow/.local/lib/python3.7/site-packages/airflow/example_dags/example_branch_day_of_week_operator.py for tasks to queue
[2022-01-20 03:30:30,405] {logging_mixin.py:109} INFO - [2022-01-20 03:30:30,404] {dagbag.py:500} INFO - Filling up the DagBag from /home/airflow/.local/lib/python3.7/site-packages/airflow/example_dags/example_branch_day_of_week_operator.py
[2022-01-20 03:30:30,474] {processor.py:632} INFO - DAG(s) dict_keys(['example_weekday_branch_operator']) retrieved from /home/airflow/.local/lib/python3.7/site-packages/airflow/example_dags/example_branch_day_of_week_operator.py
[2022-01-20 03:30:30,511] {logging_mixin.py:109} INFO - [2022-01-20 03:30:30,510] {dag.py:2389} INFO - Sync 1 DAGs
[2022-01-20 03:30:30,590] {logging_mixin.py:109} INFO - [2022-01-20 03:30:30,589] {dag.py:2914} INFO - Setting next_dagrun for example_weekday_branch_operator to 2022-01-19 00:00:00+00:00
[2022-01-20 03:30:30,622] {processor.py:171} INFO - Processing /home/airflow/.local/lib/python3.7/site-packages/airflow/example_dags/example_branch_day_of_week_operator.py took 0.231 seconds
[2022-01-20 03:31:00,895] {processor.py:163} INFO - Started process (PID=2430) to work on /home/airflow/.local/lib/python3.7/site-packages/airflow/example_dags/example_branch_day_of_week_operator.py
[2022-01-20 03:31:00,901] {processor.py:620} INFO - Processing file /home/airflow/.local/lib/python3.7/site-packages/airflow/example_dags/example_branch_day_of_week_operator.py for tasks to queue
[2022-01-20 03:31:00,904] {logging_mixin.py:109} INFO - [2022-01-20 03:31:00,904] {dagbag.py:500} INFO - Filling up the DagBag from /home/airflow/.local/lib/python3.7/site-packages/airflow/example_dags/example_branch_day_of_week_operator.py
[2022-01-20 03:31:00,987] {processor.py:632} INFO - DAG(s) dict_keys(['example_weekday_branch_operator']) retrieved from /home/airflow/.local/lib/python3.7/site-packages/airflow/example_dags/example_branch_day_of_week_operator.py
[2022-01-20 03:31:01,028] {logging_mixin.py:109} INFO - [2022-01-20 03:31:01,028] {dag.py:2389} INFO - Sync 1 DAGs
[2022-01-20 03:31:01,129] {logging_mixin.py:109} INFO - [2022-01-20 03:31:01,128] {dag.py:2914} INFO - Setting next_dagrun for example_weekday_branch_operator to 2022-01-19 00:00:00+00:00
[2022-01-20 03:31:01,156] {processor.py:171} INFO - Processing /home/airflow/.local/lib/python3.7/site-packages/airflow/example_dags/example_branch_day_of_week_operator.py took 0.267 seconds
[2022-01-20 03:31:31,838] {processor.py:163} INFO - Started process (PID=2537) to work on /home/airflow/.local/lib/python3.7/site-packages/airflow/example_dags/example_branch_day_of_week_operator.py
[2022-01-20 03:31:31,855] {processor.py:620} INFO - Processing file /home/airflow/.local/lib/python3.7/site-packages/airflow/example_dags/example_branch_day_of_week_operator.py for tasks to queue
[2022-01-20 03:31:31,858] {logging_mixin.py:109} INFO - [2022-01-20 03:31:31,858] {dagbag.py:500} INFO - Filling up the DagBag from /home/airflow/.local/lib/python3.7/site-packages/airflow/example_dags/example_branch_day_of_week_operator.py
[2022-01-20 03:31:31,938] {processor.py:632} INFO - DAG(s) dict_keys(['example_weekday_branch_operator']) retrieved from /home/airflow/.local/lib/python3.7/site-packages/airflow/example_dags/example_branch_day_of_week_operator.py
[2022-01-20 03:31:31,979] {logging_mixin.py:109} INFO - [2022-01-20 03:31:31,978] {dag.py:2389} INFO - Sync 1 DAGs
[2022-01-20 03:31:32,049] {logging_mixin.py:109} INFO - [2022-01-20 03:31:32,048] {dag.py:2914} INFO - Setting next_dagrun for example_weekday_branch_operator to 2022-01-19 00:00:00+00:00
[2022-01-20 03:31:32,190] {processor.py:171} INFO - Processing /home/airflow/.local/lib/python3.7/site-packages/airflow/example_dags/example_branch_day_of_week_operator.py took 0.361 seconds
[2022-01-20 03:32:02,422] {processor.py:163} INFO - Started process (PID=2641) to work on /home/airflow/.local/lib/python3.7/site-packages/airflow/example_dags/example_branch_day_of_week_operator.py
[2022-01-20 03:32:02,426] {processor.py:620} INFO - Processing file /home/airflow/.local/lib/python3.7/site-packages/airflow/example_dags/example_branch_day_of_week_operator.py for tasks to queue
[2022-01-20 03:32:02,430] {logging_mixin.py:109} INFO - [2022-01-20 03:32:02,429] {dagbag.py:500} INFO - Filling up the DagBag from /home/airflow/.local/lib/python3.7/site-packages/airflow/example_dags/example_branch_day_of_week_operator.py
[2022-01-20 03:32:02,518] {processor.py:632} INFO - DAG(s) dict_keys(['example_weekday_branch_operator']) retrieved from /home/airflow/.local/lib/python3.7/site-packages/airflow/example_dags/example_branch_day_of_week_operator.py
[2022-01-20 03:32:02,558] {logging_mixin.py:109} INFO - [2022-01-20 03:32:02,557] {dag.py:2389} INFO - Sync 1 DAGs
[2022-01-20 03:32:02,746] {logging_mixin.py:109} INFO - [2022-01-20 03:32:02,746] {dag.py:2914} INFO - Setting next_dagrun for example_weekday_branch_operator to 2022-01-19 00:00:00+00:00
[2022-01-20 03:32:02,777] {processor.py:171} INFO - Processing /home/airflow/.local/lib/python3.7/site-packages/airflow/example_dags/example_branch_day_of_week_operator.py took 0.365 seconds
[2022-01-20 03:32:33,180] {processor.py:163} INFO - Started process (PID=2754) to work on /home/airflow/.local/lib/python3.7/site-packages/airflow/example_dags/example_branch_day_of_week_operator.py
[2022-01-20 03:32:33,184] {processor.py:620} INFO - Processing file /home/airflow/.local/lib/python3.7/site-packages/airflow/example_dags/example_branch_day_of_week_operator.py for tasks to queue
[2022-01-20 03:32:33,187] {logging_mixin.py:109} INFO - [2022-01-20 03:32:33,187] {dagbag.py:500} INFO - Filling up the DagBag from /home/airflow/.local/lib/python3.7/site-packages/airflow/example_dags/example_branch_day_of_week_operator.py
[2022-01-20 03:32:33,261] {processor.py:632} INFO - DAG(s) dict_keys(['example_weekday_branch_operator']) retrieved from /home/airflow/.local/lib/python3.7/site-packages/airflow/example_dags/example_branch_day_of_week_operator.py
[2022-01-20 03:32:33,304] {logging_mixin.py:109} INFO - [2022-01-20 03:32:33,303] {dag.py:2389} INFO - Sync 1 DAGs
[2022-01-20 03:32:33,581] {logging_mixin.py:109} INFO - [2022-01-20 03:32:33,580] {dag.py:2914} INFO - Setting next_dagrun for example_weekday_branch_operator to 2022-01-19 00:00:00+00:00
[2022-01-20 03:32:33,607] {processor.py:171} INFO - Processing /home/airflow/.local/lib/python3.7/site-packages/airflow/example_dags/example_branch_day_of_week_operator.py took 0.434 seconds
[2022-01-20 03:33:04,031] {processor.py:163} INFO - Started process (PID=2852) to work on /home/airflow/.local/lib/python3.7/site-packages/airflow/example_dags/example_branch_day_of_week_operator.py
[2022-01-20 03:33:04,036] {processor.py:620} INFO - Processing file /home/airflow/.local/lib/python3.7/site-packages/airflow/example_dags/example_branch_day_of_week_operator.py for tasks to queue
[2022-01-20 03:33:04,039] {logging_mixin.py:109} INFO - [2022-01-20 03:33:04,039] {dagbag.py:500} INFO - Filling up the DagBag from /home/airflow/.local/lib/python3.7/site-packages/airflow/example_dags/example_branch_day_of_week_operator.py
[2022-01-20 03:33:04,114] {processor.py:632} INFO - DAG(s) dict_keys(['example_weekday_branch_operator']) retrieved from /home/airflow/.local/lib/python3.7/site-packages/airflow/example_dags/example_branch_day_of_week_operator.py
[2022-01-20 03:33:04,149] {logging_mixin.py:109} INFO - [2022-01-20 03:33:04,149] {dag.py:2389} INFO - Sync 1 DAGs
[2022-01-20 03:33:04,316] {logging_mixin.py:109} INFO - [2022-01-20 03:33:04,316] {dag.py:2914} INFO - Setting next_dagrun for example_weekday_branch_operator to 2022-01-19 00:00:00+00:00
[2022-01-20 03:33:04,344] {processor.py:171} INFO - Processing /home/airflow/.local/lib/python3.7/site-packages/airflow/example_dags/example_branch_day_of_week_operator.py took 0.321 seconds
[2022-01-20 03:33:35,812] {processor.py:163} INFO - Started process (PID=2965) to work on /home/airflow/.local/lib/python3.7/site-packages/airflow/example_dags/example_branch_day_of_week_operator.py
[2022-01-20 03:33:35,817] {processor.py:620} INFO - Processing file /home/airflow/.local/lib/python3.7/site-packages/airflow/example_dags/example_branch_day_of_week_operator.py for tasks to queue
[2022-01-20 03:33:35,821] {logging_mixin.py:109} INFO - [2022-01-20 03:33:35,820] {dagbag.py:500} INFO - Filling up the DagBag from /home/airflow/.local/lib/python3.7/site-packages/airflow/example_dags/example_branch_day_of_week_operator.py
[2022-01-20 03:33:35,932] {processor.py:632} INFO - DAG(s) dict_keys(['example_weekday_branch_operator']) retrieved from /home/airflow/.local/lib/python3.7/site-packages/airflow/example_dags/example_branch_day_of_week_operator.py
[2022-01-20 03:33:36,113] {logging_mixin.py:109} INFO - [2022-01-20 03:33:36,113] {dag.py:2389} INFO - Sync 1 DAGs
[2022-01-20 03:33:36,184] {logging_mixin.py:109} INFO - [2022-01-20 03:33:36,184] {dag.py:2914} INFO - Setting next_dagrun for example_weekday_branch_operator to 2022-01-19 00:00:00+00:00
[2022-01-20 03:33:36,218] {processor.py:171} INFO - Processing /home/airflow/.local/lib/python3.7/site-packages/airflow/example_dags/example_branch_day_of_week_operator.py took 0.413 seconds
[2022-01-20 03:34:07,056] {processor.py:163} INFO - Started process (PID=3062) to work on /home/airflow/.local/lib/python3.7/site-packages/airflow/example_dags/example_branch_day_of_week_operator.py
[2022-01-20 03:34:07,061] {processor.py:620} INFO - Processing file /home/airflow/.local/lib/python3.7/site-packages/airflow/example_dags/example_branch_day_of_week_operator.py for tasks to queue
[2022-01-20 03:34:07,065] {logging_mixin.py:109} INFO - [2022-01-20 03:34:07,064] {dagbag.py:500} INFO - Filling up the DagBag from /home/airflow/.local/lib/python3.7/site-packages/airflow/example_dags/example_branch_day_of_week_operator.py
[2022-01-20 03:34:07,147] {processor.py:632} INFO - DAG(s) dict_keys(['example_weekday_branch_operator']) retrieved from /home/airflow/.local/lib/python3.7/site-packages/airflow/example_dags/example_branch_day_of_week_operator.py
[2022-01-20 03:34:07,304] {logging_mixin.py:109} INFO - [2022-01-20 03:34:07,303] {dag.py:2389} INFO - Sync 1 DAGs
[2022-01-20 03:34:07,370] {logging_mixin.py:109} INFO - [2022-01-20 03:34:07,370] {dag.py:2914} INFO - Setting next_dagrun for example_weekday_branch_operator to 2022-01-19 00:00:00+00:00
[2022-01-20 03:34:07,400] {processor.py:171} INFO - Processing /home/airflow/.local/lib/python3.7/site-packages/airflow/example_dags/example_branch_day_of_week_operator.py took 0.351 seconds
[2022-01-20 03:34:38,015] {processor.py:163} INFO - Started process (PID=3168) to work on /home/airflow/.local/lib/python3.7/site-packages/airflow/example_dags/example_branch_day_of_week_operator.py
[2022-01-20 03:34:38,029] {processor.py:620} INFO - Processing file /home/airflow/.local/lib/python3.7/site-packages/airflow/example_dags/example_branch_day_of_week_operator.py for tasks to queue
[2022-01-20 03:34:38,033] {logging_mixin.py:109} INFO - [2022-01-20 03:34:38,032] {dagbag.py:500} INFO - Filling up the DagBag from /home/airflow/.local/lib/python3.7/site-packages/airflow/example_dags/example_branch_day_of_week_operator.py
[2022-01-20 03:34:38,239] {processor.py:632} INFO - DAG(s) dict_keys(['example_weekday_branch_operator']) retrieved from /home/airflow/.local/lib/python3.7/site-packages/airflow/example_dags/example_branch_day_of_week_operator.py
[2022-01-20 03:34:38,281] {logging_mixin.py:109} INFO - [2022-01-20 03:34:38,280] {dag.py:2389} INFO - Sync 1 DAGs
[2022-01-20 03:34:38,354] {logging_mixin.py:109} INFO - [2022-01-20 03:34:38,353] {dag.py:2914} INFO - Setting next_dagrun for example_weekday_branch_operator to 2022-01-19 00:00:00+00:00
[2022-01-20 03:34:38,386] {processor.py:171} INFO - Processing /home/airflow/.local/lib/python3.7/site-packages/airflow/example_dags/example_branch_day_of_week_operator.py took 0.378 seconds
[2022-01-20 03:35:08,544] {processor.py:163} INFO - Started process (PID=3258) to work on /home/airflow/.local/lib/python3.7/site-packages/airflow/example_dags/example_branch_day_of_week_operator.py
[2022-01-20 03:35:08,549] {processor.py:620} INFO - Processing file /home/airflow/.local/lib/python3.7/site-packages/airflow/example_dags/example_branch_day_of_week_operator.py for tasks to queue
[2022-01-20 03:35:08,552] {logging_mixin.py:109} INFO - [2022-01-20 03:35:08,552] {dagbag.py:500} INFO - Filling up the DagBag from /home/airflow/.local/lib/python3.7/site-packages/airflow/example_dags/example_branch_day_of_week_operator.py
[2022-01-20 03:35:08,738] {processor.py:632} INFO - DAG(s) dict_keys(['example_weekday_branch_operator']) retrieved from /home/airflow/.local/lib/python3.7/site-packages/airflow/example_dags/example_branch_day_of_week_operator.py
[2022-01-20 03:35:08,774] {logging_mixin.py:109} INFO - [2022-01-20 03:35:08,774] {dag.py:2389} INFO - Sync 1 DAGs
[2022-01-20 03:35:08,834] {logging_mixin.py:109} INFO - [2022-01-20 03:35:08,833] {dag.py:2914} INFO - Setting next_dagrun for example_weekday_branch_operator to 2022-01-19 00:00:00+00:00
[2022-01-20 03:35:08,860] {processor.py:171} INFO - Processing /home/airflow/.local/lib/python3.7/site-packages/airflow/example_dags/example_branch_day_of_week_operator.py took 0.323 seconds
[2022-01-20 03:35:39,022] {processor.py:163} INFO - Started process (PID=3370) to work on /home/airflow/.local/lib/python3.7/site-packages/airflow/example_dags/example_branch_day_of_week_operator.py
[2022-01-20 03:35:39,026] {processor.py:620} INFO - Processing file /home/airflow/.local/lib/python3.7/site-packages/airflow/example_dags/example_branch_day_of_week_operator.py for tasks to queue
[2022-01-20 03:35:39,030] {logging_mixin.py:109} INFO - [2022-01-20 03:35:39,029] {dagbag.py:500} INFO - Filling up the DagBag from /home/airflow/.local/lib/python3.7/site-packages/airflow/example_dags/example_branch_day_of_week_operator.py
[2022-01-20 03:35:39,112] {processor.py:632} INFO - DAG(s) dict_keys(['example_weekday_branch_operator']) retrieved from /home/airflow/.local/lib/python3.7/site-packages/airflow/example_dags/example_branch_day_of_week_operator.py
[2022-01-20 03:35:39,153] {logging_mixin.py:109} INFO - [2022-01-20 03:35:39,152] {dag.py:2389} INFO - Sync 1 DAGs
[2022-01-20 03:35:39,221] {logging_mixin.py:109} INFO - [2022-01-20 03:35:39,221] {dag.py:2914} INFO - Setting next_dagrun for example_weekday_branch_operator to 2022-01-19 00:00:00+00:00
[2022-01-20 03:35:39,251] {processor.py:171} INFO - Processing /home/airflow/.local/lib/python3.7/site-packages/airflow/example_dags/example_branch_day_of_week_operator.py took 0.237 seconds
[2022-01-20 03:36:09,386] {processor.py:163} INFO - Started process (PID=3466) to work on /home/airflow/.local/lib/python3.7/site-packages/airflow/example_dags/example_branch_day_of_week_operator.py
[2022-01-20 03:36:09,391] {processor.py:620} INFO - Processing file /home/airflow/.local/lib/python3.7/site-packages/airflow/example_dags/example_branch_day_of_week_operator.py for tasks to queue
[2022-01-20 03:36:09,394] {logging_mixin.py:109} INFO - [2022-01-20 03:36:09,394] {dagbag.py:500} INFO - Filling up the DagBag from /home/airflow/.local/lib/python3.7/site-packages/airflow/example_dags/example_branch_day_of_week_operator.py
[2022-01-20 03:36:09,455] {processor.py:632} INFO - DAG(s) dict_keys(['example_weekday_branch_operator']) retrieved from /home/airflow/.local/lib/python3.7/site-packages/airflow/example_dags/example_branch_day_of_week_operator.py
[2022-01-20 03:36:09,491] {logging_mixin.py:109} INFO - [2022-01-20 03:36:09,491] {dag.py:2389} INFO - Sync 1 DAGs
[2022-01-20 03:36:09,550] {logging_mixin.py:109} INFO - [2022-01-20 03:36:09,549] {dag.py:2914} INFO - Setting next_dagrun for example_weekday_branch_operator to 2022-01-19 00:00:00+00:00
[2022-01-20 03:36:09,577] {processor.py:171} INFO - Processing /home/airflow/.local/lib/python3.7/site-packages/airflow/example_dags/example_branch_day_of_week_operator.py took 0.197 seconds
[2022-01-20 03:36:39,796] {processor.py:163} INFO - Started process (PID=3575) to work on /home/airflow/.local/lib/python3.7/site-packages/airflow/example_dags/example_branch_day_of_week_operator.py
[2022-01-20 03:36:39,800] {processor.py:620} INFO - Processing file /home/airflow/.local/lib/python3.7/site-packages/airflow/example_dags/example_branch_day_of_week_operator.py for tasks to queue
[2022-01-20 03:36:39,804] {logging_mixin.py:109} INFO - [2022-01-20 03:36:39,803] {dagbag.py:500} INFO - Filling up the DagBag from /home/airflow/.local/lib/python3.7/site-packages/airflow/example_dags/example_branch_day_of_week_operator.py
[2022-01-20 03:36:39,879] {processor.py:632} INFO - DAG(s) dict_keys(['example_weekday_branch_operator']) retrieved from /home/airflow/.local/lib/python3.7/site-packages/airflow/example_dags/example_branch_day_of_week_operator.py
[2022-01-20 03:36:39,918] {logging_mixin.py:109} INFO - [2022-01-20 03:36:39,917] {dag.py:2389} INFO - Sync 1 DAGs
[2022-01-20 03:36:39,985] {logging_mixin.py:109} INFO - [2022-01-20 03:36:39,985] {dag.py:2914} INFO - Setting next_dagrun for example_weekday_branch_operator to 2022-01-19 00:00:00+00:00
[2022-01-20 03:36:40,015] {processor.py:171} INFO - Processing /home/airflow/.local/lib/python3.7/site-packages/airflow/example_dags/example_branch_day_of_week_operator.py took 0.236 seconds
[2022-01-20 03:37:10,308] {processor.py:163} INFO - Started process (PID=3670) to work on /home/airflow/.local/lib/python3.7/site-packages/airflow/example_dags/example_branch_day_of_week_operator.py
[2022-01-20 03:37:10,312] {processor.py:620} INFO - Processing file /home/airflow/.local/lib/python3.7/site-packages/airflow/example_dags/example_branch_day_of_week_operator.py for tasks to queue
[2022-01-20 03:37:10,315] {logging_mixin.py:109} INFO - [2022-01-20 03:37:10,315] {dagbag.py:500} INFO - Filling up the DagBag from /home/airflow/.local/lib/python3.7/site-packages/airflow/example_dags/example_branch_day_of_week_operator.py
[2022-01-20 03:37:10,386] {processor.py:632} INFO - DAG(s) dict_keys(['example_weekday_branch_operator']) retrieved from /home/airflow/.local/lib/python3.7/site-packages/airflow/example_dags/example_branch_day_of_week_operator.py
[2022-01-20 03:37:10,419] {logging_mixin.py:109} INFO - [2022-01-20 03:37:10,418] {dag.py:2389} INFO - Sync 1 DAGs
[2022-01-20 03:37:10,474] {logging_mixin.py:109} INFO - [2022-01-20 03:37:10,473] {dag.py:2914} INFO - Setting next_dagrun for example_weekday_branch_operator to 2022-01-19 00:00:00+00:00
[2022-01-20 03:37:10,496] {processor.py:171} INFO - Processing /home/airflow/.local/lib/python3.7/site-packages/airflow/example_dags/example_branch_day_of_week_operator.py took 0.196 seconds
[2022-01-20 03:37:40,703] {processor.py:163} INFO - Started process (PID=3783) to work on /home/airflow/.local/lib/python3.7/site-packages/airflow/example_dags/example_branch_day_of_week_operator.py
[2022-01-20 03:37:40,709] {processor.py:620} INFO - Processing file /home/airflow/.local/lib/python3.7/site-packages/airflow/example_dags/example_branch_day_of_week_operator.py for tasks to queue
[2022-01-20 03:37:40,712] {logging_mixin.py:109} INFO - [2022-01-20 03:37:40,712] {dagbag.py:500} INFO - Filling up the DagBag from /home/airflow/.local/lib/python3.7/site-packages/airflow/example_dags/example_branch_day_of_week_operator.py
[2022-01-20 03:37:40,790] {processor.py:632} INFO - DAG(s) dict_keys(['example_weekday_branch_operator']) retrieved from /home/airflow/.local/lib/python3.7/site-packages/airflow/example_dags/example_branch_day_of_week_operator.py
[2022-01-20 03:37:40,830] {logging_mixin.py:109} INFO - [2022-01-20 03:37:40,830] {dag.py:2389} INFO - Sync 1 DAGs
[2022-01-20 03:37:40,897] {logging_mixin.py:109} INFO - [2022-01-20 03:37:40,897] {dag.py:2914} INFO - Setting next_dagrun for example_weekday_branch_operator to 2022-01-19 00:00:00+00:00
[2022-01-20 03:37:40,927] {processor.py:171} INFO - Processing /home/airflow/.local/lib/python3.7/site-packages/airflow/example_dags/example_branch_day_of_week_operator.py took 0.232 seconds
[2022-01-20 03:38:11,817] {processor.py:163} INFO - Started process (PID=3893) to work on /home/airflow/.local/lib/python3.7/site-packages/airflow/example_dags/example_branch_day_of_week_operator.py
[2022-01-20 03:38:11,823] {processor.py:620} INFO - Processing file /home/airflow/.local/lib/python3.7/site-packages/airflow/example_dags/example_branch_day_of_week_operator.py for tasks to queue
[2022-01-20 03:38:11,827] {logging_mixin.py:109} INFO - [2022-01-20 03:38:11,826] {dagbag.py:500} INFO - Filling up the DagBag from /home/airflow/.local/lib/python3.7/site-packages/airflow/example_dags/example_branch_day_of_week_operator.py
[2022-01-20 03:38:11,961] {processor.py:632} INFO - DAG(s) dict_keys(['example_weekday_branch_operator']) retrieved from /home/airflow/.local/lib/python3.7/site-packages/airflow/example_dags/example_branch_day_of_week_operator.py
[2022-01-20 03:38:12,003] {logging_mixin.py:109} INFO - [2022-01-20 03:38:12,002] {dag.py:2389} INFO - Sync 1 DAGs
[2022-01-20 03:38:12,086] {logging_mixin.py:109} INFO - [2022-01-20 03:38:12,085] {dag.py:2914} INFO - Setting next_dagrun for example_weekday_branch_operator to 2022-01-19 00:00:00+00:00
[2022-01-20 03:38:12,117] {processor.py:171} INFO - Processing /home/airflow/.local/lib/python3.7/site-packages/airflow/example_dags/example_branch_day_of_week_operator.py took 0.310 seconds
[2022-01-20 03:38:42,401] {processor.py:163} INFO - Started process (PID=3996) to work on /home/airflow/.local/lib/python3.7/site-packages/airflow/example_dags/example_branch_day_of_week_operator.py
[2022-01-20 03:38:42,406] {processor.py:620} INFO - Processing file /home/airflow/.local/lib/python3.7/site-packages/airflow/example_dags/example_branch_day_of_week_operator.py for tasks to queue
[2022-01-20 03:38:42,424] {logging_mixin.py:109} INFO - [2022-01-20 03:38:42,423] {dagbag.py:500} INFO - Filling up the DagBag from /home/airflow/.local/lib/python3.7/site-packages/airflow/example_dags/example_branch_day_of_week_operator.py
[2022-01-20 03:38:42,518] {processor.py:632} INFO - DAG(s) dict_keys(['example_weekday_branch_operator']) retrieved from /home/airflow/.local/lib/python3.7/site-packages/airflow/example_dags/example_branch_day_of_week_operator.py
[2022-01-20 03:38:42,556] {logging_mixin.py:109} INFO - [2022-01-20 03:38:42,556] {dag.py:2389} INFO - Sync 1 DAGs
[2022-01-20 03:38:42,622] {logging_mixin.py:109} INFO - [2022-01-20 03:38:42,621] {dag.py:2914} INFO - Setting next_dagrun for example_weekday_branch_operator to 2022-01-19 00:00:00+00:00
[2022-01-20 03:38:42,650] {processor.py:171} INFO - Processing /home/airflow/.local/lib/python3.7/site-packages/airflow/example_dags/example_branch_day_of_week_operator.py took 0.255 seconds
[2022-01-20 03:39:12,710] {processor.py:163} INFO - Started process (PID=4109) to work on /home/airflow/.local/lib/python3.7/site-packages/airflow/example_dags/example_branch_day_of_week_operator.py
[2022-01-20 03:39:12,715] {processor.py:620} INFO - Processing file /home/airflow/.local/lib/python3.7/site-packages/airflow/example_dags/example_branch_day_of_week_operator.py for tasks to queue
[2022-01-20 03:39:12,720] {logging_mixin.py:109} INFO - [2022-01-20 03:39:12,720] {dagbag.py:500} INFO - Filling up the DagBag from /home/airflow/.local/lib/python3.7/site-packages/airflow/example_dags/example_branch_day_of_week_operator.py
[2022-01-20 03:39:12,806] {processor.py:632} INFO - DAG(s) dict_keys(['example_weekday_branch_operator']) retrieved from /home/airflow/.local/lib/python3.7/site-packages/airflow/example_dags/example_branch_day_of_week_operator.py
[2022-01-20 03:39:12,850] {logging_mixin.py:109} INFO - [2022-01-20 03:39:12,850] {dag.py:2389} INFO - Sync 1 DAGs
[2022-01-20 03:39:12,920] {logging_mixin.py:109} INFO - [2022-01-20 03:39:12,919] {dag.py:2914} INFO - Setting next_dagrun for example_weekday_branch_operator to 2022-01-19 00:00:00+00:00
[2022-01-20 03:39:12,953] {processor.py:171} INFO - Processing /home/airflow/.local/lib/python3.7/site-packages/airflow/example_dags/example_branch_day_of_week_operator.py took 0.250 seconds
[2022-01-20 03:39:43,248] {processor.py:163} INFO - Started process (PID=4206) to work on /home/airflow/.local/lib/python3.7/site-packages/airflow/example_dags/example_branch_day_of_week_operator.py
[2022-01-20 03:39:43,252] {processor.py:620} INFO - Processing file /home/airflow/.local/lib/python3.7/site-packages/airflow/example_dags/example_branch_day_of_week_operator.py for tasks to queue
[2022-01-20 03:39:43,255] {logging_mixin.py:109} INFO - [2022-01-20 03:39:43,255] {dagbag.py:500} INFO - Filling up the DagBag from /home/airflow/.local/lib/python3.7/site-packages/airflow/example_dags/example_branch_day_of_week_operator.py
[2022-01-20 03:39:43,331] {processor.py:632} INFO - DAG(s) dict_keys(['example_weekday_branch_operator']) retrieved from /home/airflow/.local/lib/python3.7/site-packages/airflow/example_dags/example_branch_day_of_week_operator.py
[2022-01-20 03:39:43,368] {logging_mixin.py:109} INFO - [2022-01-20 03:39:43,367] {dag.py:2389} INFO - Sync 1 DAGs
[2022-01-20 03:39:43,439] {logging_mixin.py:109} INFO - [2022-01-20 03:39:43,438] {dag.py:2914} INFO - Setting next_dagrun for example_weekday_branch_operator to 2022-01-19 00:00:00+00:00
[2022-01-20 03:39:43,466] {processor.py:171} INFO - Processing /home/airflow/.local/lib/python3.7/site-packages/airflow/example_dags/example_branch_day_of_week_operator.py took 0.225 seconds
[2022-01-20 03:40:13,679] {processor.py:163} INFO - Started process (PID=4320) to work on /home/airflow/.local/lib/python3.7/site-packages/airflow/example_dags/example_branch_day_of_week_operator.py
[2022-01-20 03:40:13,685] {processor.py:620} INFO - Processing file /home/airflow/.local/lib/python3.7/site-packages/airflow/example_dags/example_branch_day_of_week_operator.py for tasks to queue
[2022-01-20 03:40:13,689] {logging_mixin.py:109} INFO - [2022-01-20 03:40:13,688] {dagbag.py:500} INFO - Filling up the DagBag from /home/airflow/.local/lib/python3.7/site-packages/airflow/example_dags/example_branch_day_of_week_operator.py
[2022-01-20 03:40:13,776] {processor.py:632} INFO - DAG(s) dict_keys(['example_weekday_branch_operator']) retrieved from /home/airflow/.local/lib/python3.7/site-packages/airflow/example_dags/example_branch_day_of_week_operator.py
[2022-01-20 03:40:13,823] {logging_mixin.py:109} INFO - [2022-01-20 03:40:13,823] {dag.py:2389} INFO - Sync 1 DAGs
[2022-01-20 03:40:13,899] {logging_mixin.py:109} INFO - [2022-01-20 03:40:13,899] {dag.py:2914} INFO - Setting next_dagrun for example_weekday_branch_operator to 2022-01-19 00:00:00+00:00
[2022-01-20 03:40:13,931] {processor.py:171} INFO - Processing /home/airflow/.local/lib/python3.7/site-packages/airflow/example_dags/example_branch_day_of_week_operator.py took 0.261 seconds
[2022-01-20 03:40:44,512] {processor.py:163} INFO - Started process (PID=4417) to work on /home/airflow/.local/lib/python3.7/site-packages/airflow/example_dags/example_branch_day_of_week_operator.py
[2022-01-20 03:40:44,516] {processor.py:620} INFO - Processing file /home/airflow/.local/lib/python3.7/site-packages/airflow/example_dags/example_branch_day_of_week_operator.py for tasks to queue
[2022-01-20 03:40:44,520] {logging_mixin.py:109} INFO - [2022-01-20 03:40:44,520] {dagbag.py:500} INFO - Filling up the DagBag from /home/airflow/.local/lib/python3.7/site-packages/airflow/example_dags/example_branch_day_of_week_operator.py
[2022-01-20 03:40:44,598] {processor.py:632} INFO - DAG(s) dict_keys(['example_weekday_branch_operator']) retrieved from /home/airflow/.local/lib/python3.7/site-packages/airflow/example_dags/example_branch_day_of_week_operator.py
[2022-01-20 03:40:44,636] {logging_mixin.py:109} INFO - [2022-01-20 03:40:44,635] {dag.py:2389} INFO - Sync 1 DAGs
[2022-01-20 03:40:44,701] {logging_mixin.py:109} INFO - [2022-01-20 03:40:44,701] {dag.py:2914} INFO - Setting next_dagrun for example_weekday_branch_operator to 2022-01-19 00:00:00+00:00
[2022-01-20 03:40:44,728] {processor.py:171} INFO - Processing /home/airflow/.local/lib/python3.7/site-packages/airflow/example_dags/example_branch_day_of_week_operator.py took 0.224 seconds
[2022-01-20 03:41:17,699] {processor.py:163} INFO - Started process (PID=4532) to work on /home/airflow/.local/lib/python3.7/site-packages/airflow/example_dags/example_branch_day_of_week_operator.py
[2022-01-20 03:41:17,703] {processor.py:620} INFO - Processing file /home/airflow/.local/lib/python3.7/site-packages/airflow/example_dags/example_branch_day_of_week_operator.py for tasks to queue
[2022-01-20 03:41:17,709] {logging_mixin.py:109} INFO - [2022-01-20 03:41:17,709] {dagbag.py:500} INFO - Filling up the DagBag from /home/airflow/.local/lib/python3.7/site-packages/airflow/example_dags/example_branch_day_of_week_operator.py
[2022-01-20 03:41:17,801] {processor.py:632} INFO - DAG(s) dict_keys(['example_weekday_branch_operator']) retrieved from /home/airflow/.local/lib/python3.7/site-packages/airflow/example_dags/example_branch_day_of_week_operator.py
[2022-01-20 03:41:17,846] {logging_mixin.py:109} INFO - [2022-01-20 03:41:17,845] {dag.py:2389} INFO - Sync 1 DAGs
[2022-01-20 03:41:17,928] {logging_mixin.py:109} INFO - [2022-01-20 03:41:17,927] {dag.py:2914} INFO - Setting next_dagrun for example_weekday_branch_operator to 2022-01-19 00:00:00+00:00
[2022-01-20 03:41:17,955] {processor.py:171} INFO - Processing /home/airflow/.local/lib/python3.7/site-packages/airflow/example_dags/example_branch_day_of_week_operator.py took 0.264 seconds
[2022-01-20 03:41:49,711] {processor.py:163} INFO - Started process (PID=4630) to work on /home/airflow/.local/lib/python3.7/site-packages/airflow/example_dags/example_branch_day_of_week_operator.py
[2022-01-20 03:41:49,715] {processor.py:620} INFO - Processing file /home/airflow/.local/lib/python3.7/site-packages/airflow/example_dags/example_branch_day_of_week_operator.py for tasks to queue
[2022-01-20 03:41:49,718] {logging_mixin.py:109} INFO - [2022-01-20 03:41:49,717] {dagbag.py:500} INFO - Filling up the DagBag from /home/airflow/.local/lib/python3.7/site-packages/airflow/example_dags/example_branch_day_of_week_operator.py
[2022-01-20 03:41:49,786] {processor.py:632} INFO - DAG(s) dict_keys(['example_weekday_branch_operator']) retrieved from /home/airflow/.local/lib/python3.7/site-packages/airflow/example_dags/example_branch_day_of_week_operator.py
[2022-01-20 03:41:49,822] {logging_mixin.py:109} INFO - [2022-01-20 03:41:49,822] {dag.py:2389} INFO - Sync 1 DAGs
[2022-01-20 03:41:49,884] {logging_mixin.py:109} INFO - [2022-01-20 03:41:49,883] {dag.py:2914} INFO - Setting next_dagrun for example_weekday_branch_operator to 2022-01-19 00:00:00+00:00
[2022-01-20 03:41:49,929] {processor.py:171} INFO - Processing /home/airflow/.local/lib/python3.7/site-packages/airflow/example_dags/example_branch_day_of_week_operator.py took 0.225 seconds
[2022-01-20 03:42:23,249] {processor.py:163} INFO - Started process (PID=4742) to work on /home/airflow/.local/lib/python3.7/site-packages/airflow/example_dags/example_branch_day_of_week_operator.py
[2022-01-20 03:42:23,253] {processor.py:620} INFO - Processing file /home/airflow/.local/lib/python3.7/site-packages/airflow/example_dags/example_branch_day_of_week_operator.py for tasks to queue
[2022-01-20 03:42:23,258] {logging_mixin.py:109} INFO - [2022-01-20 03:42:23,257] {dagbag.py:500} INFO - Filling up the DagBag from /home/airflow/.local/lib/python3.7/site-packages/airflow/example_dags/example_branch_day_of_week_operator.py
[2022-01-20 03:42:23,336] {processor.py:632} INFO - DAG(s) dict_keys(['example_weekday_branch_operator']) retrieved from /home/airflow/.local/lib/python3.7/site-packages/airflow/example_dags/example_branch_day_of_week_operator.py
[2022-01-20 03:42:23,376] {logging_mixin.py:109} INFO - [2022-01-20 03:42:23,376] {dag.py:2389} INFO - Sync 1 DAGs
[2022-01-20 03:42:23,441] {logging_mixin.py:109} INFO - [2022-01-20 03:42:23,440] {dag.py:2914} INFO - Setting next_dagrun for example_weekday_branch_operator to 2022-01-19 00:00:00+00:00
[2022-01-20 03:42:23,467] {processor.py:171} INFO - Processing /home/airflow/.local/lib/python3.7/site-packages/airflow/example_dags/example_branch_day_of_week_operator.py took 0.225 seconds
[2022-01-20 03:42:55,935] {processor.py:163} INFO - Started process (PID=4853) to work on /home/airflow/.local/lib/python3.7/site-packages/airflow/example_dags/example_branch_day_of_week_operator.py
[2022-01-20 03:42:55,942] {processor.py:620} INFO - Processing file /home/airflow/.local/lib/python3.7/site-packages/airflow/example_dags/example_branch_day_of_week_operator.py for tasks to queue
[2022-01-20 03:42:55,950] {logging_mixin.py:109} INFO - [2022-01-20 03:42:55,949] {dagbag.py:500} INFO - Filling up the DagBag from /home/airflow/.local/lib/python3.7/site-packages/airflow/example_dags/example_branch_day_of_week_operator.py
[2022-01-20 03:42:56,050] {processor.py:632} INFO - DAG(s) dict_keys(['example_weekday_branch_operator']) retrieved from /home/airflow/.local/lib/python3.7/site-packages/airflow/example_dags/example_branch_day_of_week_operator.py
[2022-01-20 03:42:56,227] {logging_mixin.py:109} INFO - [2022-01-20 03:42:56,226] {dag.py:2389} INFO - Sync 1 DAGs
[2022-01-20 03:42:56,353] {logging_mixin.py:109} INFO - [2022-01-20 03:42:56,353] {dag.py:2914} INFO - Setting next_dagrun for example_weekday_branch_operator to 2022-01-19 00:00:00+00:00
[2022-01-20 03:42:56,385] {processor.py:171} INFO - Processing /home/airflow/.local/lib/python3.7/site-packages/airflow/example_dags/example_branch_day_of_week_operator.py took 0.458 seconds
[2022-01-20 03:43:26,589] {processor.py:163} INFO - Started process (PID=4951) to work on /home/airflow/.local/lib/python3.7/site-packages/airflow/example_dags/example_branch_day_of_week_operator.py
[2022-01-20 03:43:26,593] {processor.py:620} INFO - Processing file /home/airflow/.local/lib/python3.7/site-packages/airflow/example_dags/example_branch_day_of_week_operator.py for tasks to queue
[2022-01-20 03:43:26,596] {logging_mixin.py:109} INFO - [2022-01-20 03:43:26,596] {dagbag.py:500} INFO - Filling up the DagBag from /home/airflow/.local/lib/python3.7/site-packages/airflow/example_dags/example_branch_day_of_week_operator.py
[2022-01-20 03:43:26,685] {processor.py:632} INFO - DAG(s) dict_keys(['example_weekday_branch_operator']) retrieved from /home/airflow/.local/lib/python3.7/site-packages/airflow/example_dags/example_branch_day_of_week_operator.py
[2022-01-20 03:43:26,724] {logging_mixin.py:109} INFO - [2022-01-20 03:43:26,723] {dag.py:2389} INFO - Sync 1 DAGs
[2022-01-20 03:43:26,788] {logging_mixin.py:109} INFO - [2022-01-20 03:43:26,787] {dag.py:2914} INFO - Setting next_dagrun for example_weekday_branch_operator to 2022-01-19 00:00:00+00:00
[2022-01-20 03:43:26,816] {processor.py:171} INFO - Processing /home/airflow/.local/lib/python3.7/site-packages/airflow/example_dags/example_branch_day_of_week_operator.py took 0.235 seconds
[2022-01-20 03:43:57,697] {processor.py:163} INFO - Started process (PID=5063) to work on /home/airflow/.local/lib/python3.7/site-packages/airflow/example_dags/example_branch_day_of_week_operator.py
[2022-01-20 03:43:57,715] {processor.py:620} INFO - Processing file /home/airflow/.local/lib/python3.7/site-packages/airflow/example_dags/example_branch_day_of_week_operator.py for tasks to queue
[2022-01-20 03:43:57,720] {logging_mixin.py:109} INFO - [2022-01-20 03:43:57,719] {dagbag.py:500} INFO - Filling up the DagBag from /home/airflow/.local/lib/python3.7/site-packages/airflow/example_dags/example_branch_day_of_week_operator.py
[2022-01-20 03:43:57,839] {processor.py:632} INFO - DAG(s) dict_keys(['example_weekday_branch_operator']) retrieved from /home/airflow/.local/lib/python3.7/site-packages/airflow/example_dags/example_branch_day_of_week_operator.py
[2022-01-20 03:43:57,884] {logging_mixin.py:109} INFO - [2022-01-20 03:43:57,884] {dag.py:2389} INFO - Sync 1 DAGs
[2022-01-20 03:43:57,990] {logging_mixin.py:109} INFO - [2022-01-20 03:43:57,980] {dag.py:2914} INFO - Setting next_dagrun for example_weekday_branch_operator to 2022-01-19 00:00:00+00:00
[2022-01-20 03:43:58,040] {processor.py:171} INFO - Processing /home/airflow/.local/lib/python3.7/site-packages/airflow/example_dags/example_branch_day_of_week_operator.py took 0.350 seconds
[2022-01-20 03:44:28,919] {processor.py:163} INFO - Started process (PID=5160) to work on /home/airflow/.local/lib/python3.7/site-packages/airflow/example_dags/example_branch_day_of_week_operator.py
[2022-01-20 03:44:28,925] {processor.py:620} INFO - Processing file /home/airflow/.local/lib/python3.7/site-packages/airflow/example_dags/example_branch_day_of_week_operator.py for tasks to queue
[2022-01-20 03:44:28,929] {logging_mixin.py:109} INFO - [2022-01-20 03:44:28,928] {dagbag.py:500} INFO - Filling up the DagBag from /home/airflow/.local/lib/python3.7/site-packages/airflow/example_dags/example_branch_day_of_week_operator.py
[2022-01-20 03:44:29,044] {processor.py:632} INFO - DAG(s) dict_keys(['example_weekday_branch_operator']) retrieved from /home/airflow/.local/lib/python3.7/site-packages/airflow/example_dags/example_branch_day_of_week_operator.py
[2022-01-20 03:44:29,084] {logging_mixin.py:109} INFO - [2022-01-20 03:44:29,084] {dag.py:2389} INFO - Sync 1 DAGs
[2022-01-20 03:44:29,152] {logging_mixin.py:109} INFO - [2022-01-20 03:44:29,151] {dag.py:2914} INFO - Setting next_dagrun for example_weekday_branch_operator to 2022-01-19 00:00:00+00:00
[2022-01-20 03:44:29,180] {processor.py:171} INFO - Processing /home/airflow/.local/lib/python3.7/site-packages/airflow/example_dags/example_branch_day_of_week_operator.py took 0.267 seconds
[2022-01-20 03:44:59,303] {processor.py:163} INFO - Started process (PID=5272) to work on /home/airflow/.local/lib/python3.7/site-packages/airflow/example_dags/example_branch_day_of_week_operator.py
[2022-01-20 03:44:59,307] {processor.py:620} INFO - Processing file /home/airflow/.local/lib/python3.7/site-packages/airflow/example_dags/example_branch_day_of_week_operator.py for tasks to queue
[2022-01-20 03:44:59,313] {logging_mixin.py:109} INFO - [2022-01-20 03:44:59,312] {dagbag.py:500} INFO - Filling up the DagBag from /home/airflow/.local/lib/python3.7/site-packages/airflow/example_dags/example_branch_day_of_week_operator.py
[2022-01-20 03:44:59,405] {processor.py:632} INFO - DAG(s) dict_keys(['example_weekday_branch_operator']) retrieved from /home/airflow/.local/lib/python3.7/site-packages/airflow/example_dags/example_branch_day_of_week_operator.py
[2022-01-20 03:44:59,457] {logging_mixin.py:109} INFO - [2022-01-20 03:44:59,457] {dag.py:2389} INFO - Sync 1 DAGs
[2022-01-20 03:44:59,528] {logging_mixin.py:109} INFO - [2022-01-20 03:44:59,527] {dag.py:2914} INFO - Setting next_dagrun for example_weekday_branch_operator to 2022-01-19 00:00:00+00:00
[2022-01-20 03:44:59,565] {processor.py:171} INFO - Processing /home/airflow/.local/lib/python3.7/site-packages/airflow/example_dags/example_branch_day_of_week_operator.py took 0.270 seconds
[2022-01-20 03:45:30,073] {processor.py:163} INFO - Started process (PID=5365) to work on /home/airflow/.local/lib/python3.7/site-packages/airflow/example_dags/example_branch_day_of_week_operator.py
[2022-01-20 03:45:30,077] {processor.py:620} INFO - Processing file /home/airflow/.local/lib/python3.7/site-packages/airflow/example_dags/example_branch_day_of_week_operator.py for tasks to queue
[2022-01-20 03:45:30,081] {logging_mixin.py:109} INFO - [2022-01-20 03:45:30,081] {dagbag.py:500} INFO - Filling up the DagBag from /home/airflow/.local/lib/python3.7/site-packages/airflow/example_dags/example_branch_day_of_week_operator.py
[2022-01-20 03:45:30,153] {processor.py:632} INFO - DAG(s) dict_keys(['example_weekday_branch_operator']) retrieved from /home/airflow/.local/lib/python3.7/site-packages/airflow/example_dags/example_branch_day_of_week_operator.py
[2022-01-20 03:45:30,186] {logging_mixin.py:109} INFO - [2022-01-20 03:45:30,186] {dag.py:2389} INFO - Sync 1 DAGs
[2022-01-20 03:45:30,246] {logging_mixin.py:109} INFO - [2022-01-20 03:45:30,246] {dag.py:2914} INFO - Setting next_dagrun for example_weekday_branch_operator to 2022-01-19 00:00:00+00:00
[2022-01-20 03:45:30,271] {processor.py:171} INFO - Processing /home/airflow/.local/lib/python3.7/site-packages/airflow/example_dags/example_branch_day_of_week_operator.py took 0.205 seconds
[2022-01-20 03:46:00,517] {processor.py:163} INFO - Started process (PID=5478) to work on /home/airflow/.local/lib/python3.7/site-packages/airflow/example_dags/example_branch_day_of_week_operator.py
[2022-01-20 03:46:00,524] {processor.py:620} INFO - Processing file /home/airflow/.local/lib/python3.7/site-packages/airflow/example_dags/example_branch_day_of_week_operator.py for tasks to queue
[2022-01-20 03:46:00,527] {logging_mixin.py:109} INFO - [2022-01-20 03:46:00,527] {dagbag.py:500} INFO - Filling up the DagBag from /home/airflow/.local/lib/python3.7/site-packages/airflow/example_dags/example_branch_day_of_week_operator.py
[2022-01-20 03:46:00,610] {processor.py:632} INFO - DAG(s) dict_keys(['example_weekday_branch_operator']) retrieved from /home/airflow/.local/lib/python3.7/site-packages/airflow/example_dags/example_branch_day_of_week_operator.py
[2022-01-20 03:46:00,651] {logging_mixin.py:109} INFO - [2022-01-20 03:46:00,650] {dag.py:2389} INFO - Sync 1 DAGs
[2022-01-20 03:46:00,750] {logging_mixin.py:109} INFO - [2022-01-20 03:46:00,750] {dag.py:2914} INFO - Setting next_dagrun for example_weekday_branch_operator to 2022-01-19 00:00:00+00:00
[2022-01-20 03:46:00,780] {processor.py:171} INFO - Processing /home/airflow/.local/lib/python3.7/site-packages/airflow/example_dags/example_branch_day_of_week_operator.py took 0.271 seconds
[2022-01-20 03:46:30,876] {processor.py:163} INFO - Started process (PID=5575) to work on /home/airflow/.local/lib/python3.7/site-packages/airflow/example_dags/example_branch_day_of_week_operator.py
[2022-01-20 03:46:30,882] {processor.py:620} INFO - Processing file /home/airflow/.local/lib/python3.7/site-packages/airflow/example_dags/example_branch_day_of_week_operator.py for tasks to queue
[2022-01-20 03:46:30,887] {logging_mixin.py:109} INFO - [2022-01-20 03:46:30,886] {dagbag.py:500} INFO - Filling up the DagBag from /home/airflow/.local/lib/python3.7/site-packages/airflow/example_dags/example_branch_day_of_week_operator.py
[2022-01-20 03:46:30,976] {processor.py:632} INFO - DAG(s) dict_keys(['example_weekday_branch_operator']) retrieved from /home/airflow/.local/lib/python3.7/site-packages/airflow/example_dags/example_branch_day_of_week_operator.py
[2022-01-20 03:46:31,015] {logging_mixin.py:109} INFO - [2022-01-20 03:46:31,015] {dag.py:2389} INFO - Sync 1 DAGs
[2022-01-20 03:46:31,085] {logging_mixin.py:109} INFO - [2022-01-20 03:46:31,084] {dag.py:2914} INFO - Setting next_dagrun for example_weekday_branch_operator to 2022-01-19 00:00:00+00:00
[2022-01-20 03:46:31,132] {processor.py:171} INFO - Processing /home/airflow/.local/lib/python3.7/site-packages/airflow/example_dags/example_branch_day_of_week_operator.py took 0.264 seconds
[2022-01-20 03:47:01,184] {processor.py:163} INFO - Started process (PID=5694) to work on /home/airflow/.local/lib/python3.7/site-packages/airflow/example_dags/example_branch_day_of_week_operator.py
[2022-01-20 03:47:01,188] {processor.py:620} INFO - Processing file /home/airflow/.local/lib/python3.7/site-packages/airflow/example_dags/example_branch_day_of_week_operator.py for tasks to queue
[2022-01-20 03:47:01,193] {logging_mixin.py:109} INFO - [2022-01-20 03:47:01,193] {dagbag.py:500} INFO - Filling up the DagBag from /home/airflow/.local/lib/python3.7/site-packages/airflow/example_dags/example_branch_day_of_week_operator.py
[2022-01-20 03:47:01,271] {processor.py:632} INFO - DAG(s) dict_keys(['example_weekday_branch_operator']) retrieved from /home/airflow/.local/lib/python3.7/site-packages/airflow/example_dags/example_branch_day_of_week_operator.py
[2022-01-20 03:47:01,312] {logging_mixin.py:109} INFO - [2022-01-20 03:47:01,311] {dag.py:2389} INFO - Sync 1 DAGs
[2022-01-20 03:47:01,381] {logging_mixin.py:109} INFO - [2022-01-20 03:47:01,380] {dag.py:2914} INFO - Setting next_dagrun for example_weekday_branch_operator to 2022-01-19 00:00:00+00:00
[2022-01-20 03:47:01,409] {processor.py:171} INFO - Processing /home/airflow/.local/lib/python3.7/site-packages/airflow/example_dags/example_branch_day_of_week_operator.py took 0.232 seconds
[2022-01-20 03:47:31,716] {processor.py:163} INFO - Started process (PID=5802) to work on /home/airflow/.local/lib/python3.7/site-packages/airflow/example_dags/example_branch_day_of_week_operator.py
[2022-01-20 03:47:31,721] {processor.py:620} INFO - Processing file /home/airflow/.local/lib/python3.7/site-packages/airflow/example_dags/example_branch_day_of_week_operator.py for tasks to queue
[2022-01-20 03:47:31,725] {logging_mixin.py:109} INFO - [2022-01-20 03:47:31,724] {dagbag.py:500} INFO - Filling up the DagBag from /home/airflow/.local/lib/python3.7/site-packages/airflow/example_dags/example_branch_day_of_week_operator.py
[2022-01-20 03:47:31,805] {processor.py:632} INFO - DAG(s) dict_keys(['example_weekday_branch_operator']) retrieved from /home/airflow/.local/lib/python3.7/site-packages/airflow/example_dags/example_branch_day_of_week_operator.py
[2022-01-20 03:47:31,846] {logging_mixin.py:109} INFO - [2022-01-20 03:47:31,846] {dag.py:2389} INFO - Sync 1 DAGs
[2022-01-20 03:47:31,913] {logging_mixin.py:109} INFO - [2022-01-20 03:47:31,913] {dag.py:2914} INFO - Setting next_dagrun for example_weekday_branch_operator to 2022-01-19 00:00:00+00:00
[2022-01-20 03:47:31,943] {processor.py:171} INFO - Processing /home/airflow/.local/lib/python3.7/site-packages/airflow/example_dags/example_branch_day_of_week_operator.py took 0.234 seconds
[2022-01-20 03:48:02,257] {processor.py:163} INFO - Started process (PID=5903) to work on /home/airflow/.local/lib/python3.7/site-packages/airflow/example_dags/example_branch_day_of_week_operator.py
[2022-01-20 03:48:02,261] {processor.py:620} INFO - Processing file /home/airflow/.local/lib/python3.7/site-packages/airflow/example_dags/example_branch_day_of_week_operator.py for tasks to queue
[2022-01-20 03:48:02,264] {logging_mixin.py:109} INFO - [2022-01-20 03:48:02,264] {dagbag.py:500} INFO - Filling up the DagBag from /home/airflow/.local/lib/python3.7/site-packages/airflow/example_dags/example_branch_day_of_week_operator.py
[2022-01-20 03:48:02,335] {processor.py:632} INFO - DAG(s) dict_keys(['example_weekday_branch_operator']) retrieved from /home/airflow/.local/lib/python3.7/site-packages/airflow/example_dags/example_branch_day_of_week_operator.py
[2022-01-20 03:48:02,372] {logging_mixin.py:109} INFO - [2022-01-20 03:48:02,371] {dag.py:2389} INFO - Sync 1 DAGs
[2022-01-20 03:48:02,435] {logging_mixin.py:109} INFO - [2022-01-20 03:48:02,435] {dag.py:2914} INFO - Setting next_dagrun for example_weekday_branch_operator to 2022-01-19 00:00:00+00:00
[2022-01-20 03:48:02,463] {processor.py:171} INFO - Processing /home/airflow/.local/lib/python3.7/site-packages/airflow/example_dags/example_branch_day_of_week_operator.py took 0.212 seconds
[2022-01-20 03:48:33,211] {processor.py:163} INFO - Started process (PID=6017) to work on /home/airflow/.local/lib/python3.7/site-packages/airflow/example_dags/example_branch_day_of_week_operator.py
[2022-01-20 03:48:33,216] {processor.py:620} INFO - Processing file /home/airflow/.local/lib/python3.7/site-packages/airflow/example_dags/example_branch_day_of_week_operator.py for tasks to queue
[2022-01-20 03:48:33,220] {logging_mixin.py:109} INFO - [2022-01-20 03:48:33,220] {dagbag.py:500} INFO - Filling up the DagBag from /home/airflow/.local/lib/python3.7/site-packages/airflow/example_dags/example_branch_day_of_week_operator.py
[2022-01-20 03:48:33,292] {processor.py:632} INFO - DAG(s) dict_keys(['example_weekday_branch_operator']) retrieved from /home/airflow/.local/lib/python3.7/site-packages/airflow/example_dags/example_branch_day_of_week_operator.py
[2022-01-20 03:48:33,330] {logging_mixin.py:109} INFO - [2022-01-20 03:48:33,329] {dag.py:2389} INFO - Sync 1 DAGs
[2022-01-20 03:48:33,397] {logging_mixin.py:109} INFO - [2022-01-20 03:48:33,396] {dag.py:2914} INFO - Setting next_dagrun for example_weekday_branch_operator to 2022-01-19 00:00:00+00:00
[2022-01-20 03:48:33,429] {processor.py:171} INFO - Processing /home/airflow/.local/lib/python3.7/site-packages/airflow/example_dags/example_branch_day_of_week_operator.py took 0.225 seconds
[2022-01-20 03:49:04,279] {processor.py:163} INFO - Started process (PID=6113) to work on /home/airflow/.local/lib/python3.7/site-packages/airflow/example_dags/example_branch_day_of_week_operator.py
[2022-01-20 03:49:04,284] {processor.py:620} INFO - Processing file /home/airflow/.local/lib/python3.7/site-packages/airflow/example_dags/example_branch_day_of_week_operator.py for tasks to queue
[2022-01-20 03:49:04,287] {logging_mixin.py:109} INFO - [2022-01-20 03:49:04,286] {dagbag.py:500} INFO - Filling up the DagBag from /home/airflow/.local/lib/python3.7/site-packages/airflow/example_dags/example_branch_day_of_week_operator.py
[2022-01-20 03:49:04,360] {processor.py:632} INFO - DAG(s) dict_keys(['example_weekday_branch_operator']) retrieved from /home/airflow/.local/lib/python3.7/site-packages/airflow/example_dags/example_branch_day_of_week_operator.py
[2022-01-20 03:49:04,397] {logging_mixin.py:109} INFO - [2022-01-20 03:49:04,397] {dag.py:2389} INFO - Sync 1 DAGs
[2022-01-20 03:49:04,464] {logging_mixin.py:109} INFO - [2022-01-20 03:49:04,463] {dag.py:2914} INFO - Setting next_dagrun for example_weekday_branch_operator to 2022-01-19 00:00:00+00:00
[2022-01-20 03:49:04,490] {processor.py:171} INFO - Processing /home/airflow/.local/lib/python3.7/site-packages/airflow/example_dags/example_branch_day_of_week_operator.py took 0.219 seconds
[2022-01-20 03:49:35,110] {processor.py:163} INFO - Started process (PID=6230) to work on /home/airflow/.local/lib/python3.7/site-packages/airflow/example_dags/example_branch_day_of_week_operator.py
[2022-01-20 03:49:35,117] {processor.py:620} INFO - Processing file /home/airflow/.local/lib/python3.7/site-packages/airflow/example_dags/example_branch_day_of_week_operator.py for tasks to queue
[2022-01-20 03:49:35,123] {logging_mixin.py:109} INFO - [2022-01-20 03:49:35,123] {dagbag.py:500} INFO - Filling up the DagBag from /home/airflow/.local/lib/python3.7/site-packages/airflow/example_dags/example_branch_day_of_week_operator.py
[2022-01-20 03:49:35,240] {processor.py:632} INFO - DAG(s) dict_keys(['example_weekday_branch_operator']) retrieved from /home/airflow/.local/lib/python3.7/site-packages/airflow/example_dags/example_branch_day_of_week_operator.py
[2022-01-20 03:49:35,296] {logging_mixin.py:109} INFO - [2022-01-20 03:49:35,296] {dag.py:2389} INFO - Sync 1 DAGs
[2022-01-20 03:49:35,378] {logging_mixin.py:109} INFO - [2022-01-20 03:49:35,378] {dag.py:2914} INFO - Setting next_dagrun for example_weekday_branch_operator to 2022-01-19 00:00:00+00:00
[2022-01-20 03:49:35,414] {processor.py:171} INFO - Processing /home/airflow/.local/lib/python3.7/site-packages/airflow/example_dags/example_branch_day_of_week_operator.py took 0.313 seconds
[2022-01-20 03:50:06,484] {processor.py:163} INFO - Started process (PID=6326) to work on /home/airflow/.local/lib/python3.7/site-packages/airflow/example_dags/example_branch_day_of_week_operator.py
[2022-01-20 03:50:06,489] {processor.py:620} INFO - Processing file /home/airflow/.local/lib/python3.7/site-packages/airflow/example_dags/example_branch_day_of_week_operator.py for tasks to queue
[2022-01-20 03:50:06,493] {logging_mixin.py:109} INFO - [2022-01-20 03:50:06,492] {dagbag.py:500} INFO - Filling up the DagBag from /home/airflow/.local/lib/python3.7/site-packages/airflow/example_dags/example_branch_day_of_week_operator.py
[2022-01-20 03:50:06,568] {processor.py:632} INFO - DAG(s) dict_keys(['example_weekday_branch_operator']) retrieved from /home/airflow/.local/lib/python3.7/site-packages/airflow/example_dags/example_branch_day_of_week_operator.py
[2022-01-20 03:50:06,615] {logging_mixin.py:109} INFO - [2022-01-20 03:50:06,614] {dag.py:2389} INFO - Sync 1 DAGs
[2022-01-20 03:50:06,699] {logging_mixin.py:109} INFO - [2022-01-20 03:50:06,698] {dag.py:2914} INFO - Setting next_dagrun for example_weekday_branch_operator to 2022-01-19 00:00:00+00:00
[2022-01-20 03:50:06,728] {processor.py:171} INFO - Processing /home/airflow/.local/lib/python3.7/site-packages/airflow/example_dags/example_branch_day_of_week_operator.py took 0.252 seconds
[2022-01-20 03:50:37,330] {processor.py:163} INFO - Started process (PID=6438) to work on /home/airflow/.local/lib/python3.7/site-packages/airflow/example_dags/example_branch_day_of_week_operator.py
[2022-01-20 03:50:37,339] {processor.py:620} INFO - Processing file /home/airflow/.local/lib/python3.7/site-packages/airflow/example_dags/example_branch_day_of_week_operator.py for tasks to queue
[2022-01-20 03:50:37,348] {logging_mixin.py:109} INFO - [2022-01-20 03:50:37,347] {dagbag.py:500} INFO - Filling up the DagBag from /home/airflow/.local/lib/python3.7/site-packages/airflow/example_dags/example_branch_day_of_week_operator.py
[2022-01-20 03:50:37,498] {processor.py:632} INFO - DAG(s) dict_keys(['example_weekday_branch_operator']) retrieved from /home/airflow/.local/lib/python3.7/site-packages/airflow/example_dags/example_branch_day_of_week_operator.py
[2022-01-20 03:50:37,541] {logging_mixin.py:109} INFO - [2022-01-20 03:50:37,540] {dag.py:2389} INFO - Sync 1 DAGs
[2022-01-20 03:50:37,608] {logging_mixin.py:109} INFO - [2022-01-20 03:50:37,607] {dag.py:2914} INFO - Setting next_dagrun for example_weekday_branch_operator to 2022-01-19 00:00:00+00:00
[2022-01-20 03:50:37,637] {processor.py:171} INFO - Processing /home/airflow/.local/lib/python3.7/site-packages/airflow/example_dags/example_branch_day_of_week_operator.py took 0.322 seconds
[2022-01-20 03:51:08,165] {processor.py:163} INFO - Started process (PID=6528) to work on /home/airflow/.local/lib/python3.7/site-packages/airflow/example_dags/example_branch_day_of_week_operator.py
[2022-01-20 03:51:08,170] {processor.py:620} INFO - Processing file /home/airflow/.local/lib/python3.7/site-packages/airflow/example_dags/example_branch_day_of_week_operator.py for tasks to queue
[2022-01-20 03:51:08,172] {logging_mixin.py:109} INFO - [2022-01-20 03:51:08,172] {dagbag.py:500} INFO - Filling up the DagBag from /home/airflow/.local/lib/python3.7/site-packages/airflow/example_dags/example_branch_day_of_week_operator.py
[2022-01-20 03:51:08,238] {processor.py:632} INFO - DAG(s) dict_keys(['example_weekday_branch_operator']) retrieved from /home/airflow/.local/lib/python3.7/site-packages/airflow/example_dags/example_branch_day_of_week_operator.py
[2022-01-20 03:51:08,273] {logging_mixin.py:109} INFO - [2022-01-20 03:51:08,272] {dag.py:2389} INFO - Sync 1 DAGs
[2022-01-20 03:51:08,347] {logging_mixin.py:109} INFO - [2022-01-20 03:51:08,346] {dag.py:2914} INFO - Setting next_dagrun for example_weekday_branch_operator to 2022-01-19 00:00:00+00:00
[2022-01-20 03:51:08,378] {processor.py:171} INFO - Processing /home/airflow/.local/lib/python3.7/site-packages/airflow/example_dags/example_branch_day_of_week_operator.py took 0.218 seconds
