[2022-01-20 03:20:24,991] {processor.py:163} INFO - Started process (PID=271) to work on /home/airflow/.local/lib/python3.7/site-packages/airflow/example_dags/example_trigger_controller_dag.py
[2022-01-20 03:20:24,996] {processor.py:620} INFO - Processing file /home/airflow/.local/lib/python3.7/site-packages/airflow/example_dags/example_trigger_controller_dag.py for tasks to queue
[2022-01-20 03:20:25,015] {logging_mixin.py:109} INFO - [2022-01-20 03:20:25,014] {dagbag.py:500} INFO - Filling up the DagBag from /home/airflow/.local/lib/python3.7/site-packages/airflow/example_dags/example_trigger_controller_dag.py
[2022-01-20 03:20:25,221] {processor.py:632} INFO - DAG(s) dict_keys(['example_trigger_controller_dag']) retrieved from /home/airflow/.local/lib/python3.7/site-packages/airflow/example_dags/example_trigger_controller_dag.py
[2022-01-20 03:20:25,313] {logging_mixin.py:109} INFO - [2022-01-20 03:20:25,312] {dag.py:2389} INFO - Sync 1 DAGs
[2022-01-20 03:20:25,443] {logging_mixin.py:109} INFO - [2022-01-20 03:20:25,442] {dag.py:2914} INFO - Setting next_dagrun for example_trigger_controller_dag to 2021-01-01T00:00:00+00:00
[2022-01-20 03:20:25,516] {processor.py:171} INFO - Processing /home/airflow/.local/lib/python3.7/site-packages/airflow/example_dags/example_trigger_controller_dag.py took 0.552 seconds
[2022-01-20 03:20:56,509] {processor.py:163} INFO - Started process (PID=385) to work on /home/airflow/.local/lib/python3.7/site-packages/airflow/example_dags/example_trigger_controller_dag.py
[2022-01-20 03:20:56,517] {processor.py:620} INFO - Processing file /home/airflow/.local/lib/python3.7/site-packages/airflow/example_dags/example_trigger_controller_dag.py for tasks to queue
[2022-01-20 03:20:56,526] {logging_mixin.py:109} INFO - [2022-01-20 03:20:56,520] {dagbag.py:500} INFO - Filling up the DagBag from /home/airflow/.local/lib/python3.7/site-packages/airflow/example_dags/example_trigger_controller_dag.py
[2022-01-20 03:20:56,677] {processor.py:632} INFO - DAG(s) dict_keys(['example_trigger_controller_dag']) retrieved from /home/airflow/.local/lib/python3.7/site-packages/airflow/example_dags/example_trigger_controller_dag.py
[2022-01-20 03:20:56,760] {logging_mixin.py:109} INFO - [2022-01-20 03:20:56,759] {dag.py:2389} INFO - Sync 1 DAGs
[2022-01-20 03:20:56,915] {logging_mixin.py:109} INFO - [2022-01-20 03:20:56,914] {dag.py:2914} INFO - Setting next_dagrun for example_trigger_controller_dag to 2021-01-01T00:00:00+00:00
[2022-01-20 03:20:57,002] {processor.py:171} INFO - Processing /home/airflow/.local/lib/python3.7/site-packages/airflow/example_dags/example_trigger_controller_dag.py took 0.505 seconds
[2022-01-20 03:21:27,528] {processor.py:163} INFO - Started process (PID=479) to work on /home/airflow/.local/lib/python3.7/site-packages/airflow/example_dags/example_trigger_controller_dag.py
[2022-01-20 03:21:27,533] {processor.py:620} INFO - Processing file /home/airflow/.local/lib/python3.7/site-packages/airflow/example_dags/example_trigger_controller_dag.py for tasks to queue
[2022-01-20 03:21:27,537] {logging_mixin.py:109} INFO - [2022-01-20 03:21:27,537] {dagbag.py:500} INFO - Filling up the DagBag from /home/airflow/.local/lib/python3.7/site-packages/airflow/example_dags/example_trigger_controller_dag.py
[2022-01-20 03:21:27,605] {processor.py:632} INFO - DAG(s) dict_keys(['example_trigger_controller_dag']) retrieved from /home/airflow/.local/lib/python3.7/site-packages/airflow/example_dags/example_trigger_controller_dag.py
[2022-01-20 03:21:27,642] {logging_mixin.py:109} INFO - [2022-01-20 03:21:27,642] {dag.py:2389} INFO - Sync 1 DAGs
[2022-01-20 03:21:27,701] {logging_mixin.py:109} INFO - [2022-01-20 03:21:27,700] {dag.py:2914} INFO - Setting next_dagrun for example_trigger_controller_dag to 2021-01-01T00:00:00+00:00
[2022-01-20 03:21:27,739] {processor.py:171} INFO - Processing /home/airflow/.local/lib/python3.7/site-packages/airflow/example_dags/example_trigger_controller_dag.py took 0.218 seconds
[2022-01-20 03:21:57,932] {processor.py:163} INFO - Started process (PID=591) to work on /home/airflow/.local/lib/python3.7/site-packages/airflow/example_dags/example_trigger_controller_dag.py
[2022-01-20 03:21:57,937] {processor.py:620} INFO - Processing file /home/airflow/.local/lib/python3.7/site-packages/airflow/example_dags/example_trigger_controller_dag.py for tasks to queue
[2022-01-20 03:21:57,941] {logging_mixin.py:109} INFO - [2022-01-20 03:21:57,941] {dagbag.py:500} INFO - Filling up the DagBag from /home/airflow/.local/lib/python3.7/site-packages/airflow/example_dags/example_trigger_controller_dag.py
[2022-01-20 03:21:58,004] {processor.py:632} INFO - DAG(s) dict_keys(['example_trigger_controller_dag']) retrieved from /home/airflow/.local/lib/python3.7/site-packages/airflow/example_dags/example_trigger_controller_dag.py
[2022-01-20 03:21:58,040] {logging_mixin.py:109} INFO - [2022-01-20 03:21:58,039] {dag.py:2389} INFO - Sync 1 DAGs
[2022-01-20 03:21:58,092] {logging_mixin.py:109} INFO - [2022-01-20 03:21:58,091] {dag.py:2914} INFO - Setting next_dagrun for example_trigger_controller_dag to 2021-01-01T00:00:00+00:00
[2022-01-20 03:21:58,122] {processor.py:171} INFO - Processing /home/airflow/.local/lib/python3.7/site-packages/airflow/example_dags/example_trigger_controller_dag.py took 0.200 seconds
[2022-01-20 03:22:29,162] {processor.py:163} INFO - Started process (PID=689) to work on /home/airflow/.local/lib/python3.7/site-packages/airflow/example_dags/example_trigger_controller_dag.py
[2022-01-20 03:22:29,165] {processor.py:620} INFO - Processing file /home/airflow/.local/lib/python3.7/site-packages/airflow/example_dags/example_trigger_controller_dag.py for tasks to queue
[2022-01-20 03:22:29,168] {logging_mixin.py:109} INFO - [2022-01-20 03:22:29,168] {dagbag.py:500} INFO - Filling up the DagBag from /home/airflow/.local/lib/python3.7/site-packages/airflow/example_dags/example_trigger_controller_dag.py
[2022-01-20 03:22:29,222] {processor.py:632} INFO - DAG(s) dict_keys(['example_trigger_controller_dag']) retrieved from /home/airflow/.local/lib/python3.7/site-packages/airflow/example_dags/example_trigger_controller_dag.py
[2022-01-20 03:22:29,257] {logging_mixin.py:109} INFO - [2022-01-20 03:22:29,257] {dag.py:2389} INFO - Sync 1 DAGs
[2022-01-20 03:22:29,303] {logging_mixin.py:109} INFO - [2022-01-20 03:22:29,302] {dag.py:2914} INFO - Setting next_dagrun for example_trigger_controller_dag to 2021-01-01T00:00:00+00:00
[2022-01-20 03:22:29,327] {processor.py:171} INFO - Processing /home/airflow/.local/lib/python3.7/site-packages/airflow/example_dags/example_trigger_controller_dag.py took 0.172 seconds
[2022-01-20 03:22:59,770] {processor.py:163} INFO - Started process (PID=797) to work on /home/airflow/.local/lib/python3.7/site-packages/airflow/example_dags/example_trigger_controller_dag.py
[2022-01-20 03:22:59,774] {processor.py:620} INFO - Processing file /home/airflow/.local/lib/python3.7/site-packages/airflow/example_dags/example_trigger_controller_dag.py for tasks to queue
[2022-01-20 03:22:59,778] {logging_mixin.py:109} INFO - [2022-01-20 03:22:59,778] {dagbag.py:500} INFO - Filling up the DagBag from /home/airflow/.local/lib/python3.7/site-packages/airflow/example_dags/example_trigger_controller_dag.py
[2022-01-20 03:22:59,845] {processor.py:632} INFO - DAG(s) dict_keys(['example_trigger_controller_dag']) retrieved from /home/airflow/.local/lib/python3.7/site-packages/airflow/example_dags/example_trigger_controller_dag.py
[2022-01-20 03:22:59,882] {logging_mixin.py:109} INFO - [2022-01-20 03:22:59,881] {dag.py:2389} INFO - Sync 1 DAGs
[2022-01-20 03:22:59,937] {logging_mixin.py:109} INFO - [2022-01-20 03:22:59,936] {dag.py:2914} INFO - Setting next_dagrun for example_trigger_controller_dag to 2021-01-01T00:00:00+00:00
[2022-01-20 03:22:59,966] {processor.py:171} INFO - Processing /home/airflow/.local/lib/python3.7/site-packages/airflow/example_dags/example_trigger_controller_dag.py took 0.204 seconds
[2022-01-20 03:23:30,354] {processor.py:163} INFO - Started process (PID=888) to work on /home/airflow/.local/lib/python3.7/site-packages/airflow/example_dags/example_trigger_controller_dag.py
[2022-01-20 03:23:30,359] {processor.py:620} INFO - Processing file /home/airflow/.local/lib/python3.7/site-packages/airflow/example_dags/example_trigger_controller_dag.py for tasks to queue
[2022-01-20 03:23:30,363] {logging_mixin.py:109} INFO - [2022-01-20 03:23:30,363] {dagbag.py:500} INFO - Filling up the DagBag from /home/airflow/.local/lib/python3.7/site-packages/airflow/example_dags/example_trigger_controller_dag.py
[2022-01-20 03:23:30,449] {processor.py:632} INFO - DAG(s) dict_keys(['example_trigger_controller_dag']) retrieved from /home/airflow/.local/lib/python3.7/site-packages/airflow/example_dags/example_trigger_controller_dag.py
[2022-01-20 03:23:30,499] {logging_mixin.py:109} INFO - [2022-01-20 03:23:30,498] {dag.py:2389} INFO - Sync 1 DAGs
[2022-01-20 03:23:30,564] {logging_mixin.py:109} INFO - [2022-01-20 03:23:30,563] {dag.py:2914} INFO - Setting next_dagrun for example_trigger_controller_dag to 2021-01-01T00:00:00+00:00
[2022-01-20 03:23:30,610] {processor.py:171} INFO - Processing /home/airflow/.local/lib/python3.7/site-packages/airflow/example_dags/example_trigger_controller_dag.py took 0.265 seconds
[2022-01-20 03:24:01,185] {processor.py:163} INFO - Started process (PID=999) to work on /home/airflow/.local/lib/python3.7/site-packages/airflow/example_dags/example_trigger_controller_dag.py
[2022-01-20 03:24:01,193] {processor.py:620} INFO - Processing file /home/airflow/.local/lib/python3.7/site-packages/airflow/example_dags/example_trigger_controller_dag.py for tasks to queue
[2022-01-20 03:24:01,197] {logging_mixin.py:109} INFO - [2022-01-20 03:24:01,196] {dagbag.py:500} INFO - Filling up the DagBag from /home/airflow/.local/lib/python3.7/site-packages/airflow/example_dags/example_trigger_controller_dag.py
[2022-01-20 03:24:01,259] {processor.py:632} INFO - DAG(s) dict_keys(['example_trigger_controller_dag']) retrieved from /home/airflow/.local/lib/python3.7/site-packages/airflow/example_dags/example_trigger_controller_dag.py
[2022-01-20 03:24:01,295] {logging_mixin.py:109} INFO - [2022-01-20 03:24:01,295] {dag.py:2389} INFO - Sync 1 DAGs
[2022-01-20 03:24:01,346] {logging_mixin.py:109} INFO - [2022-01-20 03:24:01,346] {dag.py:2914} INFO - Setting next_dagrun for example_trigger_controller_dag to 2021-01-01T00:00:00+00:00
[2022-01-20 03:24:01,378] {processor.py:171} INFO - Processing /home/airflow/.local/lib/python3.7/site-packages/airflow/example_dags/example_trigger_controller_dag.py took 0.204 seconds
[2022-01-20 03:24:31,698] {processor.py:163} INFO - Started process (PID=1110) to work on /home/airflow/.local/lib/python3.7/site-packages/airflow/example_dags/example_trigger_controller_dag.py
[2022-01-20 03:24:31,703] {processor.py:620} INFO - Processing file /home/airflow/.local/lib/python3.7/site-packages/airflow/example_dags/example_trigger_controller_dag.py for tasks to queue
[2022-01-20 03:24:31,711] {logging_mixin.py:109} INFO - [2022-01-20 03:24:31,710] {dagbag.py:500} INFO - Filling up the DagBag from /home/airflow/.local/lib/python3.7/site-packages/airflow/example_dags/example_trigger_controller_dag.py
[2022-01-20 03:24:31,775] {processor.py:632} INFO - DAG(s) dict_keys(['example_trigger_controller_dag']) retrieved from /home/airflow/.local/lib/python3.7/site-packages/airflow/example_dags/example_trigger_controller_dag.py
[2022-01-20 03:24:31,814] {logging_mixin.py:109} INFO - [2022-01-20 03:24:31,813] {dag.py:2389} INFO - Sync 1 DAGs
[2022-01-20 03:24:31,870] {logging_mixin.py:109} INFO - [2022-01-20 03:24:31,870] {dag.py:2914} INFO - Setting next_dagrun for example_trigger_controller_dag to 2021-01-01T00:00:00+00:00
[2022-01-20 03:24:31,900] {processor.py:171} INFO - Processing /home/airflow/.local/lib/python3.7/site-packages/airflow/example_dags/example_trigger_controller_dag.py took 0.209 seconds
[2022-01-20 03:25:02,072] {processor.py:163} INFO - Started process (PID=1212) to work on /home/airflow/.local/lib/python3.7/site-packages/airflow/example_dags/example_trigger_controller_dag.py
[2022-01-20 03:25:02,076] {processor.py:620} INFO - Processing file /home/airflow/.local/lib/python3.7/site-packages/airflow/example_dags/example_trigger_controller_dag.py for tasks to queue
[2022-01-20 03:25:02,081] {logging_mixin.py:109} INFO - [2022-01-20 03:25:02,080] {dagbag.py:500} INFO - Filling up the DagBag from /home/airflow/.local/lib/python3.7/site-packages/airflow/example_dags/example_trigger_controller_dag.py
[2022-01-20 03:25:02,146] {processor.py:632} INFO - DAG(s) dict_keys(['example_trigger_controller_dag']) retrieved from /home/airflow/.local/lib/python3.7/site-packages/airflow/example_dags/example_trigger_controller_dag.py
[2022-01-20 03:25:02,190] {logging_mixin.py:109} INFO - [2022-01-20 03:25:02,189] {dag.py:2389} INFO - Sync 1 DAGs
[2022-01-20 03:25:02,241] {logging_mixin.py:109} INFO - [2022-01-20 03:25:02,241] {dag.py:2914} INFO - Setting next_dagrun for example_trigger_controller_dag to 2021-01-01T00:00:00+00:00
[2022-01-20 03:25:02,267] {processor.py:171} INFO - Processing /home/airflow/.local/lib/python3.7/site-packages/airflow/example_dags/example_trigger_controller_dag.py took 0.202 seconds
[2022-01-20 03:25:32,794] {processor.py:163} INFO - Started process (PID=1328) to work on /home/airflow/.local/lib/python3.7/site-packages/airflow/example_dags/example_trigger_controller_dag.py
[2022-01-20 03:25:32,801] {processor.py:620} INFO - Processing file /home/airflow/.local/lib/python3.7/site-packages/airflow/example_dags/example_trigger_controller_dag.py for tasks to queue
[2022-01-20 03:25:32,806] {logging_mixin.py:109} INFO - [2022-01-20 03:25:32,805] {dagbag.py:500} INFO - Filling up the DagBag from /home/airflow/.local/lib/python3.7/site-packages/airflow/example_dags/example_trigger_controller_dag.py
[2022-01-20 03:25:32,866] {processor.py:632} INFO - DAG(s) dict_keys(['example_trigger_controller_dag']) retrieved from /home/airflow/.local/lib/python3.7/site-packages/airflow/example_dags/example_trigger_controller_dag.py
[2022-01-20 03:25:32,906] {logging_mixin.py:109} INFO - [2022-01-20 03:25:32,906] {dag.py:2389} INFO - Sync 1 DAGs
[2022-01-20 03:25:32,964] {logging_mixin.py:109} INFO - [2022-01-20 03:25:32,964] {dag.py:2914} INFO - Setting next_dagrun for example_trigger_controller_dag to 2021-01-01T00:00:00+00:00
[2022-01-20 03:25:32,998] {processor.py:171} INFO - Processing /home/airflow/.local/lib/python3.7/site-packages/airflow/example_dags/example_trigger_controller_dag.py took 0.214 seconds
[2022-01-20 03:26:03,277] {processor.py:163} INFO - Started process (PID=1427) to work on /home/airflow/.local/lib/python3.7/site-packages/airflow/example_dags/example_trigger_controller_dag.py
[2022-01-20 03:26:03,283] {processor.py:620} INFO - Processing file /home/airflow/.local/lib/python3.7/site-packages/airflow/example_dags/example_trigger_controller_dag.py for tasks to queue
[2022-01-20 03:26:03,287] {logging_mixin.py:109} INFO - [2022-01-20 03:26:03,286] {dagbag.py:500} INFO - Filling up the DagBag from /home/airflow/.local/lib/python3.7/site-packages/airflow/example_dags/example_trigger_controller_dag.py
[2022-01-20 03:26:03,359] {processor.py:632} INFO - DAG(s) dict_keys(['example_trigger_controller_dag']) retrieved from /home/airflow/.local/lib/python3.7/site-packages/airflow/example_dags/example_trigger_controller_dag.py
[2022-01-20 03:26:03,395] {logging_mixin.py:109} INFO - [2022-01-20 03:26:03,394] {dag.py:2389} INFO - Sync 1 DAGs
[2022-01-20 03:26:03,447] {logging_mixin.py:109} INFO - [2022-01-20 03:26:03,446] {dag.py:2914} INFO - Setting next_dagrun for example_trigger_controller_dag to 2021-01-01T00:00:00+00:00
[2022-01-20 03:26:03,474] {processor.py:171} INFO - Processing /home/airflow/.local/lib/python3.7/site-packages/airflow/example_dags/example_trigger_controller_dag.py took 0.205 seconds
[2022-01-20 03:26:33,717] {processor.py:163} INFO - Started process (PID=1542) to work on /home/airflow/.local/lib/python3.7/site-packages/airflow/example_dags/example_trigger_controller_dag.py
[2022-01-20 03:26:33,722] {processor.py:620} INFO - Processing file /home/airflow/.local/lib/python3.7/site-packages/airflow/example_dags/example_trigger_controller_dag.py for tasks to queue
[2022-01-20 03:26:33,725] {logging_mixin.py:109} INFO - [2022-01-20 03:26:33,725] {dagbag.py:500} INFO - Filling up the DagBag from /home/airflow/.local/lib/python3.7/site-packages/airflow/example_dags/example_trigger_controller_dag.py
[2022-01-20 03:26:33,798] {processor.py:632} INFO - DAG(s) dict_keys(['example_trigger_controller_dag']) retrieved from /home/airflow/.local/lib/python3.7/site-packages/airflow/example_dags/example_trigger_controller_dag.py
[2022-01-20 03:26:33,848] {logging_mixin.py:109} INFO - [2022-01-20 03:26:33,848] {dag.py:2389} INFO - Sync 1 DAGs
[2022-01-20 03:26:33,937] {logging_mixin.py:109} INFO - [2022-01-20 03:26:33,937] {dag.py:2914} INFO - Setting next_dagrun for example_trigger_controller_dag to 2021-01-01T00:00:00+00:00
[2022-01-20 03:26:33,967] {processor.py:171} INFO - Processing /home/airflow/.local/lib/python3.7/site-packages/airflow/example_dags/example_trigger_controller_dag.py took 0.257 seconds
[2022-01-20 03:27:04,244] {processor.py:163} INFO - Started process (PID=1639) to work on /home/airflow/.local/lib/python3.7/site-packages/airflow/example_dags/example_trigger_controller_dag.py
[2022-01-20 03:27:04,248] {processor.py:620} INFO - Processing file /home/airflow/.local/lib/python3.7/site-packages/airflow/example_dags/example_trigger_controller_dag.py for tasks to queue
[2022-01-20 03:27:04,251] {logging_mixin.py:109} INFO - [2022-01-20 03:27:04,250] {dagbag.py:500} INFO - Filling up the DagBag from /home/airflow/.local/lib/python3.7/site-packages/airflow/example_dags/example_trigger_controller_dag.py
[2022-01-20 03:27:04,319] {processor.py:632} INFO - DAG(s) dict_keys(['example_trigger_controller_dag']) retrieved from /home/airflow/.local/lib/python3.7/site-packages/airflow/example_dags/example_trigger_controller_dag.py
[2022-01-20 03:27:04,364] {logging_mixin.py:109} INFO - [2022-01-20 03:27:04,364] {dag.py:2389} INFO - Sync 1 DAGs
[2022-01-20 03:27:04,416] {logging_mixin.py:109} INFO - [2022-01-20 03:27:04,415] {dag.py:2914} INFO - Setting next_dagrun for example_trigger_controller_dag to 2021-01-01T00:00:00+00:00
[2022-01-20 03:27:04,446] {processor.py:171} INFO - Processing /home/airflow/.local/lib/python3.7/site-packages/airflow/example_dags/example_trigger_controller_dag.py took 0.209 seconds
[2022-01-20 03:27:35,413] {processor.py:163} INFO - Started process (PID=1756) to work on /home/airflow/.local/lib/python3.7/site-packages/airflow/example_dags/example_trigger_controller_dag.py
[2022-01-20 03:27:35,418] {processor.py:620} INFO - Processing file /home/airflow/.local/lib/python3.7/site-packages/airflow/example_dags/example_trigger_controller_dag.py for tasks to queue
[2022-01-20 03:27:35,423] {logging_mixin.py:109} INFO - [2022-01-20 03:27:35,422] {dagbag.py:500} INFO - Filling up the DagBag from /home/airflow/.local/lib/python3.7/site-packages/airflow/example_dags/example_trigger_controller_dag.py
[2022-01-20 03:27:35,494] {processor.py:632} INFO - DAG(s) dict_keys(['example_trigger_controller_dag']) retrieved from /home/airflow/.local/lib/python3.7/site-packages/airflow/example_dags/example_trigger_controller_dag.py
[2022-01-20 03:27:35,570] {logging_mixin.py:109} INFO - [2022-01-20 03:27:35,569] {dag.py:2389} INFO - Sync 1 DAGs
[2022-01-20 03:27:35,639] {logging_mixin.py:109} INFO - [2022-01-20 03:27:35,638] {dag.py:2914} INFO - Setting next_dagrun for example_trigger_controller_dag to 2021-01-01T00:00:00+00:00
[2022-01-20 03:27:35,667] {processor.py:171} INFO - Processing /home/airflow/.local/lib/python3.7/site-packages/airflow/example_dags/example_trigger_controller_dag.py took 0.261 seconds
[2022-01-20 03:28:06,578] {processor.py:163} INFO - Started process (PID=1850) to work on /home/airflow/.local/lib/python3.7/site-packages/airflow/example_dags/example_trigger_controller_dag.py
[2022-01-20 03:28:06,583] {processor.py:620} INFO - Processing file /home/airflow/.local/lib/python3.7/site-packages/airflow/example_dags/example_trigger_controller_dag.py for tasks to queue
[2022-01-20 03:28:06,587] {logging_mixin.py:109} INFO - [2022-01-20 03:28:06,586] {dagbag.py:500} INFO - Filling up the DagBag from /home/airflow/.local/lib/python3.7/site-packages/airflow/example_dags/example_trigger_controller_dag.py
[2022-01-20 03:28:06,648] {processor.py:632} INFO - DAG(s) dict_keys(['example_trigger_controller_dag']) retrieved from /home/airflow/.local/lib/python3.7/site-packages/airflow/example_dags/example_trigger_controller_dag.py
[2022-01-20 03:28:06,683] {logging_mixin.py:109} INFO - [2022-01-20 03:28:06,682] {dag.py:2389} INFO - Sync 1 DAGs
[2022-01-20 03:28:06,735] {logging_mixin.py:109} INFO - [2022-01-20 03:28:06,734] {dag.py:2914} INFO - Setting next_dagrun for example_trigger_controller_dag to 2021-01-01T00:00:00+00:00
[2022-01-20 03:28:06,762] {processor.py:171} INFO - Processing /home/airflow/.local/lib/python3.7/site-packages/airflow/example_dags/example_trigger_controller_dag.py took 0.192 seconds
[2022-01-20 03:28:38,715] {processor.py:163} INFO - Started process (PID=1951) to work on /home/airflow/.local/lib/python3.7/site-packages/airflow/example_dags/example_trigger_controller_dag.py
[2022-01-20 03:28:38,720] {processor.py:620} INFO - Processing file /home/airflow/.local/lib/python3.7/site-packages/airflow/example_dags/example_trigger_controller_dag.py for tasks to queue
[2022-01-20 03:28:38,724] {logging_mixin.py:109} INFO - [2022-01-20 03:28:38,724] {dagbag.py:500} INFO - Filling up the DagBag from /home/airflow/.local/lib/python3.7/site-packages/airflow/example_dags/example_trigger_controller_dag.py
[2022-01-20 03:28:38,812] {processor.py:632} INFO - DAG(s) dict_keys(['example_trigger_controller_dag']) retrieved from /home/airflow/.local/lib/python3.7/site-packages/airflow/example_dags/example_trigger_controller_dag.py
[2022-01-20 03:28:38,863] {logging_mixin.py:109} INFO - [2022-01-20 03:28:38,863] {dag.py:2389} INFO - Sync 1 DAGs
[2022-01-20 03:28:38,926] {logging_mixin.py:109} INFO - [2022-01-20 03:28:38,925] {dag.py:2914} INFO - Setting next_dagrun for example_trigger_controller_dag to 2021-01-01T00:00:00+00:00
[2022-01-20 03:28:38,961] {processor.py:171} INFO - Processing /home/airflow/.local/lib/python3.7/site-packages/airflow/example_dags/example_trigger_controller_dag.py took 0.255 seconds
[2022-01-20 03:29:10,242] {processor.py:163} INFO - Started process (PID=2047) to work on /home/airflow/.local/lib/python3.7/site-packages/airflow/example_dags/example_trigger_controller_dag.py
[2022-01-20 03:29:10,246] {processor.py:620} INFO - Processing file /home/airflow/.local/lib/python3.7/site-packages/airflow/example_dags/example_trigger_controller_dag.py for tasks to queue
[2022-01-20 03:29:10,249] {logging_mixin.py:109} INFO - [2022-01-20 03:29:10,249] {dagbag.py:500} INFO - Filling up the DagBag from /home/airflow/.local/lib/python3.7/site-packages/airflow/example_dags/example_trigger_controller_dag.py
[2022-01-20 03:29:10,304] {processor.py:632} INFO - DAG(s) dict_keys(['example_trigger_controller_dag']) retrieved from /home/airflow/.local/lib/python3.7/site-packages/airflow/example_dags/example_trigger_controller_dag.py
[2022-01-20 03:29:10,336] {logging_mixin.py:109} INFO - [2022-01-20 03:29:10,336] {dag.py:2389} INFO - Sync 1 DAGs
[2022-01-20 03:29:10,384] {logging_mixin.py:109} INFO - [2022-01-20 03:29:10,383] {dag.py:2914} INFO - Setting next_dagrun for example_trigger_controller_dag to 2021-01-01T00:00:00+00:00
[2022-01-20 03:29:10,413] {processor.py:171} INFO - Processing /home/airflow/.local/lib/python3.7/site-packages/airflow/example_dags/example_trigger_controller_dag.py took 0.178 seconds
[2022-01-20 03:29:42,128] {processor.py:163} INFO - Started process (PID=2166) to work on /home/airflow/.local/lib/python3.7/site-packages/airflow/example_dags/example_trigger_controller_dag.py
[2022-01-20 03:29:42,140] {processor.py:620} INFO - Processing file /home/airflow/.local/lib/python3.7/site-packages/airflow/example_dags/example_trigger_controller_dag.py for tasks to queue
[2022-01-20 03:29:42,144] {logging_mixin.py:109} INFO - [2022-01-20 03:29:42,143] {dagbag.py:500} INFO - Filling up the DagBag from /home/airflow/.local/lib/python3.7/site-packages/airflow/example_dags/example_trigger_controller_dag.py
[2022-01-20 03:29:42,243] {processor.py:632} INFO - DAG(s) dict_keys(['example_trigger_controller_dag']) retrieved from /home/airflow/.local/lib/python3.7/site-packages/airflow/example_dags/example_trigger_controller_dag.py
[2022-01-20 03:29:42,310] {logging_mixin.py:109} INFO - [2022-01-20 03:29:42,309] {dag.py:2389} INFO - Sync 1 DAGs
[2022-01-20 03:29:42,379] {logging_mixin.py:109} INFO - [2022-01-20 03:29:42,378] {dag.py:2914} INFO - Setting next_dagrun for example_trigger_controller_dag to 2021-01-01T00:00:00+00:00
[2022-01-20 03:29:42,407] {processor.py:171} INFO - Processing /home/airflow/.local/lib/python3.7/site-packages/airflow/example_dags/example_trigger_controller_dag.py took 0.286 seconds
[2022-01-20 03:30:13,582] {processor.py:163} INFO - Started process (PID=2272) to work on /home/airflow/.local/lib/python3.7/site-packages/airflow/example_dags/example_trigger_controller_dag.py
[2022-01-20 03:30:13,592] {processor.py:620} INFO - Processing file /home/airflow/.local/lib/python3.7/site-packages/airflow/example_dags/example_trigger_controller_dag.py for tasks to queue
[2022-01-20 03:30:13,596] {logging_mixin.py:109} INFO - [2022-01-20 03:30:13,595] {dagbag.py:500} INFO - Filling up the DagBag from /home/airflow/.local/lib/python3.7/site-packages/airflow/example_dags/example_trigger_controller_dag.py
[2022-01-20 03:30:13,682] {processor.py:632} INFO - DAG(s) dict_keys(['example_trigger_controller_dag']) retrieved from /home/airflow/.local/lib/python3.7/site-packages/airflow/example_dags/example_trigger_controller_dag.py
[2022-01-20 03:30:13,718] {logging_mixin.py:109} INFO - [2022-01-20 03:30:13,717] {dag.py:2389} INFO - Sync 1 DAGs
[2022-01-20 03:30:13,770] {logging_mixin.py:109} INFO - [2022-01-20 03:30:13,770] {dag.py:2914} INFO - Setting next_dagrun for example_trigger_controller_dag to 2021-01-01T00:00:00+00:00
[2022-01-20 03:30:13,800] {processor.py:171} INFO - Processing /home/airflow/.local/lib/python3.7/site-packages/airflow/example_dags/example_trigger_controller_dag.py took 0.227 seconds
[2022-01-20 03:30:43,848] {processor.py:163} INFO - Started process (PID=2363) to work on /home/airflow/.local/lib/python3.7/site-packages/airflow/example_dags/example_trigger_controller_dag.py
[2022-01-20 03:30:43,852] {processor.py:620} INFO - Processing file /home/airflow/.local/lib/python3.7/site-packages/airflow/example_dags/example_trigger_controller_dag.py for tasks to queue
[2022-01-20 03:30:43,855] {logging_mixin.py:109} INFO - [2022-01-20 03:30:43,855] {dagbag.py:500} INFO - Filling up the DagBag from /home/airflow/.local/lib/python3.7/site-packages/airflow/example_dags/example_trigger_controller_dag.py
[2022-01-20 03:30:43,914] {processor.py:632} INFO - DAG(s) dict_keys(['example_trigger_controller_dag']) retrieved from /home/airflow/.local/lib/python3.7/site-packages/airflow/example_dags/example_trigger_controller_dag.py
[2022-01-20 03:30:43,949] {logging_mixin.py:109} INFO - [2022-01-20 03:30:43,949] {dag.py:2389} INFO - Sync 1 DAGs
[2022-01-20 03:30:44,001] {logging_mixin.py:109} INFO - [2022-01-20 03:30:44,000] {dag.py:2914} INFO - Setting next_dagrun for example_trigger_controller_dag to 2021-01-01T00:00:00+00:00
[2022-01-20 03:30:44,025] {processor.py:171} INFO - Processing /home/airflow/.local/lib/python3.7/site-packages/airflow/example_dags/example_trigger_controller_dag.py took 0.184 seconds
[2022-01-20 03:31:15,061] {processor.py:163} INFO - Started process (PID=2478) to work on /home/airflow/.local/lib/python3.7/site-packages/airflow/example_dags/example_trigger_controller_dag.py
[2022-01-20 03:31:15,065] {processor.py:620} INFO - Processing file /home/airflow/.local/lib/python3.7/site-packages/airflow/example_dags/example_trigger_controller_dag.py for tasks to queue
[2022-01-20 03:31:15,068] {logging_mixin.py:109} INFO - [2022-01-20 03:31:15,068] {dagbag.py:500} INFO - Filling up the DagBag from /home/airflow/.local/lib/python3.7/site-packages/airflow/example_dags/example_trigger_controller_dag.py
[2022-01-20 03:31:15,164] {processor.py:632} INFO - DAG(s) dict_keys(['example_trigger_controller_dag']) retrieved from /home/airflow/.local/lib/python3.7/site-packages/airflow/example_dags/example_trigger_controller_dag.py
[2022-01-20 03:31:15,204] {logging_mixin.py:109} INFO - [2022-01-20 03:31:15,203] {dag.py:2389} INFO - Sync 1 DAGs
[2022-01-20 03:31:15,263] {logging_mixin.py:109} INFO - [2022-01-20 03:31:15,263] {dag.py:2914} INFO - Setting next_dagrun for example_trigger_controller_dag to 2021-01-01T00:00:00+00:00
[2022-01-20 03:31:15,290] {processor.py:171} INFO - Processing /home/airflow/.local/lib/python3.7/site-packages/airflow/example_dags/example_trigger_controller_dag.py took 0.236 seconds
[2022-01-20 03:31:45,704] {processor.py:163} INFO - Started process (PID=2573) to work on /home/airflow/.local/lib/python3.7/site-packages/airflow/example_dags/example_trigger_controller_dag.py
[2022-01-20 03:31:45,708] {processor.py:620} INFO - Processing file /home/airflow/.local/lib/python3.7/site-packages/airflow/example_dags/example_trigger_controller_dag.py for tasks to queue
[2022-01-20 03:31:45,711] {logging_mixin.py:109} INFO - [2022-01-20 03:31:45,711] {dagbag.py:500} INFO - Filling up the DagBag from /home/airflow/.local/lib/python3.7/site-packages/airflow/example_dags/example_trigger_controller_dag.py
[2022-01-20 03:31:45,771] {processor.py:632} INFO - DAG(s) dict_keys(['example_trigger_controller_dag']) retrieved from /home/airflow/.local/lib/python3.7/site-packages/airflow/example_dags/example_trigger_controller_dag.py
[2022-01-20 03:31:45,809] {logging_mixin.py:109} INFO - [2022-01-20 03:31:45,808] {dag.py:2389} INFO - Sync 1 DAGs
[2022-01-20 03:31:45,862] {logging_mixin.py:109} INFO - [2022-01-20 03:31:45,861] {dag.py:2914} INFO - Setting next_dagrun for example_trigger_controller_dag to 2021-01-01T00:00:00+00:00
[2022-01-20 03:31:45,890] {processor.py:171} INFO - Processing /home/airflow/.local/lib/python3.7/site-packages/airflow/example_dags/example_trigger_controller_dag.py took 0.193 seconds
[2022-01-20 03:32:17,298] {processor.py:163} INFO - Started process (PID=2685) to work on /home/airflow/.local/lib/python3.7/site-packages/airflow/example_dags/example_trigger_controller_dag.py
[2022-01-20 03:32:17,302] {processor.py:620} INFO - Processing file /home/airflow/.local/lib/python3.7/site-packages/airflow/example_dags/example_trigger_controller_dag.py for tasks to queue
[2022-01-20 03:32:17,306] {logging_mixin.py:109} INFO - [2022-01-20 03:32:17,306] {dagbag.py:500} INFO - Filling up the DagBag from /home/airflow/.local/lib/python3.7/site-packages/airflow/example_dags/example_trigger_controller_dag.py
[2022-01-20 03:32:17,396] {processor.py:632} INFO - DAG(s) dict_keys(['example_trigger_controller_dag']) retrieved from /home/airflow/.local/lib/python3.7/site-packages/airflow/example_dags/example_trigger_controller_dag.py
[2022-01-20 03:32:17,442] {logging_mixin.py:109} INFO - [2022-01-20 03:32:17,441] {dag.py:2389} INFO - Sync 1 DAGs
[2022-01-20 03:32:17,626] {logging_mixin.py:109} INFO - [2022-01-20 03:32:17,625] {dag.py:2914} INFO - Setting next_dagrun for example_trigger_controller_dag to 2021-01-01T00:00:00+00:00
[2022-01-20 03:32:17,658] {processor.py:171} INFO - Processing /home/airflow/.local/lib/python3.7/site-packages/airflow/example_dags/example_trigger_controller_dag.py took 0.368 seconds
[2022-01-20 03:32:48,343] {processor.py:163} INFO - Started process (PID=2782) to work on /home/airflow/.local/lib/python3.7/site-packages/airflow/example_dags/example_trigger_controller_dag.py
[2022-01-20 03:32:48,347] {processor.py:620} INFO - Processing file /home/airflow/.local/lib/python3.7/site-packages/airflow/example_dags/example_trigger_controller_dag.py for tasks to queue
[2022-01-20 03:32:48,351] {logging_mixin.py:109} INFO - [2022-01-20 03:32:48,350] {dagbag.py:500} INFO - Filling up the DagBag from /home/airflow/.local/lib/python3.7/site-packages/airflow/example_dags/example_trigger_controller_dag.py
[2022-01-20 03:32:48,410] {processor.py:632} INFO - DAG(s) dict_keys(['example_trigger_controller_dag']) retrieved from /home/airflow/.local/lib/python3.7/site-packages/airflow/example_dags/example_trigger_controller_dag.py
[2022-01-20 03:32:48,445] {logging_mixin.py:109} INFO - [2022-01-20 03:32:48,445] {dag.py:2389} INFO - Sync 1 DAGs
[2022-01-20 03:32:48,603] {logging_mixin.py:109} INFO - [2022-01-20 03:32:48,602] {dag.py:2914} INFO - Setting next_dagrun for example_trigger_controller_dag to 2021-01-01T00:00:00+00:00
[2022-01-20 03:32:48,627] {processor.py:171} INFO - Processing /home/airflow/.local/lib/python3.7/site-packages/airflow/example_dags/example_trigger_controller_dag.py took 0.291 seconds
[2022-01-20 03:33:18,956] {processor.py:163} INFO - Started process (PID=2895) to work on /home/airflow/.local/lib/python3.7/site-packages/airflow/example_dags/example_trigger_controller_dag.py
[2022-01-20 03:33:18,961] {processor.py:620} INFO - Processing file /home/airflow/.local/lib/python3.7/site-packages/airflow/example_dags/example_trigger_controller_dag.py for tasks to queue
[2022-01-20 03:33:18,964] {logging_mixin.py:109} INFO - [2022-01-20 03:33:18,964] {dagbag.py:500} INFO - Filling up the DagBag from /home/airflow/.local/lib/python3.7/site-packages/airflow/example_dags/example_trigger_controller_dag.py
[2022-01-20 03:33:19,026] {processor.py:632} INFO - DAG(s) dict_keys(['example_trigger_controller_dag']) retrieved from /home/airflow/.local/lib/python3.7/site-packages/airflow/example_dags/example_trigger_controller_dag.py
[2022-01-20 03:33:19,062] {logging_mixin.py:109} INFO - [2022-01-20 03:33:19,062] {dag.py:2389} INFO - Sync 1 DAGs
[2022-01-20 03:33:19,229] {logging_mixin.py:109} INFO - [2022-01-20 03:33:19,229] {dag.py:2914} INFO - Setting next_dagrun for example_trigger_controller_dag to 2021-01-01T00:00:00+00:00
[2022-01-20 03:33:19,258] {processor.py:171} INFO - Processing /home/airflow/.local/lib/python3.7/site-packages/airflow/example_dags/example_trigger_controller_dag.py took 0.312 seconds
[2022-01-20 03:33:49,392] {processor.py:163} INFO - Started process (PID=2991) to work on /home/airflow/.local/lib/python3.7/site-packages/airflow/example_dags/example_trigger_controller_dag.py
[2022-01-20 03:33:49,398] {processor.py:620} INFO - Processing file /home/airflow/.local/lib/python3.7/site-packages/airflow/example_dags/example_trigger_controller_dag.py for tasks to queue
[2022-01-20 03:33:49,402] {logging_mixin.py:109} INFO - [2022-01-20 03:33:49,401] {dagbag.py:500} INFO - Filling up the DagBag from /home/airflow/.local/lib/python3.7/site-packages/airflow/example_dags/example_trigger_controller_dag.py
[2022-01-20 03:33:49,464] {processor.py:632} INFO - DAG(s) dict_keys(['example_trigger_controller_dag']) retrieved from /home/airflow/.local/lib/python3.7/site-packages/airflow/example_dags/example_trigger_controller_dag.py
[2022-01-20 03:33:49,608] {logging_mixin.py:109} INFO - [2022-01-20 03:33:49,608] {dag.py:2389} INFO - Sync 1 DAGs
[2022-01-20 03:33:49,653] {logging_mixin.py:109} INFO - [2022-01-20 03:33:49,652] {dag.py:2914} INFO - Setting next_dagrun for example_trigger_controller_dag to 2021-01-01T00:00:00+00:00
[2022-01-20 03:33:49,676] {processor.py:171} INFO - Processing /home/airflow/.local/lib/python3.7/site-packages/airflow/example_dags/example_trigger_controller_dag.py took 0.295 seconds
[2022-01-20 03:34:20,415] {processor.py:163} INFO - Started process (PID=3104) to work on /home/airflow/.local/lib/python3.7/site-packages/airflow/example_dags/example_trigger_controller_dag.py
[2022-01-20 03:34:20,421] {processor.py:620} INFO - Processing file /home/airflow/.local/lib/python3.7/site-packages/airflow/example_dags/example_trigger_controller_dag.py for tasks to queue
[2022-01-20 03:34:20,424] {logging_mixin.py:109} INFO - [2022-01-20 03:34:20,424] {dagbag.py:500} INFO - Filling up the DagBag from /home/airflow/.local/lib/python3.7/site-packages/airflow/example_dags/example_trigger_controller_dag.py
[2022-01-20 03:34:20,494] {processor.py:632} INFO - DAG(s) dict_keys(['example_trigger_controller_dag']) retrieved from /home/airflow/.local/lib/python3.7/site-packages/airflow/example_dags/example_trigger_controller_dag.py
[2022-01-20 03:34:20,649] {logging_mixin.py:109} INFO - [2022-01-20 03:34:20,649] {dag.py:2389} INFO - Sync 1 DAGs
[2022-01-20 03:34:20,704] {logging_mixin.py:109} INFO - [2022-01-20 03:34:20,703] {dag.py:2914} INFO - Setting next_dagrun for example_trigger_controller_dag to 2021-01-01T00:00:00+00:00
[2022-01-20 03:34:20,748] {processor.py:171} INFO - Processing /home/airflow/.local/lib/python3.7/site-packages/airflow/example_dags/example_trigger_controller_dag.py took 0.343 seconds
[2022-01-20 03:34:51,271] {processor.py:163} INFO - Started process (PID=3210) to work on /home/airflow/.local/lib/python3.7/site-packages/airflow/example_dags/example_trigger_controller_dag.py
[2022-01-20 03:34:51,283] {processor.py:620} INFO - Processing file /home/airflow/.local/lib/python3.7/site-packages/airflow/example_dags/example_trigger_controller_dag.py for tasks to queue
[2022-01-20 03:34:51,296] {logging_mixin.py:109} INFO - [2022-01-20 03:34:51,295] {dagbag.py:500} INFO - Filling up the DagBag from /home/airflow/.local/lib/python3.7/site-packages/airflow/example_dags/example_trigger_controller_dag.py
[2022-01-20 03:34:51,375] {processor.py:632} INFO - DAG(s) dict_keys(['example_trigger_controller_dag']) retrieved from /home/airflow/.local/lib/python3.7/site-packages/airflow/example_dags/example_trigger_controller_dag.py
[2022-01-20 03:34:51,528] {logging_mixin.py:109} INFO - [2022-01-20 03:34:51,528] {dag.py:2389} INFO - Sync 1 DAGs
[2022-01-20 03:34:51,581] {logging_mixin.py:109} INFO - [2022-01-20 03:34:51,581] {dag.py:2914} INFO - Setting next_dagrun for example_trigger_controller_dag to 2021-01-01T00:00:00+00:00
[2022-01-20 03:34:51,633] {processor.py:171} INFO - Processing /home/airflow/.local/lib/python3.7/site-packages/airflow/example_dags/example_trigger_controller_dag.py took 0.373 seconds
[2022-01-20 03:35:22,119] {processor.py:163} INFO - Started process (PID=3312) to work on /home/airflow/.local/lib/python3.7/site-packages/airflow/example_dags/example_trigger_controller_dag.py
[2022-01-20 03:35:22,122] {processor.py:620} INFO - Processing file /home/airflow/.local/lib/python3.7/site-packages/airflow/example_dags/example_trigger_controller_dag.py for tasks to queue
[2022-01-20 03:35:22,125] {logging_mixin.py:109} INFO - [2022-01-20 03:35:22,125] {dagbag.py:500} INFO - Filling up the DagBag from /home/airflow/.local/lib/python3.7/site-packages/airflow/example_dags/example_trigger_controller_dag.py
[2022-01-20 03:35:22,310] {processor.py:632} INFO - DAG(s) dict_keys(['example_trigger_controller_dag']) retrieved from /home/airflow/.local/lib/python3.7/site-packages/airflow/example_dags/example_trigger_controller_dag.py
[2022-01-20 03:35:22,343] {logging_mixin.py:109} INFO - [2022-01-20 03:35:22,343] {dag.py:2389} INFO - Sync 1 DAGs
[2022-01-20 03:35:22,394] {logging_mixin.py:109} INFO - [2022-01-20 03:35:22,393] {dag.py:2914} INFO - Setting next_dagrun for example_trigger_controller_dag to 2021-01-01T00:00:00+00:00
[2022-01-20 03:35:22,420] {processor.py:171} INFO - Processing /home/airflow/.local/lib/python3.7/site-packages/airflow/example_dags/example_trigger_controller_dag.py took 0.310 seconds
[2022-01-20 03:35:52,707] {processor.py:163} INFO - Started process (PID=3424) to work on /home/airflow/.local/lib/python3.7/site-packages/airflow/example_dags/example_trigger_controller_dag.py
[2022-01-20 03:35:52,712] {processor.py:620} INFO - Processing file /home/airflow/.local/lib/python3.7/site-packages/airflow/example_dags/example_trigger_controller_dag.py for tasks to queue
[2022-01-20 03:35:52,716] {logging_mixin.py:109} INFO - [2022-01-20 03:35:52,716] {dagbag.py:500} INFO - Filling up the DagBag from /home/airflow/.local/lib/python3.7/site-packages/airflow/example_dags/example_trigger_controller_dag.py
[2022-01-20 03:35:52,786] {processor.py:632} INFO - DAG(s) dict_keys(['example_trigger_controller_dag']) retrieved from /home/airflow/.local/lib/python3.7/site-packages/airflow/example_dags/example_trigger_controller_dag.py
[2022-01-20 03:35:52,822] {logging_mixin.py:109} INFO - [2022-01-20 03:35:52,821] {dag.py:2389} INFO - Sync 1 DAGs
[2022-01-20 03:35:52,875] {logging_mixin.py:109} INFO - [2022-01-20 03:35:52,874] {dag.py:2914} INFO - Setting next_dagrun for example_trigger_controller_dag to 2021-01-01T00:00:00+00:00
[2022-01-20 03:35:52,913] {processor.py:171} INFO - Processing /home/airflow/.local/lib/python3.7/site-packages/airflow/example_dags/example_trigger_controller_dag.py took 0.217 seconds
[2022-01-20 03:36:23,470] {processor.py:163} INFO - Started process (PID=3520) to work on /home/airflow/.local/lib/python3.7/site-packages/airflow/example_dags/example_trigger_controller_dag.py
[2022-01-20 03:36:23,475] {processor.py:620} INFO - Processing file /home/airflow/.local/lib/python3.7/site-packages/airflow/example_dags/example_trigger_controller_dag.py for tasks to queue
[2022-01-20 03:36:23,479] {logging_mixin.py:109} INFO - [2022-01-20 03:36:23,478] {dagbag.py:500} INFO - Filling up the DagBag from /home/airflow/.local/lib/python3.7/site-packages/airflow/example_dags/example_trigger_controller_dag.py
[2022-01-20 03:36:23,549] {processor.py:632} INFO - DAG(s) dict_keys(['example_trigger_controller_dag']) retrieved from /home/airflow/.local/lib/python3.7/site-packages/airflow/example_dags/example_trigger_controller_dag.py
[2022-01-20 03:36:23,586] {logging_mixin.py:109} INFO - [2022-01-20 03:36:23,585] {dag.py:2389} INFO - Sync 1 DAGs
[2022-01-20 03:36:23,638] {logging_mixin.py:109} INFO - [2022-01-20 03:36:23,637] {dag.py:2914} INFO - Setting next_dagrun for example_trigger_controller_dag to 2021-01-01T00:00:00+00:00
[2022-01-20 03:36:23,672] {processor.py:171} INFO - Processing /home/airflow/.local/lib/python3.7/site-packages/airflow/example_dags/example_trigger_controller_dag.py took 0.210 seconds
[2022-01-20 03:36:53,815] {processor.py:163} INFO - Started process (PID=3628) to work on /home/airflow/.local/lib/python3.7/site-packages/airflow/example_dags/example_trigger_controller_dag.py
[2022-01-20 03:36:53,820] {processor.py:620} INFO - Processing file /home/airflow/.local/lib/python3.7/site-packages/airflow/example_dags/example_trigger_controller_dag.py for tasks to queue
[2022-01-20 03:36:53,824] {logging_mixin.py:109} INFO - [2022-01-20 03:36:53,824] {dagbag.py:500} INFO - Filling up the DagBag from /home/airflow/.local/lib/python3.7/site-packages/airflow/example_dags/example_trigger_controller_dag.py
[2022-01-20 03:36:53,895] {processor.py:632} INFO - DAG(s) dict_keys(['example_trigger_controller_dag']) retrieved from /home/airflow/.local/lib/python3.7/site-packages/airflow/example_dags/example_trigger_controller_dag.py
[2022-01-20 03:36:53,934] {logging_mixin.py:109} INFO - [2022-01-20 03:36:53,933] {dag.py:2389} INFO - Sync 1 DAGs
[2022-01-20 03:36:54,004] {logging_mixin.py:109} INFO - [2022-01-20 03:36:54,003] {dag.py:2914} INFO - Setting next_dagrun for example_trigger_controller_dag to 2021-01-01T00:00:00+00:00
[2022-01-20 03:36:54,031] {processor.py:171} INFO - Processing /home/airflow/.local/lib/python3.7/site-packages/airflow/example_dags/example_trigger_controller_dag.py took 0.223 seconds
[2022-01-20 03:37:25,388] {processor.py:163} INFO - Started process (PID=3725) to work on /home/airflow/.local/lib/python3.7/site-packages/airflow/example_dags/example_trigger_controller_dag.py
[2022-01-20 03:37:25,392] {processor.py:620} INFO - Processing file /home/airflow/.local/lib/python3.7/site-packages/airflow/example_dags/example_trigger_controller_dag.py for tasks to queue
[2022-01-20 03:37:25,395] {logging_mixin.py:109} INFO - [2022-01-20 03:37:25,394] {dagbag.py:500} INFO - Filling up the DagBag from /home/airflow/.local/lib/python3.7/site-packages/airflow/example_dags/example_trigger_controller_dag.py
[2022-01-20 03:37:25,461] {processor.py:632} INFO - DAG(s) dict_keys(['example_trigger_controller_dag']) retrieved from /home/airflow/.local/lib/python3.7/site-packages/airflow/example_dags/example_trigger_controller_dag.py
[2022-01-20 03:37:25,496] {logging_mixin.py:109} INFO - [2022-01-20 03:37:25,496] {dag.py:2389} INFO - Sync 1 DAGs
[2022-01-20 03:37:25,546] {logging_mixin.py:109} INFO - [2022-01-20 03:37:25,545] {dag.py:2914} INFO - Setting next_dagrun for example_trigger_controller_dag to 2021-01-01T00:00:00+00:00
[2022-01-20 03:37:25,573] {processor.py:171} INFO - Processing /home/airflow/.local/lib/python3.7/site-packages/airflow/example_dags/example_trigger_controller_dag.py took 0.193 seconds
[2022-01-20 03:37:57,153] {processor.py:163} INFO - Started process (PID=3840) to work on /home/airflow/.local/lib/python3.7/site-packages/airflow/example_dags/example_trigger_controller_dag.py
[2022-01-20 03:37:57,158] {processor.py:620} INFO - Processing file /home/airflow/.local/lib/python3.7/site-packages/airflow/example_dags/example_trigger_controller_dag.py for tasks to queue
[2022-01-20 03:37:57,162] {logging_mixin.py:109} INFO - [2022-01-20 03:37:57,161] {dagbag.py:500} INFO - Filling up the DagBag from /home/airflow/.local/lib/python3.7/site-packages/airflow/example_dags/example_trigger_controller_dag.py
[2022-01-20 03:37:57,226] {processor.py:632} INFO - DAG(s) dict_keys(['example_trigger_controller_dag']) retrieved from /home/airflow/.local/lib/python3.7/site-packages/airflow/example_dags/example_trigger_controller_dag.py
[2022-01-20 03:37:57,265] {logging_mixin.py:109} INFO - [2022-01-20 03:37:57,265] {dag.py:2389} INFO - Sync 1 DAGs
[2022-01-20 03:37:57,320] {logging_mixin.py:109} INFO - [2022-01-20 03:37:57,319] {dag.py:2914} INFO - Setting next_dagrun for example_trigger_controller_dag to 2021-01-01T00:00:00+00:00
[2022-01-20 03:37:57,350] {processor.py:171} INFO - Processing /home/airflow/.local/lib/python3.7/site-packages/airflow/example_dags/example_trigger_controller_dag.py took 0.204 seconds
[2022-01-20 03:38:27,632] {processor.py:163} INFO - Started process (PID=3933) to work on /home/airflow/.local/lib/python3.7/site-packages/airflow/example_dags/example_trigger_controller_dag.py
[2022-01-20 03:38:27,637] {processor.py:620} INFO - Processing file /home/airflow/.local/lib/python3.7/site-packages/airflow/example_dags/example_trigger_controller_dag.py for tasks to queue
[2022-01-20 03:38:27,640] {logging_mixin.py:109} INFO - [2022-01-20 03:38:27,639] {dagbag.py:500} INFO - Filling up the DagBag from /home/airflow/.local/lib/python3.7/site-packages/airflow/example_dags/example_trigger_controller_dag.py
[2022-01-20 03:38:27,707] {processor.py:632} INFO - DAG(s) dict_keys(['example_trigger_controller_dag']) retrieved from /home/airflow/.local/lib/python3.7/site-packages/airflow/example_dags/example_trigger_controller_dag.py
[2022-01-20 03:38:27,741] {logging_mixin.py:109} INFO - [2022-01-20 03:38:27,741] {dag.py:2389} INFO - Sync 1 DAGs
[2022-01-20 03:38:27,791] {logging_mixin.py:109} INFO - [2022-01-20 03:38:27,790] {dag.py:2914} INFO - Setting next_dagrun for example_trigger_controller_dag to 2021-01-01T00:00:00+00:00
[2022-01-20 03:38:27,819] {processor.py:171} INFO - Processing /home/airflow/.local/lib/python3.7/site-packages/airflow/example_dags/example_trigger_controller_dag.py took 0.195 seconds
[2022-01-20 03:38:58,021] {processor.py:163} INFO - Started process (PID=4040) to work on /home/airflow/.local/lib/python3.7/site-packages/airflow/example_dags/example_trigger_controller_dag.py
[2022-01-20 03:38:58,026] {processor.py:620} INFO - Processing file /home/airflow/.local/lib/python3.7/site-packages/airflow/example_dags/example_trigger_controller_dag.py for tasks to queue
[2022-01-20 03:38:58,030] {logging_mixin.py:109} INFO - [2022-01-20 03:38:58,029] {dagbag.py:500} INFO - Filling up the DagBag from /home/airflow/.local/lib/python3.7/site-packages/airflow/example_dags/example_trigger_controller_dag.py
[2022-01-20 03:38:58,119] {processor.py:632} INFO - DAG(s) dict_keys(['example_trigger_controller_dag']) retrieved from /home/airflow/.local/lib/python3.7/site-packages/airflow/example_dags/example_trigger_controller_dag.py
[2022-01-20 03:38:58,180] {logging_mixin.py:109} INFO - [2022-01-20 03:38:58,180] {dag.py:2389} INFO - Sync 1 DAGs
[2022-01-20 03:38:58,247] {logging_mixin.py:109} INFO - [2022-01-20 03:38:58,247] {dag.py:2914} INFO - Setting next_dagrun for example_trigger_controller_dag to 2021-01-01T00:00:00+00:00
[2022-01-20 03:38:58,287] {processor.py:171} INFO - Processing /home/airflow/.local/lib/python3.7/site-packages/airflow/example_dags/example_trigger_controller_dag.py took 0.274 seconds
[2022-01-20 03:39:28,692] {processor.py:163} INFO - Started process (PID=4139) to work on /home/airflow/.local/lib/python3.7/site-packages/airflow/example_dags/example_trigger_controller_dag.py
[2022-01-20 03:39:28,696] {processor.py:620} INFO - Processing file /home/airflow/.local/lib/python3.7/site-packages/airflow/example_dags/example_trigger_controller_dag.py for tasks to queue
[2022-01-20 03:39:28,700] {logging_mixin.py:109} INFO - [2022-01-20 03:39:28,700] {dagbag.py:500} INFO - Filling up the DagBag from /home/airflow/.local/lib/python3.7/site-packages/airflow/example_dags/example_trigger_controller_dag.py
[2022-01-20 03:39:28,759] {processor.py:632} INFO - DAG(s) dict_keys(['example_trigger_controller_dag']) retrieved from /home/airflow/.local/lib/python3.7/site-packages/airflow/example_dags/example_trigger_controller_dag.py
[2022-01-20 03:39:28,796] {logging_mixin.py:109} INFO - [2022-01-20 03:39:28,796] {dag.py:2389} INFO - Sync 1 DAGs
[2022-01-20 03:39:28,852] {logging_mixin.py:109} INFO - [2022-01-20 03:39:28,851] {dag.py:2914} INFO - Setting next_dagrun for example_trigger_controller_dag to 2021-01-01T00:00:00+00:00
[2022-01-20 03:39:28,876] {processor.py:171} INFO - Processing /home/airflow/.local/lib/python3.7/site-packages/airflow/example_dags/example_trigger_controller_dag.py took 0.194 seconds
[2022-01-20 03:39:59,062] {processor.py:163} INFO - Started process (PID=4251) to work on /home/airflow/.local/lib/python3.7/site-packages/airflow/example_dags/example_trigger_controller_dag.py
[2022-01-20 03:39:59,067] {processor.py:620} INFO - Processing file /home/airflow/.local/lib/python3.7/site-packages/airflow/example_dags/example_trigger_controller_dag.py for tasks to queue
[2022-01-20 03:39:59,070] {logging_mixin.py:109} INFO - [2022-01-20 03:39:59,070] {dagbag.py:500} INFO - Filling up the DagBag from /home/airflow/.local/lib/python3.7/site-packages/airflow/example_dags/example_trigger_controller_dag.py
[2022-01-20 03:39:59,173] {processor.py:632} INFO - DAG(s) dict_keys(['example_trigger_controller_dag']) retrieved from /home/airflow/.local/lib/python3.7/site-packages/airflow/example_dags/example_trigger_controller_dag.py
[2022-01-20 03:39:59,211] {logging_mixin.py:109} INFO - [2022-01-20 03:39:59,211] {dag.py:2389} INFO - Sync 1 DAGs
[2022-01-20 03:39:59,267] {logging_mixin.py:109} INFO - [2022-01-20 03:39:59,266] {dag.py:2914} INFO - Setting next_dagrun for example_trigger_controller_dag to 2021-01-01T00:00:00+00:00
[2022-01-20 03:39:59,297] {processor.py:171} INFO - Processing /home/airflow/.local/lib/python3.7/site-packages/airflow/example_dags/example_trigger_controller_dag.py took 0.243 seconds
[2022-01-20 03:40:29,582] {processor.py:163} INFO - Started process (PID=4352) to work on /home/airflow/.local/lib/python3.7/site-packages/airflow/example_dags/example_trigger_controller_dag.py
[2022-01-20 03:40:29,586] {processor.py:620} INFO - Processing file /home/airflow/.local/lib/python3.7/site-packages/airflow/example_dags/example_trigger_controller_dag.py for tasks to queue
[2022-01-20 03:40:29,589] {logging_mixin.py:109} INFO - [2022-01-20 03:40:29,589] {dagbag.py:500} INFO - Filling up the DagBag from /home/airflow/.local/lib/python3.7/site-packages/airflow/example_dags/example_trigger_controller_dag.py
[2022-01-20 03:40:29,645] {processor.py:632} INFO - DAG(s) dict_keys(['example_trigger_controller_dag']) retrieved from /home/airflow/.local/lib/python3.7/site-packages/airflow/example_dags/example_trigger_controller_dag.py
[2022-01-20 03:40:29,677] {logging_mixin.py:109} INFO - [2022-01-20 03:40:29,677] {dag.py:2389} INFO - Sync 1 DAGs
[2022-01-20 03:40:29,721] {logging_mixin.py:109} INFO - [2022-01-20 03:40:29,721] {dag.py:2914} INFO - Setting next_dagrun for example_trigger_controller_dag to 2021-01-01T00:00:00+00:00
[2022-01-20 03:40:29,747] {processor.py:171} INFO - Processing /home/airflow/.local/lib/python3.7/site-packages/airflow/example_dags/example_trigger_controller_dag.py took 0.174 seconds
[2022-01-20 03:41:00,175] {processor.py:163} INFO - Started process (PID=4467) to work on /home/airflow/.local/lib/python3.7/site-packages/airflow/example_dags/example_trigger_controller_dag.py
[2022-01-20 03:41:00,179] {processor.py:620} INFO - Processing file /home/airflow/.local/lib/python3.7/site-packages/airflow/example_dags/example_trigger_controller_dag.py for tasks to queue
[2022-01-20 03:41:00,182] {logging_mixin.py:109} INFO - [2022-01-20 03:41:00,182] {dagbag.py:500} INFO - Filling up the DagBag from /home/airflow/.local/lib/python3.7/site-packages/airflow/example_dags/example_trigger_controller_dag.py
[2022-01-20 03:41:00,244] {processor.py:632} INFO - DAG(s) dict_keys(['example_trigger_controller_dag']) retrieved from /home/airflow/.local/lib/python3.7/site-packages/airflow/example_dags/example_trigger_controller_dag.py
[2022-01-20 03:41:00,295] {logging_mixin.py:109} INFO - [2022-01-20 03:41:00,295] {dag.py:2389} INFO - Sync 1 DAGs
[2022-01-20 03:41:00,380] {logging_mixin.py:109} INFO - [2022-01-20 03:41:00,379] {dag.py:2914} INFO - Setting next_dagrun for example_trigger_controller_dag to 2021-01-01T00:00:00+00:00
[2022-01-20 03:41:00,435] {processor.py:171} INFO - Processing /home/airflow/.local/lib/python3.7/site-packages/airflow/example_dags/example_trigger_controller_dag.py took 0.267 seconds
[2022-01-20 03:41:31,504] {processor.py:163} INFO - Started process (PID=4576) to work on /home/airflow/.local/lib/python3.7/site-packages/airflow/example_dags/example_trigger_controller_dag.py
[2022-01-20 03:41:31,509] {processor.py:620} INFO - Processing file /home/airflow/.local/lib/python3.7/site-packages/airflow/example_dags/example_trigger_controller_dag.py for tasks to queue
[2022-01-20 03:41:31,515] {logging_mixin.py:109} INFO - [2022-01-20 03:41:31,515] {dagbag.py:500} INFO - Filling up the DagBag from /home/airflow/.local/lib/python3.7/site-packages/airflow/example_dags/example_trigger_controller_dag.py
[2022-01-20 03:41:31,577] {processor.py:632} INFO - DAG(s) dict_keys(['example_trigger_controller_dag']) retrieved from /home/airflow/.local/lib/python3.7/site-packages/airflow/example_dags/example_trigger_controller_dag.py
[2022-01-20 03:41:31,621] {logging_mixin.py:109} INFO - [2022-01-20 03:41:31,620] {dag.py:2389} INFO - Sync 1 DAGs
[2022-01-20 03:41:31,674] {logging_mixin.py:109} INFO - [2022-01-20 03:41:31,674] {dag.py:2914} INFO - Setting next_dagrun for example_trigger_controller_dag to 2021-01-01T00:00:00+00:00
[2022-01-20 03:41:31,702] {processor.py:171} INFO - Processing /home/airflow/.local/lib/python3.7/site-packages/airflow/example_dags/example_trigger_controller_dag.py took 0.225 seconds
[2022-01-20 03:42:02,606] {processor.py:163} INFO - Started process (PID=4677) to work on /home/airflow/.local/lib/python3.7/site-packages/airflow/example_dags/example_trigger_controller_dag.py
[2022-01-20 03:42:02,610] {processor.py:620} INFO - Processing file /home/airflow/.local/lib/python3.7/site-packages/airflow/example_dags/example_trigger_controller_dag.py for tasks to queue
[2022-01-20 03:42:02,613] {logging_mixin.py:109} INFO - [2022-01-20 03:42:02,613] {dagbag.py:500} INFO - Filling up the DagBag from /home/airflow/.local/lib/python3.7/site-packages/airflow/example_dags/example_trigger_controller_dag.py
[2022-01-20 03:42:02,673] {processor.py:632} INFO - DAG(s) dict_keys(['example_trigger_controller_dag']) retrieved from /home/airflow/.local/lib/python3.7/site-packages/airflow/example_dags/example_trigger_controller_dag.py
[2022-01-20 03:42:02,709] {logging_mixin.py:109} INFO - [2022-01-20 03:42:02,708] {dag.py:2389} INFO - Sync 1 DAGs
[2022-01-20 03:42:02,761] {logging_mixin.py:109} INFO - [2022-01-20 03:42:02,760] {dag.py:2914} INFO - Setting next_dagrun for example_trigger_controller_dag to 2021-01-01T00:00:00+00:00
[2022-01-20 03:42:02,789] {processor.py:171} INFO - Processing /home/airflow/.local/lib/python3.7/site-packages/airflow/example_dags/example_trigger_controller_dag.py took 0.190 seconds
[2022-01-20 03:42:33,255] {processor.py:163} INFO - Started process (PID=4792) to work on /home/airflow/.local/lib/python3.7/site-packages/airflow/example_dags/example_trigger_controller_dag.py
[2022-01-20 03:42:33,260] {processor.py:620} INFO - Processing file /home/airflow/.local/lib/python3.7/site-packages/airflow/example_dags/example_trigger_controller_dag.py for tasks to queue
[2022-01-20 03:42:33,263] {logging_mixin.py:109} INFO - [2022-01-20 03:42:33,263] {dagbag.py:500} INFO - Filling up the DagBag from /home/airflow/.local/lib/python3.7/site-packages/airflow/example_dags/example_trigger_controller_dag.py
[2022-01-20 03:42:33,328] {processor.py:632} INFO - DAG(s) dict_keys(['example_trigger_controller_dag']) retrieved from /home/airflow/.local/lib/python3.7/site-packages/airflow/example_dags/example_trigger_controller_dag.py
[2022-01-20 03:42:33,367] {logging_mixin.py:109} INFO - [2022-01-20 03:42:33,367] {dag.py:2389} INFO - Sync 1 DAGs
[2022-01-20 03:42:33,429] {logging_mixin.py:109} INFO - [2022-01-20 03:42:33,429] {dag.py:2914} INFO - Setting next_dagrun for example_trigger_controller_dag to 2021-01-01T00:00:00+00:00
[2022-01-20 03:42:33,481] {processor.py:171} INFO - Processing /home/airflow/.local/lib/python3.7/site-packages/airflow/example_dags/example_trigger_controller_dag.py took 0.234 seconds
[2022-01-20 03:43:03,639] {processor.py:163} INFO - Started process (PID=4889) to work on /home/airflow/.local/lib/python3.7/site-packages/airflow/example_dags/example_trigger_controller_dag.py
[2022-01-20 03:43:03,643] {processor.py:620} INFO - Processing file /home/airflow/.local/lib/python3.7/site-packages/airflow/example_dags/example_trigger_controller_dag.py for tasks to queue
[2022-01-20 03:43:03,646] {logging_mixin.py:109} INFO - [2022-01-20 03:43:03,646] {dagbag.py:500} INFO - Filling up the DagBag from /home/airflow/.local/lib/python3.7/site-packages/airflow/example_dags/example_trigger_controller_dag.py
[2022-01-20 03:43:03,708] {processor.py:632} INFO - DAG(s) dict_keys(['example_trigger_controller_dag']) retrieved from /home/airflow/.local/lib/python3.7/site-packages/airflow/example_dags/example_trigger_controller_dag.py
[2022-01-20 03:43:03,752] {logging_mixin.py:109} INFO - [2022-01-20 03:43:03,751] {dag.py:2389} INFO - Sync 1 DAGs
[2022-01-20 03:43:03,803] {logging_mixin.py:109} INFO - [2022-01-20 03:43:03,803] {dag.py:2914} INFO - Setting next_dagrun for example_trigger_controller_dag to 2021-01-01T00:00:00+00:00
[2022-01-20 03:43:03,832] {processor.py:171} INFO - Processing /home/airflow/.local/lib/python3.7/site-packages/airflow/example_dags/example_trigger_controller_dag.py took 0.200 seconds
[2022-01-20 03:43:34,995] {processor.py:163} INFO - Started process (PID=5010) to work on /home/airflow/.local/lib/python3.7/site-packages/airflow/example_dags/example_trigger_controller_dag.py
[2022-01-20 03:43:35,001] {processor.py:620} INFO - Processing file /home/airflow/.local/lib/python3.7/site-packages/airflow/example_dags/example_trigger_controller_dag.py for tasks to queue
[2022-01-20 03:43:35,005] {logging_mixin.py:109} INFO - [2022-01-20 03:43:35,005] {dagbag.py:500} INFO - Filling up the DagBag from /home/airflow/.local/lib/python3.7/site-packages/airflow/example_dags/example_trigger_controller_dag.py
[2022-01-20 03:43:35,086] {processor.py:632} INFO - DAG(s) dict_keys(['example_trigger_controller_dag']) retrieved from /home/airflow/.local/lib/python3.7/site-packages/airflow/example_dags/example_trigger_controller_dag.py
[2022-01-20 03:43:35,131] {logging_mixin.py:109} INFO - [2022-01-20 03:43:35,130] {dag.py:2389} INFO - Sync 1 DAGs
[2022-01-20 03:43:35,188] {logging_mixin.py:109} INFO - [2022-01-20 03:43:35,188] {dag.py:2914} INFO - Setting next_dagrun for example_trigger_controller_dag to 2021-01-01T00:00:00+00:00
[2022-01-20 03:43:35,247] {processor.py:171} INFO - Processing /home/airflow/.local/lib/python3.7/site-packages/airflow/example_dags/example_trigger_controller_dag.py took 0.260 seconds
[2022-01-20 03:44:06,553] {processor.py:163} INFO - Started process (PID=5107) to work on /home/airflow/.local/lib/python3.7/site-packages/airflow/example_dags/example_trigger_controller_dag.py
[2022-01-20 03:44:06,558] {processor.py:620} INFO - Processing file /home/airflow/.local/lib/python3.7/site-packages/airflow/example_dags/example_trigger_controller_dag.py for tasks to queue
[2022-01-20 03:44:06,560] {logging_mixin.py:109} INFO - [2022-01-20 03:44:06,560] {dagbag.py:500} INFO - Filling up the DagBag from /home/airflow/.local/lib/python3.7/site-packages/airflow/example_dags/example_trigger_controller_dag.py
[2022-01-20 03:44:06,620] {processor.py:632} INFO - DAG(s) dict_keys(['example_trigger_controller_dag']) retrieved from /home/airflow/.local/lib/python3.7/site-packages/airflow/example_dags/example_trigger_controller_dag.py
[2022-01-20 03:44:06,652] {logging_mixin.py:109} INFO - [2022-01-20 03:44:06,651] {dag.py:2389} INFO - Sync 1 DAGs
[2022-01-20 03:44:06,704] {logging_mixin.py:109} INFO - [2022-01-20 03:44:06,703] {dag.py:2914} INFO - Setting next_dagrun for example_trigger_controller_dag to 2021-01-01T00:00:00+00:00
[2022-01-20 03:44:06,730] {processor.py:171} INFO - Processing /home/airflow/.local/lib/python3.7/site-packages/airflow/example_dags/example_trigger_controller_dag.py took 0.185 seconds
[2022-01-20 03:44:37,785] {processor.py:163} INFO - Started process (PID=5217) to work on /home/airflow/.local/lib/python3.7/site-packages/airflow/example_dags/example_trigger_controller_dag.py
[2022-01-20 03:44:37,789] {processor.py:620} INFO - Processing file /home/airflow/.local/lib/python3.7/site-packages/airflow/example_dags/example_trigger_controller_dag.py for tasks to queue
[2022-01-20 03:44:37,793] {logging_mixin.py:109} INFO - [2022-01-20 03:44:37,792] {dagbag.py:500} INFO - Filling up the DagBag from /home/airflow/.local/lib/python3.7/site-packages/airflow/example_dags/example_trigger_controller_dag.py
[2022-01-20 03:44:37,859] {processor.py:632} INFO - DAG(s) dict_keys(['example_trigger_controller_dag']) retrieved from /home/airflow/.local/lib/python3.7/site-packages/airflow/example_dags/example_trigger_controller_dag.py
[2022-01-20 03:44:37,894] {logging_mixin.py:109} INFO - [2022-01-20 03:44:37,894] {dag.py:2389} INFO - Sync 1 DAGs
[2022-01-20 03:44:37,950] {logging_mixin.py:109} INFO - [2022-01-20 03:44:37,950] {dag.py:2914} INFO - Setting next_dagrun for example_trigger_controller_dag to 2021-01-01T00:00:00+00:00
[2022-01-20 03:44:37,979] {processor.py:171} INFO - Processing /home/airflow/.local/lib/python3.7/site-packages/airflow/example_dags/example_trigger_controller_dag.py took 0.202 seconds
[2022-01-20 03:45:08,845] {processor.py:163} INFO - Started process (PID=5310) to work on /home/airflow/.local/lib/python3.7/site-packages/airflow/example_dags/example_trigger_controller_dag.py
[2022-01-20 03:45:08,849] {processor.py:620} INFO - Processing file /home/airflow/.local/lib/python3.7/site-packages/airflow/example_dags/example_trigger_controller_dag.py for tasks to queue
[2022-01-20 03:45:08,852] {logging_mixin.py:109} INFO - [2022-01-20 03:45:08,852] {dagbag.py:500} INFO - Filling up the DagBag from /home/airflow/.local/lib/python3.7/site-packages/airflow/example_dags/example_trigger_controller_dag.py
[2022-01-20 03:45:08,905] {processor.py:632} INFO - DAG(s) dict_keys(['example_trigger_controller_dag']) retrieved from /home/airflow/.local/lib/python3.7/site-packages/airflow/example_dags/example_trigger_controller_dag.py
[2022-01-20 03:45:08,936] {logging_mixin.py:109} INFO - [2022-01-20 03:45:08,935] {dag.py:2389} INFO - Sync 1 DAGs
[2022-01-20 03:45:08,979] {logging_mixin.py:109} INFO - [2022-01-20 03:45:08,978] {dag.py:2914} INFO - Setting next_dagrun for example_trigger_controller_dag to 2021-01-01T00:00:00+00:00
[2022-01-20 03:45:09,002] {processor.py:171} INFO - Processing /home/airflow/.local/lib/python3.7/site-packages/airflow/example_dags/example_trigger_controller_dag.py took 0.165 seconds
[2022-01-20 03:45:40,409] {processor.py:163} INFO - Started process (PID=5416) to work on /home/airflow/.local/lib/python3.7/site-packages/airflow/example_dags/example_trigger_controller_dag.py
[2022-01-20 03:45:40,413] {processor.py:620} INFO - Processing file /home/airflow/.local/lib/python3.7/site-packages/airflow/example_dags/example_trigger_controller_dag.py for tasks to queue
[2022-01-20 03:45:40,417] {logging_mixin.py:109} INFO - [2022-01-20 03:45:40,417] {dagbag.py:500} INFO - Filling up the DagBag from /home/airflow/.local/lib/python3.7/site-packages/airflow/example_dags/example_trigger_controller_dag.py
[2022-01-20 03:45:40,485] {processor.py:632} INFO - DAG(s) dict_keys(['example_trigger_controller_dag']) retrieved from /home/airflow/.local/lib/python3.7/site-packages/airflow/example_dags/example_trigger_controller_dag.py
[2022-01-20 03:45:40,523] {logging_mixin.py:109} INFO - [2022-01-20 03:45:40,523] {dag.py:2389} INFO - Sync 1 DAGs
[2022-01-20 03:45:40,577] {logging_mixin.py:109} INFO - [2022-01-20 03:45:40,576] {dag.py:2914} INFO - Setting next_dagrun for example_trigger_controller_dag to 2021-01-01T00:00:00+00:00
[2022-01-20 03:45:40,604] {processor.py:171} INFO - Processing /home/airflow/.local/lib/python3.7/site-packages/airflow/example_dags/example_trigger_controller_dag.py took 0.202 seconds
[2022-01-20 03:46:11,617] {processor.py:163} INFO - Started process (PID=5523) to work on /home/airflow/.local/lib/python3.7/site-packages/airflow/example_dags/example_trigger_controller_dag.py
[2022-01-20 03:46:11,631] {processor.py:620} INFO - Processing file /home/airflow/.local/lib/python3.7/site-packages/airflow/example_dags/example_trigger_controller_dag.py for tasks to queue
[2022-01-20 03:46:11,634] {logging_mixin.py:109} INFO - [2022-01-20 03:46:11,634] {dagbag.py:500} INFO - Filling up the DagBag from /home/airflow/.local/lib/python3.7/site-packages/airflow/example_dags/example_trigger_controller_dag.py
[2022-01-20 03:46:11,702] {processor.py:632} INFO - DAG(s) dict_keys(['example_trigger_controller_dag']) retrieved from /home/airflow/.local/lib/python3.7/site-packages/airflow/example_dags/example_trigger_controller_dag.py
[2022-01-20 03:46:11,739] {logging_mixin.py:109} INFO - [2022-01-20 03:46:11,738] {dag.py:2389} INFO - Sync 1 DAGs
[2022-01-20 03:46:11,795] {logging_mixin.py:109} INFO - [2022-01-20 03:46:11,794] {dag.py:2914} INFO - Setting next_dagrun for example_trigger_controller_dag to 2021-01-01T00:00:00+00:00
[2022-01-20 03:46:11,823] {processor.py:171} INFO - Processing /home/airflow/.local/lib/python3.7/site-packages/airflow/example_dags/example_trigger_controller_dag.py took 0.214 seconds
[2022-01-20 03:46:42,203] {processor.py:163} INFO - Started process (PID=5622) to work on /home/airflow/.local/lib/python3.7/site-packages/airflow/example_dags/example_trigger_controller_dag.py
[2022-01-20 03:46:42,209] {processor.py:620} INFO - Processing file /home/airflow/.local/lib/python3.7/site-packages/airflow/example_dags/example_trigger_controller_dag.py for tasks to queue
[2022-01-20 03:46:42,213] {logging_mixin.py:109} INFO - [2022-01-20 03:46:42,213] {dagbag.py:500} INFO - Filling up the DagBag from /home/airflow/.local/lib/python3.7/site-packages/airflow/example_dags/example_trigger_controller_dag.py
[2022-01-20 03:46:42,280] {processor.py:632} INFO - DAG(s) dict_keys(['example_trigger_controller_dag']) retrieved from /home/airflow/.local/lib/python3.7/site-packages/airflow/example_dags/example_trigger_controller_dag.py
[2022-01-20 03:46:42,318] {logging_mixin.py:109} INFO - [2022-01-20 03:46:42,317] {dag.py:2389} INFO - Sync 1 DAGs
[2022-01-20 03:46:42,374] {logging_mixin.py:109} INFO - [2022-01-20 03:46:42,373] {dag.py:2914} INFO - Setting next_dagrun for example_trigger_controller_dag to 2021-01-01T00:00:00+00:00
[2022-01-20 03:46:42,406] {processor.py:171} INFO - Processing /home/airflow/.local/lib/python3.7/site-packages/airflow/example_dags/example_trigger_controller_dag.py took 0.211 seconds
[2022-01-20 03:47:12,703] {processor.py:163} INFO - Started process (PID=5730) to work on /home/airflow/.local/lib/python3.7/site-packages/airflow/example_dags/example_trigger_controller_dag.py
[2022-01-20 03:47:12,708] {processor.py:620} INFO - Processing file /home/airflow/.local/lib/python3.7/site-packages/airflow/example_dags/example_trigger_controller_dag.py for tasks to queue
[2022-01-20 03:47:12,714] {logging_mixin.py:109} INFO - [2022-01-20 03:47:12,713] {dagbag.py:500} INFO - Filling up the DagBag from /home/airflow/.local/lib/python3.7/site-packages/airflow/example_dags/example_trigger_controller_dag.py
[2022-01-20 03:47:12,800] {processor.py:632} INFO - DAG(s) dict_keys(['example_trigger_controller_dag']) retrieved from /home/airflow/.local/lib/python3.7/site-packages/airflow/example_dags/example_trigger_controller_dag.py
[2022-01-20 03:47:12,847] {logging_mixin.py:109} INFO - [2022-01-20 03:47:12,847] {dag.py:2389} INFO - Sync 1 DAGs
[2022-01-20 03:47:12,902] {logging_mixin.py:109} INFO - [2022-01-20 03:47:12,901] {dag.py:2914} INFO - Setting next_dagrun for example_trigger_controller_dag to 2021-01-01T00:00:00+00:00
[2022-01-20 03:47:12,930] {processor.py:171} INFO - Processing /home/airflow/.local/lib/python3.7/site-packages/airflow/example_dags/example_trigger_controller_dag.py took 0.237 seconds
[2022-01-20 03:47:43,351] {processor.py:163} INFO - Started process (PID=5832) to work on /home/airflow/.local/lib/python3.7/site-packages/airflow/example_dags/example_trigger_controller_dag.py
[2022-01-20 03:47:43,355] {processor.py:620} INFO - Processing file /home/airflow/.local/lib/python3.7/site-packages/airflow/example_dags/example_trigger_controller_dag.py for tasks to queue
[2022-01-20 03:47:43,358] {logging_mixin.py:109} INFO - [2022-01-20 03:47:43,358] {dagbag.py:500} INFO - Filling up the DagBag from /home/airflow/.local/lib/python3.7/site-packages/airflow/example_dags/example_trigger_controller_dag.py
[2022-01-20 03:47:43,418] {processor.py:632} INFO - DAG(s) dict_keys(['example_trigger_controller_dag']) retrieved from /home/airflow/.local/lib/python3.7/site-packages/airflow/example_dags/example_trigger_controller_dag.py
[2022-01-20 03:47:43,454] {logging_mixin.py:109} INFO - [2022-01-20 03:47:43,454] {dag.py:2389} INFO - Sync 1 DAGs
[2022-01-20 03:47:43,509] {logging_mixin.py:109} INFO - [2022-01-20 03:47:43,508] {dag.py:2914} INFO - Setting next_dagrun for example_trigger_controller_dag to 2021-01-01T00:00:00+00:00
[2022-01-20 03:47:43,539] {processor.py:171} INFO - Processing /home/airflow/.local/lib/python3.7/site-packages/airflow/example_dags/example_trigger_controller_dag.py took 0.195 seconds
[2022-01-20 03:48:14,008] {processor.py:163} INFO - Started process (PID=5944) to work on /home/airflow/.local/lib/python3.7/site-packages/airflow/example_dags/example_trigger_controller_dag.py
[2022-01-20 03:48:14,013] {processor.py:620} INFO - Processing file /home/airflow/.local/lib/python3.7/site-packages/airflow/example_dags/example_trigger_controller_dag.py for tasks to queue
[2022-01-20 03:48:14,018] {logging_mixin.py:109} INFO - [2022-01-20 03:48:14,017] {dagbag.py:500} INFO - Filling up the DagBag from /home/airflow/.local/lib/python3.7/site-packages/airflow/example_dags/example_trigger_controller_dag.py
[2022-01-20 03:48:14,111] {processor.py:632} INFO - DAG(s) dict_keys(['example_trigger_controller_dag']) retrieved from /home/airflow/.local/lib/python3.7/site-packages/airflow/example_dags/example_trigger_controller_dag.py
[2022-01-20 03:48:14,176] {logging_mixin.py:109} INFO - [2022-01-20 03:48:14,175] {dag.py:2389} INFO - Sync 1 DAGs
[2022-01-20 03:48:14,259] {logging_mixin.py:109} INFO - [2022-01-20 03:48:14,259] {dag.py:2914} INFO - Setting next_dagrun for example_trigger_controller_dag to 2021-01-01T00:00:00+00:00
[2022-01-20 03:48:14,289] {processor.py:171} INFO - Processing /home/airflow/.local/lib/python3.7/site-packages/airflow/example_dags/example_trigger_controller_dag.py took 0.294 seconds
[2022-01-20 03:48:44,450] {processor.py:163} INFO - Started process (PID=6039) to work on /home/airflow/.local/lib/python3.7/site-packages/airflow/example_dags/example_trigger_controller_dag.py
[2022-01-20 03:48:44,453] {processor.py:620} INFO - Processing file /home/airflow/.local/lib/python3.7/site-packages/airflow/example_dags/example_trigger_controller_dag.py for tasks to queue
[2022-01-20 03:48:44,456] {logging_mixin.py:109} INFO - [2022-01-20 03:48:44,456] {dagbag.py:500} INFO - Filling up the DagBag from /home/airflow/.local/lib/python3.7/site-packages/airflow/example_dags/example_trigger_controller_dag.py
[2022-01-20 03:48:44,515] {processor.py:632} INFO - DAG(s) dict_keys(['example_trigger_controller_dag']) retrieved from /home/airflow/.local/lib/python3.7/site-packages/airflow/example_dags/example_trigger_controller_dag.py
[2022-01-20 03:48:44,549] {logging_mixin.py:109} INFO - [2022-01-20 03:48:44,549] {dag.py:2389} INFO - Sync 1 DAGs
[2022-01-20 03:48:44,614] {logging_mixin.py:109} INFO - [2022-01-20 03:48:44,614] {dag.py:2914} INFO - Setting next_dagrun for example_trigger_controller_dag to 2021-01-01T00:00:00+00:00
[2022-01-20 03:48:44,639] {processor.py:171} INFO - Processing /home/airflow/.local/lib/python3.7/site-packages/airflow/example_dags/example_trigger_controller_dag.py took 0.198 seconds
[2022-01-20 03:49:14,888] {processor.py:163} INFO - Started process (PID=6153) to work on /home/airflow/.local/lib/python3.7/site-packages/airflow/example_dags/example_trigger_controller_dag.py
[2022-01-20 03:49:14,893] {processor.py:620} INFO - Processing file /home/airflow/.local/lib/python3.7/site-packages/airflow/example_dags/example_trigger_controller_dag.py for tasks to queue
[2022-01-20 03:49:14,896] {logging_mixin.py:109} INFO - [2022-01-20 03:49:14,895] {dagbag.py:500} INFO - Filling up the DagBag from /home/airflow/.local/lib/python3.7/site-packages/airflow/example_dags/example_trigger_controller_dag.py
[2022-01-20 03:49:14,966] {processor.py:632} INFO - DAG(s) dict_keys(['example_trigger_controller_dag']) retrieved from /home/airflow/.local/lib/python3.7/site-packages/airflow/example_dags/example_trigger_controller_dag.py
[2022-01-20 03:49:15,002] {logging_mixin.py:109} INFO - [2022-01-20 03:49:15,002] {dag.py:2389} INFO - Sync 1 DAGs
[2022-01-20 03:49:15,056] {logging_mixin.py:109} INFO - [2022-01-20 03:49:15,055] {dag.py:2914} INFO - Setting next_dagrun for example_trigger_controller_dag to 2021-01-01T00:00:00+00:00
[2022-01-20 03:49:15,089] {processor.py:171} INFO - Processing /home/airflow/.local/lib/python3.7/site-packages/airflow/example_dags/example_trigger_controller_dag.py took 0.208 seconds
[2022-01-20 03:49:45,599] {processor.py:163} INFO - Started process (PID=6250) to work on /home/airflow/.local/lib/python3.7/site-packages/airflow/example_dags/example_trigger_controller_dag.py
[2022-01-20 03:49:45,603] {processor.py:620} INFO - Processing file /home/airflow/.local/lib/python3.7/site-packages/airflow/example_dags/example_trigger_controller_dag.py for tasks to queue
[2022-01-20 03:49:45,607] {logging_mixin.py:109} INFO - [2022-01-20 03:49:45,607] {dagbag.py:500} INFO - Filling up the DagBag from /home/airflow/.local/lib/python3.7/site-packages/airflow/example_dags/example_trigger_controller_dag.py
[2022-01-20 03:49:45,675] {processor.py:632} INFO - DAG(s) dict_keys(['example_trigger_controller_dag']) retrieved from /home/airflow/.local/lib/python3.7/site-packages/airflow/example_dags/example_trigger_controller_dag.py
[2022-01-20 03:49:45,714] {logging_mixin.py:109} INFO - [2022-01-20 03:49:45,714] {dag.py:2389} INFO - Sync 1 DAGs
[2022-01-20 03:49:45,769] {logging_mixin.py:109} INFO - [2022-01-20 03:49:45,769] {dag.py:2914} INFO - Setting next_dagrun for example_trigger_controller_dag to 2021-01-01T00:00:00+00:00
[2022-01-20 03:49:45,796] {processor.py:171} INFO - Processing /home/airflow/.local/lib/python3.7/site-packages/airflow/example_dags/example_trigger_controller_dag.py took 0.206 seconds
[2022-01-20 03:50:16,193] {processor.py:163} INFO - Started process (PID=6362) to work on /home/airflow/.local/lib/python3.7/site-packages/airflow/example_dags/example_trigger_controller_dag.py
[2022-01-20 03:50:16,201] {processor.py:620} INFO - Processing file /home/airflow/.local/lib/python3.7/site-packages/airflow/example_dags/example_trigger_controller_dag.py for tasks to queue
[2022-01-20 03:50:16,205] {logging_mixin.py:109} INFO - [2022-01-20 03:50:16,204] {dagbag.py:500} INFO - Filling up the DagBag from /home/airflow/.local/lib/python3.7/site-packages/airflow/example_dags/example_trigger_controller_dag.py
[2022-01-20 03:50:16,268] {processor.py:632} INFO - DAG(s) dict_keys(['example_trigger_controller_dag']) retrieved from /home/airflow/.local/lib/python3.7/site-packages/airflow/example_dags/example_trigger_controller_dag.py
[2022-01-20 03:50:16,305] {logging_mixin.py:109} INFO - [2022-01-20 03:50:16,305] {dag.py:2389} INFO - Sync 1 DAGs
[2022-01-20 03:50:16,357] {logging_mixin.py:109} INFO - [2022-01-20 03:50:16,356] {dag.py:2914} INFO - Setting next_dagrun for example_trigger_controller_dag to 2021-01-01T00:00:00+00:00
[2022-01-20 03:50:16,385] {processor.py:171} INFO - Processing /home/airflow/.local/lib/python3.7/site-packages/airflow/example_dags/example_trigger_controller_dag.py took 0.198 seconds
[2022-01-20 03:50:46,702] {processor.py:163} INFO - Started process (PID=6456) to work on /home/airflow/.local/lib/python3.7/site-packages/airflow/example_dags/example_trigger_controller_dag.py
[2022-01-20 03:50:46,707] {processor.py:620} INFO - Processing file /home/airflow/.local/lib/python3.7/site-packages/airflow/example_dags/example_trigger_controller_dag.py for tasks to queue
[2022-01-20 03:50:46,711] {logging_mixin.py:109} INFO - [2022-01-20 03:50:46,710] {dagbag.py:500} INFO - Filling up the DagBag from /home/airflow/.local/lib/python3.7/site-packages/airflow/example_dags/example_trigger_controller_dag.py
[2022-01-20 03:50:46,782] {processor.py:632} INFO - DAG(s) dict_keys(['example_trigger_controller_dag']) retrieved from /home/airflow/.local/lib/python3.7/site-packages/airflow/example_dags/example_trigger_controller_dag.py
[2022-01-20 03:50:46,821] {logging_mixin.py:109} INFO - [2022-01-20 03:50:46,821] {dag.py:2389} INFO - Sync 1 DAGs
[2022-01-20 03:50:46,874] {logging_mixin.py:109} INFO - [2022-01-20 03:50:46,874] {dag.py:2914} INFO - Setting next_dagrun for example_trigger_controller_dag to 2021-01-01T00:00:00+00:00
[2022-01-20 03:50:46,901] {processor.py:171} INFO - Processing /home/airflow/.local/lib/python3.7/site-packages/airflow/example_dags/example_trigger_controller_dag.py took 0.206 seconds
[2022-01-20 03:51:17,200] {processor.py:163} INFO - Started process (PID=6574) to work on /home/airflow/.local/lib/python3.7/site-packages/airflow/example_dags/example_trigger_controller_dag.py
[2022-01-20 03:51:17,205] {processor.py:620} INFO - Processing file /home/airflow/.local/lib/python3.7/site-packages/airflow/example_dags/example_trigger_controller_dag.py for tasks to queue
[2022-01-20 03:51:17,209] {logging_mixin.py:109} INFO - [2022-01-20 03:51:17,209] {dagbag.py:500} INFO - Filling up the DagBag from /home/airflow/.local/lib/python3.7/site-packages/airflow/example_dags/example_trigger_controller_dag.py
[2022-01-20 03:51:17,289] {processor.py:632} INFO - DAG(s) dict_keys(['example_trigger_controller_dag']) retrieved from /home/airflow/.local/lib/python3.7/site-packages/airflow/example_dags/example_trigger_controller_dag.py
[2022-01-20 03:51:17,334] {logging_mixin.py:109} INFO - [2022-01-20 03:51:17,333] {dag.py:2389} INFO - Sync 1 DAGs
[2022-01-20 03:51:17,408] {logging_mixin.py:109} INFO - [2022-01-20 03:51:17,407] {dag.py:2914} INFO - Setting next_dagrun for example_trigger_controller_dag to 2021-01-01T00:00:00+00:00
[2022-01-20 03:51:17,444] {processor.py:171} INFO - Processing /home/airflow/.local/lib/python3.7/site-packages/airflow/example_dags/example_trigger_controller_dag.py took 0.256 seconds
