[2022-01-20 03:20:14,677] {processor.py:163} INFO - Started process (PID=245) to work on /home/airflow/.local/lib/python3.7/site-packages/airflow/example_dags/example_kubernetes_executor_config.py
[2022-01-20 03:20:14,703] {processor.py:620} INFO - Processing file /home/airflow/.local/lib/python3.7/site-packages/airflow/example_dags/example_kubernetes_executor_config.py for tasks to queue
[2022-01-20 03:20:14,706] {logging_mixin.py:109} INFO - [2022-01-20 03:20:14,706] {dagbag.py:500} INFO - Filling up the DagBag from /home/airflow/.local/lib/python3.7/site-packages/airflow/example_dags/example_kubernetes_executor_config.py
[2022-01-20 03:20:15,080] {processor.py:632} INFO - DAG(s) dict_keys(['example_kubernetes_executor_config']) retrieved from /home/airflow/.local/lib/python3.7/site-packages/airflow/example_dags/example_kubernetes_executor_config.py
[2022-01-20 03:20:15,275] {logging_mixin.py:109} INFO - [2022-01-20 03:20:15,272] {dag.py:2389} INFO - Sync 1 DAGs
[2022-01-20 03:20:15,477] {logging_mixin.py:109} INFO - [2022-01-20 03:20:15,476] {dag.py:2914} INFO - Setting next_dagrun for example_kubernetes_executor_config to None
[2022-01-20 03:20:15,603] {processor.py:171} INFO - Processing /home/airflow/.local/lib/python3.7/site-packages/airflow/example_dags/example_kubernetes_executor_config.py took 0.951 seconds
[2022-01-20 03:20:45,751] {processor.py:163} INFO - Started process (PID=340) to work on /home/airflow/.local/lib/python3.7/site-packages/airflow/example_dags/example_kubernetes_executor_config.py
[2022-01-20 03:20:45,762] {processor.py:620} INFO - Processing file /home/airflow/.local/lib/python3.7/site-packages/airflow/example_dags/example_kubernetes_executor_config.py for tasks to queue
[2022-01-20 03:20:45,768] {logging_mixin.py:109} INFO - [2022-01-20 03:20:45,767] {dagbag.py:500} INFO - Filling up the DagBag from /home/airflow/.local/lib/python3.7/site-packages/airflow/example_dags/example_kubernetes_executor_config.py
[2022-01-20 03:20:45,993] {processor.py:632} INFO - DAG(s) dict_keys(['example_kubernetes_executor_config']) retrieved from /home/airflow/.local/lib/python3.7/site-packages/airflow/example_dags/example_kubernetes_executor_config.py
[2022-01-20 03:20:46,128] {logging_mixin.py:109} INFO - [2022-01-20 03:20:46,127] {dag.py:2389} INFO - Sync 1 DAGs
[2022-01-20 03:20:46,257] {logging_mixin.py:109} INFO - [2022-01-20 03:20:46,256] {dag.py:2914} INFO - Setting next_dagrun for example_kubernetes_executor_config to None
[2022-01-20 03:20:46,324] {processor.py:171} INFO - Processing /home/airflow/.local/lib/python3.7/site-packages/airflow/example_dags/example_kubernetes_executor_config.py took 0.590 seconds
[2022-01-20 03:21:17,025] {processor.py:163} INFO - Started process (PID=449) to work on /home/airflow/.local/lib/python3.7/site-packages/airflow/example_dags/example_kubernetes_executor_config.py
[2022-01-20 03:21:17,033] {processor.py:620} INFO - Processing file /home/airflow/.local/lib/python3.7/site-packages/airflow/example_dags/example_kubernetes_executor_config.py for tasks to queue
[2022-01-20 03:21:17,036] {logging_mixin.py:109} INFO - [2022-01-20 03:21:17,036] {dagbag.py:500} INFO - Filling up the DagBag from /home/airflow/.local/lib/python3.7/site-packages/airflow/example_dags/example_kubernetes_executor_config.py
[2022-01-20 03:21:17,256] {processor.py:632} INFO - DAG(s) dict_keys(['example_kubernetes_executor_config']) retrieved from /home/airflow/.local/lib/python3.7/site-packages/airflow/example_dags/example_kubernetes_executor_config.py
[2022-01-20 03:21:17,362] {logging_mixin.py:109} INFO - [2022-01-20 03:21:17,361] {dag.py:2389} INFO - Sync 1 DAGs
[2022-01-20 03:21:17,474] {logging_mixin.py:109} INFO - [2022-01-20 03:21:17,473] {dag.py:2914} INFO - Setting next_dagrun for example_kubernetes_executor_config to None
[2022-01-20 03:21:17,549] {processor.py:171} INFO - Processing /home/airflow/.local/lib/python3.7/site-packages/airflow/example_dags/example_kubernetes_executor_config.py took 0.536 seconds
[2022-01-20 03:21:47,885] {processor.py:163} INFO - Started process (PID=545) to work on /home/airflow/.local/lib/python3.7/site-packages/airflow/example_dags/example_kubernetes_executor_config.py
[2022-01-20 03:21:47,891] {processor.py:620} INFO - Processing file /home/airflow/.local/lib/python3.7/site-packages/airflow/example_dags/example_kubernetes_executor_config.py for tasks to queue
[2022-01-20 03:21:47,894] {logging_mixin.py:109} INFO - [2022-01-20 03:21:47,893] {dagbag.py:500} INFO - Filling up the DagBag from /home/airflow/.local/lib/python3.7/site-packages/airflow/example_dags/example_kubernetes_executor_config.py
[2022-01-20 03:21:47,958] {processor.py:632} INFO - DAG(s) dict_keys(['example_kubernetes_executor_config']) retrieved from /home/airflow/.local/lib/python3.7/site-packages/airflow/example_dags/example_kubernetes_executor_config.py
[2022-01-20 03:21:47,997] {logging_mixin.py:109} INFO - [2022-01-20 03:21:47,997] {dag.py:2389} INFO - Sync 1 DAGs
[2022-01-20 03:21:48,041] {logging_mixin.py:109} INFO - [2022-01-20 03:21:48,041] {dag.py:2914} INFO - Setting next_dagrun for example_kubernetes_executor_config to None
[2022-01-20 03:21:48,064] {processor.py:171} INFO - Processing /home/airflow/.local/lib/python3.7/site-packages/airflow/example_dags/example_kubernetes_executor_config.py took 0.187 seconds
[2022-01-20 03:22:18,582] {processor.py:163} INFO - Started process (PID=661) to work on /home/airflow/.local/lib/python3.7/site-packages/airflow/example_dags/example_kubernetes_executor_config.py
[2022-01-20 03:22:18,586] {processor.py:620} INFO - Processing file /home/airflow/.local/lib/python3.7/site-packages/airflow/example_dags/example_kubernetes_executor_config.py for tasks to queue
[2022-01-20 03:22:18,591] {logging_mixin.py:109} INFO - [2022-01-20 03:22:18,590] {dagbag.py:500} INFO - Filling up the DagBag from /home/airflow/.local/lib/python3.7/site-packages/airflow/example_dags/example_kubernetes_executor_config.py
[2022-01-20 03:22:18,675] {processor.py:632} INFO - DAG(s) dict_keys(['example_kubernetes_executor_config']) retrieved from /home/airflow/.local/lib/python3.7/site-packages/airflow/example_dags/example_kubernetes_executor_config.py
[2022-01-20 03:22:18,728] {logging_mixin.py:109} INFO - [2022-01-20 03:22:18,727] {dag.py:2389} INFO - Sync 1 DAGs
[2022-01-20 03:22:18,790] {logging_mixin.py:109} INFO - [2022-01-20 03:22:18,789] {dag.py:2914} INFO - Setting next_dagrun for example_kubernetes_executor_config to None
[2022-01-20 03:22:18,819] {processor.py:171} INFO - Processing /home/airflow/.local/lib/python3.7/site-packages/airflow/example_dags/example_kubernetes_executor_config.py took 0.245 seconds
[2022-01-20 03:22:48,916] {processor.py:163} INFO - Started process (PID=757) to work on /home/airflow/.local/lib/python3.7/site-packages/airflow/example_dags/example_kubernetes_executor_config.py
[2022-01-20 03:22:48,920] {processor.py:620} INFO - Processing file /home/airflow/.local/lib/python3.7/site-packages/airflow/example_dags/example_kubernetes_executor_config.py for tasks to queue
[2022-01-20 03:22:48,924] {logging_mixin.py:109} INFO - [2022-01-20 03:22:48,923] {dagbag.py:500} INFO - Filling up the DagBag from /home/airflow/.local/lib/python3.7/site-packages/airflow/example_dags/example_kubernetes_executor_config.py
[2022-01-20 03:22:48,993] {processor.py:632} INFO - DAG(s) dict_keys(['example_kubernetes_executor_config']) retrieved from /home/airflow/.local/lib/python3.7/site-packages/airflow/example_dags/example_kubernetes_executor_config.py
[2022-01-20 03:22:49,032] {logging_mixin.py:109} INFO - [2022-01-20 03:22:49,032] {dag.py:2389} INFO - Sync 1 DAGs
[2022-01-20 03:22:49,076] {logging_mixin.py:109} INFO - [2022-01-20 03:22:49,075] {dag.py:2914} INFO - Setting next_dagrun for example_kubernetes_executor_config to None
[2022-01-20 03:22:49,100] {processor.py:171} INFO - Processing /home/airflow/.local/lib/python3.7/site-packages/airflow/example_dags/example_kubernetes_executor_config.py took 0.192 seconds
[2022-01-20 03:23:19,432] {processor.py:163} INFO - Started process (PID=872) to work on /home/airflow/.local/lib/python3.7/site-packages/airflow/example_dags/example_kubernetes_executor_config.py
[2022-01-20 03:23:19,437] {processor.py:620} INFO - Processing file /home/airflow/.local/lib/python3.7/site-packages/airflow/example_dags/example_kubernetes_executor_config.py for tasks to queue
[2022-01-20 03:23:19,440] {logging_mixin.py:109} INFO - [2022-01-20 03:23:19,439] {dagbag.py:500} INFO - Filling up the DagBag from /home/airflow/.local/lib/python3.7/site-packages/airflow/example_dags/example_kubernetes_executor_config.py
[2022-01-20 03:23:19,526] {processor.py:632} INFO - DAG(s) dict_keys(['example_kubernetes_executor_config']) retrieved from /home/airflow/.local/lib/python3.7/site-packages/airflow/example_dags/example_kubernetes_executor_config.py
[2022-01-20 03:23:19,579] {logging_mixin.py:109} INFO - [2022-01-20 03:23:19,578] {dag.py:2389} INFO - Sync 1 DAGs
[2022-01-20 03:23:19,633] {logging_mixin.py:109} INFO - [2022-01-20 03:23:19,632] {dag.py:2914} INFO - Setting next_dagrun for example_kubernetes_executor_config to None
[2022-01-20 03:23:19,669] {processor.py:171} INFO - Processing /home/airflow/.local/lib/python3.7/site-packages/airflow/example_dags/example_kubernetes_executor_config.py took 0.244 seconds
[2022-01-20 03:23:50,230] {processor.py:163} INFO - Started process (PID=968) to work on /home/airflow/.local/lib/python3.7/site-packages/airflow/example_dags/example_kubernetes_executor_config.py
[2022-01-20 03:23:50,234] {processor.py:620} INFO - Processing file /home/airflow/.local/lib/python3.7/site-packages/airflow/example_dags/example_kubernetes_executor_config.py for tasks to queue
[2022-01-20 03:23:50,237] {logging_mixin.py:109} INFO - [2022-01-20 03:23:50,237] {dagbag.py:500} INFO - Filling up the DagBag from /home/airflow/.local/lib/python3.7/site-packages/airflow/example_dags/example_kubernetes_executor_config.py
[2022-01-20 03:23:50,313] {processor.py:632} INFO - DAG(s) dict_keys(['example_kubernetes_executor_config']) retrieved from /home/airflow/.local/lib/python3.7/site-packages/airflow/example_dags/example_kubernetes_executor_config.py
[2022-01-20 03:23:50,362] {logging_mixin.py:109} INFO - [2022-01-20 03:23:50,362] {dag.py:2389} INFO - Sync 1 DAGs
[2022-01-20 03:23:50,418] {logging_mixin.py:109} INFO - [2022-01-20 03:23:50,418] {dag.py:2914} INFO - Setting next_dagrun for example_kubernetes_executor_config to None
[2022-01-20 03:23:50,451] {processor.py:171} INFO - Processing /home/airflow/.local/lib/python3.7/site-packages/airflow/example_dags/example_kubernetes_executor_config.py took 0.227 seconds
[2022-01-20 03:24:21,243] {processor.py:163} INFO - Started process (PID=1080) to work on /home/airflow/.local/lib/python3.7/site-packages/airflow/example_dags/example_kubernetes_executor_config.py
[2022-01-20 03:24:21,249] {processor.py:620} INFO - Processing file /home/airflow/.local/lib/python3.7/site-packages/airflow/example_dags/example_kubernetes_executor_config.py for tasks to queue
[2022-01-20 03:24:21,253] {logging_mixin.py:109} INFO - [2022-01-20 03:24:21,252] {dagbag.py:500} INFO - Filling up the DagBag from /home/airflow/.local/lib/python3.7/site-packages/airflow/example_dags/example_kubernetes_executor_config.py
[2022-01-20 03:24:21,334] {processor.py:632} INFO - DAG(s) dict_keys(['example_kubernetes_executor_config']) retrieved from /home/airflow/.local/lib/python3.7/site-packages/airflow/example_dags/example_kubernetes_executor_config.py
[2022-01-20 03:24:21,386] {logging_mixin.py:109} INFO - [2022-01-20 03:24:21,386] {dag.py:2389} INFO - Sync 1 DAGs
[2022-01-20 03:24:21,439] {logging_mixin.py:109} INFO - [2022-01-20 03:24:21,439] {dag.py:2914} INFO - Setting next_dagrun for example_kubernetes_executor_config to None
[2022-01-20 03:24:21,472] {processor.py:171} INFO - Processing /home/airflow/.local/lib/python3.7/site-packages/airflow/example_dags/example_kubernetes_executor_config.py took 0.239 seconds
[2022-01-20 03:24:51,653] {processor.py:163} INFO - Started process (PID=1188) to work on /home/airflow/.local/lib/python3.7/site-packages/airflow/example_dags/example_kubernetes_executor_config.py
[2022-01-20 03:24:51,658] {processor.py:620} INFO - Processing file /home/airflow/.local/lib/python3.7/site-packages/airflow/example_dags/example_kubernetes_executor_config.py for tasks to queue
[2022-01-20 03:24:51,661] {logging_mixin.py:109} INFO - [2022-01-20 03:24:51,661] {dagbag.py:500} INFO - Filling up the DagBag from /home/airflow/.local/lib/python3.7/site-packages/airflow/example_dags/example_kubernetes_executor_config.py
[2022-01-20 03:24:51,739] {processor.py:632} INFO - DAG(s) dict_keys(['example_kubernetes_executor_config']) retrieved from /home/airflow/.local/lib/python3.7/site-packages/airflow/example_dags/example_kubernetes_executor_config.py
[2022-01-20 03:24:51,796] {logging_mixin.py:109} INFO - [2022-01-20 03:24:51,788] {dag.py:2389} INFO - Sync 1 DAGs
[2022-01-20 03:24:51,853] {logging_mixin.py:109} INFO - [2022-01-20 03:24:51,853] {dag.py:2914} INFO - Setting next_dagrun for example_kubernetes_executor_config to None
[2022-01-20 03:24:51,882] {processor.py:171} INFO - Processing /home/airflow/.local/lib/python3.7/site-packages/airflow/example_dags/example_kubernetes_executor_config.py took 0.237 seconds
[2022-01-20 03:25:22,584] {processor.py:163} INFO - Started process (PID=1289) to work on /home/airflow/.local/lib/python3.7/site-packages/airflow/example_dags/example_kubernetes_executor_config.py
[2022-01-20 03:25:22,589] {processor.py:620} INFO - Processing file /home/airflow/.local/lib/python3.7/site-packages/airflow/example_dags/example_kubernetes_executor_config.py for tasks to queue
[2022-01-20 03:25:22,592] {logging_mixin.py:109} INFO - [2022-01-20 03:25:22,591] {dagbag.py:500} INFO - Filling up the DagBag from /home/airflow/.local/lib/python3.7/site-packages/airflow/example_dags/example_kubernetes_executor_config.py
[2022-01-20 03:25:22,671] {processor.py:632} INFO - DAG(s) dict_keys(['example_kubernetes_executor_config']) retrieved from /home/airflow/.local/lib/python3.7/site-packages/airflow/example_dags/example_kubernetes_executor_config.py
[2022-01-20 03:25:22,731] {logging_mixin.py:109} INFO - [2022-01-20 03:25:22,730] {dag.py:2389} INFO - Sync 1 DAGs
[2022-01-20 03:25:22,784] {logging_mixin.py:109} INFO - [2022-01-20 03:25:22,784] {dag.py:2914} INFO - Setting next_dagrun for example_kubernetes_executor_config to None
[2022-01-20 03:25:22,813] {processor.py:171} INFO - Processing /home/airflow/.local/lib/python3.7/site-packages/airflow/example_dags/example_kubernetes_executor_config.py took 0.237 seconds
[2022-01-20 03:25:53,874] {processor.py:163} INFO - Started process (PID=1408) to work on /home/airflow/.local/lib/python3.7/site-packages/airflow/example_dags/example_kubernetes_executor_config.py
[2022-01-20 03:25:53,880] {processor.py:620} INFO - Processing file /home/airflow/.local/lib/python3.7/site-packages/airflow/example_dags/example_kubernetes_executor_config.py for tasks to queue
[2022-01-20 03:25:53,885] {logging_mixin.py:109} INFO - [2022-01-20 03:25:53,884] {dagbag.py:500} INFO - Filling up the DagBag from /home/airflow/.local/lib/python3.7/site-packages/airflow/example_dags/example_kubernetes_executor_config.py
[2022-01-20 03:25:53,976] {processor.py:632} INFO - DAG(s) dict_keys(['example_kubernetes_executor_config']) retrieved from /home/airflow/.local/lib/python3.7/site-packages/airflow/example_dags/example_kubernetes_executor_config.py
[2022-01-20 03:25:54,023] {logging_mixin.py:109} INFO - [2022-01-20 03:25:54,022] {dag.py:2389} INFO - Sync 1 DAGs
[2022-01-20 03:25:54,079] {logging_mixin.py:109} INFO - [2022-01-20 03:25:54,079] {dag.py:2914} INFO - Setting next_dagrun for example_kubernetes_executor_config to None
[2022-01-20 03:25:54,109] {processor.py:171} INFO - Processing /home/airflow/.local/lib/python3.7/site-packages/airflow/example_dags/example_kubernetes_executor_config.py took 0.242 seconds
[2022-01-20 03:26:25,297] {processor.py:163} INFO - Started process (PID=1499) to work on /home/airflow/.local/lib/python3.7/site-packages/airflow/example_dags/example_kubernetes_executor_config.py
[2022-01-20 03:26:25,301] {processor.py:620} INFO - Processing file /home/airflow/.local/lib/python3.7/site-packages/airflow/example_dags/example_kubernetes_executor_config.py for tasks to queue
[2022-01-20 03:26:25,305] {logging_mixin.py:109} INFO - [2022-01-20 03:26:25,305] {dagbag.py:500} INFO - Filling up the DagBag from /home/airflow/.local/lib/python3.7/site-packages/airflow/example_dags/example_kubernetes_executor_config.py
[2022-01-20 03:26:25,386] {processor.py:632} INFO - DAG(s) dict_keys(['example_kubernetes_executor_config']) retrieved from /home/airflow/.local/lib/python3.7/site-packages/airflow/example_dags/example_kubernetes_executor_config.py
[2022-01-20 03:26:25,430] {logging_mixin.py:109} INFO - [2022-01-20 03:26:25,430] {dag.py:2389} INFO - Sync 1 DAGs
[2022-01-20 03:26:25,481] {logging_mixin.py:109} INFO - [2022-01-20 03:26:25,481] {dag.py:2914} INFO - Setting next_dagrun for example_kubernetes_executor_config to None
[2022-01-20 03:26:25,508] {processor.py:171} INFO - Processing /home/airflow/.local/lib/python3.7/site-packages/airflow/example_dags/example_kubernetes_executor_config.py took 0.219 seconds
[2022-01-20 03:26:56,970] {processor.py:163} INFO - Started process (PID=1597) to work on /home/airflow/.local/lib/python3.7/site-packages/airflow/example_dags/example_kubernetes_executor_config.py
[2022-01-20 03:26:56,975] {processor.py:620} INFO - Processing file /home/airflow/.local/lib/python3.7/site-packages/airflow/example_dags/example_kubernetes_executor_config.py for tasks to queue
[2022-01-20 03:26:56,978] {logging_mixin.py:109} INFO - [2022-01-20 03:26:56,977] {dagbag.py:500} INFO - Filling up the DagBag from /home/airflow/.local/lib/python3.7/site-packages/airflow/example_dags/example_kubernetes_executor_config.py
[2022-01-20 03:26:57,058] {processor.py:632} INFO - DAG(s) dict_keys(['example_kubernetes_executor_config']) retrieved from /home/airflow/.local/lib/python3.7/site-packages/airflow/example_dags/example_kubernetes_executor_config.py
[2022-01-20 03:26:57,111] {logging_mixin.py:109} INFO - [2022-01-20 03:26:57,111] {dag.py:2389} INFO - Sync 1 DAGs
[2022-01-20 03:26:57,165] {logging_mixin.py:109} INFO - [2022-01-20 03:26:57,164] {dag.py:2914} INFO - Setting next_dagrun for example_kubernetes_executor_config to None
[2022-01-20 03:26:57,194] {processor.py:171} INFO - Processing /home/airflow/.local/lib/python3.7/site-packages/airflow/example_dags/example_kubernetes_executor_config.py took 0.234 seconds
[2022-01-20 03:27:27,487] {processor.py:163} INFO - Started process (PID=1688) to work on /home/airflow/.local/lib/python3.7/site-packages/airflow/example_dags/example_kubernetes_executor_config.py
[2022-01-20 03:27:27,491] {processor.py:620} INFO - Processing file /home/airflow/.local/lib/python3.7/site-packages/airflow/example_dags/example_kubernetes_executor_config.py for tasks to queue
[2022-01-20 03:27:27,494] {logging_mixin.py:109} INFO - [2022-01-20 03:27:27,493] {dagbag.py:500} INFO - Filling up the DagBag from /home/airflow/.local/lib/python3.7/site-packages/airflow/example_dags/example_kubernetes_executor_config.py
[2022-01-20 03:27:27,558] {processor.py:632} INFO - DAG(s) dict_keys(['example_kubernetes_executor_config']) retrieved from /home/airflow/.local/lib/python3.7/site-packages/airflow/example_dags/example_kubernetes_executor_config.py
[2022-01-20 03:27:27,600] {logging_mixin.py:109} INFO - [2022-01-20 03:27:27,600] {dag.py:2389} INFO - Sync 1 DAGs
[2022-01-20 03:27:27,648] {logging_mixin.py:109} INFO - [2022-01-20 03:27:27,647] {dag.py:2914} INFO - Setting next_dagrun for example_kubernetes_executor_config to None
[2022-01-20 03:27:27,672] {processor.py:171} INFO - Processing /home/airflow/.local/lib/python3.7/site-packages/airflow/example_dags/example_kubernetes_executor_config.py took 0.192 seconds
[2022-01-20 03:27:58,110] {processor.py:163} INFO - Started process (PID=1796) to work on /home/airflow/.local/lib/python3.7/site-packages/airflow/example_dags/example_kubernetes_executor_config.py
[2022-01-20 03:27:58,122] {processor.py:620} INFO - Processing file /home/airflow/.local/lib/python3.7/site-packages/airflow/example_dags/example_kubernetes_executor_config.py for tasks to queue
[2022-01-20 03:27:58,126] {logging_mixin.py:109} INFO - [2022-01-20 03:27:58,126] {dagbag.py:500} INFO - Filling up the DagBag from /home/airflow/.local/lib/python3.7/site-packages/airflow/example_dags/example_kubernetes_executor_config.py
[2022-01-20 03:27:58,216] {processor.py:632} INFO - DAG(s) dict_keys(['example_kubernetes_executor_config']) retrieved from /home/airflow/.local/lib/python3.7/site-packages/airflow/example_dags/example_kubernetes_executor_config.py
[2022-01-20 03:27:58,269] {logging_mixin.py:109} INFO - [2022-01-20 03:27:58,269] {dag.py:2389} INFO - Sync 1 DAGs
[2022-01-20 03:27:58,330] {logging_mixin.py:109} INFO - [2022-01-20 03:27:58,329] {dag.py:2914} INFO - Setting next_dagrun for example_kubernetes_executor_config to None
[2022-01-20 03:27:58,359] {processor.py:171} INFO - Processing /home/airflow/.local/lib/python3.7/site-packages/airflow/example_dags/example_kubernetes_executor_config.py took 0.262 seconds
[2022-01-20 03:28:28,490] {processor.py:163} INFO - Started process (PID=1890) to work on /home/airflow/.local/lib/python3.7/site-packages/airflow/example_dags/example_kubernetes_executor_config.py
[2022-01-20 03:28:28,493] {processor.py:620} INFO - Processing file /home/airflow/.local/lib/python3.7/site-packages/airflow/example_dags/example_kubernetes_executor_config.py for tasks to queue
[2022-01-20 03:28:28,496] {logging_mixin.py:109} INFO - [2022-01-20 03:28:28,495] {dagbag.py:500} INFO - Filling up the DagBag from /home/airflow/.local/lib/python3.7/site-packages/airflow/example_dags/example_kubernetes_executor_config.py
[2022-01-20 03:28:28,565] {processor.py:632} INFO - DAG(s) dict_keys(['example_kubernetes_executor_config']) retrieved from /home/airflow/.local/lib/python3.7/site-packages/airflow/example_dags/example_kubernetes_executor_config.py
[2022-01-20 03:28:28,610] {logging_mixin.py:109} INFO - [2022-01-20 03:28:28,610] {dag.py:2389} INFO - Sync 1 DAGs
[2022-01-20 03:28:28,657] {logging_mixin.py:109} INFO - [2022-01-20 03:28:28,657] {dag.py:2914} INFO - Setting next_dagrun for example_kubernetes_executor_config to None
[2022-01-20 03:28:28,682] {processor.py:171} INFO - Processing /home/airflow/.local/lib/python3.7/site-packages/airflow/example_dags/example_kubernetes_executor_config.py took 0.198 seconds
[2022-01-20 03:28:59,182] {processor.py:163} INFO - Started process (PID=2001) to work on /home/airflow/.local/lib/python3.7/site-packages/airflow/example_dags/example_kubernetes_executor_config.py
[2022-01-20 03:28:59,187] {processor.py:620} INFO - Processing file /home/airflow/.local/lib/python3.7/site-packages/airflow/example_dags/example_kubernetes_executor_config.py for tasks to queue
[2022-01-20 03:28:59,190] {logging_mixin.py:109} INFO - [2022-01-20 03:28:59,189] {dagbag.py:500} INFO - Filling up the DagBag from /home/airflow/.local/lib/python3.7/site-packages/airflow/example_dags/example_kubernetes_executor_config.py
[2022-01-20 03:28:59,283] {processor.py:632} INFO - DAG(s) dict_keys(['example_kubernetes_executor_config']) retrieved from /home/airflow/.local/lib/python3.7/site-packages/airflow/example_dags/example_kubernetes_executor_config.py
[2022-01-20 03:28:59,337] {logging_mixin.py:109} INFO - [2022-01-20 03:28:59,337] {dag.py:2389} INFO - Sync 1 DAGs
[2022-01-20 03:28:59,391] {logging_mixin.py:109} INFO - [2022-01-20 03:28:59,391] {dag.py:2914} INFO - Setting next_dagrun for example_kubernetes_executor_config to None
[2022-01-20 03:28:59,420] {processor.py:171} INFO - Processing /home/airflow/.local/lib/python3.7/site-packages/airflow/example_dags/example_kubernetes_executor_config.py took 0.246 seconds
[2022-01-20 03:29:29,697] {processor.py:163} INFO - Started process (PID=2101) to work on /home/airflow/.local/lib/python3.7/site-packages/airflow/example_dags/example_kubernetes_executor_config.py
[2022-01-20 03:29:29,701] {processor.py:620} INFO - Processing file /home/airflow/.local/lib/python3.7/site-packages/airflow/example_dags/example_kubernetes_executor_config.py for tasks to queue
[2022-01-20 03:29:29,704] {logging_mixin.py:109} INFO - [2022-01-20 03:29:29,703] {dagbag.py:500} INFO - Filling up the DagBag from /home/airflow/.local/lib/python3.7/site-packages/airflow/example_dags/example_kubernetes_executor_config.py
[2022-01-20 03:29:29,770] {processor.py:632} INFO - DAG(s) dict_keys(['example_kubernetes_executor_config']) retrieved from /home/airflow/.local/lib/python3.7/site-packages/airflow/example_dags/example_kubernetes_executor_config.py
[2022-01-20 03:29:29,811] {logging_mixin.py:109} INFO - [2022-01-20 03:29:29,810] {dag.py:2389} INFO - Sync 1 DAGs
[2022-01-20 03:29:29,855] {logging_mixin.py:109} INFO - [2022-01-20 03:29:29,855] {dag.py:2914} INFO - Setting next_dagrun for example_kubernetes_executor_config to None
[2022-01-20 03:29:29,878] {processor.py:171} INFO - Processing /home/airflow/.local/lib/python3.7/site-packages/airflow/example_dags/example_kubernetes_executor_config.py took 0.187 seconds
[2022-01-20 03:30:00,077] {processor.py:163} INFO - Started process (PID=2216) to work on /home/airflow/.local/lib/python3.7/site-packages/airflow/example_dags/example_kubernetes_executor_config.py
[2022-01-20 03:30:00,083] {processor.py:620} INFO - Processing file /home/airflow/.local/lib/python3.7/site-packages/airflow/example_dags/example_kubernetes_executor_config.py for tasks to queue
[2022-01-20 03:30:00,093] {logging_mixin.py:109} INFO - [2022-01-20 03:30:00,091] {dagbag.py:500} INFO - Filling up the DagBag from /home/airflow/.local/lib/python3.7/site-packages/airflow/example_dags/example_kubernetes_executor_config.py
[2022-01-20 03:30:00,190] {processor.py:632} INFO - DAG(s) dict_keys(['example_kubernetes_executor_config']) retrieved from /home/airflow/.local/lib/python3.7/site-packages/airflow/example_dags/example_kubernetes_executor_config.py
[2022-01-20 03:30:00,243] {logging_mixin.py:109} INFO - [2022-01-20 03:30:00,242] {dag.py:2389} INFO - Sync 1 DAGs
[2022-01-20 03:30:00,300] {logging_mixin.py:109} INFO - [2022-01-20 03:30:00,299] {dag.py:2914} INFO - Setting next_dagrun for example_kubernetes_executor_config to None
[2022-01-20 03:30:00,334] {processor.py:171} INFO - Processing /home/airflow/.local/lib/python3.7/site-packages/airflow/example_dags/example_kubernetes_executor_config.py took 0.267 seconds
[2022-01-20 03:30:30,396] {processor.py:163} INFO - Started process (PID=2312) to work on /home/airflow/.local/lib/python3.7/site-packages/airflow/example_dags/example_kubernetes_executor_config.py
[2022-01-20 03:30:30,400] {processor.py:620} INFO - Processing file /home/airflow/.local/lib/python3.7/site-packages/airflow/example_dags/example_kubernetes_executor_config.py for tasks to queue
[2022-01-20 03:30:30,403] {logging_mixin.py:109} INFO - [2022-01-20 03:30:30,403] {dagbag.py:500} INFO - Filling up the DagBag from /home/airflow/.local/lib/python3.7/site-packages/airflow/example_dags/example_kubernetes_executor_config.py
[2022-01-20 03:30:30,475] {processor.py:632} INFO - DAG(s) dict_keys(['example_kubernetes_executor_config']) retrieved from /home/airflow/.local/lib/python3.7/site-packages/airflow/example_dags/example_kubernetes_executor_config.py
[2022-01-20 03:30:30,521] {logging_mixin.py:109} INFO - [2022-01-20 03:30:30,521] {dag.py:2389} INFO - Sync 1 DAGs
[2022-01-20 03:30:30,594] {logging_mixin.py:109} INFO - [2022-01-20 03:30:30,593] {dag.py:2914} INFO - Setting next_dagrun for example_kubernetes_executor_config to None
[2022-01-20 03:30:30,627] {processor.py:171} INFO - Processing /home/airflow/.local/lib/python3.7/site-packages/airflow/example_dags/example_kubernetes_executor_config.py took 0.238 seconds
[2022-01-20 03:31:00,812] {processor.py:163} INFO - Started process (PID=2428) to work on /home/airflow/.local/lib/python3.7/site-packages/airflow/example_dags/example_kubernetes_executor_config.py
[2022-01-20 03:31:00,816] {processor.py:620} INFO - Processing file /home/airflow/.local/lib/python3.7/site-packages/airflow/example_dags/example_kubernetes_executor_config.py for tasks to queue
[2022-01-20 03:31:00,820] {logging_mixin.py:109} INFO - [2022-01-20 03:31:00,819] {dagbag.py:500} INFO - Filling up the DagBag from /home/airflow/.local/lib/python3.7/site-packages/airflow/example_dags/example_kubernetes_executor_config.py
[2022-01-20 03:31:00,900] {processor.py:632} INFO - DAG(s) dict_keys(['example_kubernetes_executor_config']) retrieved from /home/airflow/.local/lib/python3.7/site-packages/airflow/example_dags/example_kubernetes_executor_config.py
[2022-01-20 03:31:00,948] {logging_mixin.py:109} INFO - [2022-01-20 03:31:00,948] {dag.py:2389} INFO - Sync 1 DAGs
[2022-01-20 03:31:01,117] {logging_mixin.py:109} INFO - [2022-01-20 03:31:01,116] {dag.py:2914} INFO - Setting next_dagrun for example_kubernetes_executor_config to None
[2022-01-20 03:31:01,146] {processor.py:171} INFO - Processing /home/airflow/.local/lib/python3.7/site-packages/airflow/example_dags/example_kubernetes_executor_config.py took 0.341 seconds
[2022-01-20 03:31:31,595] {processor.py:163} INFO - Started process (PID=2535) to work on /home/airflow/.local/lib/python3.7/site-packages/airflow/example_dags/example_kubernetes_executor_config.py
[2022-01-20 03:31:31,618] {processor.py:620} INFO - Processing file /home/airflow/.local/lib/python3.7/site-packages/airflow/example_dags/example_kubernetes_executor_config.py for tasks to queue
[2022-01-20 03:31:31,628] {logging_mixin.py:109} INFO - [2022-01-20 03:31:31,627] {dagbag.py:500} INFO - Filling up the DagBag from /home/airflow/.local/lib/python3.7/site-packages/airflow/example_dags/example_kubernetes_executor_config.py
[2022-01-20 03:31:31,723] {processor.py:632} INFO - DAG(s) dict_keys(['example_kubernetes_executor_config']) retrieved from /home/airflow/.local/lib/python3.7/site-packages/airflow/example_dags/example_kubernetes_executor_config.py
[2022-01-20 03:31:31,784] {logging_mixin.py:109} INFO - [2022-01-20 03:31:31,783] {dag.py:2389} INFO - Sync 1 DAGs
[2022-01-20 03:31:31,968] {logging_mixin.py:109} INFO - [2022-01-20 03:31:31,968] {dag.py:2914} INFO - Setting next_dagrun for example_kubernetes_executor_config to None
[2022-01-20 03:31:31,999] {processor.py:171} INFO - Processing /home/airflow/.local/lib/python3.7/site-packages/airflow/example_dags/example_kubernetes_executor_config.py took 0.411 seconds
[2022-01-20 03:32:02,407] {processor.py:163} INFO - Started process (PID=2639) to work on /home/airflow/.local/lib/python3.7/site-packages/airflow/example_dags/example_kubernetes_executor_config.py
[2022-01-20 03:32:02,412] {processor.py:620} INFO - Processing file /home/airflow/.local/lib/python3.7/site-packages/airflow/example_dags/example_kubernetes_executor_config.py for tasks to queue
[2022-01-20 03:32:02,416] {logging_mixin.py:109} INFO - [2022-01-20 03:32:02,415] {dagbag.py:500} INFO - Filling up the DagBag from /home/airflow/.local/lib/python3.7/site-packages/airflow/example_dags/example_kubernetes_executor_config.py
[2022-01-20 03:32:02,502] {processor.py:632} INFO - DAG(s) dict_keys(['example_kubernetes_executor_config']) retrieved from /home/airflow/.local/lib/python3.7/site-packages/airflow/example_dags/example_kubernetes_executor_config.py
[2022-01-20 03:32:02,555] {logging_mixin.py:109} INFO - [2022-01-20 03:32:02,554] {dag.py:2389} INFO - Sync 1 DAGs
[2022-01-20 03:32:02,730] {logging_mixin.py:109} INFO - [2022-01-20 03:32:02,730] {dag.py:2914} INFO - Setting next_dagrun for example_kubernetes_executor_config to None
[2022-01-20 03:32:02,761] {processor.py:171} INFO - Processing /home/airflow/.local/lib/python3.7/site-packages/airflow/example_dags/example_kubernetes_executor_config.py took 0.364 seconds
[2022-01-20 03:32:33,169] {processor.py:163} INFO - Started process (PID=2752) to work on /home/airflow/.local/lib/python3.7/site-packages/airflow/example_dags/example_kubernetes_executor_config.py
[2022-01-20 03:32:33,173] {processor.py:620} INFO - Processing file /home/airflow/.local/lib/python3.7/site-packages/airflow/example_dags/example_kubernetes_executor_config.py for tasks to queue
[2022-01-20 03:32:33,177] {logging_mixin.py:109} INFO - [2022-01-20 03:32:33,176] {dagbag.py:500} INFO - Filling up the DagBag from /home/airflow/.local/lib/python3.7/site-packages/airflow/example_dags/example_kubernetes_executor_config.py
[2022-01-20 03:32:33,261] {processor.py:632} INFO - DAG(s) dict_keys(['example_kubernetes_executor_config']) retrieved from /home/airflow/.local/lib/python3.7/site-packages/airflow/example_dags/example_kubernetes_executor_config.py
[2022-01-20 03:32:33,308] {logging_mixin.py:109} INFO - [2022-01-20 03:32:33,308] {dag.py:2389} INFO - Sync 1 DAGs
[2022-01-20 03:32:33,476] {logging_mixin.py:109} INFO - [2022-01-20 03:32:33,475] {dag.py:2914} INFO - Setting next_dagrun for example_kubernetes_executor_config to None
[2022-01-20 03:32:33,505] {processor.py:171} INFO - Processing /home/airflow/.local/lib/python3.7/site-packages/airflow/example_dags/example_kubernetes_executor_config.py took 0.343 seconds
[2022-01-20 03:33:03,695] {processor.py:163} INFO - Started process (PID=2850) to work on /home/airflow/.local/lib/python3.7/site-packages/airflow/example_dags/example_kubernetes_executor_config.py
[2022-01-20 03:33:03,699] {processor.py:620} INFO - Processing file /home/airflow/.local/lib/python3.7/site-packages/airflow/example_dags/example_kubernetes_executor_config.py for tasks to queue
[2022-01-20 03:33:03,702] {logging_mixin.py:109} INFO - [2022-01-20 03:33:03,702] {dagbag.py:500} INFO - Filling up the DagBag from /home/airflow/.local/lib/python3.7/site-packages/airflow/example_dags/example_kubernetes_executor_config.py
[2022-01-20 03:33:03,779] {processor.py:632} INFO - DAG(s) dict_keys(['example_kubernetes_executor_config']) retrieved from /home/airflow/.local/lib/python3.7/site-packages/airflow/example_dags/example_kubernetes_executor_config.py
[2022-01-20 03:33:03,942] {logging_mixin.py:109} INFO - [2022-01-20 03:33:03,942] {dag.py:2389} INFO - Sync 1 DAGs
[2022-01-20 03:33:03,995] {logging_mixin.py:109} INFO - [2022-01-20 03:33:03,994] {dag.py:2914} INFO - Setting next_dagrun for example_kubernetes_executor_config to None
[2022-01-20 03:33:04,025] {processor.py:171} INFO - Processing /home/airflow/.local/lib/python3.7/site-packages/airflow/example_dags/example_kubernetes_executor_config.py took 0.337 seconds
[2022-01-20 03:33:34,902] {processor.py:163} INFO - Started process (PID=2961) to work on /home/airflow/.local/lib/python3.7/site-packages/airflow/example_dags/example_kubernetes_executor_config.py
[2022-01-20 03:33:34,907] {processor.py:620} INFO - Processing file /home/airflow/.local/lib/python3.7/site-packages/airflow/example_dags/example_kubernetes_executor_config.py for tasks to queue
[2022-01-20 03:33:34,911] {logging_mixin.py:109} INFO - [2022-01-20 03:33:34,911] {dagbag.py:500} INFO - Filling up the DagBag from /home/airflow/.local/lib/python3.7/site-packages/airflow/example_dags/example_kubernetes_executor_config.py
[2022-01-20 03:33:35,122] {processor.py:632} INFO - DAG(s) dict_keys(['example_kubernetes_executor_config']) retrieved from /home/airflow/.local/lib/python3.7/site-packages/airflow/example_dags/example_kubernetes_executor_config.py
[2022-01-20 03:33:35,167] {logging_mixin.py:109} INFO - [2022-01-20 03:33:35,167] {dag.py:2389} INFO - Sync 1 DAGs
[2022-01-20 03:33:35,223] {logging_mixin.py:109} INFO - [2022-01-20 03:33:35,222] {dag.py:2914} INFO - Setting next_dagrun for example_kubernetes_executor_config to None
[2022-01-20 03:33:35,250] {processor.py:171} INFO - Processing /home/airflow/.local/lib/python3.7/site-packages/airflow/example_dags/example_kubernetes_executor_config.py took 0.357 seconds
[2022-01-20 03:34:05,783] {processor.py:163} INFO - Started process (PID=3052) to work on /home/airflow/.local/lib/python3.7/site-packages/airflow/example_dags/example_kubernetes_executor_config.py
[2022-01-20 03:34:05,788] {processor.py:620} INFO - Processing file /home/airflow/.local/lib/python3.7/site-packages/airflow/example_dags/example_kubernetes_executor_config.py for tasks to queue
[2022-01-20 03:34:05,791] {logging_mixin.py:109} INFO - [2022-01-20 03:34:05,790] {dagbag.py:500} INFO - Filling up the DagBag from /home/airflow/.local/lib/python3.7/site-packages/airflow/example_dags/example_kubernetes_executor_config.py
[2022-01-20 03:34:05,989] {processor.py:632} INFO - DAG(s) dict_keys(['example_kubernetes_executor_config']) retrieved from /home/airflow/.local/lib/python3.7/site-packages/airflow/example_dags/example_kubernetes_executor_config.py
[2022-01-20 03:34:06,042] {logging_mixin.py:109} INFO - [2022-01-20 03:34:06,042] {dag.py:2389} INFO - Sync 1 DAGs
[2022-01-20 03:34:06,100] {logging_mixin.py:109} INFO - [2022-01-20 03:34:06,099] {dag.py:2914} INFO - Setting next_dagrun for example_kubernetes_executor_config to None
[2022-01-20 03:34:06,128] {processor.py:171} INFO - Processing /home/airflow/.local/lib/python3.7/site-packages/airflow/example_dags/example_kubernetes_executor_config.py took 0.353 seconds
[2022-01-20 03:34:36,497] {processor.py:163} INFO - Started process (PID=3158) to work on /home/airflow/.local/lib/python3.7/site-packages/airflow/example_dags/example_kubernetes_executor_config.py
[2022-01-20 03:34:36,503] {processor.py:620} INFO - Processing file /home/airflow/.local/lib/python3.7/site-packages/airflow/example_dags/example_kubernetes_executor_config.py for tasks to queue
[2022-01-20 03:34:36,510] {logging_mixin.py:109} INFO - [2022-01-20 03:34:36,509] {dagbag.py:500} INFO - Filling up the DagBag from /home/airflow/.local/lib/python3.7/site-packages/airflow/example_dags/example_kubernetes_executor_config.py
[2022-01-20 03:34:36,740] {processor.py:632} INFO - DAG(s) dict_keys(['example_kubernetes_executor_config']) retrieved from /home/airflow/.local/lib/python3.7/site-packages/airflow/example_dags/example_kubernetes_executor_config.py
[2022-01-20 03:34:36,792] {logging_mixin.py:109} INFO - [2022-01-20 03:34:36,791] {dag.py:2389} INFO - Sync 1 DAGs
[2022-01-20 03:34:36,856] {logging_mixin.py:109} INFO - [2022-01-20 03:34:36,856] {dag.py:2914} INFO - Setting next_dagrun for example_kubernetes_executor_config to None
[2022-01-20 03:34:36,900] {processor.py:171} INFO - Processing /home/airflow/.local/lib/python3.7/site-packages/airflow/example_dags/example_kubernetes_executor_config.py took 0.412 seconds
[2022-01-20 03:35:07,187] {processor.py:163} INFO - Started process (PID=3254) to work on /home/airflow/.local/lib/python3.7/site-packages/airflow/example_dags/example_kubernetes_executor_config.py
[2022-01-20 03:35:07,191] {processor.py:620} INFO - Processing file /home/airflow/.local/lib/python3.7/site-packages/airflow/example_dags/example_kubernetes_executor_config.py for tasks to queue
[2022-01-20 03:35:07,194] {logging_mixin.py:109} INFO - [2022-01-20 03:35:07,193] {dagbag.py:500} INFO - Filling up the DagBag from /home/airflow/.local/lib/python3.7/site-packages/airflow/example_dags/example_kubernetes_executor_config.py
[2022-01-20 03:35:07,369] {processor.py:632} INFO - DAG(s) dict_keys(['example_kubernetes_executor_config']) retrieved from /home/airflow/.local/lib/python3.7/site-packages/airflow/example_dags/example_kubernetes_executor_config.py
[2022-01-20 03:35:07,409] {logging_mixin.py:109} INFO - [2022-01-20 03:35:07,408] {dag.py:2389} INFO - Sync 1 DAGs
[2022-01-20 03:35:07,458] {logging_mixin.py:109} INFO - [2022-01-20 03:35:07,458] {dag.py:2914} INFO - Setting next_dagrun for example_kubernetes_executor_config to None
[2022-01-20 03:35:07,487] {processor.py:171} INFO - Processing /home/airflow/.local/lib/python3.7/site-packages/airflow/example_dags/example_kubernetes_executor_config.py took 0.306 seconds
[2022-01-20 03:35:37,721] {processor.py:163} INFO - Started process (PID=3366) to work on /home/airflow/.local/lib/python3.7/site-packages/airflow/example_dags/example_kubernetes_executor_config.py
[2022-01-20 03:35:37,727] {processor.py:620} INFO - Processing file /home/airflow/.local/lib/python3.7/site-packages/airflow/example_dags/example_kubernetes_executor_config.py for tasks to queue
[2022-01-20 03:35:37,732] {logging_mixin.py:109} INFO - [2022-01-20 03:35:37,731] {dagbag.py:500} INFO - Filling up the DagBag from /home/airflow/.local/lib/python3.7/site-packages/airflow/example_dags/example_kubernetes_executor_config.py
[2022-01-20 03:35:37,823] {processor.py:632} INFO - DAG(s) dict_keys(['example_kubernetes_executor_config']) retrieved from /home/airflow/.local/lib/python3.7/site-packages/airflow/example_dags/example_kubernetes_executor_config.py
[2022-01-20 03:35:37,879] {logging_mixin.py:109} INFO - [2022-01-20 03:35:37,879] {dag.py:2389} INFO - Sync 1 DAGs
[2022-01-20 03:35:37,938] {logging_mixin.py:109} INFO - [2022-01-20 03:35:37,937] {dag.py:2914} INFO - Setting next_dagrun for example_kubernetes_executor_config to None
[2022-01-20 03:35:37,968] {processor.py:171} INFO - Processing /home/airflow/.local/lib/python3.7/site-packages/airflow/example_dags/example_kubernetes_executor_config.py took 0.258 seconds
[2022-01-20 03:36:08,938] {processor.py:163} INFO - Started process (PID=3460) to work on /home/airflow/.local/lib/python3.7/site-packages/airflow/example_dags/example_kubernetes_executor_config.py
[2022-01-20 03:36:08,943] {processor.py:620} INFO - Processing file /home/airflow/.local/lib/python3.7/site-packages/airflow/example_dags/example_kubernetes_executor_config.py for tasks to queue
[2022-01-20 03:36:08,946] {logging_mixin.py:109} INFO - [2022-01-20 03:36:08,946] {dagbag.py:500} INFO - Filling up the DagBag from /home/airflow/.local/lib/python3.7/site-packages/airflow/example_dags/example_kubernetes_executor_config.py
[2022-01-20 03:36:09,013] {processor.py:632} INFO - DAG(s) dict_keys(['example_kubernetes_executor_config']) retrieved from /home/airflow/.local/lib/python3.7/site-packages/airflow/example_dags/example_kubernetes_executor_config.py
[2022-01-20 03:36:09,052] {logging_mixin.py:109} INFO - [2022-01-20 03:36:09,052] {dag.py:2389} INFO - Sync 1 DAGs
[2022-01-20 03:36:09,095] {logging_mixin.py:109} INFO - [2022-01-20 03:36:09,095] {dag.py:2914} INFO - Setting next_dagrun for example_kubernetes_executor_config to None
[2022-01-20 03:36:09,117] {processor.py:171} INFO - Processing /home/airflow/.local/lib/python3.7/site-packages/airflow/example_dags/example_kubernetes_executor_config.py took 0.188 seconds
[2022-01-20 03:36:39,522] {processor.py:163} INFO - Started process (PID=3571) to work on /home/airflow/.local/lib/python3.7/site-packages/airflow/example_dags/example_kubernetes_executor_config.py
[2022-01-20 03:36:39,527] {processor.py:620} INFO - Processing file /home/airflow/.local/lib/python3.7/site-packages/airflow/example_dags/example_kubernetes_executor_config.py for tasks to queue
[2022-01-20 03:36:39,530] {logging_mixin.py:109} INFO - [2022-01-20 03:36:39,529] {dagbag.py:500} INFO - Filling up the DagBag from /home/airflow/.local/lib/python3.7/site-packages/airflow/example_dags/example_kubernetes_executor_config.py
[2022-01-20 03:36:39,607] {processor.py:632} INFO - DAG(s) dict_keys(['example_kubernetes_executor_config']) retrieved from /home/airflow/.local/lib/python3.7/site-packages/airflow/example_dags/example_kubernetes_executor_config.py
[2022-01-20 03:36:39,657] {logging_mixin.py:109} INFO - [2022-01-20 03:36:39,656] {dag.py:2389} INFO - Sync 1 DAGs
[2022-01-20 03:36:39,712] {logging_mixin.py:109} INFO - [2022-01-20 03:36:39,711] {dag.py:2914} INFO - Setting next_dagrun for example_kubernetes_executor_config to None
[2022-01-20 03:36:39,739] {processor.py:171} INFO - Processing /home/airflow/.local/lib/python3.7/site-packages/airflow/example_dags/example_kubernetes_executor_config.py took 0.227 seconds
[2022-01-20 03:37:10,057] {processor.py:163} INFO - Started process (PID=3666) to work on /home/airflow/.local/lib/python3.7/site-packages/airflow/example_dags/example_kubernetes_executor_config.py
[2022-01-20 03:37:10,061] {processor.py:620} INFO - Processing file /home/airflow/.local/lib/python3.7/site-packages/airflow/example_dags/example_kubernetes_executor_config.py for tasks to queue
[2022-01-20 03:37:10,064] {logging_mixin.py:109} INFO - [2022-01-20 03:37:10,064] {dagbag.py:500} INFO - Filling up the DagBag from /home/airflow/.local/lib/python3.7/site-packages/airflow/example_dags/example_kubernetes_executor_config.py
[2022-01-20 03:37:10,136] {processor.py:632} INFO - DAG(s) dict_keys(['example_kubernetes_executor_config']) retrieved from /home/airflow/.local/lib/python3.7/site-packages/airflow/example_dags/example_kubernetes_executor_config.py
[2022-01-20 03:37:10,183] {logging_mixin.py:109} INFO - [2022-01-20 03:37:10,182] {dag.py:2389} INFO - Sync 1 DAGs
[2022-01-20 03:37:10,233] {logging_mixin.py:109} INFO - [2022-01-20 03:37:10,233] {dag.py:2914} INFO - Setting next_dagrun for example_kubernetes_executor_config to None
[2022-01-20 03:37:10,262] {processor.py:171} INFO - Processing /home/airflow/.local/lib/python3.7/site-packages/airflow/example_dags/example_kubernetes_executor_config.py took 0.213 seconds
[2022-01-20 03:37:40,415] {processor.py:163} INFO - Started process (PID=3779) to work on /home/airflow/.local/lib/python3.7/site-packages/airflow/example_dags/example_kubernetes_executor_config.py
[2022-01-20 03:37:40,418] {processor.py:620} INFO - Processing file /home/airflow/.local/lib/python3.7/site-packages/airflow/example_dags/example_kubernetes_executor_config.py for tasks to queue
[2022-01-20 03:37:40,422] {logging_mixin.py:109} INFO - [2022-01-20 03:37:40,422] {dagbag.py:500} INFO - Filling up the DagBag from /home/airflow/.local/lib/python3.7/site-packages/airflow/example_dags/example_kubernetes_executor_config.py
[2022-01-20 03:37:40,505] {processor.py:632} INFO - DAG(s) dict_keys(['example_kubernetes_executor_config']) retrieved from /home/airflow/.local/lib/python3.7/site-packages/airflow/example_dags/example_kubernetes_executor_config.py
[2022-01-20 03:37:40,557] {logging_mixin.py:109} INFO - [2022-01-20 03:37:40,556] {dag.py:2389} INFO - Sync 1 DAGs
[2022-01-20 03:37:40,612] {logging_mixin.py:109} INFO - [2022-01-20 03:37:40,611] {dag.py:2914} INFO - Setting next_dagrun for example_kubernetes_executor_config to None
[2022-01-20 03:37:40,644] {processor.py:171} INFO - Processing /home/airflow/.local/lib/python3.7/site-packages/airflow/example_dags/example_kubernetes_executor_config.py took 0.239 seconds
[2022-01-20 03:38:11,080] {processor.py:163} INFO - Started process (PID=3889) to work on /home/airflow/.local/lib/python3.7/site-packages/airflow/example_dags/example_kubernetes_executor_config.py
[2022-01-20 03:38:11,090] {processor.py:620} INFO - Processing file /home/airflow/.local/lib/python3.7/site-packages/airflow/example_dags/example_kubernetes_executor_config.py for tasks to queue
[2022-01-20 03:38:11,104] {logging_mixin.py:109} INFO - [2022-01-20 03:38:11,104] {dagbag.py:500} INFO - Filling up the DagBag from /home/airflow/.local/lib/python3.7/site-packages/airflow/example_dags/example_kubernetes_executor_config.py
[2022-01-20 03:38:11,225] {processor.py:632} INFO - DAG(s) dict_keys(['example_kubernetes_executor_config']) retrieved from /home/airflow/.local/lib/python3.7/site-packages/airflow/example_dags/example_kubernetes_executor_config.py
[2022-01-20 03:38:11,391] {logging_mixin.py:109} INFO - [2022-01-20 03:38:11,390] {dag.py:2389} INFO - Sync 1 DAGs
[2022-01-20 03:38:11,604] {logging_mixin.py:109} INFO - [2022-01-20 03:38:11,604] {dag.py:2914} INFO - Setting next_dagrun for example_kubernetes_executor_config to None
[2022-01-20 03:38:11,686] {processor.py:171} INFO - Processing /home/airflow/.local/lib/python3.7/site-packages/airflow/example_dags/example_kubernetes_executor_config.py took 0.622 seconds
[2022-01-20 03:38:41,853] {processor.py:163} INFO - Started process (PID=3990) to work on /home/airflow/.local/lib/python3.7/site-packages/airflow/example_dags/example_kubernetes_executor_config.py
[2022-01-20 03:38:41,857] {processor.py:620} INFO - Processing file /home/airflow/.local/lib/python3.7/site-packages/airflow/example_dags/example_kubernetes_executor_config.py for tasks to queue
[2022-01-20 03:38:41,859] {logging_mixin.py:109} INFO - [2022-01-20 03:38:41,859] {dagbag.py:500} INFO - Filling up the DagBag from /home/airflow/.local/lib/python3.7/site-packages/airflow/example_dags/example_kubernetes_executor_config.py
[2022-01-20 03:38:41,937] {processor.py:632} INFO - DAG(s) dict_keys(['example_kubernetes_executor_config']) retrieved from /home/airflow/.local/lib/python3.7/site-packages/airflow/example_dags/example_kubernetes_executor_config.py
[2022-01-20 03:38:41,981] {logging_mixin.py:109} INFO - [2022-01-20 03:38:41,981] {dag.py:2389} INFO - Sync 1 DAGs
[2022-01-20 03:38:42,034] {logging_mixin.py:109} INFO - [2022-01-20 03:38:42,034] {dag.py:2914} INFO - Setting next_dagrun for example_kubernetes_executor_config to None
[2022-01-20 03:38:42,070] {processor.py:171} INFO - Processing /home/airflow/.local/lib/python3.7/site-packages/airflow/example_dags/example_kubernetes_executor_config.py took 0.225 seconds
[2022-01-20 03:39:12,430] {processor.py:163} INFO - Started process (PID=4099) to work on /home/airflow/.local/lib/python3.7/site-packages/airflow/example_dags/example_kubernetes_executor_config.py
[2022-01-20 03:39:12,436] {processor.py:620} INFO - Processing file /home/airflow/.local/lib/python3.7/site-packages/airflow/example_dags/example_kubernetes_executor_config.py for tasks to queue
[2022-01-20 03:39:12,440] {logging_mixin.py:109} INFO - [2022-01-20 03:39:12,440] {dagbag.py:500} INFO - Filling up the DagBag from /home/airflow/.local/lib/python3.7/site-packages/airflow/example_dags/example_kubernetes_executor_config.py
[2022-01-20 03:39:12,527] {processor.py:632} INFO - DAG(s) dict_keys(['example_kubernetes_executor_config']) retrieved from /home/airflow/.local/lib/python3.7/site-packages/airflow/example_dags/example_kubernetes_executor_config.py
[2022-01-20 03:39:12,578] {logging_mixin.py:109} INFO - [2022-01-20 03:39:12,578] {dag.py:2389} INFO - Sync 1 DAGs
[2022-01-20 03:39:12,635] {logging_mixin.py:109} INFO - [2022-01-20 03:39:12,634] {dag.py:2914} INFO - Setting next_dagrun for example_kubernetes_executor_config to None
[2022-01-20 03:39:12,661] {processor.py:171} INFO - Processing /home/airflow/.local/lib/python3.7/site-packages/airflow/example_dags/example_kubernetes_executor_config.py took 0.238 seconds
[2022-01-20 03:39:42,980] {processor.py:163} INFO - Started process (PID=4200) to work on /home/airflow/.local/lib/python3.7/site-packages/airflow/example_dags/example_kubernetes_executor_config.py
[2022-01-20 03:39:42,985] {processor.py:620} INFO - Processing file /home/airflow/.local/lib/python3.7/site-packages/airflow/example_dags/example_kubernetes_executor_config.py for tasks to queue
[2022-01-20 03:39:42,988] {logging_mixin.py:109} INFO - [2022-01-20 03:39:42,987] {dagbag.py:500} INFO - Filling up the DagBag from /home/airflow/.local/lib/python3.7/site-packages/airflow/example_dags/example_kubernetes_executor_config.py
[2022-01-20 03:39:43,062] {processor.py:632} INFO - DAG(s) dict_keys(['example_kubernetes_executor_config']) retrieved from /home/airflow/.local/lib/python3.7/site-packages/airflow/example_dags/example_kubernetes_executor_config.py
[2022-01-20 03:39:43,109] {logging_mixin.py:109} INFO - [2022-01-20 03:39:43,109] {dag.py:2389} INFO - Sync 1 DAGs
[2022-01-20 03:39:43,162] {logging_mixin.py:109} INFO - [2022-01-20 03:39:43,162] {dag.py:2914} INFO - Setting next_dagrun for example_kubernetes_executor_config to None
[2022-01-20 03:39:43,190] {processor.py:171} INFO - Processing /home/airflow/.local/lib/python3.7/site-packages/airflow/example_dags/example_kubernetes_executor_config.py took 0.218 seconds
[2022-01-20 03:40:13,363] {processor.py:163} INFO - Started process (PID=4316) to work on /home/airflow/.local/lib/python3.7/site-packages/airflow/example_dags/example_kubernetes_executor_config.py
[2022-01-20 03:40:13,375] {processor.py:620} INFO - Processing file /home/airflow/.local/lib/python3.7/site-packages/airflow/example_dags/example_kubernetes_executor_config.py for tasks to queue
[2022-01-20 03:40:13,378] {logging_mixin.py:109} INFO - [2022-01-20 03:40:13,377] {dagbag.py:500} INFO - Filling up the DagBag from /home/airflow/.local/lib/python3.7/site-packages/airflow/example_dags/example_kubernetes_executor_config.py
[2022-01-20 03:40:13,473] {processor.py:632} INFO - DAG(s) dict_keys(['example_kubernetes_executor_config']) retrieved from /home/airflow/.local/lib/python3.7/site-packages/airflow/example_dags/example_kubernetes_executor_config.py
[2022-01-20 03:40:13,537] {logging_mixin.py:109} INFO - [2022-01-20 03:40:13,537] {dag.py:2389} INFO - Sync 1 DAGs
[2022-01-20 03:40:13,600] {logging_mixin.py:109} INFO - [2022-01-20 03:40:13,600] {dag.py:2914} INFO - Setting next_dagrun for example_kubernetes_executor_config to None
[2022-01-20 03:40:13,633] {processor.py:171} INFO - Processing /home/airflow/.local/lib/python3.7/site-packages/airflow/example_dags/example_kubernetes_executor_config.py took 0.279 seconds
[2022-01-20 03:40:44,260] {processor.py:163} INFO - Started process (PID=4413) to work on /home/airflow/.local/lib/python3.7/site-packages/airflow/example_dags/example_kubernetes_executor_config.py
[2022-01-20 03:40:44,265] {processor.py:620} INFO - Processing file /home/airflow/.local/lib/python3.7/site-packages/airflow/example_dags/example_kubernetes_executor_config.py for tasks to queue
[2022-01-20 03:40:44,268] {logging_mixin.py:109} INFO - [2022-01-20 03:40:44,268] {dagbag.py:500} INFO - Filling up the DagBag from /home/airflow/.local/lib/python3.7/site-packages/airflow/example_dags/example_kubernetes_executor_config.py
[2022-01-20 03:40:44,347] {processor.py:632} INFO - DAG(s) dict_keys(['example_kubernetes_executor_config']) retrieved from /home/airflow/.local/lib/python3.7/site-packages/airflow/example_dags/example_kubernetes_executor_config.py
[2022-01-20 03:40:44,394] {logging_mixin.py:109} INFO - [2022-01-20 03:40:44,394] {dag.py:2389} INFO - Sync 1 DAGs
[2022-01-20 03:40:44,449] {logging_mixin.py:109} INFO - [2022-01-20 03:40:44,448] {dag.py:2914} INFO - Setting next_dagrun for example_kubernetes_executor_config to None
[2022-01-20 03:40:44,475] {processor.py:171} INFO - Processing /home/airflow/.local/lib/python3.7/site-packages/airflow/example_dags/example_kubernetes_executor_config.py took 0.222 seconds
[2022-01-20 03:41:17,259] {processor.py:163} INFO - Started process (PID=4528) to work on /home/airflow/.local/lib/python3.7/site-packages/airflow/example_dags/example_kubernetes_executor_config.py
[2022-01-20 03:41:17,264] {processor.py:620} INFO - Processing file /home/airflow/.local/lib/python3.7/site-packages/airflow/example_dags/example_kubernetes_executor_config.py for tasks to queue
[2022-01-20 03:41:17,267] {logging_mixin.py:109} INFO - [2022-01-20 03:41:17,267] {dagbag.py:500} INFO - Filling up the DagBag from /home/airflow/.local/lib/python3.7/site-packages/airflow/example_dags/example_kubernetes_executor_config.py
[2022-01-20 03:41:17,395] {processor.py:632} INFO - DAG(s) dict_keys(['example_kubernetes_executor_config']) retrieved from /home/airflow/.local/lib/python3.7/site-packages/airflow/example_dags/example_kubernetes_executor_config.py
[2022-01-20 03:41:17,445] {logging_mixin.py:109} INFO - [2022-01-20 03:41:17,445] {dag.py:2389} INFO - Sync 1 DAGs
[2022-01-20 03:41:17,502] {logging_mixin.py:109} INFO - [2022-01-20 03:41:17,502] {dag.py:2914} INFO - Setting next_dagrun for example_kubernetes_executor_config to None
[2022-01-20 03:41:17,538] {processor.py:171} INFO - Processing /home/airflow/.local/lib/python3.7/site-packages/airflow/example_dags/example_kubernetes_executor_config.py took 0.287 seconds
[2022-01-20 03:41:48,558] {processor.py:163} INFO - Started process (PID=4624) to work on /home/airflow/.local/lib/python3.7/site-packages/airflow/example_dags/example_kubernetes_executor_config.py
[2022-01-20 03:41:48,561] {processor.py:620} INFO - Processing file /home/airflow/.local/lib/python3.7/site-packages/airflow/example_dags/example_kubernetes_executor_config.py for tasks to queue
[2022-01-20 03:41:48,564] {logging_mixin.py:109} INFO - [2022-01-20 03:41:48,564] {dagbag.py:500} INFO - Filling up the DagBag from /home/airflow/.local/lib/python3.7/site-packages/airflow/example_dags/example_kubernetes_executor_config.py
[2022-01-20 03:41:48,633] {processor.py:632} INFO - DAG(s) dict_keys(['example_kubernetes_executor_config']) retrieved from /home/airflow/.local/lib/python3.7/site-packages/airflow/example_dags/example_kubernetes_executor_config.py
[2022-01-20 03:41:48,673] {logging_mixin.py:109} INFO - [2022-01-20 03:41:48,673] {dag.py:2389} INFO - Sync 1 DAGs
[2022-01-20 03:41:48,719] {logging_mixin.py:109} INFO - [2022-01-20 03:41:48,719] {dag.py:2914} INFO - Setting next_dagrun for example_kubernetes_executor_config to None
[2022-01-20 03:41:48,744] {processor.py:171} INFO - Processing /home/airflow/.local/lib/python3.7/site-packages/airflow/example_dags/example_kubernetes_executor_config.py took 0.192 seconds
[2022-01-20 03:42:19,753] {processor.py:163} INFO - Started process (PID=4730) to work on /home/airflow/.local/lib/python3.7/site-packages/airflow/example_dags/example_kubernetes_executor_config.py
[2022-01-20 03:42:19,758] {processor.py:620} INFO - Processing file /home/airflow/.local/lib/python3.7/site-packages/airflow/example_dags/example_kubernetes_executor_config.py for tasks to queue
[2022-01-20 03:42:19,767] {logging_mixin.py:109} INFO - [2022-01-20 03:42:19,767] {dagbag.py:500} INFO - Filling up the DagBag from /home/airflow/.local/lib/python3.7/site-packages/airflow/example_dags/example_kubernetes_executor_config.py
[2022-01-20 03:42:19,855] {processor.py:632} INFO - DAG(s) dict_keys(['example_kubernetes_executor_config']) retrieved from /home/airflow/.local/lib/python3.7/site-packages/airflow/example_dags/example_kubernetes_executor_config.py
[2022-01-20 03:42:19,901] {logging_mixin.py:109} INFO - [2022-01-20 03:42:19,900] {dag.py:2389} INFO - Sync 1 DAGs
[2022-01-20 03:42:19,955] {logging_mixin.py:109} INFO - [2022-01-20 03:42:19,954] {dag.py:2914} INFO - Setting next_dagrun for example_kubernetes_executor_config to None
[2022-01-20 03:42:19,982] {processor.py:171} INFO - Processing /home/airflow/.local/lib/python3.7/site-packages/airflow/example_dags/example_kubernetes_executor_config.py took 0.249 seconds
[2022-01-20 03:42:50,067] {processor.py:163} INFO - Started process (PID=4822) to work on /home/airflow/.local/lib/python3.7/site-packages/airflow/example_dags/example_kubernetes_executor_config.py
[2022-01-20 03:42:50,071] {processor.py:620} INFO - Processing file /home/airflow/.local/lib/python3.7/site-packages/airflow/example_dags/example_kubernetes_executor_config.py for tasks to queue
[2022-01-20 03:42:50,074] {logging_mixin.py:109} INFO - [2022-01-20 03:42:50,074] {dagbag.py:500} INFO - Filling up the DagBag from /home/airflow/.local/lib/python3.7/site-packages/airflow/example_dags/example_kubernetes_executor_config.py
[2022-01-20 03:42:50,148] {processor.py:632} INFO - DAG(s) dict_keys(['example_kubernetes_executor_config']) retrieved from /home/airflow/.local/lib/python3.7/site-packages/airflow/example_dags/example_kubernetes_executor_config.py
[2022-01-20 03:42:50,192] {logging_mixin.py:109} INFO - [2022-01-20 03:42:50,192] {dag.py:2389} INFO - Sync 1 DAGs
[2022-01-20 03:42:50,246] {logging_mixin.py:109} INFO - [2022-01-20 03:42:50,246] {dag.py:2914} INFO - Setting next_dagrun for example_kubernetes_executor_config to None
[2022-01-20 03:42:50,274] {processor.py:171} INFO - Processing /home/airflow/.local/lib/python3.7/site-packages/airflow/example_dags/example_kubernetes_executor_config.py took 0.213 seconds
[2022-01-20 03:43:20,733] {processor.py:163} INFO - Started process (PID=4939) to work on /home/airflow/.local/lib/python3.7/site-packages/airflow/example_dags/example_kubernetes_executor_config.py
[2022-01-20 03:43:20,737] {processor.py:620} INFO - Processing file /home/airflow/.local/lib/python3.7/site-packages/airflow/example_dags/example_kubernetes_executor_config.py for tasks to queue
[2022-01-20 03:43:20,744] {logging_mixin.py:109} INFO - [2022-01-20 03:43:20,744] {dagbag.py:500} INFO - Filling up the DagBag from /home/airflow/.local/lib/python3.7/site-packages/airflow/example_dags/example_kubernetes_executor_config.py
[2022-01-20 03:43:20,826] {processor.py:632} INFO - DAG(s) dict_keys(['example_kubernetes_executor_config']) retrieved from /home/airflow/.local/lib/python3.7/site-packages/airflow/example_dags/example_kubernetes_executor_config.py
[2022-01-20 03:43:20,873] {logging_mixin.py:109} INFO - [2022-01-20 03:43:20,873] {dag.py:2389} INFO - Sync 1 DAGs
[2022-01-20 03:43:20,925] {logging_mixin.py:109} INFO - [2022-01-20 03:43:20,924] {dag.py:2914} INFO - Setting next_dagrun for example_kubernetes_executor_config to None
[2022-01-20 03:43:20,967] {processor.py:171} INFO - Processing /home/airflow/.local/lib/python3.7/site-packages/airflow/example_dags/example_kubernetes_executor_config.py took 0.242 seconds
[2022-01-20 03:43:51,241] {processor.py:163} INFO - Started process (PID=5051) to work on /home/airflow/.local/lib/python3.7/site-packages/airflow/example_dags/example_kubernetes_executor_config.py
[2022-01-20 03:43:51,246] {processor.py:620} INFO - Processing file /home/airflow/.local/lib/python3.7/site-packages/airflow/example_dags/example_kubernetes_executor_config.py for tasks to queue
[2022-01-20 03:43:51,249] {logging_mixin.py:109} INFO - [2022-01-20 03:43:51,249] {dagbag.py:500} INFO - Filling up the DagBag from /home/airflow/.local/lib/python3.7/site-packages/airflow/example_dags/example_kubernetes_executor_config.py
[2022-01-20 03:43:51,327] {processor.py:632} INFO - DAG(s) dict_keys(['example_kubernetes_executor_config']) retrieved from /home/airflow/.local/lib/python3.7/site-packages/airflow/example_dags/example_kubernetes_executor_config.py
[2022-01-20 03:43:51,374] {logging_mixin.py:109} INFO - [2022-01-20 03:43:51,374] {dag.py:2389} INFO - Sync 1 DAGs
[2022-01-20 03:43:51,427] {logging_mixin.py:109} INFO - [2022-01-20 03:43:51,426] {dag.py:2914} INFO - Setting next_dagrun for example_kubernetes_executor_config to None
[2022-01-20 03:43:51,455] {processor.py:171} INFO - Processing /home/airflow/.local/lib/python3.7/site-packages/airflow/example_dags/example_kubernetes_executor_config.py took 0.221 seconds
[2022-01-20 03:44:21,587] {processor.py:163} INFO - Started process (PID=5154) to work on /home/airflow/.local/lib/python3.7/site-packages/airflow/example_dags/example_kubernetes_executor_config.py
[2022-01-20 03:44:21,592] {processor.py:620} INFO - Processing file /home/airflow/.local/lib/python3.7/site-packages/airflow/example_dags/example_kubernetes_executor_config.py for tasks to queue
[2022-01-20 03:44:21,595] {logging_mixin.py:109} INFO - [2022-01-20 03:44:21,595] {dagbag.py:500} INFO - Filling up the DagBag from /home/airflow/.local/lib/python3.7/site-packages/airflow/example_dags/example_kubernetes_executor_config.py
[2022-01-20 03:44:21,681] {processor.py:632} INFO - DAG(s) dict_keys(['example_kubernetes_executor_config']) retrieved from /home/airflow/.local/lib/python3.7/site-packages/airflow/example_dags/example_kubernetes_executor_config.py
[2022-01-20 03:44:21,733] {logging_mixin.py:109} INFO - [2022-01-20 03:44:21,732] {dag.py:2389} INFO - Sync 1 DAGs
[2022-01-20 03:44:21,787] {logging_mixin.py:109} INFO - [2022-01-20 03:44:21,787] {dag.py:2914} INFO - Setting next_dagrun for example_kubernetes_executor_config to None
[2022-01-20 03:44:21,815] {processor.py:171} INFO - Processing /home/airflow/.local/lib/python3.7/site-packages/airflow/example_dags/example_kubernetes_executor_config.py took 0.235 seconds
[2022-01-20 03:44:51,871] {processor.py:163} INFO - Started process (PID=5259) to work on /home/airflow/.local/lib/python3.7/site-packages/airflow/example_dags/example_kubernetes_executor_config.py
[2022-01-20 03:44:51,876] {processor.py:620} INFO - Processing file /home/airflow/.local/lib/python3.7/site-packages/airflow/example_dags/example_kubernetes_executor_config.py for tasks to queue
[2022-01-20 03:44:51,879] {logging_mixin.py:109} INFO - [2022-01-20 03:44:51,878] {dagbag.py:500} INFO - Filling up the DagBag from /home/airflow/.local/lib/python3.7/site-packages/airflow/example_dags/example_kubernetes_executor_config.py
[2022-01-20 03:44:51,989] {processor.py:632} INFO - DAG(s) dict_keys(['example_kubernetes_executor_config']) retrieved from /home/airflow/.local/lib/python3.7/site-packages/airflow/example_dags/example_kubernetes_executor_config.py
[2022-01-20 03:44:52,082] {logging_mixin.py:109} INFO - [2022-01-20 03:44:52,081] {dag.py:2389} INFO - Sync 1 DAGs
[2022-01-20 03:44:52,148] {logging_mixin.py:109} INFO - [2022-01-20 03:44:52,147] {dag.py:2914} INFO - Setting next_dagrun for example_kubernetes_executor_config to None
[2022-01-20 03:44:52,176] {processor.py:171} INFO - Processing /home/airflow/.local/lib/python3.7/site-packages/airflow/example_dags/example_kubernetes_executor_config.py took 0.314 seconds
[2022-01-20 03:45:22,649] {processor.py:163} INFO - Started process (PID=5361) to work on /home/airflow/.local/lib/python3.7/site-packages/airflow/example_dags/example_kubernetes_executor_config.py
[2022-01-20 03:45:22,653] {processor.py:620} INFO - Processing file /home/airflow/.local/lib/python3.7/site-packages/airflow/example_dags/example_kubernetes_executor_config.py for tasks to queue
[2022-01-20 03:45:22,656] {logging_mixin.py:109} INFO - [2022-01-20 03:45:22,656] {dagbag.py:500} INFO - Filling up the DagBag from /home/airflow/.local/lib/python3.7/site-packages/airflow/example_dags/example_kubernetes_executor_config.py
[2022-01-20 03:45:22,783] {processor.py:632} INFO - DAG(s) dict_keys(['example_kubernetes_executor_config']) retrieved from /home/airflow/.local/lib/python3.7/site-packages/airflow/example_dags/example_kubernetes_executor_config.py
[2022-01-20 03:45:22,831] {logging_mixin.py:109} INFO - [2022-01-20 03:45:22,831] {dag.py:2389} INFO - Sync 1 DAGs
[2022-01-20 03:45:22,886] {logging_mixin.py:109} INFO - [2022-01-20 03:45:22,885] {dag.py:2914} INFO - Setting next_dagrun for example_kubernetes_executor_config to None
[2022-01-20 03:45:22,911] {processor.py:171} INFO - Processing /home/airflow/.local/lib/python3.7/site-packages/airflow/example_dags/example_kubernetes_executor_config.py took 0.269 seconds
[2022-01-20 03:45:53,089] {processor.py:163} INFO - Started process (PID=5474) to work on /home/airflow/.local/lib/python3.7/site-packages/airflow/example_dags/example_kubernetes_executor_config.py
[2022-01-20 03:45:53,094] {processor.py:620} INFO - Processing file /home/airflow/.local/lib/python3.7/site-packages/airflow/example_dags/example_kubernetes_executor_config.py for tasks to queue
[2022-01-20 03:45:53,098] {logging_mixin.py:109} INFO - [2022-01-20 03:45:53,098] {dagbag.py:500} INFO - Filling up the DagBag from /home/airflow/.local/lib/python3.7/site-packages/airflow/example_dags/example_kubernetes_executor_config.py
[2022-01-20 03:45:53,199] {processor.py:632} INFO - DAG(s) dict_keys(['example_kubernetes_executor_config']) retrieved from /home/airflow/.local/lib/python3.7/site-packages/airflow/example_dags/example_kubernetes_executor_config.py
[2022-01-20 03:45:53,283] {logging_mixin.py:109} INFO - [2022-01-20 03:45:53,283] {dag.py:2389} INFO - Sync 1 DAGs
[2022-01-20 03:45:53,391] {logging_mixin.py:109} INFO - [2022-01-20 03:45:53,391] {dag.py:2914} INFO - Setting next_dagrun for example_kubernetes_executor_config to None
[2022-01-20 03:45:53,422] {processor.py:171} INFO - Processing /home/airflow/.local/lib/python3.7/site-packages/airflow/example_dags/example_kubernetes_executor_config.py took 0.340 seconds
[2022-01-20 03:46:23,646] {processor.py:163} INFO - Started process (PID=5571) to work on /home/airflow/.local/lib/python3.7/site-packages/airflow/example_dags/example_kubernetes_executor_config.py
[2022-01-20 03:46:23,651] {processor.py:620} INFO - Processing file /home/airflow/.local/lib/python3.7/site-packages/airflow/example_dags/example_kubernetes_executor_config.py for tasks to queue
[2022-01-20 03:46:23,654] {logging_mixin.py:109} INFO - [2022-01-20 03:46:23,653] {dagbag.py:500} INFO - Filling up the DagBag from /home/airflow/.local/lib/python3.7/site-packages/airflow/example_dags/example_kubernetes_executor_config.py
[2022-01-20 03:46:23,730] {processor.py:632} INFO - DAG(s) dict_keys(['example_kubernetes_executor_config']) retrieved from /home/airflow/.local/lib/python3.7/site-packages/airflow/example_dags/example_kubernetes_executor_config.py
[2022-01-20 03:46:23,788] {logging_mixin.py:109} INFO - [2022-01-20 03:46:23,787] {dag.py:2389} INFO - Sync 1 DAGs
[2022-01-20 03:46:23,858] {logging_mixin.py:109} INFO - [2022-01-20 03:46:23,857] {dag.py:2914} INFO - Setting next_dagrun for example_kubernetes_executor_config to None
[2022-01-20 03:46:23,886] {processor.py:171} INFO - Processing /home/airflow/.local/lib/python3.7/site-packages/airflow/example_dags/example_kubernetes_executor_config.py took 0.247 seconds
[2022-01-20 03:46:54,584] {processor.py:163} INFO - Started process (PID=5688) to work on /home/airflow/.local/lib/python3.7/site-packages/airflow/example_dags/example_kubernetes_executor_config.py
[2022-01-20 03:46:54,587] {processor.py:620} INFO - Processing file /home/airflow/.local/lib/python3.7/site-packages/airflow/example_dags/example_kubernetes_executor_config.py for tasks to queue
[2022-01-20 03:46:54,590] {logging_mixin.py:109} INFO - [2022-01-20 03:46:54,590] {dagbag.py:500} INFO - Filling up the DagBag from /home/airflow/.local/lib/python3.7/site-packages/airflow/example_dags/example_kubernetes_executor_config.py
[2022-01-20 03:46:54,686] {processor.py:632} INFO - DAG(s) dict_keys(['example_kubernetes_executor_config']) retrieved from /home/airflow/.local/lib/python3.7/site-packages/airflow/example_dags/example_kubernetes_executor_config.py
[2022-01-20 03:46:54,740] {logging_mixin.py:109} INFO - [2022-01-20 03:46:54,739] {dag.py:2389} INFO - Sync 1 DAGs
[2022-01-20 03:46:54,802] {logging_mixin.py:109} INFO - [2022-01-20 03:46:54,801] {dag.py:2914} INFO - Setting next_dagrun for example_kubernetes_executor_config to None
[2022-01-20 03:46:54,834] {processor.py:171} INFO - Processing /home/airflow/.local/lib/python3.7/site-packages/airflow/example_dags/example_kubernetes_executor_config.py took 0.258 seconds
[2022-01-20 03:47:24,993] {processor.py:163} INFO - Started process (PID=5784) to work on /home/airflow/.local/lib/python3.7/site-packages/airflow/example_dags/example_kubernetes_executor_config.py
[2022-01-20 03:47:24,998] {processor.py:620} INFO - Processing file /home/airflow/.local/lib/python3.7/site-packages/airflow/example_dags/example_kubernetes_executor_config.py for tasks to queue
[2022-01-20 03:47:25,001] {logging_mixin.py:109} INFO - [2022-01-20 03:47:25,001] {dagbag.py:500} INFO - Filling up the DagBag from /home/airflow/.local/lib/python3.7/site-packages/airflow/example_dags/example_kubernetes_executor_config.py
[2022-01-20 03:47:25,079] {processor.py:632} INFO - DAG(s) dict_keys(['example_kubernetes_executor_config']) retrieved from /home/airflow/.local/lib/python3.7/site-packages/airflow/example_dags/example_kubernetes_executor_config.py
[2022-01-20 03:47:25,128] {logging_mixin.py:109} INFO - [2022-01-20 03:47:25,128] {dag.py:2389} INFO - Sync 1 DAGs
[2022-01-20 03:47:25,183] {logging_mixin.py:109} INFO - [2022-01-20 03:47:25,182] {dag.py:2914} INFO - Setting next_dagrun for example_kubernetes_executor_config to None
[2022-01-20 03:47:25,215] {processor.py:171} INFO - Processing /home/airflow/.local/lib/python3.7/site-packages/airflow/example_dags/example_kubernetes_executor_config.py took 0.230 seconds
[2022-01-20 03:47:55,842] {processor.py:163} INFO - Started process (PID=5897) to work on /home/airflow/.local/lib/python3.7/site-packages/airflow/example_dags/example_kubernetes_executor_config.py
[2022-01-20 03:47:55,848] {processor.py:620} INFO - Processing file /home/airflow/.local/lib/python3.7/site-packages/airflow/example_dags/example_kubernetes_executor_config.py for tasks to queue
[2022-01-20 03:47:55,853] {logging_mixin.py:109} INFO - [2022-01-20 03:47:55,852] {dagbag.py:500} INFO - Filling up the DagBag from /home/airflow/.local/lib/python3.7/site-packages/airflow/example_dags/example_kubernetes_executor_config.py
[2022-01-20 03:47:55,940] {processor.py:632} INFO - DAG(s) dict_keys(['example_kubernetes_executor_config']) retrieved from /home/airflow/.local/lib/python3.7/site-packages/airflow/example_dags/example_kubernetes_executor_config.py
[2022-01-20 03:47:55,990] {logging_mixin.py:109} INFO - [2022-01-20 03:47:55,989] {dag.py:2389} INFO - Sync 1 DAGs
[2022-01-20 03:47:56,043] {logging_mixin.py:109} INFO - [2022-01-20 03:47:56,043] {dag.py:2914} INFO - Setting next_dagrun for example_kubernetes_executor_config to None
[2022-01-20 03:47:56,081] {processor.py:171} INFO - Processing /home/airflow/.local/lib/python3.7/site-packages/airflow/example_dags/example_kubernetes_executor_config.py took 0.247 seconds
[2022-01-20 03:48:26,789] {processor.py:163} INFO - Started process (PID=5994) to work on /home/airflow/.local/lib/python3.7/site-packages/airflow/example_dags/example_kubernetes_executor_config.py
[2022-01-20 03:48:26,795] {processor.py:620} INFO - Processing file /home/airflow/.local/lib/python3.7/site-packages/airflow/example_dags/example_kubernetes_executor_config.py for tasks to queue
[2022-01-20 03:48:26,798] {logging_mixin.py:109} INFO - [2022-01-20 03:48:26,797] {dagbag.py:500} INFO - Filling up the DagBag from /home/airflow/.local/lib/python3.7/site-packages/airflow/example_dags/example_kubernetes_executor_config.py
[2022-01-20 03:48:26,871] {processor.py:632} INFO - DAG(s) dict_keys(['example_kubernetes_executor_config']) retrieved from /home/airflow/.local/lib/python3.7/site-packages/airflow/example_dags/example_kubernetes_executor_config.py
[2022-01-20 03:48:26,915] {logging_mixin.py:109} INFO - [2022-01-20 03:48:26,915] {dag.py:2389} INFO - Sync 1 DAGs
[2022-01-20 03:48:26,964] {logging_mixin.py:109} INFO - [2022-01-20 03:48:26,963] {dag.py:2914} INFO - Setting next_dagrun for example_kubernetes_executor_config to None
[2022-01-20 03:48:26,992] {processor.py:171} INFO - Processing /home/airflow/.local/lib/python3.7/site-packages/airflow/example_dags/example_kubernetes_executor_config.py took 0.209 seconds
[2022-01-20 03:48:57,895] {processor.py:163} INFO - Started process (PID=6107) to work on /home/airflow/.local/lib/python3.7/site-packages/airflow/example_dags/example_kubernetes_executor_config.py
[2022-01-20 03:48:57,900] {processor.py:620} INFO - Processing file /home/airflow/.local/lib/python3.7/site-packages/airflow/example_dags/example_kubernetes_executor_config.py for tasks to queue
[2022-01-20 03:48:57,905] {logging_mixin.py:109} INFO - [2022-01-20 03:48:57,904] {dagbag.py:500} INFO - Filling up the DagBag from /home/airflow/.local/lib/python3.7/site-packages/airflow/example_dags/example_kubernetes_executor_config.py
[2022-01-20 03:48:57,988] {processor.py:632} INFO - DAG(s) dict_keys(['example_kubernetes_executor_config']) retrieved from /home/airflow/.local/lib/python3.7/site-packages/airflow/example_dags/example_kubernetes_executor_config.py
[2022-01-20 03:48:58,046] {logging_mixin.py:109} INFO - [2022-01-20 03:48:58,045] {dag.py:2389} INFO - Sync 1 DAGs
[2022-01-20 03:48:58,101] {logging_mixin.py:109} INFO - [2022-01-20 03:48:58,101] {dag.py:2914} INFO - Setting next_dagrun for example_kubernetes_executor_config to None
[2022-01-20 03:48:58,130] {processor.py:171} INFO - Processing /home/airflow/.local/lib/python3.7/site-packages/airflow/example_dags/example_kubernetes_executor_config.py took 0.246 seconds
[2022-01-20 03:49:28,221] {processor.py:163} INFO - Started process (PID=6199) to work on /home/airflow/.local/lib/python3.7/site-packages/airflow/example_dags/example_kubernetes_executor_config.py
[2022-01-20 03:49:28,225] {processor.py:620} INFO - Processing file /home/airflow/.local/lib/python3.7/site-packages/airflow/example_dags/example_kubernetes_executor_config.py for tasks to queue
[2022-01-20 03:49:28,228] {logging_mixin.py:109} INFO - [2022-01-20 03:49:28,228] {dagbag.py:500} INFO - Filling up the DagBag from /home/airflow/.local/lib/python3.7/site-packages/airflow/example_dags/example_kubernetes_executor_config.py
[2022-01-20 03:49:28,293] {processor.py:632} INFO - DAG(s) dict_keys(['example_kubernetes_executor_config']) retrieved from /home/airflow/.local/lib/python3.7/site-packages/airflow/example_dags/example_kubernetes_executor_config.py
[2022-01-20 03:49:28,333] {logging_mixin.py:109} INFO - [2022-01-20 03:49:28,332] {dag.py:2389} INFO - Sync 1 DAGs
[2022-01-20 03:49:28,375] {logging_mixin.py:109} INFO - [2022-01-20 03:49:28,375] {dag.py:2914} INFO - Setting next_dagrun for example_kubernetes_executor_config to None
[2022-01-20 03:49:28,399] {processor.py:171} INFO - Processing /home/airflow/.local/lib/python3.7/site-packages/airflow/example_dags/example_kubernetes_executor_config.py took 0.185 seconds
[2022-01-20 03:49:59,974] {processor.py:163} INFO - Started process (PID=6312) to work on /home/airflow/.local/lib/python3.7/site-packages/airflow/example_dags/example_kubernetes_executor_config.py
[2022-01-20 03:49:59,980] {processor.py:620} INFO - Processing file /home/airflow/.local/lib/python3.7/site-packages/airflow/example_dags/example_kubernetes_executor_config.py for tasks to queue
[2022-01-20 03:49:59,986] {logging_mixin.py:109} INFO - [2022-01-20 03:49:59,986] {dagbag.py:500} INFO - Filling up the DagBag from /home/airflow/.local/lib/python3.7/site-packages/airflow/example_dags/example_kubernetes_executor_config.py
[2022-01-20 03:50:00,096] {processor.py:632} INFO - DAG(s) dict_keys(['example_kubernetes_executor_config']) retrieved from /home/airflow/.local/lib/python3.7/site-packages/airflow/example_dags/example_kubernetes_executor_config.py
[2022-01-20 03:50:00,144] {logging_mixin.py:109} INFO - [2022-01-20 03:50:00,144] {dag.py:2389} INFO - Sync 1 DAGs
[2022-01-20 03:50:00,199] {logging_mixin.py:109} INFO - [2022-01-20 03:50:00,199] {dag.py:2914} INFO - Setting next_dagrun for example_kubernetes_executor_config to None
[2022-01-20 03:50:00,229] {processor.py:171} INFO - Processing /home/airflow/.local/lib/python3.7/site-packages/airflow/example_dags/example_kubernetes_executor_config.py took 0.262 seconds
[2022-01-20 03:50:31,124] {processor.py:163} INFO - Started process (PID=6415) to work on /home/airflow/.local/lib/python3.7/site-packages/airflow/example_dags/example_kubernetes_executor_config.py
[2022-01-20 03:50:31,128] {processor.py:620} INFO - Processing file /home/airflow/.local/lib/python3.7/site-packages/airflow/example_dags/example_kubernetes_executor_config.py for tasks to queue
[2022-01-20 03:50:31,140] {logging_mixin.py:109} INFO - [2022-01-20 03:50:31,139] {dagbag.py:500} INFO - Filling up the DagBag from /home/airflow/.local/lib/python3.7/site-packages/airflow/example_dags/example_kubernetes_executor_config.py
[2022-01-20 03:50:31,269] {processor.py:632} INFO - DAG(s) dict_keys(['example_kubernetes_executor_config']) retrieved from /home/airflow/.local/lib/python3.7/site-packages/airflow/example_dags/example_kubernetes_executor_config.py
[2022-01-20 03:50:31,323] {logging_mixin.py:109} INFO - [2022-01-20 03:50:31,323] {dag.py:2389} INFO - Sync 1 DAGs
[2022-01-20 03:50:31,381] {logging_mixin.py:109} INFO - [2022-01-20 03:50:31,381] {dag.py:2914} INFO - Setting next_dagrun for example_kubernetes_executor_config to None
[2022-01-20 03:50:31,417] {processor.py:171} INFO - Processing /home/airflow/.local/lib/python3.7/site-packages/airflow/example_dags/example_kubernetes_executor_config.py took 0.310 seconds
[2022-01-20 03:51:01,582] {processor.py:163} INFO - Started process (PID=6511) to work on /home/airflow/.local/lib/python3.7/site-packages/airflow/example_dags/example_kubernetes_executor_config.py
[2022-01-20 03:51:01,591] {processor.py:620} INFO - Processing file /home/airflow/.local/lib/python3.7/site-packages/airflow/example_dags/example_kubernetes_executor_config.py for tasks to queue
[2022-01-20 03:51:01,596] {logging_mixin.py:109} INFO - [2022-01-20 03:51:01,596] {dagbag.py:500} INFO - Filling up the DagBag from /home/airflow/.local/lib/python3.7/site-packages/airflow/example_dags/example_kubernetes_executor_config.py
[2022-01-20 03:51:01,699] {processor.py:632} INFO - DAG(s) dict_keys(['example_kubernetes_executor_config']) retrieved from /home/airflow/.local/lib/python3.7/site-packages/airflow/example_dags/example_kubernetes_executor_config.py
[2022-01-20 03:51:01,752] {logging_mixin.py:109} INFO - [2022-01-20 03:51:01,751] {dag.py:2389} INFO - Sync 1 DAGs
[2022-01-20 03:51:01,806] {logging_mixin.py:109} INFO - [2022-01-20 03:51:01,806] {dag.py:2914} INFO - Setting next_dagrun for example_kubernetes_executor_config to None
[2022-01-20 03:51:01,836] {processor.py:171} INFO - Processing /home/airflow/.local/lib/python3.7/site-packages/airflow/example_dags/example_kubernetes_executor_config.py took 0.274 seconds
