[2022-01-20 03:20:29,364] {processor.py:163} INFO - Started process (PID=293) to work on /home/airflow/.local/lib/python3.7/site-packages/airflow/example_dags/example_xcom.py
[2022-01-20 03:20:29,376] {processor.py:620} INFO - Processing file /home/airflow/.local/lib/python3.7/site-packages/airflow/example_dags/example_xcom.py for tasks to queue
[2022-01-20 03:20:29,387] {logging_mixin.py:109} INFO - [2022-01-20 03:20:29,386] {dagbag.py:500} INFO - Filling up the DagBag from /home/airflow/.local/lib/python3.7/site-packages/airflow/example_dags/example_xcom.py
[2022-01-20 03:20:29,597] {processor.py:632} INFO - DAG(s) dict_keys(['example_xcom']) retrieved from /home/airflow/.local/lib/python3.7/site-packages/airflow/example_dags/example_xcom.py
[2022-01-20 03:20:33,460] {logging_mixin.py:109} INFO - [2022-01-20 03:20:33,460] {dag.py:2389} INFO - Sync 1 DAGs
[2022-01-20 03:20:33,660] {logging_mixin.py:109} INFO - [2022-01-20 03:20:33,659] {dag.py:2914} INFO - Setting next_dagrun for example_xcom to 2021-01-01T00:00:00+00:00
[2022-01-20 03:20:33,808] {processor.py:171} INFO - Processing /home/airflow/.local/lib/python3.7/site-packages/airflow/example_dags/example_xcom.py took 4.452 seconds
[2022-01-20 03:21:04,143] {processor.py:163} INFO - Started process (PID=407) to work on /home/airflow/.local/lib/python3.7/site-packages/airflow/example_dags/example_xcom.py
[2022-01-20 03:21:04,149] {processor.py:620} INFO - Processing file /home/airflow/.local/lib/python3.7/site-packages/airflow/example_dags/example_xcom.py for tasks to queue
[2022-01-20 03:21:04,163] {logging_mixin.py:109} INFO - [2022-01-20 03:21:04,163] {dagbag.py:500} INFO - Filling up the DagBag from /home/airflow/.local/lib/python3.7/site-packages/airflow/example_dags/example_xcom.py
[2022-01-20 03:21:04,357] {processor.py:632} INFO - DAG(s) dict_keys(['example_xcom']) retrieved from /home/airflow/.local/lib/python3.7/site-packages/airflow/example_dags/example_xcom.py
[2022-01-20 03:21:06,779] {logging_mixin.py:109} INFO - [2022-01-20 03:21:06,779] {dag.py:2389} INFO - Sync 1 DAGs
[2022-01-20 03:21:06,897] {logging_mixin.py:109} INFO - [2022-01-20 03:21:06,896] {dag.py:2914} INFO - Setting next_dagrun for example_xcom to 2021-01-01T00:00:00+00:00
[2022-01-20 03:21:07,022] {processor.py:171} INFO - Processing /home/airflow/.local/lib/python3.7/site-packages/airflow/example_dags/example_xcom.py took 2.887 seconds
[2022-01-20 03:21:37,490] {processor.py:163} INFO - Started process (PID=521) to work on /home/airflow/.local/lib/python3.7/site-packages/airflow/example_dags/example_xcom.py
[2022-01-20 03:21:37,494] {processor.py:620} INFO - Processing file /home/airflow/.local/lib/python3.7/site-packages/airflow/example_dags/example_xcom.py for tasks to queue
[2022-01-20 03:21:37,498] {logging_mixin.py:109} INFO - [2022-01-20 03:21:37,497] {dagbag.py:500} INFO - Filling up the DagBag from /home/airflow/.local/lib/python3.7/site-packages/airflow/example_dags/example_xcom.py
[2022-01-20 03:21:37,595] {processor.py:632} INFO - DAG(s) dict_keys(['example_xcom']) retrieved from /home/airflow/.local/lib/python3.7/site-packages/airflow/example_dags/example_xcom.py
[2022-01-20 03:21:38,738] {logging_mixin.py:109} INFO - [2022-01-20 03:21:38,737] {dag.py:2389} INFO - Sync 1 DAGs
[2022-01-20 03:21:38,795] {logging_mixin.py:109} INFO - [2022-01-20 03:21:38,794] {dag.py:2914} INFO - Setting next_dagrun for example_xcom to 2021-01-01T00:00:00+00:00
[2022-01-20 03:21:38,834] {processor.py:171} INFO - Processing /home/airflow/.local/lib/python3.7/site-packages/airflow/example_dags/example_xcom.py took 1.354 seconds
[2022-01-20 03:22:08,926] {processor.py:163} INFO - Started process (PID=619) to work on /home/airflow/.local/lib/python3.7/site-packages/airflow/example_dags/example_xcom.py
[2022-01-20 03:22:09,036] {processor.py:620} INFO - Processing file /home/airflow/.local/lib/python3.7/site-packages/airflow/example_dags/example_xcom.py for tasks to queue
[2022-01-20 03:22:09,040] {logging_mixin.py:109} INFO - [2022-01-20 03:22:09,040] {dagbag.py:500} INFO - Filling up the DagBag from /home/airflow/.local/lib/python3.7/site-packages/airflow/example_dags/example_xcom.py
[2022-01-20 03:22:09,127] {processor.py:632} INFO - DAG(s) dict_keys(['example_xcom']) retrieved from /home/airflow/.local/lib/python3.7/site-packages/airflow/example_dags/example_xcom.py
[2022-01-20 03:22:10,185] {logging_mixin.py:109} INFO - [2022-01-20 03:22:10,184] {dag.py:2389} INFO - Sync 1 DAGs
[2022-01-20 03:22:10,238] {logging_mixin.py:109} INFO - [2022-01-20 03:22:10,237] {dag.py:2914} INFO - Setting next_dagrun for example_xcom to 2021-01-01T00:00:00+00:00
[2022-01-20 03:22:10,281] {processor.py:171} INFO - Processing /home/airflow/.local/lib/python3.7/site-packages/airflow/example_dags/example_xcom.py took 1.365 seconds
[2022-01-20 03:22:40,379] {processor.py:163} INFO - Started process (PID=737) to work on /home/airflow/.local/lib/python3.7/site-packages/airflow/example_dags/example_xcom.py
[2022-01-20 03:22:40,384] {processor.py:620} INFO - Processing file /home/airflow/.local/lib/python3.7/site-packages/airflow/example_dags/example_xcom.py for tasks to queue
[2022-01-20 03:22:40,387] {logging_mixin.py:109} INFO - [2022-01-20 03:22:40,386] {dagbag.py:500} INFO - Filling up the DagBag from /home/airflow/.local/lib/python3.7/site-packages/airflow/example_dags/example_xcom.py
[2022-01-20 03:22:40,478] {processor.py:632} INFO - DAG(s) dict_keys(['example_xcom']) retrieved from /home/airflow/.local/lib/python3.7/site-packages/airflow/example_dags/example_xcom.py
[2022-01-20 03:22:41,685] {logging_mixin.py:109} INFO - [2022-01-20 03:22:41,684] {dag.py:2389} INFO - Sync 1 DAGs
[2022-01-20 03:22:41,737] {logging_mixin.py:109} INFO - [2022-01-20 03:22:41,737] {dag.py:2914} INFO - Setting next_dagrun for example_xcom to 2021-01-01T00:00:00+00:00
[2022-01-20 03:22:41,772] {processor.py:171} INFO - Processing /home/airflow/.local/lib/python3.7/site-packages/airflow/example_dags/example_xcom.py took 1.402 seconds
[2022-01-20 03:23:11,827] {processor.py:163} INFO - Started process (PID=846) to work on /home/airflow/.local/lib/python3.7/site-packages/airflow/example_dags/example_xcom.py
[2022-01-20 03:23:11,831] {processor.py:620} INFO - Processing file /home/airflow/.local/lib/python3.7/site-packages/airflow/example_dags/example_xcom.py for tasks to queue
[2022-01-20 03:23:11,834] {logging_mixin.py:109} INFO - [2022-01-20 03:23:11,833] {dagbag.py:500} INFO - Filling up the DagBag from /home/airflow/.local/lib/python3.7/site-packages/airflow/example_dags/example_xcom.py
[2022-01-20 03:23:11,915] {processor.py:632} INFO - DAG(s) dict_keys(['example_xcom']) retrieved from /home/airflow/.local/lib/python3.7/site-packages/airflow/example_dags/example_xcom.py
[2022-01-20 03:23:13,240] {logging_mixin.py:109} INFO - [2022-01-20 03:23:13,239] {dag.py:2389} INFO - Sync 1 DAGs
[2022-01-20 03:23:13,298] {logging_mixin.py:109} INFO - [2022-01-20 03:23:13,298] {dag.py:2914} INFO - Setting next_dagrun for example_xcom to 2021-01-01T00:00:00+00:00
[2022-01-20 03:23:13,337] {processor.py:171} INFO - Processing /home/airflow/.local/lib/python3.7/site-packages/airflow/example_dags/example_xcom.py took 1.518 seconds
[2022-01-20 03:23:43,757] {processor.py:163} INFO - Started process (PID=954) to work on /home/airflow/.local/lib/python3.7/site-packages/airflow/example_dags/example_xcom.py
[2022-01-20 03:23:43,761] {processor.py:620} INFO - Processing file /home/airflow/.local/lib/python3.7/site-packages/airflow/example_dags/example_xcom.py for tasks to queue
[2022-01-20 03:23:43,766] {logging_mixin.py:109} INFO - [2022-01-20 03:23:43,765] {dagbag.py:500} INFO - Filling up the DagBag from /home/airflow/.local/lib/python3.7/site-packages/airflow/example_dags/example_xcom.py
[2022-01-20 03:23:43,853] {processor.py:632} INFO - DAG(s) dict_keys(['example_xcom']) retrieved from /home/airflow/.local/lib/python3.7/site-packages/airflow/example_dags/example_xcom.py
[2022-01-20 03:23:44,943] {logging_mixin.py:109} INFO - [2022-01-20 03:23:44,942] {dag.py:2389} INFO - Sync 1 DAGs
[2022-01-20 03:23:44,999] {logging_mixin.py:109} INFO - [2022-01-20 03:23:44,999] {dag.py:2914} INFO - Setting next_dagrun for example_xcom to 2021-01-01T00:00:00+00:00
[2022-01-20 03:23:45,035] {processor.py:171} INFO - Processing /home/airflow/.local/lib/python3.7/site-packages/airflow/example_dags/example_xcom.py took 1.286 seconds
[2022-01-20 03:24:15,213] {processor.py:163} INFO - Started process (PID=1068) to work on /home/airflow/.local/lib/python3.7/site-packages/airflow/example_dags/example_xcom.py
[2022-01-20 03:24:15,217] {processor.py:620} INFO - Processing file /home/airflow/.local/lib/python3.7/site-packages/airflow/example_dags/example_xcom.py for tasks to queue
[2022-01-20 03:24:15,221] {logging_mixin.py:109} INFO - [2022-01-20 03:24:15,221] {dagbag.py:500} INFO - Filling up the DagBag from /home/airflow/.local/lib/python3.7/site-packages/airflow/example_dags/example_xcom.py
[2022-01-20 03:24:15,314] {processor.py:632} INFO - DAG(s) dict_keys(['example_xcom']) retrieved from /home/airflow/.local/lib/python3.7/site-packages/airflow/example_dags/example_xcom.py
[2022-01-20 03:24:16,503] {logging_mixin.py:109} INFO - [2022-01-20 03:24:16,503] {dag.py:2389} INFO - Sync 1 DAGs
[2022-01-20 03:24:16,563] {logging_mixin.py:109} INFO - [2022-01-20 03:24:16,562] {dag.py:2914} INFO - Setting next_dagrun for example_xcom to 2021-01-01T00:00:00+00:00
[2022-01-20 03:24:16,602] {processor.py:171} INFO - Processing /home/airflow/.local/lib/python3.7/site-packages/airflow/example_dags/example_xcom.py took 1.396 seconds
[2022-01-20 03:24:46,923] {processor.py:163} INFO - Started process (PID=1168) to work on /home/airflow/.local/lib/python3.7/site-packages/airflow/example_dags/example_xcom.py
[2022-01-20 03:24:46,928] {processor.py:620} INFO - Processing file /home/airflow/.local/lib/python3.7/site-packages/airflow/example_dags/example_xcom.py for tasks to queue
[2022-01-20 03:24:46,931] {logging_mixin.py:109} INFO - [2022-01-20 03:24:46,930] {dagbag.py:500} INFO - Filling up the DagBag from /home/airflow/.local/lib/python3.7/site-packages/airflow/example_dags/example_xcom.py
[2022-01-20 03:24:47,024] {processor.py:632} INFO - DAG(s) dict_keys(['example_xcom']) retrieved from /home/airflow/.local/lib/python3.7/site-packages/airflow/example_dags/example_xcom.py
[2022-01-20 03:24:47,939] {logging_mixin.py:109} INFO - [2022-01-20 03:24:47,938] {dag.py:2389} INFO - Sync 1 DAGs
[2022-01-20 03:24:47,982] {logging_mixin.py:109} INFO - [2022-01-20 03:24:47,982] {dag.py:2914} INFO - Setting next_dagrun for example_xcom to 2021-01-01T00:00:00+00:00
[2022-01-20 03:24:48,008] {processor.py:171} INFO - Processing /home/airflow/.local/lib/python3.7/site-packages/airflow/example_dags/example_xcom.py took 1.094 seconds
[2022-01-20 03:25:19,505] {processor.py:163} INFO - Started process (PID=1280) to work on /home/airflow/.local/lib/python3.7/site-packages/airflow/example_dags/example_xcom.py
[2022-01-20 03:25:19,517] {processor.py:620} INFO - Processing file /home/airflow/.local/lib/python3.7/site-packages/airflow/example_dags/example_xcom.py for tasks to queue
[2022-01-20 03:25:19,521] {logging_mixin.py:109} INFO - [2022-01-20 03:25:19,520] {dagbag.py:500} INFO - Filling up the DagBag from /home/airflow/.local/lib/python3.7/site-packages/airflow/example_dags/example_xcom.py
[2022-01-20 03:25:19,605] {processor.py:632} INFO - DAG(s) dict_keys(['example_xcom']) retrieved from /home/airflow/.local/lib/python3.7/site-packages/airflow/example_dags/example_xcom.py
[2022-01-20 03:25:20,813] {logging_mixin.py:109} INFO - [2022-01-20 03:25:20,812] {dag.py:2389} INFO - Sync 1 DAGs
[2022-01-20 03:25:20,864] {logging_mixin.py:109} INFO - [2022-01-20 03:25:20,863] {dag.py:2914} INFO - Setting next_dagrun for example_xcom to 2021-01-01T00:00:00+00:00
[2022-01-20 03:25:20,899] {processor.py:171} INFO - Processing /home/airflow/.local/lib/python3.7/site-packages/airflow/example_dags/example_xcom.py took 1.402 seconds
[2022-01-20 03:25:52,220] {processor.py:163} INFO - Started process (PID=1398) to work on /home/airflow/.local/lib/python3.7/site-packages/airflow/example_dags/example_xcom.py
[2022-01-20 03:25:52,225] {processor.py:620} INFO - Processing file /home/airflow/.local/lib/python3.7/site-packages/airflow/example_dags/example_xcom.py for tasks to queue
[2022-01-20 03:25:52,234] {logging_mixin.py:109} INFO - [2022-01-20 03:25:52,234] {dagbag.py:500} INFO - Filling up the DagBag from /home/airflow/.local/lib/python3.7/site-packages/airflow/example_dags/example_xcom.py
[2022-01-20 03:25:52,329] {processor.py:632} INFO - DAG(s) dict_keys(['example_xcom']) retrieved from /home/airflow/.local/lib/python3.7/site-packages/airflow/example_dags/example_xcom.py
[2022-01-20 03:25:53,686] {logging_mixin.py:109} INFO - [2022-01-20 03:25:53,685] {dag.py:2389} INFO - Sync 1 DAGs
[2022-01-20 03:25:53,744] {logging_mixin.py:109} INFO - [2022-01-20 03:25:53,744] {dag.py:2914} INFO - Setting next_dagrun for example_xcom to 2021-01-01T00:00:00+00:00
[2022-01-20 03:25:53,787] {processor.py:171} INFO - Processing /home/airflow/.local/lib/python3.7/site-packages/airflow/example_dags/example_xcom.py took 1.574 seconds
[2022-01-20 03:26:25,546] {processor.py:163} INFO - Started process (PID=1503) to work on /home/airflow/.local/lib/python3.7/site-packages/airflow/example_dags/example_xcom.py
[2022-01-20 03:26:25,550] {processor.py:620} INFO - Processing file /home/airflow/.local/lib/python3.7/site-packages/airflow/example_dags/example_xcom.py for tasks to queue
[2022-01-20 03:26:25,553] {logging_mixin.py:109} INFO - [2022-01-20 03:26:25,553] {dagbag.py:500} INFO - Filling up the DagBag from /home/airflow/.local/lib/python3.7/site-packages/airflow/example_dags/example_xcom.py
[2022-01-20 03:26:25,631] {processor.py:632} INFO - DAG(s) dict_keys(['example_xcom']) retrieved from /home/airflow/.local/lib/python3.7/site-packages/airflow/example_dags/example_xcom.py
[2022-01-20 03:26:26,695] {logging_mixin.py:109} INFO - [2022-01-20 03:26:26,695] {dag.py:2389} INFO - Sync 1 DAGs
[2022-01-20 03:26:26,745] {logging_mixin.py:109} INFO - [2022-01-20 03:26:26,744] {dag.py:2914} INFO - Setting next_dagrun for example_xcom to 2021-01-01T00:00:00+00:00
[2022-01-20 03:26:26,779] {processor.py:171} INFO - Processing /home/airflow/.local/lib/python3.7/site-packages/airflow/example_dags/example_xcom.py took 1.240 seconds
[2022-01-20 03:26:59,025] {processor.py:163} INFO - Started process (PID=1605) to work on /home/airflow/.local/lib/python3.7/site-packages/airflow/example_dags/example_xcom.py
[2022-01-20 03:26:59,032] {processor.py:620} INFO - Processing file /home/airflow/.local/lib/python3.7/site-packages/airflow/example_dags/example_xcom.py for tasks to queue
[2022-01-20 03:26:59,037] {logging_mixin.py:109} INFO - [2022-01-20 03:26:59,036] {dagbag.py:500} INFO - Filling up the DagBag from /home/airflow/.local/lib/python3.7/site-packages/airflow/example_dags/example_xcom.py
[2022-01-20 03:26:59,232] {processor.py:632} INFO - DAG(s) dict_keys(['example_xcom']) retrieved from /home/airflow/.local/lib/python3.7/site-packages/airflow/example_dags/example_xcom.py
[2022-01-20 03:27:00,526] {logging_mixin.py:109} INFO - [2022-01-20 03:27:00,525] {dag.py:2389} INFO - Sync 1 DAGs
[2022-01-20 03:27:00,592] {logging_mixin.py:109} INFO - [2022-01-20 03:27:00,591] {dag.py:2914} INFO - Setting next_dagrun for example_xcom to 2021-01-01T00:00:00+00:00
[2022-01-20 03:27:00,637] {processor.py:171} INFO - Processing /home/airflow/.local/lib/python3.7/site-packages/airflow/example_dags/example_xcom.py took 1.619 seconds
[2022-01-20 03:27:31,161] {processor.py:163} INFO - Started process (PID=1720) to work on /home/airflow/.local/lib/python3.7/site-packages/airflow/example_dags/example_xcom.py
[2022-01-20 03:27:31,165] {processor.py:620} INFO - Processing file /home/airflow/.local/lib/python3.7/site-packages/airflow/example_dags/example_xcom.py for tasks to queue
[2022-01-20 03:27:31,168] {logging_mixin.py:109} INFO - [2022-01-20 03:27:31,168] {dagbag.py:500} INFO - Filling up the DagBag from /home/airflow/.local/lib/python3.7/site-packages/airflow/example_dags/example_xcom.py
[2022-01-20 03:27:31,254] {processor.py:632} INFO - DAG(s) dict_keys(['example_xcom']) retrieved from /home/airflow/.local/lib/python3.7/site-packages/airflow/example_dags/example_xcom.py
[2022-01-20 03:27:32,518] {logging_mixin.py:109} INFO - [2022-01-20 03:27:32,518] {dag.py:2389} INFO - Sync 1 DAGs
[2022-01-20 03:27:32,572] {logging_mixin.py:109} INFO - [2022-01-20 03:27:32,571] {dag.py:2914} INFO - Setting next_dagrun for example_xcom to 2021-01-01T00:00:00+00:00
[2022-01-20 03:27:32,607] {processor.py:171} INFO - Processing /home/airflow/.local/lib/python3.7/site-packages/airflow/example_dags/example_xcom.py took 1.453 seconds
[2022-01-20 03:28:03,873] {processor.py:163} INFO - Started process (PID=1820) to work on /home/airflow/.local/lib/python3.7/site-packages/airflow/example_dags/example_xcom.py
[2022-01-20 03:28:03,877] {processor.py:620} INFO - Processing file /home/airflow/.local/lib/python3.7/site-packages/airflow/example_dags/example_xcom.py for tasks to queue
[2022-01-20 03:28:03,881] {logging_mixin.py:109} INFO - [2022-01-20 03:28:03,880] {dagbag.py:500} INFO - Filling up the DagBag from /home/airflow/.local/lib/python3.7/site-packages/airflow/example_dags/example_xcom.py
[2022-01-20 03:28:03,974] {processor.py:632} INFO - DAG(s) dict_keys(['example_xcom']) retrieved from /home/airflow/.local/lib/python3.7/site-packages/airflow/example_dags/example_xcom.py
[2022-01-20 03:28:05,155] {logging_mixin.py:109} INFO - [2022-01-20 03:28:05,155] {dag.py:2389} INFO - Sync 1 DAGs
[2022-01-20 03:28:05,211] {logging_mixin.py:109} INFO - [2022-01-20 03:28:05,211] {dag.py:2914} INFO - Setting next_dagrun for example_xcom to 2021-01-01T00:00:00+00:00
[2022-01-20 03:28:05,249] {processor.py:171} INFO - Processing /home/airflow/.local/lib/python3.7/site-packages/airflow/example_dags/example_xcom.py took 1.384 seconds
[2022-01-20 03:28:39,394] {processor.py:163} INFO - Started process (PID=1959) to work on /home/airflow/.local/lib/python3.7/site-packages/airflow/example_dags/example_xcom.py
[2022-01-20 03:28:39,399] {processor.py:620} INFO - Processing file /home/airflow/.local/lib/python3.7/site-packages/airflow/example_dags/example_xcom.py for tasks to queue
[2022-01-20 03:28:39,402] {logging_mixin.py:109} INFO - [2022-01-20 03:28:39,402] {dagbag.py:500} INFO - Filling up the DagBag from /home/airflow/.local/lib/python3.7/site-packages/airflow/example_dags/example_xcom.py
[2022-01-20 03:28:39,485] {processor.py:632} INFO - DAG(s) dict_keys(['example_xcom']) retrieved from /home/airflow/.local/lib/python3.7/site-packages/airflow/example_dags/example_xcom.py
[2022-01-20 03:28:40,879] {logging_mixin.py:109} INFO - [2022-01-20 03:28:40,879] {dag.py:2389} INFO - Sync 1 DAGs
[2022-01-20 03:28:40,936] {logging_mixin.py:109} INFO - [2022-01-20 03:28:40,935] {dag.py:2914} INFO - Setting next_dagrun for example_xcom to 2021-01-01T00:00:00+00:00
[2022-01-20 03:28:41,010] {processor.py:171} INFO - Processing /home/airflow/.local/lib/python3.7/site-packages/airflow/example_dags/example_xcom.py took 1.624 seconds
[2022-01-20 03:29:11,221] {processor.py:163} INFO - Started process (PID=2071) to work on /home/airflow/.local/lib/python3.7/site-packages/airflow/example_dags/example_xcom.py
[2022-01-20 03:29:11,236] {processor.py:620} INFO - Processing file /home/airflow/.local/lib/python3.7/site-packages/airflow/example_dags/example_xcom.py for tasks to queue
[2022-01-20 03:29:11,270] {logging_mixin.py:109} INFO - [2022-01-20 03:29:11,270] {dagbag.py:500} INFO - Filling up the DagBag from /home/airflow/.local/lib/python3.7/site-packages/airflow/example_dags/example_xcom.py
[2022-01-20 03:29:11,393] {processor.py:632} INFO - DAG(s) dict_keys(['example_xcom']) retrieved from /home/airflow/.local/lib/python3.7/site-packages/airflow/example_dags/example_xcom.py
[2022-01-20 03:29:11,530] {logging_mixin.py:109} INFO - [2022-01-20 03:29:11,529] {dag.py:2389} INFO - Sync 1 DAGs
[2022-01-20 03:29:11,596] {logging_mixin.py:109} INFO - [2022-01-20 03:29:11,596] {dag.py:2914} INFO - Setting next_dagrun for example_xcom to 2021-01-01T00:00:00+00:00
[2022-01-20 03:29:11,649] {processor.py:171} INFO - Processing /home/airflow/.local/lib/python3.7/site-packages/airflow/example_dags/example_xcom.py took 0.435 seconds
[2022-01-20 03:29:43,181] {processor.py:163} INFO - Started process (PID=2174) to work on /home/airflow/.local/lib/python3.7/site-packages/airflow/example_dags/example_xcom.py
[2022-01-20 03:29:43,185] {processor.py:620} INFO - Processing file /home/airflow/.local/lib/python3.7/site-packages/airflow/example_dags/example_xcom.py for tasks to queue
[2022-01-20 03:29:43,188] {logging_mixin.py:109} INFO - [2022-01-20 03:29:43,188] {dagbag.py:500} INFO - Filling up the DagBag from /home/airflow/.local/lib/python3.7/site-packages/airflow/example_dags/example_xcom.py
[2022-01-20 03:29:43,268] {processor.py:632} INFO - DAG(s) dict_keys(['example_xcom']) retrieved from /home/airflow/.local/lib/python3.7/site-packages/airflow/example_dags/example_xcom.py
[2022-01-20 03:29:44,356] {logging_mixin.py:109} INFO - [2022-01-20 03:29:44,356] {dag.py:2389} INFO - Sync 1 DAGs
[2022-01-20 03:29:44,405] {logging_mixin.py:109} INFO - [2022-01-20 03:29:44,405] {dag.py:2914} INFO - Setting next_dagrun for example_xcom to 2021-01-01T00:00:00+00:00
[2022-01-20 03:29:44,444] {processor.py:171} INFO - Processing /home/airflow/.local/lib/python3.7/site-packages/airflow/example_dags/example_xcom.py took 1.271 seconds
[2022-01-20 03:30:15,615] {processor.py:163} INFO - Started process (PID=2292) to work on /home/airflow/.local/lib/python3.7/site-packages/airflow/example_dags/example_xcom.py
[2022-01-20 03:30:15,620] {processor.py:620} INFO - Processing file /home/airflow/.local/lib/python3.7/site-packages/airflow/example_dags/example_xcom.py for tasks to queue
[2022-01-20 03:30:15,623] {logging_mixin.py:109} INFO - [2022-01-20 03:30:15,623] {dagbag.py:500} INFO - Filling up the DagBag from /home/airflow/.local/lib/python3.7/site-packages/airflow/example_dags/example_xcom.py
[2022-01-20 03:30:15,711] {processor.py:632} INFO - DAG(s) dict_keys(['example_xcom']) retrieved from /home/airflow/.local/lib/python3.7/site-packages/airflow/example_dags/example_xcom.py
[2022-01-20 03:30:16,989] {logging_mixin.py:109} INFO - [2022-01-20 03:30:16,988] {dag.py:2389} INFO - Sync 1 DAGs
[2022-01-20 03:30:17,046] {logging_mixin.py:109} INFO - [2022-01-20 03:30:17,045] {dag.py:2914} INFO - Setting next_dagrun for example_xcom to 2021-01-01T00:00:00+00:00
[2022-01-20 03:30:17,085] {processor.py:171} INFO - Processing /home/airflow/.local/lib/python3.7/site-packages/airflow/example_dags/example_xcom.py took 1.478 seconds
[2022-01-20 03:30:47,780] {processor.py:163} INFO - Started process (PID=2383) to work on /home/airflow/.local/lib/python3.7/site-packages/airflow/example_dags/example_xcom.py
[2022-01-20 03:30:47,784] {processor.py:620} INFO - Processing file /home/airflow/.local/lib/python3.7/site-packages/airflow/example_dags/example_xcom.py for tasks to queue
[2022-01-20 03:30:47,787] {logging_mixin.py:109} INFO - [2022-01-20 03:30:47,786] {dagbag.py:500} INFO - Filling up the DagBag from /home/airflow/.local/lib/python3.7/site-packages/airflow/example_dags/example_xcom.py
[2022-01-20 03:30:47,869] {processor.py:632} INFO - DAG(s) dict_keys(['example_xcom']) retrieved from /home/airflow/.local/lib/python3.7/site-packages/airflow/example_dags/example_xcom.py
[2022-01-20 03:30:48,745] {logging_mixin.py:109} INFO - [2022-01-20 03:30:48,744] {dag.py:2389} INFO - Sync 1 DAGs
[2022-01-20 03:30:48,784] {logging_mixin.py:109} INFO - [2022-01-20 03:30:48,783] {dag.py:2914} INFO - Setting next_dagrun for example_xcom to 2021-01-01T00:00:00+00:00
[2022-01-20 03:30:48,813] {processor.py:171} INFO - Processing /home/airflow/.local/lib/python3.7/site-packages/airflow/example_dags/example_xcom.py took 1.042 seconds
[2022-01-20 03:31:19,528] {processor.py:163} INFO - Started process (PID=2502) to work on /home/airflow/.local/lib/python3.7/site-packages/airflow/example_dags/example_xcom.py
[2022-01-20 03:31:19,542] {processor.py:620} INFO - Processing file /home/airflow/.local/lib/python3.7/site-packages/airflow/example_dags/example_xcom.py for tasks to queue
[2022-01-20 03:31:19,557] {logging_mixin.py:109} INFO - [2022-01-20 03:31:19,557] {dagbag.py:500} INFO - Filling up the DagBag from /home/airflow/.local/lib/python3.7/site-packages/airflow/example_dags/example_xcom.py
[2022-01-20 03:31:19,669] {processor.py:632} INFO - DAG(s) dict_keys(['example_xcom']) retrieved from /home/airflow/.local/lib/python3.7/site-packages/airflow/example_dags/example_xcom.py
[2022-01-20 03:31:21,038] {logging_mixin.py:109} INFO - [2022-01-20 03:31:21,038] {dag.py:2389} INFO - Sync 1 DAGs
[2022-01-20 03:31:21,101] {logging_mixin.py:109} INFO - [2022-01-20 03:31:21,100] {dag.py:2914} INFO - Setting next_dagrun for example_xcom to 2021-01-01T00:00:00+00:00
[2022-01-20 03:31:21,175] {processor.py:171} INFO - Processing /home/airflow/.local/lib/python3.7/site-packages/airflow/example_dags/example_xcom.py took 1.654 seconds
[2022-01-20 03:31:51,329] {processor.py:163} INFO - Started process (PID=2609) to work on /home/airflow/.local/lib/python3.7/site-packages/airflow/example_dags/example_xcom.py
[2022-01-20 03:31:51,339] {processor.py:620} INFO - Processing file /home/airflow/.local/lib/python3.7/site-packages/airflow/example_dags/example_xcom.py for tasks to queue
[2022-01-20 03:31:51,349] {logging_mixin.py:109} INFO - [2022-01-20 03:31:51,349] {dagbag.py:500} INFO - Filling up the DagBag from /home/airflow/.local/lib/python3.7/site-packages/airflow/example_dags/example_xcom.py
[2022-01-20 03:31:51,464] {processor.py:632} INFO - DAG(s) dict_keys(['example_xcom']) retrieved from /home/airflow/.local/lib/python3.7/site-packages/airflow/example_dags/example_xcom.py
[2022-01-20 03:31:52,754] {logging_mixin.py:109} INFO - [2022-01-20 03:31:52,754] {dag.py:2389} INFO - Sync 1 DAGs
[2022-01-20 03:31:52,813] {logging_mixin.py:109} INFO - [2022-01-20 03:31:52,812] {dag.py:2914} INFO - Setting next_dagrun for example_xcom to 2021-01-01T00:00:00+00:00
[2022-01-20 03:31:52,875] {processor.py:171} INFO - Processing /home/airflow/.local/lib/python3.7/site-packages/airflow/example_dags/example_xcom.py took 1.564 seconds
[2022-01-20 03:32:23,060] {processor.py:163} INFO - Started process (PID=2705) to work on /home/airflow/.local/lib/python3.7/site-packages/airflow/example_dags/example_xcom.py
[2022-01-20 03:32:23,065] {processor.py:620} INFO - Processing file /home/airflow/.local/lib/python3.7/site-packages/airflow/example_dags/example_xcom.py for tasks to queue
[2022-01-20 03:32:23,068] {logging_mixin.py:109} INFO - [2022-01-20 03:32:23,067] {dagbag.py:500} INFO - Filling up the DagBag from /home/airflow/.local/lib/python3.7/site-packages/airflow/example_dags/example_xcom.py
[2022-01-20 03:32:23,150] {processor.py:632} INFO - DAG(s) dict_keys(['example_xcom']) retrieved from /home/airflow/.local/lib/python3.7/site-packages/airflow/example_dags/example_xcom.py
[2022-01-20 03:32:24,340] {logging_mixin.py:109} INFO - [2022-01-20 03:32:24,339] {dag.py:2389} INFO - Sync 1 DAGs
[2022-01-20 03:32:24,419] {logging_mixin.py:109} INFO - [2022-01-20 03:32:24,418] {dag.py:2914} INFO - Setting next_dagrun for example_xcom to 2021-01-01T00:00:00+00:00
[2022-01-20 03:32:24,459] {processor.py:171} INFO - Processing /home/airflow/.local/lib/python3.7/site-packages/airflow/example_dags/example_xcom.py took 1.407 seconds
[2022-01-20 03:32:54,738] {processor.py:163} INFO - Started process (PID=2820) to work on /home/airflow/.local/lib/python3.7/site-packages/airflow/example_dags/example_xcom.py
[2022-01-20 03:32:54,744] {processor.py:620} INFO - Processing file /home/airflow/.local/lib/python3.7/site-packages/airflow/example_dags/example_xcom.py for tasks to queue
[2022-01-20 03:32:54,747] {logging_mixin.py:109} INFO - [2022-01-20 03:32:54,747] {dagbag.py:500} INFO - Filling up the DagBag from /home/airflow/.local/lib/python3.7/site-packages/airflow/example_dags/example_xcom.py
[2022-01-20 03:32:54,849] {processor.py:632} INFO - DAG(s) dict_keys(['example_xcom']) retrieved from /home/airflow/.local/lib/python3.7/site-packages/airflow/example_dags/example_xcom.py
[2022-01-20 03:32:55,963] {logging_mixin.py:109} INFO - [2022-01-20 03:32:55,962] {dag.py:2389} INFO - Sync 1 DAGs
[2022-01-20 03:32:56,017] {logging_mixin.py:109} INFO - [2022-01-20 03:32:56,016] {dag.py:2914} INFO - Setting next_dagrun for example_xcom to 2021-01-01T00:00:00+00:00
[2022-01-20 03:32:56,053] {processor.py:171} INFO - Processing /home/airflow/.local/lib/python3.7/site-packages/airflow/example_dags/example_xcom.py took 1.324 seconds
[2022-01-20 03:33:26,169] {processor.py:163} INFO - Started process (PID=2921) to work on /home/airflow/.local/lib/python3.7/site-packages/airflow/example_dags/example_xcom.py
[2022-01-20 03:33:26,172] {processor.py:620} INFO - Processing file /home/airflow/.local/lib/python3.7/site-packages/airflow/example_dags/example_xcom.py for tasks to queue
[2022-01-20 03:33:26,175] {logging_mixin.py:109} INFO - [2022-01-20 03:33:26,174] {dagbag.py:500} INFO - Filling up the DagBag from /home/airflow/.local/lib/python3.7/site-packages/airflow/example_dags/example_xcom.py
[2022-01-20 03:33:26,251] {processor.py:632} INFO - DAG(s) dict_keys(['example_xcom']) retrieved from /home/airflow/.local/lib/python3.7/site-packages/airflow/example_dags/example_xcom.py
[2022-01-20 03:33:27,232] {logging_mixin.py:109} INFO - [2022-01-20 03:33:27,232] {dag.py:2389} INFO - Sync 1 DAGs
[2022-01-20 03:33:27,289] {logging_mixin.py:109} INFO - [2022-01-20 03:33:27,288] {dag.py:2914} INFO - Setting next_dagrun for example_xcom to 2021-01-01T00:00:00+00:00
[2022-01-20 03:33:27,320] {processor.py:171} INFO - Processing /home/airflow/.local/lib/python3.7/site-packages/airflow/example_dags/example_xcom.py took 1.158 seconds
[2022-01-20 03:33:57,451] {processor.py:163} INFO - Started process (PID=3034) to work on /home/airflow/.local/lib/python3.7/site-packages/airflow/example_dags/example_xcom.py
[2022-01-20 03:33:57,455] {processor.py:620} INFO - Processing file /home/airflow/.local/lib/python3.7/site-packages/airflow/example_dags/example_xcom.py for tasks to queue
[2022-01-20 03:33:57,459] {logging_mixin.py:109} INFO - [2022-01-20 03:33:57,458] {dagbag.py:500} INFO - Filling up the DagBag from /home/airflow/.local/lib/python3.7/site-packages/airflow/example_dags/example_xcom.py
[2022-01-20 03:33:57,667] {processor.py:632} INFO - DAG(s) dict_keys(['example_xcom']) retrieved from /home/airflow/.local/lib/python3.7/site-packages/airflow/example_dags/example_xcom.py
[2022-01-20 03:33:58,727] {logging_mixin.py:109} INFO - [2022-01-20 03:33:58,727] {dag.py:2389} INFO - Sync 1 DAGs
[2022-01-20 03:33:58,778] {logging_mixin.py:109} INFO - [2022-01-20 03:33:58,777] {dag.py:2914} INFO - Setting next_dagrun for example_xcom to 2021-01-01T00:00:00+00:00
[2022-01-20 03:33:58,812] {processor.py:171} INFO - Processing /home/airflow/.local/lib/python3.7/site-packages/airflow/example_dags/example_xcom.py took 1.370 seconds
[2022-01-20 03:34:29,758] {processor.py:163} INFO - Started process (PID=3130) to work on /home/airflow/.local/lib/python3.7/site-packages/airflow/example_dags/example_xcom.py
[2022-01-20 03:34:29,762] {processor.py:620} INFO - Processing file /home/airflow/.local/lib/python3.7/site-packages/airflow/example_dags/example_xcom.py for tasks to queue
[2022-01-20 03:34:29,765] {logging_mixin.py:109} INFO - [2022-01-20 03:34:29,765] {dagbag.py:500} INFO - Filling up the DagBag from /home/airflow/.local/lib/python3.7/site-packages/airflow/example_dags/example_xcom.py
[2022-01-20 03:34:29,932] {processor.py:632} INFO - DAG(s) dict_keys(['example_xcom']) retrieved from /home/airflow/.local/lib/python3.7/site-packages/airflow/example_dags/example_xcom.py
[2022-01-20 03:34:30,853] {logging_mixin.py:109} INFO - [2022-01-20 03:34:30,853] {dag.py:2389} INFO - Sync 1 DAGs
[2022-01-20 03:34:30,911] {logging_mixin.py:109} INFO - [2022-01-20 03:34:30,911] {dag.py:2914} INFO - Setting next_dagrun for example_xcom to 2021-01-01T00:00:00+00:00
[2022-01-20 03:34:30,955] {processor.py:171} INFO - Processing /home/airflow/.local/lib/python3.7/site-packages/airflow/example_dags/example_xcom.py took 1.203 seconds
[2022-01-20 03:35:01,103] {processor.py:163} INFO - Started process (PID=3242) to work on /home/airflow/.local/lib/python3.7/site-packages/airflow/example_dags/example_xcom.py
[2022-01-20 03:35:01,107] {processor.py:620} INFO - Processing file /home/airflow/.local/lib/python3.7/site-packages/airflow/example_dags/example_xcom.py for tasks to queue
[2022-01-20 03:35:01,110] {logging_mixin.py:109} INFO - [2022-01-20 03:35:01,110] {dagbag.py:500} INFO - Filling up the DagBag from /home/airflow/.local/lib/python3.7/site-packages/airflow/example_dags/example_xcom.py
[2022-01-20 03:35:01,306] {processor.py:632} INFO - DAG(s) dict_keys(['example_xcom']) retrieved from /home/airflow/.local/lib/python3.7/site-packages/airflow/example_dags/example_xcom.py
[2022-01-20 03:35:02,281] {logging_mixin.py:109} INFO - [2022-01-20 03:35:02,280] {dag.py:2389} INFO - Sync 1 DAGs
[2022-01-20 03:35:02,328] {logging_mixin.py:109} INFO - [2022-01-20 03:35:02,328] {dag.py:2914} INFO - Setting next_dagrun for example_xcom to 2021-01-01T00:00:00+00:00
[2022-01-20 03:35:02,361] {processor.py:171} INFO - Processing /home/airflow/.local/lib/python3.7/site-packages/airflow/example_dags/example_xcom.py took 1.265 seconds
[2022-01-20 03:35:32,893] {processor.py:163} INFO - Started process (PID=3356) to work on /home/airflow/.local/lib/python3.7/site-packages/airflow/example_dags/example_xcom.py
[2022-01-20 03:35:32,897] {processor.py:620} INFO - Processing file /home/airflow/.local/lib/python3.7/site-packages/airflow/example_dags/example_xcom.py for tasks to queue
[2022-01-20 03:35:32,901] {logging_mixin.py:109} INFO - [2022-01-20 03:35:32,900] {dagbag.py:500} INFO - Filling up the DagBag from /home/airflow/.local/lib/python3.7/site-packages/airflow/example_dags/example_xcom.py
[2022-01-20 03:35:33,104] {processor.py:632} INFO - DAG(s) dict_keys(['example_xcom']) retrieved from /home/airflow/.local/lib/python3.7/site-packages/airflow/example_dags/example_xcom.py
[2022-01-20 03:35:34,154] {logging_mixin.py:109} INFO - [2022-01-20 03:35:34,154] {dag.py:2389} INFO - Sync 1 DAGs
[2022-01-20 03:35:34,212] {logging_mixin.py:109} INFO - [2022-01-20 03:35:34,211] {dag.py:2914} INFO - Setting next_dagrun for example_xcom to 2021-01-01T00:00:00+00:00
[2022-01-20 03:35:34,245] {processor.py:171} INFO - Processing /home/airflow/.local/lib/python3.7/site-packages/airflow/example_dags/example_xcom.py took 1.362 seconds
[2022-01-20 03:36:04,578] {processor.py:163} INFO - Started process (PID=3452) to work on /home/airflow/.local/lib/python3.7/site-packages/airflow/example_dags/example_xcom.py
[2022-01-20 03:36:04,582] {processor.py:620} INFO - Processing file /home/airflow/.local/lib/python3.7/site-packages/airflow/example_dags/example_xcom.py for tasks to queue
[2022-01-20 03:36:04,585] {logging_mixin.py:109} INFO - [2022-01-20 03:36:04,584] {dagbag.py:500} INFO - Filling up the DagBag from /home/airflow/.local/lib/python3.7/site-packages/airflow/example_dags/example_xcom.py
[2022-01-20 03:36:04,659] {processor.py:632} INFO - DAG(s) dict_keys(['example_xcom']) retrieved from /home/airflow/.local/lib/python3.7/site-packages/airflow/example_dags/example_xcom.py
[2022-01-20 03:36:05,491] {logging_mixin.py:109} INFO - [2022-01-20 03:36:05,491] {dag.py:2389} INFO - Sync 1 DAGs
[2022-01-20 03:36:05,543] {logging_mixin.py:109} INFO - [2022-01-20 03:36:05,543] {dag.py:2914} INFO - Setting next_dagrun for example_xcom to 2021-01-01T00:00:00+00:00
[2022-01-20 03:36:05,577] {processor.py:171} INFO - Processing /home/airflow/.local/lib/python3.7/site-packages/airflow/example_dags/example_xcom.py took 1.006 seconds
[2022-01-20 03:36:35,955] {processor.py:163} INFO - Started process (PID=3563) to work on /home/airflow/.local/lib/python3.7/site-packages/airflow/example_dags/example_xcom.py
[2022-01-20 03:36:35,959] {processor.py:620} INFO - Processing file /home/airflow/.local/lib/python3.7/site-packages/airflow/example_dags/example_xcom.py for tasks to queue
[2022-01-20 03:36:35,962] {logging_mixin.py:109} INFO - [2022-01-20 03:36:35,962] {dagbag.py:500} INFO - Filling up the DagBag from /home/airflow/.local/lib/python3.7/site-packages/airflow/example_dags/example_xcom.py
[2022-01-20 03:36:36,039] {processor.py:632} INFO - DAG(s) dict_keys(['example_xcom']) retrieved from /home/airflow/.local/lib/python3.7/site-packages/airflow/example_dags/example_xcom.py
[2022-01-20 03:36:37,105] {logging_mixin.py:109} INFO - [2022-01-20 03:36:37,104] {dag.py:2389} INFO - Sync 1 DAGs
[2022-01-20 03:36:37,158] {logging_mixin.py:109} INFO - [2022-01-20 03:36:37,157] {dag.py:2914} INFO - Setting next_dagrun for example_xcom to 2021-01-01T00:00:00+00:00
[2022-01-20 03:36:37,199] {processor.py:171} INFO - Processing /home/airflow/.local/lib/python3.7/site-packages/airflow/example_dags/example_xcom.py took 1.251 seconds
[2022-01-20 03:37:07,425] {processor.py:163} INFO - Started process (PID=3658) to work on /home/airflow/.local/lib/python3.7/site-packages/airflow/example_dags/example_xcom.py
[2022-01-20 03:37:07,429] {processor.py:620} INFO - Processing file /home/airflow/.local/lib/python3.7/site-packages/airflow/example_dags/example_xcom.py for tasks to queue
[2022-01-20 03:37:07,433] {logging_mixin.py:109} INFO - [2022-01-20 03:37:07,432] {dagbag.py:500} INFO - Filling up the DagBag from /home/airflow/.local/lib/python3.7/site-packages/airflow/example_dags/example_xcom.py
[2022-01-20 03:37:07,521] {processor.py:632} INFO - DAG(s) dict_keys(['example_xcom']) retrieved from /home/airflow/.local/lib/python3.7/site-packages/airflow/example_dags/example_xcom.py
[2022-01-20 03:37:07,566] {logging_mixin.py:109} INFO - [2022-01-20 03:37:07,566] {dag.py:2389} INFO - Sync 1 DAGs
[2022-01-20 03:37:07,617] {logging_mixin.py:109} INFO - [2022-01-20 03:37:07,616] {dag.py:2914} INFO - Setting next_dagrun for example_xcom to 2021-01-01T00:00:00+00:00
[2022-01-20 03:37:07,643] {processor.py:171} INFO - Processing /home/airflow/.local/lib/python3.7/site-packages/airflow/example_dags/example_xcom.py took 0.226 seconds
[2022-01-20 03:37:37,689] {processor.py:163} INFO - Started process (PID=3771) to work on /home/airflow/.local/lib/python3.7/site-packages/airflow/example_dags/example_xcom.py
[2022-01-20 03:37:37,695] {processor.py:620} INFO - Processing file /home/airflow/.local/lib/python3.7/site-packages/airflow/example_dags/example_xcom.py for tasks to queue
[2022-01-20 03:37:37,698] {logging_mixin.py:109} INFO - [2022-01-20 03:37:37,697] {dagbag.py:500} INFO - Filling up the DagBag from /home/airflow/.local/lib/python3.7/site-packages/airflow/example_dags/example_xcom.py
[2022-01-20 03:37:37,780] {processor.py:632} INFO - DAG(s) dict_keys(['example_xcom']) retrieved from /home/airflow/.local/lib/python3.7/site-packages/airflow/example_dags/example_xcom.py
[2022-01-20 03:37:38,930] {logging_mixin.py:109} INFO - [2022-01-20 03:37:38,930] {dag.py:2389} INFO - Sync 1 DAGs
[2022-01-20 03:37:38,986] {logging_mixin.py:109} INFO - [2022-01-20 03:37:38,986] {dag.py:2914} INFO - Setting next_dagrun for example_xcom to 2021-01-01T00:00:00+00:00
[2022-01-20 03:37:39,025] {processor.py:171} INFO - Processing /home/airflow/.local/lib/python3.7/site-packages/airflow/example_dags/example_xcom.py took 1.343 seconds
[2022-01-20 03:38:10,042] {processor.py:163} INFO - Started process (PID=3874) to work on /home/airflow/.local/lib/python3.7/site-packages/airflow/example_dags/example_xcom.py
[2022-01-20 03:38:10,046] {processor.py:620} INFO - Processing file /home/airflow/.local/lib/python3.7/site-packages/airflow/example_dags/example_xcom.py for tasks to queue
[2022-01-20 03:38:10,049] {logging_mixin.py:109} INFO - [2022-01-20 03:38:10,048] {dagbag.py:500} INFO - Filling up the DagBag from /home/airflow/.local/lib/python3.7/site-packages/airflow/example_dags/example_xcom.py
[2022-01-20 03:38:10,127] {processor.py:632} INFO - DAG(s) dict_keys(['example_xcom']) retrieved from /home/airflow/.local/lib/python3.7/site-packages/airflow/example_dags/example_xcom.py
[2022-01-20 03:38:11,166] {logging_mixin.py:109} INFO - [2022-01-20 03:38:11,165] {dag.py:2389} INFO - Sync 1 DAGs
[2022-01-20 03:38:11,235] {logging_mixin.py:109} INFO - [2022-01-20 03:38:11,234] {dag.py:2914} INFO - Setting next_dagrun for example_xcom to 2021-01-01T00:00:00+00:00
[2022-01-20 03:38:11,400] {processor.py:171} INFO - Processing /home/airflow/.local/lib/python3.7/site-packages/airflow/example_dags/example_xcom.py took 1.364 seconds
[2022-01-20 03:38:41,859] {processor.py:163} INFO - Started process (PID=3992) to work on /home/airflow/.local/lib/python3.7/site-packages/airflow/example_dags/example_xcom.py
[2022-01-20 03:38:41,863] {processor.py:620} INFO - Processing file /home/airflow/.local/lib/python3.7/site-packages/airflow/example_dags/example_xcom.py for tasks to queue
[2022-01-20 03:38:41,866] {logging_mixin.py:109} INFO - [2022-01-20 03:38:41,865] {dagbag.py:500} INFO - Filling up the DagBag from /home/airflow/.local/lib/python3.7/site-packages/airflow/example_dags/example_xcom.py
[2022-01-20 03:38:41,947] {processor.py:632} INFO - DAG(s) dict_keys(['example_xcom']) retrieved from /home/airflow/.local/lib/python3.7/site-packages/airflow/example_dags/example_xcom.py
[2022-01-20 03:38:42,970] {logging_mixin.py:109} INFO - [2022-01-20 03:38:42,970] {dag.py:2389} INFO - Sync 1 DAGs
[2022-01-20 03:38:43,023] {logging_mixin.py:109} INFO - [2022-01-20 03:38:43,022] {dag.py:2914} INFO - Setting next_dagrun for example_xcom to 2021-01-01T00:00:00+00:00
[2022-01-20 03:38:43,056] {processor.py:171} INFO - Processing /home/airflow/.local/lib/python3.7/site-packages/airflow/example_dags/example_xcom.py took 1.206 seconds
[2022-01-20 03:39:13,769] {processor.py:163} INFO - Started process (PID=4111) to work on /home/airflow/.local/lib/python3.7/site-packages/airflow/example_dags/example_xcom.py
[2022-01-20 03:39:13,773] {processor.py:620} INFO - Processing file /home/airflow/.local/lib/python3.7/site-packages/airflow/example_dags/example_xcom.py for tasks to queue
[2022-01-20 03:39:13,777] {logging_mixin.py:109} INFO - [2022-01-20 03:39:13,776] {dagbag.py:500} INFO - Filling up the DagBag from /home/airflow/.local/lib/python3.7/site-packages/airflow/example_dags/example_xcom.py
[2022-01-20 03:39:13,864] {processor.py:632} INFO - DAG(s) dict_keys(['example_xcom']) retrieved from /home/airflow/.local/lib/python3.7/site-packages/airflow/example_dags/example_xcom.py
[2022-01-20 03:39:14,892] {logging_mixin.py:109} INFO - [2022-01-20 03:39:14,892] {dag.py:2389} INFO - Sync 1 DAGs
[2022-01-20 03:39:14,946] {logging_mixin.py:109} INFO - [2022-01-20 03:39:14,946] {dag.py:2914} INFO - Setting next_dagrun for example_xcom to 2021-01-01T00:00:00+00:00
[2022-01-20 03:39:14,981] {processor.py:171} INFO - Processing /home/airflow/.local/lib/python3.7/site-packages/airflow/example_dags/example_xcom.py took 1.220 seconds
[2022-01-20 03:39:45,274] {processor.py:163} INFO - Started process (PID=4208) to work on /home/airflow/.local/lib/python3.7/site-packages/airflow/example_dags/example_xcom.py
[2022-01-20 03:39:45,279] {processor.py:620} INFO - Processing file /home/airflow/.local/lib/python3.7/site-packages/airflow/example_dags/example_xcom.py for tasks to queue
[2022-01-20 03:39:45,283] {logging_mixin.py:109} INFO - [2022-01-20 03:39:45,282] {dagbag.py:500} INFO - Filling up the DagBag from /home/airflow/.local/lib/python3.7/site-packages/airflow/example_dags/example_xcom.py
[2022-01-20 03:39:45,374] {processor.py:632} INFO - DAG(s) dict_keys(['example_xcom']) retrieved from /home/airflow/.local/lib/python3.7/site-packages/airflow/example_dags/example_xcom.py
[2022-01-20 03:39:46,313] {logging_mixin.py:109} INFO - [2022-01-20 03:39:46,312] {dag.py:2389} INFO - Sync 1 DAGs
[2022-01-20 03:39:46,362] {logging_mixin.py:109} INFO - [2022-01-20 03:39:46,361] {dag.py:2914} INFO - Setting next_dagrun for example_xcom to 2021-01-01T00:00:00+00:00
[2022-01-20 03:39:46,394] {processor.py:171} INFO - Processing /home/airflow/.local/lib/python3.7/site-packages/airflow/example_dags/example_xcom.py took 1.127 seconds
[2022-01-20 03:40:17,013] {processor.py:163} INFO - Started process (PID=4325) to work on /home/airflow/.local/lib/python3.7/site-packages/airflow/example_dags/example_xcom.py
[2022-01-20 03:40:17,023] {processor.py:620} INFO - Processing file /home/airflow/.local/lib/python3.7/site-packages/airflow/example_dags/example_xcom.py for tasks to queue
[2022-01-20 03:40:17,026] {logging_mixin.py:109} INFO - [2022-01-20 03:40:17,026] {dagbag.py:500} INFO - Filling up the DagBag from /home/airflow/.local/lib/python3.7/site-packages/airflow/example_dags/example_xcom.py
[2022-01-20 03:40:17,114] {processor.py:632} INFO - DAG(s) dict_keys(['example_xcom']) retrieved from /home/airflow/.local/lib/python3.7/site-packages/airflow/example_dags/example_xcom.py
[2022-01-20 03:40:18,173] {logging_mixin.py:109} INFO - [2022-01-20 03:40:18,172] {dag.py:2389} INFO - Sync 1 DAGs
[2022-01-20 03:40:18,282] {logging_mixin.py:109} INFO - [2022-01-20 03:40:18,282] {dag.py:2914} INFO - Setting next_dagrun for example_xcom to 2021-01-01T00:00:00+00:00
[2022-01-20 03:40:18,318] {processor.py:171} INFO - Processing /home/airflow/.local/lib/python3.7/site-packages/airflow/example_dags/example_xcom.py took 1.314 seconds
[2022-01-20 03:40:48,865] {processor.py:163} INFO - Started process (PID=4425) to work on /home/airflow/.local/lib/python3.7/site-packages/airflow/example_dags/example_xcom.py
[2022-01-20 03:40:48,868] {processor.py:620} INFO - Processing file /home/airflow/.local/lib/python3.7/site-packages/airflow/example_dags/example_xcom.py for tasks to queue
[2022-01-20 03:40:48,871] {logging_mixin.py:109} INFO - [2022-01-20 03:40:48,870] {dagbag.py:500} INFO - Filling up the DagBag from /home/airflow/.local/lib/python3.7/site-packages/airflow/example_dags/example_xcom.py
[2022-01-20 03:40:48,938] {processor.py:632} INFO - DAG(s) dict_keys(['example_xcom']) retrieved from /home/airflow/.local/lib/python3.7/site-packages/airflow/example_dags/example_xcom.py
[2022-01-20 03:40:49,706] {logging_mixin.py:109} INFO - [2022-01-20 03:40:49,706] {dag.py:2389} INFO - Sync 1 DAGs
[2022-01-20 03:40:49,746] {logging_mixin.py:109} INFO - [2022-01-20 03:40:49,746] {dag.py:2914} INFO - Setting next_dagrun for example_xcom to 2021-01-01T00:00:00+00:00
[2022-01-20 03:40:49,772] {processor.py:171} INFO - Processing /home/airflow/.local/lib/python3.7/site-packages/airflow/example_dags/example_xcom.py took 0.915 seconds
[2022-01-20 03:41:20,290] {processor.py:163} INFO - Started process (PID=4540) to work on /home/airflow/.local/lib/python3.7/site-packages/airflow/example_dags/example_xcom.py
[2022-01-20 03:41:20,295] {processor.py:620} INFO - Processing file /home/airflow/.local/lib/python3.7/site-packages/airflow/example_dags/example_xcom.py for tasks to queue
[2022-01-20 03:41:20,298] {logging_mixin.py:109} INFO - [2022-01-20 03:41:20,298] {dagbag.py:500} INFO - Filling up the DagBag from /home/airflow/.local/lib/python3.7/site-packages/airflow/example_dags/example_xcom.py
[2022-01-20 03:41:20,378] {processor.py:632} INFO - DAG(s) dict_keys(['example_xcom']) retrieved from /home/airflow/.local/lib/python3.7/site-packages/airflow/example_dags/example_xcom.py
[2022-01-20 03:41:21,432] {logging_mixin.py:109} INFO - [2022-01-20 03:41:21,431] {dag.py:2389} INFO - Sync 1 DAGs
[2022-01-20 03:41:21,484] {logging_mixin.py:109} INFO - [2022-01-20 03:41:21,483] {dag.py:2914} INFO - Setting next_dagrun for example_xcom to 2021-01-01T00:00:00+00:00
[2022-01-20 03:41:21,523] {processor.py:171} INFO - Processing /home/airflow/.local/lib/python3.7/site-packages/airflow/example_dags/example_xcom.py took 1.241 seconds
[2022-01-20 03:41:52,085] {processor.py:163} INFO - Started process (PID=4647) to work on /home/airflow/.local/lib/python3.7/site-packages/airflow/example_dags/example_xcom.py
[2022-01-20 03:41:52,091] {processor.py:620} INFO - Processing file /home/airflow/.local/lib/python3.7/site-packages/airflow/example_dags/example_xcom.py for tasks to queue
[2022-01-20 03:41:52,095] {logging_mixin.py:109} INFO - [2022-01-20 03:41:52,094] {dagbag.py:500} INFO - Filling up the DagBag from /home/airflow/.local/lib/python3.7/site-packages/airflow/example_dags/example_xcom.py
[2022-01-20 03:41:52,196] {processor.py:632} INFO - DAG(s) dict_keys(['example_xcom']) retrieved from /home/airflow/.local/lib/python3.7/site-packages/airflow/example_dags/example_xcom.py
[2022-01-20 03:41:52,240] {logging_mixin.py:109} INFO - [2022-01-20 03:41:52,240] {dag.py:2389} INFO - Sync 1 DAGs
[2022-01-20 03:41:52,295] {logging_mixin.py:109} INFO - [2022-01-20 03:41:52,295] {dag.py:2914} INFO - Setting next_dagrun for example_xcom to 2021-01-01T00:00:00+00:00
[2022-01-20 03:41:52,323] {processor.py:171} INFO - Processing /home/airflow/.local/lib/python3.7/site-packages/airflow/example_dags/example_xcom.py took 0.245 seconds
[2022-01-20 03:42:23,929] {processor.py:163} INFO - Started process (PID=4750) to work on /home/airflow/.local/lib/python3.7/site-packages/airflow/example_dags/example_xcom.py
[2022-01-20 03:42:23,933] {processor.py:620} INFO - Processing file /home/airflow/.local/lib/python3.7/site-packages/airflow/example_dags/example_xcom.py for tasks to queue
[2022-01-20 03:42:23,935] {logging_mixin.py:109} INFO - [2022-01-20 03:42:23,935] {dagbag.py:500} INFO - Filling up the DagBag from /home/airflow/.local/lib/python3.7/site-packages/airflow/example_dags/example_xcom.py
[2022-01-20 03:42:24,020] {processor.py:632} INFO - DAG(s) dict_keys(['example_xcom']) retrieved from /home/airflow/.local/lib/python3.7/site-packages/airflow/example_dags/example_xcom.py
[2022-01-20 03:42:25,020] {logging_mixin.py:109} INFO - [2022-01-20 03:42:25,019] {dag.py:2389} INFO - Sync 1 DAGs
[2022-01-20 03:42:25,069] {logging_mixin.py:109} INFO - [2022-01-20 03:42:25,069] {dag.py:2914} INFO - Setting next_dagrun for example_xcom to 2021-01-01T00:00:00+00:00
[2022-01-20 03:42:25,105] {processor.py:171} INFO - Processing /home/airflow/.local/lib/python3.7/site-packages/airflow/example_dags/example_xcom.py took 1.183 seconds
[2022-01-20 03:42:58,317] {processor.py:163} INFO - Started process (PID=4865) to work on /home/airflow/.local/lib/python3.7/site-packages/airflow/example_dags/example_xcom.py
[2022-01-20 03:42:58,326] {processor.py:620} INFO - Processing file /home/airflow/.local/lib/python3.7/site-packages/airflow/example_dags/example_xcom.py for tasks to queue
[2022-01-20 03:42:58,330] {logging_mixin.py:109} INFO - [2022-01-20 03:42:58,329] {dagbag.py:500} INFO - Filling up the DagBag from /home/airflow/.local/lib/python3.7/site-packages/airflow/example_dags/example_xcom.py
[2022-01-20 03:42:58,444] {processor.py:632} INFO - DAG(s) dict_keys(['example_xcom']) retrieved from /home/airflow/.local/lib/python3.7/site-packages/airflow/example_dags/example_xcom.py
[2022-01-20 03:42:59,666] {logging_mixin.py:109} INFO - [2022-01-20 03:42:59,665] {dag.py:2389} INFO - Sync 1 DAGs
[2022-01-20 03:42:59,724] {logging_mixin.py:109} INFO - [2022-01-20 03:42:59,723] {dag.py:2914} INFO - Setting next_dagrun for example_xcom to 2021-01-01T00:00:00+00:00
[2022-01-20 03:42:59,764] {processor.py:171} INFO - Processing /home/airflow/.local/lib/python3.7/site-packages/airflow/example_dags/example_xcom.py took 1.455 seconds
[2022-01-20 03:43:30,489] {processor.py:163} INFO - Started process (PID=4967) to work on /home/airflow/.local/lib/python3.7/site-packages/airflow/example_dags/example_xcom.py
[2022-01-20 03:43:30,493] {processor.py:620} INFO - Processing file /home/airflow/.local/lib/python3.7/site-packages/airflow/example_dags/example_xcom.py for tasks to queue
[2022-01-20 03:43:30,496] {logging_mixin.py:109} INFO - [2022-01-20 03:43:30,495] {dagbag.py:500} INFO - Filling up the DagBag from /home/airflow/.local/lib/python3.7/site-packages/airflow/example_dags/example_xcom.py
[2022-01-20 03:43:30,568] {processor.py:632} INFO - DAG(s) dict_keys(['example_xcom']) retrieved from /home/airflow/.local/lib/python3.7/site-packages/airflow/example_dags/example_xcom.py
[2022-01-20 03:43:31,661] {logging_mixin.py:109} INFO - [2022-01-20 03:43:31,660] {dag.py:2389} INFO - Sync 1 DAGs
[2022-01-20 03:43:31,750] {logging_mixin.py:109} INFO - [2022-01-20 03:43:31,749] {dag.py:2914} INFO - Setting next_dagrun for example_xcom to 2021-01-01T00:00:00+00:00
[2022-01-20 03:43:31,796] {processor.py:171} INFO - Processing /home/airflow/.local/lib/python3.7/site-packages/airflow/example_dags/example_xcom.py took 1.313 seconds
[2022-01-20 03:44:02,453] {processor.py:163} INFO - Started process (PID=5085) to work on /home/airflow/.local/lib/python3.7/site-packages/airflow/example_dags/example_xcom.py
[2022-01-20 03:44:02,458] {processor.py:620} INFO - Processing file /home/airflow/.local/lib/python3.7/site-packages/airflow/example_dags/example_xcom.py for tasks to queue
[2022-01-20 03:44:02,461] {logging_mixin.py:109} INFO - [2022-01-20 03:44:02,461] {dagbag.py:500} INFO - Filling up the DagBag from /home/airflow/.local/lib/python3.7/site-packages/airflow/example_dags/example_xcom.py
[2022-01-20 03:44:02,550] {processor.py:632} INFO - DAG(s) dict_keys(['example_xcom']) retrieved from /home/airflow/.local/lib/python3.7/site-packages/airflow/example_dags/example_xcom.py
[2022-01-20 03:44:03,646] {logging_mixin.py:109} INFO - [2022-01-20 03:44:03,645] {dag.py:2389} INFO - Sync 1 DAGs
[2022-01-20 03:44:03,710] {logging_mixin.py:109} INFO - [2022-01-20 03:44:03,708] {dag.py:2914} INFO - Setting next_dagrun for example_xcom to 2021-01-01T00:00:00+00:00
[2022-01-20 03:44:03,753] {processor.py:171} INFO - Processing /home/airflow/.local/lib/python3.7/site-packages/airflow/example_dags/example_xcom.py took 1.307 seconds
[2022-01-20 03:44:34,008] {processor.py:163} INFO - Started process (PID=5191) to work on /home/airflow/.local/lib/python3.7/site-packages/airflow/example_dags/example_xcom.py
[2022-01-20 03:44:34,012] {processor.py:620} INFO - Processing file /home/airflow/.local/lib/python3.7/site-packages/airflow/example_dags/example_xcom.py for tasks to queue
[2022-01-20 03:44:34,015] {logging_mixin.py:109} INFO - [2022-01-20 03:44:34,015] {dagbag.py:500} INFO - Filling up the DagBag from /home/airflow/.local/lib/python3.7/site-packages/airflow/example_dags/example_xcom.py
[2022-01-20 03:44:34,125] {processor.py:632} INFO - DAG(s) dict_keys(['example_xcom']) retrieved from /home/airflow/.local/lib/python3.7/site-packages/airflow/example_dags/example_xcom.py
[2022-01-20 03:44:35,368] {logging_mixin.py:109} INFO - [2022-01-20 03:44:35,367] {dag.py:2389} INFO - Sync 1 DAGs
[2022-01-20 03:44:35,425] {logging_mixin.py:109} INFO - [2022-01-20 03:44:35,424] {dag.py:2914} INFO - Setting next_dagrun for example_xcom to 2021-01-01T00:00:00+00:00
[2022-01-20 03:44:35,476] {processor.py:171} INFO - Processing /home/airflow/.local/lib/python3.7/site-packages/airflow/example_dags/example_xcom.py took 1.476 seconds
[2022-01-20 03:45:06,025] {processor.py:163} INFO - Started process (PID=5290) to work on /home/airflow/.local/lib/python3.7/site-packages/airflow/example_dags/example_xcom.py
[2022-01-20 03:45:06,029] {processor.py:620} INFO - Processing file /home/airflow/.local/lib/python3.7/site-packages/airflow/example_dags/example_xcom.py for tasks to queue
[2022-01-20 03:45:06,032] {logging_mixin.py:109} INFO - [2022-01-20 03:45:06,032] {dagbag.py:500} INFO - Filling up the DagBag from /home/airflow/.local/lib/python3.7/site-packages/airflow/example_dags/example_xcom.py
[2022-01-20 03:45:06,111] {processor.py:632} INFO - DAG(s) dict_keys(['example_xcom']) retrieved from /home/airflow/.local/lib/python3.7/site-packages/airflow/example_dags/example_xcom.py
[2022-01-20 03:45:07,019] {logging_mixin.py:109} INFO - [2022-01-20 03:45:07,019] {dag.py:2389} INFO - Sync 1 DAGs
[2022-01-20 03:45:07,063] {logging_mixin.py:109} INFO - [2022-01-20 03:45:07,062] {dag.py:2914} INFO - Setting next_dagrun for example_xcom to 2021-01-01T00:00:00+00:00
[2022-01-20 03:45:07,090] {processor.py:171} INFO - Processing /home/airflow/.local/lib/python3.7/site-packages/airflow/example_dags/example_xcom.py took 1.071 seconds
[2022-01-20 03:45:38,380] {processor.py:163} INFO - Started process (PID=5408) to work on /home/airflow/.local/lib/python3.7/site-packages/airflow/example_dags/example_xcom.py
[2022-01-20 03:45:38,384] {processor.py:620} INFO - Processing file /home/airflow/.local/lib/python3.7/site-packages/airflow/example_dags/example_xcom.py for tasks to queue
[2022-01-20 03:45:38,388] {logging_mixin.py:109} INFO - [2022-01-20 03:45:38,387] {dagbag.py:500} INFO - Filling up the DagBag from /home/airflow/.local/lib/python3.7/site-packages/airflow/example_dags/example_xcom.py
[2022-01-20 03:45:38,475] {processor.py:632} INFO - DAG(s) dict_keys(['example_xcom']) retrieved from /home/airflow/.local/lib/python3.7/site-packages/airflow/example_dags/example_xcom.py
[2022-01-20 03:45:39,513] {logging_mixin.py:109} INFO - [2022-01-20 03:45:39,512] {dag.py:2389} INFO - Sync 1 DAGs
[2022-01-20 03:45:39,569] {logging_mixin.py:109} INFO - [2022-01-20 03:45:39,569] {dag.py:2914} INFO - Setting next_dagrun for example_xcom to 2021-01-01T00:00:00+00:00
[2022-01-20 03:45:39,608] {processor.py:171} INFO - Processing /home/airflow/.local/lib/python3.7/site-packages/airflow/example_dags/example_xcom.py took 1.237 seconds
[2022-01-20 03:46:09,675] {processor.py:163} INFO - Started process (PID=5498) to work on /home/airflow/.local/lib/python3.7/site-packages/airflow/example_dags/example_xcom.py
[2022-01-20 03:46:09,679] {processor.py:620} INFO - Processing file /home/airflow/.local/lib/python3.7/site-packages/airflow/example_dags/example_xcom.py for tasks to queue
[2022-01-20 03:46:09,682] {logging_mixin.py:109} INFO - [2022-01-20 03:46:09,681] {dagbag.py:500} INFO - Filling up the DagBag from /home/airflow/.local/lib/python3.7/site-packages/airflow/example_dags/example_xcom.py
[2022-01-20 03:46:09,748] {processor.py:632} INFO - DAG(s) dict_keys(['example_xcom']) retrieved from /home/airflow/.local/lib/python3.7/site-packages/airflow/example_dags/example_xcom.py
[2022-01-20 03:46:10,512] {logging_mixin.py:109} INFO - [2022-01-20 03:46:10,512] {dag.py:2389} INFO - Sync 1 DAGs
[2022-01-20 03:46:10,554] {logging_mixin.py:109} INFO - [2022-01-20 03:46:10,554] {dag.py:2914} INFO - Setting next_dagrun for example_xcom to 2021-01-01T00:00:00+00:00
[2022-01-20 03:46:10,582] {processor.py:171} INFO - Processing /home/airflow/.local/lib/python3.7/site-packages/airflow/example_dags/example_xcom.py took 0.913 seconds
[2022-01-20 03:46:41,283] {processor.py:163} INFO - Started process (PID=5616) to work on /home/airflow/.local/lib/python3.7/site-packages/airflow/example_dags/example_xcom.py
[2022-01-20 03:46:41,288] {processor.py:620} INFO - Processing file /home/airflow/.local/lib/python3.7/site-packages/airflow/example_dags/example_xcom.py for tasks to queue
[2022-01-20 03:46:41,291] {logging_mixin.py:109} INFO - [2022-01-20 03:46:41,291] {dagbag.py:500} INFO - Filling up the DagBag from /home/airflow/.local/lib/python3.7/site-packages/airflow/example_dags/example_xcom.py
[2022-01-20 03:46:41,388] {processor.py:632} INFO - DAG(s) dict_keys(['example_xcom']) retrieved from /home/airflow/.local/lib/python3.7/site-packages/airflow/example_dags/example_xcom.py
[2022-01-20 03:46:42,480] {logging_mixin.py:109} INFO - [2022-01-20 03:46:42,479] {dag.py:2389} INFO - Sync 1 DAGs
[2022-01-20 03:46:42,537] {logging_mixin.py:109} INFO - [2022-01-20 03:46:42,536] {dag.py:2914} INFO - Setting next_dagrun for example_xcom to 2021-01-01T00:00:00+00:00
[2022-01-20 03:46:42,573] {processor.py:171} INFO - Processing /home/airflow/.local/lib/python3.7/site-packages/airflow/example_dags/example_xcom.py took 1.298 seconds
[2022-01-20 03:47:12,708] {processor.py:163} INFO - Started process (PID=5732) to work on /home/airflow/.local/lib/python3.7/site-packages/airflow/example_dags/example_xcom.py
[2022-01-20 03:47:12,714] {processor.py:620} INFO - Processing file /home/airflow/.local/lib/python3.7/site-packages/airflow/example_dags/example_xcom.py for tasks to queue
[2022-01-20 03:47:12,718] {logging_mixin.py:109} INFO - [2022-01-20 03:47:12,717] {dagbag.py:500} INFO - Filling up the DagBag from /home/airflow/.local/lib/python3.7/site-packages/airflow/example_dags/example_xcom.py
[2022-01-20 03:47:12,822] {processor.py:632} INFO - DAG(s) dict_keys(['example_xcom']) retrieved from /home/airflow/.local/lib/python3.7/site-packages/airflow/example_dags/example_xcom.py
[2022-01-20 03:47:13,926] {logging_mixin.py:109} INFO - [2022-01-20 03:47:13,925] {dag.py:2389} INFO - Sync 1 DAGs
[2022-01-20 03:47:13,981] {logging_mixin.py:109} INFO - [2022-01-20 03:47:13,980] {dag.py:2914} INFO - Setting next_dagrun for example_xcom to 2021-01-01T00:00:00+00:00
[2022-01-20 03:47:14,016] {processor.py:171} INFO - Processing /home/airflow/.local/lib/python3.7/site-packages/airflow/example_dags/example_xcom.py took 1.316 seconds
[2022-01-20 03:47:44,847] {processor.py:163} INFO - Started process (PID=5840) to work on /home/airflow/.local/lib/python3.7/site-packages/airflow/example_dags/example_xcom.py
[2022-01-20 03:47:44,851] {processor.py:620} INFO - Processing file /home/airflow/.local/lib/python3.7/site-packages/airflow/example_dags/example_xcom.py for tasks to queue
[2022-01-20 03:47:44,854] {logging_mixin.py:109} INFO - [2022-01-20 03:47:44,854] {dagbag.py:500} INFO - Filling up the DagBag from /home/airflow/.local/lib/python3.7/site-packages/airflow/example_dags/example_xcom.py
[2022-01-20 03:47:44,937] {processor.py:632} INFO - DAG(s) dict_keys(['example_xcom']) retrieved from /home/airflow/.local/lib/python3.7/site-packages/airflow/example_dags/example_xcom.py
[2022-01-20 03:47:45,796] {logging_mixin.py:109} INFO - [2022-01-20 03:47:45,795] {dag.py:2389} INFO - Sync 1 DAGs
[2022-01-20 03:47:45,849] {logging_mixin.py:109} INFO - [2022-01-20 03:47:45,849] {dag.py:2914} INFO - Setting next_dagrun for example_xcom to 2021-01-01T00:00:00+00:00
[2022-01-20 03:47:45,887] {processor.py:171} INFO - Processing /home/airflow/.local/lib/python3.7/site-packages/airflow/example_dags/example_xcom.py took 1.048 seconds
[2022-01-20 03:48:16,027] {processor.py:163} INFO - Started process (PID=5954) to work on /home/airflow/.local/lib/python3.7/site-packages/airflow/example_dags/example_xcom.py
[2022-01-20 03:48:16,032] {processor.py:620} INFO - Processing file /home/airflow/.local/lib/python3.7/site-packages/airflow/example_dags/example_xcom.py for tasks to queue
[2022-01-20 03:48:16,035] {logging_mixin.py:109} INFO - [2022-01-20 03:48:16,035] {dagbag.py:500} INFO - Filling up the DagBag from /home/airflow/.local/lib/python3.7/site-packages/airflow/example_dags/example_xcom.py
[2022-01-20 03:48:16,122] {processor.py:632} INFO - DAG(s) dict_keys(['example_xcom']) retrieved from /home/airflow/.local/lib/python3.7/site-packages/airflow/example_dags/example_xcom.py
[2022-01-20 03:48:17,218] {logging_mixin.py:109} INFO - [2022-01-20 03:48:17,217] {dag.py:2389} INFO - Sync 1 DAGs
[2022-01-20 03:48:17,274] {logging_mixin.py:109} INFO - [2022-01-20 03:48:17,273] {dag.py:2914} INFO - Setting next_dagrun for example_xcom to 2021-01-01T00:00:00+00:00
[2022-01-20 03:48:17,311] {processor.py:171} INFO - Processing /home/airflow/.local/lib/python3.7/site-packages/airflow/example_dags/example_xcom.py took 1.291 seconds
[2022-01-20 03:48:47,414] {processor.py:163} INFO - Started process (PID=6053) to work on /home/airflow/.local/lib/python3.7/site-packages/airflow/example_dags/example_xcom.py
[2022-01-20 03:48:47,419] {processor.py:620} INFO - Processing file /home/airflow/.local/lib/python3.7/site-packages/airflow/example_dags/example_xcom.py for tasks to queue
[2022-01-20 03:48:47,421] {logging_mixin.py:109} INFO - [2022-01-20 03:48:47,421] {dagbag.py:500} INFO - Filling up the DagBag from /home/airflow/.local/lib/python3.7/site-packages/airflow/example_dags/example_xcom.py
[2022-01-20 03:48:47,492] {processor.py:632} INFO - DAG(s) dict_keys(['example_xcom']) retrieved from /home/airflow/.local/lib/python3.7/site-packages/airflow/example_dags/example_xcom.py
[2022-01-20 03:48:48,231] {logging_mixin.py:109} INFO - [2022-01-20 03:48:48,230] {dag.py:2389} INFO - Sync 1 DAGs
[2022-01-20 03:48:48,275] {logging_mixin.py:109} INFO - [2022-01-20 03:48:48,275] {dag.py:2914} INFO - Setting next_dagrun for example_xcom to 2021-01-01T00:00:00+00:00
[2022-01-20 03:48:48,305] {processor.py:171} INFO - Processing /home/airflow/.local/lib/python3.7/site-packages/airflow/example_dags/example_xcom.py took 0.897 seconds
[2022-01-20 03:49:19,133] {processor.py:163} INFO - Started process (PID=6167) to work on /home/airflow/.local/lib/python3.7/site-packages/airflow/example_dags/example_xcom.py
[2022-01-20 03:49:19,136] {processor.py:620} INFO - Processing file /home/airflow/.local/lib/python3.7/site-packages/airflow/example_dags/example_xcom.py for tasks to queue
[2022-01-20 03:49:19,139] {logging_mixin.py:109} INFO - [2022-01-20 03:49:19,139] {dagbag.py:500} INFO - Filling up the DagBag from /home/airflow/.local/lib/python3.7/site-packages/airflow/example_dags/example_xcom.py
[2022-01-20 03:49:19,219] {processor.py:632} INFO - DAG(s) dict_keys(['example_xcom']) retrieved from /home/airflow/.local/lib/python3.7/site-packages/airflow/example_dags/example_xcom.py
[2022-01-20 03:49:20,283] {logging_mixin.py:109} INFO - [2022-01-20 03:49:20,283] {dag.py:2389} INFO - Sync 1 DAGs
[2022-01-20 03:49:20,336] {logging_mixin.py:109} INFO - [2022-01-20 03:49:20,335] {dag.py:2914} INFO - Setting next_dagrun for example_xcom to 2021-01-01T00:00:00+00:00
[2022-01-20 03:49:20,373] {processor.py:171} INFO - Processing /home/airflow/.local/lib/python3.7/site-packages/airflow/example_dags/example_xcom.py took 1.248 seconds
[2022-01-20 03:49:50,429] {processor.py:163} INFO - Started process (PID=6264) to work on /home/airflow/.local/lib/python3.7/site-packages/airflow/example_dags/example_xcom.py
[2022-01-20 03:49:50,432] {processor.py:620} INFO - Processing file /home/airflow/.local/lib/python3.7/site-packages/airflow/example_dags/example_xcom.py for tasks to queue
[2022-01-20 03:49:50,435] {logging_mixin.py:109} INFO - [2022-01-20 03:49:50,435] {dagbag.py:500} INFO - Filling up the DagBag from /home/airflow/.local/lib/python3.7/site-packages/airflow/example_dags/example_xcom.py
[2022-01-20 03:49:50,502] {processor.py:632} INFO - DAG(s) dict_keys(['example_xcom']) retrieved from /home/airflow/.local/lib/python3.7/site-packages/airflow/example_dags/example_xcom.py
[2022-01-20 03:49:51,547] {logging_mixin.py:109} INFO - [2022-01-20 03:49:51,546] {dag.py:2389} INFO - Sync 1 DAGs
[2022-01-20 03:49:51,605] {logging_mixin.py:109} INFO - [2022-01-20 03:49:51,605] {dag.py:2914} INFO - Setting next_dagrun for example_xcom to 2021-01-01T00:00:00+00:00
[2022-01-20 03:49:51,644] {processor.py:171} INFO - Processing /home/airflow/.local/lib/python3.7/site-packages/airflow/example_dags/example_xcom.py took 1.222 seconds
[2022-01-20 03:50:21,740] {processor.py:163} INFO - Started process (PID=6376) to work on /home/airflow/.local/lib/python3.7/site-packages/airflow/example_dags/example_xcom.py
[2022-01-20 03:50:21,744] {processor.py:620} INFO - Processing file /home/airflow/.local/lib/python3.7/site-packages/airflow/example_dags/example_xcom.py for tasks to queue
[2022-01-20 03:50:21,747] {logging_mixin.py:109} INFO - [2022-01-20 03:50:21,747] {dagbag.py:500} INFO - Filling up the DagBag from /home/airflow/.local/lib/python3.7/site-packages/airflow/example_dags/example_xcom.py
[2022-01-20 03:50:21,837] {processor.py:632} INFO - DAG(s) dict_keys(['example_xcom']) retrieved from /home/airflow/.local/lib/python3.7/site-packages/airflow/example_dags/example_xcom.py
[2022-01-20 03:50:22,793] {logging_mixin.py:109} INFO - [2022-01-20 03:50:22,792] {dag.py:2389} INFO - Sync 1 DAGs
[2022-01-20 03:50:22,847] {logging_mixin.py:109} INFO - [2022-01-20 03:50:22,847] {dag.py:2914} INFO - Setting next_dagrun for example_xcom to 2021-01-01T00:00:00+00:00
[2022-01-20 03:50:22,880] {processor.py:171} INFO - Processing /home/airflow/.local/lib/python3.7/site-packages/airflow/example_dags/example_xcom.py took 1.148 seconds
[2022-01-20 03:50:53,620] {processor.py:163} INFO - Started process (PID=6494) to work on /home/airflow/.local/lib/python3.7/site-packages/airflow/example_dags/example_xcom.py
[2022-01-20 03:50:53,633] {processor.py:620} INFO - Processing file /home/airflow/.local/lib/python3.7/site-packages/airflow/example_dags/example_xcom.py for tasks to queue
[2022-01-20 03:50:53,637] {logging_mixin.py:109} INFO - [2022-01-20 03:50:53,636] {dagbag.py:500} INFO - Filling up the DagBag from /home/airflow/.local/lib/python3.7/site-packages/airflow/example_dags/example_xcom.py
[2022-01-20 03:50:53,729] {processor.py:632} INFO - DAG(s) dict_keys(['example_xcom']) retrieved from /home/airflow/.local/lib/python3.7/site-packages/airflow/example_dags/example_xcom.py
[2022-01-20 03:50:54,853] {logging_mixin.py:109} INFO - [2022-01-20 03:50:54,852] {dag.py:2389} INFO - Sync 1 DAGs
[2022-01-20 03:50:54,909] {logging_mixin.py:109} INFO - [2022-01-20 03:50:54,909] {dag.py:2914} INFO - Setting next_dagrun for example_xcom to 2021-01-01T00:00:00+00:00
[2022-01-20 03:50:54,945] {processor.py:171} INFO - Processing /home/airflow/.local/lib/python3.7/site-packages/airflow/example_dags/example_xcom.py took 1.333 seconds
[2022-01-20 03:51:25,595] {processor.py:163} INFO - Started process (PID=6600) to work on /home/airflow/.local/lib/python3.7/site-packages/airflow/example_dags/example_xcom.py
[2022-01-20 03:51:25,599] {processor.py:620} INFO - Processing file /home/airflow/.local/lib/python3.7/site-packages/airflow/example_dags/example_xcom.py for tasks to queue
[2022-01-20 03:51:25,602] {logging_mixin.py:109} INFO - [2022-01-20 03:51:25,602] {dagbag.py:500} INFO - Filling up the DagBag from /home/airflow/.local/lib/python3.7/site-packages/airflow/example_dags/example_xcom.py
[2022-01-20 03:51:25,681] {processor.py:632} INFO - DAG(s) dict_keys(['example_xcom']) retrieved from /home/airflow/.local/lib/python3.7/site-packages/airflow/example_dags/example_xcom.py
[2022-01-20 03:51:26,597] {logging_mixin.py:109} INFO - [2022-01-20 03:51:26,597] {dag.py:2389} INFO - Sync 1 DAGs
[2022-01-20 03:51:26,645] {logging_mixin.py:109} INFO - [2022-01-20 03:51:26,644] {dag.py:2914} INFO - Setting next_dagrun for example_xcom to 2021-01-01T00:00:00+00:00
[2022-01-20 03:51:26,676] {processor.py:171} INFO - Processing /home/airflow/.local/lib/python3.7/site-packages/airflow/example_dags/example_xcom.py took 1.089 seconds
