[2022-01-20 03:20:23,060] {processor.py:163} INFO - Started process (PID=265) to work on /home/airflow/.local/lib/python3.7/site-packages/airflow/example_dags/example_bash_operator.py
[2022-01-20 03:20:23,070] {processor.py:620} INFO - Processing file /home/airflow/.local/lib/python3.7/site-packages/airflow/example_dags/example_bash_operator.py for tasks to queue
[2022-01-20 03:20:23,078] {logging_mixin.py:109} INFO - [2022-01-20 03:20:23,078] {dagbag.py:500} INFO - Filling up the DagBag from /home/airflow/.local/lib/python3.7/site-packages/airflow/example_dags/example_bash_operator.py
[2022-01-20 03:20:23,365] {processor.py:632} INFO - DAG(s) dict_keys(['example_bash_operator']) retrieved from /home/airflow/.local/lib/python3.7/site-packages/airflow/example_dags/example_bash_operator.py
[2022-01-20 03:20:23,473] {logging_mixin.py:109} INFO - [2022-01-20 03:20:23,472] {dag.py:2389} INFO - Sync 1 DAGs
[2022-01-20 03:20:23,630] {logging_mixin.py:109} INFO - [2022-01-20 03:20:23,629] {dag.py:2914} INFO - Setting next_dagrun for example_bash_operator to 2022-01-19 00:00:00+00:00
[2022-01-20 03:20:23,703] {processor.py:171} INFO - Processing /home/airflow/.local/lib/python3.7/site-packages/airflow/example_dags/example_bash_operator.py took 0.664 seconds
[2022-01-20 03:20:54,385] {processor.py:163} INFO - Started process (PID=371) to work on /home/airflow/.local/lib/python3.7/site-packages/airflow/example_dags/example_bash_operator.py
[2022-01-20 03:20:54,393] {processor.py:620} INFO - Processing file /home/airflow/.local/lib/python3.7/site-packages/airflow/example_dags/example_bash_operator.py for tasks to queue
[2022-01-20 03:20:54,401] {logging_mixin.py:109} INFO - [2022-01-20 03:20:54,401] {dagbag.py:500} INFO - Filling up the DagBag from /home/airflow/.local/lib/python3.7/site-packages/airflow/example_dags/example_bash_operator.py
[2022-01-20 03:20:54,657] {processor.py:632} INFO - DAG(s) dict_keys(['example_bash_operator']) retrieved from /home/airflow/.local/lib/python3.7/site-packages/airflow/example_dags/example_bash_operator.py
[2022-01-20 03:20:54,724] {logging_mixin.py:109} INFO - [2022-01-20 03:20:54,723] {dag.py:2389} INFO - Sync 1 DAGs
[2022-01-20 03:20:54,866] {logging_mixin.py:109} INFO - [2022-01-20 03:20:54,866] {dag.py:2914} INFO - Setting next_dagrun for example_bash_operator to 2022-01-19 00:00:00+00:00
[2022-01-20 03:20:54,931] {processor.py:171} INFO - Processing /home/airflow/.local/lib/python3.7/site-packages/airflow/example_dags/example_bash_operator.py took 0.567 seconds
[2022-01-20 03:21:25,012] {processor.py:163} INFO - Started process (PID=471) to work on /home/airflow/.local/lib/python3.7/site-packages/airflow/example_dags/example_bash_operator.py
[2022-01-20 03:21:25,017] {processor.py:620} INFO - Processing file /home/airflow/.local/lib/python3.7/site-packages/airflow/example_dags/example_bash_operator.py for tasks to queue
[2022-01-20 03:21:25,020] {logging_mixin.py:109} INFO - [2022-01-20 03:21:25,020] {dagbag.py:500} INFO - Filling up the DagBag from /home/airflow/.local/lib/python3.7/site-packages/airflow/example_dags/example_bash_operator.py
[2022-01-20 03:21:25,112] {processor.py:632} INFO - DAG(s) dict_keys(['example_bash_operator']) retrieved from /home/airflow/.local/lib/python3.7/site-packages/airflow/example_dags/example_bash_operator.py
[2022-01-20 03:21:25,179] {logging_mixin.py:109} INFO - [2022-01-20 03:21:25,178] {dag.py:2389} INFO - Sync 1 DAGs
[2022-01-20 03:21:25,246] {logging_mixin.py:109} INFO - [2022-01-20 03:21:25,246] {dag.py:2914} INFO - Setting next_dagrun for example_bash_operator to 2022-01-19 00:00:00+00:00
[2022-01-20 03:21:25,275] {processor.py:171} INFO - Processing /home/airflow/.local/lib/python3.7/site-packages/airflow/example_dags/example_bash_operator.py took 0.270 seconds
[2022-01-20 03:21:56,992] {processor.py:163} INFO - Started process (PID=585) to work on /home/airflow/.local/lib/python3.7/site-packages/airflow/example_dags/example_bash_operator.py
[2022-01-20 03:21:56,997] {processor.py:620} INFO - Processing file /home/airflow/.local/lib/python3.7/site-packages/airflow/example_dags/example_bash_operator.py for tasks to queue
[2022-01-20 03:21:57,001] {logging_mixin.py:109} INFO - [2022-01-20 03:21:57,001] {dagbag.py:500} INFO - Filling up the DagBag from /home/airflow/.local/lib/python3.7/site-packages/airflow/example_dags/example_bash_operator.py
[2022-01-20 03:21:57,097] {processor.py:632} INFO - DAG(s) dict_keys(['example_bash_operator']) retrieved from /home/airflow/.local/lib/python3.7/site-packages/airflow/example_dags/example_bash_operator.py
[2022-01-20 03:21:57,149] {logging_mixin.py:109} INFO - [2022-01-20 03:21:57,148] {dag.py:2389} INFO - Sync 1 DAGs
[2022-01-20 03:21:57,228] {logging_mixin.py:109} INFO - [2022-01-20 03:21:57,227] {dag.py:2914} INFO - Setting next_dagrun for example_bash_operator to 2022-01-19 00:00:00+00:00
[2022-01-20 03:21:57,259] {processor.py:171} INFO - Processing /home/airflow/.local/lib/python3.7/site-packages/airflow/example_dags/example_bash_operator.py took 0.275 seconds
[2022-01-20 03:22:27,382] {processor.py:163} INFO - Started process (PID=677) to work on /home/airflow/.local/lib/python3.7/site-packages/airflow/example_dags/example_bash_operator.py
[2022-01-20 03:22:27,386] {processor.py:620} INFO - Processing file /home/airflow/.local/lib/python3.7/site-packages/airflow/example_dags/example_bash_operator.py for tasks to queue
[2022-01-20 03:22:27,390] {logging_mixin.py:109} INFO - [2022-01-20 03:22:27,390] {dagbag.py:500} INFO - Filling up the DagBag from /home/airflow/.local/lib/python3.7/site-packages/airflow/example_dags/example_bash_operator.py
[2022-01-20 03:22:27,473] {processor.py:632} INFO - DAG(s) dict_keys(['example_bash_operator']) retrieved from /home/airflow/.local/lib/python3.7/site-packages/airflow/example_dags/example_bash_operator.py
[2022-01-20 03:22:27,515] {logging_mixin.py:109} INFO - [2022-01-20 03:22:27,514] {dag.py:2389} INFO - Sync 1 DAGs
[2022-01-20 03:22:27,572] {logging_mixin.py:109} INFO - [2022-01-20 03:22:27,572] {dag.py:2914} INFO - Setting next_dagrun for example_bash_operator to 2022-01-19 00:00:00+00:00
[2022-01-20 03:22:27,597] {processor.py:171} INFO - Processing /home/airflow/.local/lib/python3.7/site-packages/airflow/example_dags/example_bash_operator.py took 0.223 seconds
[2022-01-20 03:22:57,760] {processor.py:163} INFO - Started process (PID=785) to work on /home/airflow/.local/lib/python3.7/site-packages/airflow/example_dags/example_bash_operator.py
[2022-01-20 03:22:57,764] {processor.py:620} INFO - Processing file /home/airflow/.local/lib/python3.7/site-packages/airflow/example_dags/example_bash_operator.py for tasks to queue
[2022-01-20 03:22:57,767] {logging_mixin.py:109} INFO - [2022-01-20 03:22:57,766] {dagbag.py:500} INFO - Filling up the DagBag from /home/airflow/.local/lib/python3.7/site-packages/airflow/example_dags/example_bash_operator.py
[2022-01-20 03:22:57,853] {processor.py:632} INFO - DAG(s) dict_keys(['example_bash_operator']) retrieved from /home/airflow/.local/lib/python3.7/site-packages/airflow/example_dags/example_bash_operator.py
[2022-01-20 03:22:57,899] {logging_mixin.py:109} INFO - [2022-01-20 03:22:57,898] {dag.py:2389} INFO - Sync 1 DAGs
[2022-01-20 03:22:57,966] {logging_mixin.py:109} INFO - [2022-01-20 03:22:57,965] {dag.py:2914} INFO - Setting next_dagrun for example_bash_operator to 2022-01-19 00:00:00+00:00
[2022-01-20 03:22:57,995] {processor.py:171} INFO - Processing /home/airflow/.local/lib/python3.7/site-packages/airflow/example_dags/example_bash_operator.py took 0.242 seconds
[2022-01-20 03:23:28,060] {processor.py:163} INFO - Started process (PID=882) to work on /home/airflow/.local/lib/python3.7/site-packages/airflow/example_dags/example_bash_operator.py
[2022-01-20 03:23:28,065] {processor.py:620} INFO - Processing file /home/airflow/.local/lib/python3.7/site-packages/airflow/example_dags/example_bash_operator.py for tasks to queue
[2022-01-20 03:23:28,067] {logging_mixin.py:109} INFO - [2022-01-20 03:23:28,067] {dagbag.py:500} INFO - Filling up the DagBag from /home/airflow/.local/lib/python3.7/site-packages/airflow/example_dags/example_bash_operator.py
[2022-01-20 03:23:28,154] {processor.py:632} INFO - DAG(s) dict_keys(['example_bash_operator']) retrieved from /home/airflow/.local/lib/python3.7/site-packages/airflow/example_dags/example_bash_operator.py
[2022-01-20 03:23:28,195] {logging_mixin.py:109} INFO - [2022-01-20 03:23:28,195] {dag.py:2389} INFO - Sync 1 DAGs
[2022-01-20 03:23:28,254] {logging_mixin.py:109} INFO - [2022-01-20 03:23:28,253] {dag.py:2914} INFO - Setting next_dagrun for example_bash_operator to 2022-01-19 00:00:00+00:00
[2022-01-20 03:23:28,279] {processor.py:171} INFO - Processing /home/airflow/.local/lib/python3.7/site-packages/airflow/example_dags/example_bash_operator.py took 0.225 seconds
[2022-01-20 03:23:58,860] {processor.py:163} INFO - Started process (PID=993) to work on /home/airflow/.local/lib/python3.7/site-packages/airflow/example_dags/example_bash_operator.py
[2022-01-20 03:23:58,864] {processor.py:620} INFO - Processing file /home/airflow/.local/lib/python3.7/site-packages/airflow/example_dags/example_bash_operator.py for tasks to queue
[2022-01-20 03:23:58,867] {logging_mixin.py:109} INFO - [2022-01-20 03:23:58,866] {dagbag.py:500} INFO - Filling up the DagBag from /home/airflow/.local/lib/python3.7/site-packages/airflow/example_dags/example_bash_operator.py
[2022-01-20 03:23:58,954] {processor.py:632} INFO - DAG(s) dict_keys(['example_bash_operator']) retrieved from /home/airflow/.local/lib/python3.7/site-packages/airflow/example_dags/example_bash_operator.py
[2022-01-20 03:23:58,999] {logging_mixin.py:109} INFO - [2022-01-20 03:23:58,998] {dag.py:2389} INFO - Sync 1 DAGs
[2022-01-20 03:23:59,072] {logging_mixin.py:109} INFO - [2022-01-20 03:23:59,072] {dag.py:2914} INFO - Setting next_dagrun for example_bash_operator to 2022-01-19 00:00:00+00:00
[2022-01-20 03:23:59,112] {processor.py:171} INFO - Processing /home/airflow/.local/lib/python3.7/site-packages/airflow/example_dags/example_bash_operator.py took 0.260 seconds
[2022-01-20 03:24:29,320] {processor.py:163} INFO - Started process (PID=1092) to work on /home/airflow/.local/lib/python3.7/site-packages/airflow/example_dags/example_bash_operator.py
[2022-01-20 03:24:29,324] {processor.py:620} INFO - Processing file /home/airflow/.local/lib/python3.7/site-packages/airflow/example_dags/example_bash_operator.py for tasks to queue
[2022-01-20 03:24:29,327] {logging_mixin.py:109} INFO - [2022-01-20 03:24:29,327] {dagbag.py:500} INFO - Filling up the DagBag from /home/airflow/.local/lib/python3.7/site-packages/airflow/example_dags/example_bash_operator.py
[2022-01-20 03:24:29,413] {processor.py:632} INFO - DAG(s) dict_keys(['example_bash_operator']) retrieved from /home/airflow/.local/lib/python3.7/site-packages/airflow/example_dags/example_bash_operator.py
[2022-01-20 03:24:29,456] {logging_mixin.py:109} INFO - [2022-01-20 03:24:29,455] {dag.py:2389} INFO - Sync 1 DAGs
[2022-01-20 03:24:29,520] {logging_mixin.py:109} INFO - [2022-01-20 03:24:29,520] {dag.py:2914} INFO - Setting next_dagrun for example_bash_operator to 2022-01-19 00:00:00+00:00
[2022-01-20 03:24:29,549] {processor.py:171} INFO - Processing /home/airflow/.local/lib/python3.7/site-packages/airflow/example_dags/example_bash_operator.py took 0.238 seconds
[2022-01-20 03:25:00,545] {processor.py:163} INFO - Started process (PID=1206) to work on /home/airflow/.local/lib/python3.7/site-packages/airflow/example_dags/example_bash_operator.py
[2022-01-20 03:25:00,550] {processor.py:620} INFO - Processing file /home/airflow/.local/lib/python3.7/site-packages/airflow/example_dags/example_bash_operator.py for tasks to queue
[2022-01-20 03:25:00,554] {logging_mixin.py:109} INFO - [2022-01-20 03:25:00,553] {dagbag.py:500} INFO - Filling up the DagBag from /home/airflow/.local/lib/python3.7/site-packages/airflow/example_dags/example_bash_operator.py
[2022-01-20 03:25:00,642] {processor.py:632} INFO - DAG(s) dict_keys(['example_bash_operator']) retrieved from /home/airflow/.local/lib/python3.7/site-packages/airflow/example_dags/example_bash_operator.py
[2022-01-20 03:25:00,686] {logging_mixin.py:109} INFO - [2022-01-20 03:25:00,686] {dag.py:2389} INFO - Sync 1 DAGs
[2022-01-20 03:25:00,765] {logging_mixin.py:109} INFO - [2022-01-20 03:25:00,764] {dag.py:2914} INFO - Setting next_dagrun for example_bash_operator to 2022-01-19 00:00:00+00:00
[2022-01-20 03:25:00,796] {processor.py:171} INFO - Processing /home/airflow/.local/lib/python3.7/site-packages/airflow/example_dags/example_bash_operator.py took 0.264 seconds
[2022-01-20 03:25:31,451] {processor.py:163} INFO - Started process (PID=1316) to work on /home/airflow/.local/lib/python3.7/site-packages/airflow/example_dags/example_bash_operator.py
[2022-01-20 03:25:31,456] {processor.py:620} INFO - Processing file /home/airflow/.local/lib/python3.7/site-packages/airflow/example_dags/example_bash_operator.py for tasks to queue
[2022-01-20 03:25:31,459] {logging_mixin.py:109} INFO - [2022-01-20 03:25:31,458] {dagbag.py:500} INFO - Filling up the DagBag from /home/airflow/.local/lib/python3.7/site-packages/airflow/example_dags/example_bash_operator.py
[2022-01-20 03:25:31,561] {processor.py:632} INFO - DAG(s) dict_keys(['example_bash_operator']) retrieved from /home/airflow/.local/lib/python3.7/site-packages/airflow/example_dags/example_bash_operator.py
[2022-01-20 03:25:31,624] {logging_mixin.py:109} INFO - [2022-01-20 03:25:31,623] {dag.py:2389} INFO - Sync 1 DAGs
[2022-01-20 03:25:31,693] {logging_mixin.py:109} INFO - [2022-01-20 03:25:31,692] {dag.py:2914} INFO - Setting next_dagrun for example_bash_operator to 2022-01-19 00:00:00+00:00
[2022-01-20 03:25:31,727] {processor.py:171} INFO - Processing /home/airflow/.local/lib/python3.7/site-packages/airflow/example_dags/example_bash_operator.py took 0.283 seconds
[2022-01-20 03:26:01,922] {processor.py:163} INFO - Started process (PID=1422) to work on /home/airflow/.local/lib/python3.7/site-packages/airflow/example_dags/example_bash_operator.py
[2022-01-20 03:26:01,927] {processor.py:620} INFO - Processing file /home/airflow/.local/lib/python3.7/site-packages/airflow/example_dags/example_bash_operator.py for tasks to queue
[2022-01-20 03:26:01,930] {logging_mixin.py:109} INFO - [2022-01-20 03:26:01,930] {dagbag.py:500} INFO - Filling up the DagBag from /home/airflow/.local/lib/python3.7/site-packages/airflow/example_dags/example_bash_operator.py
[2022-01-20 03:26:02,036] {processor.py:632} INFO - DAG(s) dict_keys(['example_bash_operator']) retrieved from /home/airflow/.local/lib/python3.7/site-packages/airflow/example_dags/example_bash_operator.py
[2022-01-20 03:26:02,090] {logging_mixin.py:109} INFO - [2022-01-20 03:26:02,089] {dag.py:2389} INFO - Sync 1 DAGs
[2022-01-20 03:26:02,168] {logging_mixin.py:109} INFO - [2022-01-20 03:26:02,167] {dag.py:2914} INFO - Setting next_dagrun for example_bash_operator to 2022-01-19 00:00:00+00:00
[2022-01-20 03:26:02,209] {processor.py:171} INFO - Processing /home/airflow/.local/lib/python3.7/site-packages/airflow/example_dags/example_bash_operator.py took 0.295 seconds
[2022-01-20 03:26:32,376] {processor.py:163} INFO - Started process (PID=1536) to work on /home/airflow/.local/lib/python3.7/site-packages/airflow/example_dags/example_bash_operator.py
[2022-01-20 03:26:32,381] {processor.py:620} INFO - Processing file /home/airflow/.local/lib/python3.7/site-packages/airflow/example_dags/example_bash_operator.py for tasks to queue
[2022-01-20 03:26:32,384] {logging_mixin.py:109} INFO - [2022-01-20 03:26:32,383] {dagbag.py:500} INFO - Filling up the DagBag from /home/airflow/.local/lib/python3.7/site-packages/airflow/example_dags/example_bash_operator.py
[2022-01-20 03:26:32,475] {processor.py:632} INFO - DAG(s) dict_keys(['example_bash_operator']) retrieved from /home/airflow/.local/lib/python3.7/site-packages/airflow/example_dags/example_bash_operator.py
[2022-01-20 03:26:32,522] {logging_mixin.py:109} INFO - [2022-01-20 03:26:32,522] {dag.py:2389} INFO - Sync 1 DAGs
[2022-01-20 03:26:32,609] {logging_mixin.py:109} INFO - [2022-01-20 03:26:32,604] {dag.py:2914} INFO - Setting next_dagrun for example_bash_operator to 2022-01-19 00:00:00+00:00
[2022-01-20 03:26:32,643] {processor.py:171} INFO - Processing /home/airflow/.local/lib/python3.7/site-packages/airflow/example_dags/example_bash_operator.py took 0.275 seconds
[2022-01-20 03:27:02,945] {processor.py:163} INFO - Started process (PID=1633) to work on /home/airflow/.local/lib/python3.7/site-packages/airflow/example_dags/example_bash_operator.py
[2022-01-20 03:27:02,950] {processor.py:620} INFO - Processing file /home/airflow/.local/lib/python3.7/site-packages/airflow/example_dags/example_bash_operator.py for tasks to queue
[2022-01-20 03:27:02,953] {logging_mixin.py:109} INFO - [2022-01-20 03:27:02,953] {dagbag.py:500} INFO - Filling up the DagBag from /home/airflow/.local/lib/python3.7/site-packages/airflow/example_dags/example_bash_operator.py
[2022-01-20 03:27:03,049] {processor.py:632} INFO - DAG(s) dict_keys(['example_bash_operator']) retrieved from /home/airflow/.local/lib/python3.7/site-packages/airflow/example_dags/example_bash_operator.py
[2022-01-20 03:27:03,094] {logging_mixin.py:109} INFO - [2022-01-20 03:27:03,093] {dag.py:2389} INFO - Sync 1 DAGs
[2022-01-20 03:27:03,162] {logging_mixin.py:109} INFO - [2022-01-20 03:27:03,161] {dag.py:2914} INFO - Setting next_dagrun for example_bash_operator to 2022-01-19 00:00:00+00:00
[2022-01-20 03:27:03,189] {processor.py:171} INFO - Processing /home/airflow/.local/lib/python3.7/site-packages/airflow/example_dags/example_bash_operator.py took 0.252 seconds
[2022-01-20 03:27:34,477] {processor.py:163} INFO - Started process (PID=1748) to work on /home/airflow/.local/lib/python3.7/site-packages/airflow/example_dags/example_bash_operator.py
[2022-01-20 03:27:34,481] {processor.py:620} INFO - Processing file /home/airflow/.local/lib/python3.7/site-packages/airflow/example_dags/example_bash_operator.py for tasks to queue
[2022-01-20 03:27:34,485] {logging_mixin.py:109} INFO - [2022-01-20 03:27:34,485] {dagbag.py:500} INFO - Filling up the DagBag from /home/airflow/.local/lib/python3.7/site-packages/airflow/example_dags/example_bash_operator.py
[2022-01-20 03:27:34,576] {processor.py:632} INFO - DAG(s) dict_keys(['example_bash_operator']) retrieved from /home/airflow/.local/lib/python3.7/site-packages/airflow/example_dags/example_bash_operator.py
[2022-01-20 03:27:34,622] {logging_mixin.py:109} INFO - [2022-01-20 03:27:34,621] {dag.py:2389} INFO - Sync 1 DAGs
[2022-01-20 03:27:34,690] {logging_mixin.py:109} INFO - [2022-01-20 03:27:34,689] {dag.py:2914} INFO - Setting next_dagrun for example_bash_operator to 2022-01-19 00:00:00+00:00
[2022-01-20 03:27:34,723] {processor.py:171} INFO - Processing /home/airflow/.local/lib/python3.7/site-packages/airflow/example_dags/example_bash_operator.py took 0.254 seconds
[2022-01-20 03:28:06,049] {processor.py:163} INFO - Started process (PID=1842) to work on /home/airflow/.local/lib/python3.7/site-packages/airflow/example_dags/example_bash_operator.py
[2022-01-20 03:28:06,054] {processor.py:620} INFO - Processing file /home/airflow/.local/lib/python3.7/site-packages/airflow/example_dags/example_bash_operator.py for tasks to queue
[2022-01-20 03:28:06,057] {logging_mixin.py:109} INFO - [2022-01-20 03:28:06,057] {dagbag.py:500} INFO - Filling up the DagBag from /home/airflow/.local/lib/python3.7/site-packages/airflow/example_dags/example_bash_operator.py
[2022-01-20 03:28:06,147] {processor.py:632} INFO - DAG(s) dict_keys(['example_bash_operator']) retrieved from /home/airflow/.local/lib/python3.7/site-packages/airflow/example_dags/example_bash_operator.py
[2022-01-20 03:28:06,189] {logging_mixin.py:109} INFO - [2022-01-20 03:28:06,189] {dag.py:2389} INFO - Sync 1 DAGs
[2022-01-20 03:28:06,252] {logging_mixin.py:109} INFO - [2022-01-20 03:28:06,252] {dag.py:2914} INFO - Setting next_dagrun for example_bash_operator to 2022-01-19 00:00:00+00:00
[2022-01-20 03:28:06,283] {processor.py:171} INFO - Processing /home/airflow/.local/lib/python3.7/site-packages/airflow/example_dags/example_bash_operator.py took 0.242 seconds
[2022-01-20 03:28:38,271] {processor.py:163} INFO - Started process (PID=1945) to work on /home/airflow/.local/lib/python3.7/site-packages/airflow/example_dags/example_bash_operator.py
[2022-01-20 03:28:38,277] {processor.py:620} INFO - Processing file /home/airflow/.local/lib/python3.7/site-packages/airflow/example_dags/example_bash_operator.py for tasks to queue
[2022-01-20 03:28:38,281] {logging_mixin.py:109} INFO - [2022-01-20 03:28:38,280] {dagbag.py:500} INFO - Filling up the DagBag from /home/airflow/.local/lib/python3.7/site-packages/airflow/example_dags/example_bash_operator.py
[2022-01-20 03:28:38,369] {processor.py:632} INFO - DAG(s) dict_keys(['example_bash_operator']) retrieved from /home/airflow/.local/lib/python3.7/site-packages/airflow/example_dags/example_bash_operator.py
[2022-01-20 03:28:38,426] {logging_mixin.py:109} INFO - [2022-01-20 03:28:38,426] {dag.py:2389} INFO - Sync 1 DAGs
[2022-01-20 03:28:38,502] {logging_mixin.py:109} INFO - [2022-01-20 03:28:38,501] {dag.py:2914} INFO - Setting next_dagrun for example_bash_operator to 2022-01-19 00:00:00+00:00
[2022-01-20 03:28:38,533] {processor.py:171} INFO - Processing /home/airflow/.local/lib/python3.7/site-packages/airflow/example_dags/example_bash_operator.py took 0.271 seconds
[2022-01-20 03:29:09,536] {processor.py:163} INFO - Started process (PID=2041) to work on /home/airflow/.local/lib/python3.7/site-packages/airflow/example_dags/example_bash_operator.py
[2022-01-20 03:29:09,539] {processor.py:620} INFO - Processing file /home/airflow/.local/lib/python3.7/site-packages/airflow/example_dags/example_bash_operator.py for tasks to queue
[2022-01-20 03:29:09,542] {logging_mixin.py:109} INFO - [2022-01-20 03:29:09,542] {dagbag.py:500} INFO - Filling up the DagBag from /home/airflow/.local/lib/python3.7/site-packages/airflow/example_dags/example_bash_operator.py
[2022-01-20 03:29:09,614] {processor.py:632} INFO - DAG(s) dict_keys(['example_bash_operator']) retrieved from /home/airflow/.local/lib/python3.7/site-packages/airflow/example_dags/example_bash_operator.py
[2022-01-20 03:29:09,654] {logging_mixin.py:109} INFO - [2022-01-20 03:29:09,653] {dag.py:2389} INFO - Sync 1 DAGs
[2022-01-20 03:29:09,713] {logging_mixin.py:109} INFO - [2022-01-20 03:29:09,713] {dag.py:2914} INFO - Setting next_dagrun for example_bash_operator to 2022-01-19 00:00:00+00:00
[2022-01-20 03:29:09,736] {processor.py:171} INFO - Processing /home/airflow/.local/lib/python3.7/site-packages/airflow/example_dags/example_bash_operator.py took 0.207 seconds
[2022-01-20 03:29:41,458] {processor.py:163} INFO - Started process (PID=2152) to work on /home/airflow/.local/lib/python3.7/site-packages/airflow/example_dags/example_bash_operator.py
[2022-01-20 03:29:41,462] {processor.py:620} INFO - Processing file /home/airflow/.local/lib/python3.7/site-packages/airflow/example_dags/example_bash_operator.py for tasks to queue
[2022-01-20 03:29:41,465] {logging_mixin.py:109} INFO - [2022-01-20 03:29:41,465] {dagbag.py:500} INFO - Filling up the DagBag from /home/airflow/.local/lib/python3.7/site-packages/airflow/example_dags/example_bash_operator.py
[2022-01-20 03:29:41,550] {processor.py:632} INFO - DAG(s) dict_keys(['example_bash_operator']) retrieved from /home/airflow/.local/lib/python3.7/site-packages/airflow/example_dags/example_bash_operator.py
[2022-01-20 03:29:41,596] {logging_mixin.py:109} INFO - [2022-01-20 03:29:41,595] {dag.py:2389} INFO - Sync 1 DAGs
[2022-01-20 03:29:41,660] {logging_mixin.py:109} INFO - [2022-01-20 03:29:41,660] {dag.py:2914} INFO - Setting next_dagrun for example_bash_operator to 2022-01-19 00:00:00+00:00
[2022-01-20 03:29:41,686] {processor.py:171} INFO - Processing /home/airflow/.local/lib/python3.7/site-packages/airflow/example_dags/example_bash_operator.py took 0.236 seconds
[2022-01-20 03:30:12,250] {processor.py:163} INFO - Started process (PID=2258) to work on /home/airflow/.local/lib/python3.7/site-packages/airflow/example_dags/example_bash_operator.py
[2022-01-20 03:30:12,261] {processor.py:620} INFO - Processing file /home/airflow/.local/lib/python3.7/site-packages/airflow/example_dags/example_bash_operator.py for tasks to queue
[2022-01-20 03:30:12,264] {logging_mixin.py:109} INFO - [2022-01-20 03:30:12,264] {dagbag.py:500} INFO - Filling up the DagBag from /home/airflow/.local/lib/python3.7/site-packages/airflow/example_dags/example_bash_operator.py
[2022-01-20 03:30:12,421] {processor.py:632} INFO - DAG(s) dict_keys(['example_bash_operator']) retrieved from /home/airflow/.local/lib/python3.7/site-packages/airflow/example_dags/example_bash_operator.py
[2022-01-20 03:30:12,469] {logging_mixin.py:109} INFO - [2022-01-20 03:30:12,469] {dag.py:2389} INFO - Sync 1 DAGs
[2022-01-20 03:30:12,545] {logging_mixin.py:109} INFO - [2022-01-20 03:30:12,544] {dag.py:2914} INFO - Setting next_dagrun for example_bash_operator to 2022-01-19 00:00:00+00:00
[2022-01-20 03:30:12,573] {processor.py:171} INFO - Processing /home/airflow/.local/lib/python3.7/site-packages/airflow/example_dags/example_bash_operator.py took 0.335 seconds
[2022-01-20 03:30:42,973] {processor.py:163} INFO - Started process (PID=2355) to work on /home/airflow/.local/lib/python3.7/site-packages/airflow/example_dags/example_bash_operator.py
[2022-01-20 03:30:42,977] {processor.py:620} INFO - Processing file /home/airflow/.local/lib/python3.7/site-packages/airflow/example_dags/example_bash_operator.py for tasks to queue
[2022-01-20 03:30:42,980] {logging_mixin.py:109} INFO - [2022-01-20 03:30:42,979] {dagbag.py:500} INFO - Filling up the DagBag from /home/airflow/.local/lib/python3.7/site-packages/airflow/example_dags/example_bash_operator.py
[2022-01-20 03:30:43,077] {processor.py:632} INFO - DAG(s) dict_keys(['example_bash_operator']) retrieved from /home/airflow/.local/lib/python3.7/site-packages/airflow/example_dags/example_bash_operator.py
[2022-01-20 03:30:43,145] {logging_mixin.py:109} INFO - [2022-01-20 03:30:43,145] {dag.py:2389} INFO - Sync 1 DAGs
[2022-01-20 03:30:43,229] {logging_mixin.py:109} INFO - [2022-01-20 03:30:43,228] {dag.py:2914} INFO - Setting next_dagrun for example_bash_operator to 2022-01-19 00:00:00+00:00
[2022-01-20 03:30:43,297] {processor.py:171} INFO - Processing /home/airflow/.local/lib/python3.7/site-packages/airflow/example_dags/example_bash_operator.py took 0.331 seconds
[2022-01-20 03:31:13,631] {processor.py:163} INFO - Started process (PID=2472) to work on /home/airflow/.local/lib/python3.7/site-packages/airflow/example_dags/example_bash_operator.py
[2022-01-20 03:31:13,636] {processor.py:620} INFO - Processing file /home/airflow/.local/lib/python3.7/site-packages/airflow/example_dags/example_bash_operator.py for tasks to queue
[2022-01-20 03:31:13,639] {logging_mixin.py:109} INFO - [2022-01-20 03:31:13,639] {dagbag.py:500} INFO - Filling up the DagBag from /home/airflow/.local/lib/python3.7/site-packages/airflow/example_dags/example_bash_operator.py
[2022-01-20 03:31:13,763] {processor.py:632} INFO - DAG(s) dict_keys(['example_bash_operator']) retrieved from /home/airflow/.local/lib/python3.7/site-packages/airflow/example_dags/example_bash_operator.py
[2022-01-20 03:31:13,867] {logging_mixin.py:109} INFO - [2022-01-20 03:31:13,867] {dag.py:2389} INFO - Sync 1 DAGs
[2022-01-20 03:31:14,095] {logging_mixin.py:109} INFO - [2022-01-20 03:31:14,095] {dag.py:2914} INFO - Setting next_dagrun for example_bash_operator to 2022-01-19 00:00:00+00:00
[2022-01-20 03:31:14,161] {processor.py:171} INFO - Processing /home/airflow/.local/lib/python3.7/site-packages/airflow/example_dags/example_bash_operator.py took 0.537 seconds
[2022-01-20 03:31:44,837] {processor.py:163} INFO - Started process (PID=2565) to work on /home/airflow/.local/lib/python3.7/site-packages/airflow/example_dags/example_bash_operator.py
[2022-01-20 03:31:44,841] {processor.py:620} INFO - Processing file /home/airflow/.local/lib/python3.7/site-packages/airflow/example_dags/example_bash_operator.py for tasks to queue
[2022-01-20 03:31:44,845] {logging_mixin.py:109} INFO - [2022-01-20 03:31:44,844] {dagbag.py:500} INFO - Filling up the DagBag from /home/airflow/.local/lib/python3.7/site-packages/airflow/example_dags/example_bash_operator.py
[2022-01-20 03:31:44,940] {processor.py:632} INFO - DAG(s) dict_keys(['example_bash_operator']) retrieved from /home/airflow/.local/lib/python3.7/site-packages/airflow/example_dags/example_bash_operator.py
[2022-01-20 03:31:44,994] {logging_mixin.py:109} INFO - [2022-01-20 03:31:44,994] {dag.py:2389} INFO - Sync 1 DAGs
[2022-01-20 03:31:45,178] {logging_mixin.py:109} INFO - [2022-01-20 03:31:45,178] {dag.py:2914} INFO - Setting next_dagrun for example_bash_operator to 2022-01-19 00:00:00+00:00
[2022-01-20 03:31:45,210] {processor.py:171} INFO - Processing /home/airflow/.local/lib/python3.7/site-packages/airflow/example_dags/example_bash_operator.py took 0.381 seconds
[2022-01-20 03:32:15,728] {processor.py:163} INFO - Started process (PID=2678) to work on /home/airflow/.local/lib/python3.7/site-packages/airflow/example_dags/example_bash_operator.py
[2022-01-20 03:32:15,734] {processor.py:620} INFO - Processing file /home/airflow/.local/lib/python3.7/site-packages/airflow/example_dags/example_bash_operator.py for tasks to queue
[2022-01-20 03:32:15,744] {logging_mixin.py:109} INFO - [2022-01-20 03:32:15,742] {dagbag.py:500} INFO - Filling up the DagBag from /home/airflow/.local/lib/python3.7/site-packages/airflow/example_dags/example_bash_operator.py
[2022-01-20 03:32:15,879] {processor.py:632} INFO - DAG(s) dict_keys(['example_bash_operator']) retrieved from /home/airflow/.local/lib/python3.7/site-packages/airflow/example_dags/example_bash_operator.py
[2022-01-20 03:32:15,939] {logging_mixin.py:109} INFO - [2022-01-20 03:32:15,938] {dag.py:2389} INFO - Sync 1 DAGs
[2022-01-20 03:32:16,268] {logging_mixin.py:109} INFO - [2022-01-20 03:32:16,267] {dag.py:2914} INFO - Setting next_dagrun for example_bash_operator to 2022-01-19 00:00:00+00:00
[2022-01-20 03:32:16,299] {processor.py:171} INFO - Processing /home/airflow/.local/lib/python3.7/site-packages/airflow/example_dags/example_bash_operator.py took 0.588 seconds
[2022-01-20 03:32:46,559] {processor.py:163} INFO - Started process (PID=2774) to work on /home/airflow/.local/lib/python3.7/site-packages/airflow/example_dags/example_bash_operator.py
[2022-01-20 03:32:46,564] {processor.py:620} INFO - Processing file /home/airflow/.local/lib/python3.7/site-packages/airflow/example_dags/example_bash_operator.py for tasks to queue
[2022-01-20 03:32:46,567] {logging_mixin.py:109} INFO - [2022-01-20 03:32:46,566] {dagbag.py:500} INFO - Filling up the DagBag from /home/airflow/.local/lib/python3.7/site-packages/airflow/example_dags/example_bash_operator.py
[2022-01-20 03:32:46,649] {processor.py:632} INFO - DAG(s) dict_keys(['example_bash_operator']) retrieved from /home/airflow/.local/lib/python3.7/site-packages/airflow/example_dags/example_bash_operator.py
[2022-01-20 03:32:46,692] {logging_mixin.py:109} INFO - [2022-01-20 03:32:46,692] {dag.py:2389} INFO - Sync 1 DAGs
[2022-01-20 03:32:46,859] {logging_mixin.py:109} INFO - [2022-01-20 03:32:46,858] {dag.py:2914} INFO - Setting next_dagrun for example_bash_operator to 2022-01-19 00:00:00+00:00
[2022-01-20 03:32:46,885] {processor.py:171} INFO - Processing /home/airflow/.local/lib/python3.7/site-packages/airflow/example_dags/example_bash_operator.py took 0.333 seconds
[2022-01-20 03:33:17,075] {processor.py:163} INFO - Started process (PID=2889) to work on /home/airflow/.local/lib/python3.7/site-packages/airflow/example_dags/example_bash_operator.py
[2022-01-20 03:33:17,081] {processor.py:620} INFO - Processing file /home/airflow/.local/lib/python3.7/site-packages/airflow/example_dags/example_bash_operator.py for tasks to queue
[2022-01-20 03:33:17,086] {logging_mixin.py:109} INFO - [2022-01-20 03:33:17,085] {dagbag.py:500} INFO - Filling up the DagBag from /home/airflow/.local/lib/python3.7/site-packages/airflow/example_dags/example_bash_operator.py
[2022-01-20 03:33:17,194] {processor.py:632} INFO - DAG(s) dict_keys(['example_bash_operator']) retrieved from /home/airflow/.local/lib/python3.7/site-packages/airflow/example_dags/example_bash_operator.py
[2022-01-20 03:33:17,382] {logging_mixin.py:109} INFO - [2022-01-20 03:33:17,382] {dag.py:2389} INFO - Sync 1 DAGs
[2022-01-20 03:33:17,456] {logging_mixin.py:109} INFO - [2022-01-20 03:33:17,456] {dag.py:2914} INFO - Setting next_dagrun for example_bash_operator to 2022-01-19 00:00:00+00:00
[2022-01-20 03:33:17,489] {processor.py:171} INFO - Processing /home/airflow/.local/lib/python3.7/site-packages/airflow/example_dags/example_bash_operator.py took 0.424 seconds
[2022-01-20 03:33:47,949] {processor.py:163} INFO - Started process (PID=2985) to work on /home/airflow/.local/lib/python3.7/site-packages/airflow/example_dags/example_bash_operator.py
[2022-01-20 03:33:47,953] {processor.py:620} INFO - Processing file /home/airflow/.local/lib/python3.7/site-packages/airflow/example_dags/example_bash_operator.py for tasks to queue
[2022-01-20 03:33:47,957] {logging_mixin.py:109} INFO - [2022-01-20 03:33:47,956] {dagbag.py:500} INFO - Filling up the DagBag from /home/airflow/.local/lib/python3.7/site-packages/airflow/example_dags/example_bash_operator.py
[2022-01-20 03:33:48,174] {processor.py:632} INFO - DAG(s) dict_keys(['example_bash_operator']) retrieved from /home/airflow/.local/lib/python3.7/site-packages/airflow/example_dags/example_bash_operator.py
[2022-01-20 03:33:48,216] {logging_mixin.py:109} INFO - [2022-01-20 03:33:48,215] {dag.py:2389} INFO - Sync 1 DAGs
[2022-01-20 03:33:48,278] {logging_mixin.py:109} INFO - [2022-01-20 03:33:48,277] {dag.py:2914} INFO - Setting next_dagrun for example_bash_operator to 2022-01-19 00:00:00+00:00
[2022-01-20 03:33:48,306] {processor.py:171} INFO - Processing /home/airflow/.local/lib/python3.7/site-packages/airflow/example_dags/example_bash_operator.py took 0.366 seconds
[2022-01-20 03:34:18,959] {processor.py:163} INFO - Started process (PID=3098) to work on /home/airflow/.local/lib/python3.7/site-packages/airflow/example_dags/example_bash_operator.py
[2022-01-20 03:34:18,963] {processor.py:620} INFO - Processing file /home/airflow/.local/lib/python3.7/site-packages/airflow/example_dags/example_bash_operator.py for tasks to queue
[2022-01-20 03:34:18,967] {logging_mixin.py:109} INFO - [2022-01-20 03:34:18,966] {dagbag.py:500} INFO - Filling up the DagBag from /home/airflow/.local/lib/python3.7/site-packages/airflow/example_dags/example_bash_operator.py
[2022-01-20 03:34:19,180] {processor.py:632} INFO - DAG(s) dict_keys(['example_bash_operator']) retrieved from /home/airflow/.local/lib/python3.7/site-packages/airflow/example_dags/example_bash_operator.py
[2022-01-20 03:34:19,222] {logging_mixin.py:109} INFO - [2022-01-20 03:34:19,222] {dag.py:2389} INFO - Sync 1 DAGs
[2022-01-20 03:34:19,284] {logging_mixin.py:109} INFO - [2022-01-20 03:34:19,284] {dag.py:2914} INFO - Setting next_dagrun for example_bash_operator to 2022-01-19 00:00:00+00:00
[2022-01-20 03:34:19,315] {processor.py:171} INFO - Processing /home/airflow/.local/lib/python3.7/site-packages/airflow/example_dags/example_bash_operator.py took 0.365 seconds
[2022-01-20 03:34:49,915] {processor.py:163} INFO - Started process (PID=3194) to work on /home/airflow/.local/lib/python3.7/site-packages/airflow/example_dags/example_bash_operator.py
[2022-01-20 03:34:49,919] {processor.py:620} INFO - Processing file /home/airflow/.local/lib/python3.7/site-packages/airflow/example_dags/example_bash_operator.py for tasks to queue
[2022-01-20 03:34:49,922] {logging_mixin.py:109} INFO - [2022-01-20 03:34:49,922] {dagbag.py:500} INFO - Filling up the DagBag from /home/airflow/.local/lib/python3.7/site-packages/airflow/example_dags/example_bash_operator.py
[2022-01-20 03:34:50,100] {processor.py:632} INFO - DAG(s) dict_keys(['example_bash_operator']) retrieved from /home/airflow/.local/lib/python3.7/site-packages/airflow/example_dags/example_bash_operator.py
[2022-01-20 03:34:50,136] {logging_mixin.py:109} INFO - [2022-01-20 03:34:50,136] {dag.py:2389} INFO - Sync 1 DAGs
[2022-01-20 03:34:50,188] {logging_mixin.py:109} INFO - [2022-01-20 03:34:50,187] {dag.py:2914} INFO - Setting next_dagrun for example_bash_operator to 2022-01-19 00:00:00+00:00
[2022-01-20 03:34:50,213] {processor.py:171} INFO - Processing /home/airflow/.local/lib/python3.7/site-packages/airflow/example_dags/example_bash_operator.py took 0.308 seconds
[2022-01-20 03:35:20,521] {processor.py:163} INFO - Started process (PID=3306) to work on /home/airflow/.local/lib/python3.7/site-packages/airflow/example_dags/example_bash_operator.py
[2022-01-20 03:35:20,536] {processor.py:620} INFO - Processing file /home/airflow/.local/lib/python3.7/site-packages/airflow/example_dags/example_bash_operator.py for tasks to queue
[2022-01-20 03:35:20,539] {logging_mixin.py:109} INFO - [2022-01-20 03:35:20,539] {dagbag.py:500} INFO - Filling up the DagBag from /home/airflow/.local/lib/python3.7/site-packages/airflow/example_dags/example_bash_operator.py
[2022-01-20 03:35:20,746] {processor.py:632} INFO - DAG(s) dict_keys(['example_bash_operator']) retrieved from /home/airflow/.local/lib/python3.7/site-packages/airflow/example_dags/example_bash_operator.py
[2022-01-20 03:35:20,788] {logging_mixin.py:109} INFO - [2022-01-20 03:35:20,788] {dag.py:2389} INFO - Sync 1 DAGs
[2022-01-20 03:35:20,867] {logging_mixin.py:109} INFO - [2022-01-20 03:35:20,867] {dag.py:2914} INFO - Setting next_dagrun for example_bash_operator to 2022-01-19 00:00:00+00:00
[2022-01-20 03:35:20,899] {processor.py:171} INFO - Processing /home/airflow/.local/lib/python3.7/site-packages/airflow/example_dags/example_bash_operator.py took 0.384 seconds
[2022-01-20 03:35:51,075] {processor.py:163} INFO - Started process (PID=3410) to work on /home/airflow/.local/lib/python3.7/site-packages/airflow/example_dags/example_bash_operator.py
[2022-01-20 03:35:51,080] {processor.py:620} INFO - Processing file /home/airflow/.local/lib/python3.7/site-packages/airflow/example_dags/example_bash_operator.py for tasks to queue
[2022-01-20 03:35:51,084] {logging_mixin.py:109} INFO - [2022-01-20 03:35:51,083] {dagbag.py:500} INFO - Filling up the DagBag from /home/airflow/.local/lib/python3.7/site-packages/airflow/example_dags/example_bash_operator.py
[2022-01-20 03:35:51,179] {processor.py:632} INFO - DAG(s) dict_keys(['example_bash_operator']) retrieved from /home/airflow/.local/lib/python3.7/site-packages/airflow/example_dags/example_bash_operator.py
[2022-01-20 03:35:51,230] {logging_mixin.py:109} INFO - [2022-01-20 03:35:51,230] {dag.py:2389} INFO - Sync 1 DAGs
[2022-01-20 03:35:51,305] {logging_mixin.py:109} INFO - [2022-01-20 03:35:51,304] {dag.py:2914} INFO - Setting next_dagrun for example_bash_operator to 2022-01-19 00:00:00+00:00
[2022-01-20 03:35:51,338] {processor.py:171} INFO - Processing /home/airflow/.local/lib/python3.7/site-packages/airflow/example_dags/example_bash_operator.py took 0.272 seconds
[2022-01-20 03:36:22,104] {processor.py:163} INFO - Started process (PID=3512) to work on /home/airflow/.local/lib/python3.7/site-packages/airflow/example_dags/example_bash_operator.py
[2022-01-20 03:36:22,109] {processor.py:620} INFO - Processing file /home/airflow/.local/lib/python3.7/site-packages/airflow/example_dags/example_bash_operator.py for tasks to queue
[2022-01-20 03:36:22,112] {logging_mixin.py:109} INFO - [2022-01-20 03:36:22,111] {dagbag.py:500} INFO - Filling up the DagBag from /home/airflow/.local/lib/python3.7/site-packages/airflow/example_dags/example_bash_operator.py
[2022-01-20 03:36:22,199] {processor.py:632} INFO - DAG(s) dict_keys(['example_bash_operator']) retrieved from /home/airflow/.local/lib/python3.7/site-packages/airflow/example_dags/example_bash_operator.py
[2022-01-20 03:36:22,243] {logging_mixin.py:109} INFO - [2022-01-20 03:36:22,243] {dag.py:2389} INFO - Sync 1 DAGs
[2022-01-20 03:36:22,308] {logging_mixin.py:109} INFO - [2022-01-20 03:36:22,307] {dag.py:2914} INFO - Setting next_dagrun for example_bash_operator to 2022-01-19 00:00:00+00:00
[2022-01-20 03:36:22,336] {processor.py:171} INFO - Processing /home/airflow/.local/lib/python3.7/site-packages/airflow/example_dags/example_bash_operator.py took 0.240 seconds
[2022-01-20 03:36:53,042] {processor.py:163} INFO - Started process (PID=3622) to work on /home/airflow/.local/lib/python3.7/site-packages/airflow/example_dags/example_bash_operator.py
[2022-01-20 03:36:53,047] {processor.py:620} INFO - Processing file /home/airflow/.local/lib/python3.7/site-packages/airflow/example_dags/example_bash_operator.py for tasks to queue
[2022-01-20 03:36:53,062] {logging_mixin.py:109} INFO - [2022-01-20 03:36:53,061] {dagbag.py:500} INFO - Filling up the DagBag from /home/airflow/.local/lib/python3.7/site-packages/airflow/example_dags/example_bash_operator.py
[2022-01-20 03:36:53,163] {processor.py:632} INFO - DAG(s) dict_keys(['example_bash_operator']) retrieved from /home/airflow/.local/lib/python3.7/site-packages/airflow/example_dags/example_bash_operator.py
[2022-01-20 03:36:53,212] {logging_mixin.py:109} INFO - [2022-01-20 03:36:53,211] {dag.py:2389} INFO - Sync 1 DAGs
[2022-01-20 03:36:53,296] {logging_mixin.py:109} INFO - [2022-01-20 03:36:53,296] {dag.py:2914} INFO - Setting next_dagrun for example_bash_operator to 2022-01-19 00:00:00+00:00
[2022-01-20 03:36:53,351] {processor.py:171} INFO - Processing /home/airflow/.local/lib/python3.7/site-packages/airflow/example_dags/example_bash_operator.py took 0.317 seconds
[2022-01-20 03:37:24,606] {processor.py:163} INFO - Started process (PID=3719) to work on /home/airflow/.local/lib/python3.7/site-packages/airflow/example_dags/example_bash_operator.py
[2022-01-20 03:37:24,620] {processor.py:620} INFO - Processing file /home/airflow/.local/lib/python3.7/site-packages/airflow/example_dags/example_bash_operator.py for tasks to queue
[2022-01-20 03:37:24,623] {logging_mixin.py:109} INFO - [2022-01-20 03:37:24,623] {dagbag.py:500} INFO - Filling up the DagBag from /home/airflow/.local/lib/python3.7/site-packages/airflow/example_dags/example_bash_operator.py
[2022-01-20 03:37:24,711] {processor.py:632} INFO - DAG(s) dict_keys(['example_bash_operator']) retrieved from /home/airflow/.local/lib/python3.7/site-packages/airflow/example_dags/example_bash_operator.py
[2022-01-20 03:37:24,758] {logging_mixin.py:109} INFO - [2022-01-20 03:37:24,757] {dag.py:2389} INFO - Sync 1 DAGs
[2022-01-20 03:37:24,826] {logging_mixin.py:109} INFO - [2022-01-20 03:37:24,825] {dag.py:2914} INFO - Setting next_dagrun for example_bash_operator to 2022-01-19 00:00:00+00:00
[2022-01-20 03:37:24,858] {processor.py:171} INFO - Processing /home/airflow/.local/lib/python3.7/site-packages/airflow/example_dags/example_bash_operator.py took 0.260 seconds
[2022-01-20 03:37:55,357] {processor.py:163} INFO - Started process (PID=3828) to work on /home/airflow/.local/lib/python3.7/site-packages/airflow/example_dags/example_bash_operator.py
[2022-01-20 03:37:55,363] {processor.py:620} INFO - Processing file /home/airflow/.local/lib/python3.7/site-packages/airflow/example_dags/example_bash_operator.py for tasks to queue
[2022-01-20 03:37:55,366] {logging_mixin.py:109} INFO - [2022-01-20 03:37:55,366] {dagbag.py:500} INFO - Filling up the DagBag from /home/airflow/.local/lib/python3.7/site-packages/airflow/example_dags/example_bash_operator.py
[2022-01-20 03:37:55,457] {processor.py:632} INFO - DAG(s) dict_keys(['example_bash_operator']) retrieved from /home/airflow/.local/lib/python3.7/site-packages/airflow/example_dags/example_bash_operator.py
[2022-01-20 03:37:55,509] {logging_mixin.py:109} INFO - [2022-01-20 03:37:55,508] {dag.py:2389} INFO - Sync 1 DAGs
[2022-01-20 03:37:55,625] {logging_mixin.py:109} INFO - [2022-01-20 03:37:55,625] {dag.py:2914} INFO - Setting next_dagrun for example_bash_operator to 2022-01-19 00:00:00+00:00
[2022-01-20 03:37:55,656] {processor.py:171} INFO - Processing /home/airflow/.local/lib/python3.7/site-packages/airflow/example_dags/example_bash_operator.py took 0.307 seconds
[2022-01-20 03:38:25,849] {processor.py:163} INFO - Started process (PID=3921) to work on /home/airflow/.local/lib/python3.7/site-packages/airflow/example_dags/example_bash_operator.py
[2022-01-20 03:38:25,853] {processor.py:620} INFO - Processing file /home/airflow/.local/lib/python3.7/site-packages/airflow/example_dags/example_bash_operator.py for tasks to queue
[2022-01-20 03:38:25,856] {logging_mixin.py:109} INFO - [2022-01-20 03:38:25,856] {dagbag.py:500} INFO - Filling up the DagBag from /home/airflow/.local/lib/python3.7/site-packages/airflow/example_dags/example_bash_operator.py
[2022-01-20 03:38:25,930] {processor.py:632} INFO - DAG(s) dict_keys(['example_bash_operator']) retrieved from /home/airflow/.local/lib/python3.7/site-packages/airflow/example_dags/example_bash_operator.py
[2022-01-20 03:38:25,973] {logging_mixin.py:109} INFO - [2022-01-20 03:38:25,973] {dag.py:2389} INFO - Sync 1 DAGs
[2022-01-20 03:38:26,029] {logging_mixin.py:109} INFO - [2022-01-20 03:38:26,029] {dag.py:2914} INFO - Setting next_dagrun for example_bash_operator to 2022-01-19 00:00:00+00:00
[2022-01-20 03:38:26,056] {processor.py:171} INFO - Processing /home/airflow/.local/lib/python3.7/site-packages/airflow/example_dags/example_bash_operator.py took 0.213 seconds
[2022-01-20 03:38:56,704] {processor.py:163} INFO - Started process (PID=4034) to work on /home/airflow/.local/lib/python3.7/site-packages/airflow/example_dags/example_bash_operator.py
[2022-01-20 03:38:56,709] {processor.py:620} INFO - Processing file /home/airflow/.local/lib/python3.7/site-packages/airflow/example_dags/example_bash_operator.py for tasks to queue
[2022-01-20 03:38:56,713] {logging_mixin.py:109} INFO - [2022-01-20 03:38:56,712] {dagbag.py:500} INFO - Filling up the DagBag from /home/airflow/.local/lib/python3.7/site-packages/airflow/example_dags/example_bash_operator.py
[2022-01-20 03:38:56,813] {processor.py:632} INFO - DAG(s) dict_keys(['example_bash_operator']) retrieved from /home/airflow/.local/lib/python3.7/site-packages/airflow/example_dags/example_bash_operator.py
[2022-01-20 03:38:56,860] {logging_mixin.py:109} INFO - [2022-01-20 03:38:56,860] {dag.py:2389} INFO - Sync 1 DAGs
[2022-01-20 03:38:56,933] {logging_mixin.py:109} INFO - [2022-01-20 03:38:56,933] {dag.py:2914} INFO - Setting next_dagrun for example_bash_operator to 2022-01-19 00:00:00+00:00
[2022-01-20 03:38:56,975] {processor.py:171} INFO - Processing /home/airflow/.local/lib/python3.7/site-packages/airflow/example_dags/example_bash_operator.py took 0.281 seconds
[2022-01-20 03:39:27,416] {processor.py:163} INFO - Started process (PID=4133) to work on /home/airflow/.local/lib/python3.7/site-packages/airflow/example_dags/example_bash_operator.py
[2022-01-20 03:39:27,421] {processor.py:620} INFO - Processing file /home/airflow/.local/lib/python3.7/site-packages/airflow/example_dags/example_bash_operator.py for tasks to queue
[2022-01-20 03:39:27,425] {logging_mixin.py:109} INFO - [2022-01-20 03:39:27,424] {dagbag.py:500} INFO - Filling up the DagBag from /home/airflow/.local/lib/python3.7/site-packages/airflow/example_dags/example_bash_operator.py
[2022-01-20 03:39:27,506] {processor.py:632} INFO - DAG(s) dict_keys(['example_bash_operator']) retrieved from /home/airflow/.local/lib/python3.7/site-packages/airflow/example_dags/example_bash_operator.py
[2022-01-20 03:39:27,546] {logging_mixin.py:109} INFO - [2022-01-20 03:39:27,545] {dag.py:2389} INFO - Sync 1 DAGs
[2022-01-20 03:39:27,600] {logging_mixin.py:109} INFO - [2022-01-20 03:39:27,600] {dag.py:2914} INFO - Setting next_dagrun for example_bash_operator to 2022-01-19 00:00:00+00:00
[2022-01-20 03:39:27,629] {processor.py:171} INFO - Processing /home/airflow/.local/lib/python3.7/site-packages/airflow/example_dags/example_bash_operator.py took 0.223 seconds
[2022-01-20 03:39:57,728] {processor.py:163} INFO - Started process (PID=4246) to work on /home/airflow/.local/lib/python3.7/site-packages/airflow/example_dags/example_bash_operator.py
[2022-01-20 03:39:57,735] {processor.py:620} INFO - Processing file /home/airflow/.local/lib/python3.7/site-packages/airflow/example_dags/example_bash_operator.py for tasks to queue
[2022-01-20 03:39:57,739] {logging_mixin.py:109} INFO - [2022-01-20 03:39:57,739] {dagbag.py:500} INFO - Filling up the DagBag from /home/airflow/.local/lib/python3.7/site-packages/airflow/example_dags/example_bash_operator.py
[2022-01-20 03:39:57,832] {processor.py:632} INFO - DAG(s) dict_keys(['example_bash_operator']) retrieved from /home/airflow/.local/lib/python3.7/site-packages/airflow/example_dags/example_bash_operator.py
[2022-01-20 03:39:57,880] {logging_mixin.py:109} INFO - [2022-01-20 03:39:57,879] {dag.py:2389} INFO - Sync 1 DAGs
[2022-01-20 03:39:57,952] {logging_mixin.py:109} INFO - [2022-01-20 03:39:57,951] {dag.py:2914} INFO - Setting next_dagrun for example_bash_operator to 2022-01-19 00:00:00+00:00
[2022-01-20 03:39:57,998] {processor.py:171} INFO - Processing /home/airflow/.local/lib/python3.7/site-packages/airflow/example_dags/example_bash_operator.py took 0.283 seconds
[2022-01-20 03:40:28,321] {processor.py:163} INFO - Started process (PID=4346) to work on /home/airflow/.local/lib/python3.7/site-packages/airflow/example_dags/example_bash_operator.py
[2022-01-20 03:40:28,327] {processor.py:620} INFO - Processing file /home/airflow/.local/lib/python3.7/site-packages/airflow/example_dags/example_bash_operator.py for tasks to queue
[2022-01-20 03:40:28,331] {logging_mixin.py:109} INFO - [2022-01-20 03:40:28,331] {dagbag.py:500} INFO - Filling up the DagBag from /home/airflow/.local/lib/python3.7/site-packages/airflow/example_dags/example_bash_operator.py
[2022-01-20 03:40:28,412] {processor.py:632} INFO - DAG(s) dict_keys(['example_bash_operator']) retrieved from /home/airflow/.local/lib/python3.7/site-packages/airflow/example_dags/example_bash_operator.py
[2022-01-20 03:40:28,451] {logging_mixin.py:109} INFO - [2022-01-20 03:40:28,451] {dag.py:2389} INFO - Sync 1 DAGs
[2022-01-20 03:40:28,508] {logging_mixin.py:109} INFO - [2022-01-20 03:40:28,508] {dag.py:2914} INFO - Setting next_dagrun for example_bash_operator to 2022-01-19 00:00:00+00:00
[2022-01-20 03:40:28,534] {processor.py:171} INFO - Processing /home/airflow/.local/lib/python3.7/site-packages/airflow/example_dags/example_bash_operator.py took 0.226 seconds
[2022-01-20 03:40:58,891] {processor.py:163} INFO - Started process (PID=4461) to work on /home/airflow/.local/lib/python3.7/site-packages/airflow/example_dags/example_bash_operator.py
[2022-01-20 03:40:58,895] {processor.py:620} INFO - Processing file /home/airflow/.local/lib/python3.7/site-packages/airflow/example_dags/example_bash_operator.py for tasks to queue
[2022-01-20 03:40:58,898] {logging_mixin.py:109} INFO - [2022-01-20 03:40:58,898] {dagbag.py:500} INFO - Filling up the DagBag from /home/airflow/.local/lib/python3.7/site-packages/airflow/example_dags/example_bash_operator.py
[2022-01-20 03:40:58,987] {processor.py:632} INFO - DAG(s) dict_keys(['example_bash_operator']) retrieved from /home/airflow/.local/lib/python3.7/site-packages/airflow/example_dags/example_bash_operator.py
[2022-01-20 03:40:59,033] {logging_mixin.py:109} INFO - [2022-01-20 03:40:59,033] {dag.py:2389} INFO - Sync 1 DAGs
[2022-01-20 03:40:59,099] {logging_mixin.py:109} INFO - [2022-01-20 03:40:59,099] {dag.py:2914} INFO - Setting next_dagrun for example_bash_operator to 2022-01-19 00:00:00+00:00
[2022-01-20 03:40:59,129] {processor.py:171} INFO - Processing /home/airflow/.local/lib/python3.7/site-packages/airflow/example_dags/example_bash_operator.py took 0.246 seconds
[2022-01-20 03:41:29,190] {processor.py:163} INFO - Started process (PID=4558) to work on /home/airflow/.local/lib/python3.7/site-packages/airflow/example_dags/example_bash_operator.py
[2022-01-20 03:41:29,194] {processor.py:620} INFO - Processing file /home/airflow/.local/lib/python3.7/site-packages/airflow/example_dags/example_bash_operator.py for tasks to queue
[2022-01-20 03:41:29,197] {logging_mixin.py:109} INFO - [2022-01-20 03:41:29,196] {dagbag.py:500} INFO - Filling up the DagBag from /home/airflow/.local/lib/python3.7/site-packages/airflow/example_dags/example_bash_operator.py
[2022-01-20 03:41:29,275] {processor.py:632} INFO - DAG(s) dict_keys(['example_bash_operator']) retrieved from /home/airflow/.local/lib/python3.7/site-packages/airflow/example_dags/example_bash_operator.py
[2022-01-20 03:41:29,312] {logging_mixin.py:109} INFO - [2022-01-20 03:41:29,311] {dag.py:2389} INFO - Sync 1 DAGs
[2022-01-20 03:41:29,365] {logging_mixin.py:109} INFO - [2022-01-20 03:41:29,365] {dag.py:2914} INFO - Setting next_dagrun for example_bash_operator to 2022-01-19 00:00:00+00:00
[2022-01-20 03:41:29,390] {processor.py:171} INFO - Processing /home/airflow/.local/lib/python3.7/site-packages/airflow/example_dags/example_bash_operator.py took 0.209 seconds
[2022-01-20 03:42:00,303] {processor.py:163} INFO - Started process (PID=4671) to work on /home/airflow/.local/lib/python3.7/site-packages/airflow/example_dags/example_bash_operator.py
[2022-01-20 03:42:00,307] {processor.py:620} INFO - Processing file /home/airflow/.local/lib/python3.7/site-packages/airflow/example_dags/example_bash_operator.py for tasks to queue
[2022-01-20 03:42:00,312] {logging_mixin.py:109} INFO - [2022-01-20 03:42:00,312] {dagbag.py:500} INFO - Filling up the DagBag from /home/airflow/.local/lib/python3.7/site-packages/airflow/example_dags/example_bash_operator.py
[2022-01-20 03:42:00,428] {processor.py:632} INFO - DAG(s) dict_keys(['example_bash_operator']) retrieved from /home/airflow/.local/lib/python3.7/site-packages/airflow/example_dags/example_bash_operator.py
[2022-01-20 03:42:00,475] {logging_mixin.py:109} INFO - [2022-01-20 03:42:00,474] {dag.py:2389} INFO - Sync 1 DAGs
[2022-01-20 03:42:00,545] {logging_mixin.py:109} INFO - [2022-01-20 03:42:00,544] {dag.py:2914} INFO - Setting next_dagrun for example_bash_operator to 2022-01-19 00:00:00+00:00
[2022-01-20 03:42:00,576] {processor.py:171} INFO - Processing /home/airflow/.local/lib/python3.7/site-packages/airflow/example_dags/example_bash_operator.py took 0.284 seconds
[2022-01-20 03:42:30,962] {processor.py:163} INFO - Started process (PID=4780) to work on /home/airflow/.local/lib/python3.7/site-packages/airflow/example_dags/example_bash_operator.py
[2022-01-20 03:42:30,965] {processor.py:620} INFO - Processing file /home/airflow/.local/lib/python3.7/site-packages/airflow/example_dags/example_bash_operator.py for tasks to queue
[2022-01-20 03:42:30,968] {logging_mixin.py:109} INFO - [2022-01-20 03:42:30,967] {dagbag.py:500} INFO - Filling up the DagBag from /home/airflow/.local/lib/python3.7/site-packages/airflow/example_dags/example_bash_operator.py
[2022-01-20 03:42:31,060] {processor.py:632} INFO - DAG(s) dict_keys(['example_bash_operator']) retrieved from /home/airflow/.local/lib/python3.7/site-packages/airflow/example_dags/example_bash_operator.py
[2022-01-20 03:42:31,106] {logging_mixin.py:109} INFO - [2022-01-20 03:42:31,106] {dag.py:2389} INFO - Sync 1 DAGs
[2022-01-20 03:42:31,175] {logging_mixin.py:109} INFO - [2022-01-20 03:42:31,175] {dag.py:2914} INFO - Setting next_dagrun for example_bash_operator to 2022-01-19 00:00:00+00:00
[2022-01-20 03:42:31,207] {processor.py:171} INFO - Processing /home/airflow/.local/lib/python3.7/site-packages/airflow/example_dags/example_bash_operator.py took 0.254 seconds
[2022-01-20 03:43:01,976] {processor.py:163} INFO - Started process (PID=4883) to work on /home/airflow/.local/lib/python3.7/site-packages/airflow/example_dags/example_bash_operator.py
[2022-01-20 03:43:01,990] {processor.py:620} INFO - Processing file /home/airflow/.local/lib/python3.7/site-packages/airflow/example_dags/example_bash_operator.py for tasks to queue
[2022-01-20 03:43:01,994] {logging_mixin.py:109} INFO - [2022-01-20 03:43:01,994] {dagbag.py:500} INFO - Filling up the DagBag from /home/airflow/.local/lib/python3.7/site-packages/airflow/example_dags/example_bash_operator.py
[2022-01-20 03:43:02,094] {processor.py:632} INFO - DAG(s) dict_keys(['example_bash_operator']) retrieved from /home/airflow/.local/lib/python3.7/site-packages/airflow/example_dags/example_bash_operator.py
[2022-01-20 03:43:02,137] {logging_mixin.py:109} INFO - [2022-01-20 03:43:02,137] {dag.py:2389} INFO - Sync 1 DAGs
[2022-01-20 03:43:02,231] {logging_mixin.py:109} INFO - [2022-01-20 03:43:02,231] {dag.py:2914} INFO - Setting next_dagrun for example_bash_operator to 2022-01-19 00:00:00+00:00
[2022-01-20 03:43:02,302] {processor.py:171} INFO - Processing /home/airflow/.local/lib/python3.7/site-packages/airflow/example_dags/example_bash_operator.py took 0.333 seconds
[2022-01-20 03:43:33,311] {processor.py:163} INFO - Started process (PID=5002) to work on /home/airflow/.local/lib/python3.7/site-packages/airflow/example_dags/example_bash_operator.py
[2022-01-20 03:43:33,315] {processor.py:620} INFO - Processing file /home/airflow/.local/lib/python3.7/site-packages/airflow/example_dags/example_bash_operator.py for tasks to queue
[2022-01-20 03:43:33,323] {logging_mixin.py:109} INFO - [2022-01-20 03:43:33,322] {dagbag.py:500} INFO - Filling up the DagBag from /home/airflow/.local/lib/python3.7/site-packages/airflow/example_dags/example_bash_operator.py
[2022-01-20 03:43:33,428] {processor.py:632} INFO - DAG(s) dict_keys(['example_bash_operator']) retrieved from /home/airflow/.local/lib/python3.7/site-packages/airflow/example_dags/example_bash_operator.py
[2022-01-20 03:43:33,476] {logging_mixin.py:109} INFO - [2022-01-20 03:43:33,475] {dag.py:2389} INFO - Sync 1 DAGs
[2022-01-20 03:43:33,601] {logging_mixin.py:109} INFO - [2022-01-20 03:43:33,600] {dag.py:2914} INFO - Setting next_dagrun for example_bash_operator to 2022-01-19 00:00:00+00:00
[2022-01-20 03:43:33,672] {processor.py:171} INFO - Processing /home/airflow/.local/lib/python3.7/site-packages/airflow/example_dags/example_bash_operator.py took 0.368 seconds
[2022-01-20 03:44:04,600] {processor.py:163} INFO - Started process (PID=5095) to work on /home/airflow/.local/lib/python3.7/site-packages/airflow/example_dags/example_bash_operator.py
[2022-01-20 03:44:04,606] {processor.py:620} INFO - Processing file /home/airflow/.local/lib/python3.7/site-packages/airflow/example_dags/example_bash_operator.py for tasks to queue
[2022-01-20 03:44:04,608] {logging_mixin.py:109} INFO - [2022-01-20 03:44:04,608] {dagbag.py:500} INFO - Filling up the DagBag from /home/airflow/.local/lib/python3.7/site-packages/airflow/example_dags/example_bash_operator.py
[2022-01-20 03:44:04,704] {processor.py:632} INFO - DAG(s) dict_keys(['example_bash_operator']) retrieved from /home/airflow/.local/lib/python3.7/site-packages/airflow/example_dags/example_bash_operator.py
[2022-01-20 03:44:04,753] {logging_mixin.py:109} INFO - [2022-01-20 03:44:04,752] {dag.py:2389} INFO - Sync 1 DAGs
[2022-01-20 03:44:04,820] {logging_mixin.py:109} INFO - [2022-01-20 03:44:04,819] {dag.py:2914} INFO - Setting next_dagrun for example_bash_operator to 2022-01-19 00:00:00+00:00
[2022-01-20 03:44:04,848] {processor.py:171} INFO - Processing /home/airflow/.local/lib/python3.7/site-packages/airflow/example_dags/example_bash_operator.py took 0.256 seconds
[2022-01-20 03:44:36,733] {processor.py:163} INFO - Started process (PID=5207) to work on /home/airflow/.local/lib/python3.7/site-packages/airflow/example_dags/example_bash_operator.py
[2022-01-20 03:44:36,738] {processor.py:620} INFO - Processing file /home/airflow/.local/lib/python3.7/site-packages/airflow/example_dags/example_bash_operator.py for tasks to queue
[2022-01-20 03:44:36,741] {logging_mixin.py:109} INFO - [2022-01-20 03:44:36,741] {dagbag.py:500} INFO - Filling up the DagBag from /home/airflow/.local/lib/python3.7/site-packages/airflow/example_dags/example_bash_operator.py
[2022-01-20 03:44:36,837] {processor.py:632} INFO - DAG(s) dict_keys(['example_bash_operator']) retrieved from /home/airflow/.local/lib/python3.7/site-packages/airflow/example_dags/example_bash_operator.py
[2022-01-20 03:44:36,886] {logging_mixin.py:109} INFO - [2022-01-20 03:44:36,885] {dag.py:2389} INFO - Sync 1 DAGs
[2022-01-20 03:44:36,981] {logging_mixin.py:109} INFO - [2022-01-20 03:44:36,980] {dag.py:2914} INFO - Setting next_dagrun for example_bash_operator to 2022-01-19 00:00:00+00:00
[2022-01-20 03:44:37,018] {processor.py:171} INFO - Processing /home/airflow/.local/lib/python3.7/site-packages/airflow/example_dags/example_bash_operator.py took 0.292 seconds
[2022-01-20 03:45:07,131] {processor.py:163} INFO - Started process (PID=5296) to work on /home/airflow/.local/lib/python3.7/site-packages/airflow/example_dags/example_bash_operator.py
[2022-01-20 03:45:07,136] {processor.py:620} INFO - Processing file /home/airflow/.local/lib/python3.7/site-packages/airflow/example_dags/example_bash_operator.py for tasks to queue
[2022-01-20 03:45:07,139] {logging_mixin.py:109} INFO - [2022-01-20 03:45:07,138] {dagbag.py:500} INFO - Filling up the DagBag from /home/airflow/.local/lib/python3.7/site-packages/airflow/example_dags/example_bash_operator.py
[2022-01-20 03:45:07,213] {processor.py:632} INFO - DAG(s) dict_keys(['example_bash_operator']) retrieved from /home/airflow/.local/lib/python3.7/site-packages/airflow/example_dags/example_bash_operator.py
[2022-01-20 03:45:07,252] {logging_mixin.py:109} INFO - [2022-01-20 03:45:07,251] {dag.py:2389} INFO - Sync 1 DAGs
[2022-01-20 03:45:07,306] {logging_mixin.py:109} INFO - [2022-01-20 03:45:07,306] {dag.py:2914} INFO - Setting next_dagrun for example_bash_operator to 2022-01-19 00:00:00+00:00
[2022-01-20 03:45:07,330] {processor.py:171} INFO - Processing /home/airflow/.local/lib/python3.7/site-packages/airflow/example_dags/example_bash_operator.py took 0.206 seconds
[2022-01-20 03:45:38,009] {processor.py:163} INFO - Started process (PID=5406) to work on /home/airflow/.local/lib/python3.7/site-packages/airflow/example_dags/example_bash_operator.py
[2022-01-20 03:45:38,018] {processor.py:620} INFO - Processing file /home/airflow/.local/lib/python3.7/site-packages/airflow/example_dags/example_bash_operator.py for tasks to queue
[2022-01-20 03:45:38,028] {logging_mixin.py:109} INFO - [2022-01-20 03:45:38,027] {dagbag.py:500} INFO - Filling up the DagBag from /home/airflow/.local/lib/python3.7/site-packages/airflow/example_dags/example_bash_operator.py
[2022-01-20 03:45:38,180] {processor.py:632} INFO - DAG(s) dict_keys(['example_bash_operator']) retrieved from /home/airflow/.local/lib/python3.7/site-packages/airflow/example_dags/example_bash_operator.py
[2022-01-20 03:45:38,227] {logging_mixin.py:109} INFO - [2022-01-20 03:45:38,226] {dag.py:2389} INFO - Sync 1 DAGs
[2022-01-20 03:45:38,303] {logging_mixin.py:109} INFO - [2022-01-20 03:45:38,302] {dag.py:2914} INFO - Setting next_dagrun for example_bash_operator to 2022-01-19 00:00:00+00:00
[2022-01-20 03:45:38,335] {processor.py:171} INFO - Processing /home/airflow/.local/lib/python3.7/site-packages/airflow/example_dags/example_bash_operator.py took 0.336 seconds
[2022-01-20 03:46:08,464] {processor.py:163} INFO - Started process (PID=5496) to work on /home/airflow/.local/lib/python3.7/site-packages/airflow/example_dags/example_bash_operator.py
[2022-01-20 03:46:08,468] {processor.py:620} INFO - Processing file /home/airflow/.local/lib/python3.7/site-packages/airflow/example_dags/example_bash_operator.py for tasks to queue
[2022-01-20 03:46:08,471] {logging_mixin.py:109} INFO - [2022-01-20 03:46:08,471] {dagbag.py:500} INFO - Filling up the DagBag from /home/airflow/.local/lib/python3.7/site-packages/airflow/example_dags/example_bash_operator.py
[2022-01-20 03:46:08,557] {processor.py:632} INFO - DAG(s) dict_keys(['example_bash_operator']) retrieved from /home/airflow/.local/lib/python3.7/site-packages/airflow/example_dags/example_bash_operator.py
[2022-01-20 03:46:08,600] {logging_mixin.py:109} INFO - [2022-01-20 03:46:08,599] {dag.py:2389} INFO - Sync 1 DAGs
[2022-01-20 03:46:08,657] {logging_mixin.py:109} INFO - [2022-01-20 03:46:08,657] {dag.py:2914} INFO - Setting next_dagrun for example_bash_operator to 2022-01-19 00:00:00+00:00
[2022-01-20 03:46:08,678] {processor.py:171} INFO - Processing /home/airflow/.local/lib/python3.7/site-packages/airflow/example_dags/example_bash_operator.py took 0.221 seconds
[2022-01-20 03:46:40,054] {processor.py:163} INFO - Started process (PID=5612) to work on /home/airflow/.local/lib/python3.7/site-packages/airflow/example_dags/example_bash_operator.py
[2022-01-20 03:46:40,060] {processor.py:620} INFO - Processing file /home/airflow/.local/lib/python3.7/site-packages/airflow/example_dags/example_bash_operator.py for tasks to queue
[2022-01-20 03:46:40,064] {logging_mixin.py:109} INFO - [2022-01-20 03:46:40,064] {dagbag.py:500} INFO - Filling up the DagBag from /home/airflow/.local/lib/python3.7/site-packages/airflow/example_dags/example_bash_operator.py
[2022-01-20 03:46:40,162] {processor.py:632} INFO - DAG(s) dict_keys(['example_bash_operator']) retrieved from /home/airflow/.local/lib/python3.7/site-packages/airflow/example_dags/example_bash_operator.py
[2022-01-20 03:46:40,218] {logging_mixin.py:109} INFO - [2022-01-20 03:46:40,218] {dag.py:2389} INFO - Sync 1 DAGs
[2022-01-20 03:46:40,300] {logging_mixin.py:109} INFO - [2022-01-20 03:46:40,299] {dag.py:2914} INFO - Setting next_dagrun for example_bash_operator to 2022-01-19 00:00:00+00:00
[2022-01-20 03:46:40,331] {processor.py:171} INFO - Processing /home/airflow/.local/lib/python3.7/site-packages/airflow/example_dags/example_bash_operator.py took 0.285 seconds
[2022-01-20 03:47:10,558] {processor.py:163} INFO - Started process (PID=5712) to work on /home/airflow/.local/lib/python3.7/site-packages/airflow/example_dags/example_bash_operator.py
[2022-01-20 03:47:10,562] {processor.py:620} INFO - Processing file /home/airflow/.local/lib/python3.7/site-packages/airflow/example_dags/example_bash_operator.py for tasks to queue
[2022-01-20 03:47:10,565] {logging_mixin.py:109} INFO - [2022-01-20 03:47:10,565] {dagbag.py:500} INFO - Filling up the DagBag from /home/airflow/.local/lib/python3.7/site-packages/airflow/example_dags/example_bash_operator.py
[2022-01-20 03:47:10,645] {processor.py:632} INFO - DAG(s) dict_keys(['example_bash_operator']) retrieved from /home/airflow/.local/lib/python3.7/site-packages/airflow/example_dags/example_bash_operator.py
[2022-01-20 03:47:10,686] {logging_mixin.py:109} INFO - [2022-01-20 03:47:10,686] {dag.py:2389} INFO - Sync 1 DAGs
[2022-01-20 03:47:10,741] {logging_mixin.py:109} INFO - [2022-01-20 03:47:10,741] {dag.py:2914} INFO - Setting next_dagrun for example_bash_operator to 2022-01-19 00:00:00+00:00
[2022-01-20 03:47:10,763] {processor.py:171} INFO - Processing /home/airflow/.local/lib/python3.7/site-packages/airflow/example_dags/example_bash_operator.py took 0.212 seconds
[2022-01-20 03:47:40,837] {processor.py:163} INFO - Started process (PID=5824) to work on /home/airflow/.local/lib/python3.7/site-packages/airflow/example_dags/example_bash_operator.py
[2022-01-20 03:47:40,851] {processor.py:620} INFO - Processing file /home/airflow/.local/lib/python3.7/site-packages/airflow/example_dags/example_bash_operator.py for tasks to queue
[2022-01-20 03:47:40,858] {logging_mixin.py:109} INFO - [2022-01-20 03:47:40,857] {dagbag.py:500} INFO - Filling up the DagBag from /home/airflow/.local/lib/python3.7/site-packages/airflow/example_dags/example_bash_operator.py
[2022-01-20 03:47:40,995] {processor.py:632} INFO - DAG(s) dict_keys(['example_bash_operator']) retrieved from /home/airflow/.local/lib/python3.7/site-packages/airflow/example_dags/example_bash_operator.py
[2022-01-20 03:47:41,058] {logging_mixin.py:109} INFO - [2022-01-20 03:47:41,058] {dag.py:2389} INFO - Sync 1 DAGs
[2022-01-20 03:47:41,156] {logging_mixin.py:109} INFO - [2022-01-20 03:47:41,155] {dag.py:2914} INFO - Setting next_dagrun for example_bash_operator to 2022-01-19 00:00:00+00:00
[2022-01-20 03:47:41,185] {processor.py:171} INFO - Processing /home/airflow/.local/lib/python3.7/site-packages/airflow/example_dags/example_bash_operator.py took 0.355 seconds
[2022-01-20 03:48:11,420] {processor.py:163} INFO - Started process (PID=5930) to work on /home/airflow/.local/lib/python3.7/site-packages/airflow/example_dags/example_bash_operator.py
[2022-01-20 03:48:11,424] {processor.py:620} INFO - Processing file /home/airflow/.local/lib/python3.7/site-packages/airflow/example_dags/example_bash_operator.py for tasks to queue
[2022-01-20 03:48:11,427] {logging_mixin.py:109} INFO - [2022-01-20 03:48:11,426] {dagbag.py:500} INFO - Filling up the DagBag from /home/airflow/.local/lib/python3.7/site-packages/airflow/example_dags/example_bash_operator.py
[2022-01-20 03:48:11,516] {processor.py:632} INFO - DAG(s) dict_keys(['example_bash_operator']) retrieved from /home/airflow/.local/lib/python3.7/site-packages/airflow/example_dags/example_bash_operator.py
[2022-01-20 03:48:11,565] {logging_mixin.py:109} INFO - [2022-01-20 03:48:11,565] {dag.py:2389} INFO - Sync 1 DAGs
[2022-01-20 03:48:11,635] {logging_mixin.py:109} INFO - [2022-01-20 03:48:11,634] {dag.py:2914} INFO - Setting next_dagrun for example_bash_operator to 2022-01-19 00:00:00+00:00
[2022-01-20 03:48:11,664] {processor.py:171} INFO - Processing /home/airflow/.local/lib/python3.7/site-packages/airflow/example_dags/example_bash_operator.py took 0.251 seconds
[2022-01-20 03:48:42,170] {processor.py:163} INFO - Started process (PID=6033) to work on /home/airflow/.local/lib/python3.7/site-packages/airflow/example_dags/example_bash_operator.py
[2022-01-20 03:48:42,174] {processor.py:620} INFO - Processing file /home/airflow/.local/lib/python3.7/site-packages/airflow/example_dags/example_bash_operator.py for tasks to queue
[2022-01-20 03:48:42,177] {logging_mixin.py:109} INFO - [2022-01-20 03:48:42,177] {dagbag.py:500} INFO - Filling up the DagBag from /home/airflow/.local/lib/python3.7/site-packages/airflow/example_dags/example_bash_operator.py
[2022-01-20 03:48:42,260] {processor.py:632} INFO - DAG(s) dict_keys(['example_bash_operator']) retrieved from /home/airflow/.local/lib/python3.7/site-packages/airflow/example_dags/example_bash_operator.py
[2022-01-20 03:48:42,301] {logging_mixin.py:109} INFO - [2022-01-20 03:48:42,300] {dag.py:2389} INFO - Sync 1 DAGs
[2022-01-20 03:48:42,361] {logging_mixin.py:109} INFO - [2022-01-20 03:48:42,361] {dag.py:2914} INFO - Setting next_dagrun for example_bash_operator to 2022-01-19 00:00:00+00:00
[2022-01-20 03:48:42,386] {processor.py:171} INFO - Processing /home/airflow/.local/lib/python3.7/site-packages/airflow/example_dags/example_bash_operator.py took 0.223 seconds
[2022-01-20 03:49:12,739] {processor.py:163} INFO - Started process (PID=6147) to work on /home/airflow/.local/lib/python3.7/site-packages/airflow/example_dags/example_bash_operator.py
[2022-01-20 03:49:12,744] {processor.py:620} INFO - Processing file /home/airflow/.local/lib/python3.7/site-packages/airflow/example_dags/example_bash_operator.py for tasks to queue
[2022-01-20 03:49:12,748] {logging_mixin.py:109} INFO - [2022-01-20 03:49:12,748] {dagbag.py:500} INFO - Filling up the DagBag from /home/airflow/.local/lib/python3.7/site-packages/airflow/example_dags/example_bash_operator.py
[2022-01-20 03:49:12,843] {processor.py:632} INFO - DAG(s) dict_keys(['example_bash_operator']) retrieved from /home/airflow/.local/lib/python3.7/site-packages/airflow/example_dags/example_bash_operator.py
[2022-01-20 03:49:12,891] {logging_mixin.py:109} INFO - [2022-01-20 03:49:12,890] {dag.py:2389} INFO - Sync 1 DAGs
[2022-01-20 03:49:12,974] {logging_mixin.py:109} INFO - [2022-01-20 03:49:12,973] {dag.py:2914} INFO - Setting next_dagrun for example_bash_operator to 2022-01-19 00:00:00+00:00
[2022-01-20 03:49:13,003] {processor.py:171} INFO - Processing /home/airflow/.local/lib/python3.7/site-packages/airflow/example_dags/example_bash_operator.py took 0.272 seconds
[2022-01-20 03:49:43,103] {processor.py:163} INFO - Started process (PID=6242) to work on /home/airflow/.local/lib/python3.7/site-packages/airflow/example_dags/example_bash_operator.py
[2022-01-20 03:49:43,107] {processor.py:620} INFO - Processing file /home/airflow/.local/lib/python3.7/site-packages/airflow/example_dags/example_bash_operator.py for tasks to queue
[2022-01-20 03:49:43,110] {logging_mixin.py:109} INFO - [2022-01-20 03:49:43,109] {dagbag.py:500} INFO - Filling up the DagBag from /home/airflow/.local/lib/python3.7/site-packages/airflow/example_dags/example_bash_operator.py
[2022-01-20 03:49:43,201] {processor.py:632} INFO - DAG(s) dict_keys(['example_bash_operator']) retrieved from /home/airflow/.local/lib/python3.7/site-packages/airflow/example_dags/example_bash_operator.py
[2022-01-20 03:49:43,246] {logging_mixin.py:109} INFO - [2022-01-20 03:49:43,245] {dag.py:2389} INFO - Sync 1 DAGs
[2022-01-20 03:49:43,321] {logging_mixin.py:109} INFO - [2022-01-20 03:49:43,321] {dag.py:2914} INFO - Setting next_dagrun for example_bash_operator to 2022-01-19 00:00:00+00:00
[2022-01-20 03:49:43,348] {processor.py:171} INFO - Processing /home/airflow/.local/lib/python3.7/site-packages/airflow/example_dags/example_bash_operator.py took 0.254 seconds
[2022-01-20 03:50:13,592] {processor.py:163} INFO - Started process (PID=6354) to work on /home/airflow/.local/lib/python3.7/site-packages/airflow/example_dags/example_bash_operator.py
[2022-01-20 03:50:13,598] {processor.py:620} INFO - Processing file /home/airflow/.local/lib/python3.7/site-packages/airflow/example_dags/example_bash_operator.py for tasks to queue
[2022-01-20 03:50:13,601] {logging_mixin.py:109} INFO - [2022-01-20 03:50:13,601] {dagbag.py:500} INFO - Filling up the DagBag from /home/airflow/.local/lib/python3.7/site-packages/airflow/example_dags/example_bash_operator.py
[2022-01-20 03:50:13,689] {processor.py:632} INFO - DAG(s) dict_keys(['example_bash_operator']) retrieved from /home/airflow/.local/lib/python3.7/site-packages/airflow/example_dags/example_bash_operator.py
[2022-01-20 03:50:13,734] {logging_mixin.py:109} INFO - [2022-01-20 03:50:13,733] {dag.py:2389} INFO - Sync 1 DAGs
[2022-01-20 03:50:13,804] {logging_mixin.py:109} INFO - [2022-01-20 03:50:13,803] {dag.py:2914} INFO - Setting next_dagrun for example_bash_operator to 2022-01-19 00:00:00+00:00
[2022-01-20 03:50:13,832] {processor.py:171} INFO - Processing /home/airflow/.local/lib/python3.7/site-packages/airflow/example_dags/example_bash_operator.py took 0.247 seconds
[2022-01-20 03:50:44,386] {processor.py:163} INFO - Started process (PID=6450) to work on /home/airflow/.local/lib/python3.7/site-packages/airflow/example_dags/example_bash_operator.py
[2022-01-20 03:50:44,391] {processor.py:620} INFO - Processing file /home/airflow/.local/lib/python3.7/site-packages/airflow/example_dags/example_bash_operator.py for tasks to queue
[2022-01-20 03:50:44,394] {logging_mixin.py:109} INFO - [2022-01-20 03:50:44,394] {dagbag.py:500} INFO - Filling up the DagBag from /home/airflow/.local/lib/python3.7/site-packages/airflow/example_dags/example_bash_operator.py
[2022-01-20 03:50:44,486] {processor.py:632} INFO - DAG(s) dict_keys(['example_bash_operator']) retrieved from /home/airflow/.local/lib/python3.7/site-packages/airflow/example_dags/example_bash_operator.py
[2022-01-20 03:50:44,534] {logging_mixin.py:109} INFO - [2022-01-20 03:50:44,533] {dag.py:2389} INFO - Sync 1 DAGs
[2022-01-20 03:50:44,612] {logging_mixin.py:109} INFO - [2022-01-20 03:50:44,611] {dag.py:2914} INFO - Setting next_dagrun for example_bash_operator to 2022-01-19 00:00:00+00:00
[2022-01-20 03:50:44,640] {processor.py:171} INFO - Processing /home/airflow/.local/lib/python3.7/site-packages/airflow/example_dags/example_bash_operator.py took 0.262 seconds
[2022-01-20 03:51:14,862] {processor.py:163} INFO - Started process (PID=6567) to work on /home/airflow/.local/lib/python3.7/site-packages/airflow/example_dags/example_bash_operator.py
[2022-01-20 03:51:14,868] {processor.py:620} INFO - Processing file /home/airflow/.local/lib/python3.7/site-packages/airflow/example_dags/example_bash_operator.py for tasks to queue
[2022-01-20 03:51:14,872] {logging_mixin.py:109} INFO - [2022-01-20 03:51:14,872] {dagbag.py:500} INFO - Filling up the DagBag from /home/airflow/.local/lib/python3.7/site-packages/airflow/example_dags/example_bash_operator.py
[2022-01-20 03:51:14,978] {processor.py:632} INFO - DAG(s) dict_keys(['example_bash_operator']) retrieved from /home/airflow/.local/lib/python3.7/site-packages/airflow/example_dags/example_bash_operator.py
[2022-01-20 03:51:15,030] {logging_mixin.py:109} INFO - [2022-01-20 03:51:15,029] {dag.py:2389} INFO - Sync 1 DAGs
[2022-01-20 03:51:15,103] {logging_mixin.py:109} INFO - [2022-01-20 03:51:15,102] {dag.py:2914} INFO - Setting next_dagrun for example_bash_operator to 2022-01-19 00:00:00+00:00
[2022-01-20 03:51:15,131] {processor.py:171} INFO - Processing /home/airflow/.local/lib/python3.7/site-packages/airflow/example_dags/example_bash_operator.py took 0.277 seconds
