[2022-01-20 03:20:27,313] {processor.py:163} INFO - Started process (PID=283) to work on /home/airflow/.local/lib/python3.7/site-packages/airflow/example_dags/example_nested_branch_dag.py
[2022-01-20 03:20:27,318] {processor.py:620} INFO - Processing file /home/airflow/.local/lib/python3.7/site-packages/airflow/example_dags/example_nested_branch_dag.py for tasks to queue
[2022-01-20 03:20:27,325] {logging_mixin.py:109} INFO - [2022-01-20 03:20:27,325] {dagbag.py:500} INFO - Filling up the DagBag from /home/airflow/.local/lib/python3.7/site-packages/airflow/example_dags/example_nested_branch_dag.py
[2022-01-20 03:20:27,530] {processor.py:632} INFO - DAG(s) dict_keys(['example_nested_branch_dag']) retrieved from /home/airflow/.local/lib/python3.7/site-packages/airflow/example_dags/example_nested_branch_dag.py
[2022-01-20 03:20:27,615] {logging_mixin.py:109} INFO - [2022-01-20 03:20:27,614] {dag.py:2389} INFO - Sync 1 DAGs
[2022-01-20 03:20:27,807] {logging_mixin.py:109} INFO - [2022-01-20 03:20:27,806] {dag.py:2914} INFO - Setting next_dagrun for example_nested_branch_dag to 2022-01-19 00:00:00+00:00
[2022-01-20 03:20:27,904] {processor.py:171} INFO - Processing /home/airflow/.local/lib/python3.7/site-packages/airflow/example_dags/example_nested_branch_dag.py took 0.606 seconds
[2022-01-20 03:20:59,845] {processor.py:163} INFO - Started process (PID=397) to work on /home/airflow/.local/lib/python3.7/site-packages/airflow/example_dags/example_nested_branch_dag.py
[2022-01-20 03:20:59,864] {processor.py:620} INFO - Processing file /home/airflow/.local/lib/python3.7/site-packages/airflow/example_dags/example_nested_branch_dag.py for tasks to queue
[2022-01-20 03:20:59,868] {logging_mixin.py:109} INFO - [2022-01-20 03:20:59,868] {dagbag.py:500} INFO - Filling up the DagBag from /home/airflow/.local/lib/python3.7/site-packages/airflow/example_dags/example_nested_branch_dag.py
[2022-01-20 03:21:00,156] {processor.py:632} INFO - DAG(s) dict_keys(['example_nested_branch_dag']) retrieved from /home/airflow/.local/lib/python3.7/site-packages/airflow/example_dags/example_nested_branch_dag.py
[2022-01-20 03:21:00,270] {logging_mixin.py:109} INFO - [2022-01-20 03:21:00,269] {dag.py:2389} INFO - Sync 1 DAGs
[2022-01-20 03:21:00,418] {logging_mixin.py:109} INFO - [2022-01-20 03:21:00,418] {dag.py:2914} INFO - Setting next_dagrun for example_nested_branch_dag to 2022-01-19 00:00:00+00:00
[2022-01-20 03:21:00,478] {processor.py:171} INFO - Processing /home/airflow/.local/lib/python3.7/site-packages/airflow/example_dags/example_nested_branch_dag.py took 0.652 seconds
[2022-01-20 03:21:30,866] {processor.py:163} INFO - Started process (PID=502) to work on /home/airflow/.local/lib/python3.7/site-packages/airflow/example_dags/example_nested_branch_dag.py
[2022-01-20 03:21:30,873] {processor.py:620} INFO - Processing file /home/airflow/.local/lib/python3.7/site-packages/airflow/example_dags/example_nested_branch_dag.py for tasks to queue
[2022-01-20 03:21:30,883] {logging_mixin.py:109} INFO - [2022-01-20 03:21:30,882] {dagbag.py:500} INFO - Filling up the DagBag from /home/airflow/.local/lib/python3.7/site-packages/airflow/example_dags/example_nested_branch_dag.py
[2022-01-20 03:21:31,101] {processor.py:632} INFO - DAG(s) dict_keys(['example_nested_branch_dag']) retrieved from /home/airflow/.local/lib/python3.7/site-packages/airflow/example_dags/example_nested_branch_dag.py
[2022-01-20 03:21:31,214] {logging_mixin.py:109} INFO - [2022-01-20 03:21:31,213] {dag.py:2389} INFO - Sync 1 DAGs
[2022-01-20 03:21:31,310] {logging_mixin.py:109} INFO - [2022-01-20 03:21:31,309] {dag.py:2914} INFO - Setting next_dagrun for example_nested_branch_dag to 2022-01-19 00:00:00+00:00
[2022-01-20 03:21:31,375] {processor.py:171} INFO - Processing /home/airflow/.local/lib/python3.7/site-packages/airflow/example_dags/example_nested_branch_dag.py took 0.547 seconds
[2022-01-20 03:22:02,083] {processor.py:163} INFO - Started process (PID=605) to work on /home/airflow/.local/lib/python3.7/site-packages/airflow/example_dags/example_nested_branch_dag.py
[2022-01-20 03:22:02,088] {processor.py:620} INFO - Processing file /home/airflow/.local/lib/python3.7/site-packages/airflow/example_dags/example_nested_branch_dag.py for tasks to queue
[2022-01-20 03:22:02,092] {logging_mixin.py:109} INFO - [2022-01-20 03:22:02,091] {dagbag.py:500} INFO - Filling up the DagBag from /home/airflow/.local/lib/python3.7/site-packages/airflow/example_dags/example_nested_branch_dag.py
[2022-01-20 03:22:02,168] {processor.py:632} INFO - DAG(s) dict_keys(['example_nested_branch_dag']) retrieved from /home/airflow/.local/lib/python3.7/site-packages/airflow/example_dags/example_nested_branch_dag.py
[2022-01-20 03:22:02,210] {logging_mixin.py:109} INFO - [2022-01-20 03:22:02,209] {dag.py:2389} INFO - Sync 1 DAGs
[2022-01-20 03:22:02,272] {logging_mixin.py:109} INFO - [2022-01-20 03:22:02,272] {dag.py:2914} INFO - Setting next_dagrun for example_nested_branch_dag to 2022-01-19 00:00:00+00:00
[2022-01-20 03:22:02,299] {processor.py:171} INFO - Processing /home/airflow/.local/lib/python3.7/site-packages/airflow/example_dags/example_nested_branch_dag.py took 0.223 seconds
[2022-01-20 03:22:32,577] {processor.py:163} INFO - Started process (PID=719) to work on /home/airflow/.local/lib/python3.7/site-packages/airflow/example_dags/example_nested_branch_dag.py
[2022-01-20 03:22:32,582] {processor.py:620} INFO - Processing file /home/airflow/.local/lib/python3.7/site-packages/airflow/example_dags/example_nested_branch_dag.py for tasks to queue
[2022-01-20 03:22:32,587] {logging_mixin.py:109} INFO - [2022-01-20 03:22:32,586] {dagbag.py:500} INFO - Filling up the DagBag from /home/airflow/.local/lib/python3.7/site-packages/airflow/example_dags/example_nested_branch_dag.py
[2022-01-20 03:22:32,687] {processor.py:632} INFO - DAG(s) dict_keys(['example_nested_branch_dag']) retrieved from /home/airflow/.local/lib/python3.7/site-packages/airflow/example_dags/example_nested_branch_dag.py
[2022-01-20 03:22:32,734] {logging_mixin.py:109} INFO - [2022-01-20 03:22:32,733] {dag.py:2389} INFO - Sync 1 DAGs
[2022-01-20 03:22:32,804] {logging_mixin.py:109} INFO - [2022-01-20 03:22:32,803] {dag.py:2914} INFO - Setting next_dagrun for example_nested_branch_dag to 2022-01-19 00:00:00+00:00
[2022-01-20 03:22:32,837] {processor.py:171} INFO - Processing /home/airflow/.local/lib/python3.7/site-packages/airflow/example_dags/example_nested_branch_dag.py took 0.268 seconds
[2022-01-20 03:23:03,920] {processor.py:163} INFO - Started process (PID=817) to work on /home/airflow/.local/lib/python3.7/site-packages/airflow/example_dags/example_nested_branch_dag.py
[2022-01-20 03:23:03,925] {processor.py:620} INFO - Processing file /home/airflow/.local/lib/python3.7/site-packages/airflow/example_dags/example_nested_branch_dag.py for tasks to queue
[2022-01-20 03:23:03,928] {logging_mixin.py:109} INFO - [2022-01-20 03:23:03,928] {dagbag.py:500} INFO - Filling up the DagBag from /home/airflow/.local/lib/python3.7/site-packages/airflow/example_dags/example_nested_branch_dag.py
[2022-01-20 03:23:04,009] {processor.py:632} INFO - DAG(s) dict_keys(['example_nested_branch_dag']) retrieved from /home/airflow/.local/lib/python3.7/site-packages/airflow/example_dags/example_nested_branch_dag.py
[2022-01-20 03:23:04,053] {logging_mixin.py:109} INFO - [2022-01-20 03:23:04,052] {dag.py:2389} INFO - Sync 1 DAGs
[2022-01-20 03:23:04,118] {logging_mixin.py:109} INFO - [2022-01-20 03:23:04,117] {dag.py:2914} INFO - Setting next_dagrun for example_nested_branch_dag to 2022-01-19 00:00:00+00:00
[2022-01-20 03:23:04,146] {processor.py:171} INFO - Processing /home/airflow/.local/lib/python3.7/site-packages/airflow/example_dags/example_nested_branch_dag.py took 0.235 seconds
[2022-01-20 03:23:37,431] {processor.py:163} INFO - Started process (PID=930) to work on /home/airflow/.local/lib/python3.7/site-packages/airflow/example_dags/example_nested_branch_dag.py
[2022-01-20 03:23:37,436] {processor.py:620} INFO - Processing file /home/airflow/.local/lib/python3.7/site-packages/airflow/example_dags/example_nested_branch_dag.py for tasks to queue
[2022-01-20 03:23:37,439] {logging_mixin.py:109} INFO - [2022-01-20 03:23:37,439] {dagbag.py:500} INFO - Filling up the DagBag from /home/airflow/.local/lib/python3.7/site-packages/airflow/example_dags/example_nested_branch_dag.py
[2022-01-20 03:23:37,532] {processor.py:632} INFO - DAG(s) dict_keys(['example_nested_branch_dag']) retrieved from /home/airflow/.local/lib/python3.7/site-packages/airflow/example_dags/example_nested_branch_dag.py
[2022-01-20 03:23:37,582] {logging_mixin.py:109} INFO - [2022-01-20 03:23:37,581] {dag.py:2389} INFO - Sync 1 DAGs
[2022-01-20 03:23:37,654] {logging_mixin.py:109} INFO - [2022-01-20 03:23:37,653] {dag.py:2914} INFO - Setting next_dagrun for example_nested_branch_dag to 2022-01-19 00:00:00+00:00
[2022-01-20 03:23:37,687] {processor.py:171} INFO - Processing /home/airflow/.local/lib/python3.7/site-packages/airflow/example_dags/example_nested_branch_dag.py took 0.264 seconds
[2022-01-20 03:24:09,361] {processor.py:163} INFO - Started process (PID=1026) to work on /home/airflow/.local/lib/python3.7/site-packages/airflow/example_dags/example_nested_branch_dag.py
[2022-01-20 03:24:09,365] {processor.py:620} INFO - Processing file /home/airflow/.local/lib/python3.7/site-packages/airflow/example_dags/example_nested_branch_dag.py for tasks to queue
[2022-01-20 03:24:09,368] {logging_mixin.py:109} INFO - [2022-01-20 03:24:09,368] {dagbag.py:500} INFO - Filling up the DagBag from /home/airflow/.local/lib/python3.7/site-packages/airflow/example_dags/example_nested_branch_dag.py
[2022-01-20 03:24:09,438] {processor.py:632} INFO - DAG(s) dict_keys(['example_nested_branch_dag']) retrieved from /home/airflow/.local/lib/python3.7/site-packages/airflow/example_dags/example_nested_branch_dag.py
[2022-01-20 03:24:09,479] {logging_mixin.py:109} INFO - [2022-01-20 03:24:09,479] {dag.py:2389} INFO - Sync 1 DAGs
[2022-01-20 03:24:09,535] {logging_mixin.py:109} INFO - [2022-01-20 03:24:09,535] {dag.py:2914} INFO - Setting next_dagrun for example_nested_branch_dag to 2022-01-19 00:00:00+00:00
[2022-01-20 03:24:09,560] {processor.py:171} INFO - Processing /home/airflow/.local/lib/python3.7/site-packages/airflow/example_dags/example_nested_branch_dag.py took 0.206 seconds
[2022-01-20 03:24:42,444] {processor.py:163} INFO - Started process (PID=1142) to work on /home/airflow/.local/lib/python3.7/site-packages/airflow/example_dags/example_nested_branch_dag.py
[2022-01-20 03:24:42,448] {processor.py:620} INFO - Processing file /home/airflow/.local/lib/python3.7/site-packages/airflow/example_dags/example_nested_branch_dag.py for tasks to queue
[2022-01-20 03:24:42,451] {logging_mixin.py:109} INFO - [2022-01-20 03:24:42,451] {dagbag.py:500} INFO - Filling up the DagBag from /home/airflow/.local/lib/python3.7/site-packages/airflow/example_dags/example_nested_branch_dag.py
[2022-01-20 03:24:42,532] {processor.py:632} INFO - DAG(s) dict_keys(['example_nested_branch_dag']) retrieved from /home/airflow/.local/lib/python3.7/site-packages/airflow/example_dags/example_nested_branch_dag.py
[2022-01-20 03:24:42,578] {logging_mixin.py:109} INFO - [2022-01-20 03:24:42,578] {dag.py:2389} INFO - Sync 1 DAGs
[2022-01-20 03:24:42,647] {logging_mixin.py:109} INFO - [2022-01-20 03:24:42,647] {dag.py:2914} INFO - Setting next_dagrun for example_nested_branch_dag to 2022-01-19 00:00:00+00:00
[2022-01-20 03:24:42,676] {processor.py:171} INFO - Processing /home/airflow/.local/lib/python3.7/site-packages/airflow/example_dags/example_nested_branch_dag.py took 0.239 seconds
[2022-01-20 03:25:15,973] {processor.py:163} INFO - Started process (PID=1255) to work on /home/airflow/.local/lib/python3.7/site-packages/airflow/example_dags/example_nested_branch_dag.py
[2022-01-20 03:25:15,979] {processor.py:620} INFO - Processing file /home/airflow/.local/lib/python3.7/site-packages/airflow/example_dags/example_nested_branch_dag.py for tasks to queue
[2022-01-20 03:25:15,992] {logging_mixin.py:109} INFO - [2022-01-20 03:25:15,992] {dagbag.py:500} INFO - Filling up the DagBag from /home/airflow/.local/lib/python3.7/site-packages/airflow/example_dags/example_nested_branch_dag.py
[2022-01-20 03:25:16,078] {processor.py:632} INFO - DAG(s) dict_keys(['example_nested_branch_dag']) retrieved from /home/airflow/.local/lib/python3.7/site-packages/airflow/example_dags/example_nested_branch_dag.py
[2022-01-20 03:25:16,128] {logging_mixin.py:109} INFO - [2022-01-20 03:25:16,127] {dag.py:2389} INFO - Sync 1 DAGs
[2022-01-20 03:25:16,192] {logging_mixin.py:109} INFO - [2022-01-20 03:25:16,191] {dag.py:2914} INFO - Setting next_dagrun for example_nested_branch_dag to 2022-01-19 00:00:00+00:00
[2022-01-20 03:25:16,220] {processor.py:171} INFO - Processing /home/airflow/.local/lib/python3.7/site-packages/airflow/example_dags/example_nested_branch_dag.py took 0.255 seconds
[2022-01-20 03:25:49,279] {processor.py:163} INFO - Started process (PID=1354) to work on /home/airflow/.local/lib/python3.7/site-packages/airflow/example_dags/example_nested_branch_dag.py
[2022-01-20 03:25:49,283] {processor.py:620} INFO - Processing file /home/airflow/.local/lib/python3.7/site-packages/airflow/example_dags/example_nested_branch_dag.py for tasks to queue
[2022-01-20 03:25:49,286] {logging_mixin.py:109} INFO - [2022-01-20 03:25:49,286] {dagbag.py:500} INFO - Filling up the DagBag from /home/airflow/.local/lib/python3.7/site-packages/airflow/example_dags/example_nested_branch_dag.py
[2022-01-20 03:25:49,358] {processor.py:632} INFO - DAG(s) dict_keys(['example_nested_branch_dag']) retrieved from /home/airflow/.local/lib/python3.7/site-packages/airflow/example_dags/example_nested_branch_dag.py
[2022-01-20 03:25:49,400] {logging_mixin.py:109} INFO - [2022-01-20 03:25:49,400] {dag.py:2389} INFO - Sync 1 DAGs
[2022-01-20 03:25:49,461] {logging_mixin.py:109} INFO - [2022-01-20 03:25:49,460] {dag.py:2914} INFO - Setting next_dagrun for example_nested_branch_dag to 2022-01-19 00:00:00+00:00
[2022-01-20 03:25:49,491] {processor.py:171} INFO - Processing /home/airflow/.local/lib/python3.7/site-packages/airflow/example_dags/example_nested_branch_dag.py took 0.218 seconds
[2022-01-20 03:26:22,428] {processor.py:163} INFO - Started process (PID=1473) to work on /home/airflow/.local/lib/python3.7/site-packages/airflow/example_dags/example_nested_branch_dag.py
[2022-01-20 03:26:22,434] {processor.py:620} INFO - Processing file /home/airflow/.local/lib/python3.7/site-packages/airflow/example_dags/example_nested_branch_dag.py for tasks to queue
[2022-01-20 03:26:22,438] {logging_mixin.py:109} INFO - [2022-01-20 03:26:22,437] {dagbag.py:500} INFO - Filling up the DagBag from /home/airflow/.local/lib/python3.7/site-packages/airflow/example_dags/example_nested_branch_dag.py
[2022-01-20 03:26:22,531] {processor.py:632} INFO - DAG(s) dict_keys(['example_nested_branch_dag']) retrieved from /home/airflow/.local/lib/python3.7/site-packages/airflow/example_dags/example_nested_branch_dag.py
[2022-01-20 03:26:22,579] {logging_mixin.py:109} INFO - [2022-01-20 03:26:22,579] {dag.py:2389} INFO - Sync 1 DAGs
[2022-01-20 03:26:22,650] {logging_mixin.py:109} INFO - [2022-01-20 03:26:22,649] {dag.py:2914} INFO - Setting next_dagrun for example_nested_branch_dag to 2022-01-19 00:00:00+00:00
[2022-01-20 03:26:22,680] {processor.py:171} INFO - Processing /home/airflow/.local/lib/python3.7/site-packages/airflow/example_dags/example_nested_branch_dag.py took 0.263 seconds
[2022-01-20 03:26:53,550] {processor.py:163} INFO - Started process (PID=1581) to work on /home/airflow/.local/lib/python3.7/site-packages/airflow/example_dags/example_nested_branch_dag.py
[2022-01-20 03:26:53,562] {processor.py:620} INFO - Processing file /home/airflow/.local/lib/python3.7/site-packages/airflow/example_dags/example_nested_branch_dag.py for tasks to queue
[2022-01-20 03:26:53,572] {logging_mixin.py:109} INFO - [2022-01-20 03:26:53,572] {dagbag.py:500} INFO - Filling up the DagBag from /home/airflow/.local/lib/python3.7/site-packages/airflow/example_dags/example_nested_branch_dag.py
[2022-01-20 03:26:53,668] {processor.py:632} INFO - DAG(s) dict_keys(['example_nested_branch_dag']) retrieved from /home/airflow/.local/lib/python3.7/site-packages/airflow/example_dags/example_nested_branch_dag.py
[2022-01-20 03:26:53,717] {logging_mixin.py:109} INFO - [2022-01-20 03:26:53,717] {dag.py:2389} INFO - Sync 1 DAGs
[2022-01-20 03:26:53,792] {logging_mixin.py:109} INFO - [2022-01-20 03:26:53,791] {dag.py:2914} INFO - Setting next_dagrun for example_nested_branch_dag to 2022-01-19 00:00:00+00:00
[2022-01-20 03:26:53,862] {processor.py:171} INFO - Processing /home/airflow/.local/lib/python3.7/site-packages/airflow/example_dags/example_nested_branch_dag.py took 0.320 seconds
[2022-01-20 03:27:24,440] {processor.py:163} INFO - Started process (PID=1672) to work on /home/airflow/.local/lib/python3.7/site-packages/airflow/example_dags/example_nested_branch_dag.py
[2022-01-20 03:27:24,444] {processor.py:620} INFO - Processing file /home/airflow/.local/lib/python3.7/site-packages/airflow/example_dags/example_nested_branch_dag.py for tasks to queue
[2022-01-20 03:27:24,447] {logging_mixin.py:109} INFO - [2022-01-20 03:27:24,447] {dagbag.py:500} INFO - Filling up the DagBag from /home/airflow/.local/lib/python3.7/site-packages/airflow/example_dags/example_nested_branch_dag.py
[2022-01-20 03:27:24,522] {processor.py:632} INFO - DAG(s) dict_keys(['example_nested_branch_dag']) retrieved from /home/airflow/.local/lib/python3.7/site-packages/airflow/example_dags/example_nested_branch_dag.py
[2022-01-20 03:27:24,564] {logging_mixin.py:109} INFO - [2022-01-20 03:27:24,563] {dag.py:2389} INFO - Sync 1 DAGs
[2022-01-20 03:27:24,636] {logging_mixin.py:109} INFO - [2022-01-20 03:27:24,635] {dag.py:2914} INFO - Setting next_dagrun for example_nested_branch_dag to 2022-01-19 00:00:00+00:00
[2022-01-20 03:27:24,664] {processor.py:171} INFO - Processing /home/airflow/.local/lib/python3.7/site-packages/airflow/example_dags/example_nested_branch_dag.py took 0.230 seconds
[2022-01-20 03:27:55,214] {processor.py:163} INFO - Started process (PID=1785) to work on /home/airflow/.local/lib/python3.7/site-packages/airflow/example_dags/example_nested_branch_dag.py
[2022-01-20 03:27:55,224] {processor.py:620} INFO - Processing file /home/airflow/.local/lib/python3.7/site-packages/airflow/example_dags/example_nested_branch_dag.py for tasks to queue
[2022-01-20 03:27:55,235] {logging_mixin.py:109} INFO - [2022-01-20 03:27:55,235] {dagbag.py:500} INFO - Filling up the DagBag from /home/airflow/.local/lib/python3.7/site-packages/airflow/example_dags/example_nested_branch_dag.py
[2022-01-20 03:27:55,335] {processor.py:632} INFO - DAG(s) dict_keys(['example_nested_branch_dag']) retrieved from /home/airflow/.local/lib/python3.7/site-packages/airflow/example_dags/example_nested_branch_dag.py
[2022-01-20 03:27:55,381] {logging_mixin.py:109} INFO - [2022-01-20 03:27:55,381] {dag.py:2389} INFO - Sync 1 DAGs
[2022-01-20 03:27:55,448] {logging_mixin.py:109} INFO - [2022-01-20 03:27:55,447] {dag.py:2914} INFO - Setting next_dagrun for example_nested_branch_dag to 2022-01-19 00:00:00+00:00
[2022-01-20 03:27:55,477] {processor.py:171} INFO - Processing /home/airflow/.local/lib/python3.7/site-packages/airflow/example_dags/example_nested_branch_dag.py took 0.271 seconds
[2022-01-20 03:28:26,092] {processor.py:163} INFO - Started process (PID=1882) to work on /home/airflow/.local/lib/python3.7/site-packages/airflow/example_dags/example_nested_branch_dag.py
[2022-01-20 03:28:26,097] {processor.py:620} INFO - Processing file /home/airflow/.local/lib/python3.7/site-packages/airflow/example_dags/example_nested_branch_dag.py for tasks to queue
[2022-01-20 03:28:26,100] {logging_mixin.py:109} INFO - [2022-01-20 03:28:26,099] {dagbag.py:500} INFO - Filling up the DagBag from /home/airflow/.local/lib/python3.7/site-packages/airflow/example_dags/example_nested_branch_dag.py
[2022-01-20 03:28:26,176] {processor.py:632} INFO - DAG(s) dict_keys(['example_nested_branch_dag']) retrieved from /home/airflow/.local/lib/python3.7/site-packages/airflow/example_dags/example_nested_branch_dag.py
[2022-01-20 03:28:26,213] {logging_mixin.py:109} INFO - [2022-01-20 03:28:26,213] {dag.py:2389} INFO - Sync 1 DAGs
[2022-01-20 03:28:26,262] {logging_mixin.py:109} INFO - [2022-01-20 03:28:26,261] {dag.py:2914} INFO - Setting next_dagrun for example_nested_branch_dag to 2022-01-19 00:00:00+00:00
[2022-01-20 03:28:26,283] {processor.py:171} INFO - Processing /home/airflow/.local/lib/python3.7/site-packages/airflow/example_dags/example_nested_branch_dag.py took 0.199 seconds
[2022-01-20 03:28:56,751] {processor.py:163} INFO - Started process (PID=1994) to work on /home/airflow/.local/lib/python3.7/site-packages/airflow/example_dags/example_nested_branch_dag.py
[2022-01-20 03:28:56,756] {processor.py:620} INFO - Processing file /home/airflow/.local/lib/python3.7/site-packages/airflow/example_dags/example_nested_branch_dag.py for tasks to queue
[2022-01-20 03:28:56,759] {logging_mixin.py:109} INFO - [2022-01-20 03:28:56,758] {dagbag.py:500} INFO - Filling up the DagBag from /home/airflow/.local/lib/python3.7/site-packages/airflow/example_dags/example_nested_branch_dag.py
[2022-01-20 03:28:56,858] {processor.py:632} INFO - DAG(s) dict_keys(['example_nested_branch_dag']) retrieved from /home/airflow/.local/lib/python3.7/site-packages/airflow/example_dags/example_nested_branch_dag.py
[2022-01-20 03:28:56,906] {logging_mixin.py:109} INFO - [2022-01-20 03:28:56,906] {dag.py:2389} INFO - Sync 1 DAGs
[2022-01-20 03:28:56,976] {logging_mixin.py:109} INFO - [2022-01-20 03:28:56,975] {dag.py:2914} INFO - Setting next_dagrun for example_nested_branch_dag to 2022-01-19 00:00:00+00:00
[2022-01-20 03:28:57,003] {processor.py:171} INFO - Processing /home/airflow/.local/lib/python3.7/site-packages/airflow/example_dags/example_nested_branch_dag.py took 0.259 seconds
[2022-01-20 03:29:27,955] {processor.py:163} INFO - Started process (PID=2095) to work on /home/airflow/.local/lib/python3.7/site-packages/airflow/example_dags/example_nested_branch_dag.py
[2022-01-20 03:29:27,960] {processor.py:620} INFO - Processing file /home/airflow/.local/lib/python3.7/site-packages/airflow/example_dags/example_nested_branch_dag.py for tasks to queue
[2022-01-20 03:29:27,963] {logging_mixin.py:109} INFO - [2022-01-20 03:29:27,963] {dagbag.py:500} INFO - Filling up the DagBag from /home/airflow/.local/lib/python3.7/site-packages/airflow/example_dags/example_nested_branch_dag.py
[2022-01-20 03:29:28,037] {processor.py:632} INFO - DAG(s) dict_keys(['example_nested_branch_dag']) retrieved from /home/airflow/.local/lib/python3.7/site-packages/airflow/example_dags/example_nested_branch_dag.py
[2022-01-20 03:29:28,075] {logging_mixin.py:109} INFO - [2022-01-20 03:29:28,075] {dag.py:2389} INFO - Sync 1 DAGs
[2022-01-20 03:29:28,128] {logging_mixin.py:109} INFO - [2022-01-20 03:29:28,128] {dag.py:2914} INFO - Setting next_dagrun for example_nested_branch_dag to 2022-01-19 00:00:00+00:00
[2022-01-20 03:29:28,150] {processor.py:171} INFO - Processing /home/airflow/.local/lib/python3.7/site-packages/airflow/example_dags/example_nested_branch_dag.py took 0.205 seconds
[2022-01-20 03:29:58,362] {processor.py:163} INFO - Started process (PID=2210) to work on /home/airflow/.local/lib/python3.7/site-packages/airflow/example_dags/example_nested_branch_dag.py
[2022-01-20 03:29:58,366] {processor.py:620} INFO - Processing file /home/airflow/.local/lib/python3.7/site-packages/airflow/example_dags/example_nested_branch_dag.py for tasks to queue
[2022-01-20 03:29:58,369] {logging_mixin.py:109} INFO - [2022-01-20 03:29:58,369] {dagbag.py:500} INFO - Filling up the DagBag from /home/airflow/.local/lib/python3.7/site-packages/airflow/example_dags/example_nested_branch_dag.py
[2022-01-20 03:29:58,465] {processor.py:632} INFO - DAG(s) dict_keys(['example_nested_branch_dag']) retrieved from /home/airflow/.local/lib/python3.7/site-packages/airflow/example_dags/example_nested_branch_dag.py
[2022-01-20 03:29:58,511] {logging_mixin.py:109} INFO - [2022-01-20 03:29:58,511] {dag.py:2389} INFO - Sync 1 DAGs
[2022-01-20 03:29:58,577] {logging_mixin.py:109} INFO - [2022-01-20 03:29:58,576] {dag.py:2914} INFO - Setting next_dagrun for example_nested_branch_dag to 2022-01-19 00:00:00+00:00
[2022-01-20 03:29:58,603] {processor.py:171} INFO - Processing /home/airflow/.local/lib/python3.7/site-packages/airflow/example_dags/example_nested_branch_dag.py took 0.247 seconds
[2022-01-20 03:30:28,917] {processor.py:163} INFO - Started process (PID=2306) to work on /home/airflow/.local/lib/python3.7/site-packages/airflow/example_dags/example_nested_branch_dag.py
[2022-01-20 03:30:28,921] {processor.py:620} INFO - Processing file /home/airflow/.local/lib/python3.7/site-packages/airflow/example_dags/example_nested_branch_dag.py for tasks to queue
[2022-01-20 03:30:28,923] {logging_mixin.py:109} INFO - [2022-01-20 03:30:28,923] {dagbag.py:500} INFO - Filling up the DagBag from /home/airflow/.local/lib/python3.7/site-packages/airflow/example_dags/example_nested_branch_dag.py
[2022-01-20 03:30:28,989] {processor.py:632} INFO - DAG(s) dict_keys(['example_nested_branch_dag']) retrieved from /home/airflow/.local/lib/python3.7/site-packages/airflow/example_dags/example_nested_branch_dag.py
[2022-01-20 03:30:29,026] {logging_mixin.py:109} INFO - [2022-01-20 03:30:29,025] {dag.py:2389} INFO - Sync 1 DAGs
[2022-01-20 03:30:29,078] {logging_mixin.py:109} INFO - [2022-01-20 03:30:29,077] {dag.py:2914} INFO - Setting next_dagrun for example_nested_branch_dag to 2022-01-19 00:00:00+00:00
[2022-01-20 03:30:29,099] {processor.py:171} INFO - Processing /home/airflow/.local/lib/python3.7/site-packages/airflow/example_dags/example_nested_branch_dag.py took 0.189 seconds
[2022-01-20 03:30:59,167] {processor.py:163} INFO - Started process (PID=2422) to work on /home/airflow/.local/lib/python3.7/site-packages/airflow/example_dags/example_nested_branch_dag.py
[2022-01-20 03:30:59,171] {processor.py:620} INFO - Processing file /home/airflow/.local/lib/python3.7/site-packages/airflow/example_dags/example_nested_branch_dag.py for tasks to queue
[2022-01-20 03:30:59,174] {logging_mixin.py:109} INFO - [2022-01-20 03:30:59,173] {dagbag.py:500} INFO - Filling up the DagBag from /home/airflow/.local/lib/python3.7/site-packages/airflow/example_dags/example_nested_branch_dag.py
[2022-01-20 03:30:59,259] {processor.py:632} INFO - DAG(s) dict_keys(['example_nested_branch_dag']) retrieved from /home/airflow/.local/lib/python3.7/site-packages/airflow/example_dags/example_nested_branch_dag.py
[2022-01-20 03:30:59,305] {logging_mixin.py:109} INFO - [2022-01-20 03:30:59,304] {dag.py:2389} INFO - Sync 1 DAGs
[2022-01-20 03:30:59,486] {logging_mixin.py:109} INFO - [2022-01-20 03:30:59,485] {dag.py:2914} INFO - Setting next_dagrun for example_nested_branch_dag to 2022-01-19 00:00:00+00:00
[2022-01-20 03:30:59,514] {processor.py:171} INFO - Processing /home/airflow/.local/lib/python3.7/site-packages/airflow/example_dags/example_nested_branch_dag.py took 0.355 seconds
[2022-01-20 03:31:30,274] {processor.py:163} INFO - Started process (PID=2520) to work on /home/airflow/.local/lib/python3.7/site-packages/airflow/example_dags/example_nested_branch_dag.py
[2022-01-20 03:31:30,279] {processor.py:620} INFO - Processing file /home/airflow/.local/lib/python3.7/site-packages/airflow/example_dags/example_nested_branch_dag.py for tasks to queue
[2022-01-20 03:31:30,281] {logging_mixin.py:109} INFO - [2022-01-20 03:31:30,281] {dagbag.py:500} INFO - Filling up the DagBag from /home/airflow/.local/lib/python3.7/site-packages/airflow/example_dags/example_nested_branch_dag.py
[2022-01-20 03:31:30,367] {processor.py:632} INFO - DAG(s) dict_keys(['example_nested_branch_dag']) retrieved from /home/airflow/.local/lib/python3.7/site-packages/airflow/example_dags/example_nested_branch_dag.py
[2022-01-20 03:31:30,414] {logging_mixin.py:109} INFO - [2022-01-20 03:31:30,413] {dag.py:2389} INFO - Sync 1 DAGs
[2022-01-20 03:31:30,616] {logging_mixin.py:109} INFO - [2022-01-20 03:31:30,616] {dag.py:2914} INFO - Setting next_dagrun for example_nested_branch_dag to 2022-01-19 00:00:00+00:00
[2022-01-20 03:31:30,650] {processor.py:171} INFO - Processing /home/airflow/.local/lib/python3.7/site-packages/airflow/example_dags/example_nested_branch_dag.py took 0.382 seconds
[2022-01-20 03:32:01,499] {processor.py:163} INFO - Started process (PID=2633) to work on /home/airflow/.local/lib/python3.7/site-packages/airflow/example_dags/example_nested_branch_dag.py
[2022-01-20 03:32:01,504] {processor.py:620} INFO - Processing file /home/airflow/.local/lib/python3.7/site-packages/airflow/example_dags/example_nested_branch_dag.py for tasks to queue
[2022-01-20 03:32:01,508] {logging_mixin.py:109} INFO - [2022-01-20 03:32:01,507] {dagbag.py:500} INFO - Filling up the DagBag from /home/airflow/.local/lib/python3.7/site-packages/airflow/example_dags/example_nested_branch_dag.py
[2022-01-20 03:32:01,616] {processor.py:632} INFO - DAG(s) dict_keys(['example_nested_branch_dag']) retrieved from /home/airflow/.local/lib/python3.7/site-packages/airflow/example_dags/example_nested_branch_dag.py
[2022-01-20 03:32:01,676] {logging_mixin.py:109} INFO - [2022-01-20 03:32:01,676] {dag.py:2389} INFO - Sync 1 DAGs
[2022-01-20 03:32:01,871] {logging_mixin.py:109} INFO - [2022-01-20 03:32:01,870] {dag.py:2914} INFO - Setting next_dagrun for example_nested_branch_dag to 2022-01-19 00:00:00+00:00
[2022-01-20 03:32:01,899] {processor.py:171} INFO - Processing /home/airflow/.local/lib/python3.7/site-packages/airflow/example_dags/example_nested_branch_dag.py took 0.408 seconds
[2022-01-20 03:32:32,342] {processor.py:163} INFO - Started process (PID=2748) to work on /home/airflow/.local/lib/python3.7/site-packages/airflow/example_dags/example_nested_branch_dag.py
[2022-01-20 03:32:32,346] {processor.py:620} INFO - Processing file /home/airflow/.local/lib/python3.7/site-packages/airflow/example_dags/example_nested_branch_dag.py for tasks to queue
[2022-01-20 03:32:32,349] {logging_mixin.py:109} INFO - [2022-01-20 03:32:32,349] {dagbag.py:500} INFO - Filling up the DagBag from /home/airflow/.local/lib/python3.7/site-packages/airflow/example_dags/example_nested_branch_dag.py
[2022-01-20 03:32:32,434] {processor.py:632} INFO - DAG(s) dict_keys(['example_nested_branch_dag']) retrieved from /home/airflow/.local/lib/python3.7/site-packages/airflow/example_dags/example_nested_branch_dag.py
[2022-01-20 03:32:32,480] {logging_mixin.py:109} INFO - [2022-01-20 03:32:32,480] {dag.py:2389} INFO - Sync 1 DAGs
[2022-01-20 03:32:32,684] {logging_mixin.py:109} INFO - [2022-01-20 03:32:32,683] {dag.py:2914} INFO - Setting next_dagrun for example_nested_branch_dag to 2022-01-19 00:00:00+00:00
[2022-01-20 03:32:32,714] {processor.py:171} INFO - Processing /home/airflow/.local/lib/python3.7/site-packages/airflow/example_dags/example_nested_branch_dag.py took 0.379 seconds
[2022-01-20 03:33:03,629] {processor.py:163} INFO - Started process (PID=2848) to work on /home/airflow/.local/lib/python3.7/site-packages/airflow/example_dags/example_nested_branch_dag.py
[2022-01-20 03:33:03,633] {processor.py:620} INFO - Processing file /home/airflow/.local/lib/python3.7/site-packages/airflow/example_dags/example_nested_branch_dag.py for tasks to queue
[2022-01-20 03:33:03,637] {logging_mixin.py:109} INFO - [2022-01-20 03:33:03,636] {dagbag.py:500} INFO - Filling up the DagBag from /home/airflow/.local/lib/python3.7/site-packages/airflow/example_dags/example_nested_branch_dag.py
[2022-01-20 03:33:03,729] {processor.py:632} INFO - DAG(s) dict_keys(['example_nested_branch_dag']) retrieved from /home/airflow/.local/lib/python3.7/site-packages/airflow/example_dags/example_nested_branch_dag.py
[2022-01-20 03:33:03,775] {logging_mixin.py:109} INFO - [2022-01-20 03:33:03,775] {dag.py:2389} INFO - Sync 1 DAGs
[2022-01-20 03:33:03,962] {logging_mixin.py:109} INFO - [2022-01-20 03:33:03,961] {dag.py:2914} INFO - Setting next_dagrun for example_nested_branch_dag to 2022-01-19 00:00:00+00:00
[2022-01-20 03:33:03,988] {processor.py:171} INFO - Processing /home/airflow/.local/lib/python3.7/site-packages/airflow/example_dags/example_nested_branch_dag.py took 0.366 seconds
[2022-01-20 03:33:35,337] {processor.py:163} INFO - Started process (PID=2963) to work on /home/airflow/.local/lib/python3.7/site-packages/airflow/example_dags/example_nested_branch_dag.py
[2022-01-20 03:33:35,343] {processor.py:620} INFO - Processing file /home/airflow/.local/lib/python3.7/site-packages/airflow/example_dags/example_nested_branch_dag.py for tasks to queue
[2022-01-20 03:33:35,347] {logging_mixin.py:109} INFO - [2022-01-20 03:33:35,346] {dagbag.py:500} INFO - Filling up the DagBag from /home/airflow/.local/lib/python3.7/site-packages/airflow/example_dags/example_nested_branch_dag.py
[2022-01-20 03:33:35,624] {processor.py:632} INFO - DAG(s) dict_keys(['example_nested_branch_dag']) retrieved from /home/airflow/.local/lib/python3.7/site-packages/airflow/example_dags/example_nested_branch_dag.py
[2022-01-20 03:33:35,670] {logging_mixin.py:109} INFO - [2022-01-20 03:33:35,670] {dag.py:2389} INFO - Sync 1 DAGs
[2022-01-20 03:33:35,737] {logging_mixin.py:109} INFO - [2022-01-20 03:33:35,736] {dag.py:2914} INFO - Setting next_dagrun for example_nested_branch_dag to 2022-01-19 00:00:00+00:00
[2022-01-20 03:33:35,765] {processor.py:171} INFO - Processing /home/airflow/.local/lib/python3.7/site-packages/airflow/example_dags/example_nested_branch_dag.py took 0.441 seconds
[2022-01-20 03:34:06,660] {processor.py:163} INFO - Started process (PID=3060) to work on /home/airflow/.local/lib/python3.7/site-packages/airflow/example_dags/example_nested_branch_dag.py
[2022-01-20 03:34:06,664] {processor.py:620} INFO - Processing file /home/airflow/.local/lib/python3.7/site-packages/airflow/example_dags/example_nested_branch_dag.py for tasks to queue
[2022-01-20 03:34:06,668] {logging_mixin.py:109} INFO - [2022-01-20 03:34:06,667] {dagbag.py:500} INFO - Filling up the DagBag from /home/airflow/.local/lib/python3.7/site-packages/airflow/example_dags/example_nested_branch_dag.py
[2022-01-20 03:34:06,869] {processor.py:632} INFO - DAG(s) dict_keys(['example_nested_branch_dag']) retrieved from /home/airflow/.local/lib/python3.7/site-packages/airflow/example_dags/example_nested_branch_dag.py
[2022-01-20 03:34:06,915] {logging_mixin.py:109} INFO - [2022-01-20 03:34:06,914] {dag.py:2389} INFO - Sync 1 DAGs
[2022-01-20 03:34:06,977] {logging_mixin.py:109} INFO - [2022-01-20 03:34:06,976] {dag.py:2914} INFO - Setting next_dagrun for example_nested_branch_dag to 2022-01-19 00:00:00+00:00
[2022-01-20 03:34:07,006] {processor.py:171} INFO - Processing /home/airflow/.local/lib/python3.7/site-packages/airflow/example_dags/example_nested_branch_dag.py took 0.354 seconds
[2022-01-20 03:34:37,508] {processor.py:163} INFO - Started process (PID=3166) to work on /home/airflow/.local/lib/python3.7/site-packages/airflow/example_dags/example_nested_branch_dag.py
[2022-01-20 03:34:37,519] {processor.py:620} INFO - Processing file /home/airflow/.local/lib/python3.7/site-packages/airflow/example_dags/example_nested_branch_dag.py for tasks to queue
[2022-01-20 03:34:37,525] {logging_mixin.py:109} INFO - [2022-01-20 03:34:37,524] {dagbag.py:500} INFO - Filling up the DagBag from /home/airflow/.local/lib/python3.7/site-packages/airflow/example_dags/example_nested_branch_dag.py
[2022-01-20 03:34:37,820] {processor.py:632} INFO - DAG(s) dict_keys(['example_nested_branch_dag']) retrieved from /home/airflow/.local/lib/python3.7/site-packages/airflow/example_dags/example_nested_branch_dag.py
[2022-01-20 03:34:37,875] {logging_mixin.py:109} INFO - [2022-01-20 03:34:37,874] {dag.py:2389} INFO - Sync 1 DAGs
[2022-01-20 03:34:37,943] {logging_mixin.py:109} INFO - [2022-01-20 03:34:37,942] {dag.py:2914} INFO - Setting next_dagrun for example_nested_branch_dag to 2022-01-19 00:00:00+00:00
[2022-01-20 03:34:37,970] {processor.py:171} INFO - Processing /home/airflow/.local/lib/python3.7/site-packages/airflow/example_dags/example_nested_branch_dag.py took 0.474 seconds
[2022-01-20 03:35:08,260] {processor.py:163} INFO - Started process (PID=3256) to work on /home/airflow/.local/lib/python3.7/site-packages/airflow/example_dags/example_nested_branch_dag.py
[2022-01-20 03:35:08,265] {processor.py:620} INFO - Processing file /home/airflow/.local/lib/python3.7/site-packages/airflow/example_dags/example_nested_branch_dag.py for tasks to queue
[2022-01-20 03:35:08,269] {logging_mixin.py:109} INFO - [2022-01-20 03:35:08,269] {dagbag.py:500} INFO - Filling up the DagBag from /home/airflow/.local/lib/python3.7/site-packages/airflow/example_dags/example_nested_branch_dag.py
[2022-01-20 03:35:08,459] {processor.py:632} INFO - DAG(s) dict_keys(['example_nested_branch_dag']) retrieved from /home/airflow/.local/lib/python3.7/site-packages/airflow/example_dags/example_nested_branch_dag.py
[2022-01-20 03:35:08,501] {logging_mixin.py:109} INFO - [2022-01-20 03:35:08,500] {dag.py:2389} INFO - Sync 1 DAGs
[2022-01-20 03:35:08,565] {logging_mixin.py:109} INFO - [2022-01-20 03:35:08,564] {dag.py:2914} INFO - Setting next_dagrun for example_nested_branch_dag to 2022-01-19 00:00:00+00:00
[2022-01-20 03:35:08,593] {processor.py:171} INFO - Processing /home/airflow/.local/lib/python3.7/site-packages/airflow/example_dags/example_nested_branch_dag.py took 0.342 seconds
[2022-01-20 03:35:38,724] {processor.py:163} INFO - Started process (PID=3368) to work on /home/airflow/.local/lib/python3.7/site-packages/airflow/example_dags/example_nested_branch_dag.py
[2022-01-20 03:35:38,732] {processor.py:620} INFO - Processing file /home/airflow/.local/lib/python3.7/site-packages/airflow/example_dags/example_nested_branch_dag.py for tasks to queue
[2022-01-20 03:35:38,739] {logging_mixin.py:109} INFO - [2022-01-20 03:35:38,738] {dagbag.py:500} INFO - Filling up the DagBag from /home/airflow/.local/lib/python3.7/site-packages/airflow/example_dags/example_nested_branch_dag.py
[2022-01-20 03:35:38,833] {processor.py:632} INFO - DAG(s) dict_keys(['example_nested_branch_dag']) retrieved from /home/airflow/.local/lib/python3.7/site-packages/airflow/example_dags/example_nested_branch_dag.py
[2022-01-20 03:35:38,923] {logging_mixin.py:109} INFO - [2022-01-20 03:35:38,923] {dag.py:2389} INFO - Sync 1 DAGs
[2022-01-20 03:35:38,996] {logging_mixin.py:109} INFO - [2022-01-20 03:35:38,996] {dag.py:2914} INFO - Setting next_dagrun for example_nested_branch_dag to 2022-01-19 00:00:00+00:00
[2022-01-20 03:35:39,027] {processor.py:171} INFO - Processing /home/airflow/.local/lib/python3.7/site-packages/airflow/example_dags/example_nested_branch_dag.py took 0.322 seconds
[2022-01-20 03:36:09,155] {processor.py:163} INFO - Started process (PID=3462) to work on /home/airflow/.local/lib/python3.7/site-packages/airflow/example_dags/example_nested_branch_dag.py
[2022-01-20 03:36:09,159] {processor.py:620} INFO - Processing file /home/airflow/.local/lib/python3.7/site-packages/airflow/example_dags/example_nested_branch_dag.py for tasks to queue
[2022-01-20 03:36:09,161] {logging_mixin.py:109} INFO - [2022-01-20 03:36:09,161] {dagbag.py:500} INFO - Filling up the DagBag from /home/airflow/.local/lib/python3.7/site-packages/airflow/example_dags/example_nested_branch_dag.py
[2022-01-20 03:36:09,234] {processor.py:632} INFO - DAG(s) dict_keys(['example_nested_branch_dag']) retrieved from /home/airflow/.local/lib/python3.7/site-packages/airflow/example_dags/example_nested_branch_dag.py
[2022-01-20 03:36:09,270] {logging_mixin.py:109} INFO - [2022-01-20 03:36:09,269] {dag.py:2389} INFO - Sync 1 DAGs
[2022-01-20 03:36:09,324] {logging_mixin.py:109} INFO - [2022-01-20 03:36:09,323] {dag.py:2914} INFO - Setting next_dagrun for example_nested_branch_dag to 2022-01-19 00:00:00+00:00
[2022-01-20 03:36:09,346] {processor.py:171} INFO - Processing /home/airflow/.local/lib/python3.7/site-packages/airflow/example_dags/example_nested_branch_dag.py took 0.198 seconds
[2022-01-20 03:36:39,525] {processor.py:163} INFO - Started process (PID=3573) to work on /home/airflow/.local/lib/python3.7/site-packages/airflow/example_dags/example_nested_branch_dag.py
[2022-01-20 03:36:39,529] {processor.py:620} INFO - Processing file /home/airflow/.local/lib/python3.7/site-packages/airflow/example_dags/example_nested_branch_dag.py for tasks to queue
[2022-01-20 03:36:39,532] {logging_mixin.py:109} INFO - [2022-01-20 03:36:39,532] {dagbag.py:500} INFO - Filling up the DagBag from /home/airflow/.local/lib/python3.7/site-packages/airflow/example_dags/example_nested_branch_dag.py
[2022-01-20 03:36:39,620] {processor.py:632} INFO - DAG(s) dict_keys(['example_nested_branch_dag']) retrieved from /home/airflow/.local/lib/python3.7/site-packages/airflow/example_dags/example_nested_branch_dag.py
[2022-01-20 03:36:39,666] {logging_mixin.py:109} INFO - [2022-01-20 03:36:39,665] {dag.py:2389} INFO - Sync 1 DAGs
[2022-01-20 03:36:39,741] {logging_mixin.py:109} INFO - [2022-01-20 03:36:39,740] {dag.py:2914} INFO - Setting next_dagrun for example_nested_branch_dag to 2022-01-19 00:00:00+00:00
[2022-01-20 03:36:39,780] {processor.py:171} INFO - Processing /home/airflow/.local/lib/python3.7/site-packages/airflow/example_dags/example_nested_branch_dag.py took 0.262 seconds
[2022-01-20 03:37:10,057] {processor.py:163} INFO - Started process (PID=3668) to work on /home/airflow/.local/lib/python3.7/site-packages/airflow/example_dags/example_nested_branch_dag.py
[2022-01-20 03:37:10,061] {processor.py:620} INFO - Processing file /home/airflow/.local/lib/python3.7/site-packages/airflow/example_dags/example_nested_branch_dag.py for tasks to queue
[2022-01-20 03:37:10,064] {logging_mixin.py:109} INFO - [2022-01-20 03:37:10,064] {dagbag.py:500} INFO - Filling up the DagBag from /home/airflow/.local/lib/python3.7/site-packages/airflow/example_dags/example_nested_branch_dag.py
[2022-01-20 03:37:10,144] {processor.py:632} INFO - DAG(s) dict_keys(['example_nested_branch_dag']) retrieved from /home/airflow/.local/lib/python3.7/site-packages/airflow/example_dags/example_nested_branch_dag.py
[2022-01-20 03:37:10,188] {logging_mixin.py:109} INFO - [2022-01-20 03:37:10,188] {dag.py:2389} INFO - Sync 1 DAGs
[2022-01-20 03:37:10,251] {logging_mixin.py:109} INFO - [2022-01-20 03:37:10,250] {dag.py:2914} INFO - Setting next_dagrun for example_nested_branch_dag to 2022-01-19 00:00:00+00:00
[2022-01-20 03:37:10,281] {processor.py:171} INFO - Processing /home/airflow/.local/lib/python3.7/site-packages/airflow/example_dags/example_nested_branch_dag.py took 0.232 seconds
[2022-01-20 03:37:40,419] {processor.py:163} INFO - Started process (PID=3781) to work on /home/airflow/.local/lib/python3.7/site-packages/airflow/example_dags/example_nested_branch_dag.py
[2022-01-20 03:37:40,424] {processor.py:620} INFO - Processing file /home/airflow/.local/lib/python3.7/site-packages/airflow/example_dags/example_nested_branch_dag.py for tasks to queue
[2022-01-20 03:37:40,427] {logging_mixin.py:109} INFO - [2022-01-20 03:37:40,426] {dagbag.py:500} INFO - Filling up the DagBag from /home/airflow/.local/lib/python3.7/site-packages/airflow/example_dags/example_nested_branch_dag.py
[2022-01-20 03:37:40,512] {processor.py:632} INFO - DAG(s) dict_keys(['example_nested_branch_dag']) retrieved from /home/airflow/.local/lib/python3.7/site-packages/airflow/example_dags/example_nested_branch_dag.py
[2022-01-20 03:37:40,556] {logging_mixin.py:109} INFO - [2022-01-20 03:37:40,556] {dag.py:2389} INFO - Sync 1 DAGs
[2022-01-20 03:37:40,626] {logging_mixin.py:109} INFO - [2022-01-20 03:37:40,626] {dag.py:2914} INFO - Setting next_dagrun for example_nested_branch_dag to 2022-01-19 00:00:00+00:00
[2022-01-20 03:37:40,661] {processor.py:171} INFO - Processing /home/airflow/.local/lib/python3.7/site-packages/airflow/example_dags/example_nested_branch_dag.py took 0.249 seconds
[2022-01-20 03:38:11,589] {processor.py:163} INFO - Started process (PID=3891) to work on /home/airflow/.local/lib/python3.7/site-packages/airflow/example_dags/example_nested_branch_dag.py
[2022-01-20 03:38:11,595] {processor.py:620} INFO - Processing file /home/airflow/.local/lib/python3.7/site-packages/airflow/example_dags/example_nested_branch_dag.py for tasks to queue
[2022-01-20 03:38:11,599] {logging_mixin.py:109} INFO - [2022-01-20 03:38:11,599] {dagbag.py:500} INFO - Filling up the DagBag from /home/airflow/.local/lib/python3.7/site-packages/airflow/example_dags/example_nested_branch_dag.py
[2022-01-20 03:38:11,842] {processor.py:632} INFO - DAG(s) dict_keys(['example_nested_branch_dag']) retrieved from /home/airflow/.local/lib/python3.7/site-packages/airflow/example_dags/example_nested_branch_dag.py
[2022-01-20 03:38:11,897] {logging_mixin.py:109} INFO - [2022-01-20 03:38:11,896] {dag.py:2389} INFO - Sync 1 DAGs
[2022-01-20 03:38:11,971] {logging_mixin.py:109} INFO - [2022-01-20 03:38:11,970] {dag.py:2914} INFO - Setting next_dagrun for example_nested_branch_dag to 2022-01-19 00:00:00+00:00
[2022-01-20 03:38:12,001] {processor.py:171} INFO - Processing /home/airflow/.local/lib/python3.7/site-packages/airflow/example_dags/example_nested_branch_dag.py took 0.421 seconds
[2022-01-20 03:38:42,114] {processor.py:163} INFO - Started process (PID=3994) to work on /home/airflow/.local/lib/python3.7/site-packages/airflow/example_dags/example_nested_branch_dag.py
[2022-01-20 03:38:42,118] {processor.py:620} INFO - Processing file /home/airflow/.local/lib/python3.7/site-packages/airflow/example_dags/example_nested_branch_dag.py for tasks to queue
[2022-01-20 03:38:42,122] {logging_mixin.py:109} INFO - [2022-01-20 03:38:42,121] {dagbag.py:500} INFO - Filling up the DagBag from /home/airflow/.local/lib/python3.7/site-packages/airflow/example_dags/example_nested_branch_dag.py
[2022-01-20 03:38:42,207] {processor.py:632} INFO - DAG(s) dict_keys(['example_nested_branch_dag']) retrieved from /home/airflow/.local/lib/python3.7/site-packages/airflow/example_dags/example_nested_branch_dag.py
[2022-01-20 03:38:42,256] {logging_mixin.py:109} INFO - [2022-01-20 03:38:42,256] {dag.py:2389} INFO - Sync 1 DAGs
[2022-01-20 03:38:42,323] {logging_mixin.py:109} INFO - [2022-01-20 03:38:42,323] {dag.py:2914} INFO - Setting next_dagrun for example_nested_branch_dag to 2022-01-19 00:00:00+00:00
[2022-01-20 03:38:42,355] {processor.py:171} INFO - Processing /home/airflow/.local/lib/python3.7/site-packages/airflow/example_dags/example_nested_branch_dag.py took 0.248 seconds
[2022-01-20 03:39:12,451] {processor.py:163} INFO - Started process (PID=4101) to work on /home/airflow/.local/lib/python3.7/site-packages/airflow/example_dags/example_nested_branch_dag.py
[2022-01-20 03:39:12,456] {processor.py:620} INFO - Processing file /home/airflow/.local/lib/python3.7/site-packages/airflow/example_dags/example_nested_branch_dag.py for tasks to queue
[2022-01-20 03:39:12,459] {logging_mixin.py:109} INFO - [2022-01-20 03:39:12,459] {dagbag.py:500} INFO - Filling up the DagBag from /home/airflow/.local/lib/python3.7/site-packages/airflow/example_dags/example_nested_branch_dag.py
[2022-01-20 03:39:12,547] {processor.py:632} INFO - DAG(s) dict_keys(['example_nested_branch_dag']) retrieved from /home/airflow/.local/lib/python3.7/site-packages/airflow/example_dags/example_nested_branch_dag.py
[2022-01-20 03:39:12,593] {logging_mixin.py:109} INFO - [2022-01-20 03:39:12,592] {dag.py:2389} INFO - Sync 1 DAGs
[2022-01-20 03:39:12,661] {logging_mixin.py:109} INFO - [2022-01-20 03:39:12,660] {dag.py:2914} INFO - Setting next_dagrun for example_nested_branch_dag to 2022-01-19 00:00:00+00:00
[2022-01-20 03:39:12,718] {processor.py:171} INFO - Processing /home/airflow/.local/lib/python3.7/site-packages/airflow/example_dags/example_nested_branch_dag.py took 0.274 seconds
[2022-01-20 03:39:42,981] {processor.py:163} INFO - Started process (PID=4202) to work on /home/airflow/.local/lib/python3.7/site-packages/airflow/example_dags/example_nested_branch_dag.py
[2022-01-20 03:39:42,985] {processor.py:620} INFO - Processing file /home/airflow/.local/lib/python3.7/site-packages/airflow/example_dags/example_nested_branch_dag.py for tasks to queue
[2022-01-20 03:39:42,988] {logging_mixin.py:109} INFO - [2022-01-20 03:39:42,987] {dagbag.py:500} INFO - Filling up the DagBag from /home/airflow/.local/lib/python3.7/site-packages/airflow/example_dags/example_nested_branch_dag.py
[2022-01-20 03:39:43,068] {processor.py:632} INFO - DAG(s) dict_keys(['example_nested_branch_dag']) retrieved from /home/airflow/.local/lib/python3.7/site-packages/airflow/example_dags/example_nested_branch_dag.py
[2022-01-20 03:39:43,113] {logging_mixin.py:109} INFO - [2022-01-20 03:39:43,113] {dag.py:2389} INFO - Sync 1 DAGs
[2022-01-20 03:39:43,177] {logging_mixin.py:109} INFO - [2022-01-20 03:39:43,176] {dag.py:2914} INFO - Setting next_dagrun for example_nested_branch_dag to 2022-01-19 00:00:00+00:00
[2022-01-20 03:39:43,206] {processor.py:171} INFO - Processing /home/airflow/.local/lib/python3.7/site-packages/airflow/example_dags/example_nested_branch_dag.py took 0.232 seconds
[2022-01-20 03:40:13,361] {processor.py:163} INFO - Started process (PID=4317) to work on /home/airflow/.local/lib/python3.7/site-packages/airflow/example_dags/example_nested_branch_dag.py
[2022-01-20 03:40:13,367] {processor.py:620} INFO - Processing file /home/airflow/.local/lib/python3.7/site-packages/airflow/example_dags/example_nested_branch_dag.py for tasks to queue
[2022-01-20 03:40:13,371] {logging_mixin.py:109} INFO - [2022-01-20 03:40:13,370] {dagbag.py:500} INFO - Filling up the DagBag from /home/airflow/.local/lib/python3.7/site-packages/airflow/example_dags/example_nested_branch_dag.py
[2022-01-20 03:40:13,554] {processor.py:632} INFO - DAG(s) dict_keys(['example_nested_branch_dag']) retrieved from /home/airflow/.local/lib/python3.7/site-packages/airflow/example_dags/example_nested_branch_dag.py
[2022-01-20 03:40:13,621] {logging_mixin.py:109} INFO - [2022-01-20 03:40:13,621] {dag.py:2389} INFO - Sync 1 DAGs
[2022-01-20 03:40:13,704] {logging_mixin.py:109} INFO - [2022-01-20 03:40:13,703] {dag.py:2914} INFO - Setting next_dagrun for example_nested_branch_dag to 2022-01-19 00:00:00+00:00
[2022-01-20 03:40:13,735] {processor.py:171} INFO - Processing /home/airflow/.local/lib/python3.7/site-packages/airflow/example_dags/example_nested_branch_dag.py took 0.381 seconds
[2022-01-20 03:40:44,442] {processor.py:163} INFO - Started process (PID=4415) to work on /home/airflow/.local/lib/python3.7/site-packages/airflow/example_dags/example_nested_branch_dag.py
[2022-01-20 03:40:44,447] {processor.py:620} INFO - Processing file /home/airflow/.local/lib/python3.7/site-packages/airflow/example_dags/example_nested_branch_dag.py for tasks to queue
[2022-01-20 03:40:44,450] {logging_mixin.py:109} INFO - [2022-01-20 03:40:44,449] {dagbag.py:500} INFO - Filling up the DagBag from /home/airflow/.local/lib/python3.7/site-packages/airflow/example_dags/example_nested_branch_dag.py
[2022-01-20 03:40:44,547] {processor.py:632} INFO - DAG(s) dict_keys(['example_nested_branch_dag']) retrieved from /home/airflow/.local/lib/python3.7/site-packages/airflow/example_dags/example_nested_branch_dag.py
[2022-01-20 03:40:44,597] {logging_mixin.py:109} INFO - [2022-01-20 03:40:44,597] {dag.py:2389} INFO - Sync 1 DAGs
[2022-01-20 03:40:44,665] {logging_mixin.py:109} INFO - [2022-01-20 03:40:44,665] {dag.py:2914} INFO - Setting next_dagrun for example_nested_branch_dag to 2022-01-19 00:00:00+00:00
[2022-01-20 03:40:44,692] {processor.py:171} INFO - Processing /home/airflow/.local/lib/python3.7/site-packages/airflow/example_dags/example_nested_branch_dag.py took 0.257 seconds
[2022-01-20 03:41:17,579] {processor.py:163} INFO - Started process (PID=4530) to work on /home/airflow/.local/lib/python3.7/site-packages/airflow/example_dags/example_nested_branch_dag.py
[2022-01-20 03:41:17,583] {processor.py:620} INFO - Processing file /home/airflow/.local/lib/python3.7/site-packages/airflow/example_dags/example_nested_branch_dag.py for tasks to queue
[2022-01-20 03:41:17,587] {logging_mixin.py:109} INFO - [2022-01-20 03:41:17,587] {dagbag.py:500} INFO - Filling up the DagBag from /home/airflow/.local/lib/python3.7/site-packages/airflow/example_dags/example_nested_branch_dag.py
[2022-01-20 03:41:17,691] {processor.py:632} INFO - DAG(s) dict_keys(['example_nested_branch_dag']) retrieved from /home/airflow/.local/lib/python3.7/site-packages/airflow/example_dags/example_nested_branch_dag.py
[2022-01-20 03:41:17,744] {logging_mixin.py:109} INFO - [2022-01-20 03:41:17,743] {dag.py:2389} INFO - Sync 1 DAGs
[2022-01-20 03:41:17,809] {logging_mixin.py:109} INFO - [2022-01-20 03:41:17,809] {dag.py:2914} INFO - Setting next_dagrun for example_nested_branch_dag to 2022-01-19 00:00:00+00:00
[2022-01-20 03:41:17,838] {processor.py:171} INFO - Processing /home/airflow/.local/lib/python3.7/site-packages/airflow/example_dags/example_nested_branch_dag.py took 0.266 seconds
[2022-01-20 03:41:49,457] {processor.py:163} INFO - Started process (PID=4628) to work on /home/airflow/.local/lib/python3.7/site-packages/airflow/example_dags/example_nested_branch_dag.py
[2022-01-20 03:41:49,462] {processor.py:620} INFO - Processing file /home/airflow/.local/lib/python3.7/site-packages/airflow/example_dags/example_nested_branch_dag.py for tasks to queue
[2022-01-20 03:41:49,464] {logging_mixin.py:109} INFO - [2022-01-20 03:41:49,464] {dagbag.py:500} INFO - Filling up the DagBag from /home/airflow/.local/lib/python3.7/site-packages/airflow/example_dags/example_nested_branch_dag.py
[2022-01-20 03:41:49,538] {processor.py:632} INFO - DAG(s) dict_keys(['example_nested_branch_dag']) retrieved from /home/airflow/.local/lib/python3.7/site-packages/airflow/example_dags/example_nested_branch_dag.py
[2022-01-20 03:41:49,587] {logging_mixin.py:109} INFO - [2022-01-20 03:41:49,587] {dag.py:2389} INFO - Sync 1 DAGs
[2022-01-20 03:41:49,647] {logging_mixin.py:109} INFO - [2022-01-20 03:41:49,646] {dag.py:2914} INFO - Setting next_dagrun for example_nested_branch_dag to 2022-01-19 00:00:00+00:00
[2022-01-20 03:41:49,674] {processor.py:171} INFO - Processing /home/airflow/.local/lib/python3.7/site-packages/airflow/example_dags/example_nested_branch_dag.py took 0.223 seconds
[2022-01-20 03:42:22,958] {processor.py:163} INFO - Started process (PID=4740) to work on /home/airflow/.local/lib/python3.7/site-packages/airflow/example_dags/example_nested_branch_dag.py
[2022-01-20 03:42:22,963] {processor.py:620} INFO - Processing file /home/airflow/.local/lib/python3.7/site-packages/airflow/example_dags/example_nested_branch_dag.py for tasks to queue
[2022-01-20 03:42:22,967] {logging_mixin.py:109} INFO - [2022-01-20 03:42:22,966] {dagbag.py:500} INFO - Filling up the DagBag from /home/airflow/.local/lib/python3.7/site-packages/airflow/example_dags/example_nested_branch_dag.py
[2022-01-20 03:42:23,067] {processor.py:632} INFO - DAG(s) dict_keys(['example_nested_branch_dag']) retrieved from /home/airflow/.local/lib/python3.7/site-packages/airflow/example_dags/example_nested_branch_dag.py
[2022-01-20 03:42:23,112] {logging_mixin.py:109} INFO - [2022-01-20 03:42:23,112] {dag.py:2389} INFO - Sync 1 DAGs
[2022-01-20 03:42:23,184] {logging_mixin.py:109} INFO - [2022-01-20 03:42:23,183] {dag.py:2914} INFO - Setting next_dagrun for example_nested_branch_dag to 2022-01-19 00:00:00+00:00
[2022-01-20 03:42:23,213] {processor.py:171} INFO - Processing /home/airflow/.local/lib/python3.7/site-packages/airflow/example_dags/example_nested_branch_dag.py took 0.262 seconds
[2022-01-20 03:42:54,956] {processor.py:163} INFO - Started process (PID=4849) to work on /home/airflow/.local/lib/python3.7/site-packages/airflow/example_dags/example_nested_branch_dag.py
[2022-01-20 03:42:54,960] {processor.py:620} INFO - Processing file /home/airflow/.local/lib/python3.7/site-packages/airflow/example_dags/example_nested_branch_dag.py for tasks to queue
[2022-01-20 03:42:54,972] {logging_mixin.py:109} INFO - [2022-01-20 03:42:54,972] {dagbag.py:500} INFO - Filling up the DagBag from /home/airflow/.local/lib/python3.7/site-packages/airflow/example_dags/example_nested_branch_dag.py
[2022-01-20 03:42:55,085] {processor.py:632} INFO - DAG(s) dict_keys(['example_nested_branch_dag']) retrieved from /home/airflow/.local/lib/python3.7/site-packages/airflow/example_dags/example_nested_branch_dag.py
[2022-01-20 03:42:55,155] {logging_mixin.py:109} INFO - [2022-01-20 03:42:55,154] {dag.py:2389} INFO - Sync 1 DAGs
[2022-01-20 03:42:55,272] {logging_mixin.py:109} INFO - [2022-01-20 03:42:55,271] {dag.py:2914} INFO - Setting next_dagrun for example_nested_branch_dag to 2022-01-19 00:00:00+00:00
[2022-01-20 03:42:55,300] {processor.py:171} INFO - Processing /home/airflow/.local/lib/python3.7/site-packages/airflow/example_dags/example_nested_branch_dag.py took 0.352 seconds
[2022-01-20 03:43:26,265] {processor.py:163} INFO - Started process (PID=4949) to work on /home/airflow/.local/lib/python3.7/site-packages/airflow/example_dags/example_nested_branch_dag.py
[2022-01-20 03:43:26,275] {processor.py:620} INFO - Processing file /home/airflow/.local/lib/python3.7/site-packages/airflow/example_dags/example_nested_branch_dag.py for tasks to queue
[2022-01-20 03:43:26,281] {logging_mixin.py:109} INFO - [2022-01-20 03:43:26,281] {dagbag.py:500} INFO - Filling up the DagBag from /home/airflow/.local/lib/python3.7/site-packages/airflow/example_dags/example_nested_branch_dag.py
[2022-01-20 03:43:26,397] {processor.py:632} INFO - DAG(s) dict_keys(['example_nested_branch_dag']) retrieved from /home/airflow/.local/lib/python3.7/site-packages/airflow/example_dags/example_nested_branch_dag.py
[2022-01-20 03:43:26,450] {logging_mixin.py:109} INFO - [2022-01-20 03:43:26,449] {dag.py:2389} INFO - Sync 1 DAGs
[2022-01-20 03:43:26,519] {logging_mixin.py:109} INFO - [2022-01-20 03:43:26,518] {dag.py:2914} INFO - Setting next_dagrun for example_nested_branch_dag to 2022-01-19 00:00:00+00:00
[2022-01-20 03:43:26,544] {processor.py:171} INFO - Processing /home/airflow/.local/lib/python3.7/site-packages/airflow/example_dags/example_nested_branch_dag.py took 0.286 seconds
[2022-01-20 03:43:57,396] {processor.py:163} INFO - Started process (PID=5061) to work on /home/airflow/.local/lib/python3.7/site-packages/airflow/example_dags/example_nested_branch_dag.py
[2022-01-20 03:43:57,401] {processor.py:620} INFO - Processing file /home/airflow/.local/lib/python3.7/site-packages/airflow/example_dags/example_nested_branch_dag.py for tasks to queue
[2022-01-20 03:43:57,405] {logging_mixin.py:109} INFO - [2022-01-20 03:43:57,404] {dagbag.py:500} INFO - Filling up the DagBag from /home/airflow/.local/lib/python3.7/site-packages/airflow/example_dags/example_nested_branch_dag.py
[2022-01-20 03:43:57,489] {processor.py:632} INFO - DAG(s) dict_keys(['example_nested_branch_dag']) retrieved from /home/airflow/.local/lib/python3.7/site-packages/airflow/example_dags/example_nested_branch_dag.py
[2022-01-20 03:43:57,545] {logging_mixin.py:109} INFO - [2022-01-20 03:43:57,545] {dag.py:2389} INFO - Sync 1 DAGs
[2022-01-20 03:43:57,613] {logging_mixin.py:109} INFO - [2022-01-20 03:43:57,612] {dag.py:2914} INFO - Setting next_dagrun for example_nested_branch_dag to 2022-01-19 00:00:00+00:00
[2022-01-20 03:43:57,642] {processor.py:171} INFO - Processing /home/airflow/.local/lib/python3.7/site-packages/airflow/example_dags/example_nested_branch_dag.py took 0.253 seconds
[2022-01-20 03:44:27,728] {processor.py:163} INFO - Started process (PID=5156) to work on /home/airflow/.local/lib/python3.7/site-packages/airflow/example_dags/example_nested_branch_dag.py
[2022-01-20 03:44:27,746] {processor.py:620} INFO - Processing file /home/airflow/.local/lib/python3.7/site-packages/airflow/example_dags/example_nested_branch_dag.py for tasks to queue
[2022-01-20 03:44:27,749] {logging_mixin.py:109} INFO - [2022-01-20 03:44:27,749] {dagbag.py:500} INFO - Filling up the DagBag from /home/airflow/.local/lib/python3.7/site-packages/airflow/example_dags/example_nested_branch_dag.py
[2022-01-20 03:44:27,822] {processor.py:632} INFO - DAG(s) dict_keys(['example_nested_branch_dag']) retrieved from /home/airflow/.local/lib/python3.7/site-packages/airflow/example_dags/example_nested_branch_dag.py
[2022-01-20 03:44:27,862] {logging_mixin.py:109} INFO - [2022-01-20 03:44:27,861] {dag.py:2389} INFO - Sync 1 DAGs
[2022-01-20 03:44:27,931] {logging_mixin.py:109} INFO - [2022-01-20 03:44:27,930] {dag.py:2914} INFO - Setting next_dagrun for example_nested_branch_dag to 2022-01-19 00:00:00+00:00
[2022-01-20 03:44:27,956] {processor.py:171} INFO - Processing /home/airflow/.local/lib/python3.7/site-packages/airflow/example_dags/example_nested_branch_dag.py took 0.234 seconds
[2022-01-20 03:44:58,268] {processor.py:163} INFO - Started process (PID=5268) to work on /home/airflow/.local/lib/python3.7/site-packages/airflow/example_dags/example_nested_branch_dag.py
[2022-01-20 03:44:58,274] {processor.py:620} INFO - Processing file /home/airflow/.local/lib/python3.7/site-packages/airflow/example_dags/example_nested_branch_dag.py for tasks to queue
[2022-01-20 03:44:58,278] {logging_mixin.py:109} INFO - [2022-01-20 03:44:58,277] {dagbag.py:500} INFO - Filling up the DagBag from /home/airflow/.local/lib/python3.7/site-packages/airflow/example_dags/example_nested_branch_dag.py
[2022-01-20 03:44:58,363] {processor.py:632} INFO - DAG(s) dict_keys(['example_nested_branch_dag']) retrieved from /home/airflow/.local/lib/python3.7/site-packages/airflow/example_dags/example_nested_branch_dag.py
[2022-01-20 03:44:58,409] {logging_mixin.py:109} INFO - [2022-01-20 03:44:58,408] {dag.py:2389} INFO - Sync 1 DAGs
[2022-01-20 03:44:58,479] {logging_mixin.py:109} INFO - [2022-01-20 03:44:58,479] {dag.py:2914} INFO - Setting next_dagrun for example_nested_branch_dag to 2022-01-19 00:00:00+00:00
[2022-01-20 03:44:58,509] {processor.py:171} INFO - Processing /home/airflow/.local/lib/python3.7/site-packages/airflow/example_dags/example_nested_branch_dag.py took 0.248 seconds
[2022-01-20 03:45:29,056] {processor.py:163} INFO - Started process (PID=5363) to work on /home/airflow/.local/lib/python3.7/site-packages/airflow/example_dags/example_nested_branch_dag.py
[2022-01-20 03:45:29,061] {processor.py:620} INFO - Processing file /home/airflow/.local/lib/python3.7/site-packages/airflow/example_dags/example_nested_branch_dag.py for tasks to queue
[2022-01-20 03:45:29,064] {logging_mixin.py:109} INFO - [2022-01-20 03:45:29,064] {dagbag.py:500} INFO - Filling up the DagBag from /home/airflow/.local/lib/python3.7/site-packages/airflow/example_dags/example_nested_branch_dag.py
[2022-01-20 03:45:29,134] {processor.py:632} INFO - DAG(s) dict_keys(['example_nested_branch_dag']) retrieved from /home/airflow/.local/lib/python3.7/site-packages/airflow/example_dags/example_nested_branch_dag.py
[2022-01-20 03:45:29,172] {logging_mixin.py:109} INFO - [2022-01-20 03:45:29,172] {dag.py:2389} INFO - Sync 1 DAGs
[2022-01-20 03:45:29,232] {logging_mixin.py:109} INFO - [2022-01-20 03:45:29,231] {dag.py:2914} INFO - Setting next_dagrun for example_nested_branch_dag to 2022-01-19 00:00:00+00:00
[2022-01-20 03:45:29,257] {processor.py:171} INFO - Processing /home/airflow/.local/lib/python3.7/site-packages/airflow/example_dags/example_nested_branch_dag.py took 0.210 seconds
[2022-01-20 03:45:59,440] {processor.py:163} INFO - Started process (PID=5476) to work on /home/airflow/.local/lib/python3.7/site-packages/airflow/example_dags/example_nested_branch_dag.py
[2022-01-20 03:45:59,445] {processor.py:620} INFO - Processing file /home/airflow/.local/lib/python3.7/site-packages/airflow/example_dags/example_nested_branch_dag.py for tasks to queue
[2022-01-20 03:45:59,448] {logging_mixin.py:109} INFO - [2022-01-20 03:45:59,447] {dagbag.py:500} INFO - Filling up the DagBag from /home/airflow/.local/lib/python3.7/site-packages/airflow/example_dags/example_nested_branch_dag.py
[2022-01-20 03:45:59,536] {processor.py:632} INFO - DAG(s) dict_keys(['example_nested_branch_dag']) retrieved from /home/airflow/.local/lib/python3.7/site-packages/airflow/example_dags/example_nested_branch_dag.py
[2022-01-20 03:45:59,585] {logging_mixin.py:109} INFO - [2022-01-20 03:45:59,584] {dag.py:2389} INFO - Sync 1 DAGs
[2022-01-20 03:45:59,660] {logging_mixin.py:109} INFO - [2022-01-20 03:45:59,659] {dag.py:2914} INFO - Setting next_dagrun for example_nested_branch_dag to 2022-01-19 00:00:00+00:00
[2022-01-20 03:45:59,688] {processor.py:171} INFO - Processing /home/airflow/.local/lib/python3.7/site-packages/airflow/example_dags/example_nested_branch_dag.py took 0.255 seconds
[2022-01-20 03:46:29,859] {processor.py:163} INFO - Started process (PID=5573) to work on /home/airflow/.local/lib/python3.7/site-packages/airflow/example_dags/example_nested_branch_dag.py
[2022-01-20 03:46:29,864] {processor.py:620} INFO - Processing file /home/airflow/.local/lib/python3.7/site-packages/airflow/example_dags/example_nested_branch_dag.py for tasks to queue
[2022-01-20 03:46:29,868] {logging_mixin.py:109} INFO - [2022-01-20 03:46:29,868] {dagbag.py:500} INFO - Filling up the DagBag from /home/airflow/.local/lib/python3.7/site-packages/airflow/example_dags/example_nested_branch_dag.py
[2022-01-20 03:46:29,946] {processor.py:632} INFO - DAG(s) dict_keys(['example_nested_branch_dag']) retrieved from /home/airflow/.local/lib/python3.7/site-packages/airflow/example_dags/example_nested_branch_dag.py
[2022-01-20 03:46:29,988] {logging_mixin.py:109} INFO - [2022-01-20 03:46:29,988] {dag.py:2389} INFO - Sync 1 DAGs
[2022-01-20 03:46:30,040] {logging_mixin.py:109} INFO - [2022-01-20 03:46:30,040] {dag.py:2914} INFO - Setting next_dagrun for example_nested_branch_dag to 2022-01-19 00:00:00+00:00
[2022-01-20 03:46:30,062] {processor.py:171} INFO - Processing /home/airflow/.local/lib/python3.7/site-packages/airflow/example_dags/example_nested_branch_dag.py took 0.214 seconds
[2022-01-20 03:47:00,171] {processor.py:163} INFO - Started process (PID=5692) to work on /home/airflow/.local/lib/python3.7/site-packages/airflow/example_dags/example_nested_branch_dag.py
[2022-01-20 03:47:00,175] {processor.py:620} INFO - Processing file /home/airflow/.local/lib/python3.7/site-packages/airflow/example_dags/example_nested_branch_dag.py for tasks to queue
[2022-01-20 03:47:00,178] {logging_mixin.py:109} INFO - [2022-01-20 03:47:00,178] {dagbag.py:500} INFO - Filling up the DagBag from /home/airflow/.local/lib/python3.7/site-packages/airflow/example_dags/example_nested_branch_dag.py
[2022-01-20 03:47:00,262] {processor.py:632} INFO - DAG(s) dict_keys(['example_nested_branch_dag']) retrieved from /home/airflow/.local/lib/python3.7/site-packages/airflow/example_dags/example_nested_branch_dag.py
[2022-01-20 03:47:00,305] {logging_mixin.py:109} INFO - [2022-01-20 03:47:00,305] {dag.py:2389} INFO - Sync 1 DAGs
[2022-01-20 03:47:00,373] {logging_mixin.py:109} INFO - [2022-01-20 03:47:00,373] {dag.py:2914} INFO - Setting next_dagrun for example_nested_branch_dag to 2022-01-19 00:00:00+00:00
[2022-01-20 03:47:00,402] {processor.py:171} INFO - Processing /home/airflow/.local/lib/python3.7/site-packages/airflow/example_dags/example_nested_branch_dag.py took 0.239 seconds
[2022-01-20 03:47:31,414] {processor.py:163} INFO - Started process (PID=5800) to work on /home/airflow/.local/lib/python3.7/site-packages/airflow/example_dags/example_nested_branch_dag.py
[2022-01-20 03:47:31,419] {processor.py:620} INFO - Processing file /home/airflow/.local/lib/python3.7/site-packages/airflow/example_dags/example_nested_branch_dag.py for tasks to queue
[2022-01-20 03:47:31,423] {logging_mixin.py:109} INFO - [2022-01-20 03:47:31,422] {dagbag.py:500} INFO - Filling up the DagBag from /home/airflow/.local/lib/python3.7/site-packages/airflow/example_dags/example_nested_branch_dag.py
[2022-01-20 03:47:31,511] {processor.py:632} INFO - DAG(s) dict_keys(['example_nested_branch_dag']) retrieved from /home/airflow/.local/lib/python3.7/site-packages/airflow/example_dags/example_nested_branch_dag.py
[2022-01-20 03:47:31,557] {logging_mixin.py:109} INFO - [2022-01-20 03:47:31,556] {dag.py:2389} INFO - Sync 1 DAGs
[2022-01-20 03:47:31,635] {logging_mixin.py:109} INFO - [2022-01-20 03:47:31,635] {dag.py:2914} INFO - Setting next_dagrun for example_nested_branch_dag to 2022-01-19 00:00:00+00:00
[2022-01-20 03:47:31,666] {processor.py:171} INFO - Processing /home/airflow/.local/lib/python3.7/site-packages/airflow/example_dags/example_nested_branch_dag.py took 0.259 seconds
[2022-01-20 03:48:02,255] {processor.py:163} INFO - Started process (PID=5901) to work on /home/airflow/.local/lib/python3.7/site-packages/airflow/example_dags/example_nested_branch_dag.py
[2022-01-20 03:48:02,259] {processor.py:620} INFO - Processing file /home/airflow/.local/lib/python3.7/site-packages/airflow/example_dags/example_nested_branch_dag.py for tasks to queue
[2022-01-20 03:48:02,261] {logging_mixin.py:109} INFO - [2022-01-20 03:48:02,261] {dagbag.py:500} INFO - Filling up the DagBag from /home/airflow/.local/lib/python3.7/site-packages/airflow/example_dags/example_nested_branch_dag.py
[2022-01-20 03:48:02,341] {processor.py:632} INFO - DAG(s) dict_keys(['example_nested_branch_dag']) retrieved from /home/airflow/.local/lib/python3.7/site-packages/airflow/example_dags/example_nested_branch_dag.py
[2022-01-20 03:48:02,384] {logging_mixin.py:109} INFO - [2022-01-20 03:48:02,383] {dag.py:2389} INFO - Sync 1 DAGs
[2022-01-20 03:48:02,447] {logging_mixin.py:109} INFO - [2022-01-20 03:48:02,447] {dag.py:2914} INFO - Setting next_dagrun for example_nested_branch_dag to 2022-01-19 00:00:00+00:00
[2022-01-20 03:48:02,473] {processor.py:171} INFO - Processing /home/airflow/.local/lib/python3.7/site-packages/airflow/example_dags/example_nested_branch_dag.py took 0.226 seconds
[2022-01-20 03:48:33,197] {processor.py:163} INFO - Started process (PID=6015) to work on /home/airflow/.local/lib/python3.7/site-packages/airflow/example_dags/example_nested_branch_dag.py
[2022-01-20 03:48:33,202] {processor.py:620} INFO - Processing file /home/airflow/.local/lib/python3.7/site-packages/airflow/example_dags/example_nested_branch_dag.py for tasks to queue
[2022-01-20 03:48:33,205] {logging_mixin.py:109} INFO - [2022-01-20 03:48:33,204] {dagbag.py:500} INFO - Filling up the DagBag from /home/airflow/.local/lib/python3.7/site-packages/airflow/example_dags/example_nested_branch_dag.py
[2022-01-20 03:48:33,292] {processor.py:632} INFO - DAG(s) dict_keys(['example_nested_branch_dag']) retrieved from /home/airflow/.local/lib/python3.7/site-packages/airflow/example_dags/example_nested_branch_dag.py
[2022-01-20 03:48:33,338] {logging_mixin.py:109} INFO - [2022-01-20 03:48:33,338] {dag.py:2389} INFO - Sync 1 DAGs
[2022-01-20 03:48:33,405] {logging_mixin.py:109} INFO - [2022-01-20 03:48:33,404] {dag.py:2914} INFO - Setting next_dagrun for example_nested_branch_dag to 2022-01-19 00:00:00+00:00
[2022-01-20 03:48:33,434] {processor.py:171} INFO - Processing /home/airflow/.local/lib/python3.7/site-packages/airflow/example_dags/example_nested_branch_dag.py took 0.244 seconds
[2022-01-20 03:49:04,273] {processor.py:163} INFO - Started process (PID=6111) to work on /home/airflow/.local/lib/python3.7/site-packages/airflow/example_dags/example_nested_branch_dag.py
[2022-01-20 03:49:04,277] {processor.py:620} INFO - Processing file /home/airflow/.local/lib/python3.7/site-packages/airflow/example_dags/example_nested_branch_dag.py for tasks to queue
[2022-01-20 03:49:04,280] {logging_mixin.py:109} INFO - [2022-01-20 03:49:04,279] {dagbag.py:500} INFO - Filling up the DagBag from /home/airflow/.local/lib/python3.7/site-packages/airflow/example_dags/example_nested_branch_dag.py
[2022-01-20 03:49:04,363] {processor.py:632} INFO - DAG(s) dict_keys(['example_nested_branch_dag']) retrieved from /home/airflow/.local/lib/python3.7/site-packages/airflow/example_dags/example_nested_branch_dag.py
[2022-01-20 03:49:04,404] {logging_mixin.py:109} INFO - [2022-01-20 03:49:04,404] {dag.py:2389} INFO - Sync 1 DAGs
[2022-01-20 03:49:04,468] {logging_mixin.py:109} INFO - [2022-01-20 03:49:04,467] {dag.py:2914} INFO - Setting next_dagrun for example_nested_branch_dag to 2022-01-19 00:00:00+00:00
[2022-01-20 03:49:04,497] {processor.py:171} INFO - Processing /home/airflow/.local/lib/python3.7/site-packages/airflow/example_dags/example_nested_branch_dag.py took 0.232 seconds
[2022-01-20 03:49:34,833] {processor.py:163} INFO - Started process (PID=6228) to work on /home/airflow/.local/lib/python3.7/site-packages/airflow/example_dags/example_nested_branch_dag.py
[2022-01-20 03:49:34,838] {processor.py:620} INFO - Processing file /home/airflow/.local/lib/python3.7/site-packages/airflow/example_dags/example_nested_branch_dag.py for tasks to queue
[2022-01-20 03:49:34,842] {logging_mixin.py:109} INFO - [2022-01-20 03:49:34,841] {dagbag.py:500} INFO - Filling up the DagBag from /home/airflow/.local/lib/python3.7/site-packages/airflow/example_dags/example_nested_branch_dag.py
[2022-01-20 03:49:34,944] {processor.py:632} INFO - DAG(s) dict_keys(['example_nested_branch_dag']) retrieved from /home/airflow/.local/lib/python3.7/site-packages/airflow/example_dags/example_nested_branch_dag.py
[2022-01-20 03:49:34,994] {logging_mixin.py:109} INFO - [2022-01-20 03:49:34,994] {dag.py:2389} INFO - Sync 1 DAGs
[2022-01-20 03:49:35,068] {logging_mixin.py:109} INFO - [2022-01-20 03:49:35,067] {dag.py:2914} INFO - Setting next_dagrun for example_nested_branch_dag to 2022-01-19 00:00:00+00:00
[2022-01-20 03:49:35,140] {processor.py:171} INFO - Processing /home/airflow/.local/lib/python3.7/site-packages/airflow/example_dags/example_nested_branch_dag.py took 0.316 seconds
[2022-01-20 03:50:06,213] {processor.py:163} INFO - Started process (PID=6324) to work on /home/airflow/.local/lib/python3.7/site-packages/airflow/example_dags/example_nested_branch_dag.py
[2022-01-20 03:50:06,217] {processor.py:620} INFO - Processing file /home/airflow/.local/lib/python3.7/site-packages/airflow/example_dags/example_nested_branch_dag.py for tasks to queue
[2022-01-20 03:50:06,219] {logging_mixin.py:109} INFO - [2022-01-20 03:50:06,219] {dagbag.py:500} INFO - Filling up the DagBag from /home/airflow/.local/lib/python3.7/site-packages/airflow/example_dags/example_nested_branch_dag.py
[2022-01-20 03:50:06,302] {processor.py:632} INFO - DAG(s) dict_keys(['example_nested_branch_dag']) retrieved from /home/airflow/.local/lib/python3.7/site-packages/airflow/example_dags/example_nested_branch_dag.py
[2022-01-20 03:50:06,348] {logging_mixin.py:109} INFO - [2022-01-20 03:50:06,347] {dag.py:2389} INFO - Sync 1 DAGs
[2022-01-20 03:50:06,417] {logging_mixin.py:109} INFO - [2022-01-20 03:50:06,417] {dag.py:2914} INFO - Setting next_dagrun for example_nested_branch_dag to 2022-01-19 00:00:00+00:00
[2022-01-20 03:50:06,446] {processor.py:171} INFO - Processing /home/airflow/.local/lib/python3.7/site-packages/airflow/example_dags/example_nested_branch_dag.py took 0.240 seconds
[2022-01-20 03:50:36,766] {processor.py:163} INFO - Started process (PID=6430) to work on /home/airflow/.local/lib/python3.7/site-packages/airflow/example_dags/example_nested_branch_dag.py
[2022-01-20 03:50:36,779] {processor.py:620} INFO - Processing file /home/airflow/.local/lib/python3.7/site-packages/airflow/example_dags/example_nested_branch_dag.py for tasks to queue
[2022-01-20 03:50:36,782] {logging_mixin.py:109} INFO - [2022-01-20 03:50:36,782] {dagbag.py:500} INFO - Filling up the DagBag from /home/airflow/.local/lib/python3.7/site-packages/airflow/example_dags/example_nested_branch_dag.py
[2022-01-20 03:50:36,867] {processor.py:632} INFO - DAG(s) dict_keys(['example_nested_branch_dag']) retrieved from /home/airflow/.local/lib/python3.7/site-packages/airflow/example_dags/example_nested_branch_dag.py
[2022-01-20 03:50:36,916] {logging_mixin.py:109} INFO - [2022-01-20 03:50:36,915] {dag.py:2389} INFO - Sync 1 DAGs
[2022-01-20 03:50:36,986] {logging_mixin.py:109} INFO - [2022-01-20 03:50:36,985] {dag.py:2914} INFO - Setting next_dagrun for example_nested_branch_dag to 2022-01-19 00:00:00+00:00
[2022-01-20 03:50:37,014] {processor.py:171} INFO - Processing /home/airflow/.local/lib/python3.7/site-packages/airflow/example_dags/example_nested_branch_dag.py took 0.255 seconds
[2022-01-20 03:51:07,079] {processor.py:163} INFO - Started process (PID=6524) to work on /home/airflow/.local/lib/python3.7/site-packages/airflow/example_dags/example_nested_branch_dag.py
[2022-01-20 03:51:07,083] {processor.py:620} INFO - Processing file /home/airflow/.local/lib/python3.7/site-packages/airflow/example_dags/example_nested_branch_dag.py for tasks to queue
[2022-01-20 03:51:07,088] {logging_mixin.py:109} INFO - [2022-01-20 03:51:07,087] {dagbag.py:500} INFO - Filling up the DagBag from /home/airflow/.local/lib/python3.7/site-packages/airflow/example_dags/example_nested_branch_dag.py
[2022-01-20 03:51:07,163] {processor.py:632} INFO - DAG(s) dict_keys(['example_nested_branch_dag']) retrieved from /home/airflow/.local/lib/python3.7/site-packages/airflow/example_dags/example_nested_branch_dag.py
[2022-01-20 03:51:07,200] {logging_mixin.py:109} INFO - [2022-01-20 03:51:07,199] {dag.py:2389} INFO - Sync 1 DAGs
[2022-01-20 03:51:07,254] {logging_mixin.py:109} INFO - [2022-01-20 03:51:07,253] {dag.py:2914} INFO - Setting next_dagrun for example_nested_branch_dag to 2022-01-19 00:00:00+00:00
[2022-01-20 03:51:07,277] {processor.py:171} INFO - Processing /home/airflow/.local/lib/python3.7/site-packages/airflow/example_dags/example_nested_branch_dag.py took 0.205 seconds
