[2022-01-20 03:20:15,755] {processor.py:163} INFO - Started process (PID=247) to work on /home/airflow/.local/lib/python3.7/site-packages/airflow/example_dags/example_kubernetes_executor.py
[2022-01-20 03:20:15,764] {processor.py:620} INFO - Processing file /home/airflow/.local/lib/python3.7/site-packages/airflow/example_dags/example_kubernetes_executor.py for tasks to queue
[2022-01-20 03:20:15,775] {logging_mixin.py:109} INFO - [2022-01-20 03:20:15,774] {dagbag.py:500} INFO - Filling up the DagBag from /home/airflow/.local/lib/python3.7/site-packages/airflow/example_dags/example_kubernetes_executor.py
[2022-01-20 03:20:16,054] {processor.py:632} INFO - DAG(s) dict_keys(['example_kubernetes_executor']) retrieved from /home/airflow/.local/lib/python3.7/site-packages/airflow/example_dags/example_kubernetes_executor.py
[2022-01-20 03:20:16,239] {logging_mixin.py:109} INFO - [2022-01-20 03:20:16,239] {dag.py:2389} INFO - Sync 1 DAGs
[2022-01-20 03:20:16,470] {logging_mixin.py:109} INFO - [2022-01-20 03:20:16,469] {dag.py:2914} INFO - Setting next_dagrun for example_kubernetes_executor to None
[2022-01-20 03:20:16,595] {processor.py:171} INFO - Processing /home/airflow/.local/lib/python3.7/site-packages/airflow/example_dags/example_kubernetes_executor.py took 0.868 seconds
[2022-01-20 03:20:48,985] {processor.py:163} INFO - Started process (PID=348) to work on /home/airflow/.local/lib/python3.7/site-packages/airflow/example_dags/example_kubernetes_executor.py
[2022-01-20 03:20:48,995] {processor.py:620} INFO - Processing file /home/airflow/.local/lib/python3.7/site-packages/airflow/example_dags/example_kubernetes_executor.py for tasks to queue
[2022-01-20 03:20:49,010] {logging_mixin.py:109} INFO - [2022-01-20 03:20:49,003] {dagbag.py:500} INFO - Filling up the DagBag from /home/airflow/.local/lib/python3.7/site-packages/airflow/example_dags/example_kubernetes_executor.py
[2022-01-20 03:20:49,222] {processor.py:632} INFO - DAG(s) dict_keys(['example_kubernetes_executor']) retrieved from /home/airflow/.local/lib/python3.7/site-packages/airflow/example_dags/example_kubernetes_executor.py
[2022-01-20 03:20:49,330] {logging_mixin.py:109} INFO - [2022-01-20 03:20:49,329] {dag.py:2389} INFO - Sync 1 DAGs
[2022-01-20 03:20:49,437] {logging_mixin.py:109} INFO - [2022-01-20 03:20:49,437] {dag.py:2914} INFO - Setting next_dagrun for example_kubernetes_executor to None
[2022-01-20 03:20:49,525] {processor.py:171} INFO - Processing /home/airflow/.local/lib/python3.7/site-packages/airflow/example_dags/example_kubernetes_executor.py took 0.559 seconds
[2022-01-20 03:21:19,663] {processor.py:163} INFO - Started process (PID=457) to work on /home/airflow/.local/lib/python3.7/site-packages/airflow/example_dags/example_kubernetes_executor.py
[2022-01-20 03:21:19,677] {processor.py:620} INFO - Processing file /home/airflow/.local/lib/python3.7/site-packages/airflow/example_dags/example_kubernetes_executor.py for tasks to queue
[2022-01-20 03:21:19,685] {logging_mixin.py:109} INFO - [2022-01-20 03:21:19,685] {dagbag.py:500} INFO - Filling up the DagBag from /home/airflow/.local/lib/python3.7/site-packages/airflow/example_dags/example_kubernetes_executor.py
[2022-01-20 03:21:19,911] {processor.py:632} INFO - DAG(s) dict_keys(['example_kubernetes_executor']) retrieved from /home/airflow/.local/lib/python3.7/site-packages/airflow/example_dags/example_kubernetes_executor.py
[2022-01-20 03:21:20,031] {logging_mixin.py:109} INFO - [2022-01-20 03:21:20,030] {dag.py:2389} INFO - Sync 1 DAGs
[2022-01-20 03:21:20,159] {logging_mixin.py:109} INFO - [2022-01-20 03:21:20,159] {dag.py:2914} INFO - Setting next_dagrun for example_kubernetes_executor to None
[2022-01-20 03:21:20,231] {processor.py:171} INFO - Processing /home/airflow/.local/lib/python3.7/site-packages/airflow/example_dags/example_kubernetes_executor.py took 0.586 seconds
[2022-01-20 03:21:51,003] {processor.py:163} INFO - Started process (PID=559) to work on /home/airflow/.local/lib/python3.7/site-packages/airflow/example_dags/example_kubernetes_executor.py
[2022-01-20 03:21:51,008] {processor.py:620} INFO - Processing file /home/airflow/.local/lib/python3.7/site-packages/airflow/example_dags/example_kubernetes_executor.py for tasks to queue
[2022-01-20 03:21:51,014] {logging_mixin.py:109} INFO - [2022-01-20 03:21:51,014] {dagbag.py:500} INFO - Filling up the DagBag from /home/airflow/.local/lib/python3.7/site-packages/airflow/example_dags/example_kubernetes_executor.py
[2022-01-20 03:21:51,102] {processor.py:632} INFO - DAG(s) dict_keys(['example_kubernetes_executor']) retrieved from /home/airflow/.local/lib/python3.7/site-packages/airflow/example_dags/example_kubernetes_executor.py
[2022-01-20 03:21:51,146] {logging_mixin.py:109} INFO - [2022-01-20 03:21:51,145] {dag.py:2389} INFO - Sync 1 DAGs
[2022-01-20 03:21:51,202] {logging_mixin.py:109} INFO - [2022-01-20 03:21:51,202] {dag.py:2914} INFO - Setting next_dagrun for example_kubernetes_executor to None
[2022-01-20 03:21:51,231] {processor.py:171} INFO - Processing /home/airflow/.local/lib/python3.7/site-packages/airflow/example_dags/example_kubernetes_executor.py took 0.237 seconds
[2022-01-20 03:22:21,669] {processor.py:163} INFO - Started process (PID=663) to work on /home/airflow/.local/lib/python3.7/site-packages/airflow/example_dags/example_kubernetes_executor.py
[2022-01-20 03:22:21,673] {processor.py:620} INFO - Processing file /home/airflow/.local/lib/python3.7/site-packages/airflow/example_dags/example_kubernetes_executor.py for tasks to queue
[2022-01-20 03:22:21,676] {logging_mixin.py:109} INFO - [2022-01-20 03:22:21,676] {dagbag.py:500} INFO - Filling up the DagBag from /home/airflow/.local/lib/python3.7/site-packages/airflow/example_dags/example_kubernetes_executor.py
[2022-01-20 03:22:21,753] {processor.py:632} INFO - DAG(s) dict_keys(['example_kubernetes_executor']) retrieved from /home/airflow/.local/lib/python3.7/site-packages/airflow/example_dags/example_kubernetes_executor.py
[2022-01-20 03:22:21,794] {logging_mixin.py:109} INFO - [2022-01-20 03:22:21,793] {dag.py:2389} INFO - Sync 1 DAGs
[2022-01-20 03:22:21,844] {logging_mixin.py:109} INFO - [2022-01-20 03:22:21,844] {dag.py:2914} INFO - Setting next_dagrun for example_kubernetes_executor to None
[2022-01-20 03:22:21,871] {processor.py:171} INFO - Processing /home/airflow/.local/lib/python3.7/site-packages/airflow/example_dags/example_kubernetes_executor.py took 0.210 seconds
[2022-01-20 03:22:51,956] {processor.py:163} INFO - Started process (PID=771) to work on /home/airflow/.local/lib/python3.7/site-packages/airflow/example_dags/example_kubernetes_executor.py
[2022-01-20 03:22:51,960] {processor.py:620} INFO - Processing file /home/airflow/.local/lib/python3.7/site-packages/airflow/example_dags/example_kubernetes_executor.py for tasks to queue
[2022-01-20 03:22:51,964] {logging_mixin.py:109} INFO - [2022-01-20 03:22:51,963] {dagbag.py:500} INFO - Filling up the DagBag from /home/airflow/.local/lib/python3.7/site-packages/airflow/example_dags/example_kubernetes_executor.py
[2022-01-20 03:22:52,040] {processor.py:632} INFO - DAG(s) dict_keys(['example_kubernetes_executor']) retrieved from /home/airflow/.local/lib/python3.7/site-packages/airflow/example_dags/example_kubernetes_executor.py
[2022-01-20 03:22:52,087] {logging_mixin.py:109} INFO - [2022-01-20 03:22:52,086] {dag.py:2389} INFO - Sync 1 DAGs
[2022-01-20 03:22:52,140] {logging_mixin.py:109} INFO - [2022-01-20 03:22:52,139] {dag.py:2914} INFO - Setting next_dagrun for example_kubernetes_executor to None
[2022-01-20 03:22:52,174] {processor.py:171} INFO - Processing /home/airflow/.local/lib/python3.7/site-packages/airflow/example_dags/example_kubernetes_executor.py took 0.226 seconds
[2022-01-20 03:23:22,553] {processor.py:163} INFO - Started process (PID=874) to work on /home/airflow/.local/lib/python3.7/site-packages/airflow/example_dags/example_kubernetes_executor.py
[2022-01-20 03:23:22,557] {processor.py:620} INFO - Processing file /home/airflow/.local/lib/python3.7/site-packages/airflow/example_dags/example_kubernetes_executor.py for tasks to queue
[2022-01-20 03:23:22,560] {logging_mixin.py:109} INFO - [2022-01-20 03:23:22,559] {dagbag.py:500} INFO - Filling up the DagBag from /home/airflow/.local/lib/python3.7/site-packages/airflow/example_dags/example_kubernetes_executor.py
[2022-01-20 03:23:22,631] {processor.py:632} INFO - DAG(s) dict_keys(['example_kubernetes_executor']) retrieved from /home/airflow/.local/lib/python3.7/site-packages/airflow/example_dags/example_kubernetes_executor.py
[2022-01-20 03:23:22,672] {logging_mixin.py:109} INFO - [2022-01-20 03:23:22,671] {dag.py:2389} INFO - Sync 1 DAGs
[2022-01-20 03:23:22,722] {logging_mixin.py:109} INFO - [2022-01-20 03:23:22,721] {dag.py:2914} INFO - Setting next_dagrun for example_kubernetes_executor to None
[2022-01-20 03:23:22,750] {processor.py:171} INFO - Processing /home/airflow/.local/lib/python3.7/site-packages/airflow/example_dags/example_kubernetes_executor.py took 0.204 seconds
[2022-01-20 03:23:53,345] {processor.py:163} INFO - Started process (PID=986) to work on /home/airflow/.local/lib/python3.7/site-packages/airflow/example_dags/example_kubernetes_executor.py
[2022-01-20 03:23:53,349] {processor.py:620} INFO - Processing file /home/airflow/.local/lib/python3.7/site-packages/airflow/example_dags/example_kubernetes_executor.py for tasks to queue
[2022-01-20 03:23:53,353] {logging_mixin.py:109} INFO - [2022-01-20 03:23:53,352] {dagbag.py:500} INFO - Filling up the DagBag from /home/airflow/.local/lib/python3.7/site-packages/airflow/example_dags/example_kubernetes_executor.py
[2022-01-20 03:23:53,428] {processor.py:632} INFO - DAG(s) dict_keys(['example_kubernetes_executor']) retrieved from /home/airflow/.local/lib/python3.7/site-packages/airflow/example_dags/example_kubernetes_executor.py
[2022-01-20 03:23:53,469] {logging_mixin.py:109} INFO - [2022-01-20 03:23:53,468] {dag.py:2389} INFO - Sync 1 DAGs
[2022-01-20 03:23:53,528] {logging_mixin.py:109} INFO - [2022-01-20 03:23:53,527] {dag.py:2914} INFO - Setting next_dagrun for example_kubernetes_executor to None
[2022-01-20 03:23:53,568] {processor.py:171} INFO - Processing /home/airflow/.local/lib/python3.7/site-packages/airflow/example_dags/example_kubernetes_executor.py took 0.231 seconds
[2022-01-20 03:24:24,586] {processor.py:163} INFO - Started process (PID=1084) to work on /home/airflow/.local/lib/python3.7/site-packages/airflow/example_dags/example_kubernetes_executor.py
[2022-01-20 03:24:24,590] {processor.py:620} INFO - Processing file /home/airflow/.local/lib/python3.7/site-packages/airflow/example_dags/example_kubernetes_executor.py for tasks to queue
[2022-01-20 03:24:24,593] {logging_mixin.py:109} INFO - [2022-01-20 03:24:24,592] {dagbag.py:500} INFO - Filling up the DagBag from /home/airflow/.local/lib/python3.7/site-packages/airflow/example_dags/example_kubernetes_executor.py
[2022-01-20 03:24:24,662] {processor.py:632} INFO - DAG(s) dict_keys(['example_kubernetes_executor']) retrieved from /home/airflow/.local/lib/python3.7/site-packages/airflow/example_dags/example_kubernetes_executor.py
[2022-01-20 03:24:24,701] {logging_mixin.py:109} INFO - [2022-01-20 03:24:24,700] {dag.py:2389} INFO - Sync 1 DAGs
[2022-01-20 03:24:24,746] {logging_mixin.py:109} INFO - [2022-01-20 03:24:24,746] {dag.py:2914} INFO - Setting next_dagrun for example_kubernetes_executor to None
[2022-01-20 03:24:24,771] {processor.py:171} INFO - Processing /home/airflow/.local/lib/python3.7/site-packages/airflow/example_dags/example_kubernetes_executor.py took 0.192 seconds
[2022-01-20 03:24:54,957] {processor.py:163} INFO - Started process (PID=1198) to work on /home/airflow/.local/lib/python3.7/site-packages/airflow/example_dags/example_kubernetes_executor.py
[2022-01-20 03:24:54,962] {processor.py:620} INFO - Processing file /home/airflow/.local/lib/python3.7/site-packages/airflow/example_dags/example_kubernetes_executor.py for tasks to queue
[2022-01-20 03:24:54,965] {logging_mixin.py:109} INFO - [2022-01-20 03:24:54,965] {dagbag.py:500} INFO - Filling up the DagBag from /home/airflow/.local/lib/python3.7/site-packages/airflow/example_dags/example_kubernetes_executor.py
[2022-01-20 03:24:55,044] {processor.py:632} INFO - DAG(s) dict_keys(['example_kubernetes_executor']) retrieved from /home/airflow/.local/lib/python3.7/site-packages/airflow/example_dags/example_kubernetes_executor.py
[2022-01-20 03:24:55,094] {logging_mixin.py:109} INFO - [2022-01-20 03:24:55,093] {dag.py:2389} INFO - Sync 1 DAGs
[2022-01-20 03:24:55,150] {logging_mixin.py:109} INFO - [2022-01-20 03:24:55,149] {dag.py:2914} INFO - Setting next_dagrun for example_kubernetes_executor to None
[2022-01-20 03:24:55,182] {processor.py:171} INFO - Processing /home/airflow/.local/lib/python3.7/site-packages/airflow/example_dags/example_kubernetes_executor.py took 0.232 seconds
[2022-01-20 03:25:25,890] {processor.py:163} INFO - Started process (PID=1295) to work on /home/airflow/.local/lib/python3.7/site-packages/airflow/example_dags/example_kubernetes_executor.py
[2022-01-20 03:25:25,894] {processor.py:620} INFO - Processing file /home/airflow/.local/lib/python3.7/site-packages/airflow/example_dags/example_kubernetes_executor.py for tasks to queue
[2022-01-20 03:25:25,897] {logging_mixin.py:109} INFO - [2022-01-20 03:25:25,897] {dagbag.py:500} INFO - Filling up the DagBag from /home/airflow/.local/lib/python3.7/site-packages/airflow/example_dags/example_kubernetes_executor.py
[2022-01-20 03:25:25,980] {processor.py:632} INFO - DAG(s) dict_keys(['example_kubernetes_executor']) retrieved from /home/airflow/.local/lib/python3.7/site-packages/airflow/example_dags/example_kubernetes_executor.py
[2022-01-20 03:25:26,023] {logging_mixin.py:109} INFO - [2022-01-20 03:25:26,023] {dag.py:2389} INFO - Sync 1 DAGs
[2022-01-20 03:25:26,079] {logging_mixin.py:109} INFO - [2022-01-20 03:25:26,078] {dag.py:2914} INFO - Setting next_dagrun for example_kubernetes_executor to None
[2022-01-20 03:25:26,107] {processor.py:171} INFO - Processing /home/airflow/.local/lib/python3.7/site-packages/airflow/example_dags/example_kubernetes_executor.py took 0.224 seconds
[2022-01-20 03:25:56,278] {processor.py:163} INFO - Started process (PID=1412) to work on /home/airflow/.local/lib/python3.7/site-packages/airflow/example_dags/example_kubernetes_executor.py
[2022-01-20 03:25:56,282] {processor.py:620} INFO - Processing file /home/airflow/.local/lib/python3.7/site-packages/airflow/example_dags/example_kubernetes_executor.py for tasks to queue
[2022-01-20 03:25:56,286] {logging_mixin.py:109} INFO - [2022-01-20 03:25:56,285] {dagbag.py:500} INFO - Filling up the DagBag from /home/airflow/.local/lib/python3.7/site-packages/airflow/example_dags/example_kubernetes_executor.py
[2022-01-20 03:25:56,363] {processor.py:632} INFO - DAG(s) dict_keys(['example_kubernetes_executor']) retrieved from /home/airflow/.local/lib/python3.7/site-packages/airflow/example_dags/example_kubernetes_executor.py
[2022-01-20 03:25:56,407] {logging_mixin.py:109} INFO - [2022-01-20 03:25:56,406] {dag.py:2389} INFO - Sync 1 DAGs
[2022-01-20 03:25:56,464] {logging_mixin.py:109} INFO - [2022-01-20 03:25:56,464] {dag.py:2914} INFO - Setting next_dagrun for example_kubernetes_executor to None
[2022-01-20 03:25:56,492] {processor.py:171} INFO - Processing /home/airflow/.local/lib/python3.7/site-packages/airflow/example_dags/example_kubernetes_executor.py took 0.224 seconds
[2022-01-20 03:26:26,828] {processor.py:163} INFO - Started process (PID=1507) to work on /home/airflow/.local/lib/python3.7/site-packages/airflow/example_dags/example_kubernetes_executor.py
[2022-01-20 03:26:26,832] {processor.py:620} INFO - Processing file /home/airflow/.local/lib/python3.7/site-packages/airflow/example_dags/example_kubernetes_executor.py for tasks to queue
[2022-01-20 03:26:26,836] {logging_mixin.py:109} INFO - [2022-01-20 03:26:26,835] {dagbag.py:500} INFO - Filling up the DagBag from /home/airflow/.local/lib/python3.7/site-packages/airflow/example_dags/example_kubernetes_executor.py
[2022-01-20 03:26:26,907] {processor.py:632} INFO - DAG(s) dict_keys(['example_kubernetes_executor']) retrieved from /home/airflow/.local/lib/python3.7/site-packages/airflow/example_dags/example_kubernetes_executor.py
[2022-01-20 03:26:26,952] {logging_mixin.py:109} INFO - [2022-01-20 03:26:26,951] {dag.py:2389} INFO - Sync 1 DAGs
[2022-01-20 03:26:27,004] {logging_mixin.py:109} INFO - [2022-01-20 03:26:27,003] {dag.py:2914} INFO - Setting next_dagrun for example_kubernetes_executor to None
[2022-01-20 03:26:27,030] {processor.py:171} INFO - Processing /home/airflow/.local/lib/python3.7/site-packages/airflow/example_dags/example_kubernetes_executor.py took 0.209 seconds
[2022-01-20 03:27:00,941] {processor.py:163} INFO - Started process (PID=1621) to work on /home/airflow/.local/lib/python3.7/site-packages/airflow/example_dags/example_kubernetes_executor.py
[2022-01-20 03:27:00,945] {processor.py:620} INFO - Processing file /home/airflow/.local/lib/python3.7/site-packages/airflow/example_dags/example_kubernetes_executor.py for tasks to queue
[2022-01-20 03:27:00,948] {logging_mixin.py:109} INFO - [2022-01-20 03:27:00,948] {dagbag.py:500} INFO - Filling up the DagBag from /home/airflow/.local/lib/python3.7/site-packages/airflow/example_dags/example_kubernetes_executor.py
[2022-01-20 03:27:01,031] {processor.py:632} INFO - DAG(s) dict_keys(['example_kubernetes_executor']) retrieved from /home/airflow/.local/lib/python3.7/site-packages/airflow/example_dags/example_kubernetes_executor.py
[2022-01-20 03:27:01,076] {logging_mixin.py:109} INFO - [2022-01-20 03:27:01,076] {dag.py:2389} INFO - Sync 1 DAGs
[2022-01-20 03:27:01,131] {logging_mixin.py:109} INFO - [2022-01-20 03:27:01,131] {dag.py:2914} INFO - Setting next_dagrun for example_kubernetes_executor to None
[2022-01-20 03:27:01,161] {processor.py:171} INFO - Processing /home/airflow/.local/lib/python3.7/site-packages/airflow/example_dags/example_kubernetes_executor.py took 0.226 seconds
[2022-01-20 03:27:32,863] {processor.py:163} INFO - Started process (PID=1738) to work on /home/airflow/.local/lib/python3.7/site-packages/airflow/example_dags/example_kubernetes_executor.py
[2022-01-20 03:27:32,868] {processor.py:620} INFO - Processing file /home/airflow/.local/lib/python3.7/site-packages/airflow/example_dags/example_kubernetes_executor.py for tasks to queue
[2022-01-20 03:27:32,872] {logging_mixin.py:109} INFO - [2022-01-20 03:27:32,871] {dagbag.py:500} INFO - Filling up the DagBag from /home/airflow/.local/lib/python3.7/site-packages/airflow/example_dags/example_kubernetes_executor.py
[2022-01-20 03:27:32,953] {processor.py:632} INFO - DAG(s) dict_keys(['example_kubernetes_executor']) retrieved from /home/airflow/.local/lib/python3.7/site-packages/airflow/example_dags/example_kubernetes_executor.py
[2022-01-20 03:27:32,998] {logging_mixin.py:109} INFO - [2022-01-20 03:27:32,997] {dag.py:2389} INFO - Sync 1 DAGs
[2022-01-20 03:27:33,055] {logging_mixin.py:109} INFO - [2022-01-20 03:27:33,055] {dag.py:2914} INFO - Setting next_dagrun for example_kubernetes_executor to None
[2022-01-20 03:27:33,085] {processor.py:171} INFO - Processing /home/airflow/.local/lib/python3.7/site-packages/airflow/example_dags/example_kubernetes_executor.py took 0.237 seconds
[2022-01-20 03:28:05,521] {processor.py:163} INFO - Started process (PID=1834) to work on /home/airflow/.local/lib/python3.7/site-packages/airflow/example_dags/example_kubernetes_executor.py
[2022-01-20 03:28:05,527] {processor.py:620} INFO - Processing file /home/airflow/.local/lib/python3.7/site-packages/airflow/example_dags/example_kubernetes_executor.py for tasks to queue
[2022-01-20 03:28:05,531] {logging_mixin.py:109} INFO - [2022-01-20 03:28:05,530] {dagbag.py:500} INFO - Filling up the DagBag from /home/airflow/.local/lib/python3.7/site-packages/airflow/example_dags/example_kubernetes_executor.py
[2022-01-20 03:28:05,613] {processor.py:632} INFO - DAG(s) dict_keys(['example_kubernetes_executor']) retrieved from /home/airflow/.local/lib/python3.7/site-packages/airflow/example_dags/example_kubernetes_executor.py
[2022-01-20 03:28:05,656] {logging_mixin.py:109} INFO - [2022-01-20 03:28:05,655] {dag.py:2389} INFO - Sync 1 DAGs
[2022-01-20 03:28:05,708] {logging_mixin.py:109} INFO - [2022-01-20 03:28:05,708] {dag.py:2914} INFO - Setting next_dagrun for example_kubernetes_executor to None
[2022-01-20 03:28:05,737] {processor.py:171} INFO - Processing /home/airflow/.local/lib/python3.7/site-packages/airflow/example_dags/example_kubernetes_executor.py took 0.224 seconds
[2022-01-20 03:28:37,694] {processor.py:163} INFO - Started process (PID=1937) to work on /home/airflow/.local/lib/python3.7/site-packages/airflow/example_dags/example_kubernetes_executor.py
[2022-01-20 03:28:37,704] {processor.py:620} INFO - Processing file /home/airflow/.local/lib/python3.7/site-packages/airflow/example_dags/example_kubernetes_executor.py for tasks to queue
[2022-01-20 03:28:37,707] {logging_mixin.py:109} INFO - [2022-01-20 03:28:37,706] {dagbag.py:500} INFO - Filling up the DagBag from /home/airflow/.local/lib/python3.7/site-packages/airflow/example_dags/example_kubernetes_executor.py
[2022-01-20 03:28:37,784] {processor.py:632} INFO - DAG(s) dict_keys(['example_kubernetes_executor']) retrieved from /home/airflow/.local/lib/python3.7/site-packages/airflow/example_dags/example_kubernetes_executor.py
[2022-01-20 03:28:37,827] {logging_mixin.py:109} INFO - [2022-01-20 03:28:37,827] {dag.py:2389} INFO - Sync 1 DAGs
[2022-01-20 03:28:37,883] {logging_mixin.py:109} INFO - [2022-01-20 03:28:37,883] {dag.py:2914} INFO - Setting next_dagrun for example_kubernetes_executor to None
[2022-01-20 03:28:37,917] {processor.py:171} INFO - Processing /home/airflow/.local/lib/python3.7/site-packages/airflow/example_dags/example_kubernetes_executor.py took 0.241 seconds
[2022-01-20 03:29:08,709] {processor.py:163} INFO - Started process (PID=2033) to work on /home/airflow/.local/lib/python3.7/site-packages/airflow/example_dags/example_kubernetes_executor.py
[2022-01-20 03:29:08,713] {processor.py:620} INFO - Processing file /home/airflow/.local/lib/python3.7/site-packages/airflow/example_dags/example_kubernetes_executor.py for tasks to queue
[2022-01-20 03:29:08,716] {logging_mixin.py:109} INFO - [2022-01-20 03:29:08,716] {dagbag.py:500} INFO - Filling up the DagBag from /home/airflow/.local/lib/python3.7/site-packages/airflow/example_dags/example_kubernetes_executor.py
[2022-01-20 03:29:08,779] {processor.py:632} INFO - DAG(s) dict_keys(['example_kubernetes_executor']) retrieved from /home/airflow/.local/lib/python3.7/site-packages/airflow/example_dags/example_kubernetes_executor.py
[2022-01-20 03:29:08,814] {logging_mixin.py:109} INFO - [2022-01-20 03:29:08,814] {dag.py:2389} INFO - Sync 1 DAGs
[2022-01-20 03:29:08,863] {logging_mixin.py:109} INFO - [2022-01-20 03:29:08,862] {dag.py:2914} INFO - Setting next_dagrun for example_kubernetes_executor to None
[2022-01-20 03:29:08,887] {processor.py:171} INFO - Processing /home/airflow/.local/lib/python3.7/site-packages/airflow/example_dags/example_kubernetes_executor.py took 0.185 seconds
[2022-01-20 03:29:40,291] {processor.py:163} INFO - Started process (PID=2144) to work on /home/airflow/.local/lib/python3.7/site-packages/airflow/example_dags/example_kubernetes_executor.py
[2022-01-20 03:29:40,306] {processor.py:620} INFO - Processing file /home/airflow/.local/lib/python3.7/site-packages/airflow/example_dags/example_kubernetes_executor.py for tasks to queue
[2022-01-20 03:29:40,309] {logging_mixin.py:109} INFO - [2022-01-20 03:29:40,309] {dagbag.py:500} INFO - Filling up the DagBag from /home/airflow/.local/lib/python3.7/site-packages/airflow/example_dags/example_kubernetes_executor.py
[2022-01-20 03:29:40,390] {processor.py:632} INFO - DAG(s) dict_keys(['example_kubernetes_executor']) retrieved from /home/airflow/.local/lib/python3.7/site-packages/airflow/example_dags/example_kubernetes_executor.py
[2022-01-20 03:29:40,434] {logging_mixin.py:109} INFO - [2022-01-20 03:29:40,433] {dag.py:2389} INFO - Sync 1 DAGs
[2022-01-20 03:29:40,490] {logging_mixin.py:109} INFO - [2022-01-20 03:29:40,489] {dag.py:2914} INFO - Setting next_dagrun for example_kubernetes_executor to None
[2022-01-20 03:29:40,517] {processor.py:171} INFO - Processing /home/airflow/.local/lib/python3.7/site-packages/airflow/example_dags/example_kubernetes_executor.py took 0.233 seconds
[2022-01-20 03:30:10,751] {processor.py:163} INFO - Started process (PID=2242) to work on /home/airflow/.local/lib/python3.7/site-packages/airflow/example_dags/example_kubernetes_executor.py
[2022-01-20 03:30:10,758] {processor.py:620} INFO - Processing file /home/airflow/.local/lib/python3.7/site-packages/airflow/example_dags/example_kubernetes_executor.py for tasks to queue
[2022-01-20 03:30:10,764] {logging_mixin.py:109} INFO - [2022-01-20 03:30:10,764] {dagbag.py:500} INFO - Filling up the DagBag from /home/airflow/.local/lib/python3.7/site-packages/airflow/example_dags/example_kubernetes_executor.py
[2022-01-20 03:30:10,847] {processor.py:632} INFO - DAG(s) dict_keys(['example_kubernetes_executor']) retrieved from /home/airflow/.local/lib/python3.7/site-packages/airflow/example_dags/example_kubernetes_executor.py
[2022-01-20 03:30:10,894] {logging_mixin.py:109} INFO - [2022-01-20 03:30:10,893] {dag.py:2389} INFO - Sync 1 DAGs
[2022-01-20 03:30:10,957] {logging_mixin.py:109} INFO - [2022-01-20 03:30:10,956] {dag.py:2914} INFO - Setting next_dagrun for example_kubernetes_executor to None
[2022-01-20 03:30:10,989] {processor.py:171} INFO - Processing /home/airflow/.local/lib/python3.7/site-packages/airflow/example_dags/example_kubernetes_executor.py took 0.245 seconds
[2022-01-20 03:30:41,142] {processor.py:163} INFO - Started process (PID=2343) to work on /home/airflow/.local/lib/python3.7/site-packages/airflow/example_dags/example_kubernetes_executor.py
[2022-01-20 03:30:41,147] {processor.py:620} INFO - Processing file /home/airflow/.local/lib/python3.7/site-packages/airflow/example_dags/example_kubernetes_executor.py for tasks to queue
[2022-01-20 03:30:41,150] {logging_mixin.py:109} INFO - [2022-01-20 03:30:41,150] {dagbag.py:500} INFO - Filling up the DagBag from /home/airflow/.local/lib/python3.7/site-packages/airflow/example_dags/example_kubernetes_executor.py
[2022-01-20 03:30:41,222] {processor.py:632} INFO - DAG(s) dict_keys(['example_kubernetes_executor']) retrieved from /home/airflow/.local/lib/python3.7/site-packages/airflow/example_dags/example_kubernetes_executor.py
[2022-01-20 03:30:41,265] {logging_mixin.py:109} INFO - [2022-01-20 03:30:41,264] {dag.py:2389} INFO - Sync 1 DAGs
[2022-01-20 03:30:41,319] {logging_mixin.py:109} INFO - [2022-01-20 03:30:41,318] {dag.py:2914} INFO - Setting next_dagrun for example_kubernetes_executor to None
[2022-01-20 03:30:41,344] {processor.py:171} INFO - Processing /home/airflow/.local/lib/python3.7/site-packages/airflow/example_dags/example_kubernetes_executor.py took 0.209 seconds
[2022-01-20 03:31:11,532] {processor.py:163} INFO - Started process (PID=2452) to work on /home/airflow/.local/lib/python3.7/site-packages/airflow/example_dags/example_kubernetes_executor.py
[2022-01-20 03:31:11,538] {processor.py:620} INFO - Processing file /home/airflow/.local/lib/python3.7/site-packages/airflow/example_dags/example_kubernetes_executor.py for tasks to queue
[2022-01-20 03:31:11,541] {logging_mixin.py:109} INFO - [2022-01-20 03:31:11,541] {dagbag.py:500} INFO - Filling up the DagBag from /home/airflow/.local/lib/python3.7/site-packages/airflow/example_dags/example_kubernetes_executor.py
[2022-01-20 03:31:11,620] {processor.py:632} INFO - DAG(s) dict_keys(['example_kubernetes_executor']) retrieved from /home/airflow/.local/lib/python3.7/site-packages/airflow/example_dags/example_kubernetes_executor.py
[2022-01-20 03:31:11,665] {logging_mixin.py:109} INFO - [2022-01-20 03:31:11,664] {dag.py:2389} INFO - Sync 1 DAGs
[2022-01-20 03:31:11,722] {logging_mixin.py:109} INFO - [2022-01-20 03:31:11,722] {dag.py:2914} INFO - Setting next_dagrun for example_kubernetes_executor to None
[2022-01-20 03:31:11,860] {processor.py:171} INFO - Processing /home/airflow/.local/lib/python3.7/site-packages/airflow/example_dags/example_kubernetes_executor.py took 0.343 seconds
[2022-01-20 03:31:41,998] {processor.py:163} INFO - Started process (PID=2553) to work on /home/airflow/.local/lib/python3.7/site-packages/airflow/example_dags/example_kubernetes_executor.py
[2022-01-20 03:31:42,002] {processor.py:620} INFO - Processing file /home/airflow/.local/lib/python3.7/site-packages/airflow/example_dags/example_kubernetes_executor.py for tasks to queue
[2022-01-20 03:31:42,007] {logging_mixin.py:109} INFO - [2022-01-20 03:31:42,006] {dagbag.py:500} INFO - Filling up the DagBag from /home/airflow/.local/lib/python3.7/site-packages/airflow/example_dags/example_kubernetes_executor.py
[2022-01-20 03:31:42,083] {processor.py:632} INFO - DAG(s) dict_keys(['example_kubernetes_executor']) retrieved from /home/airflow/.local/lib/python3.7/site-packages/airflow/example_dags/example_kubernetes_executor.py
[2022-01-20 03:31:42,124] {logging_mixin.py:109} INFO - [2022-01-20 03:31:42,123] {dag.py:2389} INFO - Sync 1 DAGs
[2022-01-20 03:31:42,289] {logging_mixin.py:109} INFO - [2022-01-20 03:31:42,288] {dag.py:2914} INFO - Setting next_dagrun for example_kubernetes_executor to None
[2022-01-20 03:31:42,318] {processor.py:171} INFO - Processing /home/airflow/.local/lib/python3.7/site-packages/airflow/example_dags/example_kubernetes_executor.py took 0.327 seconds
[2022-01-20 03:32:12,810] {processor.py:163} INFO - Started process (PID=2667) to work on /home/airflow/.local/lib/python3.7/site-packages/airflow/example_dags/example_kubernetes_executor.py
[2022-01-20 03:32:12,815] {processor.py:620} INFO - Processing file /home/airflow/.local/lib/python3.7/site-packages/airflow/example_dags/example_kubernetes_executor.py for tasks to queue
[2022-01-20 03:32:12,819] {logging_mixin.py:109} INFO - [2022-01-20 03:32:12,819] {dagbag.py:500} INFO - Filling up the DagBag from /home/airflow/.local/lib/python3.7/site-packages/airflow/example_dags/example_kubernetes_executor.py
[2022-01-20 03:32:12,930] {processor.py:632} INFO - DAG(s) dict_keys(['example_kubernetes_executor']) retrieved from /home/airflow/.local/lib/python3.7/site-packages/airflow/example_dags/example_kubernetes_executor.py
[2022-01-20 03:32:12,974] {logging_mixin.py:109} INFO - [2022-01-20 03:32:12,974] {dag.py:2389} INFO - Sync 1 DAGs
[2022-01-20 03:32:13,158] {logging_mixin.py:109} INFO - [2022-01-20 03:32:13,157] {dag.py:2914} INFO - Setting next_dagrun for example_kubernetes_executor to None
[2022-01-20 03:32:13,186] {processor.py:171} INFO - Processing /home/airflow/.local/lib/python3.7/site-packages/airflow/example_dags/example_kubernetes_executor.py took 0.385 seconds
[2022-01-20 03:32:43,455] {processor.py:163} INFO - Started process (PID=2764) to work on /home/airflow/.local/lib/python3.7/site-packages/airflow/example_dags/example_kubernetes_executor.py
[2022-01-20 03:32:43,459] {processor.py:620} INFO - Processing file /home/airflow/.local/lib/python3.7/site-packages/airflow/example_dags/example_kubernetes_executor.py for tasks to queue
[2022-01-20 03:32:43,463] {logging_mixin.py:109} INFO - [2022-01-20 03:32:43,462] {dagbag.py:500} INFO - Filling up the DagBag from /home/airflow/.local/lib/python3.7/site-packages/airflow/example_dags/example_kubernetes_executor.py
[2022-01-20 03:32:43,545] {processor.py:632} INFO - DAG(s) dict_keys(['example_kubernetes_executor']) retrieved from /home/airflow/.local/lib/python3.7/site-packages/airflow/example_dags/example_kubernetes_executor.py
[2022-01-20 03:32:43,588] {logging_mixin.py:109} INFO - [2022-01-20 03:32:43,587] {dag.py:2389} INFO - Sync 1 DAGs
[2022-01-20 03:32:43,764] {logging_mixin.py:109} INFO - [2022-01-20 03:32:43,764] {dag.py:2914} INFO - Setting next_dagrun for example_kubernetes_executor to None
[2022-01-20 03:32:43,797] {processor.py:171} INFO - Processing /home/airflow/.local/lib/python3.7/site-packages/airflow/example_dags/example_kubernetes_executor.py took 0.350 seconds
[2022-01-20 03:33:14,074] {processor.py:163} INFO - Started process (PID=2879) to work on /home/airflow/.local/lib/python3.7/site-packages/airflow/example_dags/example_kubernetes_executor.py
[2022-01-20 03:33:14,080] {processor.py:620} INFO - Processing file /home/airflow/.local/lib/python3.7/site-packages/airflow/example_dags/example_kubernetes_executor.py for tasks to queue
[2022-01-20 03:33:14,084] {logging_mixin.py:109} INFO - [2022-01-20 03:33:14,083] {dagbag.py:500} INFO - Filling up the DagBag from /home/airflow/.local/lib/python3.7/site-packages/airflow/example_dags/example_kubernetes_executor.py
[2022-01-20 03:33:14,179] {processor.py:632} INFO - DAG(s) dict_keys(['example_kubernetes_executor']) retrieved from /home/airflow/.local/lib/python3.7/site-packages/airflow/example_dags/example_kubernetes_executor.py
[2022-01-20 03:33:14,222] {logging_mixin.py:109} INFO - [2022-01-20 03:33:14,222] {dag.py:2389} INFO - Sync 1 DAGs
[2022-01-20 03:33:14,398] {logging_mixin.py:109} INFO - [2022-01-20 03:33:14,397] {dag.py:2914} INFO - Setting next_dagrun for example_kubernetes_executor to None
[2022-01-20 03:33:14,428] {processor.py:171} INFO - Processing /home/airflow/.local/lib/python3.7/site-packages/airflow/example_dags/example_kubernetes_executor.py took 0.382 seconds
[2022-01-20 03:33:44,789] {processor.py:163} INFO - Started process (PID=2973) to work on /home/airflow/.local/lib/python3.7/site-packages/airflow/example_dags/example_kubernetes_executor.py
[2022-01-20 03:33:44,794] {processor.py:620} INFO - Processing file /home/airflow/.local/lib/python3.7/site-packages/airflow/example_dags/example_kubernetes_executor.py for tasks to queue
[2022-01-20 03:33:44,797] {logging_mixin.py:109} INFO - [2022-01-20 03:33:44,797] {dagbag.py:500} INFO - Filling up the DagBag from /home/airflow/.local/lib/python3.7/site-packages/airflow/example_dags/example_kubernetes_executor.py
[2022-01-20 03:33:45,025] {processor.py:632} INFO - DAG(s) dict_keys(['example_kubernetes_executor']) retrieved from /home/airflow/.local/lib/python3.7/site-packages/airflow/example_dags/example_kubernetes_executor.py
[2022-01-20 03:33:45,068] {logging_mixin.py:109} INFO - [2022-01-20 03:33:45,068] {dag.py:2389} INFO - Sync 1 DAGs
[2022-01-20 03:33:45,129] {logging_mixin.py:109} INFO - [2022-01-20 03:33:45,129] {dag.py:2914} INFO - Setting next_dagrun for example_kubernetes_executor to None
[2022-01-20 03:33:45,160] {processor.py:171} INFO - Processing /home/airflow/.local/lib/python3.7/site-packages/airflow/example_dags/example_kubernetes_executor.py took 0.380 seconds
[2022-01-20 03:34:15,311] {processor.py:163} INFO - Started process (PID=3086) to work on /home/airflow/.local/lib/python3.7/site-packages/airflow/example_dags/example_kubernetes_executor.py
[2022-01-20 03:34:15,315] {processor.py:620} INFO - Processing file /home/airflow/.local/lib/python3.7/site-packages/airflow/example_dags/example_kubernetes_executor.py for tasks to queue
[2022-01-20 03:34:15,318] {logging_mixin.py:109} INFO - [2022-01-20 03:34:15,318] {dagbag.py:500} INFO - Filling up the DagBag from /home/airflow/.local/lib/python3.7/site-packages/airflow/example_dags/example_kubernetes_executor.py
[2022-01-20 03:34:15,509] {processor.py:632} INFO - DAG(s) dict_keys(['example_kubernetes_executor']) retrieved from /home/airflow/.local/lib/python3.7/site-packages/airflow/example_dags/example_kubernetes_executor.py
[2022-01-20 03:34:15,553] {logging_mixin.py:109} INFO - [2022-01-20 03:34:15,552] {dag.py:2389} INFO - Sync 1 DAGs
[2022-01-20 03:34:15,604] {logging_mixin.py:109} INFO - [2022-01-20 03:34:15,603] {dag.py:2914} INFO - Setting next_dagrun for example_kubernetes_executor to None
[2022-01-20 03:34:15,632] {processor.py:171} INFO - Processing /home/airflow/.local/lib/python3.7/site-packages/airflow/example_dags/example_kubernetes_executor.py took 0.329 seconds
[2022-01-20 03:34:45,786] {processor.py:163} INFO - Started process (PID=3182) to work on /home/airflow/.local/lib/python3.7/site-packages/airflow/example_dags/example_kubernetes_executor.py
[2022-01-20 03:34:45,791] {processor.py:620} INFO - Processing file /home/airflow/.local/lib/python3.7/site-packages/airflow/example_dags/example_kubernetes_executor.py for tasks to queue
[2022-01-20 03:34:45,794] {logging_mixin.py:109} INFO - [2022-01-20 03:34:45,793] {dagbag.py:500} INFO - Filling up the DagBag from /home/airflow/.local/lib/python3.7/site-packages/airflow/example_dags/example_kubernetes_executor.py
[2022-01-20 03:34:45,971] {processor.py:632} INFO - DAG(s) dict_keys(['example_kubernetes_executor']) retrieved from /home/airflow/.local/lib/python3.7/site-packages/airflow/example_dags/example_kubernetes_executor.py
[2022-01-20 03:34:46,009] {logging_mixin.py:109} INFO - [2022-01-20 03:34:46,008] {dag.py:2389} INFO - Sync 1 DAGs
[2022-01-20 03:34:46,059] {logging_mixin.py:109} INFO - [2022-01-20 03:34:46,059] {dag.py:2914} INFO - Setting next_dagrun for example_kubernetes_executor to None
[2022-01-20 03:34:46,087] {processor.py:171} INFO - Processing /home/airflow/.local/lib/python3.7/site-packages/airflow/example_dags/example_kubernetes_executor.py took 0.308 seconds
[2022-01-20 03:35:16,697] {processor.py:163} INFO - Started process (PID=3294) to work on /home/airflow/.local/lib/python3.7/site-packages/airflow/example_dags/example_kubernetes_executor.py
[2022-01-20 03:35:16,708] {processor.py:620} INFO - Processing file /home/airflow/.local/lib/python3.7/site-packages/airflow/example_dags/example_kubernetes_executor.py for tasks to queue
[2022-01-20 03:35:16,713] {logging_mixin.py:109} INFO - [2022-01-20 03:35:16,713] {dagbag.py:500} INFO - Filling up the DagBag from /home/airflow/.local/lib/python3.7/site-packages/airflow/example_dags/example_kubernetes_executor.py
[2022-01-20 03:35:16,968] {processor.py:632} INFO - DAG(s) dict_keys(['example_kubernetes_executor']) retrieved from /home/airflow/.local/lib/python3.7/site-packages/airflow/example_dags/example_kubernetes_executor.py
[2022-01-20 03:35:17,011] {logging_mixin.py:109} INFO - [2022-01-20 03:35:17,010] {dag.py:2389} INFO - Sync 1 DAGs
[2022-01-20 03:35:17,067] {logging_mixin.py:109} INFO - [2022-01-20 03:35:17,067] {dag.py:2914} INFO - Setting next_dagrun for example_kubernetes_executor to None
[2022-01-20 03:35:17,100] {processor.py:171} INFO - Processing /home/airflow/.local/lib/python3.7/site-packages/airflow/example_dags/example_kubernetes_executor.py took 0.411 seconds
[2022-01-20 03:35:47,356] {processor.py:163} INFO - Started process (PID=3390) to work on /home/airflow/.local/lib/python3.7/site-packages/airflow/example_dags/example_kubernetes_executor.py
[2022-01-20 03:35:47,361] {processor.py:620} INFO - Processing file /home/airflow/.local/lib/python3.7/site-packages/airflow/example_dags/example_kubernetes_executor.py for tasks to queue
[2022-01-20 03:35:47,364] {logging_mixin.py:109} INFO - [2022-01-20 03:35:47,363] {dagbag.py:500} INFO - Filling up the DagBag from /home/airflow/.local/lib/python3.7/site-packages/airflow/example_dags/example_kubernetes_executor.py
[2022-01-20 03:35:47,429] {processor.py:632} INFO - DAG(s) dict_keys(['example_kubernetes_executor']) retrieved from /home/airflow/.local/lib/python3.7/site-packages/airflow/example_dags/example_kubernetes_executor.py
[2022-01-20 03:35:47,471] {logging_mixin.py:109} INFO - [2022-01-20 03:35:47,471] {dag.py:2389} INFO - Sync 1 DAGs
[2022-01-20 03:35:47,532] {logging_mixin.py:109} INFO - [2022-01-20 03:35:47,532] {dag.py:2914} INFO - Setting next_dagrun for example_kubernetes_executor to None
[2022-01-20 03:35:47,557] {processor.py:171} INFO - Processing /home/airflow/.local/lib/python3.7/site-packages/airflow/example_dags/example_kubernetes_executor.py took 0.208 seconds
[2022-01-20 03:36:18,992] {processor.py:163} INFO - Started process (PID=3502) to work on /home/airflow/.local/lib/python3.7/site-packages/airflow/example_dags/example_kubernetes_executor.py
[2022-01-20 03:36:19,009] {processor.py:620} INFO - Processing file /home/airflow/.local/lib/python3.7/site-packages/airflow/example_dags/example_kubernetes_executor.py for tasks to queue
[2022-01-20 03:36:19,012] {logging_mixin.py:109} INFO - [2022-01-20 03:36:19,012] {dagbag.py:500} INFO - Filling up the DagBag from /home/airflow/.local/lib/python3.7/site-packages/airflow/example_dags/example_kubernetes_executor.py
[2022-01-20 03:36:19,087] {processor.py:632} INFO - DAG(s) dict_keys(['example_kubernetes_executor']) retrieved from /home/airflow/.local/lib/python3.7/site-packages/airflow/example_dags/example_kubernetes_executor.py
[2022-01-20 03:36:19,131] {logging_mixin.py:109} INFO - [2022-01-20 03:36:19,130] {dag.py:2389} INFO - Sync 1 DAGs
[2022-01-20 03:36:19,184] {logging_mixin.py:109} INFO - [2022-01-20 03:36:19,183] {dag.py:2914} INFO - Setting next_dagrun for example_kubernetes_executor to None
[2022-01-20 03:36:19,214] {processor.py:171} INFO - Processing /home/airflow/.local/lib/python3.7/site-packages/airflow/example_dags/example_kubernetes_executor.py took 0.230 seconds
[2022-01-20 03:36:49,484] {processor.py:163} INFO - Started process (PID=3587) to work on /home/airflow/.local/lib/python3.7/site-packages/airflow/example_dags/example_kubernetes_executor.py
[2022-01-20 03:36:49,492] {processor.py:620} INFO - Processing file /home/airflow/.local/lib/python3.7/site-packages/airflow/example_dags/example_kubernetes_executor.py for tasks to queue
[2022-01-20 03:36:49,495] {logging_mixin.py:109} INFO - [2022-01-20 03:36:49,495] {dagbag.py:500} INFO - Filling up the DagBag from /home/airflow/.local/lib/python3.7/site-packages/airflow/example_dags/example_kubernetes_executor.py
[2022-01-20 03:36:49,566] {processor.py:632} INFO - DAG(s) dict_keys(['example_kubernetes_executor']) retrieved from /home/airflow/.local/lib/python3.7/site-packages/airflow/example_dags/example_kubernetes_executor.py
[2022-01-20 03:36:49,641] {logging_mixin.py:109} INFO - [2022-01-20 03:36:49,639] {dag.py:2389} INFO - Sync 1 DAGs
[2022-01-20 03:36:49,742] {logging_mixin.py:109} INFO - [2022-01-20 03:36:49,742] {dag.py:2914} INFO - Setting next_dagrun for example_kubernetes_executor to None
[2022-01-20 03:36:49,789] {processor.py:171} INFO - Processing /home/airflow/.local/lib/python3.7/site-packages/airflow/example_dags/example_kubernetes_executor.py took 0.316 seconds
[2022-01-20 03:37:20,120] {processor.py:163} INFO - Started process (PID=3697) to work on /home/airflow/.local/lib/python3.7/site-packages/airflow/example_dags/example_kubernetes_executor.py
[2022-01-20 03:37:20,126] {processor.py:620} INFO - Processing file /home/airflow/.local/lib/python3.7/site-packages/airflow/example_dags/example_kubernetes_executor.py for tasks to queue
[2022-01-20 03:37:20,129] {logging_mixin.py:109} INFO - [2022-01-20 03:37:20,129] {dagbag.py:500} INFO - Filling up the DagBag from /home/airflow/.local/lib/python3.7/site-packages/airflow/example_dags/example_kubernetes_executor.py
[2022-01-20 03:37:20,241] {processor.py:632} INFO - DAG(s) dict_keys(['example_kubernetes_executor']) retrieved from /home/airflow/.local/lib/python3.7/site-packages/airflow/example_dags/example_kubernetes_executor.py
[2022-01-20 03:37:20,312] {logging_mixin.py:109} INFO - [2022-01-20 03:37:20,311] {dag.py:2389} INFO - Sync 1 DAGs
[2022-01-20 03:37:20,368] {logging_mixin.py:109} INFO - [2022-01-20 03:37:20,368] {dag.py:2914} INFO - Setting next_dagrun for example_kubernetes_executor to None
[2022-01-20 03:37:20,399] {processor.py:171} INFO - Processing /home/airflow/.local/lib/python3.7/site-packages/airflow/example_dags/example_kubernetes_executor.py took 0.286 seconds
[2022-01-20 03:37:50,464] {processor.py:163} INFO - Started process (PID=3793) to work on /home/airflow/.local/lib/python3.7/site-packages/airflow/example_dags/example_kubernetes_executor.py
[2022-01-20 03:37:50,470] {processor.py:620} INFO - Processing file /home/airflow/.local/lib/python3.7/site-packages/airflow/example_dags/example_kubernetes_executor.py for tasks to queue
[2022-01-20 03:37:50,473] {logging_mixin.py:109} INFO - [2022-01-20 03:37:50,473] {dagbag.py:500} INFO - Filling up the DagBag from /home/airflow/.local/lib/python3.7/site-packages/airflow/example_dags/example_kubernetes_executor.py
[2022-01-20 03:37:50,548] {processor.py:632} INFO - DAG(s) dict_keys(['example_kubernetes_executor']) retrieved from /home/airflow/.local/lib/python3.7/site-packages/airflow/example_dags/example_kubernetes_executor.py
[2022-01-20 03:37:50,593] {logging_mixin.py:109} INFO - [2022-01-20 03:37:50,593] {dag.py:2389} INFO - Sync 1 DAGs
[2022-01-20 03:37:50,647] {logging_mixin.py:109} INFO - [2022-01-20 03:37:50,647] {dag.py:2914} INFO - Setting next_dagrun for example_kubernetes_executor to None
[2022-01-20 03:37:50,679] {processor.py:171} INFO - Processing /home/airflow/.local/lib/python3.7/site-packages/airflow/example_dags/example_kubernetes_executor.py took 0.222 seconds
[2022-01-20 03:38:20,981] {processor.py:163} INFO - Started process (PID=3911) to work on /home/airflow/.local/lib/python3.7/site-packages/airflow/example_dags/example_kubernetes_executor.py
[2022-01-20 03:38:20,986] {processor.py:620} INFO - Processing file /home/airflow/.local/lib/python3.7/site-packages/airflow/example_dags/example_kubernetes_executor.py for tasks to queue
[2022-01-20 03:38:20,991] {logging_mixin.py:109} INFO - [2022-01-20 03:38:20,990] {dagbag.py:500} INFO - Filling up the DagBag from /home/airflow/.local/lib/python3.7/site-packages/airflow/example_dags/example_kubernetes_executor.py
[2022-01-20 03:38:21,084] {processor.py:632} INFO - DAG(s) dict_keys(['example_kubernetes_executor']) retrieved from /home/airflow/.local/lib/python3.7/site-packages/airflow/example_dags/example_kubernetes_executor.py
[2022-01-20 03:38:21,130] {logging_mixin.py:109} INFO - [2022-01-20 03:38:21,129] {dag.py:2389} INFO - Sync 1 DAGs
[2022-01-20 03:38:21,188] {logging_mixin.py:109} INFO - [2022-01-20 03:38:21,187] {dag.py:2914} INFO - Setting next_dagrun for example_kubernetes_executor to None
[2022-01-20 03:38:21,217] {processor.py:171} INFO - Processing /home/airflow/.local/lib/python3.7/site-packages/airflow/example_dags/example_kubernetes_executor.py took 0.244 seconds
[2022-01-20 03:38:52,036] {processor.py:163} INFO - Started process (PID=4018) to work on /home/airflow/.local/lib/python3.7/site-packages/airflow/example_dags/example_kubernetes_executor.py
[2022-01-20 03:38:52,040] {processor.py:620} INFO - Processing file /home/airflow/.local/lib/python3.7/site-packages/airflow/example_dags/example_kubernetes_executor.py for tasks to queue
[2022-01-20 03:38:52,044] {logging_mixin.py:109} INFO - [2022-01-20 03:38:52,043] {dagbag.py:500} INFO - Filling up the DagBag from /home/airflow/.local/lib/python3.7/site-packages/airflow/example_dags/example_kubernetes_executor.py
[2022-01-20 03:38:52,123] {processor.py:632} INFO - DAG(s) dict_keys(['example_kubernetes_executor']) retrieved from /home/airflow/.local/lib/python3.7/site-packages/airflow/example_dags/example_kubernetes_executor.py
[2022-01-20 03:38:52,173] {logging_mixin.py:109} INFO - [2022-01-20 03:38:52,173] {dag.py:2389} INFO - Sync 1 DAGs
[2022-01-20 03:38:52,232] {logging_mixin.py:109} INFO - [2022-01-20 03:38:52,232] {dag.py:2914} INFO - Setting next_dagrun for example_kubernetes_executor to None
[2022-01-20 03:38:52,263] {processor.py:171} INFO - Processing /home/airflow/.local/lib/python3.7/site-packages/airflow/example_dags/example_kubernetes_executor.py took 0.236 seconds
[2022-01-20 03:39:22,833] {processor.py:163} INFO - Started process (PID=4123) to work on /home/airflow/.local/lib/python3.7/site-packages/airflow/example_dags/example_kubernetes_executor.py
[2022-01-20 03:39:22,836] {processor.py:620} INFO - Processing file /home/airflow/.local/lib/python3.7/site-packages/airflow/example_dags/example_kubernetes_executor.py for tasks to queue
[2022-01-20 03:39:22,839] {logging_mixin.py:109} INFO - [2022-01-20 03:39:22,839] {dagbag.py:500} INFO - Filling up the DagBag from /home/airflow/.local/lib/python3.7/site-packages/airflow/example_dags/example_kubernetes_executor.py
[2022-01-20 03:39:22,911] {processor.py:632} INFO - DAG(s) dict_keys(['example_kubernetes_executor']) retrieved from /home/airflow/.local/lib/python3.7/site-packages/airflow/example_dags/example_kubernetes_executor.py
[2022-01-20 03:39:22,952] {logging_mixin.py:109} INFO - [2022-01-20 03:39:22,951] {dag.py:2389} INFO - Sync 1 DAGs
[2022-01-20 03:39:23,001] {logging_mixin.py:109} INFO - [2022-01-20 03:39:23,001] {dag.py:2914} INFO - Setting next_dagrun for example_kubernetes_executor to None
[2022-01-20 03:39:23,027] {processor.py:171} INFO - Processing /home/airflow/.local/lib/python3.7/site-packages/airflow/example_dags/example_kubernetes_executor.py took 0.202 seconds
[2022-01-20 03:39:53,781] {processor.py:163} INFO - Started process (PID=4236) to work on /home/airflow/.local/lib/python3.7/site-packages/airflow/example_dags/example_kubernetes_executor.py
[2022-01-20 03:39:53,791] {processor.py:620} INFO - Processing file /home/airflow/.local/lib/python3.7/site-packages/airflow/example_dags/example_kubernetes_executor.py for tasks to queue
[2022-01-20 03:39:53,797] {logging_mixin.py:109} INFO - [2022-01-20 03:39:53,796] {dagbag.py:500} INFO - Filling up the DagBag from /home/airflow/.local/lib/python3.7/site-packages/airflow/example_dags/example_kubernetes_executor.py
[2022-01-20 03:39:53,886] {processor.py:632} INFO - DAG(s) dict_keys(['example_kubernetes_executor']) retrieved from /home/airflow/.local/lib/python3.7/site-packages/airflow/example_dags/example_kubernetes_executor.py
[2022-01-20 03:39:53,939] {logging_mixin.py:109} INFO - [2022-01-20 03:39:53,938] {dag.py:2389} INFO - Sync 1 DAGs
[2022-01-20 03:39:54,019] {logging_mixin.py:109} INFO - [2022-01-20 03:39:54,019] {dag.py:2914} INFO - Setting next_dagrun for example_kubernetes_executor to None
[2022-01-20 03:39:54,057] {processor.py:171} INFO - Processing /home/airflow/.local/lib/python3.7/site-packages/airflow/example_dags/example_kubernetes_executor.py took 0.297 seconds
[2022-01-20 03:40:24,786] {processor.py:163} INFO - Started process (PID=4336) to work on /home/airflow/.local/lib/python3.7/site-packages/airflow/example_dags/example_kubernetes_executor.py
[2022-01-20 03:40:24,791] {processor.py:620} INFO - Processing file /home/airflow/.local/lib/python3.7/site-packages/airflow/example_dags/example_kubernetes_executor.py for tasks to queue
[2022-01-20 03:40:24,794] {logging_mixin.py:109} INFO - [2022-01-20 03:40:24,793] {dagbag.py:500} INFO - Filling up the DagBag from /home/airflow/.local/lib/python3.7/site-packages/airflow/example_dags/example_kubernetes_executor.py
[2022-01-20 03:40:24,870] {processor.py:632} INFO - DAG(s) dict_keys(['example_kubernetes_executor']) retrieved from /home/airflow/.local/lib/python3.7/site-packages/airflow/example_dags/example_kubernetes_executor.py
[2022-01-20 03:40:24,912] {logging_mixin.py:109} INFO - [2022-01-20 03:40:24,911] {dag.py:2389} INFO - Sync 1 DAGs
[2022-01-20 03:40:24,966] {logging_mixin.py:109} INFO - [2022-01-20 03:40:24,965] {dag.py:2914} INFO - Setting next_dagrun for example_kubernetes_executor to None
[2022-01-20 03:40:24,999] {processor.py:171} INFO - Processing /home/airflow/.local/lib/python3.7/site-packages/airflow/example_dags/example_kubernetes_executor.py took 0.221 seconds
[2022-01-20 03:40:55,249] {processor.py:163} INFO - Started process (PID=4451) to work on /home/airflow/.local/lib/python3.7/site-packages/airflow/example_dags/example_kubernetes_executor.py
[2022-01-20 03:40:55,253] {processor.py:620} INFO - Processing file /home/airflow/.local/lib/python3.7/site-packages/airflow/example_dags/example_kubernetes_executor.py for tasks to queue
[2022-01-20 03:40:55,256] {logging_mixin.py:109} INFO - [2022-01-20 03:40:55,255] {dagbag.py:500} INFO - Filling up the DagBag from /home/airflow/.local/lib/python3.7/site-packages/airflow/example_dags/example_kubernetes_executor.py
[2022-01-20 03:40:55,329] {processor.py:632} INFO - DAG(s) dict_keys(['example_kubernetes_executor']) retrieved from /home/airflow/.local/lib/python3.7/site-packages/airflow/example_dags/example_kubernetes_executor.py
[2022-01-20 03:40:55,373] {logging_mixin.py:109} INFO - [2022-01-20 03:40:55,372] {dag.py:2389} INFO - Sync 1 DAGs
[2022-01-20 03:40:55,427] {logging_mixin.py:109} INFO - [2022-01-20 03:40:55,426] {dag.py:2914} INFO - Setting next_dagrun for example_kubernetes_executor to None
[2022-01-20 03:40:55,455] {processor.py:171} INFO - Processing /home/airflow/.local/lib/python3.7/site-packages/airflow/example_dags/example_kubernetes_executor.py took 0.219 seconds
[2022-01-20 03:41:25,653] {processor.py:163} INFO - Started process (PID=4546) to work on /home/airflow/.local/lib/python3.7/site-packages/airflow/example_dags/example_kubernetes_executor.py
[2022-01-20 03:41:25,657] {processor.py:620} INFO - Processing file /home/airflow/.local/lib/python3.7/site-packages/airflow/example_dags/example_kubernetes_executor.py for tasks to queue
[2022-01-20 03:41:25,660] {logging_mixin.py:109} INFO - [2022-01-20 03:41:25,660] {dagbag.py:500} INFO - Filling up the DagBag from /home/airflow/.local/lib/python3.7/site-packages/airflow/example_dags/example_kubernetes_executor.py
[2022-01-20 03:41:25,729] {processor.py:632} INFO - DAG(s) dict_keys(['example_kubernetes_executor']) retrieved from /home/airflow/.local/lib/python3.7/site-packages/airflow/example_dags/example_kubernetes_executor.py
[2022-01-20 03:41:25,771] {logging_mixin.py:109} INFO - [2022-01-20 03:41:25,770] {dag.py:2389} INFO - Sync 1 DAGs
[2022-01-20 03:41:25,820] {logging_mixin.py:109} INFO - [2022-01-20 03:41:25,819] {dag.py:2914} INFO - Setting next_dagrun for example_kubernetes_executor to None
[2022-01-20 03:41:25,844] {processor.py:171} INFO - Processing /home/airflow/.local/lib/python3.7/site-packages/airflow/example_dags/example_kubernetes_executor.py took 0.198 seconds
[2022-01-20 03:41:56,447] {processor.py:163} INFO - Started process (PID=4659) to work on /home/airflow/.local/lib/python3.7/site-packages/airflow/example_dags/example_kubernetes_executor.py
[2022-01-20 03:41:56,452] {processor.py:620} INFO - Processing file /home/airflow/.local/lib/python3.7/site-packages/airflow/example_dags/example_kubernetes_executor.py for tasks to queue
[2022-01-20 03:41:56,456] {logging_mixin.py:109} INFO - [2022-01-20 03:41:56,455] {dagbag.py:500} INFO - Filling up the DagBag from /home/airflow/.local/lib/python3.7/site-packages/airflow/example_dags/example_kubernetes_executor.py
[2022-01-20 03:41:56,536] {processor.py:632} INFO - DAG(s) dict_keys(['example_kubernetes_executor']) retrieved from /home/airflow/.local/lib/python3.7/site-packages/airflow/example_dags/example_kubernetes_executor.py
[2022-01-20 03:41:56,584] {logging_mixin.py:109} INFO - [2022-01-20 03:41:56,584] {dag.py:2389} INFO - Sync 1 DAGs
[2022-01-20 03:41:56,643] {logging_mixin.py:109} INFO - [2022-01-20 03:41:56,643] {dag.py:2914} INFO - Setting next_dagrun for example_kubernetes_executor to None
[2022-01-20 03:41:56,671] {processor.py:171} INFO - Processing /home/airflow/.local/lib/python3.7/site-packages/airflow/example_dags/example_kubernetes_executor.py took 0.232 seconds
[2022-01-20 03:42:26,957] {processor.py:163} INFO - Started process (PID=4756) to work on /home/airflow/.local/lib/python3.7/site-packages/airflow/example_dags/example_kubernetes_executor.py
[2022-01-20 03:42:26,961] {processor.py:620} INFO - Processing file /home/airflow/.local/lib/python3.7/site-packages/airflow/example_dags/example_kubernetes_executor.py for tasks to queue
[2022-01-20 03:42:26,964] {logging_mixin.py:109} INFO - [2022-01-20 03:42:26,964] {dagbag.py:500} INFO - Filling up the DagBag from /home/airflow/.local/lib/python3.7/site-packages/airflow/example_dags/example_kubernetes_executor.py
[2022-01-20 03:42:27,035] {processor.py:632} INFO - DAG(s) dict_keys(['example_kubernetes_executor']) retrieved from /home/airflow/.local/lib/python3.7/site-packages/airflow/example_dags/example_kubernetes_executor.py
[2022-01-20 03:42:27,075] {logging_mixin.py:109} INFO - [2022-01-20 03:42:27,074] {dag.py:2389} INFO - Sync 1 DAGs
[2022-01-20 03:42:27,126] {logging_mixin.py:109} INFO - [2022-01-20 03:42:27,125] {dag.py:2914} INFO - Setting next_dagrun for example_kubernetes_executor to None
[2022-01-20 03:42:27,150] {processor.py:171} INFO - Processing /home/airflow/.local/lib/python3.7/site-packages/airflow/example_dags/example_kubernetes_executor.py took 0.202 seconds
[2022-01-20 03:42:58,574] {processor.py:163} INFO - Started process (PID=4867) to work on /home/airflow/.local/lib/python3.7/site-packages/airflow/example_dags/example_kubernetes_executor.py
[2022-01-20 03:42:58,578] {processor.py:620} INFO - Processing file /home/airflow/.local/lib/python3.7/site-packages/airflow/example_dags/example_kubernetes_executor.py for tasks to queue
[2022-01-20 03:42:58,583] {logging_mixin.py:109} INFO - [2022-01-20 03:42:58,582] {dagbag.py:500} INFO - Filling up the DagBag from /home/airflow/.local/lib/python3.7/site-packages/airflow/example_dags/example_kubernetes_executor.py
[2022-01-20 03:42:58,659] {processor.py:632} INFO - DAG(s) dict_keys(['example_kubernetes_executor']) retrieved from /home/airflow/.local/lib/python3.7/site-packages/airflow/example_dags/example_kubernetes_executor.py
[2022-01-20 03:42:58,699] {logging_mixin.py:109} INFO - [2022-01-20 03:42:58,698] {dag.py:2389} INFO - Sync 1 DAGs
[2022-01-20 03:42:58,753] {logging_mixin.py:109} INFO - [2022-01-20 03:42:58,753] {dag.py:2914} INFO - Setting next_dagrun for example_kubernetes_executor to None
[2022-01-20 03:42:58,785] {processor.py:171} INFO - Processing /home/airflow/.local/lib/python3.7/site-packages/airflow/example_dags/example_kubernetes_executor.py took 0.219 seconds
[2022-01-20 03:43:28,865] {processor.py:163} INFO - Started process (PID=4957) to work on /home/airflow/.local/lib/python3.7/site-packages/airflow/example_dags/example_kubernetes_executor.py
[2022-01-20 03:43:28,871] {processor.py:620} INFO - Processing file /home/airflow/.local/lib/python3.7/site-packages/airflow/example_dags/example_kubernetes_executor.py for tasks to queue
[2022-01-20 03:43:28,875] {logging_mixin.py:109} INFO - [2022-01-20 03:43:28,875] {dagbag.py:500} INFO - Filling up the DagBag from /home/airflow/.local/lib/python3.7/site-packages/airflow/example_dags/example_kubernetes_executor.py
[2022-01-20 03:43:28,951] {processor.py:632} INFO - DAG(s) dict_keys(['example_kubernetes_executor']) retrieved from /home/airflow/.local/lib/python3.7/site-packages/airflow/example_dags/example_kubernetes_executor.py
[2022-01-20 03:43:29,014] {logging_mixin.py:109} INFO - [2022-01-20 03:43:29,014] {dag.py:2389} INFO - Sync 1 DAGs
[2022-01-20 03:43:29,064] {logging_mixin.py:109} INFO - [2022-01-20 03:43:29,063] {dag.py:2914} INFO - Setting next_dagrun for example_kubernetes_executor to None
[2022-01-20 03:43:29,091] {processor.py:171} INFO - Processing /home/airflow/.local/lib/python3.7/site-packages/airflow/example_dags/example_kubernetes_executor.py took 0.235 seconds
[2022-01-20 03:43:59,601] {processor.py:163} INFO - Started process (PID=5073) to work on /home/airflow/.local/lib/python3.7/site-packages/airflow/example_dags/example_kubernetes_executor.py
[2022-01-20 03:43:59,610] {processor.py:620} INFO - Processing file /home/airflow/.local/lib/python3.7/site-packages/airflow/example_dags/example_kubernetes_executor.py for tasks to queue
[2022-01-20 03:43:59,618] {logging_mixin.py:109} INFO - [2022-01-20 03:43:59,617] {dagbag.py:500} INFO - Filling up the DagBag from /home/airflow/.local/lib/python3.7/site-packages/airflow/example_dags/example_kubernetes_executor.py
[2022-01-20 03:43:59,722] {processor.py:632} INFO - DAG(s) dict_keys(['example_kubernetes_executor']) retrieved from /home/airflow/.local/lib/python3.7/site-packages/airflow/example_dags/example_kubernetes_executor.py
[2022-01-20 03:43:59,765] {logging_mixin.py:109} INFO - [2022-01-20 03:43:59,765] {dag.py:2389} INFO - Sync 1 DAGs
[2022-01-20 03:43:59,845] {logging_mixin.py:109} INFO - [2022-01-20 03:43:59,845] {dag.py:2914} INFO - Setting next_dagrun for example_kubernetes_executor to None
[2022-01-20 03:43:59,892] {processor.py:171} INFO - Processing /home/airflow/.local/lib/python3.7/site-packages/airflow/example_dags/example_kubernetes_executor.py took 0.316 seconds
[2022-01-20 03:44:30,240] {processor.py:163} INFO - Started process (PID=5166) to work on /home/airflow/.local/lib/python3.7/site-packages/airflow/example_dags/example_kubernetes_executor.py
[2022-01-20 03:44:30,244] {processor.py:620} INFO - Processing file /home/airflow/.local/lib/python3.7/site-packages/airflow/example_dags/example_kubernetes_executor.py for tasks to queue
[2022-01-20 03:44:30,248] {logging_mixin.py:109} INFO - [2022-01-20 03:44:30,247] {dagbag.py:500} INFO - Filling up the DagBag from /home/airflow/.local/lib/python3.7/site-packages/airflow/example_dags/example_kubernetes_executor.py
[2022-01-20 03:44:30,326] {processor.py:632} INFO - DAG(s) dict_keys(['example_kubernetes_executor']) retrieved from /home/airflow/.local/lib/python3.7/site-packages/airflow/example_dags/example_kubernetes_executor.py
[2022-01-20 03:44:30,379] {logging_mixin.py:109} INFO - [2022-01-20 03:44:30,378] {dag.py:2389} INFO - Sync 1 DAGs
[2022-01-20 03:44:30,432] {logging_mixin.py:109} INFO - [2022-01-20 03:44:30,431] {dag.py:2914} INFO - Setting next_dagrun for example_kubernetes_executor to None
[2022-01-20 03:44:30,462] {processor.py:171} INFO - Processing /home/airflow/.local/lib/python3.7/site-packages/airflow/example_dags/example_kubernetes_executor.py took 0.230 seconds
[2022-01-20 03:45:00,620] {processor.py:163} INFO - Started process (PID=5276) to work on /home/airflow/.local/lib/python3.7/site-packages/airflow/example_dags/example_kubernetes_executor.py
[2022-01-20 03:45:00,626] {processor.py:620} INFO - Processing file /home/airflow/.local/lib/python3.7/site-packages/airflow/example_dags/example_kubernetes_executor.py for tasks to queue
[2022-01-20 03:45:00,636] {logging_mixin.py:109} INFO - [2022-01-20 03:45:00,635] {dagbag.py:500} INFO - Filling up the DagBag from /home/airflow/.local/lib/python3.7/site-packages/airflow/example_dags/example_kubernetes_executor.py
[2022-01-20 03:45:00,728] {processor.py:632} INFO - DAG(s) dict_keys(['example_kubernetes_executor']) retrieved from /home/airflow/.local/lib/python3.7/site-packages/airflow/example_dags/example_kubernetes_executor.py
[2022-01-20 03:45:00,773] {logging_mixin.py:109} INFO - [2022-01-20 03:45:00,772] {dag.py:2389} INFO - Sync 1 DAGs
[2022-01-20 03:45:00,826] {logging_mixin.py:109} INFO - [2022-01-20 03:45:00,826] {dag.py:2914} INFO - Setting next_dagrun for example_kubernetes_executor to None
[2022-01-20 03:45:00,858] {processor.py:171} INFO - Processing /home/airflow/.local/lib/python3.7/site-packages/airflow/example_dags/example_kubernetes_executor.py took 0.245 seconds
[2022-01-20 03:45:31,325] {processor.py:163} INFO - Started process (PID=5380) to work on /home/airflow/.local/lib/python3.7/site-packages/airflow/example_dags/example_kubernetes_executor.py
[2022-01-20 03:45:31,334] {processor.py:620} INFO - Processing file /home/airflow/.local/lib/python3.7/site-packages/airflow/example_dags/example_kubernetes_executor.py for tasks to queue
[2022-01-20 03:45:31,339] {logging_mixin.py:109} INFO - [2022-01-20 03:45:31,338] {dagbag.py:500} INFO - Filling up the DagBag from /home/airflow/.local/lib/python3.7/site-packages/airflow/example_dags/example_kubernetes_executor.py
[2022-01-20 03:45:31,412] {processor.py:632} INFO - DAG(s) dict_keys(['example_kubernetes_executor']) retrieved from /home/airflow/.local/lib/python3.7/site-packages/airflow/example_dags/example_kubernetes_executor.py
[2022-01-20 03:45:31,456] {logging_mixin.py:109} INFO - [2022-01-20 03:45:31,456] {dag.py:2389} INFO - Sync 1 DAGs
[2022-01-20 03:45:31,515] {logging_mixin.py:109} INFO - [2022-01-20 03:45:31,514] {dag.py:2914} INFO - Setting next_dagrun for example_kubernetes_executor to None
[2022-01-20 03:45:31,545] {processor.py:171} INFO - Processing /home/airflow/.local/lib/python3.7/site-packages/airflow/example_dags/example_kubernetes_executor.py took 0.230 seconds
[2022-01-20 03:46:01,834] {processor.py:163} INFO - Started process (PID=5482) to work on /home/airflow/.local/lib/python3.7/site-packages/airflow/example_dags/example_kubernetes_executor.py
[2022-01-20 03:46:01,839] {processor.py:620} INFO - Processing file /home/airflow/.local/lib/python3.7/site-packages/airflow/example_dags/example_kubernetes_executor.py for tasks to queue
[2022-01-20 03:46:01,842] {logging_mixin.py:109} INFO - [2022-01-20 03:46:01,841] {dagbag.py:500} INFO - Filling up the DagBag from /home/airflow/.local/lib/python3.7/site-packages/airflow/example_dags/example_kubernetes_executor.py
[2022-01-20 03:46:01,924] {processor.py:632} INFO - DAG(s) dict_keys(['example_kubernetes_executor']) retrieved from /home/airflow/.local/lib/python3.7/site-packages/airflow/example_dags/example_kubernetes_executor.py
[2022-01-20 03:46:01,969] {logging_mixin.py:109} INFO - [2022-01-20 03:46:01,968] {dag.py:2389} INFO - Sync 1 DAGs
[2022-01-20 03:46:02,026] {logging_mixin.py:109} INFO - [2022-01-20 03:46:02,025] {dag.py:2914} INFO - Setting next_dagrun for example_kubernetes_executor to None
[2022-01-20 03:46:02,066] {processor.py:171} INFO - Processing /home/airflow/.local/lib/python3.7/site-packages/airflow/example_dags/example_kubernetes_executor.py took 0.239 seconds
[2022-01-20 03:46:32,190] {processor.py:163} INFO - Started process (PID=5592) to work on /home/airflow/.local/lib/python3.7/site-packages/airflow/example_dags/example_kubernetes_executor.py
[2022-01-20 03:46:32,194] {processor.py:620} INFO - Processing file /home/airflow/.local/lib/python3.7/site-packages/airflow/example_dags/example_kubernetes_executor.py for tasks to queue
[2022-01-20 03:46:32,197] {logging_mixin.py:109} INFO - [2022-01-20 03:46:32,197] {dagbag.py:500} INFO - Filling up the DagBag from /home/airflow/.local/lib/python3.7/site-packages/airflow/example_dags/example_kubernetes_executor.py
[2022-01-20 03:46:32,278] {processor.py:632} INFO - DAG(s) dict_keys(['example_kubernetes_executor']) retrieved from /home/airflow/.local/lib/python3.7/site-packages/airflow/example_dags/example_kubernetes_executor.py
[2022-01-20 03:46:32,329] {logging_mixin.py:109} INFO - [2022-01-20 03:46:32,328] {dag.py:2389} INFO - Sync 1 DAGs
[2022-01-20 03:46:32,400] {logging_mixin.py:109} INFO - [2022-01-20 03:46:32,400] {dag.py:2914} INFO - Setting next_dagrun for example_kubernetes_executor to None
[2022-01-20 03:46:32,431] {processor.py:171} INFO - Processing /home/airflow/.local/lib/python3.7/site-packages/airflow/example_dags/example_kubernetes_executor.py took 0.250 seconds
[2022-01-20 03:47:02,533] {processor.py:163} INFO - Started process (PID=5698) to work on /home/airflow/.local/lib/python3.7/site-packages/airflow/example_dags/example_kubernetes_executor.py
[2022-01-20 03:47:02,538] {processor.py:620} INFO - Processing file /home/airflow/.local/lib/python3.7/site-packages/airflow/example_dags/example_kubernetes_executor.py for tasks to queue
[2022-01-20 03:47:02,542] {logging_mixin.py:109} INFO - [2022-01-20 03:47:02,541] {dagbag.py:500} INFO - Filling up the DagBag from /home/airflow/.local/lib/python3.7/site-packages/airflow/example_dags/example_kubernetes_executor.py
[2022-01-20 03:47:02,618] {processor.py:632} INFO - DAG(s) dict_keys(['example_kubernetes_executor']) retrieved from /home/airflow/.local/lib/python3.7/site-packages/airflow/example_dags/example_kubernetes_executor.py
[2022-01-20 03:47:02,674] {logging_mixin.py:109} INFO - [2022-01-20 03:47:02,673] {dag.py:2389} INFO - Sync 1 DAGs
[2022-01-20 03:47:02,728] {logging_mixin.py:109} INFO - [2022-01-20 03:47:02,727] {dag.py:2914} INFO - Setting next_dagrun for example_kubernetes_executor to None
[2022-01-20 03:47:02,756] {processor.py:171} INFO - Processing /home/airflow/.local/lib/python3.7/site-packages/airflow/example_dags/example_kubernetes_executor.py took 0.231 seconds
[2022-01-20 03:47:32,999] {processor.py:163} INFO - Started process (PID=5812) to work on /home/airflow/.local/lib/python3.7/site-packages/airflow/example_dags/example_kubernetes_executor.py
[2022-01-20 03:47:33,004] {processor.py:620} INFO - Processing file /home/airflow/.local/lib/python3.7/site-packages/airflow/example_dags/example_kubernetes_executor.py for tasks to queue
[2022-01-20 03:47:33,007] {logging_mixin.py:109} INFO - [2022-01-20 03:47:33,007] {dagbag.py:500} INFO - Filling up the DagBag from /home/airflow/.local/lib/python3.7/site-packages/airflow/example_dags/example_kubernetes_executor.py
[2022-01-20 03:47:33,097] {processor.py:632} INFO - DAG(s) dict_keys(['example_kubernetes_executor']) retrieved from /home/airflow/.local/lib/python3.7/site-packages/airflow/example_dags/example_kubernetes_executor.py
[2022-01-20 03:47:33,146] {logging_mixin.py:109} INFO - [2022-01-20 03:47:33,145] {dag.py:2389} INFO - Sync 1 DAGs
[2022-01-20 03:47:33,202] {logging_mixin.py:109} INFO - [2022-01-20 03:47:33,202] {dag.py:2914} INFO - Setting next_dagrun for example_kubernetes_executor to None
[2022-01-20 03:47:33,231] {processor.py:171} INFO - Processing /home/airflow/.local/lib/python3.7/site-packages/airflow/example_dags/example_kubernetes_executor.py took 0.239 seconds
[2022-01-20 03:48:03,514] {processor.py:163} INFO - Started process (PID=5905) to work on /home/airflow/.local/lib/python3.7/site-packages/airflow/example_dags/example_kubernetes_executor.py
[2022-01-20 03:48:03,518] {processor.py:620} INFO - Processing file /home/airflow/.local/lib/python3.7/site-packages/airflow/example_dags/example_kubernetes_executor.py for tasks to queue
[2022-01-20 03:48:03,521] {logging_mixin.py:109} INFO - [2022-01-20 03:48:03,521] {dagbag.py:500} INFO - Filling up the DagBag from /home/airflow/.local/lib/python3.7/site-packages/airflow/example_dags/example_kubernetes_executor.py
[2022-01-20 03:48:03,594] {processor.py:632} INFO - DAG(s) dict_keys(['example_kubernetes_executor']) retrieved from /home/airflow/.local/lib/python3.7/site-packages/airflow/example_dags/example_kubernetes_executor.py
[2022-01-20 03:48:03,635] {logging_mixin.py:109} INFO - [2022-01-20 03:48:03,635] {dag.py:2389} INFO - Sync 1 DAGs
[2022-01-20 03:48:03,688] {logging_mixin.py:109} INFO - [2022-01-20 03:48:03,688] {dag.py:2914} INFO - Setting next_dagrun for example_kubernetes_executor to None
[2022-01-20 03:48:03,715] {processor.py:171} INFO - Processing /home/airflow/.local/lib/python3.7/site-packages/airflow/example_dags/example_kubernetes_executor.py took 0.209 seconds
[2022-01-20 03:48:34,228] {processor.py:163} INFO - Started process (PID=6019) to work on /home/airflow/.local/lib/python3.7/site-packages/airflow/example_dags/example_kubernetes_executor.py
[2022-01-20 03:48:34,232] {processor.py:620} INFO - Processing file /home/airflow/.local/lib/python3.7/site-packages/airflow/example_dags/example_kubernetes_executor.py for tasks to queue
[2022-01-20 03:48:34,235] {logging_mixin.py:109} INFO - [2022-01-20 03:48:34,235] {dagbag.py:500} INFO - Filling up the DagBag from /home/airflow/.local/lib/python3.7/site-packages/airflow/example_dags/example_kubernetes_executor.py
[2022-01-20 03:48:34,308] {processor.py:632} INFO - DAG(s) dict_keys(['example_kubernetes_executor']) retrieved from /home/airflow/.local/lib/python3.7/site-packages/airflow/example_dags/example_kubernetes_executor.py
[2022-01-20 03:48:34,349] {logging_mixin.py:109} INFO - [2022-01-20 03:48:34,348] {dag.py:2389} INFO - Sync 1 DAGs
[2022-01-20 03:48:34,405] {logging_mixin.py:109} INFO - [2022-01-20 03:48:34,404] {dag.py:2914} INFO - Setting next_dagrun for example_kubernetes_executor to None
[2022-01-20 03:48:34,432] {processor.py:171} INFO - Processing /home/airflow/.local/lib/python3.7/site-packages/airflow/example_dags/example_kubernetes_executor.py took 0.213 seconds
[2022-01-20 03:49:04,530] {processor.py:163} INFO - Started process (PID=6115) to work on /home/airflow/.local/lib/python3.7/site-packages/airflow/example_dags/example_kubernetes_executor.py
[2022-01-20 03:49:04,534] {processor.py:620} INFO - Processing file /home/airflow/.local/lib/python3.7/site-packages/airflow/example_dags/example_kubernetes_executor.py for tasks to queue
[2022-01-20 03:49:04,537] {logging_mixin.py:109} INFO - [2022-01-20 03:49:04,537] {dagbag.py:500} INFO - Filling up the DagBag from /home/airflow/.local/lib/python3.7/site-packages/airflow/example_dags/example_kubernetes_executor.py
[2022-01-20 03:49:04,607] {processor.py:632} INFO - DAG(s) dict_keys(['example_kubernetes_executor']) retrieved from /home/airflow/.local/lib/python3.7/site-packages/airflow/example_dags/example_kubernetes_executor.py
[2022-01-20 03:49:04,647] {logging_mixin.py:109} INFO - [2022-01-20 03:49:04,647] {dag.py:2389} INFO - Sync 1 DAGs
[2022-01-20 03:49:04,699] {logging_mixin.py:109} INFO - [2022-01-20 03:49:04,698] {dag.py:2914} INFO - Setting next_dagrun for example_kubernetes_executor to None
[2022-01-20 03:49:04,725] {processor.py:171} INFO - Processing /home/airflow/.local/lib/python3.7/site-packages/airflow/example_dags/example_kubernetes_executor.py took 0.202 seconds
[2022-01-20 03:49:34,825] {processor.py:163} INFO - Started process (PID=6226) to work on /home/airflow/.local/lib/python3.7/site-packages/airflow/example_dags/example_kubernetes_executor.py
[2022-01-20 03:49:34,830] {processor.py:620} INFO - Processing file /home/airflow/.local/lib/python3.7/site-packages/airflow/example_dags/example_kubernetes_executor.py for tasks to queue
[2022-01-20 03:49:34,833] {logging_mixin.py:109} INFO - [2022-01-20 03:49:34,833] {dagbag.py:500} INFO - Filling up the DagBag from /home/airflow/.local/lib/python3.7/site-packages/airflow/example_dags/example_kubernetes_executor.py
[2022-01-20 03:49:34,922] {processor.py:632} INFO - DAG(s) dict_keys(['example_kubernetes_executor']) retrieved from /home/airflow/.local/lib/python3.7/site-packages/airflow/example_dags/example_kubernetes_executor.py
[2022-01-20 03:49:34,973] {logging_mixin.py:109} INFO - [2022-01-20 03:49:34,973] {dag.py:2389} INFO - Sync 1 DAGs
[2022-01-20 03:49:35,033] {logging_mixin.py:109} INFO - [2022-01-20 03:49:35,032] {dag.py:2914} INFO - Setting next_dagrun for example_kubernetes_executor to None
[2022-01-20 03:49:35,065] {processor.py:171} INFO - Processing /home/airflow/.local/lib/python3.7/site-packages/airflow/example_dags/example_kubernetes_executor.py took 0.249 seconds
[2022-01-20 03:50:05,967] {processor.py:163} INFO - Started process (PID=6322) to work on /home/airflow/.local/lib/python3.7/site-packages/airflow/example_dags/example_kubernetes_executor.py
[2022-01-20 03:50:05,971] {processor.py:620} INFO - Processing file /home/airflow/.local/lib/python3.7/site-packages/airflow/example_dags/example_kubernetes_executor.py for tasks to queue
[2022-01-20 03:50:05,974] {logging_mixin.py:109} INFO - [2022-01-20 03:50:05,974] {dagbag.py:500} INFO - Filling up the DagBag from /home/airflow/.local/lib/python3.7/site-packages/airflow/example_dags/example_kubernetes_executor.py
[2022-01-20 03:50:06,052] {processor.py:632} INFO - DAG(s) dict_keys(['example_kubernetes_executor']) retrieved from /home/airflow/.local/lib/python3.7/site-packages/airflow/example_dags/example_kubernetes_executor.py
[2022-01-20 03:50:06,096] {logging_mixin.py:109} INFO - [2022-01-20 03:50:06,095] {dag.py:2389} INFO - Sync 1 DAGs
[2022-01-20 03:50:06,149] {logging_mixin.py:109} INFO - [2022-01-20 03:50:06,148] {dag.py:2914} INFO - Setting next_dagrun for example_kubernetes_executor to None
[2022-01-20 03:50:06,175] {processor.py:171} INFO - Processing /home/airflow/.local/lib/python3.7/site-packages/airflow/example_dags/example_kubernetes_executor.py took 0.217 seconds
[2022-01-20 03:50:36,507] {processor.py:163} INFO - Started process (PID=6428) to work on /home/airflow/.local/lib/python3.7/site-packages/airflow/example_dags/example_kubernetes_executor.py
[2022-01-20 03:50:36,514] {processor.py:620} INFO - Processing file /home/airflow/.local/lib/python3.7/site-packages/airflow/example_dags/example_kubernetes_executor.py for tasks to queue
[2022-01-20 03:50:36,518] {logging_mixin.py:109} INFO - [2022-01-20 03:50:36,518] {dagbag.py:500} INFO - Filling up the DagBag from /home/airflow/.local/lib/python3.7/site-packages/airflow/example_dags/example_kubernetes_executor.py
[2022-01-20 03:50:36,600] {processor.py:632} INFO - DAG(s) dict_keys(['example_kubernetes_executor']) retrieved from /home/airflow/.local/lib/python3.7/site-packages/airflow/example_dags/example_kubernetes_executor.py
[2022-01-20 03:50:36,645] {logging_mixin.py:109} INFO - [2022-01-20 03:50:36,644] {dag.py:2389} INFO - Sync 1 DAGs
[2022-01-20 03:50:36,697] {logging_mixin.py:109} INFO - [2022-01-20 03:50:36,696] {dag.py:2914} INFO - Setting next_dagrun for example_kubernetes_executor to None
[2022-01-20 03:50:36,725] {processor.py:171} INFO - Processing /home/airflow/.local/lib/python3.7/site-packages/airflow/example_dags/example_kubernetes_executor.py took 0.225 seconds
[2022-01-20 03:51:06,894] {processor.py:163} INFO - Started process (PID=6522) to work on /home/airflow/.local/lib/python3.7/site-packages/airflow/example_dags/example_kubernetes_executor.py
[2022-01-20 03:51:06,898] {processor.py:620} INFO - Processing file /home/airflow/.local/lib/python3.7/site-packages/airflow/example_dags/example_kubernetes_executor.py for tasks to queue
[2022-01-20 03:51:06,901] {logging_mixin.py:109} INFO - [2022-01-20 03:51:06,901] {dagbag.py:500} INFO - Filling up the DagBag from /home/airflow/.local/lib/python3.7/site-packages/airflow/example_dags/example_kubernetes_executor.py
[2022-01-20 03:51:06,970] {processor.py:632} INFO - DAG(s) dict_keys(['example_kubernetes_executor']) retrieved from /home/airflow/.local/lib/python3.7/site-packages/airflow/example_dags/example_kubernetes_executor.py
[2022-01-20 03:51:07,010] {logging_mixin.py:109} INFO - [2022-01-20 03:51:07,010] {dag.py:2389} INFO - Sync 1 DAGs
[2022-01-20 03:51:07,057] {logging_mixin.py:109} INFO - [2022-01-20 03:51:07,056] {dag.py:2914} INFO - Setting next_dagrun for example_kubernetes_executor to None
[2022-01-20 03:51:07,082] {processor.py:171} INFO - Processing /home/airflow/.local/lib/python3.7/site-packages/airflow/example_dags/example_kubernetes_executor.py took 0.195 seconds
