[2022-01-20 03:20:24,286] {processor.py:163} INFO - Started process (PID=269) to work on /home/airflow/.local/lib/python3.7/site-packages/airflow/example_dags/example_short_circuit_operator.py
[2022-01-20 03:20:24,294] {processor.py:620} INFO - Processing file /home/airflow/.local/lib/python3.7/site-packages/airflow/example_dags/example_short_circuit_operator.py for tasks to queue
[2022-01-20 03:20:24,298] {logging_mixin.py:109} INFO - [2022-01-20 03:20:24,297] {dagbag.py:500} INFO - Filling up the DagBag from /home/airflow/.local/lib/python3.7/site-packages/airflow/example_dags/example_short_circuit_operator.py
[2022-01-20 03:20:24,509] {processor.py:632} INFO - DAG(s) dict_keys(['example_short_circuit_operator']) retrieved from /home/airflow/.local/lib/python3.7/site-packages/airflow/example_dags/example_short_circuit_operator.py
[2022-01-20 03:20:24,628] {logging_mixin.py:109} INFO - [2022-01-20 03:20:24,627] {dag.py:2389} INFO - Sync 1 DAGs
[2022-01-20 03:20:24,778] {logging_mixin.py:109} INFO - [2022-01-20 03:20:24,777] {dag.py:2914} INFO - Setting next_dagrun for example_short_circuit_operator to 2022-01-19T03:20:24.772071+00:00
[2022-01-20 03:20:24,860] {processor.py:171} INFO - Processing /home/airflow/.local/lib/python3.7/site-packages/airflow/example_dags/example_short_circuit_operator.py took 0.592 seconds
[2022-01-20 03:20:55,755] {processor.py:163} INFO - Started process (PID=381) to work on /home/airflow/.local/lib/python3.7/site-packages/airflow/example_dags/example_short_circuit_operator.py
[2022-01-20 03:20:55,765] {processor.py:620} INFO - Processing file /home/airflow/.local/lib/python3.7/site-packages/airflow/example_dags/example_short_circuit_operator.py for tasks to queue
[2022-01-20 03:20:55,787] {logging_mixin.py:109} INFO - [2022-01-20 03:20:55,774] {dagbag.py:500} INFO - Filling up the DagBag from /home/airflow/.local/lib/python3.7/site-packages/airflow/example_dags/example_short_circuit_operator.py
[2022-01-20 03:20:56,004] {processor.py:632} INFO - DAG(s) dict_keys(['example_short_circuit_operator']) retrieved from /home/airflow/.local/lib/python3.7/site-packages/airflow/example_dags/example_short_circuit_operator.py
[2022-01-20 03:20:56,101] {logging_mixin.py:109} INFO - [2022-01-20 03:20:56,100] {dag.py:2389} INFO - Sync 1 DAGs
[2022-01-20 03:20:56,234] {logging_mixin.py:109} INFO - [2022-01-20 03:20:56,234] {dag.py:2914} INFO - Setting next_dagrun for example_short_circuit_operator to 2022-01-19T03:20:56.231881+00:00
[2022-01-20 03:20:56,318] {processor.py:171} INFO - Processing /home/airflow/.local/lib/python3.7/site-packages/airflow/example_dags/example_short_circuit_operator.py took 0.585 seconds
[2022-01-20 03:21:26,454] {processor.py:163} INFO - Started process (PID=475) to work on /home/airflow/.local/lib/python3.7/site-packages/airflow/example_dags/example_short_circuit_operator.py
[2022-01-20 03:21:26,458] {processor.py:620} INFO - Processing file /home/airflow/.local/lib/python3.7/site-packages/airflow/example_dags/example_short_circuit_operator.py for tasks to queue
[2022-01-20 03:21:26,462] {logging_mixin.py:109} INFO - [2022-01-20 03:21:26,461] {dagbag.py:500} INFO - Filling up the DagBag from /home/airflow/.local/lib/python3.7/site-packages/airflow/example_dags/example_short_circuit_operator.py
[2022-01-20 03:21:26,538] {processor.py:632} INFO - DAG(s) dict_keys(['example_short_circuit_operator']) retrieved from /home/airflow/.local/lib/python3.7/site-packages/airflow/example_dags/example_short_circuit_operator.py
[2022-01-20 03:21:26,583] {logging_mixin.py:109} INFO - [2022-01-20 03:21:26,583] {dag.py:2389} INFO - Sync 1 DAGs
[2022-01-20 03:21:26,642] {logging_mixin.py:109} INFO - [2022-01-20 03:21:26,642] {dag.py:2914} INFO - Setting next_dagrun for example_short_circuit_operator to 2022-01-19T03:21:26.640130+00:00
[2022-01-20 03:21:26,673] {processor.py:171} INFO - Processing /home/airflow/.local/lib/python3.7/site-packages/airflow/example_dags/example_short_circuit_operator.py took 0.227 seconds
[2022-01-20 03:21:57,651] {processor.py:163} INFO - Started process (PID=589) to work on /home/airflow/.local/lib/python3.7/site-packages/airflow/example_dags/example_short_circuit_operator.py
[2022-01-20 03:21:57,655] {processor.py:620} INFO - Processing file /home/airflow/.local/lib/python3.7/site-packages/airflow/example_dags/example_short_circuit_operator.py for tasks to queue
[2022-01-20 03:21:57,668] {logging_mixin.py:109} INFO - [2022-01-20 03:21:57,667] {dagbag.py:500} INFO - Filling up the DagBag from /home/airflow/.local/lib/python3.7/site-packages/airflow/example_dags/example_short_circuit_operator.py
[2022-01-20 03:21:57,747] {processor.py:632} INFO - DAG(s) dict_keys(['example_short_circuit_operator']) retrieved from /home/airflow/.local/lib/python3.7/site-packages/airflow/example_dags/example_short_circuit_operator.py
[2022-01-20 03:21:57,796] {logging_mixin.py:109} INFO - [2022-01-20 03:21:57,796] {dag.py:2389} INFO - Sync 1 DAGs
[2022-01-20 03:21:57,853] {logging_mixin.py:109} INFO - [2022-01-20 03:21:57,852] {dag.py:2914} INFO - Setting next_dagrun for example_short_circuit_operator to 2022-01-19T03:21:57.850742+00:00
[2022-01-20 03:21:57,883] {processor.py:171} INFO - Processing /home/airflow/.local/lib/python3.7/site-packages/airflow/example_dags/example_short_circuit_operator.py took 0.241 seconds
[2022-01-20 03:22:28,940] {processor.py:163} INFO - Started process (PID=687) to work on /home/airflow/.local/lib/python3.7/site-packages/airflow/example_dags/example_short_circuit_operator.py
[2022-01-20 03:22:28,944] {processor.py:620} INFO - Processing file /home/airflow/.local/lib/python3.7/site-packages/airflow/example_dags/example_short_circuit_operator.py for tasks to queue
[2022-01-20 03:22:28,946] {logging_mixin.py:109} INFO - [2022-01-20 03:22:28,946] {dagbag.py:500} INFO - Filling up the DagBag from /home/airflow/.local/lib/python3.7/site-packages/airflow/example_dags/example_short_circuit_operator.py
[2022-01-20 03:22:29,007] {processor.py:632} INFO - DAG(s) dict_keys(['example_short_circuit_operator']) retrieved from /home/airflow/.local/lib/python3.7/site-packages/airflow/example_dags/example_short_circuit_operator.py
[2022-01-20 03:22:29,049] {logging_mixin.py:109} INFO - [2022-01-20 03:22:29,049] {dag.py:2389} INFO - Sync 1 DAGs
[2022-01-20 03:22:29,100] {logging_mixin.py:109} INFO - [2022-01-20 03:22:29,099] {dag.py:2914} INFO - Setting next_dagrun for example_short_circuit_operator to 2022-01-19T03:22:29.098193+00:00
[2022-01-20 03:22:29,125] {processor.py:171} INFO - Processing /home/airflow/.local/lib/python3.7/site-packages/airflow/example_dags/example_short_circuit_operator.py took 0.191 seconds
[2022-01-20 03:22:59,352] {processor.py:163} INFO - Started process (PID=795) to work on /home/airflow/.local/lib/python3.7/site-packages/airflow/example_dags/example_short_circuit_operator.py
[2022-01-20 03:22:59,366] {processor.py:620} INFO - Processing file /home/airflow/.local/lib/python3.7/site-packages/airflow/example_dags/example_short_circuit_operator.py for tasks to queue
[2022-01-20 03:22:59,373] {logging_mixin.py:109} INFO - [2022-01-20 03:22:59,372] {dagbag.py:500} INFO - Filling up the DagBag from /home/airflow/.local/lib/python3.7/site-packages/airflow/example_dags/example_short_circuit_operator.py
[2022-01-20 03:22:59,484] {processor.py:632} INFO - DAG(s) dict_keys(['example_short_circuit_operator']) retrieved from /home/airflow/.local/lib/python3.7/site-packages/airflow/example_dags/example_short_circuit_operator.py
[2022-01-20 03:22:59,540] {logging_mixin.py:109} INFO - [2022-01-20 03:22:59,539] {dag.py:2389} INFO - Sync 1 DAGs
[2022-01-20 03:22:59,663] {logging_mixin.py:109} INFO - [2022-01-20 03:22:59,662] {dag.py:2914} INFO - Setting next_dagrun for example_short_circuit_operator to 2022-01-19T03:22:59.660175+00:00
[2022-01-20 03:22:59,723] {processor.py:171} INFO - Processing /home/airflow/.local/lib/python3.7/site-packages/airflow/example_dags/example_short_circuit_operator.py took 0.385 seconds
[2022-01-20 03:23:30,349] {processor.py:163} INFO - Started process (PID=886) to work on /home/airflow/.local/lib/python3.7/site-packages/airflow/example_dags/example_short_circuit_operator.py
[2022-01-20 03:23:30,356] {processor.py:620} INFO - Processing file /home/airflow/.local/lib/python3.7/site-packages/airflow/example_dags/example_short_circuit_operator.py for tasks to queue
[2022-01-20 03:23:30,359] {logging_mixin.py:109} INFO - [2022-01-20 03:23:30,359] {dagbag.py:500} INFO - Filling up the DagBag from /home/airflow/.local/lib/python3.7/site-packages/airflow/example_dags/example_short_circuit_operator.py
[2022-01-20 03:23:30,491] {processor.py:632} INFO - DAG(s) dict_keys(['example_short_circuit_operator']) retrieved from /home/airflow/.local/lib/python3.7/site-packages/airflow/example_dags/example_short_circuit_operator.py
[2022-01-20 03:23:30,582] {logging_mixin.py:109} INFO - [2022-01-20 03:23:30,581] {dag.py:2389} INFO - Sync 1 DAGs
[2022-01-20 03:23:30,667] {logging_mixin.py:109} INFO - [2022-01-20 03:23:30,667] {dag.py:2914} INFO - Setting next_dagrun for example_short_circuit_operator to 2022-01-19T03:23:30.664248+00:00
[2022-01-20 03:23:30,740] {processor.py:171} INFO - Processing /home/airflow/.local/lib/python3.7/site-packages/airflow/example_dags/example_short_circuit_operator.py took 0.400 seconds
[2022-01-20 03:24:01,185] {processor.py:163} INFO - Started process (PID=998) to work on /home/airflow/.local/lib/python3.7/site-packages/airflow/example_dags/example_short_circuit_operator.py
[2022-01-20 03:24:01,190] {processor.py:620} INFO - Processing file /home/airflow/.local/lib/python3.7/site-packages/airflow/example_dags/example_short_circuit_operator.py for tasks to queue
[2022-01-20 03:24:01,193] {logging_mixin.py:109} INFO - [2022-01-20 03:24:01,193] {dagbag.py:500} INFO - Filling up the DagBag from /home/airflow/.local/lib/python3.7/site-packages/airflow/example_dags/example_short_circuit_operator.py
[2022-01-20 03:24:01,266] {processor.py:632} INFO - DAG(s) dict_keys(['example_short_circuit_operator']) retrieved from /home/airflow/.local/lib/python3.7/site-packages/airflow/example_dags/example_short_circuit_operator.py
[2022-01-20 03:24:01,310] {logging_mixin.py:109} INFO - [2022-01-20 03:24:01,310] {dag.py:2389} INFO - Sync 1 DAGs
[2022-01-20 03:24:01,364] {logging_mixin.py:109} INFO - [2022-01-20 03:24:01,364] {dag.py:2914} INFO - Setting next_dagrun for example_short_circuit_operator to 2022-01-19T03:24:01.362576+00:00
[2022-01-20 03:24:01,396] {processor.py:171} INFO - Processing /home/airflow/.local/lib/python3.7/site-packages/airflow/example_dags/example_short_circuit_operator.py took 0.218 seconds
[2022-01-20 03:24:31,679] {processor.py:163} INFO - Started process (PID=1108) to work on /home/airflow/.local/lib/python3.7/site-packages/airflow/example_dags/example_short_circuit_operator.py
[2022-01-20 03:24:31,686] {processor.py:620} INFO - Processing file /home/airflow/.local/lib/python3.7/site-packages/airflow/example_dags/example_short_circuit_operator.py for tasks to queue
[2022-01-20 03:24:31,690] {logging_mixin.py:109} INFO - [2022-01-20 03:24:31,689] {dagbag.py:500} INFO - Filling up the DagBag from /home/airflow/.local/lib/python3.7/site-packages/airflow/example_dags/example_short_circuit_operator.py
[2022-01-20 03:24:31,775] {processor.py:632} INFO - DAG(s) dict_keys(['example_short_circuit_operator']) retrieved from /home/airflow/.local/lib/python3.7/site-packages/airflow/example_dags/example_short_circuit_operator.py
[2022-01-20 03:24:31,820] {logging_mixin.py:109} INFO - [2022-01-20 03:24:31,820] {dag.py:2389} INFO - Sync 1 DAGs
[2022-01-20 03:24:31,877] {logging_mixin.py:109} INFO - [2022-01-20 03:24:31,876] {dag.py:2914} INFO - Setting next_dagrun for example_short_circuit_operator to 2022-01-19T03:24:31.874354+00:00
[2022-01-20 03:24:31,908] {processor.py:171} INFO - Processing /home/airflow/.local/lib/python3.7/site-packages/airflow/example_dags/example_short_circuit_operator.py took 0.243 seconds
[2022-01-20 03:25:02,067] {processor.py:163} INFO - Started process (PID=1210) to work on /home/airflow/.local/lib/python3.7/site-packages/airflow/example_dags/example_short_circuit_operator.py
[2022-01-20 03:25:02,070] {processor.py:620} INFO - Processing file /home/airflow/.local/lib/python3.7/site-packages/airflow/example_dags/example_short_circuit_operator.py for tasks to queue
[2022-01-20 03:25:02,074] {logging_mixin.py:109} INFO - [2022-01-20 03:25:02,074] {dagbag.py:500} INFO - Filling up the DagBag from /home/airflow/.local/lib/python3.7/site-packages/airflow/example_dags/example_short_circuit_operator.py
[2022-01-20 03:25:02,161] {processor.py:632} INFO - DAG(s) dict_keys(['example_short_circuit_operator']) retrieved from /home/airflow/.local/lib/python3.7/site-packages/airflow/example_dags/example_short_circuit_operator.py
[2022-01-20 03:25:02,217] {logging_mixin.py:109} INFO - [2022-01-20 03:25:02,216] {dag.py:2389} INFO - Sync 1 DAGs
[2022-01-20 03:25:02,268] {logging_mixin.py:109} INFO - [2022-01-20 03:25:02,267] {dag.py:2914} INFO - Setting next_dagrun for example_short_circuit_operator to 2022-01-19T03:25:02.265897+00:00
[2022-01-20 03:25:02,296] {processor.py:171} INFO - Processing /home/airflow/.local/lib/python3.7/site-packages/airflow/example_dags/example_short_circuit_operator.py took 0.238 seconds
[2022-01-20 03:25:32,785] {processor.py:163} INFO - Started process (PID=1326) to work on /home/airflow/.local/lib/python3.7/site-packages/airflow/example_dags/example_short_circuit_operator.py
[2022-01-20 03:25:32,798] {processor.py:620} INFO - Processing file /home/airflow/.local/lib/python3.7/site-packages/airflow/example_dags/example_short_circuit_operator.py for tasks to queue
[2022-01-20 03:25:32,804] {logging_mixin.py:109} INFO - [2022-01-20 03:25:32,803] {dagbag.py:500} INFO - Filling up the DagBag from /home/airflow/.local/lib/python3.7/site-packages/airflow/example_dags/example_short_circuit_operator.py
[2022-01-20 03:25:32,888] {processor.py:632} INFO - DAG(s) dict_keys(['example_short_circuit_operator']) retrieved from /home/airflow/.local/lib/python3.7/site-packages/airflow/example_dags/example_short_circuit_operator.py
[2022-01-20 03:25:32,933] {logging_mixin.py:109} INFO - [2022-01-20 03:25:32,932] {dag.py:2389} INFO - Sync 1 DAGs
[2022-01-20 03:25:32,990] {logging_mixin.py:109} INFO - [2022-01-20 03:25:32,989] {dag.py:2914} INFO - Setting next_dagrun for example_short_circuit_operator to 2022-01-19T03:25:32.987753+00:00
[2022-01-20 03:25:33,027] {processor.py:171} INFO - Processing /home/airflow/.local/lib/python3.7/site-packages/airflow/example_dags/example_short_circuit_operator.py took 0.252 seconds
[2022-01-20 03:26:03,278] {processor.py:163} INFO - Started process (PID=1426) to work on /home/airflow/.local/lib/python3.7/site-packages/airflow/example_dags/example_short_circuit_operator.py
[2022-01-20 03:26:03,287] {processor.py:620} INFO - Processing file /home/airflow/.local/lib/python3.7/site-packages/airflow/example_dags/example_short_circuit_operator.py for tasks to queue
[2022-01-20 03:26:03,293] {logging_mixin.py:109} INFO - [2022-01-20 03:26:03,293] {dagbag.py:500} INFO - Filling up the DagBag from /home/airflow/.local/lib/python3.7/site-packages/airflow/example_dags/example_short_circuit_operator.py
[2022-01-20 03:26:03,380] {processor.py:632} INFO - DAG(s) dict_keys(['example_short_circuit_operator']) retrieved from /home/airflow/.local/lib/python3.7/site-packages/airflow/example_dags/example_short_circuit_operator.py
[2022-01-20 03:26:03,425] {logging_mixin.py:109} INFO - [2022-01-20 03:26:03,424] {dag.py:2389} INFO - Sync 1 DAGs
[2022-01-20 03:26:03,487] {logging_mixin.py:109} INFO - [2022-01-20 03:26:03,487] {dag.py:2914} INFO - Setting next_dagrun for example_short_circuit_operator to 2022-01-19T03:26:03.485177+00:00
[2022-01-20 03:26:03,520] {processor.py:171} INFO - Processing /home/airflow/.local/lib/python3.7/site-packages/airflow/example_dags/example_short_circuit_operator.py took 0.250 seconds
[2022-01-20 03:26:33,694] {processor.py:163} INFO - Started process (PID=1540) to work on /home/airflow/.local/lib/python3.7/site-packages/airflow/example_dags/example_short_circuit_operator.py
[2022-01-20 03:26:33,702] {processor.py:620} INFO - Processing file /home/airflow/.local/lib/python3.7/site-packages/airflow/example_dags/example_short_circuit_operator.py for tasks to queue
[2022-01-20 03:26:33,706] {logging_mixin.py:109} INFO - [2022-01-20 03:26:33,705] {dagbag.py:500} INFO - Filling up the DagBag from /home/airflow/.local/lib/python3.7/site-packages/airflow/example_dags/example_short_circuit_operator.py
[2022-01-20 03:26:33,785] {processor.py:632} INFO - DAG(s) dict_keys(['example_short_circuit_operator']) retrieved from /home/airflow/.local/lib/python3.7/site-packages/airflow/example_dags/example_short_circuit_operator.py
[2022-01-20 03:26:33,842] {logging_mixin.py:109} INFO - [2022-01-20 03:26:33,841] {dag.py:2389} INFO - Sync 1 DAGs
[2022-01-20 03:26:33,910] {logging_mixin.py:109} INFO - [2022-01-20 03:26:33,909] {dag.py:2914} INFO - Setting next_dagrun for example_short_circuit_operator to 2022-01-19T03:26:33.907927+00:00
[2022-01-20 03:26:33,939] {processor.py:171} INFO - Processing /home/airflow/.local/lib/python3.7/site-packages/airflow/example_dags/example_short_circuit_operator.py took 0.252 seconds
[2022-01-20 03:27:04,242] {processor.py:163} INFO - Started process (PID=1637) to work on /home/airflow/.local/lib/python3.7/site-packages/airflow/example_dags/example_short_circuit_operator.py
[2022-01-20 03:27:04,247] {processor.py:620} INFO - Processing file /home/airflow/.local/lib/python3.7/site-packages/airflow/example_dags/example_short_circuit_operator.py for tasks to queue
[2022-01-20 03:27:04,251] {logging_mixin.py:109} INFO - [2022-01-20 03:27:04,250] {dagbag.py:500} INFO - Filling up the DagBag from /home/airflow/.local/lib/python3.7/site-packages/airflow/example_dags/example_short_circuit_operator.py
[2022-01-20 03:27:04,334] {processor.py:632} INFO - DAG(s) dict_keys(['example_short_circuit_operator']) retrieved from /home/airflow/.local/lib/python3.7/site-packages/airflow/example_dags/example_short_circuit_operator.py
[2022-01-20 03:27:04,387] {logging_mixin.py:109} INFO - [2022-01-20 03:27:04,386] {dag.py:2389} INFO - Sync 1 DAGs
[2022-01-20 03:27:04,443] {logging_mixin.py:109} INFO - [2022-01-20 03:27:04,442] {dag.py:2914} INFO - Setting next_dagrun for example_short_circuit_operator to 2022-01-19T03:27:04.440566+00:00
[2022-01-20 03:27:04,474] {processor.py:171} INFO - Processing /home/airflow/.local/lib/python3.7/site-packages/airflow/example_dags/example_short_circuit_operator.py took 0.239 seconds
[2022-01-20 03:27:35,098] {processor.py:163} INFO - Started process (PID=1754) to work on /home/airflow/.local/lib/python3.7/site-packages/airflow/example_dags/example_short_circuit_operator.py
[2022-01-20 03:27:35,102] {processor.py:620} INFO - Processing file /home/airflow/.local/lib/python3.7/site-packages/airflow/example_dags/example_short_circuit_operator.py for tasks to queue
[2022-01-20 03:27:35,114] {logging_mixin.py:109} INFO - [2022-01-20 03:27:35,113] {dagbag.py:500} INFO - Filling up the DagBag from /home/airflow/.local/lib/python3.7/site-packages/airflow/example_dags/example_short_circuit_operator.py
[2022-01-20 03:27:35,204] {processor.py:632} INFO - DAG(s) dict_keys(['example_short_circuit_operator']) retrieved from /home/airflow/.local/lib/python3.7/site-packages/airflow/example_dags/example_short_circuit_operator.py
[2022-01-20 03:27:35,247] {logging_mixin.py:109} INFO - [2022-01-20 03:27:35,247] {dag.py:2389} INFO - Sync 1 DAGs
[2022-01-20 03:27:35,337] {logging_mixin.py:109} INFO - [2022-01-20 03:27:35,336] {dag.py:2914} INFO - Setting next_dagrun for example_short_circuit_operator to 2022-01-19T03:27:35.334938+00:00
[2022-01-20 03:27:35,368] {processor.py:171} INFO - Processing /home/airflow/.local/lib/python3.7/site-packages/airflow/example_dags/example_short_circuit_operator.py took 0.277 seconds
[2022-01-20 03:28:06,309] {processor.py:163} INFO - Started process (PID=1846) to work on /home/airflow/.local/lib/python3.7/site-packages/airflow/example_dags/example_short_circuit_operator.py
[2022-01-20 03:28:06,313] {processor.py:620} INFO - Processing file /home/airflow/.local/lib/python3.7/site-packages/airflow/example_dags/example_short_circuit_operator.py for tasks to queue
[2022-01-20 03:28:06,317] {logging_mixin.py:109} INFO - [2022-01-20 03:28:06,317] {dagbag.py:500} INFO - Filling up the DagBag from /home/airflow/.local/lib/python3.7/site-packages/airflow/example_dags/example_short_circuit_operator.py
[2022-01-20 03:28:06,396] {processor.py:632} INFO - DAG(s) dict_keys(['example_short_circuit_operator']) retrieved from /home/airflow/.local/lib/python3.7/site-packages/airflow/example_dags/example_short_circuit_operator.py
[2022-01-20 03:28:06,447] {logging_mixin.py:109} INFO - [2022-01-20 03:28:06,446] {dag.py:2389} INFO - Sync 1 DAGs
[2022-01-20 03:28:06,501] {logging_mixin.py:109} INFO - [2022-01-20 03:28:06,500] {dag.py:2914} INFO - Setting next_dagrun for example_short_circuit_operator to 2022-01-19T03:28:06.498562+00:00
[2022-01-20 03:28:06,534] {processor.py:171} INFO - Processing /home/airflow/.local/lib/python3.7/site-packages/airflow/example_dags/example_short_circuit_operator.py took 0.232 seconds
[2022-01-20 03:28:38,578] {processor.py:163} INFO - Started process (PID=1949) to work on /home/airflow/.local/lib/python3.7/site-packages/airflow/example_dags/example_short_circuit_operator.py
[2022-01-20 03:28:38,583] {processor.py:620} INFO - Processing file /home/airflow/.local/lib/python3.7/site-packages/airflow/example_dags/example_short_circuit_operator.py for tasks to queue
[2022-01-20 03:28:38,587] {logging_mixin.py:109} INFO - [2022-01-20 03:28:38,586] {dagbag.py:500} INFO - Filling up the DagBag from /home/airflow/.local/lib/python3.7/site-packages/airflow/example_dags/example_short_circuit_operator.py
[2022-01-20 03:28:38,663] {processor.py:632} INFO - DAG(s) dict_keys(['example_short_circuit_operator']) retrieved from /home/airflow/.local/lib/python3.7/site-packages/airflow/example_dags/example_short_circuit_operator.py
[2022-01-20 03:28:38,722] {logging_mixin.py:109} INFO - [2022-01-20 03:28:38,722] {dag.py:2389} INFO - Sync 1 DAGs
[2022-01-20 03:28:38,793] {logging_mixin.py:109} INFO - [2022-01-20 03:28:38,793] {dag.py:2914} INFO - Setting next_dagrun for example_short_circuit_operator to 2022-01-19T03:28:38.791497+00:00
[2022-01-20 03:28:38,823] {processor.py:171} INFO - Processing /home/airflow/.local/lib/python3.7/site-packages/airflow/example_dags/example_short_circuit_operator.py took 0.254 seconds
[2022-01-20 03:29:10,018] {processor.py:163} INFO - Started process (PID=2045) to work on /home/airflow/.local/lib/python3.7/site-packages/airflow/example_dags/example_short_circuit_operator.py
[2022-01-20 03:29:10,022] {processor.py:620} INFO - Processing file /home/airflow/.local/lib/python3.7/site-packages/airflow/example_dags/example_short_circuit_operator.py for tasks to queue
[2022-01-20 03:29:10,024] {logging_mixin.py:109} INFO - [2022-01-20 03:29:10,024] {dagbag.py:500} INFO - Filling up the DagBag from /home/airflow/.local/lib/python3.7/site-packages/airflow/example_dags/example_short_circuit_operator.py
[2022-01-20 03:29:10,087] {processor.py:632} INFO - DAG(s) dict_keys(['example_short_circuit_operator']) retrieved from /home/airflow/.local/lib/python3.7/site-packages/airflow/example_dags/example_short_circuit_operator.py
[2022-01-20 03:29:10,131] {logging_mixin.py:109} INFO - [2022-01-20 03:29:10,130] {dag.py:2389} INFO - Sync 1 DAGs
[2022-01-20 03:29:10,180] {logging_mixin.py:109} INFO - [2022-01-20 03:29:10,180] {dag.py:2914} INFO - Setting next_dagrun for example_short_circuit_operator to 2022-01-19T03:29:10.178684+00:00
[2022-01-20 03:29:10,205] {processor.py:171} INFO - Processing /home/airflow/.local/lib/python3.7/site-packages/airflow/example_dags/example_short_circuit_operator.py took 0.194 seconds
[2022-01-20 03:29:41,722] {processor.py:163} INFO - Started process (PID=2156) to work on /home/airflow/.local/lib/python3.7/site-packages/airflow/example_dags/example_short_circuit_operator.py
[2022-01-20 03:29:41,725] {processor.py:620} INFO - Processing file /home/airflow/.local/lib/python3.7/site-packages/airflow/example_dags/example_short_circuit_operator.py for tasks to queue
[2022-01-20 03:29:41,728] {logging_mixin.py:109} INFO - [2022-01-20 03:29:41,728] {dagbag.py:500} INFO - Filling up the DagBag from /home/airflow/.local/lib/python3.7/site-packages/airflow/example_dags/example_short_circuit_operator.py
[2022-01-20 03:29:41,807] {processor.py:632} INFO - DAG(s) dict_keys(['example_short_circuit_operator']) retrieved from /home/airflow/.local/lib/python3.7/site-packages/airflow/example_dags/example_short_circuit_operator.py
[2022-01-20 03:29:41,858] {logging_mixin.py:109} INFO - [2022-01-20 03:29:41,857] {dag.py:2389} INFO - Sync 1 DAGs
[2022-01-20 03:29:41,933] {logging_mixin.py:109} INFO - [2022-01-20 03:29:41,932] {dag.py:2914} INFO - Setting next_dagrun for example_short_circuit_operator to 2022-01-19T03:29:41.931017+00:00
[2022-01-20 03:29:41,961] {processor.py:171} INFO - Processing /home/airflow/.local/lib/python3.7/site-packages/airflow/example_dags/example_short_circuit_operator.py took 0.246 seconds
[2022-01-20 03:30:12,979] {processor.py:163} INFO - Started process (PID=2268) to work on /home/airflow/.local/lib/python3.7/site-packages/airflow/example_dags/example_short_circuit_operator.py
[2022-01-20 03:30:12,983] {processor.py:620} INFO - Processing file /home/airflow/.local/lib/python3.7/site-packages/airflow/example_dags/example_short_circuit_operator.py for tasks to queue
[2022-01-20 03:30:12,987] {logging_mixin.py:109} INFO - [2022-01-20 03:30:12,987] {dagbag.py:500} INFO - Filling up the DagBag from /home/airflow/.local/lib/python3.7/site-packages/airflow/example_dags/example_short_circuit_operator.py
[2022-01-20 03:30:13,074] {processor.py:632} INFO - DAG(s) dict_keys(['example_short_circuit_operator']) retrieved from /home/airflow/.local/lib/python3.7/site-packages/airflow/example_dags/example_short_circuit_operator.py
[2022-01-20 03:30:13,124] {logging_mixin.py:109} INFO - [2022-01-20 03:30:13,124] {dag.py:2389} INFO - Sync 1 DAGs
[2022-01-20 03:30:13,189] {logging_mixin.py:109} INFO - [2022-01-20 03:30:13,188] {dag.py:2914} INFO - Setting next_dagrun for example_short_circuit_operator to 2022-01-19T03:30:13.187086+00:00
[2022-01-20 03:30:13,217] {processor.py:171} INFO - Processing /home/airflow/.local/lib/python3.7/site-packages/airflow/example_dags/example_short_circuit_operator.py took 0.248 seconds
[2022-01-20 03:30:43,347] {processor.py:163} INFO - Started process (PID=2359) to work on /home/airflow/.local/lib/python3.7/site-packages/airflow/example_dags/example_short_circuit_operator.py
[2022-01-20 03:30:43,351] {processor.py:620} INFO - Processing file /home/airflow/.local/lib/python3.7/site-packages/airflow/example_dags/example_short_circuit_operator.py for tasks to queue
[2022-01-20 03:30:43,354] {logging_mixin.py:109} INFO - [2022-01-20 03:30:43,354] {dagbag.py:500} INFO - Filling up the DagBag from /home/airflow/.local/lib/python3.7/site-packages/airflow/example_dags/example_short_circuit_operator.py
[2022-01-20 03:30:43,439] {processor.py:632} INFO - DAG(s) dict_keys(['example_short_circuit_operator']) retrieved from /home/airflow/.local/lib/python3.7/site-packages/airflow/example_dags/example_short_circuit_operator.py
[2022-01-20 03:30:43,483] {logging_mixin.py:109} INFO - [2022-01-20 03:30:43,482] {dag.py:2389} INFO - Sync 1 DAGs
[2022-01-20 03:30:43,540] {logging_mixin.py:109} INFO - [2022-01-20 03:30:43,540] {dag.py:2914} INFO - Setting next_dagrun for example_short_circuit_operator to 2022-01-19T03:30:43.538511+00:00
[2022-01-20 03:30:43,694] {processor.py:171} INFO - Processing /home/airflow/.local/lib/python3.7/site-packages/airflow/example_dags/example_short_circuit_operator.py took 0.355 seconds
[2022-01-20 03:31:14,621] {processor.py:163} INFO - Started process (PID=2476) to work on /home/airflow/.local/lib/python3.7/site-packages/airflow/example_dags/example_short_circuit_operator.py
[2022-01-20 03:31:14,626] {processor.py:620} INFO - Processing file /home/airflow/.local/lib/python3.7/site-packages/airflow/example_dags/example_short_circuit_operator.py for tasks to queue
[2022-01-20 03:31:14,630] {logging_mixin.py:109} INFO - [2022-01-20 03:31:14,630] {dagbag.py:500} INFO - Filling up the DagBag from /home/airflow/.local/lib/python3.7/site-packages/airflow/example_dags/example_short_circuit_operator.py
[2022-01-20 03:31:14,704] {processor.py:632} INFO - DAG(s) dict_keys(['example_short_circuit_operator']) retrieved from /home/airflow/.local/lib/python3.7/site-packages/airflow/example_dags/example_short_circuit_operator.py
[2022-01-20 03:31:14,749] {logging_mixin.py:109} INFO - [2022-01-20 03:31:14,749] {dag.py:2389} INFO - Sync 1 DAGs
[2022-01-20 03:31:14,852] {logging_mixin.py:109} INFO - [2022-01-20 03:31:14,851] {dag.py:2914} INFO - Setting next_dagrun for example_short_circuit_operator to 2022-01-19T03:31:14.849649+00:00
[2022-01-20 03:31:14,994] {processor.py:171} INFO - Processing /home/airflow/.local/lib/python3.7/site-packages/airflow/example_dags/example_short_circuit_operator.py took 0.381 seconds
[2022-01-20 03:31:45,306] {processor.py:163} INFO - Started process (PID=2569) to work on /home/airflow/.local/lib/python3.7/site-packages/airflow/example_dags/example_short_circuit_operator.py
[2022-01-20 03:31:45,310] {processor.py:620} INFO - Processing file /home/airflow/.local/lib/python3.7/site-packages/airflow/example_dags/example_short_circuit_operator.py for tasks to queue
[2022-01-20 03:31:45,314] {logging_mixin.py:109} INFO - [2022-01-20 03:31:45,313] {dagbag.py:500} INFO - Filling up the DagBag from /home/airflow/.local/lib/python3.7/site-packages/airflow/example_dags/example_short_circuit_operator.py
[2022-01-20 03:31:45,396] {processor.py:632} INFO - DAG(s) dict_keys(['example_short_circuit_operator']) retrieved from /home/airflow/.local/lib/python3.7/site-packages/airflow/example_dags/example_short_circuit_operator.py
[2022-01-20 03:31:45,450] {logging_mixin.py:109} INFO - [2022-01-20 03:31:45,449] {dag.py:2389} INFO - Sync 1 DAGs
[2022-01-20 03:31:45,631] {logging_mixin.py:109} INFO - [2022-01-20 03:31:45,631] {dag.py:2914} INFO - Setting next_dagrun for example_short_circuit_operator to 2022-01-19T03:31:45.629520+00:00
[2022-01-20 03:31:45,657] {processor.py:171} INFO - Processing /home/airflow/.local/lib/python3.7/site-packages/airflow/example_dags/example_short_circuit_operator.py took 0.359 seconds
[2022-01-20 03:32:16,880] {processor.py:163} INFO - Started process (PID=2683) to work on /home/airflow/.local/lib/python3.7/site-packages/airflow/example_dags/example_short_circuit_operator.py
[2022-01-20 03:32:16,886] {processor.py:620} INFO - Processing file /home/airflow/.local/lib/python3.7/site-packages/airflow/example_dags/example_short_circuit_operator.py for tasks to queue
[2022-01-20 03:32:16,889] {logging_mixin.py:109} INFO - [2022-01-20 03:32:16,889] {dagbag.py:500} INFO - Filling up the DagBag from /home/airflow/.local/lib/python3.7/site-packages/airflow/example_dags/example_short_circuit_operator.py
[2022-01-20 03:32:16,979] {processor.py:632} INFO - DAG(s) dict_keys(['example_short_circuit_operator']) retrieved from /home/airflow/.local/lib/python3.7/site-packages/airflow/example_dags/example_short_circuit_operator.py
[2022-01-20 03:32:17,034] {logging_mixin.py:109} INFO - [2022-01-20 03:32:17,034] {dag.py:2389} INFO - Sync 1 DAGs
[2022-01-20 03:32:17,217] {logging_mixin.py:109} INFO - [2022-01-20 03:32:17,217] {dag.py:2914} INFO - Setting next_dagrun for example_short_circuit_operator to 2022-01-19T03:32:17.215338+00:00
[2022-01-20 03:32:17,250] {processor.py:171} INFO - Processing /home/airflow/.local/lib/python3.7/site-packages/airflow/example_dags/example_short_circuit_operator.py took 0.378 seconds
[2022-01-20 03:32:47,992] {processor.py:163} INFO - Started process (PID=2780) to work on /home/airflow/.local/lib/python3.7/site-packages/airflow/example_dags/example_short_circuit_operator.py
[2022-01-20 03:32:47,996] {processor.py:620} INFO - Processing file /home/airflow/.local/lib/python3.7/site-packages/airflow/example_dags/example_short_circuit_operator.py for tasks to queue
[2022-01-20 03:32:47,998] {logging_mixin.py:109} INFO - [2022-01-20 03:32:47,998] {dagbag.py:500} INFO - Filling up the DagBag from /home/airflow/.local/lib/python3.7/site-packages/airflow/example_dags/example_short_circuit_operator.py
[2022-01-20 03:32:48,066] {processor.py:632} INFO - DAG(s) dict_keys(['example_short_circuit_operator']) retrieved from /home/airflow/.local/lib/python3.7/site-packages/airflow/example_dags/example_short_circuit_operator.py
[2022-01-20 03:32:48,107] {logging_mixin.py:109} INFO - [2022-01-20 03:32:48,106] {dag.py:2389} INFO - Sync 1 DAGs
[2022-01-20 03:32:48,274] {logging_mixin.py:109} INFO - [2022-01-20 03:32:48,273] {dag.py:2914} INFO - Setting next_dagrun for example_short_circuit_operator to 2022-01-19T03:32:48.271871+00:00
[2022-01-20 03:32:48,300] {processor.py:171} INFO - Processing /home/airflow/.local/lib/python3.7/site-packages/airflow/example_dags/example_short_circuit_operator.py took 0.315 seconds
[2022-01-20 03:33:18,549] {processor.py:163} INFO - Started process (PID=2893) to work on /home/airflow/.local/lib/python3.7/site-packages/airflow/example_dags/example_short_circuit_operator.py
[2022-01-20 03:33:18,553] {processor.py:620} INFO - Processing file /home/airflow/.local/lib/python3.7/site-packages/airflow/example_dags/example_short_circuit_operator.py for tasks to queue
[2022-01-20 03:33:18,557] {logging_mixin.py:109} INFO - [2022-01-20 03:33:18,557] {dagbag.py:500} INFO - Filling up the DagBag from /home/airflow/.local/lib/python3.7/site-packages/airflow/example_dags/example_short_circuit_operator.py
[2022-01-20 03:33:18,630] {processor.py:632} INFO - DAG(s) dict_keys(['example_short_circuit_operator']) retrieved from /home/airflow/.local/lib/python3.7/site-packages/airflow/example_dags/example_short_circuit_operator.py
[2022-01-20 03:33:18,673] {logging_mixin.py:109} INFO - [2022-01-20 03:33:18,672] {dag.py:2389} INFO - Sync 1 DAGs
[2022-01-20 03:33:18,848] {logging_mixin.py:109} INFO - [2022-01-20 03:33:18,848] {dag.py:2914} INFO - Setting next_dagrun for example_short_circuit_operator to 2022-01-19T03:33:18.846476+00:00
[2022-01-20 03:33:18,900] {processor.py:171} INFO - Processing /home/airflow/.local/lib/python3.7/site-packages/airflow/example_dags/example_short_circuit_operator.py took 0.359 seconds
[2022-01-20 03:33:49,389] {processor.py:163} INFO - Started process (PID=2989) to work on /home/airflow/.local/lib/python3.7/site-packages/airflow/example_dags/example_short_circuit_operator.py
[2022-01-20 03:33:49,395] {processor.py:620} INFO - Processing file /home/airflow/.local/lib/python3.7/site-packages/airflow/example_dags/example_short_circuit_operator.py for tasks to queue
[2022-01-20 03:33:49,400] {logging_mixin.py:109} INFO - [2022-01-20 03:33:49,399] {dagbag.py:500} INFO - Filling up the DagBag from /home/airflow/.local/lib/python3.7/site-packages/airflow/example_dags/example_short_circuit_operator.py
[2022-01-20 03:33:49,473] {processor.py:632} INFO - DAG(s) dict_keys(['example_short_circuit_operator']) retrieved from /home/airflow/.local/lib/python3.7/site-packages/airflow/example_dags/example_short_circuit_operator.py
[2022-01-20 03:33:49,627] {logging_mixin.py:109} INFO - [2022-01-20 03:33:49,627] {dag.py:2389} INFO - Sync 1 DAGs
[2022-01-20 03:33:49,674] {logging_mixin.py:109} INFO - [2022-01-20 03:33:49,674] {dag.py:2914} INFO - Setting next_dagrun for example_short_circuit_operator to 2022-01-19T03:33:49.672991+00:00
[2022-01-20 03:33:49,707] {processor.py:171} INFO - Processing /home/airflow/.local/lib/python3.7/site-packages/airflow/example_dags/example_short_circuit_operator.py took 0.333 seconds
[2022-01-20 03:34:20,403] {processor.py:163} INFO - Started process (PID=3102) to work on /home/airflow/.local/lib/python3.7/site-packages/airflow/example_dags/example_short_circuit_operator.py
[2022-01-20 03:34:20,407] {processor.py:620} INFO - Processing file /home/airflow/.local/lib/python3.7/site-packages/airflow/example_dags/example_short_circuit_operator.py for tasks to queue
[2022-01-20 03:34:20,410] {logging_mixin.py:109} INFO - [2022-01-20 03:34:20,409] {dagbag.py:500} INFO - Filling up the DagBag from /home/airflow/.local/lib/python3.7/site-packages/airflow/example_dags/example_short_circuit_operator.py
[2022-01-20 03:34:20,619] {processor.py:632} INFO - DAG(s) dict_keys(['example_short_circuit_operator']) retrieved from /home/airflow/.local/lib/python3.7/site-packages/airflow/example_dags/example_short_circuit_operator.py
[2022-01-20 03:34:20,666] {logging_mixin.py:109} INFO - [2022-01-20 03:34:20,665] {dag.py:2389} INFO - Sync 1 DAGs
[2022-01-20 03:34:20,743] {logging_mixin.py:109} INFO - [2022-01-20 03:34:20,743] {dag.py:2914} INFO - Setting next_dagrun for example_short_circuit_operator to 2022-01-19T03:34:20.741603+00:00
[2022-01-20 03:34:20,777] {processor.py:171} INFO - Processing /home/airflow/.local/lib/python3.7/site-packages/airflow/example_dags/example_short_circuit_operator.py took 0.383 seconds
[2022-01-20 03:34:51,262] {processor.py:163} INFO - Started process (PID=3208) to work on /home/airflow/.local/lib/python3.7/site-packages/airflow/example_dags/example_short_circuit_operator.py
[2022-01-20 03:34:51,274] {processor.py:620} INFO - Processing file /home/airflow/.local/lib/python3.7/site-packages/airflow/example_dags/example_short_circuit_operator.py for tasks to queue
[2022-01-20 03:34:51,277] {logging_mixin.py:109} INFO - [2022-01-20 03:34:51,277] {dagbag.py:500} INFO - Filling up the DagBag from /home/airflow/.local/lib/python3.7/site-packages/airflow/example_dags/example_short_circuit_operator.py
[2022-01-20 03:34:51,517] {processor.py:632} INFO - DAG(s) dict_keys(['example_short_circuit_operator']) retrieved from /home/airflow/.local/lib/python3.7/site-packages/airflow/example_dags/example_short_circuit_operator.py
[2022-01-20 03:34:51,605] {logging_mixin.py:109} INFO - [2022-01-20 03:34:51,604] {dag.py:2389} INFO - Sync 1 DAGs
[2022-01-20 03:34:51,682] {logging_mixin.py:109} INFO - [2022-01-20 03:34:51,681] {dag.py:2914} INFO - Setting next_dagrun for example_short_circuit_operator to 2022-01-19T03:34:51.680223+00:00
[2022-01-20 03:34:51,711] {processor.py:171} INFO - Processing /home/airflow/.local/lib/python3.7/site-packages/airflow/example_dags/example_short_circuit_operator.py took 0.459 seconds
[2022-01-20 03:35:22,113] {processor.py:163} INFO - Started process (PID=3310) to work on /home/airflow/.local/lib/python3.7/site-packages/airflow/example_dags/example_short_circuit_operator.py
[2022-01-20 03:35:22,117] {processor.py:620} INFO - Processing file /home/airflow/.local/lib/python3.7/site-packages/airflow/example_dags/example_short_circuit_operator.py for tasks to queue
[2022-01-20 03:35:22,120] {logging_mixin.py:109} INFO - [2022-01-20 03:35:22,119] {dagbag.py:500} INFO - Filling up the DagBag from /home/airflow/.local/lib/python3.7/site-packages/airflow/example_dags/example_short_circuit_operator.py
[2022-01-20 03:35:22,310] {processor.py:632} INFO - DAG(s) dict_keys(['example_short_circuit_operator']) retrieved from /home/airflow/.local/lib/python3.7/site-packages/airflow/example_dags/example_short_circuit_operator.py
[2022-01-20 03:35:22,353] {logging_mixin.py:109} INFO - [2022-01-20 03:35:22,353] {dag.py:2389} INFO - Sync 1 DAGs
[2022-01-20 03:35:22,404] {logging_mixin.py:109} INFO - [2022-01-20 03:35:22,404] {dag.py:2914} INFO - Setting next_dagrun for example_short_circuit_operator to 2022-01-19T03:35:22.402821+00:00
[2022-01-20 03:35:22,434] {processor.py:171} INFO - Processing /home/airflow/.local/lib/python3.7/site-packages/airflow/example_dags/example_short_circuit_operator.py took 0.329 seconds
[2022-01-20 03:35:52,687] {processor.py:163} INFO - Started process (PID=3422) to work on /home/airflow/.local/lib/python3.7/site-packages/airflow/example_dags/example_short_circuit_operator.py
[2022-01-20 03:35:52,692] {processor.py:620} INFO - Processing file /home/airflow/.local/lib/python3.7/site-packages/airflow/example_dags/example_short_circuit_operator.py for tasks to queue
[2022-01-20 03:35:52,701] {logging_mixin.py:109} INFO - [2022-01-20 03:35:52,695] {dagbag.py:500} INFO - Filling up the DagBag from /home/airflow/.local/lib/python3.7/site-packages/airflow/example_dags/example_short_circuit_operator.py
[2022-01-20 03:35:52,778] {processor.py:632} INFO - DAG(s) dict_keys(['example_short_circuit_operator']) retrieved from /home/airflow/.local/lib/python3.7/site-packages/airflow/example_dags/example_short_circuit_operator.py
[2022-01-20 03:35:52,828] {logging_mixin.py:109} INFO - [2022-01-20 03:35:52,828] {dag.py:2389} INFO - Sync 1 DAGs
[2022-01-20 03:35:52,890] {logging_mixin.py:109} INFO - [2022-01-20 03:35:52,890] {dag.py:2914} INFO - Setting next_dagrun for example_short_circuit_operator to 2022-01-19T03:35:52.888331+00:00
[2022-01-20 03:35:52,938] {processor.py:171} INFO - Processing /home/airflow/.local/lib/python3.7/site-packages/airflow/example_dags/example_short_circuit_operator.py took 0.258 seconds
[2022-01-20 03:36:23,186] {processor.py:163} INFO - Started process (PID=3518) to work on /home/airflow/.local/lib/python3.7/site-packages/airflow/example_dags/example_short_circuit_operator.py
[2022-01-20 03:36:23,191] {processor.py:620} INFO - Processing file /home/airflow/.local/lib/python3.7/site-packages/airflow/example_dags/example_short_circuit_operator.py for tasks to queue
[2022-01-20 03:36:23,195] {logging_mixin.py:109} INFO - [2022-01-20 03:36:23,194] {dagbag.py:500} INFO - Filling up the DagBag from /home/airflow/.local/lib/python3.7/site-packages/airflow/example_dags/example_short_circuit_operator.py
[2022-01-20 03:36:23,269] {processor.py:632} INFO - DAG(s) dict_keys(['example_short_circuit_operator']) retrieved from /home/airflow/.local/lib/python3.7/site-packages/airflow/example_dags/example_short_circuit_operator.py
[2022-01-20 03:36:23,315] {logging_mixin.py:109} INFO - [2022-01-20 03:36:23,315] {dag.py:2389} INFO - Sync 1 DAGs
[2022-01-20 03:36:23,373] {logging_mixin.py:109} INFO - [2022-01-20 03:36:23,373] {dag.py:2914} INFO - Setting next_dagrun for example_short_circuit_operator to 2022-01-19T03:36:23.370970+00:00
[2022-01-20 03:36:23,410] {processor.py:171} INFO - Processing /home/airflow/.local/lib/python3.7/site-packages/airflow/example_dags/example_short_circuit_operator.py took 0.233 seconds
[2022-01-20 03:36:53,490] {processor.py:163} INFO - Started process (PID=3626) to work on /home/airflow/.local/lib/python3.7/site-packages/airflow/example_dags/example_short_circuit_operator.py
[2022-01-20 03:36:53,498] {processor.py:620} INFO - Processing file /home/airflow/.local/lib/python3.7/site-packages/airflow/example_dags/example_short_circuit_operator.py for tasks to queue
[2022-01-20 03:36:53,503] {logging_mixin.py:109} INFO - [2022-01-20 03:36:53,502] {dagbag.py:500} INFO - Filling up the DagBag from /home/airflow/.local/lib/python3.7/site-packages/airflow/example_dags/example_short_circuit_operator.py
[2022-01-20 03:36:53,654] {processor.py:632} INFO - DAG(s) dict_keys(['example_short_circuit_operator']) retrieved from /home/airflow/.local/lib/python3.7/site-packages/airflow/example_dags/example_short_circuit_operator.py
[2022-01-20 03:36:53,739] {logging_mixin.py:109} INFO - [2022-01-20 03:36:53,739] {dag.py:2389} INFO - Sync 1 DAGs
[2022-01-20 03:36:53,801] {logging_mixin.py:109} INFO - [2022-01-20 03:36:53,801] {dag.py:2914} INFO - Setting next_dagrun for example_short_circuit_operator to 2022-01-19T03:36:53.798882+00:00
[2022-01-20 03:36:53,833] {processor.py:171} INFO - Processing /home/airflow/.local/lib/python3.7/site-packages/airflow/example_dags/example_short_circuit_operator.py took 0.351 seconds
[2022-01-20 03:37:25,136] {processor.py:163} INFO - Started process (PID=3723) to work on /home/airflow/.local/lib/python3.7/site-packages/airflow/example_dags/example_short_circuit_operator.py
[2022-01-20 03:37:25,140] {processor.py:620} INFO - Processing file /home/airflow/.local/lib/python3.7/site-packages/airflow/example_dags/example_short_circuit_operator.py for tasks to queue
[2022-01-20 03:37:25,143] {logging_mixin.py:109} INFO - [2022-01-20 03:37:25,142] {dagbag.py:500} INFO - Filling up the DagBag from /home/airflow/.local/lib/python3.7/site-packages/airflow/example_dags/example_short_circuit_operator.py
[2022-01-20 03:37:25,217] {processor.py:632} INFO - DAG(s) dict_keys(['example_short_circuit_operator']) retrieved from /home/airflow/.local/lib/python3.7/site-packages/airflow/example_dags/example_short_circuit_operator.py
[2022-01-20 03:37:25,261] {logging_mixin.py:109} INFO - [2022-01-20 03:37:25,261] {dag.py:2389} INFO - Sync 1 DAGs
[2022-01-20 03:37:25,314] {logging_mixin.py:109} INFO - [2022-01-20 03:37:25,314] {dag.py:2914} INFO - Setting next_dagrun for example_short_circuit_operator to 2022-01-19T03:37:25.312261+00:00
[2022-01-20 03:37:25,344] {processor.py:171} INFO - Processing /home/airflow/.local/lib/python3.7/site-packages/airflow/example_dags/example_short_circuit_operator.py took 0.216 seconds
[2022-01-20 03:37:56,873] {processor.py:163} INFO - Started process (PID=3838) to work on /home/airflow/.local/lib/python3.7/site-packages/airflow/example_dags/example_short_circuit_operator.py
[2022-01-20 03:37:56,878] {processor.py:620} INFO - Processing file /home/airflow/.local/lib/python3.7/site-packages/airflow/example_dags/example_short_circuit_operator.py for tasks to queue
[2022-01-20 03:37:56,881] {logging_mixin.py:109} INFO - [2022-01-20 03:37:56,880] {dagbag.py:500} INFO - Filling up the DagBag from /home/airflow/.local/lib/python3.7/site-packages/airflow/example_dags/example_short_circuit_operator.py
[2022-01-20 03:37:56,960] {processor.py:632} INFO - DAG(s) dict_keys(['example_short_circuit_operator']) retrieved from /home/airflow/.local/lib/python3.7/site-packages/airflow/example_dags/example_short_circuit_operator.py
[2022-01-20 03:37:57,015] {logging_mixin.py:109} INFO - [2022-01-20 03:37:57,014] {dag.py:2389} INFO - Sync 1 DAGs
[2022-01-20 03:37:57,071] {logging_mixin.py:109} INFO - [2022-01-20 03:37:57,070] {dag.py:2914} INFO - Setting next_dagrun for example_short_circuit_operator to 2022-01-19T03:37:57.069072+00:00
[2022-01-20 03:37:57,111] {processor.py:171} INFO - Processing /home/airflow/.local/lib/python3.7/site-packages/airflow/example_dags/example_short_circuit_operator.py took 0.244 seconds
[2022-01-20 03:38:27,344] {processor.py:163} INFO - Started process (PID=3931) to work on /home/airflow/.local/lib/python3.7/site-packages/airflow/example_dags/example_short_circuit_operator.py
[2022-01-20 03:38:27,353] {processor.py:620} INFO - Processing file /home/airflow/.local/lib/python3.7/site-packages/airflow/example_dags/example_short_circuit_operator.py for tasks to queue
[2022-01-20 03:38:27,358] {logging_mixin.py:109} INFO - [2022-01-20 03:38:27,358] {dagbag.py:500} INFO - Filling up the DagBag from /home/airflow/.local/lib/python3.7/site-packages/airflow/example_dags/example_short_circuit_operator.py
[2022-01-20 03:38:27,471] {processor.py:632} INFO - DAG(s) dict_keys(['example_short_circuit_operator']) retrieved from /home/airflow/.local/lib/python3.7/site-packages/airflow/example_dags/example_short_circuit_operator.py
[2022-01-20 03:38:27,512] {logging_mixin.py:109} INFO - [2022-01-20 03:38:27,512] {dag.py:2389} INFO - Sync 1 DAGs
[2022-01-20 03:38:27,563] {logging_mixin.py:109} INFO - [2022-01-20 03:38:27,563] {dag.py:2914} INFO - Setting next_dagrun for example_short_circuit_operator to 2022-01-19T03:38:27.561606+00:00
[2022-01-20 03:38:27,591] {processor.py:171} INFO - Processing /home/airflow/.local/lib/python3.7/site-packages/airflow/example_dags/example_short_circuit_operator.py took 0.256 seconds
[2022-01-20 03:38:58,001] {processor.py:163} INFO - Started process (PID=4038) to work on /home/airflow/.local/lib/python3.7/site-packages/airflow/example_dags/example_short_circuit_operator.py
[2022-01-20 03:38:58,007] {processor.py:620} INFO - Processing file /home/airflow/.local/lib/python3.7/site-packages/airflow/example_dags/example_short_circuit_operator.py for tasks to queue
[2022-01-20 03:38:58,012] {logging_mixin.py:109} INFO - [2022-01-20 03:38:58,011] {dagbag.py:500} INFO - Filling up the DagBag from /home/airflow/.local/lib/python3.7/site-packages/airflow/example_dags/example_short_circuit_operator.py
[2022-01-20 03:38:58,098] {processor.py:632} INFO - DAG(s) dict_keys(['example_short_circuit_operator']) retrieved from /home/airflow/.local/lib/python3.7/site-packages/airflow/example_dags/example_short_circuit_operator.py
[2022-01-20 03:38:58,152] {logging_mixin.py:109} INFO - [2022-01-20 03:38:58,151] {dag.py:2389} INFO - Sync 1 DAGs
[2022-01-20 03:38:58,220] {logging_mixin.py:109} INFO - [2022-01-20 03:38:58,220] {dag.py:2914} INFO - Setting next_dagrun for example_short_circuit_operator to 2022-01-19T03:38:58.218079+00:00
[2022-01-20 03:38:58,253] {processor.py:171} INFO - Processing /home/airflow/.local/lib/python3.7/site-packages/airflow/example_dags/example_short_circuit_operator.py took 0.261 seconds
[2022-01-20 03:39:28,690] {processor.py:163} INFO - Started process (PID=4137) to work on /home/airflow/.local/lib/python3.7/site-packages/airflow/example_dags/example_short_circuit_operator.py
[2022-01-20 03:39:28,696] {processor.py:620} INFO - Processing file /home/airflow/.local/lib/python3.7/site-packages/airflow/example_dags/example_short_circuit_operator.py for tasks to queue
[2022-01-20 03:39:28,700] {logging_mixin.py:109} INFO - [2022-01-20 03:39:28,700] {dagbag.py:500} INFO - Filling up the DagBag from /home/airflow/.local/lib/python3.7/site-packages/airflow/example_dags/example_short_circuit_operator.py
[2022-01-20 03:39:28,770] {processor.py:632} INFO - DAG(s) dict_keys(['example_short_circuit_operator']) retrieved from /home/airflow/.local/lib/python3.7/site-packages/airflow/example_dags/example_short_circuit_operator.py
[2022-01-20 03:39:28,814] {logging_mixin.py:109} INFO - [2022-01-20 03:39:28,813] {dag.py:2389} INFO - Sync 1 DAGs
[2022-01-20 03:39:28,866] {logging_mixin.py:109} INFO - [2022-01-20 03:39:28,866] {dag.py:2914} INFO - Setting next_dagrun for example_short_circuit_operator to 2022-01-19T03:39:28.864740+00:00
[2022-01-20 03:39:28,897] {processor.py:171} INFO - Processing /home/airflow/.local/lib/python3.7/site-packages/airflow/example_dags/example_short_circuit_operator.py took 0.222 seconds
[2022-01-20 03:39:59,068] {processor.py:163} INFO - Started process (PID=4250) to work on /home/airflow/.local/lib/python3.7/site-packages/airflow/example_dags/example_short_circuit_operator.py
[2022-01-20 03:39:59,092] {processor.py:620} INFO - Processing file /home/airflow/.local/lib/python3.7/site-packages/airflow/example_dags/example_short_circuit_operator.py for tasks to queue
[2022-01-20 03:39:59,105] {logging_mixin.py:109} INFO - [2022-01-20 03:39:59,104] {dagbag.py:500} INFO - Filling up the DagBag from /home/airflow/.local/lib/python3.7/site-packages/airflow/example_dags/example_short_circuit_operator.py
[2022-01-20 03:39:59,194] {processor.py:632} INFO - DAG(s) dict_keys(['example_short_circuit_operator']) retrieved from /home/airflow/.local/lib/python3.7/site-packages/airflow/example_dags/example_short_circuit_operator.py
[2022-01-20 03:39:59,241] {logging_mixin.py:109} INFO - [2022-01-20 03:39:59,241] {dag.py:2389} INFO - Sync 1 DAGs
[2022-01-20 03:39:59,297] {logging_mixin.py:109} INFO - [2022-01-20 03:39:59,296] {dag.py:2914} INFO - Setting next_dagrun for example_short_circuit_operator to 2022-01-19T03:39:59.295129+00:00
[2022-01-20 03:39:59,352] {processor.py:171} INFO - Processing /home/airflow/.local/lib/python3.7/site-packages/airflow/example_dags/example_short_circuit_operator.py took 0.298 seconds
[2022-01-20 03:40:29,578] {processor.py:163} INFO - Started process (PID=4350) to work on /home/airflow/.local/lib/python3.7/site-packages/airflow/example_dags/example_short_circuit_operator.py
[2022-01-20 03:40:29,584] {processor.py:620} INFO - Processing file /home/airflow/.local/lib/python3.7/site-packages/airflow/example_dags/example_short_circuit_operator.py for tasks to queue
[2022-01-20 03:40:29,587] {logging_mixin.py:109} INFO - [2022-01-20 03:40:29,587] {dagbag.py:500} INFO - Filling up the DagBag from /home/airflow/.local/lib/python3.7/site-packages/airflow/example_dags/example_short_circuit_operator.py
[2022-01-20 03:40:29,655] {processor.py:632} INFO - DAG(s) dict_keys(['example_short_circuit_operator']) retrieved from /home/airflow/.local/lib/python3.7/site-packages/airflow/example_dags/example_short_circuit_operator.py
[2022-01-20 03:40:29,691] {logging_mixin.py:109} INFO - [2022-01-20 03:40:29,691] {dag.py:2389} INFO - Sync 1 DAGs
[2022-01-20 03:40:29,739] {logging_mixin.py:109} INFO - [2022-01-20 03:40:29,738] {dag.py:2914} INFO - Setting next_dagrun for example_short_circuit_operator to 2022-01-19T03:40:29.737462+00:00
[2022-01-20 03:40:29,767] {processor.py:171} INFO - Processing /home/airflow/.local/lib/python3.7/site-packages/airflow/example_dags/example_short_circuit_operator.py took 0.198 seconds
[2022-01-20 03:41:00,167] {processor.py:163} INFO - Started process (PID=4465) to work on /home/airflow/.local/lib/python3.7/site-packages/airflow/example_dags/example_short_circuit_operator.py
[2022-01-20 03:41:00,171] {processor.py:620} INFO - Processing file /home/airflow/.local/lib/python3.7/site-packages/airflow/example_dags/example_short_circuit_operator.py for tasks to queue
[2022-01-20 03:41:00,174] {logging_mixin.py:109} INFO - [2022-01-20 03:41:00,174] {dagbag.py:500} INFO - Filling up the DagBag from /home/airflow/.local/lib/python3.7/site-packages/airflow/example_dags/example_short_circuit_operator.py
[2022-01-20 03:41:00,244] {processor.py:632} INFO - DAG(s) dict_keys(['example_short_circuit_operator']) retrieved from /home/airflow/.local/lib/python3.7/site-packages/airflow/example_dags/example_short_circuit_operator.py
[2022-01-20 03:41:00,288] {logging_mixin.py:109} INFO - [2022-01-20 03:41:00,288] {dag.py:2389} INFO - Sync 1 DAGs
[2022-01-20 03:41:00,347] {logging_mixin.py:109} INFO - [2022-01-20 03:41:00,346] {dag.py:2914} INFO - Setting next_dagrun for example_short_circuit_operator to 2022-01-19T03:41:00.344928+00:00
[2022-01-20 03:41:00,400] {processor.py:171} INFO - Processing /home/airflow/.local/lib/python3.7/site-packages/airflow/example_dags/example_short_circuit_operator.py took 0.241 seconds
[2022-01-20 03:41:31,468] {processor.py:163} INFO - Started process (PID=4574) to work on /home/airflow/.local/lib/python3.7/site-packages/airflow/example_dags/example_short_circuit_operator.py
[2022-01-20 03:41:31,479] {processor.py:620} INFO - Processing file /home/airflow/.local/lib/python3.7/site-packages/airflow/example_dags/example_short_circuit_operator.py for tasks to queue
[2022-01-20 03:41:31,489] {logging_mixin.py:109} INFO - [2022-01-20 03:41:31,489] {dagbag.py:500} INFO - Filling up the DagBag from /home/airflow/.local/lib/python3.7/site-packages/airflow/example_dags/example_short_circuit_operator.py
[2022-01-20 03:41:31,577] {processor.py:632} INFO - DAG(s) dict_keys(['example_short_circuit_operator']) retrieved from /home/airflow/.local/lib/python3.7/site-packages/airflow/example_dags/example_short_circuit_operator.py
[2022-01-20 03:41:31,621] {logging_mixin.py:109} INFO - [2022-01-20 03:41:31,620] {dag.py:2389} INFO - Sync 1 DAGs
[2022-01-20 03:41:31,677] {logging_mixin.py:109} INFO - [2022-01-20 03:41:31,677] {dag.py:2914} INFO - Setting next_dagrun for example_short_circuit_operator to 2022-01-19T03:41:31.674582+00:00
[2022-01-20 03:41:31,705] {processor.py:171} INFO - Processing /home/airflow/.local/lib/python3.7/site-packages/airflow/example_dags/example_short_circuit_operator.py took 0.253 seconds
[2022-01-20 03:42:02,606] {processor.py:163} INFO - Started process (PID=4675) to work on /home/airflow/.local/lib/python3.7/site-packages/airflow/example_dags/example_short_circuit_operator.py
[2022-01-20 03:42:02,610] {processor.py:620} INFO - Processing file /home/airflow/.local/lib/python3.7/site-packages/airflow/example_dags/example_short_circuit_operator.py for tasks to queue
[2022-01-20 03:42:02,613] {logging_mixin.py:109} INFO - [2022-01-20 03:42:02,613] {dagbag.py:500} INFO - Filling up the DagBag from /home/airflow/.local/lib/python3.7/site-packages/airflow/example_dags/example_short_circuit_operator.py
[2022-01-20 03:42:02,684] {processor.py:632} INFO - DAG(s) dict_keys(['example_short_circuit_operator']) retrieved from /home/airflow/.local/lib/python3.7/site-packages/airflow/example_dags/example_short_circuit_operator.py
[2022-01-20 03:42:02,730] {logging_mixin.py:109} INFO - [2022-01-20 03:42:02,729] {dag.py:2389} INFO - Sync 1 DAGs
[2022-01-20 03:42:02,785] {logging_mixin.py:109} INFO - [2022-01-20 03:42:02,784] {dag.py:2914} INFO - Setting next_dagrun for example_short_circuit_operator to 2022-01-19T03:42:02.783192+00:00
[2022-01-20 03:42:02,817] {processor.py:171} INFO - Processing /home/airflow/.local/lib/python3.7/site-packages/airflow/example_dags/example_short_circuit_operator.py took 0.218 seconds
[2022-01-20 03:42:33,247] {processor.py:163} INFO - Started process (PID=4790) to work on /home/airflow/.local/lib/python3.7/site-packages/airflow/example_dags/example_short_circuit_operator.py
[2022-01-20 03:42:33,251] {processor.py:620} INFO - Processing file /home/airflow/.local/lib/python3.7/site-packages/airflow/example_dags/example_short_circuit_operator.py for tasks to queue
[2022-01-20 03:42:33,254] {logging_mixin.py:109} INFO - [2022-01-20 03:42:33,254] {dagbag.py:500} INFO - Filling up the DagBag from /home/airflow/.local/lib/python3.7/site-packages/airflow/example_dags/example_short_circuit_operator.py
[2022-01-20 03:42:33,334] {processor.py:632} INFO - DAG(s) dict_keys(['example_short_circuit_operator']) retrieved from /home/airflow/.local/lib/python3.7/site-packages/airflow/example_dags/example_short_circuit_operator.py
[2022-01-20 03:42:33,410] {logging_mixin.py:109} INFO - [2022-01-20 03:42:33,410] {dag.py:2389} INFO - Sync 1 DAGs
[2022-01-20 03:42:33,468] {logging_mixin.py:109} INFO - [2022-01-20 03:42:33,468] {dag.py:2914} INFO - Setting next_dagrun for example_short_circuit_operator to 2022-01-19T03:42:33.466460+00:00
[2022-01-20 03:42:33,537] {processor.py:171} INFO - Processing /home/airflow/.local/lib/python3.7/site-packages/airflow/example_dags/example_short_circuit_operator.py took 0.298 seconds
[2022-01-20 03:43:03,634] {processor.py:163} INFO - Started process (PID=4887) to work on /home/airflow/.local/lib/python3.7/site-packages/airflow/example_dags/example_short_circuit_operator.py
[2022-01-20 03:43:03,637] {processor.py:620} INFO - Processing file /home/airflow/.local/lib/python3.7/site-packages/airflow/example_dags/example_short_circuit_operator.py for tasks to queue
[2022-01-20 03:43:03,640] {logging_mixin.py:109} INFO - [2022-01-20 03:43:03,640] {dagbag.py:500} INFO - Filling up the DagBag from /home/airflow/.local/lib/python3.7/site-packages/airflow/example_dags/example_short_circuit_operator.py
[2022-01-20 03:43:03,717] {processor.py:632} INFO - DAG(s) dict_keys(['example_short_circuit_operator']) retrieved from /home/airflow/.local/lib/python3.7/site-packages/airflow/example_dags/example_short_circuit_operator.py
[2022-01-20 03:43:03,760] {logging_mixin.py:109} INFO - [2022-01-20 03:43:03,760] {dag.py:2389} INFO - Sync 1 DAGs
[2022-01-20 03:43:03,818] {logging_mixin.py:109} INFO - [2022-01-20 03:43:03,818] {dag.py:2914} INFO - Setting next_dagrun for example_short_circuit_operator to 2022-01-19T03:43:03.816281+00:00
[2022-01-20 03:43:03,848] {processor.py:171} INFO - Processing /home/airflow/.local/lib/python3.7/site-packages/airflow/example_dags/example_short_circuit_operator.py took 0.222 seconds
[2022-01-20 03:43:34,731] {processor.py:163} INFO - Started process (PID=5008) to work on /home/airflow/.local/lib/python3.7/site-packages/airflow/example_dags/example_short_circuit_operator.py
[2022-01-20 03:43:34,736] {processor.py:620} INFO - Processing file /home/airflow/.local/lib/python3.7/site-packages/airflow/example_dags/example_short_circuit_operator.py for tasks to queue
[2022-01-20 03:43:34,740] {logging_mixin.py:109} INFO - [2022-01-20 03:43:34,739] {dagbag.py:500} INFO - Filling up the DagBag from /home/airflow/.local/lib/python3.7/site-packages/airflow/example_dags/example_short_circuit_operator.py
[2022-01-20 03:43:34,816] {processor.py:632} INFO - DAG(s) dict_keys(['example_short_circuit_operator']) retrieved from /home/airflow/.local/lib/python3.7/site-packages/airflow/example_dags/example_short_circuit_operator.py
[2022-01-20 03:43:34,859] {logging_mixin.py:109} INFO - [2022-01-20 03:43:34,858] {dag.py:2389} INFO - Sync 1 DAGs
[2022-01-20 03:43:34,918] {logging_mixin.py:109} INFO - [2022-01-20 03:43:34,918] {dag.py:2914} INFO - Setting next_dagrun for example_short_circuit_operator to 2022-01-19T03:43:34.916409+00:00
[2022-01-20 03:43:34,949] {processor.py:171} INFO - Processing /home/airflow/.local/lib/python3.7/site-packages/airflow/example_dags/example_short_circuit_operator.py took 0.226 seconds
[2022-01-20 03:44:05,254] {processor.py:163} INFO - Started process (PID=5103) to work on /home/airflow/.local/lib/python3.7/site-packages/airflow/example_dags/example_short_circuit_operator.py
[2022-01-20 03:44:05,259] {processor.py:620} INFO - Processing file /home/airflow/.local/lib/python3.7/site-packages/airflow/example_dags/example_short_circuit_operator.py for tasks to queue
[2022-01-20 03:44:05,267] {logging_mixin.py:109} INFO - [2022-01-20 03:44:05,266] {dagbag.py:500} INFO - Filling up the DagBag from /home/airflow/.local/lib/python3.7/site-packages/airflow/example_dags/example_short_circuit_operator.py
[2022-01-20 03:44:05,352] {processor.py:632} INFO - DAG(s) dict_keys(['example_short_circuit_operator']) retrieved from /home/airflow/.local/lib/python3.7/site-packages/airflow/example_dags/example_short_circuit_operator.py
[2022-01-20 03:44:05,409] {logging_mixin.py:109} INFO - [2022-01-20 03:44:05,409] {dag.py:2389} INFO - Sync 1 DAGs
[2022-01-20 03:44:05,468] {logging_mixin.py:109} INFO - [2022-01-20 03:44:05,468] {dag.py:2914} INFO - Setting next_dagrun for example_short_circuit_operator to 2022-01-19T03:44:05.466130+00:00
[2022-01-20 03:44:05,505] {processor.py:171} INFO - Processing /home/airflow/.local/lib/python3.7/site-packages/airflow/example_dags/example_short_circuit_operator.py took 0.260 seconds
[2022-01-20 03:44:37,188] {processor.py:163} INFO - Started process (PID=5211) to work on /home/airflow/.local/lib/python3.7/site-packages/airflow/example_dags/example_short_circuit_operator.py
[2022-01-20 03:44:37,199] {processor.py:620} INFO - Processing file /home/airflow/.local/lib/python3.7/site-packages/airflow/example_dags/example_short_circuit_operator.py for tasks to queue
[2022-01-20 03:44:37,202] {logging_mixin.py:109} INFO - [2022-01-20 03:44:37,202] {dagbag.py:500} INFO - Filling up the DagBag from /home/airflow/.local/lib/python3.7/site-packages/airflow/example_dags/example_short_circuit_operator.py
[2022-01-20 03:44:37,283] {processor.py:632} INFO - DAG(s) dict_keys(['example_short_circuit_operator']) retrieved from /home/airflow/.local/lib/python3.7/site-packages/airflow/example_dags/example_short_circuit_operator.py
[2022-01-20 03:44:37,342] {logging_mixin.py:109} INFO - [2022-01-20 03:44:37,342] {dag.py:2389} INFO - Sync 1 DAGs
[2022-01-20 03:44:37,401] {logging_mixin.py:109} INFO - [2022-01-20 03:44:37,401] {dag.py:2914} INFO - Setting next_dagrun for example_short_circuit_operator to 2022-01-19T03:44:37.398977+00:00
[2022-01-20 03:44:37,436] {processor.py:171} INFO - Processing /home/airflow/.local/lib/python3.7/site-packages/airflow/example_dags/example_short_circuit_operator.py took 0.258 seconds
[2022-01-20 03:45:08,616] {processor.py:163} INFO - Started process (PID=5308) to work on /home/airflow/.local/lib/python3.7/site-packages/airflow/example_dags/example_short_circuit_operator.py
[2022-01-20 03:45:08,620] {processor.py:620} INFO - Processing file /home/airflow/.local/lib/python3.7/site-packages/airflow/example_dags/example_short_circuit_operator.py for tasks to queue
[2022-01-20 03:45:08,623] {logging_mixin.py:109} INFO - [2022-01-20 03:45:08,622] {dagbag.py:500} INFO - Filling up the DagBag from /home/airflow/.local/lib/python3.7/site-packages/airflow/example_dags/example_short_circuit_operator.py
[2022-01-20 03:45:08,687] {processor.py:632} INFO - DAG(s) dict_keys(['example_short_circuit_operator']) retrieved from /home/airflow/.local/lib/python3.7/site-packages/airflow/example_dags/example_short_circuit_operator.py
[2022-01-20 03:45:08,729] {logging_mixin.py:109} INFO - [2022-01-20 03:45:08,728] {dag.py:2389} INFO - Sync 1 DAGs
[2022-01-20 03:45:08,782] {logging_mixin.py:109} INFO - [2022-01-20 03:45:08,781] {dag.py:2914} INFO - Setting next_dagrun for example_short_circuit_operator to 2022-01-19T03:45:08.779969+00:00
[2022-01-20 03:45:08,807] {processor.py:171} INFO - Processing /home/airflow/.local/lib/python3.7/site-packages/airflow/example_dags/example_short_circuit_operator.py took 0.197 seconds
[2022-01-20 03:45:40,380] {processor.py:163} INFO - Started process (PID=5414) to work on /home/airflow/.local/lib/python3.7/site-packages/airflow/example_dags/example_short_circuit_operator.py
[2022-01-20 03:45:40,384] {processor.py:620} INFO - Processing file /home/airflow/.local/lib/python3.7/site-packages/airflow/example_dags/example_short_circuit_operator.py for tasks to queue
[2022-01-20 03:45:40,387] {logging_mixin.py:109} INFO - [2022-01-20 03:45:40,386] {dagbag.py:500} INFO - Filling up the DagBag from /home/airflow/.local/lib/python3.7/site-packages/airflow/example_dags/example_short_circuit_operator.py
[2022-01-20 03:45:40,467] {processor.py:632} INFO - DAG(s) dict_keys(['example_short_circuit_operator']) retrieved from /home/airflow/.local/lib/python3.7/site-packages/airflow/example_dags/example_short_circuit_operator.py
[2022-01-20 03:45:40,514] {logging_mixin.py:109} INFO - [2022-01-20 03:45:40,514] {dag.py:2389} INFO - Sync 1 DAGs
[2022-01-20 03:45:40,575] {logging_mixin.py:109} INFO - [2022-01-20 03:45:40,574] {dag.py:2914} INFO - Setting next_dagrun for example_short_circuit_operator to 2022-01-19T03:45:40.573157+00:00
[2022-01-20 03:45:40,605] {processor.py:171} INFO - Processing /home/airflow/.local/lib/python3.7/site-packages/airflow/example_dags/example_short_circuit_operator.py took 0.235 seconds
[2022-01-20 03:46:11,325] {processor.py:163} INFO - Started process (PID=5521) to work on /home/airflow/.local/lib/python3.7/site-packages/airflow/example_dags/example_short_circuit_operator.py
[2022-01-20 03:46:11,336] {processor.py:620} INFO - Processing file /home/airflow/.local/lib/python3.7/site-packages/airflow/example_dags/example_short_circuit_operator.py for tasks to queue
[2022-01-20 03:46:11,348] {logging_mixin.py:109} INFO - [2022-01-20 03:46:11,348] {dagbag.py:500} INFO - Filling up the DagBag from /home/airflow/.local/lib/python3.7/site-packages/airflow/example_dags/example_short_circuit_operator.py
[2022-01-20 03:46:11,426] {processor.py:632} INFO - DAG(s) dict_keys(['example_short_circuit_operator']) retrieved from /home/airflow/.local/lib/python3.7/site-packages/airflow/example_dags/example_short_circuit_operator.py
[2022-01-20 03:46:11,469] {logging_mixin.py:109} INFO - [2022-01-20 03:46:11,469] {dag.py:2389} INFO - Sync 1 DAGs
[2022-01-20 03:46:11,529] {logging_mixin.py:109} INFO - [2022-01-20 03:46:11,528] {dag.py:2914} INFO - Setting next_dagrun for example_short_circuit_operator to 2022-01-19T03:46:11.526936+00:00
[2022-01-20 03:46:11,572] {processor.py:171} INFO - Processing /home/airflow/.local/lib/python3.7/site-packages/airflow/example_dags/example_short_circuit_operator.py took 0.268 seconds
[2022-01-20 03:46:41,906] {processor.py:163} INFO - Started process (PID=5620) to work on /home/airflow/.local/lib/python3.7/site-packages/airflow/example_dags/example_short_circuit_operator.py
[2022-01-20 03:46:41,911] {processor.py:620} INFO - Processing file /home/airflow/.local/lib/python3.7/site-packages/airflow/example_dags/example_short_circuit_operator.py for tasks to queue
[2022-01-20 03:46:41,914] {logging_mixin.py:109} INFO - [2022-01-20 03:46:41,914] {dagbag.py:500} INFO - Filling up the DagBag from /home/airflow/.local/lib/python3.7/site-packages/airflow/example_dags/example_short_circuit_operator.py
[2022-01-20 03:46:41,998] {processor.py:632} INFO - DAG(s) dict_keys(['example_short_circuit_operator']) retrieved from /home/airflow/.local/lib/python3.7/site-packages/airflow/example_dags/example_short_circuit_operator.py
[2022-01-20 03:46:42,059] {logging_mixin.py:109} INFO - [2022-01-20 03:46:42,059] {dag.py:2389} INFO - Sync 1 DAGs
[2022-01-20 03:46:42,121] {logging_mixin.py:109} INFO - [2022-01-20 03:46:42,120] {dag.py:2914} INFO - Setting next_dagrun for example_short_circuit_operator to 2022-01-19T03:46:42.118671+00:00
[2022-01-20 03:46:42,151] {processor.py:171} INFO - Processing /home/airflow/.local/lib/python3.7/site-packages/airflow/example_dags/example_short_circuit_operator.py took 0.254 seconds
[2022-01-20 03:47:12,428] {processor.py:163} INFO - Started process (PID=5728) to work on /home/airflow/.local/lib/python3.7/site-packages/airflow/example_dags/example_short_circuit_operator.py
[2022-01-20 03:47:12,434] {processor.py:620} INFO - Processing file /home/airflow/.local/lib/python3.7/site-packages/airflow/example_dags/example_short_circuit_operator.py for tasks to queue
[2022-01-20 03:47:12,437] {logging_mixin.py:109} INFO - [2022-01-20 03:47:12,437] {dagbag.py:500} INFO - Filling up the DagBag from /home/airflow/.local/lib/python3.7/site-packages/airflow/example_dags/example_short_circuit_operator.py
[2022-01-20 03:47:12,524] {processor.py:632} INFO - DAG(s) dict_keys(['example_short_circuit_operator']) retrieved from /home/airflow/.local/lib/python3.7/site-packages/airflow/example_dags/example_short_circuit_operator.py
[2022-01-20 03:47:12,571] {logging_mixin.py:109} INFO - [2022-01-20 03:47:12,571] {dag.py:2389} INFO - Sync 1 DAGs
[2022-01-20 03:47:12,626] {logging_mixin.py:109} INFO - [2022-01-20 03:47:12,625] {dag.py:2914} INFO - Setting next_dagrun for example_short_circuit_operator to 2022-01-19T03:47:12.624033+00:00
[2022-01-20 03:47:12,655] {processor.py:171} INFO - Processing /home/airflow/.local/lib/python3.7/site-packages/airflow/example_dags/example_short_circuit_operator.py took 0.237 seconds
[2022-01-20 03:47:43,244] {processor.py:163} INFO - Started process (PID=5830) to work on /home/airflow/.local/lib/python3.7/site-packages/airflow/example_dags/example_short_circuit_operator.py
[2022-01-20 03:47:43,248] {processor.py:620} INFO - Processing file /home/airflow/.local/lib/python3.7/site-packages/airflow/example_dags/example_short_circuit_operator.py for tasks to queue
[2022-01-20 03:47:43,252] {logging_mixin.py:109} INFO - [2022-01-20 03:47:43,251] {dagbag.py:500} INFO - Filling up the DagBag from /home/airflow/.local/lib/python3.7/site-packages/airflow/example_dags/example_short_circuit_operator.py
[2022-01-20 03:47:43,331] {processor.py:632} INFO - DAG(s) dict_keys(['example_short_circuit_operator']) retrieved from /home/airflow/.local/lib/python3.7/site-packages/airflow/example_dags/example_short_circuit_operator.py
[2022-01-20 03:47:43,381] {logging_mixin.py:109} INFO - [2022-01-20 03:47:43,381] {dag.py:2389} INFO - Sync 1 DAGs
[2022-01-20 03:47:43,434] {logging_mixin.py:109} INFO - [2022-01-20 03:47:43,433] {dag.py:2914} INFO - Setting next_dagrun for example_short_circuit_operator to 2022-01-19T03:47:43.431774+00:00
[2022-01-20 03:47:43,463] {processor.py:171} INFO - Processing /home/airflow/.local/lib/python3.7/site-packages/airflow/example_dags/example_short_circuit_operator.py took 0.226 seconds
[2022-01-20 03:48:13,706] {processor.py:163} INFO - Started process (PID=5942) to work on /home/airflow/.local/lib/python3.7/site-packages/airflow/example_dags/example_short_circuit_operator.py
[2022-01-20 03:48:13,710] {processor.py:620} INFO - Processing file /home/airflow/.local/lib/python3.7/site-packages/airflow/example_dags/example_short_circuit_operator.py for tasks to queue
[2022-01-20 03:48:13,713] {logging_mixin.py:109} INFO - [2022-01-20 03:48:13,713] {dagbag.py:500} INFO - Filling up the DagBag from /home/airflow/.local/lib/python3.7/site-packages/airflow/example_dags/example_short_circuit_operator.py
[2022-01-20 03:48:13,794] {processor.py:632} INFO - DAG(s) dict_keys(['example_short_circuit_operator']) retrieved from /home/airflow/.local/lib/python3.7/site-packages/airflow/example_dags/example_short_circuit_operator.py
[2022-01-20 03:48:13,839] {logging_mixin.py:109} INFO - [2022-01-20 03:48:13,838] {dag.py:2389} INFO - Sync 1 DAGs
[2022-01-20 03:48:13,900] {logging_mixin.py:109} INFO - [2022-01-20 03:48:13,900] {dag.py:2914} INFO - Setting next_dagrun for example_short_circuit_operator to 2022-01-19T03:48:13.897805+00:00
[2022-01-20 03:48:13,937] {processor.py:171} INFO - Processing /home/airflow/.local/lib/python3.7/site-packages/airflow/example_dags/example_short_circuit_operator.py took 0.238 seconds
[2022-01-20 03:48:44,444] {processor.py:163} INFO - Started process (PID=6037) to work on /home/airflow/.local/lib/python3.7/site-packages/airflow/example_dags/example_short_circuit_operator.py
[2022-01-20 03:48:44,448] {processor.py:620} INFO - Processing file /home/airflow/.local/lib/python3.7/site-packages/airflow/example_dags/example_short_circuit_operator.py for tasks to queue
[2022-01-20 03:48:44,451] {logging_mixin.py:109} INFO - [2022-01-20 03:48:44,450] {dagbag.py:500} INFO - Filling up the DagBag from /home/airflow/.local/lib/python3.7/site-packages/airflow/example_dags/example_short_circuit_operator.py
[2022-01-20 03:48:44,519] {processor.py:632} INFO - DAG(s) dict_keys(['example_short_circuit_operator']) retrieved from /home/airflow/.local/lib/python3.7/site-packages/airflow/example_dags/example_short_circuit_operator.py
[2022-01-20 03:48:44,559] {logging_mixin.py:109} INFO - [2022-01-20 03:48:44,559] {dag.py:2389} INFO - Sync 1 DAGs
[2022-01-20 03:48:44,615] {logging_mixin.py:109} INFO - [2022-01-20 03:48:44,615] {dag.py:2914} INFO - Setting next_dagrun for example_short_circuit_operator to 2022-01-19T03:48:44.613730+00:00
[2022-01-20 03:48:44,640] {processor.py:171} INFO - Processing /home/airflow/.local/lib/python3.7/site-packages/airflow/example_dags/example_short_circuit_operator.py took 0.204 seconds
[2022-01-20 03:49:14,884] {processor.py:163} INFO - Started process (PID=6151) to work on /home/airflow/.local/lib/python3.7/site-packages/airflow/example_dags/example_short_circuit_operator.py
[2022-01-20 03:49:14,889] {processor.py:620} INFO - Processing file /home/airflow/.local/lib/python3.7/site-packages/airflow/example_dags/example_short_circuit_operator.py for tasks to queue
[2022-01-20 03:49:14,893] {logging_mixin.py:109} INFO - [2022-01-20 03:49:14,892] {dagbag.py:500} INFO - Filling up the DagBag from /home/airflow/.local/lib/python3.7/site-packages/airflow/example_dags/example_short_circuit_operator.py
[2022-01-20 03:49:14,970] {processor.py:632} INFO - DAG(s) dict_keys(['example_short_circuit_operator']) retrieved from /home/airflow/.local/lib/python3.7/site-packages/airflow/example_dags/example_short_circuit_operator.py
[2022-01-20 03:49:15,012] {logging_mixin.py:109} INFO - [2022-01-20 03:49:15,012] {dag.py:2389} INFO - Sync 1 DAGs
[2022-01-20 03:49:15,069] {logging_mixin.py:109} INFO - [2022-01-20 03:49:15,068] {dag.py:2914} INFO - Setting next_dagrun for example_short_circuit_operator to 2022-01-19T03:49:15.066628+00:00
[2022-01-20 03:49:15,103] {processor.py:171} INFO - Processing /home/airflow/.local/lib/python3.7/site-packages/airflow/example_dags/example_short_circuit_operator.py took 0.229 seconds
[2022-01-20 03:49:45,448] {processor.py:163} INFO - Started process (PID=6248) to work on /home/airflow/.local/lib/python3.7/site-packages/airflow/example_dags/example_short_circuit_operator.py
[2022-01-20 03:49:45,453] {processor.py:620} INFO - Processing file /home/airflow/.local/lib/python3.7/site-packages/airflow/example_dags/example_short_circuit_operator.py for tasks to queue
[2022-01-20 03:49:45,456] {logging_mixin.py:109} INFO - [2022-01-20 03:49:45,456] {dagbag.py:500} INFO - Filling up the DagBag from /home/airflow/.local/lib/python3.7/site-packages/airflow/example_dags/example_short_circuit_operator.py
[2022-01-20 03:49:45,537] {processor.py:632} INFO - DAG(s) dict_keys(['example_short_circuit_operator']) retrieved from /home/airflow/.local/lib/python3.7/site-packages/airflow/example_dags/example_short_circuit_operator.py
[2022-01-20 03:49:45,588] {logging_mixin.py:109} INFO - [2022-01-20 03:49:45,587] {dag.py:2389} INFO - Sync 1 DAGs
[2022-01-20 03:49:45,652] {logging_mixin.py:109} INFO - [2022-01-20 03:49:45,652] {dag.py:2914} INFO - Setting next_dagrun for example_short_circuit_operator to 2022-01-19T03:49:45.650243+00:00
[2022-01-20 03:49:45,686] {processor.py:171} INFO - Processing /home/airflow/.local/lib/python3.7/site-packages/airflow/example_dags/example_short_circuit_operator.py took 0.245 seconds
[2022-01-20 03:50:15,890] {processor.py:163} INFO - Started process (PID=6360) to work on /home/airflow/.local/lib/python3.7/site-packages/airflow/example_dags/example_short_circuit_operator.py
[2022-01-20 03:50:15,895] {processor.py:620} INFO - Processing file /home/airflow/.local/lib/python3.7/site-packages/airflow/example_dags/example_short_circuit_operator.py for tasks to queue
[2022-01-20 03:50:15,898] {logging_mixin.py:109} INFO - [2022-01-20 03:50:15,898] {dagbag.py:500} INFO - Filling up the DagBag from /home/airflow/.local/lib/python3.7/site-packages/airflow/example_dags/example_short_circuit_operator.py
[2022-01-20 03:50:15,971] {processor.py:632} INFO - DAG(s) dict_keys(['example_short_circuit_operator']) retrieved from /home/airflow/.local/lib/python3.7/site-packages/airflow/example_dags/example_short_circuit_operator.py
[2022-01-20 03:50:16,016] {logging_mixin.py:109} INFO - [2022-01-20 03:50:16,015] {dag.py:2389} INFO - Sync 1 DAGs
[2022-01-20 03:50:16,071] {logging_mixin.py:109} INFO - [2022-01-20 03:50:16,071] {dag.py:2914} INFO - Setting next_dagrun for example_short_circuit_operator to 2022-01-19T03:50:16.069123+00:00
[2022-01-20 03:50:16,103] {processor.py:171} INFO - Processing /home/airflow/.local/lib/python3.7/site-packages/airflow/example_dags/example_short_circuit_operator.py took 0.219 seconds
[2022-01-20 03:50:46,700] {processor.py:163} INFO - Started process (PID=6454) to work on /home/airflow/.local/lib/python3.7/site-packages/airflow/example_dags/example_short_circuit_operator.py
[2022-01-20 03:50:46,705] {processor.py:620} INFO - Processing file /home/airflow/.local/lib/python3.7/site-packages/airflow/example_dags/example_short_circuit_operator.py for tasks to queue
[2022-01-20 03:50:46,709] {logging_mixin.py:109} INFO - [2022-01-20 03:50:46,709] {dagbag.py:500} INFO - Filling up the DagBag from /home/airflow/.local/lib/python3.7/site-packages/airflow/example_dags/example_short_circuit_operator.py
[2022-01-20 03:50:46,793] {processor.py:632} INFO - DAG(s) dict_keys(['example_short_circuit_operator']) retrieved from /home/airflow/.local/lib/python3.7/site-packages/airflow/example_dags/example_short_circuit_operator.py
[2022-01-20 03:50:46,838] {logging_mixin.py:109} INFO - [2022-01-20 03:50:46,837] {dag.py:2389} INFO - Sync 1 DAGs
[2022-01-20 03:50:46,890] {logging_mixin.py:109} INFO - [2022-01-20 03:50:46,889] {dag.py:2914} INFO - Setting next_dagrun for example_short_circuit_operator to 2022-01-19T03:50:46.887883+00:00
[2022-01-20 03:50:46,920] {processor.py:171} INFO - Processing /home/airflow/.local/lib/python3.7/site-packages/airflow/example_dags/example_short_circuit_operator.py took 0.229 seconds
[2022-01-20 03:51:17,192] {processor.py:163} INFO - Started process (PID=6572) to work on /home/airflow/.local/lib/python3.7/site-packages/airflow/example_dags/example_short_circuit_operator.py
[2022-01-20 03:51:17,197] {processor.py:620} INFO - Processing file /home/airflow/.local/lib/python3.7/site-packages/airflow/example_dags/example_short_circuit_operator.py for tasks to queue
[2022-01-20 03:51:17,201] {logging_mixin.py:109} INFO - [2022-01-20 03:51:17,200] {dagbag.py:500} INFO - Filling up the DagBag from /home/airflow/.local/lib/python3.7/site-packages/airflow/example_dags/example_short_circuit_operator.py
[2022-01-20 03:51:17,292] {processor.py:632} INFO - DAG(s) dict_keys(['example_short_circuit_operator']) retrieved from /home/airflow/.local/lib/python3.7/site-packages/airflow/example_dags/example_short_circuit_operator.py
[2022-01-20 03:51:17,347] {logging_mixin.py:109} INFO - [2022-01-20 03:51:17,346] {dag.py:2389} INFO - Sync 1 DAGs
[2022-01-20 03:51:17,417] {logging_mixin.py:109} INFO - [2022-01-20 03:51:17,416] {dag.py:2914} INFO - Setting next_dagrun for example_short_circuit_operator to 2022-01-19T03:51:17.414056+00:00
[2022-01-20 03:51:17,451] {processor.py:171} INFO - Processing /home/airflow/.local/lib/python3.7/site-packages/airflow/example_dags/example_short_circuit_operator.py took 0.269 seconds
