[2022-01-20 03:20:26,049] {processor.py:163} INFO - Started process (PID=275) to work on /home/airflow/.local/lib/python3.7/site-packages/airflow/example_dags/example_branch_labels.py
[2022-01-20 03:20:26,065] {processor.py:620} INFO - Processing file /home/airflow/.local/lib/python3.7/site-packages/airflow/example_dags/example_branch_labels.py for tasks to queue
[2022-01-20 03:20:26,077] {logging_mixin.py:109} INFO - [2022-01-20 03:20:26,077] {dagbag.py:500} INFO - Filling up the DagBag from /home/airflow/.local/lib/python3.7/site-packages/airflow/example_dags/example_branch_labels.py
[2022-01-20 03:20:26,256] {processor.py:632} INFO - DAG(s) dict_keys(['example_branch_labels']) retrieved from /home/airflow/.local/lib/python3.7/site-packages/airflow/example_dags/example_branch_labels.py
[2022-01-20 03:20:26,376] {logging_mixin.py:109} INFO - [2022-01-20 03:20:26,375] {dag.py:2389} INFO - Sync 1 DAGs
[2022-01-20 03:20:26,524] {logging_mixin.py:109} INFO - [2022-01-20 03:20:26,524] {dag.py:2914} INFO - Setting next_dagrun for example_branch_labels to 2022-01-19 00:00:00+00:00
[2022-01-20 03:20:26,590] {processor.py:171} INFO - Processing /home/airflow/.local/lib/python3.7/site-packages/airflow/example_dags/example_branch_labels.py took 0.561 seconds
[2022-01-20 03:20:57,614] {processor.py:163} INFO - Started process (PID=389) to work on /home/airflow/.local/lib/python3.7/site-packages/airflow/example_dags/example_branch_labels.py
[2022-01-20 03:20:57,625] {processor.py:620} INFO - Processing file /home/airflow/.local/lib/python3.7/site-packages/airflow/example_dags/example_branch_labels.py for tasks to queue
[2022-01-20 03:20:57,631] {logging_mixin.py:109} INFO - [2022-01-20 03:20:57,629] {dagbag.py:500} INFO - Filling up the DagBag from /home/airflow/.local/lib/python3.7/site-packages/airflow/example_dags/example_branch_labels.py
[2022-01-20 03:20:57,790] {processor.py:632} INFO - DAG(s) dict_keys(['example_branch_labels']) retrieved from /home/airflow/.local/lib/python3.7/site-packages/airflow/example_dags/example_branch_labels.py
[2022-01-20 03:20:57,870] {logging_mixin.py:109} INFO - [2022-01-20 03:20:57,869] {dag.py:2389} INFO - Sync 1 DAGs
[2022-01-20 03:20:57,990] {logging_mixin.py:109} INFO - [2022-01-20 03:20:57,989] {dag.py:2914} INFO - Setting next_dagrun for example_branch_labels to 2022-01-19 00:00:00+00:00
[2022-01-20 03:20:58,040] {processor.py:171} INFO - Processing /home/airflow/.local/lib/python3.7/site-packages/airflow/example_dags/example_branch_labels.py took 0.444 seconds
[2022-01-20 03:21:28,140] {processor.py:163} INFO - Started process (PID=483) to work on /home/airflow/.local/lib/python3.7/site-packages/airflow/example_dags/example_branch_labels.py
[2022-01-20 03:21:28,144] {processor.py:620} INFO - Processing file /home/airflow/.local/lib/python3.7/site-packages/airflow/example_dags/example_branch_labels.py for tasks to queue
[2022-01-20 03:21:28,148] {logging_mixin.py:109} INFO - [2022-01-20 03:21:28,147] {dagbag.py:500} INFO - Filling up the DagBag from /home/airflow/.local/lib/python3.7/site-packages/airflow/example_dags/example_branch_labels.py
[2022-01-20 03:21:28,238] {processor.py:632} INFO - DAG(s) dict_keys(['example_branch_labels']) retrieved from /home/airflow/.local/lib/python3.7/site-packages/airflow/example_dags/example_branch_labels.py
[2022-01-20 03:21:28,287] {logging_mixin.py:109} INFO - [2022-01-20 03:21:28,286] {dag.py:2389} INFO - Sync 1 DAGs
[2022-01-20 03:21:28,361] {logging_mixin.py:109} INFO - [2022-01-20 03:21:28,361] {dag.py:2914} INFO - Setting next_dagrun for example_branch_labels to 2022-01-19 00:00:00+00:00
[2022-01-20 03:21:28,389] {processor.py:171} INFO - Processing /home/airflow/.local/lib/python3.7/site-packages/airflow/example_dags/example_branch_labels.py took 0.257 seconds
[2022-01-20 03:21:58,473] {processor.py:163} INFO - Started process (PID=597) to work on /home/airflow/.local/lib/python3.7/site-packages/airflow/example_dags/example_branch_labels.py
[2022-01-20 03:21:58,477] {processor.py:620} INFO - Processing file /home/airflow/.local/lib/python3.7/site-packages/airflow/example_dags/example_branch_labels.py for tasks to queue
[2022-01-20 03:21:58,488] {logging_mixin.py:109} INFO - [2022-01-20 03:21:58,488] {dagbag.py:500} INFO - Filling up the DagBag from /home/airflow/.local/lib/python3.7/site-packages/airflow/example_dags/example_branch_labels.py
[2022-01-20 03:21:58,617] {processor.py:632} INFO - DAG(s) dict_keys(['example_branch_labels']) retrieved from /home/airflow/.local/lib/python3.7/site-packages/airflow/example_dags/example_branch_labels.py
[2022-01-20 03:21:58,676] {logging_mixin.py:109} INFO - [2022-01-20 03:21:58,675] {dag.py:2389} INFO - Sync 1 DAGs
[2022-01-20 03:21:58,747] {logging_mixin.py:109} INFO - [2022-01-20 03:21:58,747] {dag.py:2914} INFO - Setting next_dagrun for example_branch_labels to 2022-01-19 00:00:00+00:00
[2022-01-20 03:21:58,773] {processor.py:171} INFO - Processing /home/airflow/.local/lib/python3.7/site-packages/airflow/example_dags/example_branch_labels.py took 0.308 seconds
[2022-01-20 03:22:29,613] {processor.py:163} INFO - Started process (PID=693) to work on /home/airflow/.local/lib/python3.7/site-packages/airflow/example_dags/example_branch_labels.py
[2022-01-20 03:22:29,617] {processor.py:620} INFO - Processing file /home/airflow/.local/lib/python3.7/site-packages/airflow/example_dags/example_branch_labels.py for tasks to queue
[2022-01-20 03:22:29,621] {logging_mixin.py:109} INFO - [2022-01-20 03:22:29,620] {dagbag.py:500} INFO - Filling up the DagBag from /home/airflow/.local/lib/python3.7/site-packages/airflow/example_dags/example_branch_labels.py
[2022-01-20 03:22:29,686] {processor.py:632} INFO - DAG(s) dict_keys(['example_branch_labels']) retrieved from /home/airflow/.local/lib/python3.7/site-packages/airflow/example_dags/example_branch_labels.py
[2022-01-20 03:22:29,721] {logging_mixin.py:109} INFO - [2022-01-20 03:22:29,721] {dag.py:2389} INFO - Sync 1 DAGs
[2022-01-20 03:22:29,779] {logging_mixin.py:109} INFO - [2022-01-20 03:22:29,779] {dag.py:2914} INFO - Setting next_dagrun for example_branch_labels to 2022-01-19 00:00:00+00:00
[2022-01-20 03:22:29,800] {processor.py:171} INFO - Processing /home/airflow/.local/lib/python3.7/site-packages/airflow/example_dags/example_branch_labels.py took 0.193 seconds
[2022-01-20 03:23:00,384] {processor.py:163} INFO - Started process (PID=801) to work on /home/airflow/.local/lib/python3.7/site-packages/airflow/example_dags/example_branch_labels.py
[2022-01-20 03:23:00,389] {processor.py:620} INFO - Processing file /home/airflow/.local/lib/python3.7/site-packages/airflow/example_dags/example_branch_labels.py for tasks to queue
[2022-01-20 03:23:00,392] {logging_mixin.py:109} INFO - [2022-01-20 03:23:00,392] {dagbag.py:500} INFO - Filling up the DagBag from /home/airflow/.local/lib/python3.7/site-packages/airflow/example_dags/example_branch_labels.py
[2022-01-20 03:23:00,470] {processor.py:632} INFO - DAG(s) dict_keys(['example_branch_labels']) retrieved from /home/airflow/.local/lib/python3.7/site-packages/airflow/example_dags/example_branch_labels.py
[2022-01-20 03:23:00,541] {logging_mixin.py:109} INFO - [2022-01-20 03:23:00,541] {dag.py:2389} INFO - Sync 1 DAGs
[2022-01-20 03:23:00,675] {logging_mixin.py:109} INFO - [2022-01-20 03:23:00,674] {dag.py:2914} INFO - Setting next_dagrun for example_branch_labels to 2022-01-19 00:00:00+00:00
[2022-01-20 03:23:00,740] {processor.py:171} INFO - Processing /home/airflow/.local/lib/python3.7/site-packages/airflow/example_dags/example_branch_labels.py took 0.363 seconds
[2022-01-20 03:23:30,841] {processor.py:163} INFO - Started process (PID=902) to work on /home/airflow/.local/lib/python3.7/site-packages/airflow/example_dags/example_branch_labels.py
[2022-01-20 03:23:30,846] {processor.py:620} INFO - Processing file /home/airflow/.local/lib/python3.7/site-packages/airflow/example_dags/example_branch_labels.py for tasks to queue
[2022-01-20 03:23:30,850] {logging_mixin.py:109} INFO - [2022-01-20 03:23:30,850] {dagbag.py:500} INFO - Filling up the DagBag from /home/airflow/.local/lib/python3.7/site-packages/airflow/example_dags/example_branch_labels.py
[2022-01-20 03:23:30,942] {processor.py:632} INFO - DAG(s) dict_keys(['example_branch_labels']) retrieved from /home/airflow/.local/lib/python3.7/site-packages/airflow/example_dags/example_branch_labels.py
[2022-01-20 03:23:30,990] {logging_mixin.py:109} INFO - [2022-01-20 03:23:30,989] {dag.py:2389} INFO - Sync 1 DAGs
[2022-01-20 03:23:31,060] {logging_mixin.py:109} INFO - [2022-01-20 03:23:31,060] {dag.py:2914} INFO - Setting next_dagrun for example_branch_labels to 2022-01-19 00:00:00+00:00
[2022-01-20 03:23:31,089] {processor.py:171} INFO - Processing /home/airflow/.local/lib/python3.7/site-packages/airflow/example_dags/example_branch_labels.py took 0.256 seconds
[2022-01-20 03:24:01,438] {processor.py:163} INFO - Started process (PID=1004) to work on /home/airflow/.local/lib/python3.7/site-packages/airflow/example_dags/example_branch_labels.py
[2022-01-20 03:24:01,442] {processor.py:620} INFO - Processing file /home/airflow/.local/lib/python3.7/site-packages/airflow/example_dags/example_branch_labels.py for tasks to queue
[2022-01-20 03:24:01,445] {logging_mixin.py:109} INFO - [2022-01-20 03:24:01,445] {dagbag.py:500} INFO - Filling up the DagBag from /home/airflow/.local/lib/python3.7/site-packages/airflow/example_dags/example_branch_labels.py
[2022-01-20 03:24:01,516] {processor.py:632} INFO - DAG(s) dict_keys(['example_branch_labels']) retrieved from /home/airflow/.local/lib/python3.7/site-packages/airflow/example_dags/example_branch_labels.py
[2022-01-20 03:24:01,559] {logging_mixin.py:109} INFO - [2022-01-20 03:24:01,558] {dag.py:2389} INFO - Sync 1 DAGs
[2022-01-20 03:24:01,626] {logging_mixin.py:109} INFO - [2022-01-20 03:24:01,625] {dag.py:2914} INFO - Setting next_dagrun for example_branch_labels to 2022-01-19 00:00:00+00:00
[2022-01-20 03:24:01,651] {processor.py:171} INFO - Processing /home/airflow/.local/lib/python3.7/site-packages/airflow/example_dags/example_branch_labels.py took 0.221 seconds
[2022-01-20 03:24:31,955] {processor.py:163} INFO - Started process (PID=1113) to work on /home/airflow/.local/lib/python3.7/site-packages/airflow/example_dags/example_branch_labels.py
[2022-01-20 03:24:31,959] {processor.py:620} INFO - Processing file /home/airflow/.local/lib/python3.7/site-packages/airflow/example_dags/example_branch_labels.py for tasks to queue
[2022-01-20 03:24:31,962] {logging_mixin.py:109} INFO - [2022-01-20 03:24:31,962] {dagbag.py:500} INFO - Filling up the DagBag from /home/airflow/.local/lib/python3.7/site-packages/airflow/example_dags/example_branch_labels.py
[2022-01-20 03:24:32,036] {processor.py:632} INFO - DAG(s) dict_keys(['example_branch_labels']) retrieved from /home/airflow/.local/lib/python3.7/site-packages/airflow/example_dags/example_branch_labels.py
[2022-01-20 03:24:32,081] {logging_mixin.py:109} INFO - [2022-01-20 03:24:32,081] {dag.py:2389} INFO - Sync 1 DAGs
[2022-01-20 03:24:32,155] {logging_mixin.py:109} INFO - [2022-01-20 03:24:32,154] {dag.py:2914} INFO - Setting next_dagrun for example_branch_labels to 2022-01-19 00:00:00+00:00
[2022-01-20 03:24:32,182] {processor.py:171} INFO - Processing /home/airflow/.local/lib/python3.7/site-packages/airflow/example_dags/example_branch_labels.py took 0.235 seconds
[2022-01-20 03:25:02,336] {processor.py:163} INFO - Started process (PID=1216) to work on /home/airflow/.local/lib/python3.7/site-packages/airflow/example_dags/example_branch_labels.py
[2022-01-20 03:25:02,339] {processor.py:620} INFO - Processing file /home/airflow/.local/lib/python3.7/site-packages/airflow/example_dags/example_branch_labels.py for tasks to queue
[2022-01-20 03:25:02,342] {logging_mixin.py:109} INFO - [2022-01-20 03:25:02,342] {dagbag.py:500} INFO - Filling up the DagBag from /home/airflow/.local/lib/python3.7/site-packages/airflow/example_dags/example_branch_labels.py
[2022-01-20 03:25:02,409] {processor.py:632} INFO - DAG(s) dict_keys(['example_branch_labels']) retrieved from /home/airflow/.local/lib/python3.7/site-packages/airflow/example_dags/example_branch_labels.py
[2022-01-20 03:25:02,449] {logging_mixin.py:109} INFO - [2022-01-20 03:25:02,448] {dag.py:2389} INFO - Sync 1 DAGs
[2022-01-20 03:25:02,512] {logging_mixin.py:109} INFO - [2022-01-20 03:25:02,512] {dag.py:2914} INFO - Setting next_dagrun for example_branch_labels to 2022-01-19 00:00:00+00:00
[2022-01-20 03:25:02,537] {processor.py:171} INFO - Processing /home/airflow/.local/lib/python3.7/site-packages/airflow/example_dags/example_branch_labels.py took 0.208 seconds
[2022-01-20 03:25:33,068] {processor.py:163} INFO - Started process (PID=1332) to work on /home/airflow/.local/lib/python3.7/site-packages/airflow/example_dags/example_branch_labels.py
[2022-01-20 03:25:33,074] {processor.py:620} INFO - Processing file /home/airflow/.local/lib/python3.7/site-packages/airflow/example_dags/example_branch_labels.py for tasks to queue
[2022-01-20 03:25:33,078] {logging_mixin.py:109} INFO - [2022-01-20 03:25:33,077] {dagbag.py:500} INFO - Filling up the DagBag from /home/airflow/.local/lib/python3.7/site-packages/airflow/example_dags/example_branch_labels.py
[2022-01-20 03:25:33,154] {processor.py:632} INFO - DAG(s) dict_keys(['example_branch_labels']) retrieved from /home/airflow/.local/lib/python3.7/site-packages/airflow/example_dags/example_branch_labels.py
[2022-01-20 03:25:33,197] {logging_mixin.py:109} INFO - [2022-01-20 03:25:33,196] {dag.py:2389} INFO - Sync 1 DAGs
[2022-01-20 03:25:33,267] {logging_mixin.py:109} INFO - [2022-01-20 03:25:33,266] {dag.py:2914} INFO - Setting next_dagrun for example_branch_labels to 2022-01-19 00:00:00+00:00
[2022-01-20 03:25:33,295] {processor.py:171} INFO - Processing /home/airflow/.local/lib/python3.7/site-packages/airflow/example_dags/example_branch_labels.py took 0.234 seconds
[2022-01-20 03:26:03,560] {processor.py:163} INFO - Started process (PID=1432) to work on /home/airflow/.local/lib/python3.7/site-packages/airflow/example_dags/example_branch_labels.py
[2022-01-20 03:26:03,564] {processor.py:620} INFO - Processing file /home/airflow/.local/lib/python3.7/site-packages/airflow/example_dags/example_branch_labels.py for tasks to queue
[2022-01-20 03:26:03,568] {logging_mixin.py:109} INFO - [2022-01-20 03:26:03,567] {dagbag.py:500} INFO - Filling up the DagBag from /home/airflow/.local/lib/python3.7/site-packages/airflow/example_dags/example_branch_labels.py
[2022-01-20 03:26:03,644] {processor.py:632} INFO - DAG(s) dict_keys(['example_branch_labels']) retrieved from /home/airflow/.local/lib/python3.7/site-packages/airflow/example_dags/example_branch_labels.py
[2022-01-20 03:26:03,688] {logging_mixin.py:109} INFO - [2022-01-20 03:26:03,687] {dag.py:2389} INFO - Sync 1 DAGs
[2022-01-20 03:26:03,761] {logging_mixin.py:109} INFO - [2022-01-20 03:26:03,761] {dag.py:2914} INFO - Setting next_dagrun for example_branch_labels to 2022-01-19 00:00:00+00:00
[2022-01-20 03:26:03,801] {processor.py:171} INFO - Processing /home/airflow/.local/lib/python3.7/site-packages/airflow/example_dags/example_branch_labels.py took 0.248 seconds
[2022-01-20 03:26:34,007] {processor.py:163} INFO - Started process (PID=1546) to work on /home/airflow/.local/lib/python3.7/site-packages/airflow/example_dags/example_branch_labels.py
[2022-01-20 03:26:34,012] {processor.py:620} INFO - Processing file /home/airflow/.local/lib/python3.7/site-packages/airflow/example_dags/example_branch_labels.py for tasks to queue
[2022-01-20 03:26:34,016] {logging_mixin.py:109} INFO - [2022-01-20 03:26:34,015] {dagbag.py:500} INFO - Filling up the DagBag from /home/airflow/.local/lib/python3.7/site-packages/airflow/example_dags/example_branch_labels.py
[2022-01-20 03:26:34,096] {processor.py:632} INFO - DAG(s) dict_keys(['example_branch_labels']) retrieved from /home/airflow/.local/lib/python3.7/site-packages/airflow/example_dags/example_branch_labels.py
[2022-01-20 03:26:34,139] {logging_mixin.py:109} INFO - [2022-01-20 03:26:34,138] {dag.py:2389} INFO - Sync 1 DAGs
[2022-01-20 03:26:34,205] {logging_mixin.py:109} INFO - [2022-01-20 03:26:34,204] {dag.py:2914} INFO - Setting next_dagrun for example_branch_labels to 2022-01-19 00:00:00+00:00
[2022-01-20 03:26:34,237] {processor.py:171} INFO - Processing /home/airflow/.local/lib/python3.7/site-packages/airflow/example_dags/example_branch_labels.py took 0.237 seconds
[2022-01-20 03:27:04,527] {processor.py:163} INFO - Started process (PID=1643) to work on /home/airflow/.local/lib/python3.7/site-packages/airflow/example_dags/example_branch_labels.py
[2022-01-20 03:27:04,532] {processor.py:620} INFO - Processing file /home/airflow/.local/lib/python3.7/site-packages/airflow/example_dags/example_branch_labels.py for tasks to queue
[2022-01-20 03:27:04,536] {logging_mixin.py:109} INFO - [2022-01-20 03:27:04,536] {dagbag.py:500} INFO - Filling up the DagBag from /home/airflow/.local/lib/python3.7/site-packages/airflow/example_dags/example_branch_labels.py
[2022-01-20 03:27:04,613] {processor.py:632} INFO - DAG(s) dict_keys(['example_branch_labels']) retrieved from /home/airflow/.local/lib/python3.7/site-packages/airflow/example_dags/example_branch_labels.py
[2022-01-20 03:27:04,656] {logging_mixin.py:109} INFO - [2022-01-20 03:27:04,656] {dag.py:2389} INFO - Sync 1 DAGs
[2022-01-20 03:27:04,726] {logging_mixin.py:109} INFO - [2022-01-20 03:27:04,726] {dag.py:2914} INFO - Setting next_dagrun for example_branch_labels to 2022-01-19 00:00:00+00:00
[2022-01-20 03:27:04,753] {processor.py:171} INFO - Processing /home/airflow/.local/lib/python3.7/site-packages/airflow/example_dags/example_branch_labels.py took 0.233 seconds
[2022-01-20 03:27:35,988] {processor.py:163} INFO - Started process (PID=1760) to work on /home/airflow/.local/lib/python3.7/site-packages/airflow/example_dags/example_branch_labels.py
[2022-01-20 03:27:35,993] {processor.py:620} INFO - Processing file /home/airflow/.local/lib/python3.7/site-packages/airflow/example_dags/example_branch_labels.py for tasks to queue
[2022-01-20 03:27:35,996] {logging_mixin.py:109} INFO - [2022-01-20 03:27:35,996] {dagbag.py:500} INFO - Filling up the DagBag from /home/airflow/.local/lib/python3.7/site-packages/airflow/example_dags/example_branch_labels.py
[2022-01-20 03:27:36,081] {processor.py:632} INFO - DAG(s) dict_keys(['example_branch_labels']) retrieved from /home/airflow/.local/lib/python3.7/site-packages/airflow/example_dags/example_branch_labels.py
[2022-01-20 03:27:36,124] {logging_mixin.py:109} INFO - [2022-01-20 03:27:36,124] {dag.py:2389} INFO - Sync 1 DAGs
[2022-01-20 03:27:36,194] {logging_mixin.py:109} INFO - [2022-01-20 03:27:36,194] {dag.py:2914} INFO - Setting next_dagrun for example_branch_labels to 2022-01-19 00:00:00+00:00
[2022-01-20 03:27:36,227] {processor.py:171} INFO - Processing /home/airflow/.local/lib/python3.7/site-packages/airflow/example_dags/example_branch_labels.py took 0.249 seconds
[2022-01-20 03:28:07,069] {processor.py:163} INFO - Started process (PID=1854) to work on /home/airflow/.local/lib/python3.7/site-packages/airflow/example_dags/example_branch_labels.py
[2022-01-20 03:28:07,073] {processor.py:620} INFO - Processing file /home/airflow/.local/lib/python3.7/site-packages/airflow/example_dags/example_branch_labels.py for tasks to queue
[2022-01-20 03:28:07,075] {logging_mixin.py:109} INFO - [2022-01-20 03:28:07,075] {dagbag.py:500} INFO - Filling up the DagBag from /home/airflow/.local/lib/python3.7/site-packages/airflow/example_dags/example_branch_labels.py
[2022-01-20 03:28:07,142] {processor.py:632} INFO - DAG(s) dict_keys(['example_branch_labels']) retrieved from /home/airflow/.local/lib/python3.7/site-packages/airflow/example_dags/example_branch_labels.py
[2022-01-20 03:28:07,183] {logging_mixin.py:109} INFO - [2022-01-20 03:28:07,182] {dag.py:2389} INFO - Sync 1 DAGs
[2022-01-20 03:28:07,247] {logging_mixin.py:109} INFO - [2022-01-20 03:28:07,246] {dag.py:2914} INFO - Setting next_dagrun for example_branch_labels to 2022-01-19 00:00:00+00:00
[2022-01-20 03:28:07,272] {processor.py:171} INFO - Processing /home/airflow/.local/lib/python3.7/site-packages/airflow/example_dags/example_branch_labels.py took 0.209 seconds
[2022-01-20 03:28:39,002] {processor.py:163} INFO - Started process (PID=1955) to work on /home/airflow/.local/lib/python3.7/site-packages/airflow/example_dags/example_branch_labels.py
[2022-01-20 03:28:39,008] {processor.py:620} INFO - Processing file /home/airflow/.local/lib/python3.7/site-packages/airflow/example_dags/example_branch_labels.py for tasks to queue
[2022-01-20 03:28:39,011] {logging_mixin.py:109} INFO - [2022-01-20 03:28:39,010] {dagbag.py:500} INFO - Filling up the DagBag from /home/airflow/.local/lib/python3.7/site-packages/airflow/example_dags/example_branch_labels.py
[2022-01-20 03:28:39,086] {processor.py:632} INFO - DAG(s) dict_keys(['example_branch_labels']) retrieved from /home/airflow/.local/lib/python3.7/site-packages/airflow/example_dags/example_branch_labels.py
[2022-01-20 03:28:39,133] {logging_mixin.py:109} INFO - [2022-01-20 03:28:39,132] {dag.py:2389} INFO - Sync 1 DAGs
[2022-01-20 03:28:39,244] {logging_mixin.py:109} INFO - [2022-01-20 03:28:39,243] {dag.py:2914} INFO - Setting next_dagrun for example_branch_labels to 2022-01-19 00:00:00+00:00
[2022-01-20 03:28:39,287] {processor.py:171} INFO - Processing /home/airflow/.local/lib/python3.7/site-packages/airflow/example_dags/example_branch_labels.py took 0.292 seconds
[2022-01-20 03:29:10,751] {processor.py:163} INFO - Started process (PID=2065) to work on /home/airflow/.local/lib/python3.7/site-packages/airflow/example_dags/example_branch_labels.py
[2022-01-20 03:29:10,763] {processor.py:620} INFO - Processing file /home/airflow/.local/lib/python3.7/site-packages/airflow/example_dags/example_branch_labels.py for tasks to queue
[2022-01-20 03:29:10,766] {logging_mixin.py:109} INFO - [2022-01-20 03:29:10,766] {dagbag.py:500} INFO - Filling up the DagBag from /home/airflow/.local/lib/python3.7/site-packages/airflow/example_dags/example_branch_labels.py
[2022-01-20 03:29:10,840] {processor.py:632} INFO - DAG(s) dict_keys(['example_branch_labels']) retrieved from /home/airflow/.local/lib/python3.7/site-packages/airflow/example_dags/example_branch_labels.py
[2022-01-20 03:29:10,887] {logging_mixin.py:109} INFO - [2022-01-20 03:29:10,886] {dag.py:2389} INFO - Sync 1 DAGs
[2022-01-20 03:29:10,955] {logging_mixin.py:109} INFO - [2022-01-20 03:29:10,954] {dag.py:2914} INFO - Setting next_dagrun for example_branch_labels to 2022-01-19 00:00:00+00:00
[2022-01-20 03:29:10,987] {processor.py:171} INFO - Processing /home/airflow/.local/lib/python3.7/site-packages/airflow/example_dags/example_branch_labels.py took 0.244 seconds
[2022-01-20 03:29:42,709] {processor.py:163} INFO - Started process (PID=2170) to work on /home/airflow/.local/lib/python3.7/site-packages/airflow/example_dags/example_branch_labels.py
[2022-01-20 03:29:42,712] {processor.py:620} INFO - Processing file /home/airflow/.local/lib/python3.7/site-packages/airflow/example_dags/example_branch_labels.py for tasks to queue
[2022-01-20 03:29:42,715] {logging_mixin.py:109} INFO - [2022-01-20 03:29:42,714] {dagbag.py:500} INFO - Filling up the DagBag from /home/airflow/.local/lib/python3.7/site-packages/airflow/example_dags/example_branch_labels.py
[2022-01-20 03:29:42,785] {processor.py:632} INFO - DAG(s) dict_keys(['example_branch_labels']) retrieved from /home/airflow/.local/lib/python3.7/site-packages/airflow/example_dags/example_branch_labels.py
[2022-01-20 03:29:42,826] {logging_mixin.py:109} INFO - [2022-01-20 03:29:42,825] {dag.py:2389} INFO - Sync 1 DAGs
[2022-01-20 03:29:42,889] {logging_mixin.py:109} INFO - [2022-01-20 03:29:42,889] {dag.py:2914} INFO - Setting next_dagrun for example_branch_labels to 2022-01-19 00:00:00+00:00
[2022-01-20 03:29:42,915] {processor.py:171} INFO - Processing /home/airflow/.local/lib/python3.7/site-packages/airflow/example_dags/example_branch_labels.py took 0.213 seconds
[2022-01-20 03:30:14,146] {processor.py:163} INFO - Started process (PID=2276) to work on /home/airflow/.local/lib/python3.7/site-packages/airflow/example_dags/example_branch_labels.py
[2022-01-20 03:30:14,162] {processor.py:620} INFO - Processing file /home/airflow/.local/lib/python3.7/site-packages/airflow/example_dags/example_branch_labels.py for tasks to queue
[2022-01-20 03:30:14,168] {logging_mixin.py:109} INFO - [2022-01-20 03:30:14,166] {dagbag.py:500} INFO - Filling up the DagBag from /home/airflow/.local/lib/python3.7/site-packages/airflow/example_dags/example_branch_labels.py
[2022-01-20 03:30:14,254] {processor.py:632} INFO - DAG(s) dict_keys(['example_branch_labels']) retrieved from /home/airflow/.local/lib/python3.7/site-packages/airflow/example_dags/example_branch_labels.py
[2022-01-20 03:30:14,298] {logging_mixin.py:109} INFO - [2022-01-20 03:30:14,297] {dag.py:2389} INFO - Sync 1 DAGs
[2022-01-20 03:30:14,383] {logging_mixin.py:109} INFO - [2022-01-20 03:30:14,383] {dag.py:2914} INFO - Setting next_dagrun for example_branch_labels to 2022-01-19 00:00:00+00:00
[2022-01-20 03:30:14,412] {processor.py:171} INFO - Processing /home/airflow/.local/lib/python3.7/site-packages/airflow/example_dags/example_branch_labels.py took 0.273 seconds
[2022-01-20 03:30:45,359] {processor.py:163} INFO - Started process (PID=2373) to work on /home/airflow/.local/lib/python3.7/site-packages/airflow/example_dags/example_branch_labels.py
[2022-01-20 03:30:45,363] {processor.py:620} INFO - Processing file /home/airflow/.local/lib/python3.7/site-packages/airflow/example_dags/example_branch_labels.py for tasks to queue
[2022-01-20 03:30:45,366] {logging_mixin.py:109} INFO - [2022-01-20 03:30:45,365] {dagbag.py:500} INFO - Filling up the DagBag from /home/airflow/.local/lib/python3.7/site-packages/airflow/example_dags/example_branch_labels.py
[2022-01-20 03:30:45,432] {processor.py:632} INFO - DAG(s) dict_keys(['example_branch_labels']) retrieved from /home/airflow/.local/lib/python3.7/site-packages/airflow/example_dags/example_branch_labels.py
[2022-01-20 03:30:45,470] {logging_mixin.py:109} INFO - [2022-01-20 03:30:45,470] {dag.py:2389} INFO - Sync 1 DAGs
[2022-01-20 03:30:45,532] {logging_mixin.py:109} INFO - [2022-01-20 03:30:45,531] {dag.py:2914} INFO - Setting next_dagrun for example_branch_labels to 2022-01-19 00:00:00+00:00
[2022-01-20 03:30:45,556] {processor.py:171} INFO - Processing /home/airflow/.local/lib/python3.7/site-packages/airflow/example_dags/example_branch_labels.py took 0.204 seconds
[2022-01-20 03:31:15,915] {processor.py:163} INFO - Started process (PID=2484) to work on /home/airflow/.local/lib/python3.7/site-packages/airflow/example_dags/example_branch_labels.py
[2022-01-20 03:31:15,919] {processor.py:620} INFO - Processing file /home/airflow/.local/lib/python3.7/site-packages/airflow/example_dags/example_branch_labels.py for tasks to queue
[2022-01-20 03:31:15,925] {logging_mixin.py:109} INFO - [2022-01-20 03:31:15,925] {dagbag.py:500} INFO - Filling up the DagBag from /home/airflow/.local/lib/python3.7/site-packages/airflow/example_dags/example_branch_labels.py
[2022-01-20 03:31:15,999] {processor.py:632} INFO - DAG(s) dict_keys(['example_branch_labels']) retrieved from /home/airflow/.local/lib/python3.7/site-packages/airflow/example_dags/example_branch_labels.py
[2022-01-20 03:31:16,043] {logging_mixin.py:109} INFO - [2022-01-20 03:31:16,043] {dag.py:2389} INFO - Sync 1 DAGs
[2022-01-20 03:31:16,111] {logging_mixin.py:109} INFO - [2022-01-20 03:31:16,110] {dag.py:2914} INFO - Setting next_dagrun for example_branch_labels to 2022-01-19 00:00:00+00:00
[2022-01-20 03:31:16,141] {processor.py:171} INFO - Processing /home/airflow/.local/lib/python3.7/site-packages/airflow/example_dags/example_branch_labels.py took 0.234 seconds
[2022-01-20 03:31:46,658] {processor.py:163} INFO - Started process (PID=2579) to work on /home/airflow/.local/lib/python3.7/site-packages/airflow/example_dags/example_branch_labels.py
[2022-01-20 03:31:46,661] {processor.py:620} INFO - Processing file /home/airflow/.local/lib/python3.7/site-packages/airflow/example_dags/example_branch_labels.py for tasks to queue
[2022-01-20 03:31:46,664] {logging_mixin.py:109} INFO - [2022-01-20 03:31:46,664] {dagbag.py:500} INFO - Filling up the DagBag from /home/airflow/.local/lib/python3.7/site-packages/airflow/example_dags/example_branch_labels.py
[2022-01-20 03:31:46,731] {processor.py:632} INFO - DAG(s) dict_keys(['example_branch_labels']) retrieved from /home/airflow/.local/lib/python3.7/site-packages/airflow/example_dags/example_branch_labels.py
[2022-01-20 03:31:46,770] {logging_mixin.py:109} INFO - [2022-01-20 03:31:46,770] {dag.py:2389} INFO - Sync 1 DAGs
[2022-01-20 03:31:46,832] {logging_mixin.py:109} INFO - [2022-01-20 03:31:46,832] {dag.py:2914} INFO - Setting next_dagrun for example_branch_labels to 2022-01-19 00:00:00+00:00
[2022-01-20 03:31:46,856] {processor.py:171} INFO - Processing /home/airflow/.local/lib/python3.7/site-packages/airflow/example_dags/example_branch_labels.py took 0.204 seconds
[2022-01-20 03:32:17,893] {processor.py:163} INFO - Started process (PID=2691) to work on /home/airflow/.local/lib/python3.7/site-packages/airflow/example_dags/example_branch_labels.py
[2022-01-20 03:32:17,900] {processor.py:620} INFO - Processing file /home/airflow/.local/lib/python3.7/site-packages/airflow/example_dags/example_branch_labels.py for tasks to queue
[2022-01-20 03:32:17,904] {logging_mixin.py:109} INFO - [2022-01-20 03:32:17,903] {dagbag.py:500} INFO - Filling up the DagBag from /home/airflow/.local/lib/python3.7/site-packages/airflow/example_dags/example_branch_labels.py
[2022-01-20 03:32:18,042] {processor.py:632} INFO - DAG(s) dict_keys(['example_branch_labels']) retrieved from /home/airflow/.local/lib/python3.7/site-packages/airflow/example_dags/example_branch_labels.py
[2022-01-20 03:32:18,086] {logging_mixin.py:109} INFO - [2022-01-20 03:32:18,085] {dag.py:2389} INFO - Sync 1 DAGs
[2022-01-20 03:32:18,332] {logging_mixin.py:109} INFO - [2022-01-20 03:32:18,332] {dag.py:2914} INFO - Setting next_dagrun for example_branch_labels to 2022-01-19 00:00:00+00:00
[2022-01-20 03:32:18,358] {processor.py:171} INFO - Processing /home/airflow/.local/lib/python3.7/site-packages/airflow/example_dags/example_branch_labels.py took 0.473 seconds
[2022-01-20 03:32:49,010] {processor.py:163} INFO - Started process (PID=2786) to work on /home/airflow/.local/lib/python3.7/site-packages/airflow/example_dags/example_branch_labels.py
[2022-01-20 03:32:49,013] {processor.py:620} INFO - Processing file /home/airflow/.local/lib/python3.7/site-packages/airflow/example_dags/example_branch_labels.py for tasks to queue
[2022-01-20 03:32:49,016] {logging_mixin.py:109} INFO - [2022-01-20 03:32:49,016] {dagbag.py:500} INFO - Filling up the DagBag from /home/airflow/.local/lib/python3.7/site-packages/airflow/example_dags/example_branch_labels.py
[2022-01-20 03:32:49,074] {processor.py:632} INFO - DAG(s) dict_keys(['example_branch_labels']) retrieved from /home/airflow/.local/lib/python3.7/site-packages/airflow/example_dags/example_branch_labels.py
[2022-01-20 03:32:49,112] {logging_mixin.py:109} INFO - [2022-01-20 03:32:49,111] {dag.py:2389} INFO - Sync 1 DAGs
[2022-01-20 03:32:49,276] {logging_mixin.py:109} INFO - [2022-01-20 03:32:49,275] {dag.py:2914} INFO - Setting next_dagrun for example_branch_labels to 2022-01-19 00:00:00+00:00
[2022-01-20 03:32:49,296] {processor.py:171} INFO - Processing /home/airflow/.local/lib/python3.7/site-packages/airflow/example_dags/example_branch_labels.py took 0.293 seconds
[2022-01-20 03:33:19,776] {processor.py:163} INFO - Started process (PID=2901) to work on /home/airflow/.local/lib/python3.7/site-packages/airflow/example_dags/example_branch_labels.py
[2022-01-20 03:33:19,780] {processor.py:620} INFO - Processing file /home/airflow/.local/lib/python3.7/site-packages/airflow/example_dags/example_branch_labels.py for tasks to queue
[2022-01-20 03:33:19,783] {logging_mixin.py:109} INFO - [2022-01-20 03:33:19,783] {dagbag.py:500} INFO - Filling up the DagBag from /home/airflow/.local/lib/python3.7/site-packages/airflow/example_dags/example_branch_labels.py
[2022-01-20 03:33:19,869] {processor.py:632} INFO - DAG(s) dict_keys(['example_branch_labels']) retrieved from /home/airflow/.local/lib/python3.7/site-packages/airflow/example_dags/example_branch_labels.py
[2022-01-20 03:33:19,913] {logging_mixin.py:109} INFO - [2022-01-20 03:33:19,913] {dag.py:2389} INFO - Sync 1 DAGs
[2022-01-20 03:33:20,127] {logging_mixin.py:109} INFO - [2022-01-20 03:33:20,126] {dag.py:2914} INFO - Setting next_dagrun for example_branch_labels to 2022-01-19 00:00:00+00:00
[2022-01-20 03:33:20,181] {processor.py:171} INFO - Processing /home/airflow/.local/lib/python3.7/site-packages/airflow/example_dags/example_branch_labels.py took 0.413 seconds
[2022-01-20 03:33:50,441] {processor.py:163} INFO - Started process (PID=2995) to work on /home/airflow/.local/lib/python3.7/site-packages/airflow/example_dags/example_branch_labels.py
[2022-01-20 03:33:50,452] {processor.py:620} INFO - Processing file /home/airflow/.local/lib/python3.7/site-packages/airflow/example_dags/example_branch_labels.py for tasks to queue
[2022-01-20 03:33:50,457] {logging_mixin.py:109} INFO - [2022-01-20 03:33:50,457] {dagbag.py:500} INFO - Filling up the DagBag from /home/airflow/.local/lib/python3.7/site-packages/airflow/example_dags/example_branch_labels.py
[2022-01-20 03:33:50,536] {processor.py:632} INFO - DAG(s) dict_keys(['example_branch_labels']) retrieved from /home/airflow/.local/lib/python3.7/site-packages/airflow/example_dags/example_branch_labels.py
[2022-01-20 03:33:50,719] {logging_mixin.py:109} INFO - [2022-01-20 03:33:50,718] {dag.py:2389} INFO - Sync 1 DAGs
[2022-01-20 03:33:50,793] {logging_mixin.py:109} INFO - [2022-01-20 03:33:50,793] {dag.py:2914} INFO - Setting next_dagrun for example_branch_labels to 2022-01-19 00:00:00+00:00
[2022-01-20 03:33:50,820] {processor.py:171} INFO - Processing /home/airflow/.local/lib/python3.7/site-packages/airflow/example_dags/example_branch_labels.py took 0.391 seconds
[2022-01-20 03:34:21,805] {processor.py:163} INFO - Started process (PID=3108) to work on /home/airflow/.local/lib/python3.7/site-packages/airflow/example_dags/example_branch_labels.py
[2022-01-20 03:34:21,809] {processor.py:620} INFO - Processing file /home/airflow/.local/lib/python3.7/site-packages/airflow/example_dags/example_branch_labels.py for tasks to queue
[2022-01-20 03:34:21,811] {logging_mixin.py:109} INFO - [2022-01-20 03:34:21,811] {dagbag.py:500} INFO - Filling up the DagBag from /home/airflow/.local/lib/python3.7/site-packages/airflow/example_dags/example_branch_labels.py
[2022-01-20 03:34:21,883] {processor.py:632} INFO - DAG(s) dict_keys(['example_branch_labels']) retrieved from /home/airflow/.local/lib/python3.7/site-packages/airflow/example_dags/example_branch_labels.py
[2022-01-20 03:34:22,037] {logging_mixin.py:109} INFO - [2022-01-20 03:34:22,036] {dag.py:2389} INFO - Sync 1 DAGs
[2022-01-20 03:34:22,105] {logging_mixin.py:109} INFO - [2022-01-20 03:34:22,104] {dag.py:2914} INFO - Setting next_dagrun for example_branch_labels to 2022-01-19 00:00:00+00:00
[2022-01-20 03:34:22,131] {processor.py:171} INFO - Processing /home/airflow/.local/lib/python3.7/site-packages/airflow/example_dags/example_branch_labels.py took 0.335 seconds
[2022-01-20 03:34:52,699] {processor.py:163} INFO - Started process (PID=3220) to work on /home/airflow/.local/lib/python3.7/site-packages/airflow/example_dags/example_branch_labels.py
[2022-01-20 03:34:52,703] {processor.py:620} INFO - Processing file /home/airflow/.local/lib/python3.7/site-packages/airflow/example_dags/example_branch_labels.py for tasks to queue
[2022-01-20 03:34:52,707] {logging_mixin.py:109} INFO - [2022-01-20 03:34:52,707] {dagbag.py:500} INFO - Filling up the DagBag from /home/airflow/.local/lib/python3.7/site-packages/airflow/example_dags/example_branch_labels.py
[2022-01-20 03:34:52,908] {processor.py:632} INFO - DAG(s) dict_keys(['example_branch_labels']) retrieved from /home/airflow/.local/lib/python3.7/site-packages/airflow/example_dags/example_branch_labels.py
[2022-01-20 03:34:52,948] {logging_mixin.py:109} INFO - [2022-01-20 03:34:52,948] {dag.py:2389} INFO - Sync 1 DAGs
[2022-01-20 03:34:53,015] {logging_mixin.py:109} INFO - [2022-01-20 03:34:53,014] {dag.py:2914} INFO - Setting next_dagrun for example_branch_labels to 2022-01-19 00:00:00+00:00
[2022-01-20 03:34:53,041] {processor.py:171} INFO - Processing /home/airflow/.local/lib/python3.7/site-packages/airflow/example_dags/example_branch_labels.py took 0.349 seconds
[2022-01-20 03:35:23,540] {processor.py:163} INFO - Started process (PID=3316) to work on /home/airflow/.local/lib/python3.7/site-packages/airflow/example_dags/example_branch_labels.py
[2022-01-20 03:35:23,547] {processor.py:620} INFO - Processing file /home/airflow/.local/lib/python3.7/site-packages/airflow/example_dags/example_branch_labels.py for tasks to queue
[2022-01-20 03:35:23,551] {logging_mixin.py:109} INFO - [2022-01-20 03:35:23,551] {dagbag.py:500} INFO - Filling up the DagBag from /home/airflow/.local/lib/python3.7/site-packages/airflow/example_dags/example_branch_labels.py
[2022-01-20 03:35:23,751] {processor.py:632} INFO - DAG(s) dict_keys(['example_branch_labels']) retrieved from /home/airflow/.local/lib/python3.7/site-packages/airflow/example_dags/example_branch_labels.py
[2022-01-20 03:35:23,794] {logging_mixin.py:109} INFO - [2022-01-20 03:35:23,793] {dag.py:2389} INFO - Sync 1 DAGs
[2022-01-20 03:35:23,860] {logging_mixin.py:109} INFO - [2022-01-20 03:35:23,860] {dag.py:2914} INFO - Setting next_dagrun for example_branch_labels to 2022-01-19 00:00:00+00:00
[2022-01-20 03:35:23,888] {processor.py:171} INFO - Processing /home/airflow/.local/lib/python3.7/site-packages/airflow/example_dags/example_branch_labels.py took 0.355 seconds
[2022-01-20 03:35:53,972] {processor.py:163} INFO - Started process (PID=3428) to work on /home/airflow/.local/lib/python3.7/site-packages/airflow/example_dags/example_branch_labels.py
[2022-01-20 03:35:53,977] {processor.py:620} INFO - Processing file /home/airflow/.local/lib/python3.7/site-packages/airflow/example_dags/example_branch_labels.py for tasks to queue
[2022-01-20 03:35:53,980] {logging_mixin.py:109} INFO - [2022-01-20 03:35:53,980] {dagbag.py:500} INFO - Filling up the DagBag from /home/airflow/.local/lib/python3.7/site-packages/airflow/example_dags/example_branch_labels.py
[2022-01-20 03:35:54,056] {processor.py:632} INFO - DAG(s) dict_keys(['example_branch_labels']) retrieved from /home/airflow/.local/lib/python3.7/site-packages/airflow/example_dags/example_branch_labels.py
[2022-01-20 03:35:54,103] {logging_mixin.py:109} INFO - [2022-01-20 03:35:54,102] {dag.py:2389} INFO - Sync 1 DAGs
[2022-01-20 03:35:54,240] {logging_mixin.py:109} INFO - [2022-01-20 03:35:54,229] {dag.py:2914} INFO - Setting next_dagrun for example_branch_labels to 2022-01-19 00:00:00+00:00
[2022-01-20 03:35:54,284] {processor.py:171} INFO - Processing /home/airflow/.local/lib/python3.7/site-packages/airflow/example_dags/example_branch_labels.py took 0.320 seconds
[2022-01-20 03:36:24,431] {processor.py:163} INFO - Started process (PID=3524) to work on /home/airflow/.local/lib/python3.7/site-packages/airflow/example_dags/example_branch_labels.py
[2022-01-20 03:36:24,435] {processor.py:620} INFO - Processing file /home/airflow/.local/lib/python3.7/site-packages/airflow/example_dags/example_branch_labels.py for tasks to queue
[2022-01-20 03:36:24,438] {logging_mixin.py:109} INFO - [2022-01-20 03:36:24,437] {dagbag.py:500} INFO - Filling up the DagBag from /home/airflow/.local/lib/python3.7/site-packages/airflow/example_dags/example_branch_labels.py
[2022-01-20 03:36:24,505] {processor.py:632} INFO - DAG(s) dict_keys(['example_branch_labels']) retrieved from /home/airflow/.local/lib/python3.7/site-packages/airflow/example_dags/example_branch_labels.py
[2022-01-20 03:36:24,551] {logging_mixin.py:109} INFO - [2022-01-20 03:36:24,550] {dag.py:2389} INFO - Sync 1 DAGs
[2022-01-20 03:36:24,629] {logging_mixin.py:109} INFO - [2022-01-20 03:36:24,628] {dag.py:2914} INFO - Setting next_dagrun for example_branch_labels to 2022-01-19 00:00:00+00:00
[2022-01-20 03:36:24,654] {processor.py:171} INFO - Processing /home/airflow/.local/lib/python3.7/site-packages/airflow/example_dags/example_branch_labels.py took 0.230 seconds
[2022-01-20 03:36:55,206] {processor.py:163} INFO - Started process (PID=3634) to work on /home/airflow/.local/lib/python3.7/site-packages/airflow/example_dags/example_branch_labels.py
[2022-01-20 03:36:55,212] {processor.py:620} INFO - Processing file /home/airflow/.local/lib/python3.7/site-packages/airflow/example_dags/example_branch_labels.py for tasks to queue
[2022-01-20 03:36:55,216] {logging_mixin.py:109} INFO - [2022-01-20 03:36:55,216] {dagbag.py:500} INFO - Filling up the DagBag from /home/airflow/.local/lib/python3.7/site-packages/airflow/example_dags/example_branch_labels.py
[2022-01-20 03:36:55,302] {processor.py:632} INFO - DAG(s) dict_keys(['example_branch_labels']) retrieved from /home/airflow/.local/lib/python3.7/site-packages/airflow/example_dags/example_branch_labels.py
[2022-01-20 03:36:55,344] {logging_mixin.py:109} INFO - [2022-01-20 03:36:55,343] {dag.py:2389} INFO - Sync 1 DAGs
[2022-01-20 03:36:55,413] {logging_mixin.py:109} INFO - [2022-01-20 03:36:55,412] {dag.py:2914} INFO - Setting next_dagrun for example_branch_labels to 2022-01-19 00:00:00+00:00
[2022-01-20 03:36:55,441] {processor.py:171} INFO - Processing /home/airflow/.local/lib/python3.7/site-packages/airflow/example_dags/example_branch_labels.py took 0.245 seconds
[2022-01-20 03:37:25,869] {processor.py:163} INFO - Started process (PID=3729) to work on /home/airflow/.local/lib/python3.7/site-packages/airflow/example_dags/example_branch_labels.py
[2022-01-20 03:37:25,873] {processor.py:620} INFO - Processing file /home/airflow/.local/lib/python3.7/site-packages/airflow/example_dags/example_branch_labels.py for tasks to queue
[2022-01-20 03:37:25,876] {logging_mixin.py:109} INFO - [2022-01-20 03:37:25,876] {dagbag.py:500} INFO - Filling up the DagBag from /home/airflow/.local/lib/python3.7/site-packages/airflow/example_dags/example_branch_labels.py
[2022-01-20 03:37:25,946] {processor.py:632} INFO - DAG(s) dict_keys(['example_branch_labels']) retrieved from /home/airflow/.local/lib/python3.7/site-packages/airflow/example_dags/example_branch_labels.py
[2022-01-20 03:37:25,989] {logging_mixin.py:109} INFO - [2022-01-20 03:37:25,988] {dag.py:2389} INFO - Sync 1 DAGs
[2022-01-20 03:37:26,054] {logging_mixin.py:109} INFO - [2022-01-20 03:37:26,054] {dag.py:2914} INFO - Setting next_dagrun for example_branch_labels to 2022-01-19 00:00:00+00:00
[2022-01-20 03:37:26,079] {processor.py:171} INFO - Processing /home/airflow/.local/lib/python3.7/site-packages/airflow/example_dags/example_branch_labels.py took 0.218 seconds
[2022-01-20 03:37:59,127] {processor.py:163} INFO - Started process (PID=3846) to work on /home/airflow/.local/lib/python3.7/site-packages/airflow/example_dags/example_branch_labels.py
[2022-01-20 03:37:59,131] {processor.py:620} INFO - Processing file /home/airflow/.local/lib/python3.7/site-packages/airflow/example_dags/example_branch_labels.py for tasks to queue
[2022-01-20 03:37:59,135] {logging_mixin.py:109} INFO - [2022-01-20 03:37:59,135] {dagbag.py:500} INFO - Filling up the DagBag from /home/airflow/.local/lib/python3.7/site-packages/airflow/example_dags/example_branch_labels.py
[2022-01-20 03:37:59,213] {processor.py:632} INFO - DAG(s) dict_keys(['example_branch_labels']) retrieved from /home/airflow/.local/lib/python3.7/site-packages/airflow/example_dags/example_branch_labels.py
[2022-01-20 03:37:59,264] {logging_mixin.py:109} INFO - [2022-01-20 03:37:59,263] {dag.py:2389} INFO - Sync 1 DAGs
[2022-01-20 03:37:59,329] {logging_mixin.py:109} INFO - [2022-01-20 03:37:59,328] {dag.py:2914} INFO - Setting next_dagrun for example_branch_labels to 2022-01-19 00:00:00+00:00
[2022-01-20 03:37:59,358] {processor.py:171} INFO - Processing /home/airflow/.local/lib/python3.7/site-packages/airflow/example_dags/example_branch_labels.py took 0.240 seconds
[2022-01-20 03:38:30,841] {processor.py:163} INFO - Started process (PID=3956) to work on /home/airflow/.local/lib/python3.7/site-packages/airflow/example_dags/example_branch_labels.py
[2022-01-20 03:38:30,846] {processor.py:620} INFO - Processing file /home/airflow/.local/lib/python3.7/site-packages/airflow/example_dags/example_branch_labels.py for tasks to queue
[2022-01-20 03:38:30,849] {logging_mixin.py:109} INFO - [2022-01-20 03:38:30,849] {dagbag.py:500} INFO - Filling up the DagBag from /home/airflow/.local/lib/python3.7/site-packages/airflow/example_dags/example_branch_labels.py
[2022-01-20 03:38:30,921] {processor.py:632} INFO - DAG(s) dict_keys(['example_branch_labels']) retrieved from /home/airflow/.local/lib/python3.7/site-packages/airflow/example_dags/example_branch_labels.py
[2022-01-20 03:38:30,966] {logging_mixin.py:109} INFO - [2022-01-20 03:38:30,965] {dag.py:2389} INFO - Sync 1 DAGs
[2022-01-20 03:38:31,032] {logging_mixin.py:109} INFO - [2022-01-20 03:38:31,031] {dag.py:2914} INFO - Setting next_dagrun for example_branch_labels to 2022-01-19 00:00:00+00:00
[2022-01-20 03:38:31,057] {processor.py:171} INFO - Processing /home/airflow/.local/lib/python3.7/site-packages/airflow/example_dags/example_branch_labels.py took 0.227 seconds
[2022-01-20 03:39:02,577] {processor.py:163} INFO - Started process (PID=4052) to work on /home/airflow/.local/lib/python3.7/site-packages/airflow/example_dags/example_branch_labels.py
[2022-01-20 03:39:02,581] {processor.py:620} INFO - Processing file /home/airflow/.local/lib/python3.7/site-packages/airflow/example_dags/example_branch_labels.py for tasks to queue
[2022-01-20 03:39:02,583] {logging_mixin.py:109} INFO - [2022-01-20 03:39:02,583] {dagbag.py:500} INFO - Filling up the DagBag from /home/airflow/.local/lib/python3.7/site-packages/airflow/example_dags/example_branch_labels.py
[2022-01-20 03:39:02,658] {processor.py:632} INFO - DAG(s) dict_keys(['example_branch_labels']) retrieved from /home/airflow/.local/lib/python3.7/site-packages/airflow/example_dags/example_branch_labels.py
[2022-01-20 03:39:02,713] {logging_mixin.py:109} INFO - [2022-01-20 03:39:02,713] {dag.py:2389} INFO - Sync 1 DAGs
[2022-01-20 03:39:02,780] {logging_mixin.py:109} INFO - [2022-01-20 03:39:02,779] {dag.py:2914} INFO - Setting next_dagrun for example_branch_labels to 2022-01-19 00:00:00+00:00
[2022-01-20 03:39:02,806] {processor.py:171} INFO - Processing /home/airflow/.local/lib/python3.7/site-packages/airflow/example_dags/example_branch_labels.py took 0.236 seconds
[2022-01-20 03:39:34,506] {processor.py:163} INFO - Started process (PID=4168) to work on /home/airflow/.local/lib/python3.7/site-packages/airflow/example_dags/example_branch_labels.py
[2022-01-20 03:39:34,512] {processor.py:620} INFO - Processing file /home/airflow/.local/lib/python3.7/site-packages/airflow/example_dags/example_branch_labels.py for tasks to queue
[2022-01-20 03:39:34,518] {logging_mixin.py:109} INFO - [2022-01-20 03:39:34,517] {dagbag.py:500} INFO - Filling up the DagBag from /home/airflow/.local/lib/python3.7/site-packages/airflow/example_dags/example_branch_labels.py
[2022-01-20 03:39:34,600] {processor.py:632} INFO - DAG(s) dict_keys(['example_branch_labels']) retrieved from /home/airflow/.local/lib/python3.7/site-packages/airflow/example_dags/example_branch_labels.py
[2022-01-20 03:39:34,650] {logging_mixin.py:109} INFO - [2022-01-20 03:39:34,650] {dag.py:2389} INFO - Sync 1 DAGs
[2022-01-20 03:39:34,721] {logging_mixin.py:109} INFO - [2022-01-20 03:39:34,720] {dag.py:2914} INFO - Setting next_dagrun for example_branch_labels to 2022-01-19 00:00:00+00:00
[2022-01-20 03:39:34,753] {processor.py:171} INFO - Processing /home/airflow/.local/lib/python3.7/site-packages/airflow/example_dags/example_branch_labels.py took 0.255 seconds
[2022-01-20 03:40:04,902] {processor.py:163} INFO - Started process (PID=4258) to work on /home/airflow/.local/lib/python3.7/site-packages/airflow/example_dags/example_branch_labels.py
[2022-01-20 03:40:04,906] {processor.py:620} INFO - Processing file /home/airflow/.local/lib/python3.7/site-packages/airflow/example_dags/example_branch_labels.py for tasks to queue
[2022-01-20 03:40:04,909] {logging_mixin.py:109} INFO - [2022-01-20 03:40:04,909] {dagbag.py:500} INFO - Filling up the DagBag from /home/airflow/.local/lib/python3.7/site-packages/airflow/example_dags/example_branch_labels.py
[2022-01-20 03:40:04,978] {processor.py:632} INFO - DAG(s) dict_keys(['example_branch_labels']) retrieved from /home/airflow/.local/lib/python3.7/site-packages/airflow/example_dags/example_branch_labels.py
[2022-01-20 03:40:05,019] {logging_mixin.py:109} INFO - [2022-01-20 03:40:05,019] {dag.py:2389} INFO - Sync 1 DAGs
[2022-01-20 03:40:05,082] {logging_mixin.py:109} INFO - [2022-01-20 03:40:05,082] {dag.py:2914} INFO - Setting next_dagrun for example_branch_labels to 2022-01-19 00:00:00+00:00
[2022-01-20 03:40:05,107] {processor.py:171} INFO - Processing /home/airflow/.local/lib/python3.7/site-packages/airflow/example_dags/example_branch_labels.py took 0.211 seconds
[2022-01-20 03:40:35,914] {processor.py:163} INFO - Started process (PID=4373) to work on /home/airflow/.local/lib/python3.7/site-packages/airflow/example_dags/example_branch_labels.py
[2022-01-20 03:40:35,928] {processor.py:620} INFO - Processing file /home/airflow/.local/lib/python3.7/site-packages/airflow/example_dags/example_branch_labels.py for tasks to queue
[2022-01-20 03:40:35,932] {logging_mixin.py:109} INFO - [2022-01-20 03:40:35,931] {dagbag.py:500} INFO - Filling up the DagBag from /home/airflow/.local/lib/python3.7/site-packages/airflow/example_dags/example_branch_labels.py
[2022-01-20 03:40:36,006] {processor.py:632} INFO - DAG(s) dict_keys(['example_branch_labels']) retrieved from /home/airflow/.local/lib/python3.7/site-packages/airflow/example_dags/example_branch_labels.py
[2022-01-20 03:40:36,049] {logging_mixin.py:109} INFO - [2022-01-20 03:40:36,049] {dag.py:2389} INFO - Sync 1 DAGs
[2022-01-20 03:40:36,146] {logging_mixin.py:109} INFO - [2022-01-20 03:40:36,146] {dag.py:2914} INFO - Setting next_dagrun for example_branch_labels to 2022-01-19 00:00:00+00:00
[2022-01-20 03:40:36,171] {processor.py:171} INFO - Processing /home/airflow/.local/lib/python3.7/site-packages/airflow/example_dags/example_branch_labels.py took 0.271 seconds
[2022-01-20 03:41:06,576] {processor.py:163} INFO - Started process (PID=4471) to work on /home/airflow/.local/lib/python3.7/site-packages/airflow/example_dags/example_branch_labels.py
[2022-01-20 03:41:06,581] {processor.py:620} INFO - Processing file /home/airflow/.local/lib/python3.7/site-packages/airflow/example_dags/example_branch_labels.py for tasks to queue
[2022-01-20 03:41:06,584] {logging_mixin.py:109} INFO - [2022-01-20 03:41:06,583] {dagbag.py:500} INFO - Filling up the DagBag from /home/airflow/.local/lib/python3.7/site-packages/airflow/example_dags/example_branch_labels.py
[2022-01-20 03:41:06,650] {processor.py:632} INFO - DAG(s) dict_keys(['example_branch_labels']) retrieved from /home/airflow/.local/lib/python3.7/site-packages/airflow/example_dags/example_branch_labels.py
[2022-01-20 03:41:06,688] {logging_mixin.py:109} INFO - [2022-01-20 03:41:06,688] {dag.py:2389} INFO - Sync 1 DAGs
[2022-01-20 03:41:06,753] {logging_mixin.py:109} INFO - [2022-01-20 03:41:06,752] {dag.py:2914} INFO - Setting next_dagrun for example_branch_labels to 2022-01-19 00:00:00+00:00
[2022-01-20 03:41:06,775] {processor.py:171} INFO - Processing /home/airflow/.local/lib/python3.7/site-packages/airflow/example_dags/example_branch_labels.py took 0.206 seconds
[2022-01-20 03:41:37,092] {processor.py:163} INFO - Started process (PID=4586) to work on /home/airflow/.local/lib/python3.7/site-packages/airflow/example_dags/example_branch_labels.py
[2022-01-20 03:41:37,096] {processor.py:620} INFO - Processing file /home/airflow/.local/lib/python3.7/site-packages/airflow/example_dags/example_branch_labels.py for tasks to queue
[2022-01-20 03:41:37,100] {logging_mixin.py:109} INFO - [2022-01-20 03:41:37,100] {dagbag.py:500} INFO - Filling up the DagBag from /home/airflow/.local/lib/python3.7/site-packages/airflow/example_dags/example_branch_labels.py
[2022-01-20 03:41:37,179] {processor.py:632} INFO - DAG(s) dict_keys(['example_branch_labels']) retrieved from /home/airflow/.local/lib/python3.7/site-packages/airflow/example_dags/example_branch_labels.py
[2022-01-20 03:41:37,222] {logging_mixin.py:109} INFO - [2022-01-20 03:41:37,222] {dag.py:2389} INFO - Sync 1 DAGs
[2022-01-20 03:41:37,293] {logging_mixin.py:109} INFO - [2022-01-20 03:41:37,292] {dag.py:2914} INFO - Setting next_dagrun for example_branch_labels to 2022-01-19 00:00:00+00:00
[2022-01-20 03:41:37,326] {processor.py:171} INFO - Processing /home/airflow/.local/lib/python3.7/site-packages/airflow/example_dags/example_branch_labels.py took 0.242 seconds
[2022-01-20 03:42:07,954] {processor.py:163} INFO - Started process (PID=4681) to work on /home/airflow/.local/lib/python3.7/site-packages/airflow/example_dags/example_branch_labels.py
[2022-01-20 03:42:07,959] {processor.py:620} INFO - Processing file /home/airflow/.local/lib/python3.7/site-packages/airflow/example_dags/example_branch_labels.py for tasks to queue
[2022-01-20 03:42:07,962] {logging_mixin.py:109} INFO - [2022-01-20 03:42:07,961] {dagbag.py:500} INFO - Filling up the DagBag from /home/airflow/.local/lib/python3.7/site-packages/airflow/example_dags/example_branch_labels.py
[2022-01-20 03:42:08,025] {processor.py:632} INFO - DAG(s) dict_keys(['example_branch_labels']) retrieved from /home/airflow/.local/lib/python3.7/site-packages/airflow/example_dags/example_branch_labels.py
[2022-01-20 03:42:08,063] {logging_mixin.py:109} INFO - [2022-01-20 03:42:08,062] {dag.py:2389} INFO - Sync 1 DAGs
[2022-01-20 03:42:08,125] {logging_mixin.py:109} INFO - [2022-01-20 03:42:08,124] {dag.py:2914} INFO - Setting next_dagrun for example_branch_labels to 2022-01-19 00:00:00+00:00
[2022-01-20 03:42:08,177] {processor.py:171} INFO - Processing /home/airflow/.local/lib/python3.7/site-packages/airflow/example_dags/example_branch_labels.py took 0.230 seconds
[2022-01-20 03:42:38,702] {processor.py:163} INFO - Started process (PID=4796) to work on /home/airflow/.local/lib/python3.7/site-packages/airflow/example_dags/example_branch_labels.py
[2022-01-20 03:42:38,707] {processor.py:620} INFO - Processing file /home/airflow/.local/lib/python3.7/site-packages/airflow/example_dags/example_branch_labels.py for tasks to queue
[2022-01-20 03:42:38,716] {logging_mixin.py:109} INFO - [2022-01-20 03:42:38,716] {dagbag.py:500} INFO - Filling up the DagBag from /home/airflow/.local/lib/python3.7/site-packages/airflow/example_dags/example_branch_labels.py
[2022-01-20 03:42:38,814] {processor.py:632} INFO - DAG(s) dict_keys(['example_branch_labels']) retrieved from /home/airflow/.local/lib/python3.7/site-packages/airflow/example_dags/example_branch_labels.py
[2022-01-20 03:42:38,857] {logging_mixin.py:109} INFO - [2022-01-20 03:42:38,857] {dag.py:2389} INFO - Sync 1 DAGs
[2022-01-20 03:42:38,927] {logging_mixin.py:109} INFO - [2022-01-20 03:42:38,927] {dag.py:2914} INFO - Setting next_dagrun for example_branch_labels to 2022-01-19 00:00:00+00:00
[2022-01-20 03:42:38,951] {processor.py:171} INFO - Processing /home/airflow/.local/lib/python3.7/site-packages/airflow/example_dags/example_branch_labels.py took 0.257 seconds
[2022-01-20 03:43:09,186] {processor.py:163} INFO - Started process (PID=4893) to work on /home/airflow/.local/lib/python3.7/site-packages/airflow/example_dags/example_branch_labels.py
[2022-01-20 03:43:09,190] {processor.py:620} INFO - Processing file /home/airflow/.local/lib/python3.7/site-packages/airflow/example_dags/example_branch_labels.py for tasks to queue
[2022-01-20 03:43:09,193] {logging_mixin.py:109} INFO - [2022-01-20 03:43:09,193] {dagbag.py:500} INFO - Filling up the DagBag from /home/airflow/.local/lib/python3.7/site-packages/airflow/example_dags/example_branch_labels.py
[2022-01-20 03:43:09,261] {processor.py:632} INFO - DAG(s) dict_keys(['example_branch_labels']) retrieved from /home/airflow/.local/lib/python3.7/site-packages/airflow/example_dags/example_branch_labels.py
[2022-01-20 03:43:09,301] {logging_mixin.py:109} INFO - [2022-01-20 03:43:09,300] {dag.py:2389} INFO - Sync 1 DAGs
[2022-01-20 03:43:09,362] {logging_mixin.py:109} INFO - [2022-01-20 03:43:09,362] {dag.py:2914} INFO - Setting next_dagrun for example_branch_labels to 2022-01-19 00:00:00+00:00
[2022-01-20 03:43:09,387] {processor.py:171} INFO - Processing /home/airflow/.local/lib/python3.7/site-packages/airflow/example_dags/example_branch_labels.py took 0.210 seconds
[2022-01-20 03:43:40,348] {processor.py:163} INFO - Started process (PID=5014) to work on /home/airflow/.local/lib/python3.7/site-packages/airflow/example_dags/example_branch_labels.py
[2022-01-20 03:43:40,353] {processor.py:620} INFO - Processing file /home/airflow/.local/lib/python3.7/site-packages/airflow/example_dags/example_branch_labels.py for tasks to queue
[2022-01-20 03:43:40,358] {logging_mixin.py:109} INFO - [2022-01-20 03:43:40,358] {dagbag.py:500} INFO - Filling up the DagBag from /home/airflow/.local/lib/python3.7/site-packages/airflow/example_dags/example_branch_labels.py
[2022-01-20 03:43:40,439] {processor.py:632} INFO - DAG(s) dict_keys(['example_branch_labels']) retrieved from /home/airflow/.local/lib/python3.7/site-packages/airflow/example_dags/example_branch_labels.py
[2022-01-20 03:43:40,489] {logging_mixin.py:109} INFO - [2022-01-20 03:43:40,488] {dag.py:2389} INFO - Sync 1 DAGs
[2022-01-20 03:43:40,560] {logging_mixin.py:109} INFO - [2022-01-20 03:43:40,560] {dag.py:2914} INFO - Setting next_dagrun for example_branch_labels to 2022-01-19 00:00:00+00:00
[2022-01-20 03:43:40,596] {processor.py:171} INFO - Processing /home/airflow/.local/lib/python3.7/site-packages/airflow/example_dags/example_branch_labels.py took 0.257 seconds
[2022-01-20 03:44:10,840] {processor.py:163} INFO - Started process (PID=5111) to work on /home/airflow/.local/lib/python3.7/site-packages/airflow/example_dags/example_branch_labels.py
[2022-01-20 03:44:10,847] {processor.py:620} INFO - Processing file /home/airflow/.local/lib/python3.7/site-packages/airflow/example_dags/example_branch_labels.py for tasks to queue
[2022-01-20 03:44:10,852] {logging_mixin.py:109} INFO - [2022-01-20 03:44:10,851] {dagbag.py:500} INFO - Filling up the DagBag from /home/airflow/.local/lib/python3.7/site-packages/airflow/example_dags/example_branch_labels.py
[2022-01-20 03:44:10,931] {processor.py:632} INFO - DAG(s) dict_keys(['example_branch_labels']) retrieved from /home/airflow/.local/lib/python3.7/site-packages/airflow/example_dags/example_branch_labels.py
[2022-01-20 03:44:10,981] {logging_mixin.py:109} INFO - [2022-01-20 03:44:10,981] {dag.py:2389} INFO - Sync 1 DAGs
[2022-01-20 03:44:11,051] {logging_mixin.py:109} INFO - [2022-01-20 03:44:11,050] {dag.py:2914} INFO - Setting next_dagrun for example_branch_labels to 2022-01-19 00:00:00+00:00
[2022-01-20 03:44:11,081] {processor.py:171} INFO - Processing /home/airflow/.local/lib/python3.7/site-packages/airflow/example_dags/example_branch_labels.py took 0.252 seconds
[2022-01-20 03:44:41,332] {processor.py:163} INFO - Started process (PID=5223) to work on /home/airflow/.local/lib/python3.7/site-packages/airflow/example_dags/example_branch_labels.py
[2022-01-20 03:44:41,336] {processor.py:620} INFO - Processing file /home/airflow/.local/lib/python3.7/site-packages/airflow/example_dags/example_branch_labels.py for tasks to queue
[2022-01-20 03:44:41,340] {logging_mixin.py:109} INFO - [2022-01-20 03:44:41,339] {dagbag.py:500} INFO - Filling up the DagBag from /home/airflow/.local/lib/python3.7/site-packages/airflow/example_dags/example_branch_labels.py
[2022-01-20 03:44:41,417] {processor.py:632} INFO - DAG(s) dict_keys(['example_branch_labels']) retrieved from /home/airflow/.local/lib/python3.7/site-packages/airflow/example_dags/example_branch_labels.py
[2022-01-20 03:44:41,459] {logging_mixin.py:109} INFO - [2022-01-20 03:44:41,458] {dag.py:2389} INFO - Sync 1 DAGs
[2022-01-20 03:44:41,527] {logging_mixin.py:109} INFO - [2022-01-20 03:44:41,527] {dag.py:2914} INFO - Setting next_dagrun for example_branch_labels to 2022-01-19 00:00:00+00:00
[2022-01-20 03:44:41,559] {processor.py:171} INFO - Processing /home/airflow/.local/lib/python3.7/site-packages/airflow/example_dags/example_branch_labels.py took 0.236 seconds
[2022-01-20 03:45:11,714] {processor.py:163} INFO - Started process (PID=5329) to work on /home/airflow/.local/lib/python3.7/site-packages/airflow/example_dags/example_branch_labels.py
[2022-01-20 03:45:11,719] {processor.py:620} INFO - Processing file /home/airflow/.local/lib/python3.7/site-packages/airflow/example_dags/example_branch_labels.py for tasks to queue
[2022-01-20 03:45:11,723] {logging_mixin.py:109} INFO - [2022-01-20 03:45:11,722] {dagbag.py:500} INFO - Filling up the DagBag from /home/airflow/.local/lib/python3.7/site-packages/airflow/example_dags/example_branch_labels.py
[2022-01-20 03:45:11,802] {processor.py:632} INFO - DAG(s) dict_keys(['example_branch_labels']) retrieved from /home/airflow/.local/lib/python3.7/site-packages/airflow/example_dags/example_branch_labels.py
[2022-01-20 03:45:11,846] {logging_mixin.py:109} INFO - [2022-01-20 03:45:11,846] {dag.py:2389} INFO - Sync 1 DAGs
[2022-01-20 03:45:11,922] {logging_mixin.py:109} INFO - [2022-01-20 03:45:11,921] {dag.py:2914} INFO - Setting next_dagrun for example_branch_labels to 2022-01-19 00:00:00+00:00
[2022-01-20 03:45:11,956] {processor.py:171} INFO - Processing /home/airflow/.local/lib/python3.7/site-packages/airflow/example_dags/example_branch_labels.py took 0.252 seconds
[2022-01-20 03:45:43,503] {processor.py:163} INFO - Started process (PID=5434) to work on /home/airflow/.local/lib/python3.7/site-packages/airflow/example_dags/example_branch_labels.py
[2022-01-20 03:45:43,507] {processor.py:620} INFO - Processing file /home/airflow/.local/lib/python3.7/site-packages/airflow/example_dags/example_branch_labels.py for tasks to queue
[2022-01-20 03:45:43,511] {logging_mixin.py:109} INFO - [2022-01-20 03:45:43,510] {dagbag.py:500} INFO - Filling up the DagBag from /home/airflow/.local/lib/python3.7/site-packages/airflow/example_dags/example_branch_labels.py
[2022-01-20 03:45:43,580] {processor.py:632} INFO - DAG(s) dict_keys(['example_branch_labels']) retrieved from /home/airflow/.local/lib/python3.7/site-packages/airflow/example_dags/example_branch_labels.py
[2022-01-20 03:45:43,623] {logging_mixin.py:109} INFO - [2022-01-20 03:45:43,623] {dag.py:2389} INFO - Sync 1 DAGs
[2022-01-20 03:45:43,692] {logging_mixin.py:109} INFO - [2022-01-20 03:45:43,691] {dag.py:2914} INFO - Setting next_dagrun for example_branch_labels to 2022-01-19 00:00:00+00:00
[2022-01-20 03:45:43,719] {processor.py:171} INFO - Processing /home/airflow/.local/lib/python3.7/site-packages/airflow/example_dags/example_branch_labels.py took 0.223 seconds
[2022-01-20 03:46:14,595] {processor.py:163} INFO - Started process (PID=5545) to work on /home/airflow/.local/lib/python3.7/site-packages/airflow/example_dags/example_branch_labels.py
[2022-01-20 03:46:14,605] {processor.py:620} INFO - Processing file /home/airflow/.local/lib/python3.7/site-packages/airflow/example_dags/example_branch_labels.py for tasks to queue
[2022-01-20 03:46:14,609] {logging_mixin.py:109} INFO - [2022-01-20 03:46:14,608] {dagbag.py:500} INFO - Filling up the DagBag from /home/airflow/.local/lib/python3.7/site-packages/airflow/example_dags/example_branch_labels.py
[2022-01-20 03:46:14,690] {processor.py:632} INFO - DAG(s) dict_keys(['example_branch_labels']) retrieved from /home/airflow/.local/lib/python3.7/site-packages/airflow/example_dags/example_branch_labels.py
[2022-01-20 03:46:14,738] {logging_mixin.py:109} INFO - [2022-01-20 03:46:14,738] {dag.py:2389} INFO - Sync 1 DAGs
[2022-01-20 03:46:14,807] {logging_mixin.py:109} INFO - [2022-01-20 03:46:14,807] {dag.py:2914} INFO - Setting next_dagrun for example_branch_labels to 2022-01-19 00:00:00+00:00
[2022-01-20 03:46:14,840] {processor.py:171} INFO - Processing /home/airflow/.local/lib/python3.7/site-packages/airflow/example_dags/example_branch_labels.py took 0.253 seconds
[2022-01-20 03:46:44,896] {processor.py:163} INFO - Started process (PID=5638) to work on /home/airflow/.local/lib/python3.7/site-packages/airflow/example_dags/example_branch_labels.py
[2022-01-20 03:46:44,900] {processor.py:620} INFO - Processing file /home/airflow/.local/lib/python3.7/site-packages/airflow/example_dags/example_branch_labels.py for tasks to queue
[2022-01-20 03:46:44,904] {logging_mixin.py:109} INFO - [2022-01-20 03:46:44,903] {dagbag.py:500} INFO - Filling up the DagBag from /home/airflow/.local/lib/python3.7/site-packages/airflow/example_dags/example_branch_labels.py
[2022-01-20 03:46:44,985] {processor.py:632} INFO - DAG(s) dict_keys(['example_branch_labels']) retrieved from /home/airflow/.local/lib/python3.7/site-packages/airflow/example_dags/example_branch_labels.py
[2022-01-20 03:46:45,028] {logging_mixin.py:109} INFO - [2022-01-20 03:46:45,027] {dag.py:2389} INFO - Sync 1 DAGs
[2022-01-20 03:46:45,098] {logging_mixin.py:109} INFO - [2022-01-20 03:46:45,097] {dag.py:2914} INFO - Setting next_dagrun for example_branch_labels to 2022-01-19 00:00:00+00:00
[2022-01-20 03:46:45,124] {processor.py:171} INFO - Processing /home/airflow/.local/lib/python3.7/site-packages/airflow/example_dags/example_branch_labels.py took 0.235 seconds
[2022-01-20 03:47:15,292] {processor.py:163} INFO - Started process (PID=5752) to work on /home/airflow/.local/lib/python3.7/site-packages/airflow/example_dags/example_branch_labels.py
[2022-01-20 03:47:15,300] {processor.py:620} INFO - Processing file /home/airflow/.local/lib/python3.7/site-packages/airflow/example_dags/example_branch_labels.py for tasks to queue
[2022-01-20 03:47:15,305] {logging_mixin.py:109} INFO - [2022-01-20 03:47:15,304] {dagbag.py:500} INFO - Filling up the DagBag from /home/airflow/.local/lib/python3.7/site-packages/airflow/example_dags/example_branch_labels.py
[2022-01-20 03:47:15,419] {processor.py:632} INFO - DAG(s) dict_keys(['example_branch_labels']) retrieved from /home/airflow/.local/lib/python3.7/site-packages/airflow/example_dags/example_branch_labels.py
[2022-01-20 03:47:15,465] {logging_mixin.py:109} INFO - [2022-01-20 03:47:15,464] {dag.py:2389} INFO - Sync 1 DAGs
[2022-01-20 03:47:15,533] {logging_mixin.py:109} INFO - [2022-01-20 03:47:15,533] {dag.py:2914} INFO - Setting next_dagrun for example_branch_labels to 2022-01-19 00:00:00+00:00
[2022-01-20 03:47:15,559] {processor.py:171} INFO - Processing /home/airflow/.local/lib/python3.7/site-packages/airflow/example_dags/example_branch_labels.py took 0.283 seconds
[2022-01-20 03:47:45,930] {processor.py:163} INFO - Started process (PID=5844) to work on /home/airflow/.local/lib/python3.7/site-packages/airflow/example_dags/example_branch_labels.py
[2022-01-20 03:47:45,934] {processor.py:620} INFO - Processing file /home/airflow/.local/lib/python3.7/site-packages/airflow/example_dags/example_branch_labels.py for tasks to queue
[2022-01-20 03:47:45,936] {logging_mixin.py:109} INFO - [2022-01-20 03:47:45,936] {dagbag.py:500} INFO - Filling up the DagBag from /home/airflow/.local/lib/python3.7/site-packages/airflow/example_dags/example_branch_labels.py
[2022-01-20 03:47:46,009] {processor.py:632} INFO - DAG(s) dict_keys(['example_branch_labels']) retrieved from /home/airflow/.local/lib/python3.7/site-packages/airflow/example_dags/example_branch_labels.py
[2022-01-20 03:47:46,052] {logging_mixin.py:109} INFO - [2022-01-20 03:47:46,052] {dag.py:2389} INFO - Sync 1 DAGs
[2022-01-20 03:47:46,114] {logging_mixin.py:109} INFO - [2022-01-20 03:47:46,114] {dag.py:2914} INFO - Setting next_dagrun for example_branch_labels to 2022-01-19 00:00:00+00:00
[2022-01-20 03:47:46,141] {processor.py:171} INFO - Processing /home/airflow/.local/lib/python3.7/site-packages/airflow/example_dags/example_branch_labels.py took 0.219 seconds
[2022-01-20 03:48:17,049] {processor.py:163} INFO - Started process (PID=5956) to work on /home/airflow/.local/lib/python3.7/site-packages/airflow/example_dags/example_branch_labels.py
[2022-01-20 03:48:17,059] {processor.py:620} INFO - Processing file /home/airflow/.local/lib/python3.7/site-packages/airflow/example_dags/example_branch_labels.py for tasks to queue
[2022-01-20 03:48:17,064] {logging_mixin.py:109} INFO - [2022-01-20 03:48:17,064] {dagbag.py:500} INFO - Filling up the DagBag from /home/airflow/.local/lib/python3.7/site-packages/airflow/example_dags/example_branch_labels.py
[2022-01-20 03:48:17,172] {processor.py:632} INFO - DAG(s) dict_keys(['example_branch_labels']) retrieved from /home/airflow/.local/lib/python3.7/site-packages/airflow/example_dags/example_branch_labels.py
[2022-01-20 03:48:17,227] {logging_mixin.py:109} INFO - [2022-01-20 03:48:17,227] {dag.py:2389} INFO - Sync 1 DAGs
[2022-01-20 03:48:17,294] {logging_mixin.py:109} INFO - [2022-01-20 03:48:17,293] {dag.py:2914} INFO - Setting next_dagrun for example_branch_labels to 2022-01-19 00:00:00+00:00
[2022-01-20 03:48:17,322] {processor.py:171} INFO - Processing /home/airflow/.local/lib/python3.7/site-packages/airflow/example_dags/example_branch_labels.py took 0.281 seconds
[2022-01-20 03:48:47,414] {processor.py:163} INFO - Started process (PID=6051) to work on /home/airflow/.local/lib/python3.7/site-packages/airflow/example_dags/example_branch_labels.py
[2022-01-20 03:48:47,418] {processor.py:620} INFO - Processing file /home/airflow/.local/lib/python3.7/site-packages/airflow/example_dags/example_branch_labels.py for tasks to queue
[2022-01-20 03:48:47,421] {logging_mixin.py:109} INFO - [2022-01-20 03:48:47,421] {dagbag.py:500} INFO - Filling up the DagBag from /home/airflow/.local/lib/python3.7/site-packages/airflow/example_dags/example_branch_labels.py
[2022-01-20 03:48:47,485] {processor.py:632} INFO - DAG(s) dict_keys(['example_branch_labels']) retrieved from /home/airflow/.local/lib/python3.7/site-packages/airflow/example_dags/example_branch_labels.py
[2022-01-20 03:48:47,522] {logging_mixin.py:109} INFO - [2022-01-20 03:48:47,522] {dag.py:2389} INFO - Sync 1 DAGs
[2022-01-20 03:48:47,575] {logging_mixin.py:109} INFO - [2022-01-20 03:48:47,575] {dag.py:2914} INFO - Setting next_dagrun for example_branch_labels to 2022-01-19 00:00:00+00:00
[2022-01-20 03:48:47,596] {processor.py:171} INFO - Processing /home/airflow/.local/lib/python3.7/site-packages/airflow/example_dags/example_branch_labels.py took 0.189 seconds
[2022-01-20 03:49:17,870] {processor.py:163} INFO - Started process (PID=6165) to work on /home/airflow/.local/lib/python3.7/site-packages/airflow/example_dags/example_branch_labels.py
[2022-01-20 03:49:17,886] {processor.py:620} INFO - Processing file /home/airflow/.local/lib/python3.7/site-packages/airflow/example_dags/example_branch_labels.py for tasks to queue
[2022-01-20 03:49:17,889] {logging_mixin.py:109} INFO - [2022-01-20 03:49:17,888] {dagbag.py:500} INFO - Filling up the DagBag from /home/airflow/.local/lib/python3.7/site-packages/airflow/example_dags/example_branch_labels.py
[2022-01-20 03:49:17,989] {processor.py:632} INFO - DAG(s) dict_keys(['example_branch_labels']) retrieved from /home/airflow/.local/lib/python3.7/site-packages/airflow/example_dags/example_branch_labels.py
[2022-01-20 03:49:18,036] {logging_mixin.py:109} INFO - [2022-01-20 03:49:18,036] {dag.py:2389} INFO - Sync 1 DAGs
[2022-01-20 03:49:18,102] {logging_mixin.py:109} INFO - [2022-01-20 03:49:18,101] {dag.py:2914} INFO - Setting next_dagrun for example_branch_labels to 2022-01-19 00:00:00+00:00
[2022-01-20 03:49:18,129] {processor.py:171} INFO - Processing /home/airflow/.local/lib/python3.7/site-packages/airflow/example_dags/example_branch_labels.py took 0.266 seconds
[2022-01-20 03:49:48,184] {processor.py:163} INFO - Started process (PID=6260) to work on /home/airflow/.local/lib/python3.7/site-packages/airflow/example_dags/example_branch_labels.py
[2022-01-20 03:49:48,188] {processor.py:620} INFO - Processing file /home/airflow/.local/lib/python3.7/site-packages/airflow/example_dags/example_branch_labels.py for tasks to queue
[2022-01-20 03:49:48,191] {logging_mixin.py:109} INFO - [2022-01-20 03:49:48,191] {dagbag.py:500} INFO - Filling up the DagBag from /home/airflow/.local/lib/python3.7/site-packages/airflow/example_dags/example_branch_labels.py
[2022-01-20 03:49:48,259] {processor.py:632} INFO - DAG(s) dict_keys(['example_branch_labels']) retrieved from /home/airflow/.local/lib/python3.7/site-packages/airflow/example_dags/example_branch_labels.py
[2022-01-20 03:49:48,297] {logging_mixin.py:109} INFO - [2022-01-20 03:49:48,297] {dag.py:2389} INFO - Sync 1 DAGs
[2022-01-20 03:49:48,353] {logging_mixin.py:109} INFO - [2022-01-20 03:49:48,353] {dag.py:2914} INFO - Setting next_dagrun for example_branch_labels to 2022-01-19 00:00:00+00:00
[2022-01-20 03:49:48,376] {processor.py:171} INFO - Processing /home/airflow/.local/lib/python3.7/site-packages/airflow/example_dags/example_branch_labels.py took 0.199 seconds
[2022-01-20 03:50:18,429] {processor.py:163} INFO - Started process (PID=6372) to work on /home/airflow/.local/lib/python3.7/site-packages/airflow/example_dags/example_branch_labels.py
[2022-01-20 03:50:18,434] {processor.py:620} INFO - Processing file /home/airflow/.local/lib/python3.7/site-packages/airflow/example_dags/example_branch_labels.py for tasks to queue
[2022-01-20 03:50:18,440] {logging_mixin.py:109} INFO - [2022-01-20 03:50:18,440] {dagbag.py:500} INFO - Filling up the DagBag from /home/airflow/.local/lib/python3.7/site-packages/airflow/example_dags/example_branch_labels.py
[2022-01-20 03:50:18,516] {processor.py:632} INFO - DAG(s) dict_keys(['example_branch_labels']) retrieved from /home/airflow/.local/lib/python3.7/site-packages/airflow/example_dags/example_branch_labels.py
[2022-01-20 03:50:18,567] {logging_mixin.py:109} INFO - [2022-01-20 03:50:18,567] {dag.py:2389} INFO - Sync 1 DAGs
[2022-01-20 03:50:18,640] {logging_mixin.py:109} INFO - [2022-01-20 03:50:18,639] {dag.py:2914} INFO - Setting next_dagrun for example_branch_labels to 2022-01-19 00:00:00+00:00
[2022-01-20 03:50:18,673] {processor.py:171} INFO - Processing /home/airflow/.local/lib/python3.7/site-packages/airflow/example_dags/example_branch_labels.py took 0.251 seconds
[2022-01-20 03:50:48,969] {processor.py:163} INFO - Started process (PID=6468) to work on /home/airflow/.local/lib/python3.7/site-packages/airflow/example_dags/example_branch_labels.py
[2022-01-20 03:50:48,975] {processor.py:620} INFO - Processing file /home/airflow/.local/lib/python3.7/site-packages/airflow/example_dags/example_branch_labels.py for tasks to queue
[2022-01-20 03:50:48,979] {logging_mixin.py:109} INFO - [2022-01-20 03:50:48,979] {dagbag.py:500} INFO - Filling up the DagBag from /home/airflow/.local/lib/python3.7/site-packages/airflow/example_dags/example_branch_labels.py
[2022-01-20 03:50:49,049] {processor.py:632} INFO - DAG(s) dict_keys(['example_branch_labels']) retrieved from /home/airflow/.local/lib/python3.7/site-packages/airflow/example_dags/example_branch_labels.py
[2022-01-20 03:50:49,089] {logging_mixin.py:109} INFO - [2022-01-20 03:50:49,089] {dag.py:2389} INFO - Sync 1 DAGs
[2022-01-20 03:50:49,148] {logging_mixin.py:109} INFO - [2022-01-20 03:50:49,147] {dag.py:2914} INFO - Setting next_dagrun for example_branch_labels to 2022-01-19 00:00:00+00:00
[2022-01-20 03:50:49,173] {processor.py:171} INFO - Processing /home/airflow/.local/lib/python3.7/site-packages/airflow/example_dags/example_branch_labels.py took 0.212 seconds
[2022-01-20 03:51:19,443] {processor.py:163} INFO - Started process (PID=6586) to work on /home/airflow/.local/lib/python3.7/site-packages/airflow/example_dags/example_branch_labels.py
[2022-01-20 03:51:19,447] {processor.py:620} INFO - Processing file /home/airflow/.local/lib/python3.7/site-packages/airflow/example_dags/example_branch_labels.py for tasks to queue
[2022-01-20 03:51:19,451] {logging_mixin.py:109} INFO - [2022-01-20 03:51:19,450] {dagbag.py:500} INFO - Filling up the DagBag from /home/airflow/.local/lib/python3.7/site-packages/airflow/example_dags/example_branch_labels.py
[2022-01-20 03:51:19,521] {processor.py:632} INFO - DAG(s) dict_keys(['example_branch_labels']) retrieved from /home/airflow/.local/lib/python3.7/site-packages/airflow/example_dags/example_branch_labels.py
[2022-01-20 03:51:19,563] {logging_mixin.py:109} INFO - [2022-01-20 03:51:19,563] {dag.py:2389} INFO - Sync 1 DAGs
[2022-01-20 03:51:19,630] {logging_mixin.py:109} INFO - [2022-01-20 03:51:19,629] {dag.py:2914} INFO - Setting next_dagrun for example_branch_labels to 2022-01-19 00:00:00+00:00
[2022-01-20 03:51:19,654] {processor.py:171} INFO - Processing /home/airflow/.local/lib/python3.7/site-packages/airflow/example_dags/example_branch_labels.py took 0.221 seconds
