[2022-01-20 03:20:31,316] {processor.py:163} INFO - Started process (PID=304) to work on /home/airflow/.local/lib/python3.7/site-packages/airflow/example_dags/example_xcomargs.py
[2022-01-20 03:20:31,336] {processor.py:620} INFO - Processing file /home/airflow/.local/lib/python3.7/site-packages/airflow/example_dags/example_xcomargs.py for tasks to queue
[2022-01-20 03:20:31,341] {logging_mixin.py:109} INFO - [2022-01-20 03:20:31,341] {dagbag.py:500} INFO - Filling up the DagBag from /home/airflow/.local/lib/python3.7/site-packages/airflow/example_dags/example_xcomargs.py
[2022-01-20 03:20:31,640] {processor.py:632} INFO - DAG(s) dict_keys(['example_xcom_args', 'example_xcom_args_with_operators']) retrieved from /home/airflow/.local/lib/python3.7/site-packages/airflow/example_dags/example_xcomargs.py
[2022-01-20 03:20:35,680] {logging_mixin.py:109} INFO - [2022-01-20 03:20:35,680] {dag.py:2389} INFO - Sync 2 DAGs
[2022-01-20 03:20:35,863] {logging_mixin.py:109} INFO - [2022-01-20 03:20:35,862] {dag.py:2914} INFO - Setting next_dagrun for example_xcom_args to None
[2022-01-20 03:20:35,867] {logging_mixin.py:109} INFO - [2022-01-20 03:20:35,867] {dag.py:2914} INFO - Setting next_dagrun for example_xcom_args_with_operators to None
[2022-01-20 03:20:35,987] {processor.py:171} INFO - Processing /home/airflow/.local/lib/python3.7/site-packages/airflow/example_dags/example_xcomargs.py took 4.696 seconds
[2022-01-20 03:21:06,226] {processor.py:163} INFO - Started process (PID=411) to work on /home/airflow/.local/lib/python3.7/site-packages/airflow/example_dags/example_xcomargs.py
[2022-01-20 03:21:06,234] {processor.py:620} INFO - Processing file /home/airflow/.local/lib/python3.7/site-packages/airflow/example_dags/example_xcomargs.py for tasks to queue
[2022-01-20 03:21:06,244] {logging_mixin.py:109} INFO - [2022-01-20 03:21:06,244] {dagbag.py:500} INFO - Filling up the DagBag from /home/airflow/.local/lib/python3.7/site-packages/airflow/example_dags/example_xcomargs.py
[2022-01-20 03:21:06,477] {processor.py:632} INFO - DAG(s) dict_keys(['example_xcom_args', 'example_xcom_args_with_operators']) retrieved from /home/airflow/.local/lib/python3.7/site-packages/airflow/example_dags/example_xcomargs.py
[2022-01-20 03:21:09,227] {logging_mixin.py:109} INFO - [2022-01-20 03:21:09,227] {dag.py:2389} INFO - Sync 2 DAGs
[2022-01-20 03:21:09,306] {logging_mixin.py:109} INFO - [2022-01-20 03:21:09,306] {dag.py:2914} INFO - Setting next_dagrun for example_xcom_args to None
[2022-01-20 03:21:09,310] {logging_mixin.py:109} INFO - [2022-01-20 03:21:09,309] {dag.py:2914} INFO - Setting next_dagrun for example_xcom_args_with_operators to None
[2022-01-20 03:21:09,371] {processor.py:171} INFO - Processing /home/airflow/.local/lib/python3.7/site-packages/airflow/example_dags/example_xcomargs.py took 3.166 seconds
[2022-01-20 03:21:39,961] {processor.py:163} INFO - Started process (PID=527) to work on /home/airflow/.local/lib/python3.7/site-packages/airflow/example_dags/example_xcomargs.py
[2022-01-20 03:21:39,965] {processor.py:620} INFO - Processing file /home/airflow/.local/lib/python3.7/site-packages/airflow/example_dags/example_xcomargs.py for tasks to queue
[2022-01-20 03:21:39,968] {logging_mixin.py:109} INFO - [2022-01-20 03:21:39,968] {dagbag.py:500} INFO - Filling up the DagBag from /home/airflow/.local/lib/python3.7/site-packages/airflow/example_dags/example_xcomargs.py
[2022-01-20 03:21:40,066] {processor.py:632} INFO - DAG(s) dict_keys(['example_xcom_args', 'example_xcom_args_with_operators']) retrieved from /home/airflow/.local/lib/python3.7/site-packages/airflow/example_dags/example_xcomargs.py
[2022-01-20 03:21:41,304] {logging_mixin.py:109} INFO - [2022-01-20 03:21:41,303] {dag.py:2389} INFO - Sync 2 DAGs
[2022-01-20 03:21:41,357] {logging_mixin.py:109} INFO - [2022-01-20 03:21:41,357] {dag.py:2914} INFO - Setting next_dagrun for example_xcom_args to None
[2022-01-20 03:21:41,360] {logging_mixin.py:109} INFO - [2022-01-20 03:21:41,360] {dag.py:2914} INFO - Setting next_dagrun for example_xcom_args_with_operators to None
[2022-01-20 03:21:41,409] {processor.py:171} INFO - Processing /home/airflow/.local/lib/python3.7/site-packages/airflow/example_dags/example_xcomargs.py took 1.455 seconds
[2022-01-20 03:22:11,518] {processor.py:163} INFO - Started process (PID=641) to work on /home/airflow/.local/lib/python3.7/site-packages/airflow/example_dags/example_xcomargs.py
[2022-01-20 03:22:11,523] {processor.py:620} INFO - Processing file /home/airflow/.local/lib/python3.7/site-packages/airflow/example_dags/example_xcomargs.py for tasks to queue
[2022-01-20 03:22:11,533] {logging_mixin.py:109} INFO - [2022-01-20 03:22:11,532] {dagbag.py:500} INFO - Filling up the DagBag from /home/airflow/.local/lib/python3.7/site-packages/airflow/example_dags/example_xcomargs.py
[2022-01-20 03:22:11,671] {processor.py:632} INFO - DAG(s) dict_keys(['example_xcom_args', 'example_xcom_args_with_operators']) retrieved from /home/airflow/.local/lib/python3.7/site-packages/airflow/example_dags/example_xcomargs.py
[2022-01-20 03:22:12,875] {logging_mixin.py:109} INFO - [2022-01-20 03:22:12,874] {dag.py:2389} INFO - Sync 2 DAGs
[2022-01-20 03:22:12,932] {logging_mixin.py:109} INFO - [2022-01-20 03:22:12,932] {dag.py:2914} INFO - Setting next_dagrun for example_xcom_args to None
[2022-01-20 03:22:12,950] {logging_mixin.py:109} INFO - [2022-01-20 03:22:12,949] {dag.py:2914} INFO - Setting next_dagrun for example_xcom_args_with_operators to None
[2022-01-20 03:22:12,985] {processor.py:171} INFO - Processing /home/airflow/.local/lib/python3.7/site-packages/airflow/example_dags/example_xcomargs.py took 1.476 seconds
[2022-01-20 03:22:43,107] {processor.py:163} INFO - Started process (PID=745) to work on /home/airflow/.local/lib/python3.7/site-packages/airflow/example_dags/example_xcomargs.py
[2022-01-20 03:22:43,111] {processor.py:620} INFO - Processing file /home/airflow/.local/lib/python3.7/site-packages/airflow/example_dags/example_xcomargs.py for tasks to queue
[2022-01-20 03:22:43,114] {logging_mixin.py:109} INFO - [2022-01-20 03:22:43,114] {dagbag.py:500} INFO - Filling up the DagBag from /home/airflow/.local/lib/python3.7/site-packages/airflow/example_dags/example_xcomargs.py
[2022-01-20 03:22:43,220] {processor.py:632} INFO - DAG(s) dict_keys(['example_xcom_args', 'example_xcom_args_with_operators']) retrieved from /home/airflow/.local/lib/python3.7/site-packages/airflow/example_dags/example_xcomargs.py
[2022-01-20 03:22:44,337] {logging_mixin.py:109} INFO - [2022-01-20 03:22:44,336] {dag.py:2389} INFO - Sync 2 DAGs
[2022-01-20 03:22:44,388] {logging_mixin.py:109} INFO - [2022-01-20 03:22:44,388] {dag.py:2914} INFO - Setting next_dagrun for example_xcom_args to None
[2022-01-20 03:22:44,391] {logging_mixin.py:109} INFO - [2022-01-20 03:22:44,391] {dag.py:2914} INFO - Setting next_dagrun for example_xcom_args_with_operators to None
[2022-01-20 03:22:44,425] {processor.py:171} INFO - Processing /home/airflow/.local/lib/python3.7/site-packages/airflow/example_dags/example_xcomargs.py took 1.327 seconds
[2022-01-20 03:23:15,296] {processor.py:163} INFO - Started process (PID=862) to work on /home/airflow/.local/lib/python3.7/site-packages/airflow/example_dags/example_xcomargs.py
[2022-01-20 03:23:15,300] {processor.py:620} INFO - Processing file /home/airflow/.local/lib/python3.7/site-packages/airflow/example_dags/example_xcomargs.py for tasks to queue
[2022-01-20 03:23:15,304] {logging_mixin.py:109} INFO - [2022-01-20 03:23:15,303] {dagbag.py:500} INFO - Filling up the DagBag from /home/airflow/.local/lib/python3.7/site-packages/airflow/example_dags/example_xcomargs.py
[2022-01-20 03:23:15,455] {processor.py:632} INFO - DAG(s) dict_keys(['example_xcom_args', 'example_xcom_args_with_operators']) retrieved from /home/airflow/.local/lib/python3.7/site-packages/airflow/example_dags/example_xcomargs.py
[2022-01-20 03:23:16,758] {logging_mixin.py:109} INFO - [2022-01-20 03:23:16,757] {dag.py:2389} INFO - Sync 2 DAGs
[2022-01-20 03:23:16,811] {logging_mixin.py:109} INFO - [2022-01-20 03:23:16,810] {dag.py:2914} INFO - Setting next_dagrun for example_xcom_args to None
[2022-01-20 03:23:16,814] {logging_mixin.py:109} INFO - [2022-01-20 03:23:16,813] {dag.py:2914} INFO - Setting next_dagrun for example_xcom_args_with_operators to None
[2022-01-20 03:23:16,849] {processor.py:171} INFO - Processing /home/airflow/.local/lib/python3.7/site-packages/airflow/example_dags/example_xcomargs.py took 1.563 seconds
[2022-01-20 03:23:47,002] {processor.py:163} INFO - Started process (PID=960) to work on /home/airflow/.local/lib/python3.7/site-packages/airflow/example_dags/example_xcomargs.py
[2022-01-20 03:23:47,007] {processor.py:620} INFO - Processing file /home/airflow/.local/lib/python3.7/site-packages/airflow/example_dags/example_xcomargs.py for tasks to queue
[2022-01-20 03:23:47,010] {logging_mixin.py:109} INFO - [2022-01-20 03:23:47,010] {dagbag.py:500} INFO - Filling up the DagBag from /home/airflow/.local/lib/python3.7/site-packages/airflow/example_dags/example_xcomargs.py
[2022-01-20 03:23:47,096] {processor.py:632} INFO - DAG(s) dict_keys(['example_xcom_args', 'example_xcom_args_with_operators']) retrieved from /home/airflow/.local/lib/python3.7/site-packages/airflow/example_dags/example_xcomargs.py
[2022-01-20 03:23:48,018] {logging_mixin.py:109} INFO - [2022-01-20 03:23:48,017] {dag.py:2389} INFO - Sync 2 DAGs
[2022-01-20 03:23:48,060] {logging_mixin.py:109} INFO - [2022-01-20 03:23:48,060] {dag.py:2914} INFO - Setting next_dagrun for example_xcom_args to None
[2022-01-20 03:23:48,063] {logging_mixin.py:109} INFO - [2022-01-20 03:23:48,062] {dag.py:2914} INFO - Setting next_dagrun for example_xcom_args_with_operators to None
[2022-01-20 03:23:48,089] {processor.py:171} INFO - Processing /home/airflow/.local/lib/python3.7/site-packages/airflow/example_dags/example_xcomargs.py took 1.093 seconds
[2022-01-20 03:24:18,669] {processor.py:163} INFO - Started process (PID=1074) to work on /home/airflow/.local/lib/python3.7/site-packages/airflow/example_dags/example_xcomargs.py
[2022-01-20 03:24:18,673] {processor.py:620} INFO - Processing file /home/airflow/.local/lib/python3.7/site-packages/airflow/example_dags/example_xcomargs.py for tasks to queue
[2022-01-20 03:24:18,676] {logging_mixin.py:109} INFO - [2022-01-20 03:24:18,676] {dagbag.py:500} INFO - Filling up the DagBag from /home/airflow/.local/lib/python3.7/site-packages/airflow/example_dags/example_xcomargs.py
[2022-01-20 03:24:18,786] {processor.py:632} INFO - DAG(s) dict_keys(['example_xcom_args', 'example_xcom_args_with_operators']) retrieved from /home/airflow/.local/lib/python3.7/site-packages/airflow/example_dags/example_xcomargs.py
[2022-01-20 03:24:20,038] {logging_mixin.py:109} INFO - [2022-01-20 03:24:20,038] {dag.py:2389} INFO - Sync 2 DAGs
[2022-01-20 03:24:20,128] {logging_mixin.py:109} INFO - [2022-01-20 03:24:20,128] {dag.py:2914} INFO - Setting next_dagrun for example_xcom_args to None
[2022-01-20 03:24:20,133] {logging_mixin.py:109} INFO - [2022-01-20 03:24:20,132] {dag.py:2914} INFO - Setting next_dagrun for example_xcom_args_with_operators to None
[2022-01-20 03:24:20,183] {processor.py:171} INFO - Processing /home/airflow/.local/lib/python3.7/site-packages/airflow/example_dags/example_xcomargs.py took 1.521 seconds
[2022-01-20 03:24:50,378] {processor.py:163} INFO - Started process (PID=1176) to work on /home/airflow/.local/lib/python3.7/site-packages/airflow/example_dags/example_xcomargs.py
[2022-01-20 03:24:50,382] {processor.py:620} INFO - Processing file /home/airflow/.local/lib/python3.7/site-packages/airflow/example_dags/example_xcomargs.py for tasks to queue
[2022-01-20 03:24:50,385] {logging_mixin.py:109} INFO - [2022-01-20 03:24:50,384] {dagbag.py:500} INFO - Filling up the DagBag from /home/airflow/.local/lib/python3.7/site-packages/airflow/example_dags/example_xcomargs.py
[2022-01-20 03:24:50,487] {processor.py:632} INFO - DAG(s) dict_keys(['example_xcom_args', 'example_xcom_args_with_operators']) retrieved from /home/airflow/.local/lib/python3.7/site-packages/airflow/example_dags/example_xcomargs.py
[2022-01-20 03:24:51,703] {logging_mixin.py:109} INFO - [2022-01-20 03:24:51,702] {dag.py:2389} INFO - Sync 2 DAGs
[2022-01-20 03:24:51,757] {logging_mixin.py:109} INFO - [2022-01-20 03:24:51,757] {dag.py:2914} INFO - Setting next_dagrun for example_xcom_args to None
[2022-01-20 03:24:51,761] {logging_mixin.py:109} INFO - [2022-01-20 03:24:51,761] {dag.py:2914} INFO - Setting next_dagrun for example_xcom_args_with_operators to None
[2022-01-20 03:24:51,801] {processor.py:171} INFO - Processing /home/airflow/.local/lib/python3.7/site-packages/airflow/example_dags/example_xcomargs.py took 1.429 seconds
[2022-01-20 03:25:22,580] {processor.py:163} INFO - Started process (PID=1291) to work on /home/airflow/.local/lib/python3.7/site-packages/airflow/example_dags/example_xcomargs.py
[2022-01-20 03:25:22,586] {processor.py:620} INFO - Processing file /home/airflow/.local/lib/python3.7/site-packages/airflow/example_dags/example_xcomargs.py for tasks to queue
[2022-01-20 03:25:22,597] {logging_mixin.py:109} INFO - [2022-01-20 03:25:22,596] {dagbag.py:500} INFO - Filling up the DagBag from /home/airflow/.local/lib/python3.7/site-packages/airflow/example_dags/example_xcomargs.py
[2022-01-20 03:25:22,704] {processor.py:632} INFO - DAG(s) dict_keys(['example_xcom_args', 'example_xcom_args_with_operators']) retrieved from /home/airflow/.local/lib/python3.7/site-packages/airflow/example_dags/example_xcomargs.py
[2022-01-20 03:25:23,882] {logging_mixin.py:109} INFO - [2022-01-20 03:25:23,881] {dag.py:2389} INFO - Sync 2 DAGs
[2022-01-20 03:25:23,943] {logging_mixin.py:109} INFO - [2022-01-20 03:25:23,942] {dag.py:2914} INFO - Setting next_dagrun for example_xcom_args to None
[2022-01-20 03:25:23,952] {logging_mixin.py:109} INFO - [2022-01-20 03:25:23,951] {dag.py:2914} INFO - Setting next_dagrun for example_xcom_args_with_operators to None
[2022-01-20 03:25:23,992] {processor.py:171} INFO - Processing /home/airflow/.local/lib/python3.7/site-packages/airflow/example_dags/example_xcomargs.py took 1.420 seconds
[2022-01-20 03:25:54,159] {processor.py:163} INFO - Started process (PID=1410) to work on /home/airflow/.local/lib/python3.7/site-packages/airflow/example_dags/example_xcomargs.py
[2022-01-20 03:25:54,165] {processor.py:620} INFO - Processing file /home/airflow/.local/lib/python3.7/site-packages/airflow/example_dags/example_xcomargs.py for tasks to queue
[2022-01-20 03:25:54,168] {logging_mixin.py:109} INFO - [2022-01-20 03:25:54,167] {dagbag.py:500} INFO - Filling up the DagBag from /home/airflow/.local/lib/python3.7/site-packages/airflow/example_dags/example_xcomargs.py
[2022-01-20 03:25:54,274] {processor.py:632} INFO - DAG(s) dict_keys(['example_xcom_args', 'example_xcom_args_with_operators']) retrieved from /home/airflow/.local/lib/python3.7/site-packages/airflow/example_dags/example_xcomargs.py
[2022-01-20 03:25:55,554] {logging_mixin.py:109} INFO - [2022-01-20 03:25:55,553] {dag.py:2389} INFO - Sync 2 DAGs
[2022-01-20 03:25:55,608] {logging_mixin.py:109} INFO - [2022-01-20 03:25:55,608] {dag.py:2914} INFO - Setting next_dagrun for example_xcom_args to None
[2022-01-20 03:25:55,612] {logging_mixin.py:109} INFO - [2022-01-20 03:25:55,611] {dag.py:2914} INFO - Setting next_dagrun for example_xcom_args_with_operators to None
[2022-01-20 03:25:55,651] {processor.py:171} INFO - Processing /home/airflow/.local/lib/python3.7/site-packages/airflow/example_dags/example_xcomargs.py took 1.502 seconds
[2022-01-20 03:26:26,956] {processor.py:163} INFO - Started process (PID=1509) to work on /home/airflow/.local/lib/python3.7/site-packages/airflow/example_dags/example_xcomargs.py
[2022-01-20 03:26:26,961] {processor.py:620} INFO - Processing file /home/airflow/.local/lib/python3.7/site-packages/airflow/example_dags/example_xcomargs.py for tasks to queue
[2022-01-20 03:26:26,963] {logging_mixin.py:109} INFO - [2022-01-20 03:26:26,963] {dagbag.py:500} INFO - Filling up the DagBag from /home/airflow/.local/lib/python3.7/site-packages/airflow/example_dags/example_xcomargs.py
[2022-01-20 03:26:27,059] {processor.py:632} INFO - DAG(s) dict_keys(['example_xcom_args', 'example_xcom_args_with_operators']) retrieved from /home/airflow/.local/lib/python3.7/site-packages/airflow/example_dags/example_xcomargs.py
[2022-01-20 03:26:28,072] {logging_mixin.py:109} INFO - [2022-01-20 03:26:28,071] {dag.py:2389} INFO - Sync 2 DAGs
[2022-01-20 03:26:28,124] {logging_mixin.py:109} INFO - [2022-01-20 03:26:28,123] {dag.py:2914} INFO - Setting next_dagrun for example_xcom_args to None
[2022-01-20 03:26:28,131] {logging_mixin.py:109} INFO - [2022-01-20 03:26:28,130] {dag.py:2914} INFO - Setting next_dagrun for example_xcom_args_with_operators to None
[2022-01-20 03:26:28,220] {processor.py:171} INFO - Processing /home/airflow/.local/lib/python3.7/site-packages/airflow/example_dags/example_xcomargs.py took 1.272 seconds
[2022-01-20 03:27:01,355] {processor.py:163} INFO - Started process (PID=1627) to work on /home/airflow/.local/lib/python3.7/site-packages/airflow/example_dags/example_xcomargs.py
[2022-01-20 03:27:01,360] {processor.py:620} INFO - Processing file /home/airflow/.local/lib/python3.7/site-packages/airflow/example_dags/example_xcomargs.py for tasks to queue
[2022-01-20 03:27:01,365] {logging_mixin.py:109} INFO - [2022-01-20 03:27:01,364] {dagbag.py:500} INFO - Filling up the DagBag from /home/airflow/.local/lib/python3.7/site-packages/airflow/example_dags/example_xcomargs.py
[2022-01-20 03:27:01,474] {processor.py:632} INFO - DAG(s) dict_keys(['example_xcom_args', 'example_xcom_args_with_operators']) retrieved from /home/airflow/.local/lib/python3.7/site-packages/airflow/example_dags/example_xcomargs.py
[2022-01-20 03:27:02,641] {logging_mixin.py:109} INFO - [2022-01-20 03:27:02,640] {dag.py:2389} INFO - Sync 2 DAGs
[2022-01-20 03:27:02,693] {logging_mixin.py:109} INFO - [2022-01-20 03:27:02,692] {dag.py:2914} INFO - Setting next_dagrun for example_xcom_args to None
[2022-01-20 03:27:02,695] {logging_mixin.py:109} INFO - [2022-01-20 03:27:02,695] {dag.py:2914} INFO - Setting next_dagrun for example_xcom_args_with_operators to None
[2022-01-20 03:27:02,731] {processor.py:171} INFO - Processing /home/airflow/.local/lib/python3.7/site-packages/airflow/example_dags/example_xcomargs.py took 1.384 seconds
[2022-01-20 03:27:33,476] {processor.py:163} INFO - Started process (PID=1744) to work on /home/airflow/.local/lib/python3.7/site-packages/airflow/example_dags/example_xcomargs.py
[2022-01-20 03:27:33,482] {processor.py:620} INFO - Processing file /home/airflow/.local/lib/python3.7/site-packages/airflow/example_dags/example_xcomargs.py for tasks to queue
[2022-01-20 03:27:33,486] {logging_mixin.py:109} INFO - [2022-01-20 03:27:33,486] {dagbag.py:500} INFO - Filling up the DagBag from /home/airflow/.local/lib/python3.7/site-packages/airflow/example_dags/example_xcomargs.py
[2022-01-20 03:27:33,602] {processor.py:632} INFO - DAG(s) dict_keys(['example_xcom_args', 'example_xcom_args_with_operators']) retrieved from /home/airflow/.local/lib/python3.7/site-packages/airflow/example_dags/example_xcomargs.py
[2022-01-20 03:27:34,894] {logging_mixin.py:109} INFO - [2022-01-20 03:27:34,894] {dag.py:2389} INFO - Sync 2 DAGs
[2022-01-20 03:27:34,949] {logging_mixin.py:109} INFO - [2022-01-20 03:27:34,949] {dag.py:2914} INFO - Setting next_dagrun for example_xcom_args to None
[2022-01-20 03:27:34,952] {logging_mixin.py:109} INFO - [2022-01-20 03:27:34,952] {dag.py:2914} INFO - Setting next_dagrun for example_xcom_args_with_operators to None
[2022-01-20 03:27:34,992] {processor.py:171} INFO - Processing /home/airflow/.local/lib/python3.7/site-packages/airflow/example_dags/example_xcomargs.py took 1.523 seconds
[2022-01-20 03:28:06,325] {processor.py:163} INFO - Started process (PID=1848) to work on /home/airflow/.local/lib/python3.7/site-packages/airflow/example_dags/example_xcomargs.py
[2022-01-20 03:28:06,329] {processor.py:620} INFO - Processing file /home/airflow/.local/lib/python3.7/site-packages/airflow/example_dags/example_xcomargs.py for tasks to queue
[2022-01-20 03:28:06,332] {logging_mixin.py:109} INFO - [2022-01-20 03:28:06,331] {dagbag.py:500} INFO - Filling up the DagBag from /home/airflow/.local/lib/python3.7/site-packages/airflow/example_dags/example_xcomargs.py
[2022-01-20 03:28:06,434] {processor.py:632} INFO - DAG(s) dict_keys(['example_xcom_args', 'example_xcom_args_with_operators']) retrieved from /home/airflow/.local/lib/python3.7/site-packages/airflow/example_dags/example_xcomargs.py
[2022-01-20 03:28:07,566] {logging_mixin.py:109} INFO - [2022-01-20 03:28:07,565] {dag.py:2389} INFO - Sync 2 DAGs
[2022-01-20 03:28:07,614] {logging_mixin.py:109} INFO - [2022-01-20 03:28:07,614] {dag.py:2914} INFO - Setting next_dagrun for example_xcom_args to None
[2022-01-20 03:28:07,617] {logging_mixin.py:109} INFO - [2022-01-20 03:28:07,616] {dag.py:2914} INFO - Setting next_dagrun for example_xcom_args_with_operators to None
[2022-01-20 03:28:07,652] {processor.py:171} INFO - Processing /home/airflow/.local/lib/python3.7/site-packages/airflow/example_dags/example_xcomargs.py took 1.335 seconds
[2022-01-20 03:28:40,449] {processor.py:163} INFO - Started process (PID=1969) to work on /home/airflow/.local/lib/python3.7/site-packages/airflow/example_dags/example_xcomargs.py
[2022-01-20 03:28:40,454] {processor.py:620} INFO - Processing file /home/airflow/.local/lib/python3.7/site-packages/airflow/example_dags/example_xcomargs.py for tasks to queue
[2022-01-20 03:28:40,458] {logging_mixin.py:109} INFO - [2022-01-20 03:28:40,457] {dagbag.py:500} INFO - Filling up the DagBag from /home/airflow/.local/lib/python3.7/site-packages/airflow/example_dags/example_xcomargs.py
[2022-01-20 03:28:40,609] {processor.py:632} INFO - DAG(s) dict_keys(['example_xcom_args', 'example_xcom_args_with_operators']) retrieved from /home/airflow/.local/lib/python3.7/site-packages/airflow/example_dags/example_xcomargs.py
[2022-01-20 03:28:41,851] {logging_mixin.py:109} INFO - [2022-01-20 03:28:41,851] {dag.py:2389} INFO - Sync 2 DAGs
[2022-01-20 03:28:41,926] {logging_mixin.py:109} INFO - [2022-01-20 03:28:41,925] {dag.py:2914} INFO - Setting next_dagrun for example_xcom_args to None
[2022-01-20 03:28:41,937] {logging_mixin.py:109} INFO - [2022-01-20 03:28:41,937] {dag.py:2914} INFO - Setting next_dagrun for example_xcom_args_with_operators to None
[2022-01-20 03:28:41,972] {processor.py:171} INFO - Processing /home/airflow/.local/lib/python3.7/site-packages/airflow/example_dags/example_xcomargs.py took 1.535 seconds
[2022-01-20 03:29:12,061] {processor.py:163} INFO - Started process (PID=2079) to work on /home/airflow/.local/lib/python3.7/site-packages/airflow/example_dags/example_xcomargs.py
[2022-01-20 03:29:12,065] {processor.py:620} INFO - Processing file /home/airflow/.local/lib/python3.7/site-packages/airflow/example_dags/example_xcomargs.py for tasks to queue
[2022-01-20 03:29:12,069] {logging_mixin.py:109} INFO - [2022-01-20 03:29:12,068] {dagbag.py:500} INFO - Filling up the DagBag from /home/airflow/.local/lib/python3.7/site-packages/airflow/example_dags/example_xcomargs.py
[2022-01-20 03:29:12,179] {processor.py:632} INFO - DAG(s) dict_keys(['example_xcom_args', 'example_xcom_args_with_operators']) retrieved from /home/airflow/.local/lib/python3.7/site-packages/airflow/example_dags/example_xcomargs.py
[2022-01-20 03:29:13,626] {logging_mixin.py:109} INFO - [2022-01-20 03:29:13,626] {dag.py:2389} INFO - Sync 2 DAGs
[2022-01-20 03:29:13,711] {logging_mixin.py:109} INFO - [2022-01-20 03:29:13,711] {dag.py:2914} INFO - Setting next_dagrun for example_xcom_args to None
[2022-01-20 03:29:13,715] {logging_mixin.py:109} INFO - [2022-01-20 03:29:13,714] {dag.py:2914} INFO - Setting next_dagrun for example_xcom_args_with_operators to None
[2022-01-20 03:29:13,759] {processor.py:171} INFO - Processing /home/airflow/.local/lib/python3.7/site-packages/airflow/example_dags/example_xcomargs.py took 1.707 seconds
[2022-01-20 03:29:44,763] {processor.py:163} INFO - Started process (PID=2184) to work on /home/airflow/.local/lib/python3.7/site-packages/airflow/example_dags/example_xcomargs.py
[2022-01-20 03:29:44,767] {processor.py:620} INFO - Processing file /home/airflow/.local/lib/python3.7/site-packages/airflow/example_dags/example_xcomargs.py for tasks to queue
[2022-01-20 03:29:44,769] {logging_mixin.py:109} INFO - [2022-01-20 03:29:44,769] {dagbag.py:500} INFO - Filling up the DagBag from /home/airflow/.local/lib/python3.7/site-packages/airflow/example_dags/example_xcomargs.py
[2022-01-20 03:29:44,867] {processor.py:632} INFO - DAG(s) dict_keys(['example_xcom_args', 'example_xcom_args_with_operators']) retrieved from /home/airflow/.local/lib/python3.7/site-packages/airflow/example_dags/example_xcomargs.py
[2022-01-20 03:29:45,888] {logging_mixin.py:109} INFO - [2022-01-20 03:29:45,888] {dag.py:2389} INFO - Sync 2 DAGs
[2022-01-20 03:29:45,933] {logging_mixin.py:109} INFO - [2022-01-20 03:29:45,933] {dag.py:2914} INFO - Setting next_dagrun for example_xcom_args to None
[2022-01-20 03:29:45,936] {logging_mixin.py:109} INFO - [2022-01-20 03:29:45,935] {dag.py:2914} INFO - Setting next_dagrun for example_xcom_args_with_operators to None
[2022-01-20 03:29:45,965] {processor.py:171} INFO - Processing /home/airflow/.local/lib/python3.7/site-packages/airflow/example_dags/example_xcomargs.py took 1.208 seconds
[2022-01-20 03:30:17,517] {processor.py:163} INFO - Started process (PID=2296) to work on /home/airflow/.local/lib/python3.7/site-packages/airflow/example_dags/example_xcomargs.py
[2022-01-20 03:30:17,522] {processor.py:620} INFO - Processing file /home/airflow/.local/lib/python3.7/site-packages/airflow/example_dags/example_xcomargs.py for tasks to queue
[2022-01-20 03:30:17,525] {logging_mixin.py:109} INFO - [2022-01-20 03:30:17,525] {dagbag.py:500} INFO - Filling up the DagBag from /home/airflow/.local/lib/python3.7/site-packages/airflow/example_dags/example_xcomargs.py
[2022-01-20 03:30:17,628] {processor.py:632} INFO - DAG(s) dict_keys(['example_xcom_args', 'example_xcom_args_with_operators']) retrieved from /home/airflow/.local/lib/python3.7/site-packages/airflow/example_dags/example_xcomargs.py
[2022-01-20 03:30:18,963] {logging_mixin.py:109} INFO - [2022-01-20 03:30:18,963] {dag.py:2389} INFO - Sync 2 DAGs
[2022-01-20 03:30:19,020] {logging_mixin.py:109} INFO - [2022-01-20 03:30:19,019] {dag.py:2914} INFO - Setting next_dagrun for example_xcom_args to None
[2022-01-20 03:30:19,023] {logging_mixin.py:109} INFO - [2022-01-20 03:30:19,022] {dag.py:2914} INFO - Setting next_dagrun for example_xcom_args_with_operators to None
[2022-01-20 03:30:19,059] {processor.py:171} INFO - Processing /home/airflow/.local/lib/python3.7/site-packages/airflow/example_dags/example_xcomargs.py took 1.549 seconds
[2022-01-20 03:30:49,853] {processor.py:163} INFO - Started process (PID=2393) to work on /home/airflow/.local/lib/python3.7/site-packages/airflow/example_dags/example_xcomargs.py
[2022-01-20 03:30:49,857] {processor.py:620} INFO - Processing file /home/airflow/.local/lib/python3.7/site-packages/airflow/example_dags/example_xcomargs.py for tasks to queue
[2022-01-20 03:30:49,861] {logging_mixin.py:109} INFO - [2022-01-20 03:30:49,860] {dagbag.py:500} INFO - Filling up the DagBag from /home/airflow/.local/lib/python3.7/site-packages/airflow/example_dags/example_xcomargs.py
[2022-01-20 03:30:49,955] {processor.py:632} INFO - DAG(s) dict_keys(['example_xcom_args', 'example_xcom_args_with_operators']) retrieved from /home/airflow/.local/lib/python3.7/site-packages/airflow/example_dags/example_xcomargs.py
[2022-01-20 03:30:51,004] {logging_mixin.py:109} INFO - [2022-01-20 03:30:51,004] {dag.py:2389} INFO - Sync 2 DAGs
[2022-01-20 03:30:51,062] {logging_mixin.py:109} INFO - [2022-01-20 03:30:51,061] {dag.py:2914} INFO - Setting next_dagrun for example_xcom_args to None
[2022-01-20 03:30:51,064] {logging_mixin.py:109} INFO - [2022-01-20 03:30:51,064] {dag.py:2914} INFO - Setting next_dagrun for example_xcom_args_with_operators to None
[2022-01-20 03:30:51,101] {processor.py:171} INFO - Processing /home/airflow/.local/lib/python3.7/site-packages/airflow/example_dags/example_xcomargs.py took 1.255 seconds
[2022-01-20 03:31:21,252] {processor.py:163} INFO - Started process (PID=2510) to work on /home/airflow/.local/lib/python3.7/site-packages/airflow/example_dags/example_xcomargs.py
[2022-01-20 03:31:21,258] {processor.py:620} INFO - Processing file /home/airflow/.local/lib/python3.7/site-packages/airflow/example_dags/example_xcomargs.py for tasks to queue
[2022-01-20 03:31:21,263] {logging_mixin.py:109} INFO - [2022-01-20 03:31:21,262] {dagbag.py:500} INFO - Filling up the DagBag from /home/airflow/.local/lib/python3.7/site-packages/airflow/example_dags/example_xcomargs.py
[2022-01-20 03:31:21,381] {processor.py:632} INFO - DAG(s) dict_keys(['example_xcom_args', 'example_xcom_args_with_operators']) retrieved from /home/airflow/.local/lib/python3.7/site-packages/airflow/example_dags/example_xcomargs.py
[2022-01-20 03:31:22,541] {logging_mixin.py:109} INFO - [2022-01-20 03:31:22,541] {dag.py:2389} INFO - Sync 2 DAGs
[2022-01-20 03:31:22,595] {logging_mixin.py:109} INFO - [2022-01-20 03:31:22,594] {dag.py:2914} INFO - Setting next_dagrun for example_xcom_args to None
[2022-01-20 03:31:22,597] {logging_mixin.py:109} INFO - [2022-01-20 03:31:22,597] {dag.py:2914} INFO - Setting next_dagrun for example_xcom_args_with_operators to None
[2022-01-20 03:31:22,632] {processor.py:171} INFO - Processing /home/airflow/.local/lib/python3.7/site-packages/airflow/example_dags/example_xcomargs.py took 1.389 seconds
[2022-01-20 03:31:52,929] {processor.py:163} INFO - Started process (PID=2617) to work on /home/airflow/.local/lib/python3.7/site-packages/airflow/example_dags/example_xcomargs.py
[2022-01-20 03:31:52,944] {processor.py:620} INFO - Processing file /home/airflow/.local/lib/python3.7/site-packages/airflow/example_dags/example_xcomargs.py for tasks to queue
[2022-01-20 03:31:52,947] {logging_mixin.py:109} INFO - [2022-01-20 03:31:52,947] {dagbag.py:500} INFO - Filling up the DagBag from /home/airflow/.local/lib/python3.7/site-packages/airflow/example_dags/example_xcomargs.py
[2022-01-20 03:31:53,101] {processor.py:632} INFO - DAG(s) dict_keys(['example_xcom_args', 'example_xcom_args_with_operators']) retrieved from /home/airflow/.local/lib/python3.7/site-packages/airflow/example_dags/example_xcomargs.py
[2022-01-20 03:31:54,418] {logging_mixin.py:109} INFO - [2022-01-20 03:31:54,417] {dag.py:2389} INFO - Sync 2 DAGs
[2022-01-20 03:31:54,477] {logging_mixin.py:109} INFO - [2022-01-20 03:31:54,476] {dag.py:2914} INFO - Setting next_dagrun for example_xcom_args to None
[2022-01-20 03:31:54,479] {logging_mixin.py:109} INFO - [2022-01-20 03:31:54,479] {dag.py:2914} INFO - Setting next_dagrun for example_xcom_args_with_operators to None
[2022-01-20 03:31:54,517] {processor.py:171} INFO - Processing /home/airflow/.local/lib/python3.7/site-packages/airflow/example_dags/example_xcomargs.py took 1.596 seconds
[2022-01-20 03:32:24,720] {processor.py:163} INFO - Started process (PID=2717) to work on /home/airflow/.local/lib/python3.7/site-packages/airflow/example_dags/example_xcomargs.py
[2022-01-20 03:32:24,724] {processor.py:620} INFO - Processing file /home/airflow/.local/lib/python3.7/site-packages/airflow/example_dags/example_xcomargs.py for tasks to queue
[2022-01-20 03:32:24,726] {logging_mixin.py:109} INFO - [2022-01-20 03:32:24,726] {dagbag.py:500} INFO - Filling up the DagBag from /home/airflow/.local/lib/python3.7/site-packages/airflow/example_dags/example_xcomargs.py
[2022-01-20 03:32:24,824] {processor.py:632} INFO - DAG(s) dict_keys(['example_xcom_args', 'example_xcom_args_with_operators']) retrieved from /home/airflow/.local/lib/python3.7/site-packages/airflow/example_dags/example_xcomargs.py
[2022-01-20 03:32:25,895] {logging_mixin.py:109} INFO - [2022-01-20 03:32:25,895] {dag.py:2389} INFO - Sync 2 DAGs
[2022-01-20 03:32:25,947] {logging_mixin.py:109} INFO - [2022-01-20 03:32:25,947] {dag.py:2914} INFO - Setting next_dagrun for example_xcom_args to None
[2022-01-20 03:32:25,950] {logging_mixin.py:109} INFO - [2022-01-20 03:32:25,950] {dag.py:2914} INFO - Setting next_dagrun for example_xcom_args_with_operators to None
[2022-01-20 03:32:25,985] {processor.py:171} INFO - Processing /home/airflow/.local/lib/python3.7/site-packages/airflow/example_dags/example_xcomargs.py took 1.272 seconds
[2022-01-20 03:32:56,100] {processor.py:163} INFO - Started process (PID=2826) to work on /home/airflow/.local/lib/python3.7/site-packages/airflow/example_dags/example_xcomargs.py
[2022-01-20 03:32:56,104] {processor.py:620} INFO - Processing file /home/airflow/.local/lib/python3.7/site-packages/airflow/example_dags/example_xcomargs.py for tasks to queue
[2022-01-20 03:32:56,107] {logging_mixin.py:109} INFO - [2022-01-20 03:32:56,107] {dagbag.py:500} INFO - Filling up the DagBag from /home/airflow/.local/lib/python3.7/site-packages/airflow/example_dags/example_xcomargs.py
[2022-01-20 03:32:56,207] {processor.py:632} INFO - DAG(s) dict_keys(['example_xcom_args', 'example_xcom_args_with_operators']) retrieved from /home/airflow/.local/lib/python3.7/site-packages/airflow/example_dags/example_xcomargs.py
[2022-01-20 03:32:57,468] {logging_mixin.py:109} INFO - [2022-01-20 03:32:57,468] {dag.py:2389} INFO - Sync 2 DAGs
[2022-01-20 03:32:57,556] {logging_mixin.py:109} INFO - [2022-01-20 03:32:57,555] {dag.py:2914} INFO - Setting next_dagrun for example_xcom_args to None
[2022-01-20 03:32:57,560] {logging_mixin.py:109} INFO - [2022-01-20 03:32:57,559] {dag.py:2914} INFO - Setting next_dagrun for example_xcom_args_with_operators to None
[2022-01-20 03:32:57,594] {processor.py:171} INFO - Processing /home/airflow/.local/lib/python3.7/site-packages/airflow/example_dags/example_xcomargs.py took 1.502 seconds
[2022-01-20 03:33:28,236] {processor.py:163} INFO - Started process (PID=2923) to work on /home/airflow/.local/lib/python3.7/site-packages/airflow/example_dags/example_xcomargs.py
[2022-01-20 03:33:28,240] {processor.py:620} INFO - Processing file /home/airflow/.local/lib/python3.7/site-packages/airflow/example_dags/example_xcomargs.py for tasks to queue
[2022-01-20 03:33:28,244] {logging_mixin.py:109} INFO - [2022-01-20 03:33:28,243] {dagbag.py:500} INFO - Filling up the DagBag from /home/airflow/.local/lib/python3.7/site-packages/airflow/example_dags/example_xcomargs.py
[2022-01-20 03:33:28,431] {processor.py:632} INFO - DAG(s) dict_keys(['example_xcom_args', 'example_xcom_args_with_operators']) retrieved from /home/airflow/.local/lib/python3.7/site-packages/airflow/example_dags/example_xcomargs.py
[2022-01-20 03:33:29,198] {logging_mixin.py:109} INFO - [2022-01-20 03:33:29,197] {dag.py:2389} INFO - Sync 2 DAGs
[2022-01-20 03:33:29,246] {logging_mixin.py:109} INFO - [2022-01-20 03:33:29,246] {dag.py:2914} INFO - Setting next_dagrun for example_xcom_args to None
[2022-01-20 03:33:29,249] {logging_mixin.py:109} INFO - [2022-01-20 03:33:29,248] {dag.py:2914} INFO - Setting next_dagrun for example_xcom_args_with_operators to None
[2022-01-20 03:33:29,277] {processor.py:171} INFO - Processing /home/airflow/.local/lib/python3.7/site-packages/airflow/example_dags/example_xcomargs.py took 1.050 seconds
[2022-01-20 03:33:59,468] {processor.py:163} INFO - Started process (PID=3036) to work on /home/airflow/.local/lib/python3.7/site-packages/airflow/example_dags/example_xcomargs.py
[2022-01-20 03:33:59,472] {processor.py:620} INFO - Processing file /home/airflow/.local/lib/python3.7/site-packages/airflow/example_dags/example_xcomargs.py for tasks to queue
[2022-01-20 03:33:59,475] {logging_mixin.py:109} INFO - [2022-01-20 03:33:59,475] {dagbag.py:500} INFO - Filling up the DagBag from /home/airflow/.local/lib/python3.7/site-packages/airflow/example_dags/example_xcomargs.py
[2022-01-20 03:33:59,713] {processor.py:632} INFO - DAG(s) dict_keys(['example_xcom_args', 'example_xcom_args_with_operators']) retrieved from /home/airflow/.local/lib/python3.7/site-packages/airflow/example_dags/example_xcomargs.py
[2022-01-20 03:34:00,786] {logging_mixin.py:109} INFO - [2022-01-20 03:34:00,785] {dag.py:2389} INFO - Sync 2 DAGs
[2022-01-20 03:34:00,837] {logging_mixin.py:109} INFO - [2022-01-20 03:34:00,836] {dag.py:2914} INFO - Setting next_dagrun for example_xcom_args to None
[2022-01-20 03:34:00,840] {logging_mixin.py:109} INFO - [2022-01-20 03:34:00,839] {dag.py:2914} INFO - Setting next_dagrun for example_xcom_args_with_operators to None
[2022-01-20 03:34:00,876] {processor.py:171} INFO - Processing /home/airflow/.local/lib/python3.7/site-packages/airflow/example_dags/example_xcomargs.py took 1.416 seconds
[2022-01-20 03:34:31,021] {processor.py:163} INFO - Started process (PID=3144) to work on /home/airflow/.local/lib/python3.7/site-packages/airflow/example_dags/example_xcomargs.py
[2022-01-20 03:34:31,034] {processor.py:620} INFO - Processing file /home/airflow/.local/lib/python3.7/site-packages/airflow/example_dags/example_xcomargs.py for tasks to queue
[2022-01-20 03:34:31,037] {logging_mixin.py:109} INFO - [2022-01-20 03:34:31,037] {dagbag.py:500} INFO - Filling up the DagBag from /home/airflow/.local/lib/python3.7/site-packages/airflow/example_dags/example_xcomargs.py
[2022-01-20 03:34:31,319] {processor.py:632} INFO - DAG(s) dict_keys(['example_xcom_args', 'example_xcom_args_with_operators']) retrieved from /home/airflow/.local/lib/python3.7/site-packages/airflow/example_dags/example_xcomargs.py
[2022-01-20 03:34:32,464] {logging_mixin.py:109} INFO - [2022-01-20 03:34:32,463] {dag.py:2389} INFO - Sync 2 DAGs
[2022-01-20 03:34:32,523] {logging_mixin.py:109} INFO - [2022-01-20 03:34:32,523] {dag.py:2914} INFO - Setting next_dagrun for example_xcom_args to None
[2022-01-20 03:34:32,526] {logging_mixin.py:109} INFO - [2022-01-20 03:34:32,526] {dag.py:2914} INFO - Setting next_dagrun for example_xcom_args_with_operators to None
[2022-01-20 03:34:32,565] {processor.py:171} INFO - Processing /home/airflow/.local/lib/python3.7/site-packages/airflow/example_dags/example_xcomargs.py took 1.551 seconds
[2022-01-20 03:35:02,709] {processor.py:163} INFO - Started process (PID=3246) to work on /home/airflow/.local/lib/python3.7/site-packages/airflow/example_dags/example_xcomargs.py
[2022-01-20 03:35:02,713] {processor.py:620} INFO - Processing file /home/airflow/.local/lib/python3.7/site-packages/airflow/example_dags/example_xcomargs.py for tasks to queue
[2022-01-20 03:35:02,716] {logging_mixin.py:109} INFO - [2022-01-20 03:35:02,716] {dagbag.py:500} INFO - Filling up the DagBag from /home/airflow/.local/lib/python3.7/site-packages/airflow/example_dags/example_xcomargs.py
[2022-01-20 03:35:02,927] {processor.py:632} INFO - DAG(s) dict_keys(['example_xcom_args', 'example_xcom_args_with_operators']) retrieved from /home/airflow/.local/lib/python3.7/site-packages/airflow/example_dags/example_xcomargs.py
[2022-01-20 03:35:03,901] {logging_mixin.py:109} INFO - [2022-01-20 03:35:03,900] {dag.py:2389} INFO - Sync 2 DAGs
[2022-01-20 03:35:03,953] {logging_mixin.py:109} INFO - [2022-01-20 03:35:03,953] {dag.py:2914} INFO - Setting next_dagrun for example_xcom_args to None
[2022-01-20 03:35:03,956] {logging_mixin.py:109} INFO - [2022-01-20 03:35:03,956] {dag.py:2914} INFO - Setting next_dagrun for example_xcom_args_with_operators to None
[2022-01-20 03:35:03,989] {processor.py:171} INFO - Processing /home/airflow/.local/lib/python3.7/site-packages/airflow/example_dags/example_xcomargs.py took 1.287 seconds
[2022-01-20 03:35:34,063] {processor.py:163} INFO - Started process (PID=3358) to work on /home/airflow/.local/lib/python3.7/site-packages/airflow/example_dags/example_xcomargs.py
[2022-01-20 03:35:34,069] {processor.py:620} INFO - Processing file /home/airflow/.local/lib/python3.7/site-packages/airflow/example_dags/example_xcomargs.py for tasks to queue
[2022-01-20 03:35:34,073] {logging_mixin.py:109} INFO - [2022-01-20 03:35:34,073] {dagbag.py:500} INFO - Filling up the DagBag from /home/airflow/.local/lib/python3.7/site-packages/airflow/example_dags/example_xcomargs.py
[2022-01-20 03:35:34,194] {processor.py:632} INFO - DAG(s) dict_keys(['example_xcom_args', 'example_xcom_args_with_operators']) retrieved from /home/airflow/.local/lib/python3.7/site-packages/airflow/example_dags/example_xcomargs.py
[2022-01-20 03:35:35,238] {logging_mixin.py:109} INFO - [2022-01-20 03:35:35,237] {dag.py:2389} INFO - Sync 2 DAGs
[2022-01-20 03:35:35,292] {logging_mixin.py:109} INFO - [2022-01-20 03:35:35,291] {dag.py:2914} INFO - Setting next_dagrun for example_xcom_args to None
[2022-01-20 03:35:35,295] {logging_mixin.py:109} INFO - [2022-01-20 03:35:35,295] {dag.py:2914} INFO - Setting next_dagrun for example_xcom_args_with_operators to None
[2022-01-20 03:35:35,334] {processor.py:171} INFO - Processing /home/airflow/.local/lib/python3.7/site-packages/airflow/example_dags/example_xcomargs.py took 1.281 seconds
[2022-01-20 03:36:05,635] {processor.py:163} INFO - Started process (PID=3454) to work on /home/airflow/.local/lib/python3.7/site-packages/airflow/example_dags/example_xcomargs.py
[2022-01-20 03:36:05,639] {processor.py:620} INFO - Processing file /home/airflow/.local/lib/python3.7/site-packages/airflow/example_dags/example_xcomargs.py for tasks to queue
[2022-01-20 03:36:05,642] {logging_mixin.py:109} INFO - [2022-01-20 03:36:05,642] {dagbag.py:500} INFO - Filling up the DagBag from /home/airflow/.local/lib/python3.7/site-packages/airflow/example_dags/example_xcomargs.py
[2022-01-20 03:36:05,736] {processor.py:632} INFO - DAG(s) dict_keys(['example_xcom_args', 'example_xcom_args_with_operators']) retrieved from /home/airflow/.local/lib/python3.7/site-packages/airflow/example_dags/example_xcomargs.py
[2022-01-20 03:36:06,568] {logging_mixin.py:109} INFO - [2022-01-20 03:36:06,567] {dag.py:2389} INFO - Sync 2 DAGs
[2022-01-20 03:36:06,613] {logging_mixin.py:109} INFO - [2022-01-20 03:36:06,613] {dag.py:2914} INFO - Setting next_dagrun for example_xcom_args to None
[2022-01-20 03:36:06,617] {logging_mixin.py:109} INFO - [2022-01-20 03:36:06,616] {dag.py:2914} INFO - Setting next_dagrun for example_xcom_args_with_operators to None
[2022-01-20 03:36:06,649] {processor.py:171} INFO - Processing /home/airflow/.local/lib/python3.7/site-packages/airflow/example_dags/example_xcomargs.py took 1.024 seconds
[2022-01-20 03:36:36,969] {processor.py:163} INFO - Started process (PID=3565) to work on /home/airflow/.local/lib/python3.7/site-packages/airflow/example_dags/example_xcomargs.py
[2022-01-20 03:36:36,974] {processor.py:620} INFO - Processing file /home/airflow/.local/lib/python3.7/site-packages/airflow/example_dags/example_xcomargs.py for tasks to queue
[2022-01-20 03:36:36,977] {logging_mixin.py:109} INFO - [2022-01-20 03:36:36,977] {dagbag.py:500} INFO - Filling up the DagBag from /home/airflow/.local/lib/python3.7/site-packages/airflow/example_dags/example_xcomargs.py
[2022-01-20 03:36:37,082] {processor.py:632} INFO - DAG(s) dict_keys(['example_xcom_args', 'example_xcom_args_with_operators']) retrieved from /home/airflow/.local/lib/python3.7/site-packages/airflow/example_dags/example_xcomargs.py
[2022-01-20 03:36:37,141] {logging_mixin.py:109} INFO - [2022-01-20 03:36:37,140] {dag.py:2389} INFO - Sync 2 DAGs
[2022-01-20 03:36:37,196] {logging_mixin.py:109} INFO - [2022-01-20 03:36:37,195] {dag.py:2914} INFO - Setting next_dagrun for example_xcom_args to None
[2022-01-20 03:36:37,199] {logging_mixin.py:109} INFO - [2022-01-20 03:36:37,198] {dag.py:2914} INFO - Setting next_dagrun for example_xcom_args_with_operators to None
[2022-01-20 03:36:37,234] {processor.py:171} INFO - Processing /home/airflow/.local/lib/python3.7/site-packages/airflow/example_dags/example_xcomargs.py took 0.272 seconds
[2022-01-20 03:37:07,425] {processor.py:163} INFO - Started process (PID=3660) to work on /home/airflow/.local/lib/python3.7/site-packages/airflow/example_dags/example_xcomargs.py
[2022-01-20 03:37:07,430] {processor.py:620} INFO - Processing file /home/airflow/.local/lib/python3.7/site-packages/airflow/example_dags/example_xcomargs.py for tasks to queue
[2022-01-20 03:37:07,433] {logging_mixin.py:109} INFO - [2022-01-20 03:37:07,433] {dagbag.py:500} INFO - Filling up the DagBag from /home/airflow/.local/lib/python3.7/site-packages/airflow/example_dags/example_xcomargs.py
[2022-01-20 03:37:07,539] {processor.py:632} INFO - DAG(s) dict_keys(['example_xcom_args', 'example_xcom_args_with_operators']) retrieved from /home/airflow/.local/lib/python3.7/site-packages/airflow/example_dags/example_xcomargs.py
[2022-01-20 03:37:08,391] {logging_mixin.py:109} INFO - [2022-01-20 03:37:08,390] {dag.py:2389} INFO - Sync 2 DAGs
[2022-01-20 03:37:08,437] {logging_mixin.py:109} INFO - [2022-01-20 03:37:08,437] {dag.py:2914} INFO - Setting next_dagrun for example_xcom_args to None
[2022-01-20 03:37:08,441] {logging_mixin.py:109} INFO - [2022-01-20 03:37:08,440] {dag.py:2914} INFO - Setting next_dagrun for example_xcom_args_with_operators to None
[2022-01-20 03:37:08,477] {processor.py:171} INFO - Processing /home/airflow/.local/lib/python3.7/site-packages/airflow/example_dags/example_xcomargs.py took 1.060 seconds
[2022-01-20 03:37:39,082] {processor.py:163} INFO - Started process (PID=3775) to work on /home/airflow/.local/lib/python3.7/site-packages/airflow/example_dags/example_xcomargs.py
[2022-01-20 03:37:39,087] {processor.py:620} INFO - Processing file /home/airflow/.local/lib/python3.7/site-packages/airflow/example_dags/example_xcomargs.py for tasks to queue
[2022-01-20 03:37:39,091] {logging_mixin.py:109} INFO - [2022-01-20 03:37:39,090] {dagbag.py:500} INFO - Filling up the DagBag from /home/airflow/.local/lib/python3.7/site-packages/airflow/example_dags/example_xcomargs.py
[2022-01-20 03:37:39,202] {processor.py:632} INFO - DAG(s) dict_keys(['example_xcom_args', 'example_xcom_args_with_operators']) retrieved from /home/airflow/.local/lib/python3.7/site-packages/airflow/example_dags/example_xcomargs.py
[2022-01-20 03:37:40,272] {logging_mixin.py:109} INFO - [2022-01-20 03:37:40,271] {dag.py:2389} INFO - Sync 2 DAGs
[2022-01-20 03:37:40,326] {logging_mixin.py:109} INFO - [2022-01-20 03:37:40,325] {dag.py:2914} INFO - Setting next_dagrun for example_xcom_args to None
[2022-01-20 03:37:40,329] {logging_mixin.py:109} INFO - [2022-01-20 03:37:40,328] {dag.py:2914} INFO - Setting next_dagrun for example_xcom_args_with_operators to None
[2022-01-20 03:37:40,369] {processor.py:171} INFO - Processing /home/airflow/.local/lib/python3.7/site-packages/airflow/example_dags/example_xcomargs.py took 1.301 seconds
[2022-01-20 03:38:12,049] {processor.py:163} INFO - Started process (PID=3895) to work on /home/airflow/.local/lib/python3.7/site-packages/airflow/example_dags/example_xcomargs.py
[2022-01-20 03:38:12,054] {processor.py:620} INFO - Processing file /home/airflow/.local/lib/python3.7/site-packages/airflow/example_dags/example_xcomargs.py for tasks to queue
[2022-01-20 03:38:12,058] {logging_mixin.py:109} INFO - [2022-01-20 03:38:12,058] {dagbag.py:500} INFO - Filling up the DagBag from /home/airflow/.local/lib/python3.7/site-packages/airflow/example_dags/example_xcomargs.py
[2022-01-20 03:38:12,178] {processor.py:632} INFO - DAG(s) dict_keys(['example_xcom_args', 'example_xcom_args_with_operators']) retrieved from /home/airflow/.local/lib/python3.7/site-packages/airflow/example_dags/example_xcomargs.py
[2022-01-20 03:38:13,321] {logging_mixin.py:109} INFO - [2022-01-20 03:38:13,321] {dag.py:2389} INFO - Sync 2 DAGs
[2022-01-20 03:38:13,382] {logging_mixin.py:109} INFO - [2022-01-20 03:38:13,382] {dag.py:2914} INFO - Setting next_dagrun for example_xcom_args to None
[2022-01-20 03:38:13,385] {logging_mixin.py:109} INFO - [2022-01-20 03:38:13,385] {dag.py:2914} INFO - Setting next_dagrun for example_xcom_args_with_operators to None
[2022-01-20 03:38:13,429] {processor.py:171} INFO - Processing /home/airflow/.local/lib/python3.7/site-packages/airflow/example_dags/example_xcomargs.py took 1.389 seconds
[2022-01-20 03:38:43,702] {processor.py:163} INFO - Started process (PID=3998) to work on /home/airflow/.local/lib/python3.7/site-packages/airflow/example_dags/example_xcomargs.py
[2022-01-20 03:38:43,707] {processor.py:620} INFO - Processing file /home/airflow/.local/lib/python3.7/site-packages/airflow/example_dags/example_xcomargs.py for tasks to queue
[2022-01-20 03:38:43,710] {logging_mixin.py:109} INFO - [2022-01-20 03:38:43,709] {dagbag.py:500} INFO - Filling up the DagBag from /home/airflow/.local/lib/python3.7/site-packages/airflow/example_dags/example_xcomargs.py
[2022-01-20 03:38:43,814] {processor.py:632} INFO - DAG(s) dict_keys(['example_xcom_args', 'example_xcom_args_with_operators']) retrieved from /home/airflow/.local/lib/python3.7/site-packages/airflow/example_dags/example_xcomargs.py
[2022-01-20 03:38:44,814] {logging_mixin.py:109} INFO - [2022-01-20 03:38:44,814] {dag.py:2389} INFO - Sync 2 DAGs
[2022-01-20 03:38:44,863] {logging_mixin.py:109} INFO - [2022-01-20 03:38:44,863] {dag.py:2914} INFO - Setting next_dagrun for example_xcom_args to None
[2022-01-20 03:38:44,866] {logging_mixin.py:109} INFO - [2022-01-20 03:38:44,865] {dag.py:2914} INFO - Setting next_dagrun for example_xcom_args_with_operators to None
[2022-01-20 03:38:44,898] {processor.py:171} INFO - Processing /home/airflow/.local/lib/python3.7/site-packages/airflow/example_dags/example_xcomargs.py took 1.203 seconds
[2022-01-20 03:39:15,022] {processor.py:163} INFO - Started process (PID=4113) to work on /home/airflow/.local/lib/python3.7/site-packages/airflow/example_dags/example_xcomargs.py
[2022-01-20 03:39:15,027] {processor.py:620} INFO - Processing file /home/airflow/.local/lib/python3.7/site-packages/airflow/example_dags/example_xcomargs.py for tasks to queue
[2022-01-20 03:39:15,031] {logging_mixin.py:109} INFO - [2022-01-20 03:39:15,030] {dagbag.py:500} INFO - Filling up the DagBag from /home/airflow/.local/lib/python3.7/site-packages/airflow/example_dags/example_xcomargs.py
[2022-01-20 03:39:15,165] {processor.py:632} INFO - DAG(s) dict_keys(['example_xcom_args', 'example_xcom_args_with_operators']) retrieved from /home/airflow/.local/lib/python3.7/site-packages/airflow/example_dags/example_xcomargs.py
[2022-01-20 03:39:16,211] {logging_mixin.py:109} INFO - [2022-01-20 03:39:16,211] {dag.py:2389} INFO - Sync 2 DAGs
[2022-01-20 03:39:16,273] {logging_mixin.py:109} INFO - [2022-01-20 03:39:16,273] {dag.py:2914} INFO - Setting next_dagrun for example_xcom_args to None
[2022-01-20 03:39:16,276] {logging_mixin.py:109} INFO - [2022-01-20 03:39:16,275] {dag.py:2914} INFO - Setting next_dagrun for example_xcom_args_with_operators to None
[2022-01-20 03:39:16,332] {processor.py:171} INFO - Processing /home/airflow/.local/lib/python3.7/site-packages/airflow/example_dags/example_xcomargs.py took 1.321 seconds
[2022-01-20 03:39:46,435] {processor.py:163} INFO - Started process (PID=4212) to work on /home/airflow/.local/lib/python3.7/site-packages/airflow/example_dags/example_xcomargs.py
[2022-01-20 03:39:46,439] {processor.py:620} INFO - Processing file /home/airflow/.local/lib/python3.7/site-packages/airflow/example_dags/example_xcomargs.py for tasks to queue
[2022-01-20 03:39:46,442] {logging_mixin.py:109} INFO - [2022-01-20 03:39:46,442] {dagbag.py:500} INFO - Filling up the DagBag from /home/airflow/.local/lib/python3.7/site-packages/airflow/example_dags/example_xcomargs.py
[2022-01-20 03:39:46,540] {processor.py:632} INFO - DAG(s) dict_keys(['example_xcom_args', 'example_xcom_args_with_operators']) retrieved from /home/airflow/.local/lib/python3.7/site-packages/airflow/example_dags/example_xcomargs.py
[2022-01-20 03:39:47,438] {logging_mixin.py:109} INFO - [2022-01-20 03:39:47,437] {dag.py:2389} INFO - Sync 2 DAGs
[2022-01-20 03:39:47,485] {logging_mixin.py:109} INFO - [2022-01-20 03:39:47,485] {dag.py:2914} INFO - Setting next_dagrun for example_xcom_args to None
[2022-01-20 03:39:47,487] {logging_mixin.py:109} INFO - [2022-01-20 03:39:47,487] {dag.py:2914} INFO - Setting next_dagrun for example_xcom_args_with_operators to None
[2022-01-20 03:39:47,520] {processor.py:171} INFO - Processing /home/airflow/.local/lib/python3.7/site-packages/airflow/example_dags/example_xcomargs.py took 1.092 seconds
[2022-01-20 03:40:18,372] {processor.py:163} INFO - Started process (PID=4330) to work on /home/airflow/.local/lib/python3.7/site-packages/airflow/example_dags/example_xcomargs.py
[2022-01-20 03:40:18,377] {processor.py:620} INFO - Processing file /home/airflow/.local/lib/python3.7/site-packages/airflow/example_dags/example_xcomargs.py for tasks to queue
[2022-01-20 03:40:18,389] {logging_mixin.py:109} INFO - [2022-01-20 03:40:18,388] {dagbag.py:500} INFO - Filling up the DagBag from /home/airflow/.local/lib/python3.7/site-packages/airflow/example_dags/example_xcomargs.py
[2022-01-20 03:40:18,499] {processor.py:632} INFO - DAG(s) dict_keys(['example_xcom_args', 'example_xcom_args_with_operators']) retrieved from /home/airflow/.local/lib/python3.7/site-packages/airflow/example_dags/example_xcomargs.py
[2022-01-20 03:40:19,518] {logging_mixin.py:109} INFO - [2022-01-20 03:40:19,518] {dag.py:2389} INFO - Sync 2 DAGs
[2022-01-20 03:40:19,570] {logging_mixin.py:109} INFO - [2022-01-20 03:40:19,569] {dag.py:2914} INFO - Setting next_dagrun for example_xcom_args to None
[2022-01-20 03:40:19,573] {logging_mixin.py:109} INFO - [2022-01-20 03:40:19,572] {dag.py:2914} INFO - Setting next_dagrun for example_xcom_args_with_operators to None
[2022-01-20 03:40:19,607] {processor.py:171} INFO - Processing /home/airflow/.local/lib/python3.7/site-packages/airflow/example_dags/example_xcomargs.py took 1.244 seconds
[2022-01-20 03:40:49,812] {processor.py:163} INFO - Started process (PID=4427) to work on /home/airflow/.local/lib/python3.7/site-packages/airflow/example_dags/example_xcomargs.py
[2022-01-20 03:40:49,815] {processor.py:620} INFO - Processing file /home/airflow/.local/lib/python3.7/site-packages/airflow/example_dags/example_xcomargs.py for tasks to queue
[2022-01-20 03:40:49,818] {logging_mixin.py:109} INFO - [2022-01-20 03:40:49,818] {dagbag.py:500} INFO - Filling up the DagBag from /home/airflow/.local/lib/python3.7/site-packages/airflow/example_dags/example_xcomargs.py
[2022-01-20 03:40:49,900] {processor.py:632} INFO - DAG(s) dict_keys(['example_xcom_args', 'example_xcom_args_with_operators']) retrieved from /home/airflow/.local/lib/python3.7/site-packages/airflow/example_dags/example_xcomargs.py
[2022-01-20 03:40:50,706] {logging_mixin.py:109} INFO - [2022-01-20 03:40:50,706] {dag.py:2389} INFO - Sync 2 DAGs
[2022-01-20 03:40:50,758] {logging_mixin.py:109} INFO - [2022-01-20 03:40:50,757] {dag.py:2914} INFO - Setting next_dagrun for example_xcom_args to None
[2022-01-20 03:40:50,762] {logging_mixin.py:109} INFO - [2022-01-20 03:40:50,761] {dag.py:2914} INFO - Setting next_dagrun for example_xcom_args_with_operators to None
[2022-01-20 03:40:50,800] {processor.py:171} INFO - Processing /home/airflow/.local/lib/python3.7/site-packages/airflow/example_dags/example_xcomargs.py took 0.994 seconds
[2022-01-20 03:41:21,324] {processor.py:163} INFO - Started process (PID=4542) to work on /home/airflow/.local/lib/python3.7/site-packages/airflow/example_dags/example_xcomargs.py
[2022-01-20 03:41:21,328] {processor.py:620} INFO - Processing file /home/airflow/.local/lib/python3.7/site-packages/airflow/example_dags/example_xcomargs.py for tasks to queue
[2022-01-20 03:41:21,331] {logging_mixin.py:109} INFO - [2022-01-20 03:41:21,331] {dagbag.py:500} INFO - Filling up the DagBag from /home/airflow/.local/lib/python3.7/site-packages/airflow/example_dags/example_xcomargs.py
[2022-01-20 03:41:21,436] {processor.py:632} INFO - DAG(s) dict_keys(['example_xcom_args', 'example_xcom_args_with_operators']) retrieved from /home/airflow/.local/lib/python3.7/site-packages/airflow/example_dags/example_xcomargs.py
[2022-01-20 03:41:22,449] {logging_mixin.py:109} INFO - [2022-01-20 03:41:22,449] {dag.py:2389} INFO - Sync 2 DAGs
[2022-01-20 03:41:22,496] {logging_mixin.py:109} INFO - [2022-01-20 03:41:22,496] {dag.py:2914} INFO - Setting next_dagrun for example_xcom_args to None
[2022-01-20 03:41:22,499] {logging_mixin.py:109} INFO - [2022-01-20 03:41:22,498] {dag.py:2914} INFO - Setting next_dagrun for example_xcom_args_with_operators to None
[2022-01-20 03:41:22,533] {processor.py:171} INFO - Processing /home/airflow/.local/lib/python3.7/site-packages/airflow/example_dags/example_xcomargs.py took 1.223 seconds
[2022-01-20 03:41:53,095] {processor.py:163} INFO - Started process (PID=4655) to work on /home/airflow/.local/lib/python3.7/site-packages/airflow/example_dags/example_xcomargs.py
[2022-01-20 03:41:53,100] {processor.py:620} INFO - Processing file /home/airflow/.local/lib/python3.7/site-packages/airflow/example_dags/example_xcomargs.py for tasks to queue
[2022-01-20 03:41:53,103] {logging_mixin.py:109} INFO - [2022-01-20 03:41:53,103] {dagbag.py:500} INFO - Filling up the DagBag from /home/airflow/.local/lib/python3.7/site-packages/airflow/example_dags/example_xcomargs.py
[2022-01-20 03:41:53,214] {processor.py:632} INFO - DAG(s) dict_keys(['example_xcom_args', 'example_xcom_args_with_operators']) retrieved from /home/airflow/.local/lib/python3.7/site-packages/airflow/example_dags/example_xcomargs.py
[2022-01-20 03:41:54,276] {logging_mixin.py:109} INFO - [2022-01-20 03:41:54,275] {dag.py:2389} INFO - Sync 2 DAGs
[2022-01-20 03:41:54,329] {logging_mixin.py:109} INFO - [2022-01-20 03:41:54,329] {dag.py:2914} INFO - Setting next_dagrun for example_xcom_args to None
[2022-01-20 03:41:54,332] {logging_mixin.py:109} INFO - [2022-01-20 03:41:54,331] {dag.py:2914} INFO - Setting next_dagrun for example_xcom_args_with_operators to None
[2022-01-20 03:41:54,367] {processor.py:171} INFO - Processing /home/airflow/.local/lib/python3.7/site-packages/airflow/example_dags/example_xcomargs.py took 1.282 seconds
[2022-01-20 03:42:24,753] {processor.py:163} INFO - Started process (PID=4752) to work on /home/airflow/.local/lib/python3.7/site-packages/airflow/example_dags/example_xcomargs.py
[2022-01-20 03:42:24,757] {processor.py:620} INFO - Processing file /home/airflow/.local/lib/python3.7/site-packages/airflow/example_dags/example_xcomargs.py for tasks to queue
[2022-01-20 03:42:24,760] {logging_mixin.py:109} INFO - [2022-01-20 03:42:24,760] {dagbag.py:500} INFO - Filling up the DagBag from /home/airflow/.local/lib/python3.7/site-packages/airflow/example_dags/example_xcomargs.py
[2022-01-20 03:42:24,854] {processor.py:632} INFO - DAG(s) dict_keys(['example_xcom_args', 'example_xcom_args_with_operators']) retrieved from /home/airflow/.local/lib/python3.7/site-packages/airflow/example_dags/example_xcomargs.py
[2022-01-20 03:42:25,823] {logging_mixin.py:109} INFO - [2022-01-20 03:42:25,822] {dag.py:2389} INFO - Sync 2 DAGs
[2022-01-20 03:42:25,869] {logging_mixin.py:109} INFO - [2022-01-20 03:42:25,868] {dag.py:2914} INFO - Setting next_dagrun for example_xcom_args to None
[2022-01-20 03:42:25,871] {logging_mixin.py:109} INFO - [2022-01-20 03:42:25,871] {dag.py:2914} INFO - Setting next_dagrun for example_xcom_args_with_operators to None
[2022-01-20 03:42:25,903] {processor.py:171} INFO - Processing /home/airflow/.local/lib/python3.7/site-packages/airflow/example_dags/example_xcomargs.py took 1.157 seconds
[2022-01-20 03:42:58,835] {processor.py:163} INFO - Started process (PID=4869) to work on /home/airflow/.local/lib/python3.7/site-packages/airflow/example_dags/example_xcomargs.py
[2022-01-20 03:42:58,848] {processor.py:620} INFO - Processing file /home/airflow/.local/lib/python3.7/site-packages/airflow/example_dags/example_xcomargs.py for tasks to queue
[2022-01-20 03:42:58,851] {logging_mixin.py:109} INFO - [2022-01-20 03:42:58,851] {dagbag.py:500} INFO - Filling up the DagBag from /home/airflow/.local/lib/python3.7/site-packages/airflow/example_dags/example_xcomargs.py
[2022-01-20 03:42:58,955] {processor.py:632} INFO - DAG(s) dict_keys(['example_xcom_args', 'example_xcom_args_with_operators']) retrieved from /home/airflow/.local/lib/python3.7/site-packages/airflow/example_dags/example_xcomargs.py
[2022-01-20 03:43:00,265] {logging_mixin.py:109} INFO - [2022-01-20 03:43:00,264] {dag.py:2389} INFO - Sync 2 DAGs
[2022-01-20 03:43:00,319] {logging_mixin.py:109} INFO - [2022-01-20 03:43:00,319] {dag.py:2914} INFO - Setting next_dagrun for example_xcom_args to None
[2022-01-20 03:43:00,322] {logging_mixin.py:109} INFO - [2022-01-20 03:43:00,322] {dag.py:2914} INFO - Setting next_dagrun for example_xcom_args_with_operators to None
[2022-01-20 03:43:00,374] {processor.py:171} INFO - Processing /home/airflow/.local/lib/python3.7/site-packages/airflow/example_dags/example_xcomargs.py took 1.546 seconds
[2022-01-20 03:43:31,862] {processor.py:163} INFO - Started process (PID=4984) to work on /home/airflow/.local/lib/python3.7/site-packages/airflow/example_dags/example_xcomargs.py
[2022-01-20 03:43:31,873] {processor.py:620} INFO - Processing file /home/airflow/.local/lib/python3.7/site-packages/airflow/example_dags/example_xcomargs.py for tasks to queue
[2022-01-20 03:43:31,877] {logging_mixin.py:109} INFO - [2022-01-20 03:43:31,876] {dagbag.py:500} INFO - Filling up the DagBag from /home/airflow/.local/lib/python3.7/site-packages/airflow/example_dags/example_xcomargs.py
[2022-01-20 03:43:31,992] {processor.py:632} INFO - DAG(s) dict_keys(['example_xcom_args', 'example_xcom_args_with_operators']) retrieved from /home/airflow/.local/lib/python3.7/site-packages/airflow/example_dags/example_xcomargs.py
[2022-01-20 03:43:33,140] {logging_mixin.py:109} INFO - [2022-01-20 03:43:33,139] {dag.py:2389} INFO - Sync 2 DAGs
[2022-01-20 03:43:33,199] {logging_mixin.py:109} INFO - [2022-01-20 03:43:33,199] {dag.py:2914} INFO - Setting next_dagrun for example_xcom_args to None
[2022-01-20 03:43:33,203] {logging_mixin.py:109} INFO - [2022-01-20 03:43:33,202] {dag.py:2914} INFO - Setting next_dagrun for example_xcom_args_with_operators to None
[2022-01-20 03:43:33,247] {processor.py:171} INFO - Processing /home/airflow/.local/lib/python3.7/site-packages/airflow/example_dags/example_xcomargs.py took 1.399 seconds
[2022-01-20 03:44:04,890] {processor.py:163} INFO - Started process (PID=5099) to work on /home/airflow/.local/lib/python3.7/site-packages/airflow/example_dags/example_xcomargs.py
[2022-01-20 03:44:04,895] {processor.py:620} INFO - Processing file /home/airflow/.local/lib/python3.7/site-packages/airflow/example_dags/example_xcomargs.py for tasks to queue
[2022-01-20 03:44:04,898] {logging_mixin.py:109} INFO - [2022-01-20 03:44:04,898] {dagbag.py:500} INFO - Filling up the DagBag from /home/airflow/.local/lib/python3.7/site-packages/airflow/example_dags/example_xcomargs.py
[2022-01-20 03:44:05,018] {processor.py:632} INFO - DAG(s) dict_keys(['example_xcom_args', 'example_xcom_args_with_operators']) retrieved from /home/airflow/.local/lib/python3.7/site-packages/airflow/example_dags/example_xcomargs.py
[2022-01-20 03:44:06,130] {logging_mixin.py:109} INFO - [2022-01-20 03:44:06,129] {dag.py:2389} INFO - Sync 2 DAGs
[2022-01-20 03:44:06,182] {logging_mixin.py:109} INFO - [2022-01-20 03:44:06,181] {dag.py:2914} INFO - Setting next_dagrun for example_xcom_args to None
[2022-01-20 03:44:06,184] {logging_mixin.py:109} INFO - [2022-01-20 03:44:06,184] {dag.py:2914} INFO - Setting next_dagrun for example_xcom_args_with_operators to None
[2022-01-20 03:44:06,220] {processor.py:171} INFO - Processing /home/airflow/.local/lib/python3.7/site-packages/airflow/example_dags/example_xcomargs.py took 1.338 seconds
[2022-01-20 03:44:37,437] {processor.py:163} INFO - Started process (PID=5213) to work on /home/airflow/.local/lib/python3.7/site-packages/airflow/example_dags/example_xcomargs.py
[2022-01-20 03:44:37,444] {processor.py:620} INFO - Processing file /home/airflow/.local/lib/python3.7/site-packages/airflow/example_dags/example_xcomargs.py for tasks to queue
[2022-01-20 03:44:37,447] {logging_mixin.py:109} INFO - [2022-01-20 03:44:37,446] {dagbag.py:500} INFO - Filling up the DagBag from /home/airflow/.local/lib/python3.7/site-packages/airflow/example_dags/example_xcomargs.py
[2022-01-20 03:44:37,568] {processor.py:632} INFO - DAG(s) dict_keys(['example_xcom_args', 'example_xcom_args_with_operators']) retrieved from /home/airflow/.local/lib/python3.7/site-packages/airflow/example_dags/example_xcomargs.py
[2022-01-20 03:44:38,848] {logging_mixin.py:109} INFO - [2022-01-20 03:44:38,848] {dag.py:2389} INFO - Sync 2 DAGs
[2022-01-20 03:44:38,902] {logging_mixin.py:109} INFO - [2022-01-20 03:44:38,902] {dag.py:2914} INFO - Setting next_dagrun for example_xcom_args to None
[2022-01-20 03:44:38,906] {logging_mixin.py:109} INFO - [2022-01-20 03:44:38,905] {dag.py:2914} INFO - Setting next_dagrun for example_xcom_args_with_operators to None
[2022-01-20 03:44:38,942] {processor.py:171} INFO - Processing /home/airflow/.local/lib/python3.7/site-packages/airflow/example_dags/example_xcomargs.py took 1.513 seconds
[2022-01-20 03:45:09,537] {processor.py:163} INFO - Started process (PID=5316) to work on /home/airflow/.local/lib/python3.7/site-packages/airflow/example_dags/example_xcomargs.py
[2022-01-20 03:45:09,542] {processor.py:620} INFO - Processing file /home/airflow/.local/lib/python3.7/site-packages/airflow/example_dags/example_xcomargs.py for tasks to queue
[2022-01-20 03:45:09,550] {logging_mixin.py:109} INFO - [2022-01-20 03:45:09,549] {dagbag.py:500} INFO - Filling up the DagBag from /home/airflow/.local/lib/python3.7/site-packages/airflow/example_dags/example_xcomargs.py
[2022-01-20 03:45:09,656] {processor.py:632} INFO - DAG(s) dict_keys(['example_xcom_args', 'example_xcom_args_with_operators']) retrieved from /home/airflow/.local/lib/python3.7/site-packages/airflow/example_dags/example_xcomargs.py
[2022-01-20 03:45:10,565] {logging_mixin.py:109} INFO - [2022-01-20 03:45:10,565] {dag.py:2389} INFO - Sync 2 DAGs
[2022-01-20 03:45:10,619] {logging_mixin.py:109} INFO - [2022-01-20 03:45:10,619] {dag.py:2914} INFO - Setting next_dagrun for example_xcom_args to None
[2022-01-20 03:45:10,621] {logging_mixin.py:109} INFO - [2022-01-20 03:45:10,621] {dag.py:2914} INFO - Setting next_dagrun for example_xcom_args_with_operators to None
[2022-01-20 03:45:10,657] {processor.py:171} INFO - Processing /home/airflow/.local/lib/python3.7/site-packages/airflow/example_dags/example_xcomargs.py took 1.129 seconds
[2022-01-20 03:45:41,214] {processor.py:163} INFO - Started process (PID=5424) to work on /home/airflow/.local/lib/python3.7/site-packages/airflow/example_dags/example_xcomargs.py
[2022-01-20 03:45:41,218] {processor.py:620} INFO - Processing file /home/airflow/.local/lib/python3.7/site-packages/airflow/example_dags/example_xcomargs.py for tasks to queue
[2022-01-20 03:45:41,222] {logging_mixin.py:109} INFO - [2022-01-20 03:45:41,222] {dagbag.py:500} INFO - Filling up the DagBag from /home/airflow/.local/lib/python3.7/site-packages/airflow/example_dags/example_xcomargs.py
[2022-01-20 03:45:41,338] {processor.py:632} INFO - DAG(s) dict_keys(['example_xcom_args', 'example_xcom_args_with_operators']) retrieved from /home/airflow/.local/lib/python3.7/site-packages/airflow/example_dags/example_xcomargs.py
[2022-01-20 03:45:42,374] {logging_mixin.py:109} INFO - [2022-01-20 03:45:42,373] {dag.py:2389} INFO - Sync 2 DAGs
[2022-01-20 03:45:42,429] {logging_mixin.py:109} INFO - [2022-01-20 03:45:42,429] {dag.py:2914} INFO - Setting next_dagrun for example_xcom_args to None
[2022-01-20 03:45:42,432] {logging_mixin.py:109} INFO - [2022-01-20 03:45:42,432] {dag.py:2914} INFO - Setting next_dagrun for example_xcom_args_with_operators to None
[2022-01-20 03:45:42,469] {processor.py:171} INFO - Processing /home/airflow/.local/lib/python3.7/site-packages/airflow/example_dags/example_xcomargs.py took 1.263 seconds
[2022-01-20 03:46:12,913] {processor.py:163} INFO - Started process (PID=5535) to work on /home/airflow/.local/lib/python3.7/site-packages/airflow/example_dags/example_xcomargs.py
[2022-01-20 03:46:12,918] {processor.py:620} INFO - Processing file /home/airflow/.local/lib/python3.7/site-packages/airflow/example_dags/example_xcomargs.py for tasks to queue
[2022-01-20 03:46:12,921] {logging_mixin.py:109} INFO - [2022-01-20 03:46:12,921] {dagbag.py:500} INFO - Filling up the DagBag from /home/airflow/.local/lib/python3.7/site-packages/airflow/example_dags/example_xcomargs.py
[2022-01-20 03:46:13,021] {processor.py:632} INFO - DAG(s) dict_keys(['example_xcom_args', 'example_xcom_args_with_operators']) retrieved from /home/airflow/.local/lib/python3.7/site-packages/airflow/example_dags/example_xcomargs.py
[2022-01-20 03:46:14,296] {logging_mixin.py:109} INFO - [2022-01-20 03:46:14,295] {dag.py:2389} INFO - Sync 2 DAGs
[2022-01-20 03:46:14,358] {logging_mixin.py:109} INFO - [2022-01-20 03:46:14,358] {dag.py:2914} INFO - Setting next_dagrun for example_xcom_args to None
[2022-01-20 03:46:14,362] {logging_mixin.py:109} INFO - [2022-01-20 03:46:14,361] {dag.py:2914} INFO - Setting next_dagrun for example_xcom_args_with_operators to None
[2022-01-20 03:46:14,398] {processor.py:171} INFO - Processing /home/airflow/.local/lib/python3.7/site-packages/airflow/example_dags/example_xcomargs.py took 1.492 seconds
[2022-01-20 03:46:44,806] {processor.py:163} INFO - Started process (PID=5636) to work on /home/airflow/.local/lib/python3.7/site-packages/airflow/example_dags/example_xcomargs.py
[2022-01-20 03:46:44,814] {processor.py:620} INFO - Processing file /home/airflow/.local/lib/python3.7/site-packages/airflow/example_dags/example_xcomargs.py for tasks to queue
[2022-01-20 03:46:44,817] {logging_mixin.py:109} INFO - [2022-01-20 03:46:44,816] {dagbag.py:500} INFO - Filling up the DagBag from /home/airflow/.local/lib/python3.7/site-packages/airflow/example_dags/example_xcomargs.py
[2022-01-20 03:46:44,936] {processor.py:632} INFO - DAG(s) dict_keys(['example_xcom_args', 'example_xcom_args_with_operators']) retrieved from /home/airflow/.local/lib/python3.7/site-packages/airflow/example_dags/example_xcomargs.py
[2022-01-20 03:46:45,972] {logging_mixin.py:109} INFO - [2022-01-20 03:46:45,972] {dag.py:2389} INFO - Sync 2 DAGs
[2022-01-20 03:46:46,031] {logging_mixin.py:109} INFO - [2022-01-20 03:46:46,031] {dag.py:2914} INFO - Setting next_dagrun for example_xcom_args to None
[2022-01-20 03:46:46,034] {logging_mixin.py:109} INFO - [2022-01-20 03:46:46,033] {dag.py:2914} INFO - Setting next_dagrun for example_xcom_args_with_operators to None
[2022-01-20 03:46:46,070] {processor.py:171} INFO - Processing /home/airflow/.local/lib/python3.7/site-packages/airflow/example_dags/example_xcomargs.py took 1.273 seconds
[2022-01-20 03:47:16,286] {processor.py:163} INFO - Started process (PID=5754) to work on /home/airflow/.local/lib/python3.7/site-packages/airflow/example_dags/example_xcomargs.py
[2022-01-20 03:47:16,290] {processor.py:620} INFO - Processing file /home/airflow/.local/lib/python3.7/site-packages/airflow/example_dags/example_xcomargs.py for tasks to queue
[2022-01-20 03:47:16,293] {logging_mixin.py:109} INFO - [2022-01-20 03:47:16,293] {dagbag.py:500} INFO - Filling up the DagBag from /home/airflow/.local/lib/python3.7/site-packages/airflow/example_dags/example_xcomargs.py
[2022-01-20 03:47:16,394] {processor.py:632} INFO - DAG(s) dict_keys(['example_xcom_args', 'example_xcom_args_with_operators']) retrieved from /home/airflow/.local/lib/python3.7/site-packages/airflow/example_dags/example_xcomargs.py
[2022-01-20 03:47:17,611] {logging_mixin.py:109} INFO - [2022-01-20 03:47:17,610] {dag.py:2389} INFO - Sync 2 DAGs
[2022-01-20 03:47:17,673] {logging_mixin.py:109} INFO - [2022-01-20 03:47:17,672] {dag.py:2914} INFO - Setting next_dagrun for example_xcom_args to None
[2022-01-20 03:47:17,677] {logging_mixin.py:109} INFO - [2022-01-20 03:47:17,676] {dag.py:2914} INFO - Setting next_dagrun for example_xcom_args_with_operators to None
[2022-01-20 03:47:17,743] {processor.py:171} INFO - Processing /home/airflow/.local/lib/python3.7/site-packages/airflow/example_dags/example_xcomargs.py took 1.465 seconds
[2022-01-20 03:47:48,039] {processor.py:163} INFO - Started process (PID=5846) to work on /home/airflow/.local/lib/python3.7/site-packages/airflow/example_dags/example_xcomargs.py
[2022-01-20 03:47:48,043] {processor.py:620} INFO - Processing file /home/airflow/.local/lib/python3.7/site-packages/airflow/example_dags/example_xcomargs.py for tasks to queue
[2022-01-20 03:47:48,047] {logging_mixin.py:109} INFO - [2022-01-20 03:47:48,046] {dagbag.py:500} INFO - Filling up the DagBag from /home/airflow/.local/lib/python3.7/site-packages/airflow/example_dags/example_xcomargs.py
[2022-01-20 03:47:48,136] {processor.py:632} INFO - DAG(s) dict_keys(['example_xcom_args', 'example_xcom_args_with_operators']) retrieved from /home/airflow/.local/lib/python3.7/site-packages/airflow/example_dags/example_xcomargs.py
[2022-01-20 03:47:49,100] {logging_mixin.py:109} INFO - [2022-01-20 03:47:49,100] {dag.py:2389} INFO - Sync 2 DAGs
[2022-01-20 03:47:49,153] {logging_mixin.py:109} INFO - [2022-01-20 03:47:49,152] {dag.py:2914} INFO - Setting next_dagrun for example_xcom_args to None
[2022-01-20 03:47:49,156] {logging_mixin.py:109} INFO - [2022-01-20 03:47:49,156] {dag.py:2914} INFO - Setting next_dagrun for example_xcom_args_with_operators to None
[2022-01-20 03:47:49,192] {processor.py:171} INFO - Processing /home/airflow/.local/lib/python3.7/site-packages/airflow/example_dags/example_xcomargs.py took 1.161 seconds
[2022-01-20 03:48:19,729] {processor.py:163} INFO - Started process (PID=5962) to work on /home/airflow/.local/lib/python3.7/site-packages/airflow/example_dags/example_xcomargs.py
[2022-01-20 03:48:19,734] {processor.py:620} INFO - Processing file /home/airflow/.local/lib/python3.7/site-packages/airflow/example_dags/example_xcomargs.py for tasks to queue
[2022-01-20 03:48:19,737] {logging_mixin.py:109} INFO - [2022-01-20 03:48:19,737] {dagbag.py:500} INFO - Filling up the DagBag from /home/airflow/.local/lib/python3.7/site-packages/airflow/example_dags/example_xcomargs.py
[2022-01-20 03:48:19,863] {processor.py:632} INFO - DAG(s) dict_keys(['example_xcom_args', 'example_xcom_args_with_operators']) retrieved from /home/airflow/.local/lib/python3.7/site-packages/airflow/example_dags/example_xcomargs.py
[2022-01-20 03:48:21,503] {logging_mixin.py:109} INFO - [2022-01-20 03:48:21,502] {dag.py:2389} INFO - Sync 2 DAGs
[2022-01-20 03:48:21,562] {logging_mixin.py:109} INFO - [2022-01-20 03:48:21,562] {dag.py:2914} INFO - Setting next_dagrun for example_xcom_args to None
[2022-01-20 03:48:21,565] {logging_mixin.py:109} INFO - [2022-01-20 03:48:21,565] {dag.py:2914} INFO - Setting next_dagrun for example_xcom_args_with_operators to None
[2022-01-20 03:48:21,607] {processor.py:171} INFO - Processing /home/airflow/.local/lib/python3.7/site-packages/airflow/example_dags/example_xcomargs.py took 1.891 seconds
[2022-01-20 03:48:51,944] {processor.py:163} INFO - Started process (PID=6075) to work on /home/airflow/.local/lib/python3.7/site-packages/airflow/example_dags/example_xcomargs.py
[2022-01-20 03:48:51,948] {processor.py:620} INFO - Processing file /home/airflow/.local/lib/python3.7/site-packages/airflow/example_dags/example_xcomargs.py for tasks to queue
[2022-01-20 03:48:51,951] {logging_mixin.py:109} INFO - [2022-01-20 03:48:51,950] {dagbag.py:500} INFO - Filling up the DagBag from /home/airflow/.local/lib/python3.7/site-packages/airflow/example_dags/example_xcomargs.py
[2022-01-20 03:48:52,052] {processor.py:632} INFO - DAG(s) dict_keys(['example_xcom_args', 'example_xcom_args_with_operators']) retrieved from /home/airflow/.local/lib/python3.7/site-packages/airflow/example_dags/example_xcomargs.py
[2022-01-20 03:48:53,218] {logging_mixin.py:109} INFO - [2022-01-20 03:48:53,217] {dag.py:2389} INFO - Sync 2 DAGs
[2022-01-20 03:48:53,274] {logging_mixin.py:109} INFO - [2022-01-20 03:48:53,274] {dag.py:2914} INFO - Setting next_dagrun for example_xcom_args to None
[2022-01-20 03:48:53,277] {logging_mixin.py:109} INFO - [2022-01-20 03:48:53,276] {dag.py:2914} INFO - Setting next_dagrun for example_xcom_args_with_operators to None
[2022-01-20 03:48:53,399] {processor.py:171} INFO - Processing /home/airflow/.local/lib/python3.7/site-packages/airflow/example_dags/example_xcomargs.py took 1.462 seconds
[2022-01-20 03:49:24,358] {processor.py:163} INFO - Started process (PID=6187) to work on /home/airflow/.local/lib/python3.7/site-packages/airflow/example_dags/example_xcomargs.py
[2022-01-20 03:49:24,362] {processor.py:620} INFO - Processing file /home/airflow/.local/lib/python3.7/site-packages/airflow/example_dags/example_xcomargs.py for tasks to queue
[2022-01-20 03:49:24,365] {logging_mixin.py:109} INFO - [2022-01-20 03:49:24,365] {dagbag.py:500} INFO - Filling up the DagBag from /home/airflow/.local/lib/python3.7/site-packages/airflow/example_dags/example_xcomargs.py
[2022-01-20 03:49:24,462] {processor.py:632} INFO - DAG(s) dict_keys(['example_xcom_args', 'example_xcom_args_with_operators']) retrieved from /home/airflow/.local/lib/python3.7/site-packages/airflow/example_dags/example_xcomargs.py
[2022-01-20 03:49:25,385] {logging_mixin.py:109} INFO - [2022-01-20 03:49:25,384] {dag.py:2389} INFO - Sync 2 DAGs
[2022-01-20 03:49:25,435] {logging_mixin.py:109} INFO - [2022-01-20 03:49:25,434] {dag.py:2914} INFO - Setting next_dagrun for example_xcom_args to None
[2022-01-20 03:49:25,438] {logging_mixin.py:109} INFO - [2022-01-20 03:49:25,437] {dag.py:2914} INFO - Setting next_dagrun for example_xcom_args_with_operators to None
[2022-01-20 03:49:25,472] {processor.py:171} INFO - Processing /home/airflow/.local/lib/python3.7/site-packages/airflow/example_dags/example_xcomargs.py took 1.121 seconds
[2022-01-20 03:49:55,870] {processor.py:163} INFO - Started process (PID=6300) to work on /home/airflow/.local/lib/python3.7/site-packages/airflow/example_dags/example_xcomargs.py
[2022-01-20 03:49:55,874] {processor.py:620} INFO - Processing file /home/airflow/.local/lib/python3.7/site-packages/airflow/example_dags/example_xcomargs.py for tasks to queue
[2022-01-20 03:49:55,877] {logging_mixin.py:109} INFO - [2022-01-20 03:49:55,877] {dagbag.py:500} INFO - Filling up the DagBag from /home/airflow/.local/lib/python3.7/site-packages/airflow/example_dags/example_xcomargs.py
[2022-01-20 03:49:55,986] {processor.py:632} INFO - DAG(s) dict_keys(['example_xcom_args', 'example_xcom_args_with_operators']) retrieved from /home/airflow/.local/lib/python3.7/site-packages/airflow/example_dags/example_xcomargs.py
[2022-01-20 03:49:57,097] {logging_mixin.py:109} INFO - [2022-01-20 03:49:57,096] {dag.py:2389} INFO - Sync 2 DAGs
[2022-01-20 03:49:57,160] {logging_mixin.py:109} INFO - [2022-01-20 03:49:57,159] {dag.py:2914} INFO - Setting next_dagrun for example_xcom_args to None
[2022-01-20 03:49:57,163] {logging_mixin.py:109} INFO - [2022-01-20 03:49:57,163] {dag.py:2914} INFO - Setting next_dagrun for example_xcom_args_with_operators to None
[2022-01-20 03:49:57,214] {processor.py:171} INFO - Processing /home/airflow/.local/lib/python3.7/site-packages/airflow/example_dags/example_xcomargs.py took 1.352 seconds
[2022-01-20 03:50:27,803] {processor.py:163} INFO - Started process (PID=6396) to work on /home/airflow/.local/lib/python3.7/site-packages/airflow/example_dags/example_xcomargs.py
[2022-01-20 03:50:27,807] {processor.py:620} INFO - Processing file /home/airflow/.local/lib/python3.7/site-packages/airflow/example_dags/example_xcomargs.py for tasks to queue
[2022-01-20 03:50:27,809] {logging_mixin.py:109} INFO - [2022-01-20 03:50:27,809] {dagbag.py:500} INFO - Filling up the DagBag from /home/airflow/.local/lib/python3.7/site-packages/airflow/example_dags/example_xcomargs.py
[2022-01-20 03:50:27,882] {processor.py:632} INFO - DAG(s) dict_keys(['example_xcom_args', 'example_xcom_args_with_operators']) retrieved from /home/airflow/.local/lib/python3.7/site-packages/airflow/example_dags/example_xcomargs.py
[2022-01-20 03:50:28,671] {logging_mixin.py:109} INFO - [2022-01-20 03:50:28,670] {dag.py:2389} INFO - Sync 2 DAGs
[2022-01-20 03:50:28,711] {logging_mixin.py:109} INFO - [2022-01-20 03:50:28,711] {dag.py:2914} INFO - Setting next_dagrun for example_xcom_args to None
[2022-01-20 03:50:28,714] {logging_mixin.py:109} INFO - [2022-01-20 03:50:28,713] {dag.py:2914} INFO - Setting next_dagrun for example_xcom_args_with_operators to None
[2022-01-20 03:50:28,743] {processor.py:171} INFO - Processing /home/airflow/.local/lib/python3.7/site-packages/airflow/example_dags/example_xcomargs.py took 0.946 seconds
[2022-01-20 03:50:59,467] {processor.py:163} INFO - Started process (PID=6508) to work on /home/airflow/.local/lib/python3.7/site-packages/airflow/example_dags/example_xcomargs.py
[2022-01-20 03:50:59,471] {processor.py:620} INFO - Processing file /home/airflow/.local/lib/python3.7/site-packages/airflow/example_dags/example_xcomargs.py for tasks to queue
[2022-01-20 03:50:59,475] {logging_mixin.py:109} INFO - [2022-01-20 03:50:59,474] {dagbag.py:500} INFO - Filling up the DagBag from /home/airflow/.local/lib/python3.7/site-packages/airflow/example_dags/example_xcomargs.py
[2022-01-20 03:50:59,571] {processor.py:632} INFO - DAG(s) dict_keys(['example_xcom_args', 'example_xcom_args_with_operators']) retrieved from /home/airflow/.local/lib/python3.7/site-packages/airflow/example_dags/example_xcomargs.py
[2022-01-20 03:51:00,559] {logging_mixin.py:109} INFO - [2022-01-20 03:51:00,559] {dag.py:2389} INFO - Sync 2 DAGs
[2022-01-20 03:51:00,611] {logging_mixin.py:109} INFO - [2022-01-20 03:51:00,611] {dag.py:2914} INFO - Setting next_dagrun for example_xcom_args to None
[2022-01-20 03:51:00,615] {logging_mixin.py:109} INFO - [2022-01-20 03:51:00,615] {dag.py:2914} INFO - Setting next_dagrun for example_xcom_args_with_operators to None
[2022-01-20 03:51:00,650] {processor.py:171} INFO - Processing /home/airflow/.local/lib/python3.7/site-packages/airflow/example_dags/example_xcomargs.py took 1.190 seconds
[2022-01-20 03:51:30,799] {processor.py:163} INFO - Started process (PID=6610) to work on /home/airflow/.local/lib/python3.7/site-packages/airflow/example_dags/example_xcomargs.py
[2022-01-20 03:51:30,808] {processor.py:620} INFO - Processing file /home/airflow/.local/lib/python3.7/site-packages/airflow/example_dags/example_xcomargs.py for tasks to queue
[2022-01-20 03:51:30,813] {logging_mixin.py:109} INFO - [2022-01-20 03:51:30,812] {dagbag.py:500} INFO - Filling up the DagBag from /home/airflow/.local/lib/python3.7/site-packages/airflow/example_dags/example_xcomargs.py
[2022-01-20 03:51:30,979] {processor.py:632} INFO - DAG(s) dict_keys(['example_xcom_args', 'example_xcom_args_with_operators']) retrieved from /home/airflow/.local/lib/python3.7/site-packages/airflow/example_dags/example_xcomargs.py
