[2022-01-20 03:20:35,113] {processor.py:163} INFO - Started process (PID=308) to work on /home/airflow/.local/lib/python3.7/site-packages/airflow/example_dags/example_branch_operator.py
[2022-01-20 03:20:35,127] {processor.py:620} INFO - Processing file /home/airflow/.local/lib/python3.7/site-packages/airflow/example_dags/example_branch_operator.py for tasks to queue
[2022-01-20 03:20:35,141] {logging_mixin.py:109} INFO - [2022-01-20 03:20:35,141] {dagbag.py:500} INFO - Filling up the DagBag from /home/airflow/.local/lib/python3.7/site-packages/airflow/example_dags/example_branch_operator.py
[2022-01-20 03:20:35,461] {processor.py:632} INFO - DAG(s) dict_keys(['example_branch_operator']) retrieved from /home/airflow/.local/lib/python3.7/site-packages/airflow/example_dags/example_branch_operator.py
[2022-01-20 03:20:35,643] {logging_mixin.py:109} INFO - [2022-01-20 03:20:35,642] {dag.py:2389} INFO - Sync 1 DAGs
[2022-01-20 03:20:35,894] {logging_mixin.py:109} INFO - [2022-01-20 03:20:35,894] {dag.py:2914} INFO - Setting next_dagrun for example_branch_operator to 2022-01-19 00:00:00+00:00
[2022-01-20 03:20:35,996] {processor.py:171} INFO - Processing /home/airflow/.local/lib/python3.7/site-packages/airflow/example_dags/example_branch_operator.py took 0.915 seconds
[2022-01-20 03:21:07,137] {processor.py:163} INFO - Started process (PID=413) to work on /home/airflow/.local/lib/python3.7/site-packages/airflow/example_dags/example_branch_operator.py
[2022-01-20 03:21:07,148] {processor.py:620} INFO - Processing file /home/airflow/.local/lib/python3.7/site-packages/airflow/example_dags/example_branch_operator.py for tasks to queue
[2022-01-20 03:21:07,152] {logging_mixin.py:109} INFO - [2022-01-20 03:21:07,151] {dagbag.py:500} INFO - Filling up the DagBag from /home/airflow/.local/lib/python3.7/site-packages/airflow/example_dags/example_branch_operator.py
[2022-01-20 03:21:07,454] {processor.py:632} INFO - DAG(s) dict_keys(['example_branch_operator']) retrieved from /home/airflow/.local/lib/python3.7/site-packages/airflow/example_dags/example_branch_operator.py
[2022-01-20 03:21:07,681] {logging_mixin.py:109} INFO - [2022-01-20 03:21:07,680] {dag.py:2389} INFO - Sync 1 DAGs
[2022-01-20 03:21:07,871] {logging_mixin.py:109} INFO - [2022-01-20 03:21:07,867] {dag.py:2914} INFO - Setting next_dagrun for example_branch_operator to 2022-01-19 00:00:00+00:00
[2022-01-20 03:21:07,960] {processor.py:171} INFO - Processing /home/airflow/.local/lib/python3.7/site-packages/airflow/example_dags/example_branch_operator.py took 0.838 seconds
[2022-01-20 03:21:38,501] {processor.py:163} INFO - Started process (PID=523) to work on /home/airflow/.local/lib/python3.7/site-packages/airflow/example_dags/example_branch_operator.py
[2022-01-20 03:21:38,506] {processor.py:620} INFO - Processing file /home/airflow/.local/lib/python3.7/site-packages/airflow/example_dags/example_branch_operator.py for tasks to queue
[2022-01-20 03:21:38,510] {logging_mixin.py:109} INFO - [2022-01-20 03:21:38,510] {dagbag.py:500} INFO - Filling up the DagBag from /home/airflow/.local/lib/python3.7/site-packages/airflow/example_dags/example_branch_operator.py
[2022-01-20 03:21:38,696] {processor.py:632} INFO - DAG(s) dict_keys(['example_branch_operator']) retrieved from /home/airflow/.local/lib/python3.7/site-packages/airflow/example_dags/example_branch_operator.py
[2022-01-20 03:21:38,774] {logging_mixin.py:109} INFO - [2022-01-20 03:21:38,774] {dag.py:2389} INFO - Sync 1 DAGs
[2022-01-20 03:21:38,866] {logging_mixin.py:109} INFO - [2022-01-20 03:21:38,865] {dag.py:2914} INFO - Setting next_dagrun for example_branch_operator to 2022-01-19 00:00:00+00:00
[2022-01-20 03:21:38,908] {processor.py:171} INFO - Processing /home/airflow/.local/lib/python3.7/site-packages/airflow/example_dags/example_branch_operator.py took 0.414 seconds
[2022-01-20 03:22:09,062] {processor.py:163} INFO - Started process (PID=621) to work on /home/airflow/.local/lib/python3.7/site-packages/airflow/example_dags/example_branch_operator.py
[2022-01-20 03:22:09,067] {processor.py:620} INFO - Processing file /home/airflow/.local/lib/python3.7/site-packages/airflow/example_dags/example_branch_operator.py for tasks to queue
[2022-01-20 03:22:09,071] {logging_mixin.py:109} INFO - [2022-01-20 03:22:09,070] {dagbag.py:500} INFO - Filling up the DagBag from /home/airflow/.local/lib/python3.7/site-packages/airflow/example_dags/example_branch_operator.py
[2022-01-20 03:22:09,165] {processor.py:632} INFO - DAG(s) dict_keys(['example_branch_operator']) retrieved from /home/airflow/.local/lib/python3.7/site-packages/airflow/example_dags/example_branch_operator.py
[2022-01-20 03:22:09,222] {logging_mixin.py:109} INFO - [2022-01-20 03:22:09,222] {dag.py:2389} INFO - Sync 1 DAGs
[2022-01-20 03:22:09,301] {logging_mixin.py:109} INFO - [2022-01-20 03:22:09,301] {dag.py:2914} INFO - Setting next_dagrun for example_branch_operator to 2022-01-19 00:00:00+00:00
[2022-01-20 03:22:09,331] {processor.py:171} INFO - Processing /home/airflow/.local/lib/python3.7/site-packages/airflow/example_dags/example_branch_operator.py took 0.277 seconds
[2022-01-20 03:22:39,732] {processor.py:163} INFO - Started process (PID=733) to work on /home/airflow/.local/lib/python3.7/site-packages/airflow/example_dags/example_branch_operator.py
[2022-01-20 03:22:39,737] {processor.py:620} INFO - Processing file /home/airflow/.local/lib/python3.7/site-packages/airflow/example_dags/example_branch_operator.py for tasks to queue
[2022-01-20 03:22:39,743] {logging_mixin.py:109} INFO - [2022-01-20 03:22:39,742] {dagbag.py:500} INFO - Filling up the DagBag from /home/airflow/.local/lib/python3.7/site-packages/airflow/example_dags/example_branch_operator.py
[2022-01-20 03:22:39,873] {processor.py:632} INFO - DAG(s) dict_keys(['example_branch_operator']) retrieved from /home/airflow/.local/lib/python3.7/site-packages/airflow/example_dags/example_branch_operator.py
[2022-01-20 03:22:39,929] {logging_mixin.py:109} INFO - [2022-01-20 03:22:39,929] {dag.py:2389} INFO - Sync 1 DAGs
[2022-01-20 03:22:40,003] {logging_mixin.py:109} INFO - [2022-01-20 03:22:40,003] {dag.py:2914} INFO - Setting next_dagrun for example_branch_operator to 2022-01-19 00:00:00+00:00
[2022-01-20 03:22:40,036] {processor.py:171} INFO - Processing /home/airflow/.local/lib/python3.7/site-packages/airflow/example_dags/example_branch_operator.py took 0.321 seconds
[2022-01-20 03:23:10,289] {processor.py:163} INFO - Started process (PID=831) to work on /home/airflow/.local/lib/python3.7/site-packages/airflow/example_dags/example_branch_operator.py
[2022-01-20 03:23:10,296] {processor.py:620} INFO - Processing file /home/airflow/.local/lib/python3.7/site-packages/airflow/example_dags/example_branch_operator.py for tasks to queue
[2022-01-20 03:23:10,299] {logging_mixin.py:109} INFO - [2022-01-20 03:23:10,299] {dagbag.py:500} INFO - Filling up the DagBag from /home/airflow/.local/lib/python3.7/site-packages/airflow/example_dags/example_branch_operator.py
[2022-01-20 03:23:10,395] {processor.py:632} INFO - DAG(s) dict_keys(['example_branch_operator']) retrieved from /home/airflow/.local/lib/python3.7/site-packages/airflow/example_dags/example_branch_operator.py
[2022-01-20 03:23:10,449] {logging_mixin.py:109} INFO - [2022-01-20 03:23:10,448] {dag.py:2389} INFO - Sync 1 DAGs
[2022-01-20 03:23:10,519] {logging_mixin.py:109} INFO - [2022-01-20 03:23:10,518] {dag.py:2914} INFO - Setting next_dagrun for example_branch_operator to 2022-01-19 00:00:00+00:00
[2022-01-20 03:23:10,546] {processor.py:171} INFO - Processing /home/airflow/.local/lib/python3.7/site-packages/airflow/example_dags/example_branch_operator.py took 0.266 seconds
[2022-01-20 03:23:41,025] {processor.py:163} INFO - Started process (PID=942) to work on /home/airflow/.local/lib/python3.7/site-packages/airflow/example_dags/example_branch_operator.py
[2022-01-20 03:23:41,040] {processor.py:620} INFO - Processing file /home/airflow/.local/lib/python3.7/site-packages/airflow/example_dags/example_branch_operator.py for tasks to queue
[2022-01-20 03:23:41,046] {logging_mixin.py:109} INFO - [2022-01-20 03:23:41,045] {dagbag.py:500} INFO - Filling up the DagBag from /home/airflow/.local/lib/python3.7/site-packages/airflow/example_dags/example_branch_operator.py
[2022-01-20 03:23:41,217] {processor.py:632} INFO - DAG(s) dict_keys(['example_branch_operator']) retrieved from /home/airflow/.local/lib/python3.7/site-packages/airflow/example_dags/example_branch_operator.py
[2022-01-20 03:23:41,269] {logging_mixin.py:109} INFO - [2022-01-20 03:23:41,267] {dag.py:2389} INFO - Sync 1 DAGs
[2022-01-20 03:23:41,337] {logging_mixin.py:109} INFO - [2022-01-20 03:23:41,336] {dag.py:2914} INFO - Setting next_dagrun for example_branch_operator to 2022-01-19 00:00:00+00:00
[2022-01-20 03:23:41,364] {processor.py:171} INFO - Processing /home/airflow/.local/lib/python3.7/site-packages/airflow/example_dags/example_branch_operator.py took 0.346 seconds
[2022-01-20 03:24:11,519] {processor.py:163} INFO - Started process (PID=1050) to work on /home/airflow/.local/lib/python3.7/site-packages/airflow/example_dags/example_branch_operator.py
[2022-01-20 03:24:11,523] {processor.py:620} INFO - Processing file /home/airflow/.local/lib/python3.7/site-packages/airflow/example_dags/example_branch_operator.py for tasks to queue
[2022-01-20 03:24:11,526] {logging_mixin.py:109} INFO - [2022-01-20 03:24:11,526] {dagbag.py:500} INFO - Filling up the DagBag from /home/airflow/.local/lib/python3.7/site-packages/airflow/example_dags/example_branch_operator.py
[2022-01-20 03:24:11,620] {processor.py:632} INFO - DAG(s) dict_keys(['example_branch_operator']) retrieved from /home/airflow/.local/lib/python3.7/site-packages/airflow/example_dags/example_branch_operator.py
[2022-01-20 03:24:11,667] {logging_mixin.py:109} INFO - [2022-01-20 03:24:11,667] {dag.py:2389} INFO - Sync 1 DAGs
[2022-01-20 03:24:11,735] {logging_mixin.py:109} INFO - [2022-01-20 03:24:11,734] {dag.py:2914} INFO - Setting next_dagrun for example_branch_operator to 2022-01-19 00:00:00+00:00
[2022-01-20 03:24:11,765] {processor.py:171} INFO - Processing /home/airflow/.local/lib/python3.7/site-packages/airflow/example_dags/example_branch_operator.py took 0.255 seconds
[2022-01-20 03:24:44,206] {processor.py:163} INFO - Started process (PID=1154) to work on /home/airflow/.local/lib/python3.7/site-packages/airflow/example_dags/example_branch_operator.py
[2022-01-20 03:24:44,211] {processor.py:620} INFO - Processing file /home/airflow/.local/lib/python3.7/site-packages/airflow/example_dags/example_branch_operator.py for tasks to queue
[2022-01-20 03:24:44,214] {logging_mixin.py:109} INFO - [2022-01-20 03:24:44,214] {dagbag.py:500} INFO - Filling up the DagBag from /home/airflow/.local/lib/python3.7/site-packages/airflow/example_dags/example_branch_operator.py
[2022-01-20 03:24:44,303] {processor.py:632} INFO - DAG(s) dict_keys(['example_branch_operator']) retrieved from /home/airflow/.local/lib/python3.7/site-packages/airflow/example_dags/example_branch_operator.py
[2022-01-20 03:24:44,354] {logging_mixin.py:109} INFO - [2022-01-20 03:24:44,353] {dag.py:2389} INFO - Sync 1 DAGs
[2022-01-20 03:24:44,429] {logging_mixin.py:109} INFO - [2022-01-20 03:24:44,429] {dag.py:2914} INFO - Setting next_dagrun for example_branch_operator to 2022-01-19 00:00:00+00:00
[2022-01-20 03:24:44,461] {processor.py:171} INFO - Processing /home/airflow/.local/lib/python3.7/site-packages/airflow/example_dags/example_branch_operator.py took 0.261 seconds
[2022-01-20 03:25:18,118] {processor.py:163} INFO - Started process (PID=1267) to work on /home/airflow/.local/lib/python3.7/site-packages/airflow/example_dags/example_branch_operator.py
[2022-01-20 03:25:18,123] {processor.py:620} INFO - Processing file /home/airflow/.local/lib/python3.7/site-packages/airflow/example_dags/example_branch_operator.py for tasks to queue
[2022-01-20 03:25:18,127] {logging_mixin.py:109} INFO - [2022-01-20 03:25:18,127] {dagbag.py:500} INFO - Filling up the DagBag from /home/airflow/.local/lib/python3.7/site-packages/airflow/example_dags/example_branch_operator.py
[2022-01-20 03:25:18,309] {processor.py:632} INFO - DAG(s) dict_keys(['example_branch_operator']) retrieved from /home/airflow/.local/lib/python3.7/site-packages/airflow/example_dags/example_branch_operator.py
[2022-01-20 03:25:18,395] {logging_mixin.py:109} INFO - [2022-01-20 03:25:18,394] {dag.py:2389} INFO - Sync 1 DAGs
[2022-01-20 03:25:18,523] {logging_mixin.py:109} INFO - [2022-01-20 03:25:18,522] {dag.py:2914} INFO - Setting next_dagrun for example_branch_operator to 2022-01-19 00:00:00+00:00
[2022-01-20 03:25:18,583] {processor.py:171} INFO - Processing /home/airflow/.local/lib/python3.7/site-packages/airflow/example_dags/example_branch_operator.py took 0.472 seconds
[2022-01-20 03:25:50,831] {processor.py:163} INFO - Started process (PID=1382) to work on /home/airflow/.local/lib/python3.7/site-packages/airflow/example_dags/example_branch_operator.py
[2022-01-20 03:25:50,835] {processor.py:620} INFO - Processing file /home/airflow/.local/lib/python3.7/site-packages/airflow/example_dags/example_branch_operator.py for tasks to queue
[2022-01-20 03:25:50,838] {logging_mixin.py:109} INFO - [2022-01-20 03:25:50,838] {dagbag.py:500} INFO - Filling up the DagBag from /home/airflow/.local/lib/python3.7/site-packages/airflow/example_dags/example_branch_operator.py
[2022-01-20 03:25:50,942] {processor.py:632} INFO - DAG(s) dict_keys(['example_branch_operator']) retrieved from /home/airflow/.local/lib/python3.7/site-packages/airflow/example_dags/example_branch_operator.py
[2022-01-20 03:25:50,999] {logging_mixin.py:109} INFO - [2022-01-20 03:25:50,999] {dag.py:2389} INFO - Sync 1 DAGs
[2022-01-20 03:25:51,100] {logging_mixin.py:109} INFO - [2022-01-20 03:25:51,099] {dag.py:2914} INFO - Setting next_dagrun for example_branch_operator to 2022-01-19 00:00:00+00:00
[2022-01-20 03:25:51,137] {processor.py:171} INFO - Processing /home/airflow/.local/lib/python3.7/site-packages/airflow/example_dags/example_branch_operator.py took 0.313 seconds
[2022-01-20 03:26:24,395] {processor.py:163} INFO - Started process (PID=1489) to work on /home/airflow/.local/lib/python3.7/site-packages/airflow/example_dags/example_branch_operator.py
[2022-01-20 03:26:24,400] {processor.py:620} INFO - Processing file /home/airflow/.local/lib/python3.7/site-packages/airflow/example_dags/example_branch_operator.py for tasks to queue
[2022-01-20 03:26:24,403] {logging_mixin.py:109} INFO - [2022-01-20 03:26:24,402] {dagbag.py:500} INFO - Filling up the DagBag from /home/airflow/.local/lib/python3.7/site-packages/airflow/example_dags/example_branch_operator.py
[2022-01-20 03:26:24,491] {processor.py:632} INFO - DAG(s) dict_keys(['example_branch_operator']) retrieved from /home/airflow/.local/lib/python3.7/site-packages/airflow/example_dags/example_branch_operator.py
[2022-01-20 03:26:24,540] {logging_mixin.py:109} INFO - [2022-01-20 03:26:24,539] {dag.py:2389} INFO - Sync 1 DAGs
[2022-01-20 03:26:24,607] {logging_mixin.py:109} INFO - [2022-01-20 03:26:24,607] {dag.py:2914} INFO - Setting next_dagrun for example_branch_operator to 2022-01-19 00:00:00+00:00
[2022-01-20 03:26:24,635] {processor.py:171} INFO - Processing /home/airflow/.local/lib/python3.7/site-packages/airflow/example_dags/example_branch_operator.py took 0.249 seconds
[2022-01-20 03:26:59,716] {processor.py:163} INFO - Started process (PID=1609) to work on /home/airflow/.local/lib/python3.7/site-packages/airflow/example_dags/example_branch_operator.py
[2022-01-20 03:26:59,720] {processor.py:620} INFO - Processing file /home/airflow/.local/lib/python3.7/site-packages/airflow/example_dags/example_branch_operator.py for tasks to queue
[2022-01-20 03:26:59,724] {logging_mixin.py:109} INFO - [2022-01-20 03:26:59,723] {dagbag.py:500} INFO - Filling up the DagBag from /home/airflow/.local/lib/python3.7/site-packages/airflow/example_dags/example_branch_operator.py
[2022-01-20 03:26:59,812] {processor.py:632} INFO - DAG(s) dict_keys(['example_branch_operator']) retrieved from /home/airflow/.local/lib/python3.7/site-packages/airflow/example_dags/example_branch_operator.py
[2022-01-20 03:26:59,870] {logging_mixin.py:109} INFO - [2022-01-20 03:26:59,870] {dag.py:2389} INFO - Sync 1 DAGs
[2022-01-20 03:26:59,935] {logging_mixin.py:109} INFO - [2022-01-20 03:26:59,934] {dag.py:2914} INFO - Setting next_dagrun for example_branch_operator to 2022-01-19 00:00:00+00:00
[2022-01-20 03:26:59,963] {processor.py:171} INFO - Processing /home/airflow/.local/lib/python3.7/site-packages/airflow/example_dags/example_branch_operator.py took 0.254 seconds
[2022-01-20 03:27:30,851] {processor.py:163} INFO - Started process (PID=1718) to work on /home/airflow/.local/lib/python3.7/site-packages/airflow/example_dags/example_branch_operator.py
[2022-01-20 03:27:30,855] {processor.py:620} INFO - Processing file /home/airflow/.local/lib/python3.7/site-packages/airflow/example_dags/example_branch_operator.py for tasks to queue
[2022-01-20 03:27:30,859] {logging_mixin.py:109} INFO - [2022-01-20 03:27:30,858] {dagbag.py:500} INFO - Filling up the DagBag from /home/airflow/.local/lib/python3.7/site-packages/airflow/example_dags/example_branch_operator.py
[2022-01-20 03:27:30,963] {processor.py:632} INFO - DAG(s) dict_keys(['example_branch_operator']) retrieved from /home/airflow/.local/lib/python3.7/site-packages/airflow/example_dags/example_branch_operator.py
[2022-01-20 03:27:31,015] {logging_mixin.py:109} INFO - [2022-01-20 03:27:31,015] {dag.py:2389} INFO - Sync 1 DAGs
[2022-01-20 03:27:31,086] {logging_mixin.py:109} INFO - [2022-01-20 03:27:31,086] {dag.py:2914} INFO - Setting next_dagrun for example_branch_operator to 2022-01-19 00:00:00+00:00
[2022-01-20 03:27:31,115] {processor.py:171} INFO - Processing /home/airflow/.local/lib/python3.7/site-packages/airflow/example_dags/example_branch_operator.py took 0.271 seconds
[2022-01-20 03:28:04,414] {processor.py:163} INFO - Started process (PID=1822) to work on /home/airflow/.local/lib/python3.7/site-packages/airflow/example_dags/example_branch_operator.py
[2022-01-20 03:28:04,419] {processor.py:620} INFO - Processing file /home/airflow/.local/lib/python3.7/site-packages/airflow/example_dags/example_branch_operator.py for tasks to queue
[2022-01-20 03:28:04,422] {logging_mixin.py:109} INFO - [2022-01-20 03:28:04,421] {dagbag.py:500} INFO - Filling up the DagBag from /home/airflow/.local/lib/python3.7/site-packages/airflow/example_dags/example_branch_operator.py
[2022-01-20 03:28:04,507] {processor.py:632} INFO - DAG(s) dict_keys(['example_branch_operator']) retrieved from /home/airflow/.local/lib/python3.7/site-packages/airflow/example_dags/example_branch_operator.py
[2022-01-20 03:28:04,560] {logging_mixin.py:109} INFO - [2022-01-20 03:28:04,560] {dag.py:2389} INFO - Sync 1 DAGs
[2022-01-20 03:28:04,628] {logging_mixin.py:109} INFO - [2022-01-20 03:28:04,627] {dag.py:2914} INFO - Setting next_dagrun for example_branch_operator to 2022-01-19 00:00:00+00:00
[2022-01-20 03:28:04,656] {processor.py:171} INFO - Processing /home/airflow/.local/lib/python3.7/site-packages/airflow/example_dags/example_branch_operator.py took 0.249 seconds
[2022-01-20 03:28:37,055] {processor.py:163} INFO - Started process (PID=1933) to work on /home/airflow/.local/lib/python3.7/site-packages/airflow/example_dags/example_branch_operator.py
[2022-01-20 03:28:37,059] {processor.py:620} INFO - Processing file /home/airflow/.local/lib/python3.7/site-packages/airflow/example_dags/example_branch_operator.py for tasks to queue
[2022-01-20 03:28:37,063] {logging_mixin.py:109} INFO - [2022-01-20 03:28:37,063] {dagbag.py:500} INFO - Filling up the DagBag from /home/airflow/.local/lib/python3.7/site-packages/airflow/example_dags/example_branch_operator.py
[2022-01-20 03:28:37,169] {processor.py:632} INFO - DAG(s) dict_keys(['example_branch_operator']) retrieved from /home/airflow/.local/lib/python3.7/site-packages/airflow/example_dags/example_branch_operator.py
[2022-01-20 03:28:37,223] {logging_mixin.py:109} INFO - [2022-01-20 03:28:37,223] {dag.py:2389} INFO - Sync 1 DAGs
[2022-01-20 03:28:37,301] {logging_mixin.py:109} INFO - [2022-01-20 03:28:37,301] {dag.py:2914} INFO - Setting next_dagrun for example_branch_operator to 2022-01-19 00:00:00+00:00
[2022-01-20 03:28:37,333] {processor.py:171} INFO - Processing /home/airflow/.local/lib/python3.7/site-packages/airflow/example_dags/example_branch_operator.py took 0.286 seconds
[2022-01-20 03:29:08,241] {processor.py:163} INFO - Started process (PID=2029) to work on /home/airflow/.local/lib/python3.7/site-packages/airflow/example_dags/example_branch_operator.py
[2022-01-20 03:29:08,247] {processor.py:620} INFO - Processing file /home/airflow/.local/lib/python3.7/site-packages/airflow/example_dags/example_branch_operator.py for tasks to queue
[2022-01-20 03:29:08,251] {logging_mixin.py:109} INFO - [2022-01-20 03:29:08,251] {dagbag.py:500} INFO - Filling up the DagBag from /home/airflow/.local/lib/python3.7/site-packages/airflow/example_dags/example_branch_operator.py
[2022-01-20 03:29:08,337] {processor.py:632} INFO - DAG(s) dict_keys(['example_branch_operator']) retrieved from /home/airflow/.local/lib/python3.7/site-packages/airflow/example_dags/example_branch_operator.py
[2022-01-20 03:29:08,379] {logging_mixin.py:109} INFO - [2022-01-20 03:29:08,378] {dag.py:2389} INFO - Sync 1 DAGs
[2022-01-20 03:29:08,432] {logging_mixin.py:109} INFO - [2022-01-20 03:29:08,432] {dag.py:2914} INFO - Setting next_dagrun for example_branch_operator to 2022-01-19 00:00:00+00:00
[2022-01-20 03:29:08,457] {processor.py:171} INFO - Processing /home/airflow/.local/lib/python3.7/site-packages/airflow/example_dags/example_branch_operator.py took 0.229 seconds
[2022-01-20 03:29:39,994] {processor.py:163} INFO - Started process (PID=2142) to work on /home/airflow/.local/lib/python3.7/site-packages/airflow/example_dags/example_branch_operator.py
[2022-01-20 03:29:39,999] {processor.py:620} INFO - Processing file /home/airflow/.local/lib/python3.7/site-packages/airflow/example_dags/example_branch_operator.py for tasks to queue
[2022-01-20 03:29:40,002] {logging_mixin.py:109} INFO - [2022-01-20 03:29:40,001] {dagbag.py:500} INFO - Filling up the DagBag from /home/airflow/.local/lib/python3.7/site-packages/airflow/example_dags/example_branch_operator.py
[2022-01-20 03:29:40,091] {processor.py:632} INFO - DAG(s) dict_keys(['example_branch_operator']) retrieved from /home/airflow/.local/lib/python3.7/site-packages/airflow/example_dags/example_branch_operator.py
[2022-01-20 03:29:40,144] {logging_mixin.py:109} INFO - [2022-01-20 03:29:40,143] {dag.py:2389} INFO - Sync 1 DAGs
[2022-01-20 03:29:40,213] {logging_mixin.py:109} INFO - [2022-01-20 03:29:40,212] {dag.py:2914} INFO - Setting next_dagrun for example_branch_operator to 2022-01-19 00:00:00+00:00
[2022-01-20 03:29:40,242] {processor.py:171} INFO - Processing /home/airflow/.local/lib/python3.7/site-packages/airflow/example_dags/example_branch_operator.py took 0.255 seconds
[2022-01-20 03:30:11,033] {processor.py:163} INFO - Started process (PID=2244) to work on /home/airflow/.local/lib/python3.7/site-packages/airflow/example_dags/example_branch_operator.py
[2022-01-20 03:30:11,038] {processor.py:620} INFO - Processing file /home/airflow/.local/lib/python3.7/site-packages/airflow/example_dags/example_branch_operator.py for tasks to queue
[2022-01-20 03:30:11,042] {logging_mixin.py:109} INFO - [2022-01-20 03:30:11,042] {dagbag.py:500} INFO - Filling up the DagBag from /home/airflow/.local/lib/python3.7/site-packages/airflow/example_dags/example_branch_operator.py
[2022-01-20 03:30:11,138] {processor.py:632} INFO - DAG(s) dict_keys(['example_branch_operator']) retrieved from /home/airflow/.local/lib/python3.7/site-packages/airflow/example_dags/example_branch_operator.py
[2022-01-20 03:30:11,191] {logging_mixin.py:109} INFO - [2022-01-20 03:30:11,191] {dag.py:2389} INFO - Sync 1 DAGs
[2022-01-20 03:30:11,268] {logging_mixin.py:109} INFO - [2022-01-20 03:30:11,268] {dag.py:2914} INFO - Setting next_dagrun for example_branch_operator to 2022-01-19 00:00:00+00:00
[2022-01-20 03:30:11,324] {processor.py:171} INFO - Processing /home/airflow/.local/lib/python3.7/site-packages/airflow/example_dags/example_branch_operator.py took 0.300 seconds
[2022-01-20 03:30:41,383] {processor.py:163} INFO - Started process (PID=2345) to work on /home/airflow/.local/lib/python3.7/site-packages/airflow/example_dags/example_branch_operator.py
[2022-01-20 03:30:41,388] {processor.py:620} INFO - Processing file /home/airflow/.local/lib/python3.7/site-packages/airflow/example_dags/example_branch_operator.py for tasks to queue
[2022-01-20 03:30:41,391] {logging_mixin.py:109} INFO - [2022-01-20 03:30:41,391] {dagbag.py:500} INFO - Filling up the DagBag from /home/airflow/.local/lib/python3.7/site-packages/airflow/example_dags/example_branch_operator.py
[2022-01-20 03:30:41,478] {processor.py:632} INFO - DAG(s) dict_keys(['example_branch_operator']) retrieved from /home/airflow/.local/lib/python3.7/site-packages/airflow/example_dags/example_branch_operator.py
[2022-01-20 03:30:41,527] {logging_mixin.py:109} INFO - [2022-01-20 03:30:41,527] {dag.py:2389} INFO - Sync 1 DAGs
[2022-01-20 03:30:41,599] {logging_mixin.py:109} INFO - [2022-01-20 03:30:41,598] {dag.py:2914} INFO - Setting next_dagrun for example_branch_operator to 2022-01-19 00:00:00+00:00
[2022-01-20 03:30:41,627] {processor.py:171} INFO - Processing /home/airflow/.local/lib/python3.7/site-packages/airflow/example_dags/example_branch_operator.py took 0.251 seconds
[2022-01-20 03:31:11,911] {processor.py:163} INFO - Started process (PID=2456) to work on /home/airflow/.local/lib/python3.7/site-packages/airflow/example_dags/example_branch_operator.py
[2022-01-20 03:31:11,915] {processor.py:620} INFO - Processing file /home/airflow/.local/lib/python3.7/site-packages/airflow/example_dags/example_branch_operator.py for tasks to queue
[2022-01-20 03:31:11,918] {logging_mixin.py:109} INFO - [2022-01-20 03:31:11,918] {dagbag.py:500} INFO - Filling up the DagBag from /home/airflow/.local/lib/python3.7/site-packages/airflow/example_dags/example_branch_operator.py
[2022-01-20 03:31:12,008] {processor.py:632} INFO - DAG(s) dict_keys(['example_branch_operator']) retrieved from /home/airflow/.local/lib/python3.7/site-packages/airflow/example_dags/example_branch_operator.py
[2022-01-20 03:31:12,063] {logging_mixin.py:109} INFO - [2022-01-20 03:31:12,063] {dag.py:2389} INFO - Sync 1 DAGs
[2022-01-20 03:31:12,278] {logging_mixin.py:109} INFO - [2022-01-20 03:31:12,277] {dag.py:2914} INFO - Setting next_dagrun for example_branch_operator to 2022-01-19 00:00:00+00:00
[2022-01-20 03:31:12,318] {processor.py:171} INFO - Processing /home/airflow/.local/lib/python3.7/site-packages/airflow/example_dags/example_branch_operator.py took 0.416 seconds
[2022-01-20 03:31:42,365] {processor.py:163} INFO - Started process (PID=2555) to work on /home/airflow/.local/lib/python3.7/site-packages/airflow/example_dags/example_branch_operator.py
[2022-01-20 03:31:42,370] {processor.py:620} INFO - Processing file /home/airflow/.local/lib/python3.7/site-packages/airflow/example_dags/example_branch_operator.py for tasks to queue
[2022-01-20 03:31:42,373] {logging_mixin.py:109} INFO - [2022-01-20 03:31:42,373] {dagbag.py:500} INFO - Filling up the DagBag from /home/airflow/.local/lib/python3.7/site-packages/airflow/example_dags/example_branch_operator.py
[2022-01-20 03:31:42,463] {processor.py:632} INFO - DAG(s) dict_keys(['example_branch_operator']) retrieved from /home/airflow/.local/lib/python3.7/site-packages/airflow/example_dags/example_branch_operator.py
[2022-01-20 03:31:42,515] {logging_mixin.py:109} INFO - [2022-01-20 03:31:42,514] {dag.py:2389} INFO - Sync 1 DAGs
[2022-01-20 03:31:42,684] {logging_mixin.py:109} INFO - [2022-01-20 03:31:42,684] {dag.py:2914} INFO - Setting next_dagrun for example_branch_operator to 2022-01-19 00:00:00+00:00
[2022-01-20 03:31:42,711] {processor.py:171} INFO - Processing /home/airflow/.local/lib/python3.7/site-packages/airflow/example_dags/example_branch_operator.py took 0.353 seconds
[2022-01-20 03:32:12,813] {processor.py:163} INFO - Started process (PID=2669) to work on /home/airflow/.local/lib/python3.7/site-packages/airflow/example_dags/example_branch_operator.py
[2022-01-20 03:32:12,817] {processor.py:620} INFO - Processing file /home/airflow/.local/lib/python3.7/site-packages/airflow/example_dags/example_branch_operator.py for tasks to queue
[2022-01-20 03:32:12,820] {logging_mixin.py:109} INFO - [2022-01-20 03:32:12,819] {dagbag.py:500} INFO - Filling up the DagBag from /home/airflow/.local/lib/python3.7/site-packages/airflow/example_dags/example_branch_operator.py
[2022-01-20 03:32:12,934] {processor.py:632} INFO - DAG(s) dict_keys(['example_branch_operator']) retrieved from /home/airflow/.local/lib/python3.7/site-packages/airflow/example_dags/example_branch_operator.py
[2022-01-20 03:32:12,985] {logging_mixin.py:109} INFO - [2022-01-20 03:32:12,984] {dag.py:2389} INFO - Sync 1 DAGs
[2022-01-20 03:32:13,180] {logging_mixin.py:109} INFO - [2022-01-20 03:32:13,179] {dag.py:2914} INFO - Setting next_dagrun for example_branch_operator to 2022-01-19 00:00:00+00:00
[2022-01-20 03:32:13,211] {processor.py:171} INFO - Processing /home/airflow/.local/lib/python3.7/site-packages/airflow/example_dags/example_branch_operator.py took 0.406 seconds
[2022-01-20 03:32:43,460] {processor.py:163} INFO - Started process (PID=2766) to work on /home/airflow/.local/lib/python3.7/site-packages/airflow/example_dags/example_branch_operator.py
[2022-01-20 03:32:43,464] {processor.py:620} INFO - Processing file /home/airflow/.local/lib/python3.7/site-packages/airflow/example_dags/example_branch_operator.py for tasks to queue
[2022-01-20 03:32:43,467] {logging_mixin.py:109} INFO - [2022-01-20 03:32:43,467] {dagbag.py:500} INFO - Filling up the DagBag from /home/airflow/.local/lib/python3.7/site-packages/airflow/example_dags/example_branch_operator.py
[2022-01-20 03:32:43,559] {processor.py:632} INFO - DAG(s) dict_keys(['example_branch_operator']) retrieved from /home/airflow/.local/lib/python3.7/site-packages/airflow/example_dags/example_branch_operator.py
[2022-01-20 03:32:43,611] {logging_mixin.py:109} INFO - [2022-01-20 03:32:43,611] {dag.py:2389} INFO - Sync 1 DAGs
[2022-01-20 03:32:43,805] {logging_mixin.py:109} INFO - [2022-01-20 03:32:43,804] {dag.py:2914} INFO - Setting next_dagrun for example_branch_operator to 2022-01-19 00:00:00+00:00
[2022-01-20 03:32:43,838] {processor.py:171} INFO - Processing /home/airflow/.local/lib/python3.7/site-packages/airflow/example_dags/example_branch_operator.py took 0.386 seconds
[2022-01-20 03:33:14,479] {processor.py:163} INFO - Started process (PID=2881) to work on /home/airflow/.local/lib/python3.7/site-packages/airflow/example_dags/example_branch_operator.py
[2022-01-20 03:33:14,484] {processor.py:620} INFO - Processing file /home/airflow/.local/lib/python3.7/site-packages/airflow/example_dags/example_branch_operator.py for tasks to queue
[2022-01-20 03:33:14,488] {logging_mixin.py:109} INFO - [2022-01-20 03:33:14,488] {dagbag.py:500} INFO - Filling up the DagBag from /home/airflow/.local/lib/python3.7/site-packages/airflow/example_dags/example_branch_operator.py
[2022-01-20 03:33:14,592] {processor.py:632} INFO - DAG(s) dict_keys(['example_branch_operator']) retrieved from /home/airflow/.local/lib/python3.7/site-packages/airflow/example_dags/example_branch_operator.py
[2022-01-20 03:33:14,766] {logging_mixin.py:109} INFO - [2022-01-20 03:33:14,765] {dag.py:2389} INFO - Sync 1 DAGs
[2022-01-20 03:33:14,851] {logging_mixin.py:109} INFO - [2022-01-20 03:33:14,850] {dag.py:2914} INFO - Setting next_dagrun for example_branch_operator to 2022-01-19 00:00:00+00:00
[2022-01-20 03:33:14,882] {processor.py:171} INFO - Processing /home/airflow/.local/lib/python3.7/site-packages/airflow/example_dags/example_branch_operator.py took 0.411 seconds
[2022-01-20 03:33:45,204] {processor.py:163} INFO - Started process (PID=2977) to work on /home/airflow/.local/lib/python3.7/site-packages/airflow/example_dags/example_branch_operator.py
[2022-01-20 03:33:45,209] {processor.py:620} INFO - Processing file /home/airflow/.local/lib/python3.7/site-packages/airflow/example_dags/example_branch_operator.py for tasks to queue
[2022-01-20 03:33:45,213] {logging_mixin.py:109} INFO - [2022-01-20 03:33:45,212] {dagbag.py:500} INFO - Filling up the DagBag from /home/airflow/.local/lib/python3.7/site-packages/airflow/example_dags/example_branch_operator.py
[2022-01-20 03:33:45,426] {processor.py:632} INFO - DAG(s) dict_keys(['example_branch_operator']) retrieved from /home/airflow/.local/lib/python3.7/site-packages/airflow/example_dags/example_branch_operator.py
[2022-01-20 03:33:45,477] {logging_mixin.py:109} INFO - [2022-01-20 03:33:45,476] {dag.py:2389} INFO - Sync 1 DAGs
[2022-01-20 03:33:45,544] {logging_mixin.py:109} INFO - [2022-01-20 03:33:45,543] {dag.py:2914} INFO - Setting next_dagrun for example_branch_operator to 2022-01-19 00:00:00+00:00
[2022-01-20 03:33:45,573] {processor.py:171} INFO - Processing /home/airflow/.local/lib/python3.7/site-packages/airflow/example_dags/example_branch_operator.py took 0.377 seconds
[2022-01-20 03:34:15,676] {processor.py:163} INFO - Started process (PID=3088) to work on /home/airflow/.local/lib/python3.7/site-packages/airflow/example_dags/example_branch_operator.py
[2022-01-20 03:34:15,680] {processor.py:620} INFO - Processing file /home/airflow/.local/lib/python3.7/site-packages/airflow/example_dags/example_branch_operator.py for tasks to queue
[2022-01-20 03:34:15,683] {logging_mixin.py:109} INFO - [2022-01-20 03:34:15,683] {dagbag.py:500} INFO - Filling up the DagBag from /home/airflow/.local/lib/python3.7/site-packages/airflow/example_dags/example_branch_operator.py
[2022-01-20 03:34:15,887] {processor.py:632} INFO - DAG(s) dict_keys(['example_branch_operator']) retrieved from /home/airflow/.local/lib/python3.7/site-packages/airflow/example_dags/example_branch_operator.py
[2022-01-20 03:34:15,933] {logging_mixin.py:109} INFO - [2022-01-20 03:34:15,932] {dag.py:2389} INFO - Sync 1 DAGs
[2022-01-20 03:34:15,997] {logging_mixin.py:109} INFO - [2022-01-20 03:34:15,997] {dag.py:2914} INFO - Setting next_dagrun for example_branch_operator to 2022-01-19 00:00:00+00:00
[2022-01-20 03:34:16,026] {processor.py:171} INFO - Processing /home/airflow/.local/lib/python3.7/site-packages/airflow/example_dags/example_branch_operator.py took 0.357 seconds
[2022-01-20 03:34:46,133] {processor.py:163} INFO - Started process (PID=3184) to work on /home/airflow/.local/lib/python3.7/site-packages/airflow/example_dags/example_branch_operator.py
[2022-01-20 03:34:46,138] {processor.py:620} INFO - Processing file /home/airflow/.local/lib/python3.7/site-packages/airflow/example_dags/example_branch_operator.py for tasks to queue
[2022-01-20 03:34:46,141] {logging_mixin.py:109} INFO - [2022-01-20 03:34:46,140] {dagbag.py:500} INFO - Filling up the DagBag from /home/airflow/.local/lib/python3.7/site-packages/airflow/example_dags/example_branch_operator.py
[2022-01-20 03:34:46,322] {processor.py:632} INFO - DAG(s) dict_keys(['example_branch_operator']) retrieved from /home/airflow/.local/lib/python3.7/site-packages/airflow/example_dags/example_branch_operator.py
[2022-01-20 03:34:46,369] {logging_mixin.py:109} INFO - [2022-01-20 03:34:46,368] {dag.py:2389} INFO - Sync 1 DAGs
[2022-01-20 03:34:46,431] {logging_mixin.py:109} INFO - [2022-01-20 03:34:46,430] {dag.py:2914} INFO - Setting next_dagrun for example_branch_operator to 2022-01-19 00:00:00+00:00
[2022-01-20 03:34:46,455] {processor.py:171} INFO - Processing /home/airflow/.local/lib/python3.7/site-packages/airflow/example_dags/example_branch_operator.py took 0.329 seconds
[2022-01-20 03:35:16,713] {processor.py:163} INFO - Started process (PID=3295) to work on /home/airflow/.local/lib/python3.7/site-packages/airflow/example_dags/example_branch_operator.py
[2022-01-20 03:35:16,722] {processor.py:620} INFO - Processing file /home/airflow/.local/lib/python3.7/site-packages/airflow/example_dags/example_branch_operator.py for tasks to queue
[2022-01-20 03:35:16,733] {logging_mixin.py:109} INFO - [2022-01-20 03:35:16,732] {dagbag.py:500} INFO - Filling up the DagBag from /home/airflow/.local/lib/python3.7/site-packages/airflow/example_dags/example_branch_operator.py
[2022-01-20 03:35:16,963] {processor.py:632} INFO - DAG(s) dict_keys(['example_branch_operator']) retrieved from /home/airflow/.local/lib/python3.7/site-packages/airflow/example_dags/example_branch_operator.py
[2022-01-20 03:35:17,011] {logging_mixin.py:109} INFO - [2022-01-20 03:35:17,011] {dag.py:2389} INFO - Sync 1 DAGs
[2022-01-20 03:35:17,084] {logging_mixin.py:109} INFO - [2022-01-20 03:35:17,084] {dag.py:2914} INFO - Setting next_dagrun for example_branch_operator to 2022-01-19 00:00:00+00:00
[2022-01-20 03:35:17,120] {processor.py:171} INFO - Processing /home/airflow/.local/lib/python3.7/site-packages/airflow/example_dags/example_branch_operator.py took 0.429 seconds
[2022-01-20 03:35:47,539] {processor.py:163} INFO - Started process (PID=3392) to work on /home/airflow/.local/lib/python3.7/site-packages/airflow/example_dags/example_branch_operator.py
[2022-01-20 03:35:47,543] {processor.py:620} INFO - Processing file /home/airflow/.local/lib/python3.7/site-packages/airflow/example_dags/example_branch_operator.py for tasks to queue
[2022-01-20 03:35:47,546] {logging_mixin.py:109} INFO - [2022-01-20 03:35:47,545] {dagbag.py:500} INFO - Filling up the DagBag from /home/airflow/.local/lib/python3.7/site-packages/airflow/example_dags/example_branch_operator.py
[2022-01-20 03:35:47,619] {processor.py:632} INFO - DAG(s) dict_keys(['example_branch_operator']) retrieved from /home/airflow/.local/lib/python3.7/site-packages/airflow/example_dags/example_branch_operator.py
[2022-01-20 03:35:47,657] {logging_mixin.py:109} INFO - [2022-01-20 03:35:47,657] {dag.py:2389} INFO - Sync 1 DAGs
[2022-01-20 03:35:47,707] {logging_mixin.py:109} INFO - [2022-01-20 03:35:47,706] {dag.py:2914} INFO - Setting next_dagrun for example_branch_operator to 2022-01-19 00:00:00+00:00
[2022-01-20 03:35:47,728] {processor.py:171} INFO - Processing /home/airflow/.local/lib/python3.7/site-packages/airflow/example_dags/example_branch_operator.py took 0.196 seconds
[2022-01-20 03:36:19,254] {processor.py:163} INFO - Started process (PID=3504) to work on /home/airflow/.local/lib/python3.7/site-packages/airflow/example_dags/example_branch_operator.py
[2022-01-20 03:36:19,259] {processor.py:620} INFO - Processing file /home/airflow/.local/lib/python3.7/site-packages/airflow/example_dags/example_branch_operator.py for tasks to queue
[2022-01-20 03:36:19,262] {logging_mixin.py:109} INFO - [2022-01-20 03:36:19,262] {dagbag.py:500} INFO - Filling up the DagBag from /home/airflow/.local/lib/python3.7/site-packages/airflow/example_dags/example_branch_operator.py
[2022-01-20 03:36:19,349] {processor.py:632} INFO - DAG(s) dict_keys(['example_branch_operator']) retrieved from /home/airflow/.local/lib/python3.7/site-packages/airflow/example_dags/example_branch_operator.py
[2022-01-20 03:36:19,396] {logging_mixin.py:109} INFO - [2022-01-20 03:36:19,395] {dag.py:2389} INFO - Sync 1 DAGs
[2022-01-20 03:36:19,478] {logging_mixin.py:109} INFO - [2022-01-20 03:36:19,477] {dag.py:2914} INFO - Setting next_dagrun for example_branch_operator to 2022-01-19 00:00:00+00:00
[2022-01-20 03:36:19,506] {processor.py:171} INFO - Processing /home/airflow/.local/lib/python3.7/site-packages/airflow/example_dags/example_branch_operator.py took 0.259 seconds
[2022-01-20 03:36:49,829] {processor.py:163} INFO - Started process (PID=3593) to work on /home/airflow/.local/lib/python3.7/site-packages/airflow/example_dags/example_branch_operator.py
[2022-01-20 03:36:49,833] {processor.py:620} INFO - Processing file /home/airflow/.local/lib/python3.7/site-packages/airflow/example_dags/example_branch_operator.py for tasks to queue
[2022-01-20 03:36:49,836] {logging_mixin.py:109} INFO - [2022-01-20 03:36:49,835] {dagbag.py:500} INFO - Filling up the DagBag from /home/airflow/.local/lib/python3.7/site-packages/airflow/example_dags/example_branch_operator.py
[2022-01-20 03:36:49,912] {processor.py:632} INFO - DAG(s) dict_keys(['example_branch_operator']) retrieved from /home/airflow/.local/lib/python3.7/site-packages/airflow/example_dags/example_branch_operator.py
[2022-01-20 03:36:49,956] {logging_mixin.py:109} INFO - [2022-01-20 03:36:49,956] {dag.py:2389} INFO - Sync 1 DAGs
[2022-01-20 03:36:50,015] {logging_mixin.py:109} INFO - [2022-01-20 03:36:50,014] {dag.py:2914} INFO - Setting next_dagrun for example_branch_operator to 2022-01-19 00:00:00+00:00
[2022-01-20 03:36:50,039] {processor.py:171} INFO - Processing /home/airflow/.local/lib/python3.7/site-packages/airflow/example_dags/example_branch_operator.py took 0.217 seconds
[2022-01-20 03:37:20,174] {processor.py:163} INFO - Started process (PID=3699) to work on /home/airflow/.local/lib/python3.7/site-packages/airflow/example_dags/example_branch_operator.py
[2022-01-20 03:37:20,196] {processor.py:620} INFO - Processing file /home/airflow/.local/lib/python3.7/site-packages/airflow/example_dags/example_branch_operator.py for tasks to queue
[2022-01-20 03:37:20,200] {logging_mixin.py:109} INFO - [2022-01-20 03:37:20,200] {dagbag.py:500} INFO - Filling up the DagBag from /home/airflow/.local/lib/python3.7/site-packages/airflow/example_dags/example_branch_operator.py
[2022-01-20 03:37:20,336] {processor.py:632} INFO - DAG(s) dict_keys(['example_branch_operator']) retrieved from /home/airflow/.local/lib/python3.7/site-packages/airflow/example_dags/example_branch_operator.py
[2022-01-20 03:37:20,385] {logging_mixin.py:109} INFO - [2022-01-20 03:37:20,385] {dag.py:2389} INFO - Sync 1 DAGs
[2022-01-20 03:37:20,454] {logging_mixin.py:109} INFO - [2022-01-20 03:37:20,454] {dag.py:2914} INFO - Setting next_dagrun for example_branch_operator to 2022-01-19 00:00:00+00:00
[2022-01-20 03:37:20,484] {processor.py:171} INFO - Processing /home/airflow/.local/lib/python3.7/site-packages/airflow/example_dags/example_branch_operator.py took 0.338 seconds
[2022-01-20 03:37:50,754] {processor.py:163} INFO - Started process (PID=3805) to work on /home/airflow/.local/lib/python3.7/site-packages/airflow/example_dags/example_branch_operator.py
[2022-01-20 03:37:50,759] {processor.py:620} INFO - Processing file /home/airflow/.local/lib/python3.7/site-packages/airflow/example_dags/example_branch_operator.py for tasks to queue
[2022-01-20 03:37:50,763] {logging_mixin.py:109} INFO - [2022-01-20 03:37:50,762] {dagbag.py:500} INFO - Filling up the DagBag from /home/airflow/.local/lib/python3.7/site-packages/airflow/example_dags/example_branch_operator.py
[2022-01-20 03:37:50,861] {processor.py:632} INFO - DAG(s) dict_keys(['example_branch_operator']) retrieved from /home/airflow/.local/lib/python3.7/site-packages/airflow/example_dags/example_branch_operator.py
[2022-01-20 03:37:50,912] {logging_mixin.py:109} INFO - [2022-01-20 03:37:50,912] {dag.py:2389} INFO - Sync 1 DAGs
[2022-01-20 03:37:50,983] {logging_mixin.py:109} INFO - [2022-01-20 03:37:50,982] {dag.py:2914} INFO - Setting next_dagrun for example_branch_operator to 2022-01-19 00:00:00+00:00
[2022-01-20 03:37:51,013] {processor.py:171} INFO - Processing /home/airflow/.local/lib/python3.7/site-packages/airflow/example_dags/example_branch_operator.py took 0.272 seconds
[2022-01-20 03:38:21,260] {processor.py:163} INFO - Started process (PID=3913) to work on /home/airflow/.local/lib/python3.7/site-packages/airflow/example_dags/example_branch_operator.py
[2022-01-20 03:38:21,266] {processor.py:620} INFO - Processing file /home/airflow/.local/lib/python3.7/site-packages/airflow/example_dags/example_branch_operator.py for tasks to queue
[2022-01-20 03:38:21,270] {logging_mixin.py:109} INFO - [2022-01-20 03:38:21,269] {dagbag.py:500} INFO - Filling up the DagBag from /home/airflow/.local/lib/python3.7/site-packages/airflow/example_dags/example_branch_operator.py
[2022-01-20 03:38:21,378] {processor.py:632} INFO - DAG(s) dict_keys(['example_branch_operator']) retrieved from /home/airflow/.local/lib/python3.7/site-packages/airflow/example_dags/example_branch_operator.py
[2022-01-20 03:38:21,444] {logging_mixin.py:109} INFO - [2022-01-20 03:38:21,444] {dag.py:2389} INFO - Sync 1 DAGs
[2022-01-20 03:38:21,511] {logging_mixin.py:109} INFO - [2022-01-20 03:38:21,511] {dag.py:2914} INFO - Setting next_dagrun for example_branch_operator to 2022-01-19 00:00:00+00:00
[2022-01-20 03:38:21,542] {processor.py:171} INFO - Processing /home/airflow/.local/lib/python3.7/site-packages/airflow/example_dags/example_branch_operator.py took 0.289 seconds
[2022-01-20 03:38:52,044] {processor.py:163} INFO - Started process (PID=4020) to work on /home/airflow/.local/lib/python3.7/site-packages/airflow/example_dags/example_branch_operator.py
[2022-01-20 03:38:52,050] {processor.py:620} INFO - Processing file /home/airflow/.local/lib/python3.7/site-packages/airflow/example_dags/example_branch_operator.py for tasks to queue
[2022-01-20 03:38:52,053] {logging_mixin.py:109} INFO - [2022-01-20 03:38:52,052] {dagbag.py:500} INFO - Filling up the DagBag from /home/airflow/.local/lib/python3.7/site-packages/airflow/example_dags/example_branch_operator.py
[2022-01-20 03:38:52,148] {processor.py:632} INFO - DAG(s) dict_keys(['example_branch_operator']) retrieved from /home/airflow/.local/lib/python3.7/site-packages/airflow/example_dags/example_branch_operator.py
[2022-01-20 03:38:52,204] {logging_mixin.py:109} INFO - [2022-01-20 03:38:52,203] {dag.py:2389} INFO - Sync 1 DAGs
[2022-01-20 03:38:52,289] {logging_mixin.py:109} INFO - [2022-01-20 03:38:52,289] {dag.py:2914} INFO - Setting next_dagrun for example_branch_operator to 2022-01-19 00:00:00+00:00
[2022-01-20 03:38:52,318] {processor.py:171} INFO - Processing /home/airflow/.local/lib/python3.7/site-packages/airflow/example_dags/example_branch_operator.py took 0.282 seconds
[2022-01-20 03:39:22,836] {processor.py:163} INFO - Started process (PID=4125) to work on /home/airflow/.local/lib/python3.7/site-packages/airflow/example_dags/example_branch_operator.py
[2022-01-20 03:39:22,839] {processor.py:620} INFO - Processing file /home/airflow/.local/lib/python3.7/site-packages/airflow/example_dags/example_branch_operator.py for tasks to queue
[2022-01-20 03:39:22,842] {logging_mixin.py:109} INFO - [2022-01-20 03:39:22,842] {dagbag.py:500} INFO - Filling up the DagBag from /home/airflow/.local/lib/python3.7/site-packages/airflow/example_dags/example_branch_operator.py
[2022-01-20 03:39:22,925] {processor.py:632} INFO - DAG(s) dict_keys(['example_branch_operator']) retrieved from /home/airflow/.local/lib/python3.7/site-packages/airflow/example_dags/example_branch_operator.py
[2022-01-20 03:39:22,975] {logging_mixin.py:109} INFO - [2022-01-20 03:39:22,974] {dag.py:2389} INFO - Sync 1 DAGs
[2022-01-20 03:39:23,040] {logging_mixin.py:109} INFO - [2022-01-20 03:39:23,039] {dag.py:2914} INFO - Setting next_dagrun for example_branch_operator to 2022-01-19 00:00:00+00:00
[2022-01-20 03:39:23,066] {processor.py:171} INFO - Processing /home/airflow/.local/lib/python3.7/site-packages/airflow/example_dags/example_branch_operator.py took 0.237 seconds
[2022-01-20 03:39:53,768] {processor.py:163} INFO - Started process (PID=4237) to work on /home/airflow/.local/lib/python3.7/site-packages/airflow/example_dags/example_branch_operator.py
[2022-01-20 03:39:53,774] {processor.py:620} INFO - Processing file /home/airflow/.local/lib/python3.7/site-packages/airflow/example_dags/example_branch_operator.py for tasks to queue
[2022-01-20 03:39:53,778] {logging_mixin.py:109} INFO - [2022-01-20 03:39:53,777] {dagbag.py:500} INFO - Filling up the DagBag from /home/airflow/.local/lib/python3.7/site-packages/airflow/example_dags/example_branch_operator.py
[2022-01-20 03:39:53,906] {processor.py:632} INFO - DAG(s) dict_keys(['example_branch_operator']) retrieved from /home/airflow/.local/lib/python3.7/site-packages/airflow/example_dags/example_branch_operator.py
[2022-01-20 03:39:53,957] {logging_mixin.py:109} INFO - [2022-01-20 03:39:53,956] {dag.py:2389} INFO - Sync 1 DAGs
[2022-01-20 03:39:54,032] {logging_mixin.py:109} INFO - [2022-01-20 03:39:54,031] {dag.py:2914} INFO - Setting next_dagrun for example_branch_operator to 2022-01-19 00:00:00+00:00
[2022-01-20 03:39:54,083] {processor.py:171} INFO - Processing /home/airflow/.local/lib/python3.7/site-packages/airflow/example_dags/example_branch_operator.py took 0.323 seconds
[2022-01-20 03:40:24,789] {processor.py:163} INFO - Started process (PID=4338) to work on /home/airflow/.local/lib/python3.7/site-packages/airflow/example_dags/example_branch_operator.py
[2022-01-20 03:40:24,793] {processor.py:620} INFO - Processing file /home/airflow/.local/lib/python3.7/site-packages/airflow/example_dags/example_branch_operator.py for tasks to queue
[2022-01-20 03:40:24,796] {logging_mixin.py:109} INFO - [2022-01-20 03:40:24,796] {dagbag.py:500} INFO - Filling up the DagBag from /home/airflow/.local/lib/python3.7/site-packages/airflow/example_dags/example_branch_operator.py
[2022-01-20 03:40:24,883] {processor.py:632} INFO - DAG(s) dict_keys(['example_branch_operator']) retrieved from /home/airflow/.local/lib/python3.7/site-packages/airflow/example_dags/example_branch_operator.py
[2022-01-20 03:40:24,933] {logging_mixin.py:109} INFO - [2022-01-20 03:40:24,933] {dag.py:2389} INFO - Sync 1 DAGs
[2022-01-20 03:40:25,007] {logging_mixin.py:109} INFO - [2022-01-20 03:40:25,007] {dag.py:2914} INFO - Setting next_dagrun for example_branch_operator to 2022-01-19 00:00:00+00:00
[2022-01-20 03:40:25,038] {processor.py:171} INFO - Processing /home/airflow/.local/lib/python3.7/site-packages/airflow/example_dags/example_branch_operator.py took 0.257 seconds
[2022-01-20 03:40:55,235] {processor.py:163} INFO - Started process (PID=4453) to work on /home/airflow/.local/lib/python3.7/site-packages/airflow/example_dags/example_branch_operator.py
[2022-01-20 03:40:55,244] {processor.py:620} INFO - Processing file /home/airflow/.local/lib/python3.7/site-packages/airflow/example_dags/example_branch_operator.py for tasks to queue
[2022-01-20 03:40:55,246] {logging_mixin.py:109} INFO - [2022-01-20 03:40:55,246] {dagbag.py:500} INFO - Filling up the DagBag from /home/airflow/.local/lib/python3.7/site-packages/airflow/example_dags/example_branch_operator.py
[2022-01-20 03:40:55,337] {processor.py:632} INFO - DAG(s) dict_keys(['example_branch_operator']) retrieved from /home/airflow/.local/lib/python3.7/site-packages/airflow/example_dags/example_branch_operator.py
[2022-01-20 03:40:55,386] {logging_mixin.py:109} INFO - [2022-01-20 03:40:55,386] {dag.py:2389} INFO - Sync 1 DAGs
[2022-01-20 03:40:55,456] {logging_mixin.py:109} INFO - [2022-01-20 03:40:55,456] {dag.py:2914} INFO - Setting next_dagrun for example_branch_operator to 2022-01-19 00:00:00+00:00
[2022-01-20 03:40:55,485] {processor.py:171} INFO - Processing /home/airflow/.local/lib/python3.7/site-packages/airflow/example_dags/example_branch_operator.py took 0.257 seconds
[2022-01-20 03:41:25,656] {processor.py:163} INFO - Started process (PID=4548) to work on /home/airflow/.local/lib/python3.7/site-packages/airflow/example_dags/example_branch_operator.py
[2022-01-20 03:41:25,660] {processor.py:620} INFO - Processing file /home/airflow/.local/lib/python3.7/site-packages/airflow/example_dags/example_branch_operator.py for tasks to queue
[2022-01-20 03:41:25,663] {logging_mixin.py:109} INFO - [2022-01-20 03:41:25,663] {dagbag.py:500} INFO - Filling up the DagBag from /home/airflow/.local/lib/python3.7/site-packages/airflow/example_dags/example_branch_operator.py
[2022-01-20 03:41:25,743] {processor.py:632} INFO - DAG(s) dict_keys(['example_branch_operator']) retrieved from /home/airflow/.local/lib/python3.7/site-packages/airflow/example_dags/example_branch_operator.py
[2022-01-20 03:41:25,790] {logging_mixin.py:109} INFO - [2022-01-20 03:41:25,790] {dag.py:2389} INFO - Sync 1 DAGs
[2022-01-20 03:41:25,852] {logging_mixin.py:109} INFO - [2022-01-20 03:41:25,851] {dag.py:2914} INFO - Setting next_dagrun for example_branch_operator to 2022-01-19 00:00:00+00:00
[2022-01-20 03:41:25,880] {processor.py:171} INFO - Processing /home/airflow/.local/lib/python3.7/site-packages/airflow/example_dags/example_branch_operator.py took 0.231 seconds
[2022-01-20 03:41:56,462] {processor.py:163} INFO - Started process (PID=4661) to work on /home/airflow/.local/lib/python3.7/site-packages/airflow/example_dags/example_branch_operator.py
[2022-01-20 03:41:56,466] {processor.py:620} INFO - Processing file /home/airflow/.local/lib/python3.7/site-packages/airflow/example_dags/example_branch_operator.py for tasks to queue
[2022-01-20 03:41:56,470] {logging_mixin.py:109} INFO - [2022-01-20 03:41:56,469] {dagbag.py:500} INFO - Filling up the DagBag from /home/airflow/.local/lib/python3.7/site-packages/airflow/example_dags/example_branch_operator.py
[2022-01-20 03:41:56,562] {processor.py:632} INFO - DAG(s) dict_keys(['example_branch_operator']) retrieved from /home/airflow/.local/lib/python3.7/site-packages/airflow/example_dags/example_branch_operator.py
[2022-01-20 03:41:56,616] {logging_mixin.py:109} INFO - [2022-01-20 03:41:56,615] {dag.py:2389} INFO - Sync 1 DAGs
[2022-01-20 03:41:56,688] {logging_mixin.py:109} INFO - [2022-01-20 03:41:56,688] {dag.py:2914} INFO - Setting next_dagrun for example_branch_operator to 2022-01-19 00:00:00+00:00
[2022-01-20 03:41:56,716] {processor.py:171} INFO - Processing /home/airflow/.local/lib/python3.7/site-packages/airflow/example_dags/example_branch_operator.py took 0.261 seconds
[2022-01-20 03:42:26,957] {processor.py:163} INFO - Started process (PID=4758) to work on /home/airflow/.local/lib/python3.7/site-packages/airflow/example_dags/example_branch_operator.py
[2022-01-20 03:42:26,961] {processor.py:620} INFO - Processing file /home/airflow/.local/lib/python3.7/site-packages/airflow/example_dags/example_branch_operator.py for tasks to queue
[2022-01-20 03:42:26,964] {logging_mixin.py:109} INFO - [2022-01-20 03:42:26,964] {dagbag.py:500} INFO - Filling up the DagBag from /home/airflow/.local/lib/python3.7/site-packages/airflow/example_dags/example_branch_operator.py
[2022-01-20 03:42:27,047] {processor.py:632} INFO - DAG(s) dict_keys(['example_branch_operator']) retrieved from /home/airflow/.local/lib/python3.7/site-packages/airflow/example_dags/example_branch_operator.py
[2022-01-20 03:42:27,094] {logging_mixin.py:109} INFO - [2022-01-20 03:42:27,093] {dag.py:2389} INFO - Sync 1 DAGs
[2022-01-20 03:42:27,157] {logging_mixin.py:109} INFO - [2022-01-20 03:42:27,155] {dag.py:2914} INFO - Setting next_dagrun for example_branch_operator to 2022-01-19 00:00:00+00:00
[2022-01-20 03:42:27,182] {processor.py:171} INFO - Processing /home/airflow/.local/lib/python3.7/site-packages/airflow/example_dags/example_branch_operator.py took 0.231 seconds
[2022-01-20 03:43:00,177] {processor.py:163} INFO - Started process (PID=4873) to work on /home/airflow/.local/lib/python3.7/site-packages/airflow/example_dags/example_branch_operator.py
[2022-01-20 03:43:00,182] {processor.py:620} INFO - Processing file /home/airflow/.local/lib/python3.7/site-packages/airflow/example_dags/example_branch_operator.py for tasks to queue
[2022-01-20 03:43:00,186] {logging_mixin.py:109} INFO - [2022-01-20 03:43:00,185] {dagbag.py:500} INFO - Filling up the DagBag from /home/airflow/.local/lib/python3.7/site-packages/airflow/example_dags/example_branch_operator.py
[2022-01-20 03:43:00,289] {processor.py:632} INFO - DAG(s) dict_keys(['example_branch_operator']) retrieved from /home/airflow/.local/lib/python3.7/site-packages/airflow/example_dags/example_branch_operator.py
[2022-01-20 03:43:00,351] {logging_mixin.py:109} INFO - [2022-01-20 03:43:00,350] {dag.py:2389} INFO - Sync 1 DAGs
[2022-01-20 03:43:00,443] {logging_mixin.py:109} INFO - [2022-01-20 03:43:00,442] {dag.py:2914} INFO - Setting next_dagrun for example_branch_operator to 2022-01-19 00:00:00+00:00
[2022-01-20 03:43:00,498] {processor.py:171} INFO - Processing /home/airflow/.local/lib/python3.7/site-packages/airflow/example_dags/example_branch_operator.py took 0.330 seconds
[2022-01-20 03:43:33,146] {processor.py:163} INFO - Started process (PID=5000) to work on /home/airflow/.local/lib/python3.7/site-packages/airflow/example_dags/example_branch_operator.py
[2022-01-20 03:43:33,158] {processor.py:620} INFO - Processing file /home/airflow/.local/lib/python3.7/site-packages/airflow/example_dags/example_branch_operator.py for tasks to queue
[2022-01-20 03:43:33,164] {logging_mixin.py:109} INFO - [2022-01-20 03:43:33,164] {dagbag.py:500} INFO - Filling up the DagBag from /home/airflow/.local/lib/python3.7/site-packages/airflow/example_dags/example_branch_operator.py
[2022-01-20 03:43:33,290] {processor.py:632} INFO - DAG(s) dict_keys(['example_branch_operator']) retrieved from /home/airflow/.local/lib/python3.7/site-packages/airflow/example_dags/example_branch_operator.py
[2022-01-20 03:43:33,349] {logging_mixin.py:109} INFO - [2022-01-20 03:43:33,348] {dag.py:2389} INFO - Sync 1 DAGs
[2022-01-20 03:43:33,437] {logging_mixin.py:109} INFO - [2022-01-20 03:43:33,436] {dag.py:2914} INFO - Setting next_dagrun for example_branch_operator to 2022-01-19 00:00:00+00:00
[2022-01-20 03:43:33,464] {processor.py:171} INFO - Processing /home/airflow/.local/lib/python3.7/site-packages/airflow/example_dags/example_branch_operator.py took 0.342 seconds
[2022-01-20 03:44:04,918] {processor.py:163} INFO - Started process (PID=5101) to work on /home/airflow/.local/lib/python3.7/site-packages/airflow/example_dags/example_branch_operator.py
[2022-01-20 03:44:04,923] {processor.py:620} INFO - Processing file /home/airflow/.local/lib/python3.7/site-packages/airflow/example_dags/example_branch_operator.py for tasks to queue
[2022-01-20 03:44:04,927] {logging_mixin.py:109} INFO - [2022-01-20 03:44:04,926] {dagbag.py:500} INFO - Filling up the DagBag from /home/airflow/.local/lib/python3.7/site-packages/airflow/example_dags/example_branch_operator.py
[2022-01-20 03:44:05,021] {processor.py:632} INFO - DAG(s) dict_keys(['example_branch_operator']) retrieved from /home/airflow/.local/lib/python3.7/site-packages/airflow/example_dags/example_branch_operator.py
[2022-01-20 03:44:05,070] {logging_mixin.py:109} INFO - [2022-01-20 03:44:05,070] {dag.py:2389} INFO - Sync 1 DAGs
[2022-01-20 03:44:05,143] {logging_mixin.py:109} INFO - [2022-01-20 03:44:05,143] {dag.py:2914} INFO - Setting next_dagrun for example_branch_operator to 2022-01-19 00:00:00+00:00
[2022-01-20 03:44:05,185] {processor.py:171} INFO - Processing /home/airflow/.local/lib/python3.7/site-packages/airflow/example_dags/example_branch_operator.py took 0.275 seconds
[2022-01-20 03:44:37,477] {processor.py:163} INFO - Started process (PID=5215) to work on /home/airflow/.local/lib/python3.7/site-packages/airflow/example_dags/example_branch_operator.py
[2022-01-20 03:44:37,481] {processor.py:620} INFO - Processing file /home/airflow/.local/lib/python3.7/site-packages/airflow/example_dags/example_branch_operator.py for tasks to queue
[2022-01-20 03:44:37,484] {logging_mixin.py:109} INFO - [2022-01-20 03:44:37,484] {dagbag.py:500} INFO - Filling up the DagBag from /home/airflow/.local/lib/python3.7/site-packages/airflow/example_dags/example_branch_operator.py
[2022-01-20 03:44:37,574] {processor.py:632} INFO - DAG(s) dict_keys(['example_branch_operator']) retrieved from /home/airflow/.local/lib/python3.7/site-packages/airflow/example_dags/example_branch_operator.py
[2022-01-20 03:44:37,641] {logging_mixin.py:109} INFO - [2022-01-20 03:44:37,640] {dag.py:2389} INFO - Sync 1 DAGs
[2022-01-20 03:44:37,708] {logging_mixin.py:109} INFO - [2022-01-20 03:44:37,708] {dag.py:2914} INFO - Setting next_dagrun for example_branch_operator to 2022-01-19 00:00:00+00:00
[2022-01-20 03:44:37,737] {processor.py:171} INFO - Processing /home/airflow/.local/lib/python3.7/site-packages/airflow/example_dags/example_branch_operator.py took 0.268 seconds
[2022-01-20 03:45:09,273] {processor.py:163} INFO - Started process (PID=5314) to work on /home/airflow/.local/lib/python3.7/site-packages/airflow/example_dags/example_branch_operator.py
[2022-01-20 03:45:09,277] {processor.py:620} INFO - Processing file /home/airflow/.local/lib/python3.7/site-packages/airflow/example_dags/example_branch_operator.py for tasks to queue
[2022-01-20 03:45:09,280] {logging_mixin.py:109} INFO - [2022-01-20 03:45:09,280] {dagbag.py:500} INFO - Filling up the DagBag from /home/airflow/.local/lib/python3.7/site-packages/airflow/example_dags/example_branch_operator.py
[2022-01-20 03:45:09,358] {processor.py:632} INFO - DAG(s) dict_keys(['example_branch_operator']) retrieved from /home/airflow/.local/lib/python3.7/site-packages/airflow/example_dags/example_branch_operator.py
[2022-01-20 03:45:09,401] {logging_mixin.py:109} INFO - [2022-01-20 03:45:09,401] {dag.py:2389} INFO - Sync 1 DAGs
[2022-01-20 03:45:09,460] {logging_mixin.py:109} INFO - [2022-01-20 03:45:09,459] {dag.py:2914} INFO - Setting next_dagrun for example_branch_operator to 2022-01-19 00:00:00+00:00
[2022-01-20 03:45:09,490] {processor.py:171} INFO - Processing /home/airflow/.local/lib/python3.7/site-packages/airflow/example_dags/example_branch_operator.py took 0.224 seconds
[2022-01-20 03:45:40,911] {processor.py:163} INFO - Started process (PID=5420) to work on /home/airflow/.local/lib/python3.7/site-packages/airflow/example_dags/example_branch_operator.py
[2022-01-20 03:45:40,916] {processor.py:620} INFO - Processing file /home/airflow/.local/lib/python3.7/site-packages/airflow/example_dags/example_branch_operator.py for tasks to queue
[2022-01-20 03:45:40,919] {logging_mixin.py:109} INFO - [2022-01-20 03:45:40,919] {dagbag.py:500} INFO - Filling up the DagBag from /home/airflow/.local/lib/python3.7/site-packages/airflow/example_dags/example_branch_operator.py
[2022-01-20 03:45:41,014] {processor.py:632} INFO - DAG(s) dict_keys(['example_branch_operator']) retrieved from /home/airflow/.local/lib/python3.7/site-packages/airflow/example_dags/example_branch_operator.py
[2022-01-20 03:45:41,062] {logging_mixin.py:109} INFO - [2022-01-20 03:45:41,062] {dag.py:2389} INFO - Sync 1 DAGs
[2022-01-20 03:45:41,132] {logging_mixin.py:109} INFO - [2022-01-20 03:45:41,131] {dag.py:2914} INFO - Setting next_dagrun for example_branch_operator to 2022-01-19 00:00:00+00:00
[2022-01-20 03:45:41,161] {processor.py:171} INFO - Processing /home/airflow/.local/lib/python3.7/site-packages/airflow/example_dags/example_branch_operator.py took 0.258 seconds
[2022-01-20 03:46:12,140] {processor.py:163} INFO - Started process (PID=5527) to work on /home/airflow/.local/lib/python3.7/site-packages/airflow/example_dags/example_branch_operator.py
[2022-01-20 03:46:12,144] {processor.py:620} INFO - Processing file /home/airflow/.local/lib/python3.7/site-packages/airflow/example_dags/example_branch_operator.py for tasks to queue
[2022-01-20 03:46:12,165] {logging_mixin.py:109} INFO - [2022-01-20 03:46:12,165] {dagbag.py:500} INFO - Filling up the DagBag from /home/airflow/.local/lib/python3.7/site-packages/airflow/example_dags/example_branch_operator.py
[2022-01-20 03:46:12,257] {processor.py:632} INFO - DAG(s) dict_keys(['example_branch_operator']) retrieved from /home/airflow/.local/lib/python3.7/site-packages/airflow/example_dags/example_branch_operator.py
[2022-01-20 03:46:12,310] {logging_mixin.py:109} INFO - [2022-01-20 03:46:12,310] {dag.py:2389} INFO - Sync 1 DAGs
[2022-01-20 03:46:12,383] {logging_mixin.py:109} INFO - [2022-01-20 03:46:12,383] {dag.py:2914} INFO - Setting next_dagrun for example_branch_operator to 2022-01-19 00:00:00+00:00
[2022-01-20 03:46:12,422] {processor.py:171} INFO - Processing /home/airflow/.local/lib/python3.7/site-packages/airflow/example_dags/example_branch_operator.py took 0.289 seconds
[2022-01-20 03:46:42,628] {processor.py:163} INFO - Started process (PID=5626) to work on /home/airflow/.local/lib/python3.7/site-packages/airflow/example_dags/example_branch_operator.py
[2022-01-20 03:46:42,633] {processor.py:620} INFO - Processing file /home/airflow/.local/lib/python3.7/site-packages/airflow/example_dags/example_branch_operator.py for tasks to queue
[2022-01-20 03:46:42,639] {logging_mixin.py:109} INFO - [2022-01-20 03:46:42,639] {dagbag.py:500} INFO - Filling up the DagBag from /home/airflow/.local/lib/python3.7/site-packages/airflow/example_dags/example_branch_operator.py
[2022-01-20 03:46:42,736] {processor.py:632} INFO - DAG(s) dict_keys(['example_branch_operator']) retrieved from /home/airflow/.local/lib/python3.7/site-packages/airflow/example_dags/example_branch_operator.py
[2022-01-20 03:46:42,789] {logging_mixin.py:109} INFO - [2022-01-20 03:46:42,789] {dag.py:2389} INFO - Sync 1 DAGs
[2022-01-20 03:46:42,855] {logging_mixin.py:109} INFO - [2022-01-20 03:46:42,854] {dag.py:2914} INFO - Setting next_dagrun for example_branch_operator to 2022-01-19 00:00:00+00:00
[2022-01-20 03:46:42,882] {processor.py:171} INFO - Processing /home/airflow/.local/lib/python3.7/site-packages/airflow/example_dags/example_branch_operator.py took 0.262 seconds
[2022-01-20 03:47:13,265] {processor.py:163} INFO - Started process (PID=5742) to work on /home/airflow/.local/lib/python3.7/site-packages/airflow/example_dags/example_branch_operator.py
[2022-01-20 03:47:13,270] {processor.py:620} INFO - Processing file /home/airflow/.local/lib/python3.7/site-packages/airflow/example_dags/example_branch_operator.py for tasks to queue
[2022-01-20 03:47:13,273] {logging_mixin.py:109} INFO - [2022-01-20 03:47:13,273] {dagbag.py:500} INFO - Filling up the DagBag from /home/airflow/.local/lib/python3.7/site-packages/airflow/example_dags/example_branch_operator.py
[2022-01-20 03:47:13,361] {processor.py:632} INFO - DAG(s) dict_keys(['example_branch_operator']) retrieved from /home/airflow/.local/lib/python3.7/site-packages/airflow/example_dags/example_branch_operator.py
[2022-01-20 03:47:13,410] {logging_mixin.py:109} INFO - [2022-01-20 03:47:13,410] {dag.py:2389} INFO - Sync 1 DAGs
[2022-01-20 03:47:13,487] {logging_mixin.py:109} INFO - [2022-01-20 03:47:13,487] {dag.py:2914} INFO - Setting next_dagrun for example_branch_operator to 2022-01-19 00:00:00+00:00
[2022-01-20 03:47:13,517] {processor.py:171} INFO - Processing /home/airflow/.local/lib/python3.7/site-packages/airflow/example_dags/example_branch_operator.py took 0.259 seconds
[2022-01-20 03:47:43,813] {processor.py:163} INFO - Started process (PID=5838) to work on /home/airflow/.local/lib/python3.7/site-packages/airflow/example_dags/example_branch_operator.py
[2022-01-20 03:47:43,817] {processor.py:620} INFO - Processing file /home/airflow/.local/lib/python3.7/site-packages/airflow/example_dags/example_branch_operator.py for tasks to queue
[2022-01-20 03:47:43,820] {logging_mixin.py:109} INFO - [2022-01-20 03:47:43,819] {dagbag.py:500} INFO - Filling up the DagBag from /home/airflow/.local/lib/python3.7/site-packages/airflow/example_dags/example_branch_operator.py
[2022-01-20 03:47:43,904] {processor.py:632} INFO - DAG(s) dict_keys(['example_branch_operator']) retrieved from /home/airflow/.local/lib/python3.7/site-packages/airflow/example_dags/example_branch_operator.py
[2022-01-20 03:47:43,950] {logging_mixin.py:109} INFO - [2022-01-20 03:47:43,950] {dag.py:2389} INFO - Sync 1 DAGs
[2022-01-20 03:47:44,015] {logging_mixin.py:109} INFO - [2022-01-20 03:47:44,014] {dag.py:2914} INFO - Setting next_dagrun for example_branch_operator to 2022-01-19 00:00:00+00:00
[2022-01-20 03:47:44,042] {processor.py:171} INFO - Processing /home/airflow/.local/lib/python3.7/site-packages/airflow/example_dags/example_branch_operator.py took 0.237 seconds
[2022-01-20 03:48:14,924] {processor.py:163} INFO - Started process (PID=5950) to work on /home/airflow/.local/lib/python3.7/site-packages/airflow/example_dags/example_branch_operator.py
[2022-01-20 03:48:14,928] {processor.py:620} INFO - Processing file /home/airflow/.local/lib/python3.7/site-packages/airflow/example_dags/example_branch_operator.py for tasks to queue
[2022-01-20 03:48:14,931] {logging_mixin.py:109} INFO - [2022-01-20 03:48:14,931] {dagbag.py:500} INFO - Filling up the DagBag from /home/airflow/.local/lib/python3.7/site-packages/airflow/example_dags/example_branch_operator.py
[2022-01-20 03:48:15,025] {processor.py:632} INFO - DAG(s) dict_keys(['example_branch_operator']) retrieved from /home/airflow/.local/lib/python3.7/site-packages/airflow/example_dags/example_branch_operator.py
[2022-01-20 03:48:15,075] {logging_mixin.py:109} INFO - [2022-01-20 03:48:15,074] {dag.py:2389} INFO - Sync 1 DAGs
[2022-01-20 03:48:15,146] {logging_mixin.py:109} INFO - [2022-01-20 03:48:15,146] {dag.py:2914} INFO - Setting next_dagrun for example_branch_operator to 2022-01-19 00:00:00+00:00
[2022-01-20 03:48:15,175] {processor.py:171} INFO - Processing /home/airflow/.local/lib/python3.7/site-packages/airflow/example_dags/example_branch_operator.py took 0.259 seconds
[2022-01-20 03:48:46,009] {processor.py:163} INFO - Started process (PID=6047) to work on /home/airflow/.local/lib/python3.7/site-packages/airflow/example_dags/example_branch_operator.py
[2022-01-20 03:48:46,014] {processor.py:620} INFO - Processing file /home/airflow/.local/lib/python3.7/site-packages/airflow/example_dags/example_branch_operator.py for tasks to queue
[2022-01-20 03:48:46,017] {logging_mixin.py:109} INFO - [2022-01-20 03:48:46,017] {dagbag.py:500} INFO - Filling up the DagBag from /home/airflow/.local/lib/python3.7/site-packages/airflow/example_dags/example_branch_operator.py
[2022-01-20 03:48:46,099] {processor.py:632} INFO - DAG(s) dict_keys(['example_branch_operator']) retrieved from /home/airflow/.local/lib/python3.7/site-packages/airflow/example_dags/example_branch_operator.py
[2022-01-20 03:48:46,143] {logging_mixin.py:109} INFO - [2022-01-20 03:48:46,143] {dag.py:2389} INFO - Sync 1 DAGs
[2022-01-20 03:48:46,206] {logging_mixin.py:109} INFO - [2022-01-20 03:48:46,205] {dag.py:2914} INFO - Setting next_dagrun for example_branch_operator to 2022-01-19 00:00:00+00:00
[2022-01-20 03:48:46,234] {processor.py:171} INFO - Processing /home/airflow/.local/lib/python3.7/site-packages/airflow/example_dags/example_branch_operator.py took 0.236 seconds
[2022-01-20 03:49:16,511] {processor.py:163} INFO - Started process (PID=6161) to work on /home/airflow/.local/lib/python3.7/site-packages/airflow/example_dags/example_branch_operator.py
[2022-01-20 03:49:16,548] {processor.py:620} INFO - Processing file /home/airflow/.local/lib/python3.7/site-packages/airflow/example_dags/example_branch_operator.py for tasks to queue
[2022-01-20 03:49:16,552] {logging_mixin.py:109} INFO - [2022-01-20 03:49:16,551] {dagbag.py:500} INFO - Filling up the DagBag from /home/airflow/.local/lib/python3.7/site-packages/airflow/example_dags/example_branch_operator.py
[2022-01-20 03:49:16,644] {processor.py:632} INFO - DAG(s) dict_keys(['example_branch_operator']) retrieved from /home/airflow/.local/lib/python3.7/site-packages/airflow/example_dags/example_branch_operator.py
[2022-01-20 03:49:16,697] {logging_mixin.py:109} INFO - [2022-01-20 03:49:16,697] {dag.py:2389} INFO - Sync 1 DAGs
[2022-01-20 03:49:16,779] {logging_mixin.py:109} INFO - [2022-01-20 03:49:16,778] {dag.py:2914} INFO - Setting next_dagrun for example_branch_operator to 2022-01-19 00:00:00+00:00
[2022-01-20 03:49:16,808] {processor.py:171} INFO - Processing /home/airflow/.local/lib/python3.7/site-packages/airflow/example_dags/example_branch_operator.py took 0.306 seconds
[2022-01-20 03:49:46,967] {processor.py:163} INFO - Started process (PID=6258) to work on /home/airflow/.local/lib/python3.7/site-packages/airflow/example_dags/example_branch_operator.py
[2022-01-20 03:49:46,972] {processor.py:620} INFO - Processing file /home/airflow/.local/lib/python3.7/site-packages/airflow/example_dags/example_branch_operator.py for tasks to queue
[2022-01-20 03:49:46,975] {logging_mixin.py:109} INFO - [2022-01-20 03:49:46,974] {dagbag.py:500} INFO - Filling up the DagBag from /home/airflow/.local/lib/python3.7/site-packages/airflow/example_dags/example_branch_operator.py
[2022-01-20 03:49:47,082] {processor.py:632} INFO - DAG(s) dict_keys(['example_branch_operator']) retrieved from /home/airflow/.local/lib/python3.7/site-packages/airflow/example_dags/example_branch_operator.py
[2022-01-20 03:49:47,134] {logging_mixin.py:109} INFO - [2022-01-20 03:49:47,133] {dag.py:2389} INFO - Sync 1 DAGs
[2022-01-20 03:49:47,199] {logging_mixin.py:109} INFO - [2022-01-20 03:49:47,198] {dag.py:2914} INFO - Setting next_dagrun for example_branch_operator to 2022-01-19 00:00:00+00:00
[2022-01-20 03:49:47,224] {processor.py:171} INFO - Processing /home/airflow/.local/lib/python3.7/site-packages/airflow/example_dags/example_branch_operator.py took 0.264 seconds
[2022-01-20 03:50:18,065] {processor.py:163} INFO - Started process (PID=6370) to work on /home/airflow/.local/lib/python3.7/site-packages/airflow/example_dags/example_branch_operator.py
[2022-01-20 03:50:18,076] {processor.py:620} INFO - Processing file /home/airflow/.local/lib/python3.7/site-packages/airflow/example_dags/example_branch_operator.py for tasks to queue
[2022-01-20 03:50:18,083] {logging_mixin.py:109} INFO - [2022-01-20 03:50:18,082] {dagbag.py:500} INFO - Filling up the DagBag from /home/airflow/.local/lib/python3.7/site-packages/airflow/example_dags/example_branch_operator.py
[2022-01-20 03:50:18,237] {processor.py:632} INFO - DAG(s) dict_keys(['example_branch_operator']) retrieved from /home/airflow/.local/lib/python3.7/site-packages/airflow/example_dags/example_branch_operator.py
[2022-01-20 03:50:18,289] {logging_mixin.py:109} INFO - [2022-01-20 03:50:18,289] {dag.py:2389} INFO - Sync 1 DAGs
[2022-01-20 03:50:18,357] {logging_mixin.py:109} INFO - [2022-01-20 03:50:18,357] {dag.py:2914} INFO - Setting next_dagrun for example_branch_operator to 2022-01-19 00:00:00+00:00
[2022-01-20 03:50:18,384] {processor.py:171} INFO - Processing /home/airflow/.local/lib/python3.7/site-packages/airflow/example_dags/example_branch_operator.py took 0.333 seconds
[2022-01-20 03:50:48,443] {processor.py:163} INFO - Started process (PID=6464) to work on /home/airflow/.local/lib/python3.7/site-packages/airflow/example_dags/example_branch_operator.py
[2022-01-20 03:50:48,447] {processor.py:620} INFO - Processing file /home/airflow/.local/lib/python3.7/site-packages/airflow/example_dags/example_branch_operator.py for tasks to queue
[2022-01-20 03:50:48,451] {logging_mixin.py:109} INFO - [2022-01-20 03:50:48,451] {dagbag.py:500} INFO - Filling up the DagBag from /home/airflow/.local/lib/python3.7/site-packages/airflow/example_dags/example_branch_operator.py
[2022-01-20 03:50:48,529] {processor.py:632} INFO - DAG(s) dict_keys(['example_branch_operator']) retrieved from /home/airflow/.local/lib/python3.7/site-packages/airflow/example_dags/example_branch_operator.py
[2022-01-20 03:50:48,569] {logging_mixin.py:109} INFO - [2022-01-20 03:50:48,569] {dag.py:2389} INFO - Sync 1 DAGs
[2022-01-20 03:50:48,625] {logging_mixin.py:109} INFO - [2022-01-20 03:50:48,624] {dag.py:2914} INFO - Setting next_dagrun for example_branch_operator to 2022-01-19 00:00:00+00:00
[2022-01-20 03:50:48,649] {processor.py:171} INFO - Processing /home/airflow/.local/lib/python3.7/site-packages/airflow/example_dags/example_branch_operator.py took 0.213 seconds
[2022-01-20 03:51:18,716] {processor.py:163} INFO - Started process (PID=6582) to work on /home/airflow/.local/lib/python3.7/site-packages/airflow/example_dags/example_branch_operator.py
[2022-01-20 03:51:18,720] {processor.py:620} INFO - Processing file /home/airflow/.local/lib/python3.7/site-packages/airflow/example_dags/example_branch_operator.py for tasks to queue
[2022-01-20 03:51:18,722] {logging_mixin.py:109} INFO - [2022-01-20 03:51:18,722] {dagbag.py:500} INFO - Filling up the DagBag from /home/airflow/.local/lib/python3.7/site-packages/airflow/example_dags/example_branch_operator.py
[2022-01-20 03:51:18,818] {processor.py:632} INFO - DAG(s) dict_keys(['example_branch_operator']) retrieved from /home/airflow/.local/lib/python3.7/site-packages/airflow/example_dags/example_branch_operator.py
[2022-01-20 03:51:18,910] {logging_mixin.py:109} INFO - [2022-01-20 03:51:18,909] {dag.py:2389} INFO - Sync 1 DAGs
[2022-01-20 03:51:19,036] {logging_mixin.py:109} INFO - [2022-01-20 03:51:19,036] {dag.py:2914} INFO - Setting next_dagrun for example_branch_operator to 2022-01-19 00:00:00+00:00
[2022-01-20 03:51:19,063] {processor.py:171} INFO - Processing /home/airflow/.local/lib/python3.7/site-packages/airflow/example_dags/example_branch_operator.py took 0.355 seconds
