[2022-01-20 03:20:28,123] {processor.py:163} INFO - Started process (PID=289) to work on /home/airflow/.local/lib/python3.7/site-packages/airflow/example_dags/example_dag_decorator.py
[2022-01-20 03:20:28,133] {processor.py:620} INFO - Processing file /home/airflow/.local/lib/python3.7/site-packages/airflow/example_dags/example_dag_decorator.py for tasks to queue
[2022-01-20 03:20:28,141] {logging_mixin.py:109} INFO - [2022-01-20 03:20:28,140] {dagbag.py:500} INFO - Filling up the DagBag from /home/airflow/.local/lib/python3.7/site-packages/airflow/example_dags/example_dag_decorator.py
[2022-01-20 03:20:28,405] {processor.py:632} INFO - DAG(s) dict_keys(['example_dag_decorator']) retrieved from /home/airflow/.local/lib/python3.7/site-packages/airflow/example_dags/example_dag_decorator.py
[2022-01-20 03:20:30,883] {logging_mixin.py:109} INFO - [2022-01-20 03:20:30,883] {dag.py:2389} INFO - Sync 1 DAGs
[2022-01-20 03:20:31,062] {logging_mixin.py:109} INFO - [2022-01-20 03:20:31,055] {dag.py:2914} INFO - Setting next_dagrun for example_dag_decorator to None
[2022-01-20 03:20:31,180] {processor.py:171} INFO - Processing /home/airflow/.local/lib/python3.7/site-packages/airflow/example_dags/example_dag_decorator.py took 3.070 seconds
[2022-01-20 03:21:01,458] {processor.py:163} INFO - Started process (PID=405) to work on /home/airflow/.local/lib/python3.7/site-packages/airflow/example_dags/example_dag_decorator.py
[2022-01-20 03:21:01,471] {processor.py:620} INFO - Processing file /home/airflow/.local/lib/python3.7/site-packages/airflow/example_dags/example_dag_decorator.py for tasks to queue
[2022-01-20 03:21:01,477] {logging_mixin.py:109} INFO - [2022-01-20 03:21:01,477] {dagbag.py:500} INFO - Filling up the DagBag from /home/airflow/.local/lib/python3.7/site-packages/airflow/example_dags/example_dag_decorator.py
[2022-01-20 03:21:01,783] {processor.py:632} INFO - DAG(s) dict_keys(['example_dag_decorator']) retrieved from /home/airflow/.local/lib/python3.7/site-packages/airflow/example_dags/example_dag_decorator.py
[2022-01-20 03:21:03,894] {logging_mixin.py:109} INFO - [2022-01-20 03:21:03,893] {dag.py:2389} INFO - Sync 1 DAGs
[2022-01-20 03:21:03,984] {logging_mixin.py:109} INFO - [2022-01-20 03:21:03,983] {dag.py:2914} INFO - Setting next_dagrun for example_dag_decorator to None
[2022-01-20 03:21:04,046] {processor.py:171} INFO - Processing /home/airflow/.local/lib/python3.7/site-packages/airflow/example_dags/example_dag_decorator.py took 2.602 seconds
[2022-01-20 03:21:34,981] {processor.py:163} INFO - Started process (PID=517) to work on /home/airflow/.local/lib/python3.7/site-packages/airflow/example_dags/example_dag_decorator.py
[2022-01-20 03:21:34,986] {processor.py:620} INFO - Processing file /home/airflow/.local/lib/python3.7/site-packages/airflow/example_dags/example_dag_decorator.py for tasks to queue
[2022-01-20 03:21:34,988] {logging_mixin.py:109} INFO - [2022-01-20 03:21:34,988] {dagbag.py:500} INFO - Filling up the DagBag from /home/airflow/.local/lib/python3.7/site-packages/airflow/example_dags/example_dag_decorator.py
[2022-01-20 03:21:35,102] {processor.py:632} INFO - DAG(s) dict_keys(['example_dag_decorator']) retrieved from /home/airflow/.local/lib/python3.7/site-packages/airflow/example_dags/example_dag_decorator.py
[2022-01-20 03:21:36,343] {logging_mixin.py:109} INFO - [2022-01-20 03:21:36,342] {dag.py:2389} INFO - Sync 1 DAGs
[2022-01-20 03:21:36,393] {logging_mixin.py:109} INFO - [2022-01-20 03:21:36,392] {dag.py:2914} INFO - Setting next_dagrun for example_dag_decorator to None
[2022-01-20 03:21:36,424] {processor.py:171} INFO - Processing /home/airflow/.local/lib/python3.7/site-packages/airflow/example_dags/example_dag_decorator.py took 1.452 seconds
[2022-01-20 03:22:06,729] {processor.py:163} INFO - Started process (PID=615) to work on /home/airflow/.local/lib/python3.7/site-packages/airflow/example_dags/example_dag_decorator.py
[2022-01-20 03:22:06,735] {processor.py:620} INFO - Processing file /home/airflow/.local/lib/python3.7/site-packages/airflow/example_dags/example_dag_decorator.py for tasks to queue
[2022-01-20 03:22:06,739] {logging_mixin.py:109} INFO - [2022-01-20 03:22:06,738] {dagbag.py:500} INFO - Filling up the DagBag from /home/airflow/.local/lib/python3.7/site-packages/airflow/example_dags/example_dag_decorator.py
[2022-01-20 03:22:06,846] {processor.py:632} INFO - DAG(s) dict_keys(['example_dag_decorator']) retrieved from /home/airflow/.local/lib/python3.7/site-packages/airflow/example_dags/example_dag_decorator.py
[2022-01-20 03:22:07,887] {logging_mixin.py:109} INFO - [2022-01-20 03:22:07,886] {dag.py:2389} INFO - Sync 1 DAGs
[2022-01-20 03:22:07,925] {logging_mixin.py:109} INFO - [2022-01-20 03:22:07,925] {dag.py:2914} INFO - Setting next_dagrun for example_dag_decorator to None
[2022-01-20 03:22:07,951] {processor.py:171} INFO - Processing /home/airflow/.local/lib/python3.7/site-packages/airflow/example_dags/example_dag_decorator.py took 1.232 seconds
[2022-01-20 03:22:38,697] {processor.py:163} INFO - Started process (PID=731) to work on /home/airflow/.local/lib/python3.7/site-packages/airflow/example_dags/example_dag_decorator.py
[2022-01-20 03:22:38,700] {processor.py:620} INFO - Processing file /home/airflow/.local/lib/python3.7/site-packages/airflow/example_dags/example_dag_decorator.py for tasks to queue
[2022-01-20 03:22:38,704] {logging_mixin.py:109} INFO - [2022-01-20 03:22:38,704] {dagbag.py:500} INFO - Filling up the DagBag from /home/airflow/.local/lib/python3.7/site-packages/airflow/example_dags/example_dag_decorator.py
[2022-01-20 03:22:38,817] {processor.py:632} INFO - DAG(s) dict_keys(['example_dag_decorator']) retrieved from /home/airflow/.local/lib/python3.7/site-packages/airflow/example_dags/example_dag_decorator.py
[2022-01-20 03:22:40,081] {logging_mixin.py:109} INFO - [2022-01-20 03:22:40,080] {dag.py:2389} INFO - Sync 1 DAGs
[2022-01-20 03:22:40,140] {logging_mixin.py:109} INFO - [2022-01-20 03:22:40,140] {dag.py:2914} INFO - Setting next_dagrun for example_dag_decorator to None
[2022-01-20 03:22:40,182] {processor.py:171} INFO - Processing /home/airflow/.local/lib/python3.7/site-packages/airflow/example_dags/example_dag_decorator.py took 1.492 seconds
[2022-01-20 03:23:10,291] {processor.py:163} INFO - Started process (PID=829) to work on /home/airflow/.local/lib/python3.7/site-packages/airflow/example_dags/example_dag_decorator.py
[2022-01-20 03:23:10,298] {processor.py:620} INFO - Processing file /home/airflow/.local/lib/python3.7/site-packages/airflow/example_dags/example_dag_decorator.py for tasks to queue
[2022-01-20 03:23:10,303] {logging_mixin.py:109} INFO - [2022-01-20 03:23:10,303] {dagbag.py:500} INFO - Filling up the DagBag from /home/airflow/.local/lib/python3.7/site-packages/airflow/example_dags/example_dag_decorator.py
[2022-01-20 03:23:10,415] {processor.py:632} INFO - DAG(s) dict_keys(['example_dag_decorator']) retrieved from /home/airflow/.local/lib/python3.7/site-packages/airflow/example_dags/example_dag_decorator.py
[2022-01-20 03:23:11,690] {logging_mixin.py:109} INFO - [2022-01-20 03:23:11,690] {dag.py:2389} INFO - Sync 1 DAGs
[2022-01-20 03:23:11,744] {logging_mixin.py:109} INFO - [2022-01-20 03:23:11,744] {dag.py:2914} INFO - Setting next_dagrun for example_dag_decorator to None
[2022-01-20 03:23:11,778] {processor.py:171} INFO - Processing /home/airflow/.local/lib/python3.7/site-packages/airflow/example_dags/example_dag_decorator.py took 1.499 seconds
[2022-01-20 03:23:42,342] {processor.py:163} INFO - Started process (PID=946) to work on /home/airflow/.local/lib/python3.7/site-packages/airflow/example_dags/example_dag_decorator.py
[2022-01-20 03:23:42,346] {processor.py:620} INFO - Processing file /home/airflow/.local/lib/python3.7/site-packages/airflow/example_dags/example_dag_decorator.py for tasks to queue
[2022-01-20 03:23:42,350] {logging_mixin.py:109} INFO - [2022-01-20 03:23:42,349] {dagbag.py:500} INFO - Filling up the DagBag from /home/airflow/.local/lib/python3.7/site-packages/airflow/example_dags/example_dag_decorator.py
[2022-01-20 03:23:42,445] {processor.py:632} INFO - DAG(s) dict_keys(['example_dag_decorator']) retrieved from /home/airflow/.local/lib/python3.7/site-packages/airflow/example_dags/example_dag_decorator.py
[2022-01-20 03:23:43,612] {logging_mixin.py:109} INFO - [2022-01-20 03:23:43,611] {dag.py:2389} INFO - Sync 1 DAGs
[2022-01-20 03:23:43,668] {logging_mixin.py:109} INFO - [2022-01-20 03:23:43,667] {dag.py:2914} INFO - Setting next_dagrun for example_dag_decorator to None
[2022-01-20 03:23:43,702] {processor.py:171} INFO - Processing /home/airflow/.local/lib/python3.7/site-packages/airflow/example_dags/example_dag_decorator.py took 1.366 seconds
[2022-01-20 03:24:13,801] {processor.py:163} INFO - Started process (PID=1060) to work on /home/airflow/.local/lib/python3.7/site-packages/airflow/example_dags/example_dag_decorator.py
[2022-01-20 03:24:13,808] {processor.py:620} INFO - Processing file /home/airflow/.local/lib/python3.7/site-packages/airflow/example_dags/example_dag_decorator.py for tasks to queue
[2022-01-20 03:24:13,811] {logging_mixin.py:109} INFO - [2022-01-20 03:24:13,811] {dagbag.py:500} INFO - Filling up the DagBag from /home/airflow/.local/lib/python3.7/site-packages/airflow/example_dags/example_dag_decorator.py
[2022-01-20 03:24:13,911] {processor.py:632} INFO - DAG(s) dict_keys(['example_dag_decorator']) retrieved from /home/airflow/.local/lib/python3.7/site-packages/airflow/example_dags/example_dag_decorator.py
[2022-01-20 03:24:15,129] {logging_mixin.py:109} INFO - [2022-01-20 03:24:15,128] {dag.py:2389} INFO - Sync 1 DAGs
[2022-01-20 03:24:15,184] {logging_mixin.py:109} INFO - [2022-01-20 03:24:15,183] {dag.py:2914} INFO - Setting next_dagrun for example_dag_decorator to None
[2022-01-20 03:24:15,226] {processor.py:171} INFO - Processing /home/airflow/.local/lib/python3.7/site-packages/airflow/example_dags/example_dag_decorator.py took 1.432 seconds
[2022-01-20 03:24:45,791] {processor.py:163} INFO - Started process (PID=1164) to work on /home/airflow/.local/lib/python3.7/site-packages/airflow/example_dags/example_dag_decorator.py
[2022-01-20 03:24:45,795] {processor.py:620} INFO - Processing file /home/airflow/.local/lib/python3.7/site-packages/airflow/example_dags/example_dag_decorator.py for tasks to queue
[2022-01-20 03:24:45,798] {logging_mixin.py:109} INFO - [2022-01-20 03:24:45,798] {dagbag.py:500} INFO - Filling up the DagBag from /home/airflow/.local/lib/python3.7/site-packages/airflow/example_dags/example_dag_decorator.py
[2022-01-20 03:24:45,884] {processor.py:632} INFO - DAG(s) dict_keys(['example_dag_decorator']) retrieved from /home/airflow/.local/lib/python3.7/site-packages/airflow/example_dags/example_dag_decorator.py
[2022-01-20 03:24:46,873] {logging_mixin.py:109} INFO - [2022-01-20 03:24:46,873] {dag.py:2389} INFO - Sync 1 DAGs
[2022-01-20 03:24:46,940] {logging_mixin.py:109} INFO - [2022-01-20 03:24:46,940] {dag.py:2914} INFO - Setting next_dagrun for example_dag_decorator to None
[2022-01-20 03:24:46,981] {processor.py:171} INFO - Processing /home/airflow/.local/lib/python3.7/site-packages/airflow/example_dags/example_dag_decorator.py took 1.196 seconds
[2022-01-20 03:25:19,511] {processor.py:163} INFO - Started process (PID=1279) to work on /home/airflow/.local/lib/python3.7/site-packages/airflow/example_dags/example_dag_decorator.py
[2022-01-20 03:25:19,516] {processor.py:620} INFO - Processing file /home/airflow/.local/lib/python3.7/site-packages/airflow/example_dags/example_dag_decorator.py for tasks to queue
[2022-01-20 03:25:19,522] {logging_mixin.py:109} INFO - [2022-01-20 03:25:19,519] {dagbag.py:500} INFO - Filling up the DagBag from /home/airflow/.local/lib/python3.7/site-packages/airflow/example_dags/example_dag_decorator.py
[2022-01-20 03:25:19,631] {processor.py:632} INFO - DAG(s) dict_keys(['example_dag_decorator']) retrieved from /home/airflow/.local/lib/python3.7/site-packages/airflow/example_dags/example_dag_decorator.py
[2022-01-20 03:25:20,810] {logging_mixin.py:109} INFO - [2022-01-20 03:25:20,810] {dag.py:2389} INFO - Sync 1 DAGs
[2022-01-20 03:25:20,862] {logging_mixin.py:109} INFO - [2022-01-20 03:25:20,862] {dag.py:2914} INFO - Setting next_dagrun for example_dag_decorator to None
[2022-01-20 03:25:20,897] {processor.py:171} INFO - Processing /home/airflow/.local/lib/python3.7/site-packages/airflow/example_dags/example_dag_decorator.py took 1.392 seconds
[2022-01-20 03:25:52,157] {processor.py:163} INFO - Started process (PID=1396) to work on /home/airflow/.local/lib/python3.7/site-packages/airflow/example_dags/example_dag_decorator.py
[2022-01-20 03:25:52,162] {processor.py:620} INFO - Processing file /home/airflow/.local/lib/python3.7/site-packages/airflow/example_dags/example_dag_decorator.py for tasks to queue
[2022-01-20 03:25:52,166] {logging_mixin.py:109} INFO - [2022-01-20 03:25:52,166] {dagbag.py:500} INFO - Filling up the DagBag from /home/airflow/.local/lib/python3.7/site-packages/airflow/example_dags/example_dag_decorator.py
[2022-01-20 03:25:52,283] {processor.py:632} INFO - DAG(s) dict_keys(['example_dag_decorator']) retrieved from /home/airflow/.local/lib/python3.7/site-packages/airflow/example_dags/example_dag_decorator.py
[2022-01-20 03:25:53,676] {logging_mixin.py:109} INFO - [2022-01-20 03:25:53,675] {dag.py:2389} INFO - Sync 1 DAGs
[2022-01-20 03:25:53,736] {logging_mixin.py:109} INFO - [2022-01-20 03:25:53,735] {dag.py:2914} INFO - Setting next_dagrun for example_dag_decorator to None
[2022-01-20 03:25:53,774] {processor.py:171} INFO - Processing /home/airflow/.local/lib/python3.7/site-packages/airflow/example_dags/example_dag_decorator.py took 1.624 seconds
[2022-01-20 03:26:25,357] {processor.py:163} INFO - Started process (PID=1501) to work on /home/airflow/.local/lib/python3.7/site-packages/airflow/example_dags/example_dag_decorator.py
[2022-01-20 03:26:25,361] {processor.py:620} INFO - Processing file /home/airflow/.local/lib/python3.7/site-packages/airflow/example_dags/example_dag_decorator.py for tasks to queue
[2022-01-20 03:26:25,364] {logging_mixin.py:109} INFO - [2022-01-20 03:26:25,364] {dagbag.py:500} INFO - Filling up the DagBag from /home/airflow/.local/lib/python3.7/site-packages/airflow/example_dags/example_dag_decorator.py
[2022-01-20 03:26:25,459] {processor.py:632} INFO - DAG(s) dict_keys(['example_dag_decorator']) retrieved from /home/airflow/.local/lib/python3.7/site-packages/airflow/example_dags/example_dag_decorator.py
[2022-01-20 03:26:26,507] {logging_mixin.py:109} INFO - [2022-01-20 03:26:26,506] {dag.py:2389} INFO - Sync 1 DAGs
[2022-01-20 03:26:26,554] {logging_mixin.py:109} INFO - [2022-01-20 03:26:26,554] {dag.py:2914} INFO - Setting next_dagrun for example_dag_decorator to None
[2022-01-20 03:26:26,584] {processor.py:171} INFO - Processing /home/airflow/.local/lib/python3.7/site-packages/airflow/example_dags/example_dag_decorator.py took 1.235 seconds
[2022-01-20 03:26:57,739] {processor.py:163} INFO - Started process (PID=1601) to work on /home/airflow/.local/lib/python3.7/site-packages/airflow/example_dags/example_dag_decorator.py
[2022-01-20 03:26:57,745] {processor.py:620} INFO - Processing file /home/airflow/.local/lib/python3.7/site-packages/airflow/example_dags/example_dag_decorator.py for tasks to queue
[2022-01-20 03:26:57,752] {logging_mixin.py:109} INFO - [2022-01-20 03:26:57,752] {dagbag.py:500} INFO - Filling up the DagBag from /home/airflow/.local/lib/python3.7/site-packages/airflow/example_dags/example_dag_decorator.py
[2022-01-20 03:26:57,939] {processor.py:632} INFO - DAG(s) dict_keys(['example_dag_decorator']) retrieved from /home/airflow/.local/lib/python3.7/site-packages/airflow/example_dags/example_dag_decorator.py
[2022-01-20 03:26:59,230] {logging_mixin.py:109} INFO - [2022-01-20 03:26:59,230] {dag.py:2389} INFO - Sync 1 DAGs
[2022-01-20 03:26:59,296] {logging_mixin.py:109} INFO - [2022-01-20 03:26:59,296] {dag.py:2914} INFO - Setting next_dagrun for example_dag_decorator to None
[2022-01-20 03:26:59,340] {processor.py:171} INFO - Processing /home/airflow/.local/lib/python3.7/site-packages/airflow/example_dags/example_dag_decorator.py took 1.610 seconds
[2022-01-20 03:27:30,151] {processor.py:163} INFO - Started process (PID=1700) to work on /home/airflow/.local/lib/python3.7/site-packages/airflow/example_dags/example_dag_decorator.py
[2022-01-20 03:27:30,155] {processor.py:620} INFO - Processing file /home/airflow/.local/lib/python3.7/site-packages/airflow/example_dags/example_dag_decorator.py for tasks to queue
[2022-01-20 03:27:30,158] {logging_mixin.py:109} INFO - [2022-01-20 03:27:30,158] {dagbag.py:500} INFO - Filling up the DagBag from /home/airflow/.local/lib/python3.7/site-packages/airflow/example_dags/example_dag_decorator.py
[2022-01-20 03:27:30,241] {processor.py:632} INFO - DAG(s) dict_keys(['example_dag_decorator']) retrieved from /home/airflow/.local/lib/python3.7/site-packages/airflow/example_dags/example_dag_decorator.py
[2022-01-20 03:27:31,413] {logging_mixin.py:109} INFO - [2022-01-20 03:27:31,413] {dag.py:2389} INFO - Sync 1 DAGs
[2022-01-20 03:27:31,463] {logging_mixin.py:109} INFO - [2022-01-20 03:27:31,462] {dag.py:2914} INFO - Setting next_dagrun for example_dag_decorator to None
[2022-01-20 03:27:31,529] {processor.py:171} INFO - Processing /home/airflow/.local/lib/python3.7/site-packages/airflow/example_dags/example_dag_decorator.py took 1.385 seconds
[2022-01-20 03:28:03,013] {processor.py:163} INFO - Started process (PID=1818) to work on /home/airflow/.local/lib/python3.7/site-packages/airflow/example_dags/example_dag_decorator.py
[2022-01-20 03:28:03,024] {processor.py:620} INFO - Processing file /home/airflow/.local/lib/python3.7/site-packages/airflow/example_dags/example_dag_decorator.py for tasks to queue
[2022-01-20 03:28:03,028] {logging_mixin.py:109} INFO - [2022-01-20 03:28:03,028] {dagbag.py:500} INFO - Filling up the DagBag from /home/airflow/.local/lib/python3.7/site-packages/airflow/example_dags/example_dag_decorator.py
[2022-01-20 03:28:03,130] {processor.py:632} INFO - DAG(s) dict_keys(['example_dag_decorator']) retrieved from /home/airflow/.local/lib/python3.7/site-packages/airflow/example_dags/example_dag_decorator.py
[2022-01-20 03:28:04,277] {logging_mixin.py:109} INFO - [2022-01-20 03:28:04,276] {dag.py:2389} INFO - Sync 1 DAGs
[2022-01-20 03:28:04,334] {logging_mixin.py:109} INFO - [2022-01-20 03:28:04,333] {dag.py:2914} INFO - Setting next_dagrun for example_dag_decorator to None
[2022-01-20 03:28:04,370] {processor.py:171} INFO - Processing /home/airflow/.local/lib/python3.7/site-packages/airflow/example_dags/example_dag_decorator.py took 1.364 seconds
[2022-01-20 03:28:35,374] {processor.py:163} INFO - Started process (PID=1931) to work on /home/airflow/.local/lib/python3.7/site-packages/airflow/example_dags/example_dag_decorator.py
[2022-01-20 03:28:35,383] {processor.py:620} INFO - Processing file /home/airflow/.local/lib/python3.7/site-packages/airflow/example_dags/example_dag_decorator.py for tasks to queue
[2022-01-20 03:28:35,388] {logging_mixin.py:109} INFO - [2022-01-20 03:28:35,388] {dagbag.py:500} INFO - Filling up the DagBag from /home/airflow/.local/lib/python3.7/site-packages/airflow/example_dags/example_dag_decorator.py
[2022-01-20 03:28:35,595] {processor.py:632} INFO - DAG(s) dict_keys(['example_dag_decorator']) retrieved from /home/airflow/.local/lib/python3.7/site-packages/airflow/example_dags/example_dag_decorator.py
[2022-01-20 03:28:36,903] {logging_mixin.py:109} INFO - [2022-01-20 03:28:36,902] {dag.py:2389} INFO - Sync 1 DAGs
[2022-01-20 03:28:36,966] {logging_mixin.py:109} INFO - [2022-01-20 03:28:36,966] {dag.py:2914} INFO - Setting next_dagrun for example_dag_decorator to None
[2022-01-20 03:28:37,005] {processor.py:171} INFO - Processing /home/airflow/.local/lib/python3.7/site-packages/airflow/example_dags/example_dag_decorator.py took 1.648 seconds
[2022-01-20 03:29:07,104] {processor.py:163} INFO - Started process (PID=2021) to work on /home/airflow/.local/lib/python3.7/site-packages/airflow/example_dags/example_dag_decorator.py
[2022-01-20 03:29:07,108] {processor.py:620} INFO - Processing file /home/airflow/.local/lib/python3.7/site-packages/airflow/example_dags/example_dag_decorator.py for tasks to queue
[2022-01-20 03:29:07,110] {logging_mixin.py:109} INFO - [2022-01-20 03:29:07,110] {dagbag.py:500} INFO - Filling up the DagBag from /home/airflow/.local/lib/python3.7/site-packages/airflow/example_dags/example_dag_decorator.py
[2022-01-20 03:29:07,203] {processor.py:632} INFO - DAG(s) dict_keys(['example_dag_decorator']) retrieved from /home/airflow/.local/lib/python3.7/site-packages/airflow/example_dags/example_dag_decorator.py
[2022-01-20 03:29:08,085] {logging_mixin.py:109} INFO - [2022-01-20 03:29:08,085] {dag.py:2389} INFO - Sync 1 DAGs
[2022-01-20 03:29:08,139] {logging_mixin.py:109} INFO - [2022-01-20 03:29:08,139] {dag.py:2914} INFO - Setting next_dagrun for example_dag_decorator to None
[2022-01-20 03:29:08,176] {processor.py:171} INFO - Processing /home/airflow/.local/lib/python3.7/site-packages/airflow/example_dags/example_dag_decorator.py took 1.078 seconds
[2022-01-20 03:29:38,531] {processor.py:163} INFO - Started process (PID=2140) to work on /home/airflow/.local/lib/python3.7/site-packages/airflow/example_dags/example_dag_decorator.py
[2022-01-20 03:29:38,535] {processor.py:620} INFO - Processing file /home/airflow/.local/lib/python3.7/site-packages/airflow/example_dags/example_dag_decorator.py for tasks to queue
[2022-01-20 03:29:38,539] {logging_mixin.py:109} INFO - [2022-01-20 03:29:38,538] {dagbag.py:500} INFO - Filling up the DagBag from /home/airflow/.local/lib/python3.7/site-packages/airflow/example_dags/example_dag_decorator.py
[2022-01-20 03:29:38,649] {processor.py:632} INFO - DAG(s) dict_keys(['example_dag_decorator']) retrieved from /home/airflow/.local/lib/python3.7/site-packages/airflow/example_dags/example_dag_decorator.py
[2022-01-20 03:29:39,850] {logging_mixin.py:109} INFO - [2022-01-20 03:29:39,849] {dag.py:2389} INFO - Sync 1 DAGs
[2022-01-20 03:29:39,905] {logging_mixin.py:109} INFO - [2022-01-20 03:29:39,904] {dag.py:2914} INFO - Setting next_dagrun for example_dag_decorator to None
[2022-01-20 03:29:39,937] {processor.py:171} INFO - Processing /home/airflow/.local/lib/python3.7/site-packages/airflow/example_dags/example_dag_decorator.py took 1.413 seconds
[2022-01-20 03:30:10,010] {processor.py:163} INFO - Started process (PID=2230) to work on /home/airflow/.local/lib/python3.7/site-packages/airflow/example_dags/example_dag_decorator.py
[2022-01-20 03:30:10,014] {processor.py:620} INFO - Processing file /home/airflow/.local/lib/python3.7/site-packages/airflow/example_dags/example_dag_decorator.py for tasks to queue
[2022-01-20 03:30:10,017] {logging_mixin.py:109} INFO - [2022-01-20 03:30:10,016] {dagbag.py:500} INFO - Filling up the DagBag from /home/airflow/.local/lib/python3.7/site-packages/airflow/example_dags/example_dag_decorator.py
[2022-01-20 03:30:10,100] {processor.py:632} INFO - DAG(s) dict_keys(['example_dag_decorator']) retrieved from /home/airflow/.local/lib/python3.7/site-packages/airflow/example_dags/example_dag_decorator.py
[2022-01-20 03:30:11,294] {logging_mixin.py:109} INFO - [2022-01-20 03:30:11,294] {dag.py:2389} INFO - Sync 1 DAGs
[2022-01-20 03:30:11,373] {logging_mixin.py:109} INFO - [2022-01-20 03:30:11,372] {dag.py:2914} INFO - Setting next_dagrun for example_dag_decorator to None
[2022-01-20 03:30:11,412] {processor.py:171} INFO - Processing /home/airflow/.local/lib/python3.7/site-packages/airflow/example_dags/example_dag_decorator.py took 1.410 seconds
[2022-01-20 03:30:41,594] {processor.py:163} INFO - Started process (PID=2347) to work on /home/airflow/.local/lib/python3.7/site-packages/airflow/example_dags/example_dag_decorator.py
[2022-01-20 03:30:41,599] {processor.py:620} INFO - Processing file /home/airflow/.local/lib/python3.7/site-packages/airflow/example_dags/example_dag_decorator.py for tasks to queue
[2022-01-20 03:30:41,603] {logging_mixin.py:109} INFO - [2022-01-20 03:30:41,603] {dagbag.py:500} INFO - Filling up the DagBag from /home/airflow/.local/lib/python3.7/site-packages/airflow/example_dags/example_dag_decorator.py
[2022-01-20 03:30:41,708] {processor.py:632} INFO - DAG(s) dict_keys(['example_dag_decorator']) retrieved from /home/airflow/.local/lib/python3.7/site-packages/airflow/example_dags/example_dag_decorator.py
[2022-01-20 03:30:42,843] {logging_mixin.py:109} INFO - [2022-01-20 03:30:42,843] {dag.py:2389} INFO - Sync 1 DAGs
[2022-01-20 03:30:42,893] {logging_mixin.py:109} INFO - [2022-01-20 03:30:42,892] {dag.py:2914} INFO - Setting next_dagrun for example_dag_decorator to None
[2022-01-20 03:30:42,927] {processor.py:171} INFO - Processing /home/airflow/.local/lib/python3.7/site-packages/airflow/example_dags/example_dag_decorator.py took 1.340 seconds
[2022-01-20 03:31:13,501] {processor.py:163} INFO - Started process (PID=2470) to work on /home/airflow/.local/lib/python3.7/site-packages/airflow/example_dags/example_dag_decorator.py
[2022-01-20 03:31:13,506] {processor.py:620} INFO - Processing file /home/airflow/.local/lib/python3.7/site-packages/airflow/example_dags/example_dag_decorator.py for tasks to queue
[2022-01-20 03:31:13,514] {logging_mixin.py:109} INFO - [2022-01-20 03:31:13,514] {dagbag.py:500} INFO - Filling up the DagBag from /home/airflow/.local/lib/python3.7/site-packages/airflow/example_dags/example_dag_decorator.py
[2022-01-20 03:31:13,619] {processor.py:632} INFO - DAG(s) dict_keys(['example_dag_decorator']) retrieved from /home/airflow/.local/lib/python3.7/site-packages/airflow/example_dags/example_dag_decorator.py
[2022-01-20 03:31:15,099] {logging_mixin.py:109} INFO - [2022-01-20 03:31:15,099] {dag.py:2389} INFO - Sync 1 DAGs
[2022-01-20 03:31:15,168] {logging_mixin.py:109} INFO - [2022-01-20 03:31:15,168] {dag.py:2914} INFO - Setting next_dagrun for example_dag_decorator to None
[2022-01-20 03:31:15,205] {processor.py:171} INFO - Processing /home/airflow/.local/lib/python3.7/site-packages/airflow/example_dags/example_dag_decorator.py took 1.712 seconds
[2022-01-20 03:31:45,685] {processor.py:163} INFO - Started process (PID=2571) to work on /home/airflow/.local/lib/python3.7/site-packages/airflow/example_dags/example_dag_decorator.py
[2022-01-20 03:31:45,689] {processor.py:620} INFO - Processing file /home/airflow/.local/lib/python3.7/site-packages/airflow/example_dags/example_dag_decorator.py for tasks to queue
[2022-01-20 03:31:45,691] {logging_mixin.py:109} INFO - [2022-01-20 03:31:45,691] {dagbag.py:500} INFO - Filling up the DagBag from /home/airflow/.local/lib/python3.7/site-packages/airflow/example_dags/example_dag_decorator.py
[2022-01-20 03:31:45,789] {processor.py:632} INFO - DAG(s) dict_keys(['example_dag_decorator']) retrieved from /home/airflow/.local/lib/python3.7/site-packages/airflow/example_dags/example_dag_decorator.py
[2022-01-20 03:31:46,869] {logging_mixin.py:109} INFO - [2022-01-20 03:31:46,868] {dag.py:2389} INFO - Sync 1 DAGs
[2022-01-20 03:31:46,922] {logging_mixin.py:109} INFO - [2022-01-20 03:31:46,921] {dag.py:2914} INFO - Setting next_dagrun for example_dag_decorator to None
[2022-01-20 03:31:46,955] {processor.py:171} INFO - Processing /home/airflow/.local/lib/python3.7/site-packages/airflow/example_dags/example_dag_decorator.py took 1.277 seconds
[2022-01-20 03:32:18,856] {processor.py:163} INFO - Started process (PID=2699) to work on /home/airflow/.local/lib/python3.7/site-packages/airflow/example_dags/example_dag_decorator.py
[2022-01-20 03:32:18,870] {processor.py:620} INFO - Processing file /home/airflow/.local/lib/python3.7/site-packages/airflow/example_dags/example_dag_decorator.py for tasks to queue
[2022-01-20 03:32:18,874] {logging_mixin.py:109} INFO - [2022-01-20 03:32:18,873] {dagbag.py:500} INFO - Filling up the DagBag from /home/airflow/.local/lib/python3.7/site-packages/airflow/example_dags/example_dag_decorator.py
[2022-01-20 03:32:18,986] {processor.py:632} INFO - DAG(s) dict_keys(['example_dag_decorator']) retrieved from /home/airflow/.local/lib/python3.7/site-packages/airflow/example_dags/example_dag_decorator.py
[2022-01-20 03:32:20,326] {logging_mixin.py:109} INFO - [2022-01-20 03:32:20,325] {dag.py:2389} INFO - Sync 1 DAGs
[2022-01-20 03:32:20,376] {logging_mixin.py:109} INFO - [2022-01-20 03:32:20,375] {dag.py:2914} INFO - Setting next_dagrun for example_dag_decorator to None
[2022-01-20 03:32:20,410] {processor.py:171} INFO - Processing /home/airflow/.local/lib/python3.7/site-packages/airflow/example_dags/example_dag_decorator.py took 1.563 seconds
[2022-01-20 03:32:50,706] {processor.py:163} INFO - Started process (PID=2812) to work on /home/airflow/.local/lib/python3.7/site-packages/airflow/example_dags/example_dag_decorator.py
[2022-01-20 03:32:50,710] {processor.py:620} INFO - Processing file /home/airflow/.local/lib/python3.7/site-packages/airflow/example_dags/example_dag_decorator.py for tasks to queue
[2022-01-20 03:32:50,714] {logging_mixin.py:109} INFO - [2022-01-20 03:32:50,713] {dagbag.py:500} INFO - Filling up the DagBag from /home/airflow/.local/lib/python3.7/site-packages/airflow/example_dags/example_dag_decorator.py
[2022-01-20 03:32:50,925] {processor.py:632} INFO - DAG(s) dict_keys(['example_dag_decorator']) retrieved from /home/airflow/.local/lib/python3.7/site-packages/airflow/example_dags/example_dag_decorator.py
[2022-01-20 03:32:51,923] {logging_mixin.py:109} INFO - [2022-01-20 03:32:51,922] {dag.py:2389} INFO - Sync 1 DAGs
[2022-01-20 03:32:51,973] {logging_mixin.py:109} INFO - [2022-01-20 03:32:51,972] {dag.py:2914} INFO - Setting next_dagrun for example_dag_decorator to None
[2022-01-20 03:32:52,006] {processor.py:171} INFO - Processing /home/airflow/.local/lib/python3.7/site-packages/airflow/example_dags/example_dag_decorator.py took 1.307 seconds
[2022-01-20 03:33:22,958] {processor.py:163} INFO - Started process (PID=2915) to work on /home/airflow/.local/lib/python3.7/site-packages/airflow/example_dags/example_dag_decorator.py
[2022-01-20 03:33:22,962] {processor.py:620} INFO - Processing file /home/airflow/.local/lib/python3.7/site-packages/airflow/example_dags/example_dag_decorator.py for tasks to queue
[2022-01-20 03:33:22,966] {logging_mixin.py:109} INFO - [2022-01-20 03:33:22,965] {dagbag.py:500} INFO - Filling up the DagBag from /home/airflow/.local/lib/python3.7/site-packages/airflow/example_dags/example_dag_decorator.py
[2022-01-20 03:33:23,168] {processor.py:632} INFO - DAG(s) dict_keys(['example_dag_decorator']) retrieved from /home/airflow/.local/lib/python3.7/site-packages/airflow/example_dags/example_dag_decorator.py
[2022-01-20 03:33:24,111] {logging_mixin.py:109} INFO - [2022-01-20 03:33:24,111] {dag.py:2389} INFO - Sync 1 DAGs
[2022-01-20 03:33:24,161] {logging_mixin.py:109} INFO - [2022-01-20 03:33:24,160] {dag.py:2914} INFO - Setting next_dagrun for example_dag_decorator to None
[2022-01-20 03:33:24,194] {processor.py:171} INFO - Processing /home/airflow/.local/lib/python3.7/site-packages/airflow/example_dags/example_dag_decorator.py took 1.243 seconds
[2022-01-20 03:33:54,495] {processor.py:163} INFO - Started process (PID=3028) to work on /home/airflow/.local/lib/python3.7/site-packages/airflow/example_dags/example_dag_decorator.py
[2022-01-20 03:33:54,499] {processor.py:620} INFO - Processing file /home/airflow/.local/lib/python3.7/site-packages/airflow/example_dags/example_dag_decorator.py for tasks to queue
[2022-01-20 03:33:54,502] {logging_mixin.py:109} INFO - [2022-01-20 03:33:54,501] {dagbag.py:500} INFO - Filling up the DagBag from /home/airflow/.local/lib/python3.7/site-packages/airflow/example_dags/example_dag_decorator.py
[2022-01-20 03:33:54,714] {processor.py:632} INFO - DAG(s) dict_keys(['example_dag_decorator']) retrieved from /home/airflow/.local/lib/python3.7/site-packages/airflow/example_dags/example_dag_decorator.py
[2022-01-20 03:33:55,784] {logging_mixin.py:109} INFO - [2022-01-20 03:33:55,783] {dag.py:2389} INFO - Sync 1 DAGs
[2022-01-20 03:33:55,838] {logging_mixin.py:109} INFO - [2022-01-20 03:33:55,837] {dag.py:2914} INFO - Setting next_dagrun for example_dag_decorator to None
[2022-01-20 03:33:55,873] {processor.py:171} INFO - Processing /home/airflow/.local/lib/python3.7/site-packages/airflow/example_dags/example_dag_decorator.py took 1.386 seconds
[2022-01-20 03:34:26,718] {processor.py:163} INFO - Started process (PID=3128) to work on /home/airflow/.local/lib/python3.7/site-packages/airflow/example_dags/example_dag_decorator.py
[2022-01-20 03:34:26,722] {processor.py:620} INFO - Processing file /home/airflow/.local/lib/python3.7/site-packages/airflow/example_dags/example_dag_decorator.py for tasks to queue
[2022-01-20 03:34:26,725] {logging_mixin.py:109} INFO - [2022-01-20 03:34:26,725] {dagbag.py:500} INFO - Filling up the DagBag from /home/airflow/.local/lib/python3.7/site-packages/airflow/example_dags/example_dag_decorator.py
[2022-01-20 03:34:26,903] {processor.py:632} INFO - DAG(s) dict_keys(['example_dag_decorator']) retrieved from /home/airflow/.local/lib/python3.7/site-packages/airflow/example_dags/example_dag_decorator.py
[2022-01-20 03:34:27,658] {logging_mixin.py:109} INFO - [2022-01-20 03:34:27,658] {dag.py:2389} INFO - Sync 1 DAGs
[2022-01-20 03:34:27,696] {logging_mixin.py:109} INFO - [2022-01-20 03:34:27,696] {dag.py:2914} INFO - Setting next_dagrun for example_dag_decorator to None
[2022-01-20 03:34:27,727] {processor.py:171} INFO - Processing /home/airflow/.local/lib/python3.7/site-packages/airflow/example_dags/example_dag_decorator.py took 1.016 seconds
[2022-01-20 03:34:58,073] {processor.py:163} INFO - Started process (PID=3240) to work on /home/airflow/.local/lib/python3.7/site-packages/airflow/example_dags/example_dag_decorator.py
[2022-01-20 03:34:58,077] {processor.py:620} INFO - Processing file /home/airflow/.local/lib/python3.7/site-packages/airflow/example_dags/example_dag_decorator.py for tasks to queue
[2022-01-20 03:34:58,080] {logging_mixin.py:109} INFO - [2022-01-20 03:34:58,080] {dagbag.py:500} INFO - Filling up the DagBag from /home/airflow/.local/lib/python3.7/site-packages/airflow/example_dags/example_dag_decorator.py
[2022-01-20 03:34:58,291] {processor.py:632} INFO - DAG(s) dict_keys(['example_dag_decorator']) retrieved from /home/airflow/.local/lib/python3.7/site-packages/airflow/example_dags/example_dag_decorator.py
[2022-01-20 03:34:59,299] {logging_mixin.py:109} INFO - [2022-01-20 03:34:59,299] {dag.py:2389} INFO - Sync 1 DAGs
[2022-01-20 03:34:59,354] {logging_mixin.py:109} INFO - [2022-01-20 03:34:59,354] {dag.py:2914} INFO - Setting next_dagrun for example_dag_decorator to None
[2022-01-20 03:34:59,390] {processor.py:171} INFO - Processing /home/airflow/.local/lib/python3.7/site-packages/airflow/example_dags/example_dag_decorator.py took 1.325 seconds
[2022-01-20 03:35:29,577] {processor.py:163} INFO - Started process (PID=3336) to work on /home/airflow/.local/lib/python3.7/site-packages/airflow/example_dags/example_dag_decorator.py
[2022-01-20 03:35:29,581] {processor.py:620} INFO - Processing file /home/airflow/.local/lib/python3.7/site-packages/airflow/example_dags/example_dag_decorator.py for tasks to queue
[2022-01-20 03:35:29,585] {logging_mixin.py:109} INFO - [2022-01-20 03:35:29,584] {dagbag.py:500} INFO - Filling up the DagBag from /home/airflow/.local/lib/python3.7/site-packages/airflow/example_dags/example_dag_decorator.py
[2022-01-20 03:35:29,781] {processor.py:632} INFO - DAG(s) dict_keys(['example_dag_decorator']) retrieved from /home/airflow/.local/lib/python3.7/site-packages/airflow/example_dags/example_dag_decorator.py
[2022-01-20 03:35:30,720] {logging_mixin.py:109} INFO - [2022-01-20 03:35:30,720] {dag.py:2389} INFO - Sync 1 DAGs
[2022-01-20 03:35:30,777] {logging_mixin.py:109} INFO - [2022-01-20 03:35:30,776] {dag.py:2914} INFO - Setting next_dagrun for example_dag_decorator to None
[2022-01-20 03:35:30,813] {processor.py:171} INFO - Processing /home/airflow/.local/lib/python3.7/site-packages/airflow/example_dags/example_dag_decorator.py took 1.243 seconds
[2022-01-20 03:36:01,433] {processor.py:163} INFO - Started process (PID=3448) to work on /home/airflow/.local/lib/python3.7/site-packages/airflow/example_dags/example_dag_decorator.py
[2022-01-20 03:36:01,437] {processor.py:620} INFO - Processing file /home/airflow/.local/lib/python3.7/site-packages/airflow/example_dags/example_dag_decorator.py for tasks to queue
[2022-01-20 03:36:01,440] {logging_mixin.py:109} INFO - [2022-01-20 03:36:01,440] {dagbag.py:500} INFO - Filling up the DagBag from /home/airflow/.local/lib/python3.7/site-packages/airflow/example_dags/example_dag_decorator.py
[2022-01-20 03:36:01,539] {processor.py:632} INFO - DAG(s) dict_keys(['example_dag_decorator']) retrieved from /home/airflow/.local/lib/python3.7/site-packages/airflow/example_dags/example_dag_decorator.py
[2022-01-20 03:36:02,476] {logging_mixin.py:109} INFO - [2022-01-20 03:36:02,475] {dag.py:2389} INFO - Sync 1 DAGs
[2022-01-20 03:36:02,527] {logging_mixin.py:109} INFO - [2022-01-20 03:36:02,526] {dag.py:2914} INFO - Setting next_dagrun for example_dag_decorator to None
[2022-01-20 03:36:02,561] {processor.py:171} INFO - Processing /home/airflow/.local/lib/python3.7/site-packages/airflow/example_dags/example_dag_decorator.py took 1.134 seconds
[2022-01-20 03:36:32,801] {processor.py:163} INFO - Started process (PID=3561) to work on /home/airflow/.local/lib/python3.7/site-packages/airflow/example_dags/example_dag_decorator.py
[2022-01-20 03:36:32,806] {processor.py:620} INFO - Processing file /home/airflow/.local/lib/python3.7/site-packages/airflow/example_dags/example_dag_decorator.py for tasks to queue
[2022-01-20 03:36:32,811] {logging_mixin.py:109} INFO - [2022-01-20 03:36:32,811] {dagbag.py:500} INFO - Filling up the DagBag from /home/airflow/.local/lib/python3.7/site-packages/airflow/example_dags/example_dag_decorator.py
[2022-01-20 03:36:32,928] {processor.py:632} INFO - DAG(s) dict_keys(['example_dag_decorator']) retrieved from /home/airflow/.local/lib/python3.7/site-packages/airflow/example_dags/example_dag_decorator.py
[2022-01-20 03:36:34,045] {logging_mixin.py:109} INFO - [2022-01-20 03:36:34,044] {dag.py:2389} INFO - Sync 1 DAGs
[2022-01-20 03:36:34,097] {logging_mixin.py:109} INFO - [2022-01-20 03:36:34,096] {dag.py:2914} INFO - Setting next_dagrun for example_dag_decorator to None
[2022-01-20 03:36:34,132] {processor.py:171} INFO - Processing /home/airflow/.local/lib/python3.7/site-packages/airflow/example_dags/example_dag_decorator.py took 1.338 seconds
[2022-01-20 03:37:04,255] {processor.py:163} INFO - Started process (PID=3656) to work on /home/airflow/.local/lib/python3.7/site-packages/airflow/example_dags/example_dag_decorator.py
[2022-01-20 03:37:04,261] {processor.py:620} INFO - Processing file /home/airflow/.local/lib/python3.7/site-packages/airflow/example_dags/example_dag_decorator.py for tasks to queue
[2022-01-20 03:37:04,266] {logging_mixin.py:109} INFO - [2022-01-20 03:37:04,265] {dagbag.py:500} INFO - Filling up the DagBag from /home/airflow/.local/lib/python3.7/site-packages/airflow/example_dags/example_dag_decorator.py
[2022-01-20 03:37:04,393] {processor.py:632} INFO - DAG(s) dict_keys(['example_dag_decorator']) retrieved from /home/airflow/.local/lib/python3.7/site-packages/airflow/example_dags/example_dag_decorator.py
[2022-01-20 03:37:05,388] {logging_mixin.py:109} INFO - [2022-01-20 03:37:05,388] {dag.py:2389} INFO - Sync 1 DAGs
[2022-01-20 03:37:05,449] {logging_mixin.py:109} INFO - [2022-01-20 03:37:05,448] {dag.py:2914} INFO - Setting next_dagrun for example_dag_decorator to None
[2022-01-20 03:37:05,482] {processor.py:171} INFO - Processing /home/airflow/.local/lib/python3.7/site-packages/airflow/example_dags/example_dag_decorator.py took 1.234 seconds
[2022-01-20 03:37:35,670] {processor.py:163} INFO - Started process (PID=3769) to work on /home/airflow/.local/lib/python3.7/site-packages/airflow/example_dags/example_dag_decorator.py
[2022-01-20 03:37:35,674] {processor.py:620} INFO - Processing file /home/airflow/.local/lib/python3.7/site-packages/airflow/example_dags/example_dag_decorator.py for tasks to queue
[2022-01-20 03:37:35,677] {logging_mixin.py:109} INFO - [2022-01-20 03:37:35,677] {dagbag.py:500} INFO - Filling up the DagBag from /home/airflow/.local/lib/python3.7/site-packages/airflow/example_dags/example_dag_decorator.py
[2022-01-20 03:37:35,775] {processor.py:632} INFO - DAG(s) dict_keys(['example_dag_decorator']) retrieved from /home/airflow/.local/lib/python3.7/site-packages/airflow/example_dags/example_dag_decorator.py
[2022-01-20 03:37:36,827] {logging_mixin.py:109} INFO - [2022-01-20 03:37:36,826] {dag.py:2389} INFO - Sync 1 DAGs
[2022-01-20 03:37:36,886] {logging_mixin.py:109} INFO - [2022-01-20 03:37:36,886] {dag.py:2914} INFO - Setting next_dagrun for example_dag_decorator to None
[2022-01-20 03:37:36,923] {processor.py:171} INFO - Processing /home/airflow/.local/lib/python3.7/site-packages/airflow/example_dags/example_dag_decorator.py took 1.260 seconds
[2022-01-20 03:38:07,781] {processor.py:163} INFO - Started process (PID=3868) to work on /home/airflow/.local/lib/python3.7/site-packages/airflow/example_dags/example_dag_decorator.py
[2022-01-20 03:38:07,786] {processor.py:620} INFO - Processing file /home/airflow/.local/lib/python3.7/site-packages/airflow/example_dags/example_dag_decorator.py for tasks to queue
[2022-01-20 03:38:07,788] {logging_mixin.py:109} INFO - [2022-01-20 03:38:07,788] {dagbag.py:500} INFO - Filling up the DagBag from /home/airflow/.local/lib/python3.7/site-packages/airflow/example_dags/example_dag_decorator.py
[2022-01-20 03:38:07,884] {processor.py:632} INFO - DAG(s) dict_keys(['example_dag_decorator']) retrieved from /home/airflow/.local/lib/python3.7/site-packages/airflow/example_dags/example_dag_decorator.py
[2022-01-20 03:38:08,689] {logging_mixin.py:109} INFO - [2022-01-20 03:38:08,688] {dag.py:2389} INFO - Sync 1 DAGs
[2022-01-20 03:38:08,729] {logging_mixin.py:109} INFO - [2022-01-20 03:38:08,728] {dag.py:2914} INFO - Setting next_dagrun for example_dag_decorator to None
[2022-01-20 03:38:08,758] {processor.py:171} INFO - Processing /home/airflow/.local/lib/python3.7/site-packages/airflow/example_dags/example_dag_decorator.py took 0.985 seconds
[2022-01-20 03:38:39,438] {processor.py:163} INFO - Started process (PID=3984) to work on /home/airflow/.local/lib/python3.7/site-packages/airflow/example_dags/example_dag_decorator.py
[2022-01-20 03:38:39,442] {processor.py:620} INFO - Processing file /home/airflow/.local/lib/python3.7/site-packages/airflow/example_dags/example_dag_decorator.py for tasks to queue
[2022-01-20 03:38:39,445] {logging_mixin.py:109} INFO - [2022-01-20 03:38:39,444] {dagbag.py:500} INFO - Filling up the DagBag from /home/airflow/.local/lib/python3.7/site-packages/airflow/example_dags/example_dag_decorator.py
[2022-01-20 03:38:39,543] {processor.py:632} INFO - DAG(s) dict_keys(['example_dag_decorator']) retrieved from /home/airflow/.local/lib/python3.7/site-packages/airflow/example_dags/example_dag_decorator.py
[2022-01-20 03:38:40,565] {logging_mixin.py:109} INFO - [2022-01-20 03:38:40,564] {dag.py:2389} INFO - Sync 1 DAGs
[2022-01-20 03:38:40,623] {logging_mixin.py:109} INFO - [2022-01-20 03:38:40,623] {dag.py:2914} INFO - Setting next_dagrun for example_dag_decorator to None
[2022-01-20 03:38:40,690] {processor.py:171} INFO - Processing /home/airflow/.local/lib/python3.7/site-packages/airflow/example_dags/example_dag_decorator.py took 1.260 seconds
[2022-01-20 03:39:11,019] {processor.py:163} INFO - Started process (PID=4094) to work on /home/airflow/.local/lib/python3.7/site-packages/airflow/example_dags/example_dag_decorator.py
[2022-01-20 03:39:11,026] {processor.py:620} INFO - Processing file /home/airflow/.local/lib/python3.7/site-packages/airflow/example_dags/example_dag_decorator.py for tasks to queue
[2022-01-20 03:39:11,033] {logging_mixin.py:109} INFO - [2022-01-20 03:39:11,032] {dagbag.py:500} INFO - Filling up the DagBag from /home/airflow/.local/lib/python3.7/site-packages/airflow/example_dags/example_dag_decorator.py
[2022-01-20 03:39:11,202] {processor.py:632} INFO - DAG(s) dict_keys(['example_dag_decorator']) retrieved from /home/airflow/.local/lib/python3.7/site-packages/airflow/example_dags/example_dag_decorator.py
[2022-01-20 03:39:12,312] {logging_mixin.py:109} INFO - [2022-01-20 03:39:12,312] {dag.py:2389} INFO - Sync 1 DAGs
[2022-01-20 03:39:12,366] {logging_mixin.py:109} INFO - [2022-01-20 03:39:12,366] {dag.py:2914} INFO - Setting next_dagrun for example_dag_decorator to None
[2022-01-20 03:39:12,402] {processor.py:171} INFO - Processing /home/airflow/.local/lib/python3.7/site-packages/airflow/example_dags/example_dag_decorator.py took 1.400 seconds
[2022-01-20 03:39:43,231] {processor.py:163} INFO - Started process (PID=4204) to work on /home/airflow/.local/lib/python3.7/site-packages/airflow/example_dags/example_dag_decorator.py
[2022-01-20 03:39:43,236] {processor.py:620} INFO - Processing file /home/airflow/.local/lib/python3.7/site-packages/airflow/example_dags/example_dag_decorator.py for tasks to queue
[2022-01-20 03:39:43,240] {logging_mixin.py:109} INFO - [2022-01-20 03:39:43,240] {dagbag.py:500} INFO - Filling up the DagBag from /home/airflow/.local/lib/python3.7/site-packages/airflow/example_dags/example_dag_decorator.py
[2022-01-20 03:39:43,343] {processor.py:632} INFO - DAG(s) dict_keys(['example_dag_decorator']) retrieved from /home/airflow/.local/lib/python3.7/site-packages/airflow/example_dags/example_dag_decorator.py
[2022-01-20 03:39:44,324] {logging_mixin.py:109} INFO - [2022-01-20 03:39:44,324] {dag.py:2389} INFO - Sync 1 DAGs
[2022-01-20 03:39:44,377] {logging_mixin.py:109} INFO - [2022-01-20 03:39:44,376] {dag.py:2914} INFO - Setting next_dagrun for example_dag_decorator to None
[2022-01-20 03:39:44,412] {processor.py:171} INFO - Processing /home/airflow/.local/lib/python3.7/site-packages/airflow/example_dags/example_dag_decorator.py took 1.188 seconds
[2022-01-20 03:40:14,792] {processor.py:163} INFO - Started process (PID=4322) to work on /home/airflow/.local/lib/python3.7/site-packages/airflow/example_dags/example_dag_decorator.py
[2022-01-20 03:40:14,797] {processor.py:620} INFO - Processing file /home/airflow/.local/lib/python3.7/site-packages/airflow/example_dags/example_dag_decorator.py for tasks to queue
[2022-01-20 03:40:14,800] {logging_mixin.py:109} INFO - [2022-01-20 03:40:14,800] {dagbag.py:500} INFO - Filling up the DagBag from /home/airflow/.local/lib/python3.7/site-packages/airflow/example_dags/example_dag_decorator.py
[2022-01-20 03:40:14,912] {processor.py:632} INFO - DAG(s) dict_keys(['example_dag_decorator']) retrieved from /home/airflow/.local/lib/python3.7/site-packages/airflow/example_dags/example_dag_decorator.py
[2022-01-20 03:40:16,020] {logging_mixin.py:109} INFO - [2022-01-20 03:40:16,020] {dag.py:2389} INFO - Sync 1 DAGs
[2022-01-20 03:40:16,071] {logging_mixin.py:109} INFO - [2022-01-20 03:40:16,070] {dag.py:2914} INFO - Setting next_dagrun for example_dag_decorator to None
[2022-01-20 03:40:16,108] {processor.py:171} INFO - Processing /home/airflow/.local/lib/python3.7/site-packages/airflow/example_dags/example_dag_decorator.py took 1.324 seconds
[2022-01-20 03:40:46,751] {processor.py:163} INFO - Started process (PID=4419) to work on /home/airflow/.local/lib/python3.7/site-packages/airflow/example_dags/example_dag_decorator.py
[2022-01-20 03:40:46,756] {processor.py:620} INFO - Processing file /home/airflow/.local/lib/python3.7/site-packages/airflow/example_dags/example_dag_decorator.py for tasks to queue
[2022-01-20 03:40:46,758] {logging_mixin.py:109} INFO - [2022-01-20 03:40:46,758] {dagbag.py:500} INFO - Filling up the DagBag from /home/airflow/.local/lib/python3.7/site-packages/airflow/example_dags/example_dag_decorator.py
[2022-01-20 03:40:46,846] {processor.py:632} INFO - DAG(s) dict_keys(['example_dag_decorator']) retrieved from /home/airflow/.local/lib/python3.7/site-packages/airflow/example_dags/example_dag_decorator.py
[2022-01-20 03:40:47,653] {logging_mixin.py:109} INFO - [2022-01-20 03:40:47,652] {dag.py:2389} INFO - Sync 1 DAGs
[2022-01-20 03:40:47,703] {logging_mixin.py:109} INFO - [2022-01-20 03:40:47,703] {dag.py:2914} INFO - Setting next_dagrun for example_dag_decorator to None
[2022-01-20 03:40:47,731] {processor.py:171} INFO - Processing /home/airflow/.local/lib/python3.7/site-packages/airflow/example_dags/example_dag_decorator.py took 0.987 seconds
[2022-01-20 03:41:17,887] {processor.py:163} INFO - Started process (PID=4534) to work on /home/airflow/.local/lib/python3.7/site-packages/airflow/example_dags/example_dag_decorator.py
[2022-01-20 03:41:17,891] {processor.py:620} INFO - Processing file /home/airflow/.local/lib/python3.7/site-packages/airflow/example_dags/example_dag_decorator.py for tasks to queue
[2022-01-20 03:41:17,895] {logging_mixin.py:109} INFO - [2022-01-20 03:41:17,894] {dagbag.py:500} INFO - Filling up the DagBag from /home/airflow/.local/lib/python3.7/site-packages/airflow/example_dags/example_dag_decorator.py
[2022-01-20 03:41:18,004] {processor.py:632} INFO - DAG(s) dict_keys(['example_dag_decorator']) retrieved from /home/airflow/.local/lib/python3.7/site-packages/airflow/example_dags/example_dag_decorator.py
[2022-01-20 03:41:19,103] {logging_mixin.py:109} INFO - [2022-01-20 03:41:19,102] {dag.py:2389} INFO - Sync 1 DAGs
[2022-01-20 03:41:19,155] {logging_mixin.py:109} INFO - [2022-01-20 03:41:19,155] {dag.py:2914} INFO - Setting next_dagrun for example_dag_decorator to None
[2022-01-20 03:41:19,192] {processor.py:171} INFO - Processing /home/airflow/.local/lib/python3.7/site-packages/airflow/example_dags/example_dag_decorator.py took 1.313 seconds
[2022-01-20 03:41:49,978] {processor.py:163} INFO - Started process (PID=4634) to work on /home/airflow/.local/lib/python3.7/site-packages/airflow/example_dags/example_dag_decorator.py
[2022-01-20 03:41:49,982] {processor.py:620} INFO - Processing file /home/airflow/.local/lib/python3.7/site-packages/airflow/example_dags/example_dag_decorator.py for tasks to queue
[2022-01-20 03:41:49,984] {logging_mixin.py:109} INFO - [2022-01-20 03:41:49,984] {dagbag.py:500} INFO - Filling up the DagBag from /home/airflow/.local/lib/python3.7/site-packages/airflow/example_dags/example_dag_decorator.py
[2022-01-20 03:41:50,068] {processor.py:632} INFO - DAG(s) dict_keys(['example_dag_decorator']) retrieved from /home/airflow/.local/lib/python3.7/site-packages/airflow/example_dags/example_dag_decorator.py
[2022-01-20 03:41:50,934] {logging_mixin.py:109} INFO - [2022-01-20 03:41:50,934] {dag.py:2389} INFO - Sync 1 DAGs
[2022-01-20 03:41:50,989] {logging_mixin.py:109} INFO - [2022-01-20 03:41:50,988] {dag.py:2914} INFO - Setting next_dagrun for example_dag_decorator to None
[2022-01-20 03:41:51,022] {processor.py:171} INFO - Processing /home/airflow/.local/lib/python3.7/site-packages/airflow/example_dags/example_dag_decorator.py took 1.051 seconds
[2022-01-20 03:42:23,505] {processor.py:163} INFO - Started process (PID=4746) to work on /home/airflow/.local/lib/python3.7/site-packages/airflow/example_dags/example_dag_decorator.py
[2022-01-20 03:42:23,510] {processor.py:620} INFO - Processing file /home/airflow/.local/lib/python3.7/site-packages/airflow/example_dags/example_dag_decorator.py for tasks to queue
[2022-01-20 03:42:23,513] {logging_mixin.py:109} INFO - [2022-01-20 03:42:23,512] {dagbag.py:500} INFO - Filling up the DagBag from /home/airflow/.local/lib/python3.7/site-packages/airflow/example_dags/example_dag_decorator.py
[2022-01-20 03:42:23,610] {processor.py:632} INFO - DAG(s) dict_keys(['example_dag_decorator']) retrieved from /home/airflow/.local/lib/python3.7/site-packages/airflow/example_dags/example_dag_decorator.py
[2022-01-20 03:42:24,628] {logging_mixin.py:109} INFO - [2022-01-20 03:42:24,627] {dag.py:2389} INFO - Sync 1 DAGs
[2022-01-20 03:42:24,677] {logging_mixin.py:109} INFO - [2022-01-20 03:42:24,677] {dag.py:2914} INFO - Setting next_dagrun for example_dag_decorator to None
[2022-01-20 03:42:24,712] {processor.py:171} INFO - Processing /home/airflow/.local/lib/python3.7/site-packages/airflow/example_dags/example_dag_decorator.py took 1.215 seconds
[2022-01-20 03:42:56,877] {processor.py:163} INFO - Started process (PID=4861) to work on /home/airflow/.local/lib/python3.7/site-packages/airflow/example_dags/example_dag_decorator.py
[2022-01-20 03:42:56,882] {processor.py:620} INFO - Processing file /home/airflow/.local/lib/python3.7/site-packages/airflow/example_dags/example_dag_decorator.py for tasks to queue
[2022-01-20 03:42:56,885] {logging_mixin.py:109} INFO - [2022-01-20 03:42:56,885] {dagbag.py:500} INFO - Filling up the DagBag from /home/airflow/.local/lib/python3.7/site-packages/airflow/example_dags/example_dag_decorator.py
[2022-01-20 03:42:56,993] {processor.py:632} INFO - DAG(s) dict_keys(['example_dag_decorator']) retrieved from /home/airflow/.local/lib/python3.7/site-packages/airflow/example_dags/example_dag_decorator.py
[2022-01-20 03:42:58,173] {logging_mixin.py:109} INFO - [2022-01-20 03:42:58,173] {dag.py:2389} INFO - Sync 1 DAGs
[2022-01-20 03:42:58,231] {logging_mixin.py:109} INFO - [2022-01-20 03:42:58,230] {dag.py:2914} INFO - Setting next_dagrun for example_dag_decorator to None
[2022-01-20 03:42:58,273] {processor.py:171} INFO - Processing /home/airflow/.local/lib/python3.7/site-packages/airflow/example_dags/example_dag_decorator.py took 1.403 seconds
[2022-01-20 03:43:29,135] {processor.py:163} INFO - Started process (PID=4963) to work on /home/airflow/.local/lib/python3.7/site-packages/airflow/example_dags/example_dag_decorator.py
[2022-01-20 03:43:29,144] {processor.py:620} INFO - Processing file /home/airflow/.local/lib/python3.7/site-packages/airflow/example_dags/example_dag_decorator.py for tasks to queue
[2022-01-20 03:43:29,149] {logging_mixin.py:109} INFO - [2022-01-20 03:43:29,148] {dagbag.py:500} INFO - Filling up the DagBag from /home/airflow/.local/lib/python3.7/site-packages/airflow/example_dags/example_dag_decorator.py
[2022-01-20 03:43:29,249] {processor.py:632} INFO - DAG(s) dict_keys(['example_dag_decorator']) retrieved from /home/airflow/.local/lib/python3.7/site-packages/airflow/example_dags/example_dag_decorator.py
[2022-01-20 03:43:30,151] {logging_mixin.py:109} INFO - [2022-01-20 03:43:30,150] {dag.py:2389} INFO - Sync 1 DAGs
[2022-01-20 03:43:30,192] {logging_mixin.py:109} INFO - [2022-01-20 03:43:30,192] {dag.py:2914} INFO - Setting next_dagrun for example_dag_decorator to None
[2022-01-20 03:43:30,220] {processor.py:171} INFO - Processing /home/airflow/.local/lib/python3.7/site-packages/airflow/example_dags/example_dag_decorator.py took 1.092 seconds
[2022-01-20 03:44:00,952] {processor.py:163} INFO - Started process (PID=5075) to work on /home/airflow/.local/lib/python3.7/site-packages/airflow/example_dags/example_dag_decorator.py
[2022-01-20 03:44:00,956] {processor.py:620} INFO - Processing file /home/airflow/.local/lib/python3.7/site-packages/airflow/example_dags/example_dag_decorator.py for tasks to queue
[2022-01-20 03:44:00,959] {logging_mixin.py:109} INFO - [2022-01-20 03:44:00,959] {dagbag.py:500} INFO - Filling up the DagBag from /home/airflow/.local/lib/python3.7/site-packages/airflow/example_dags/example_dag_decorator.py
[2022-01-20 03:44:01,067] {processor.py:632} INFO - DAG(s) dict_keys(['example_dag_decorator']) retrieved from /home/airflow/.local/lib/python3.7/site-packages/airflow/example_dags/example_dag_decorator.py
[2022-01-20 03:44:02,179] {logging_mixin.py:109} INFO - [2022-01-20 03:44:02,179] {dag.py:2389} INFO - Sync 1 DAGs
[2022-01-20 03:44:02,247] {logging_mixin.py:109} INFO - [2022-01-20 03:44:02,246] {dag.py:2914} INFO - Setting next_dagrun for example_dag_decorator to None
[2022-01-20 03:44:02,324] {processor.py:171} INFO - Processing /home/airflow/.local/lib/python3.7/site-packages/airflow/example_dags/example_dag_decorator.py took 1.381 seconds
[2022-01-20 03:44:32,534] {processor.py:163} INFO - Started process (PID=5183) to work on /home/airflow/.local/lib/python3.7/site-packages/airflow/example_dags/example_dag_decorator.py
[2022-01-20 03:44:32,539] {processor.py:620} INFO - Processing file /home/airflow/.local/lib/python3.7/site-packages/airflow/example_dags/example_dag_decorator.py for tasks to queue
[2022-01-20 03:44:32,543] {logging_mixin.py:109} INFO - [2022-01-20 03:44:32,543] {dagbag.py:500} INFO - Filling up the DagBag from /home/airflow/.local/lib/python3.7/site-packages/airflow/example_dags/example_dag_decorator.py
[2022-01-20 03:44:32,662] {processor.py:632} INFO - DAG(s) dict_keys(['example_dag_decorator']) retrieved from /home/airflow/.local/lib/python3.7/site-packages/airflow/example_dags/example_dag_decorator.py
[2022-01-20 03:44:33,870] {logging_mixin.py:109} INFO - [2022-01-20 03:44:33,869] {dag.py:2389} INFO - Sync 1 DAGs
[2022-01-20 03:44:33,925] {logging_mixin.py:109} INFO - [2022-01-20 03:44:33,925] {dag.py:2914} INFO - Setting next_dagrun for example_dag_decorator to None
[2022-01-20 03:44:33,962] {processor.py:171} INFO - Processing /home/airflow/.local/lib/python3.7/site-packages/airflow/example_dags/example_dag_decorator.py took 1.436 seconds
[2022-01-20 03:45:04,161] {processor.py:163} INFO - Started process (PID=5282) to work on /home/airflow/.local/lib/python3.7/site-packages/airflow/example_dags/example_dag_decorator.py
[2022-01-20 03:45:04,165] {processor.py:620} INFO - Processing file /home/airflow/.local/lib/python3.7/site-packages/airflow/example_dags/example_dag_decorator.py for tasks to queue
[2022-01-20 03:45:04,168] {logging_mixin.py:109} INFO - [2022-01-20 03:45:04,168] {dagbag.py:500} INFO - Filling up the DagBag from /home/airflow/.local/lib/python3.7/site-packages/airflow/example_dags/example_dag_decorator.py
[2022-01-20 03:45:04,268] {processor.py:632} INFO - DAG(s) dict_keys(['example_dag_decorator']) retrieved from /home/airflow/.local/lib/python3.7/site-packages/airflow/example_dags/example_dag_decorator.py
[2022-01-20 03:45:05,252] {logging_mixin.py:109} INFO - [2022-01-20 03:45:05,252] {dag.py:2389} INFO - Sync 1 DAGs
[2022-01-20 03:45:05,307] {logging_mixin.py:109} INFO - [2022-01-20 03:45:05,307] {dag.py:2914} INFO - Setting next_dagrun for example_dag_decorator to None
[2022-01-20 03:45:05,347] {processor.py:171} INFO - Processing /home/airflow/.local/lib/python3.7/site-packages/airflow/example_dags/example_dag_decorator.py took 1.193 seconds
[2022-01-20 03:45:35,708] {processor.py:163} INFO - Started process (PID=5392) to work on /home/airflow/.local/lib/python3.7/site-packages/airflow/example_dags/example_dag_decorator.py
[2022-01-20 03:45:35,712] {processor.py:620} INFO - Processing file /home/airflow/.local/lib/python3.7/site-packages/airflow/example_dags/example_dag_decorator.py for tasks to queue
[2022-01-20 03:45:35,716] {logging_mixin.py:109} INFO - [2022-01-20 03:45:35,715] {dagbag.py:500} INFO - Filling up the DagBag from /home/airflow/.local/lib/python3.7/site-packages/airflow/example_dags/example_dag_decorator.py
[2022-01-20 03:45:35,826] {processor.py:632} INFO - DAG(s) dict_keys(['example_dag_decorator']) retrieved from /home/airflow/.local/lib/python3.7/site-packages/airflow/example_dags/example_dag_decorator.py
[2022-01-20 03:45:36,909] {logging_mixin.py:109} INFO - [2022-01-20 03:45:36,908] {dag.py:2389} INFO - Sync 1 DAGs
[2022-01-20 03:45:36,969] {logging_mixin.py:109} INFO - [2022-01-20 03:45:36,968] {dag.py:2914} INFO - Setting next_dagrun for example_dag_decorator to None
[2022-01-20 03:45:37,038] {processor.py:171} INFO - Processing /home/airflow/.local/lib/python3.7/site-packages/airflow/example_dags/example_dag_decorator.py took 1.337 seconds
[2022-01-20 03:46:07,232] {processor.py:163} INFO - Started process (PID=5488) to work on /home/airflow/.local/lib/python3.7/site-packages/airflow/example_dags/example_dag_decorator.py
[2022-01-20 03:46:07,236] {processor.py:620} INFO - Processing file /home/airflow/.local/lib/python3.7/site-packages/airflow/example_dags/example_dag_decorator.py for tasks to queue
[2022-01-20 03:46:07,239] {logging_mixin.py:109} INFO - [2022-01-20 03:46:07,239] {dagbag.py:500} INFO - Filling up the DagBag from /home/airflow/.local/lib/python3.7/site-packages/airflow/example_dags/example_dag_decorator.py
[2022-01-20 03:46:07,322] {processor.py:632} INFO - DAG(s) dict_keys(['example_dag_decorator']) retrieved from /home/airflow/.local/lib/python3.7/site-packages/airflow/example_dags/example_dag_decorator.py
[2022-01-20 03:46:08,089] {logging_mixin.py:109} INFO - [2022-01-20 03:46:08,088] {dag.py:2389} INFO - Sync 1 DAGs
[2022-01-20 03:46:08,131] {logging_mixin.py:109} INFO - [2022-01-20 03:46:08,131] {dag.py:2914} INFO - Setting next_dagrun for example_dag_decorator to None
[2022-01-20 03:46:08,158] {processor.py:171} INFO - Processing /home/airflow/.local/lib/python3.7/site-packages/airflow/example_dags/example_dag_decorator.py took 0.935 seconds
[2022-01-20 03:46:38,896] {processor.py:163} INFO - Started process (PID=5608) to work on /home/airflow/.local/lib/python3.7/site-packages/airflow/example_dags/example_dag_decorator.py
[2022-01-20 03:46:38,900] {processor.py:620} INFO - Processing file /home/airflow/.local/lib/python3.7/site-packages/airflow/example_dags/example_dag_decorator.py for tasks to queue
[2022-01-20 03:46:38,905] {logging_mixin.py:109} INFO - [2022-01-20 03:46:38,904] {dagbag.py:500} INFO - Filling up the DagBag from /home/airflow/.local/lib/python3.7/site-packages/airflow/example_dags/example_dag_decorator.py
[2022-01-20 03:46:39,036] {processor.py:632} INFO - DAG(s) dict_keys(['example_dag_decorator']) retrieved from /home/airflow/.local/lib/python3.7/site-packages/airflow/example_dags/example_dag_decorator.py
[2022-01-20 03:46:40,116] {logging_mixin.py:109} INFO - [2022-01-20 03:46:40,116] {dag.py:2389} INFO - Sync 1 DAGs
[2022-01-20 03:46:40,176] {logging_mixin.py:109} INFO - [2022-01-20 03:46:40,175] {dag.py:2914} INFO - Setting next_dagrun for example_dag_decorator to None
[2022-01-20 03:46:40,213] {processor.py:171} INFO - Processing /home/airflow/.local/lib/python3.7/site-packages/airflow/example_dags/example_dag_decorator.py took 1.325 seconds
[2022-01-20 03:47:10,340] {processor.py:163} INFO - Started process (PID=5710) to work on /home/airflow/.local/lib/python3.7/site-packages/airflow/example_dags/example_dag_decorator.py
[2022-01-20 03:47:10,343] {processor.py:620} INFO - Processing file /home/airflow/.local/lib/python3.7/site-packages/airflow/example_dags/example_dag_decorator.py for tasks to queue
[2022-01-20 03:47:10,346] {logging_mixin.py:109} INFO - [2022-01-20 03:47:10,345] {dagbag.py:500} INFO - Filling up the DagBag from /home/airflow/.local/lib/python3.7/site-packages/airflow/example_dags/example_dag_decorator.py
[2022-01-20 03:47:10,434] {processor.py:632} INFO - DAG(s) dict_keys(['example_dag_decorator']) retrieved from /home/airflow/.local/lib/python3.7/site-packages/airflow/example_dags/example_dag_decorator.py
[2022-01-20 03:47:11,406] {logging_mixin.py:109} INFO - [2022-01-20 03:47:11,405] {dag.py:2389} INFO - Sync 1 DAGs
[2022-01-20 03:47:11,457] {logging_mixin.py:109} INFO - [2022-01-20 03:47:11,457] {dag.py:2914} INFO - Setting next_dagrun for example_dag_decorator to None
[2022-01-20 03:47:11,493] {processor.py:171} INFO - Processing /home/airflow/.local/lib/python3.7/site-packages/airflow/example_dags/example_dag_decorator.py took 1.160 seconds
[2022-01-20 03:47:42,159] {processor.py:163} INFO - Started process (PID=5827) to work on /home/airflow/.local/lib/python3.7/site-packages/airflow/example_dags/example_dag_decorator.py
[2022-01-20 03:47:42,164] {processor.py:620} INFO - Processing file /home/airflow/.local/lib/python3.7/site-packages/airflow/example_dags/example_dag_decorator.py for tasks to queue
[2022-01-20 03:47:42,167] {logging_mixin.py:109} INFO - [2022-01-20 03:47:42,167] {dagbag.py:500} INFO - Filling up the DagBag from /home/airflow/.local/lib/python3.7/site-packages/airflow/example_dags/example_dag_decorator.py
[2022-01-20 03:47:42,267] {processor.py:632} INFO - DAG(s) dict_keys(['example_dag_decorator']) retrieved from /home/airflow/.local/lib/python3.7/site-packages/airflow/example_dags/example_dag_decorator.py
[2022-01-20 03:47:43,222] {logging_mixin.py:109} INFO - [2022-01-20 03:47:43,221] {dag.py:2389} INFO - Sync 1 DAGs
[2022-01-20 03:47:43,274] {logging_mixin.py:109} INFO - [2022-01-20 03:47:43,274] {dag.py:2914} INFO - Setting next_dagrun for example_dag_decorator to None
[2022-01-20 03:47:43,309] {processor.py:171} INFO - Processing /home/airflow/.local/lib/python3.7/site-packages/airflow/example_dags/example_dag_decorator.py took 1.158 seconds
[2022-01-20 03:48:13,452] {processor.py:163} INFO - Started process (PID=5940) to work on /home/airflow/.local/lib/python3.7/site-packages/airflow/example_dags/example_dag_decorator.py
[2022-01-20 03:48:13,456] {processor.py:620} INFO - Processing file /home/airflow/.local/lib/python3.7/site-packages/airflow/example_dags/example_dag_decorator.py for tasks to queue
[2022-01-20 03:48:13,459] {logging_mixin.py:109} INFO - [2022-01-20 03:48:13,459] {dagbag.py:500} INFO - Filling up the DagBag from /home/airflow/.local/lib/python3.7/site-packages/airflow/example_dags/example_dag_decorator.py
[2022-01-20 03:48:13,558] {processor.py:632} INFO - DAG(s) dict_keys(['example_dag_decorator']) retrieved from /home/airflow/.local/lib/python3.7/site-packages/airflow/example_dags/example_dag_decorator.py
[2022-01-20 03:48:14,777] {logging_mixin.py:109} INFO - [2022-01-20 03:48:14,777] {dag.py:2389} INFO - Sync 1 DAGs
[2022-01-20 03:48:14,841] {logging_mixin.py:109} INFO - [2022-01-20 03:48:14,840] {dag.py:2914} INFO - Setting next_dagrun for example_dag_decorator to None
[2022-01-20 03:48:14,878] {processor.py:171} INFO - Processing /home/airflow/.local/lib/python3.7/site-packages/airflow/example_dags/example_dag_decorator.py took 1.433 seconds
[2022-01-20 03:48:45,695] {processor.py:163} INFO - Started process (PID=6043) to work on /home/airflow/.local/lib/python3.7/site-packages/airflow/example_dags/example_dag_decorator.py
[2022-01-20 03:48:45,700] {processor.py:620} INFO - Processing file /home/airflow/.local/lib/python3.7/site-packages/airflow/example_dags/example_dag_decorator.py for tasks to queue
[2022-01-20 03:48:45,703] {logging_mixin.py:109} INFO - [2022-01-20 03:48:45,702] {dagbag.py:500} INFO - Filling up the DagBag from /home/airflow/.local/lib/python3.7/site-packages/airflow/example_dags/example_dag_decorator.py
[2022-01-20 03:48:45,790] {processor.py:632} INFO - DAG(s) dict_keys(['example_dag_decorator']) retrieved from /home/airflow/.local/lib/python3.7/site-packages/airflow/example_dags/example_dag_decorator.py
[2022-01-20 03:48:46,722] {logging_mixin.py:109} INFO - [2022-01-20 03:48:46,721] {dag.py:2389} INFO - Sync 1 DAGs
[2022-01-20 03:48:46,767] {logging_mixin.py:109} INFO - [2022-01-20 03:48:46,766] {dag.py:2914} INFO - Setting next_dagrun for example_dag_decorator to None
[2022-01-20 03:48:46,794] {processor.py:171} INFO - Processing /home/airflow/.local/lib/python3.7/site-packages/airflow/example_dags/example_dag_decorator.py took 1.105 seconds
[2022-01-20 03:49:16,850] {processor.py:163} INFO - Started process (PID=6163) to work on /home/airflow/.local/lib/python3.7/site-packages/airflow/example_dags/example_dag_decorator.py
[2022-01-20 03:49:16,853] {processor.py:620} INFO - Processing file /home/airflow/.local/lib/python3.7/site-packages/airflow/example_dags/example_dag_decorator.py for tasks to queue
[2022-01-20 03:49:16,856] {logging_mixin.py:109} INFO - [2022-01-20 03:49:16,856] {dagbag.py:500} INFO - Filling up the DagBag from /home/airflow/.local/lib/python3.7/site-packages/airflow/example_dags/example_dag_decorator.py
[2022-01-20 03:49:16,951] {processor.py:632} INFO - DAG(s) dict_keys(['example_dag_decorator']) retrieved from /home/airflow/.local/lib/python3.7/site-packages/airflow/example_dags/example_dag_decorator.py
[2022-01-20 03:49:17,996] {logging_mixin.py:109} INFO - [2022-01-20 03:49:17,995] {dag.py:2389} INFO - Sync 1 DAGs
[2022-01-20 03:49:18,045] {logging_mixin.py:109} INFO - [2022-01-20 03:49:18,045] {dag.py:2914} INFO - Setting next_dagrun for example_dag_decorator to None
[2022-01-20 03:49:18,079] {processor.py:171} INFO - Processing /home/airflow/.local/lib/python3.7/site-packages/airflow/example_dags/example_dag_decorator.py took 1.236 seconds
[2022-01-20 03:49:48,187] {processor.py:163} INFO - Started process (PID=6262) to work on /home/airflow/.local/lib/python3.7/site-packages/airflow/example_dags/example_dag_decorator.py
[2022-01-20 03:49:48,191] {processor.py:620} INFO - Processing file /home/airflow/.local/lib/python3.7/site-packages/airflow/example_dags/example_dag_decorator.py for tasks to queue
[2022-01-20 03:49:48,194] {logging_mixin.py:109} INFO - [2022-01-20 03:49:48,193] {dagbag.py:500} INFO - Filling up the DagBag from /home/airflow/.local/lib/python3.7/site-packages/airflow/example_dags/example_dag_decorator.py
[2022-01-20 03:49:48,282] {processor.py:632} INFO - DAG(s) dict_keys(['example_dag_decorator']) retrieved from /home/airflow/.local/lib/python3.7/site-packages/airflow/example_dags/example_dag_decorator.py
[2022-01-20 03:49:49,086] {logging_mixin.py:109} INFO - [2022-01-20 03:49:49,086] {dag.py:2389} INFO - Sync 1 DAGs
[2022-01-20 03:49:49,126] {logging_mixin.py:109} INFO - [2022-01-20 03:49:49,126] {dag.py:2914} INFO - Setting next_dagrun for example_dag_decorator to None
[2022-01-20 03:49:49,154] {processor.py:171} INFO - Processing /home/airflow/.local/lib/python3.7/site-packages/airflow/example_dags/example_dag_decorator.py took 0.973 seconds
[2022-01-20 03:50:19,490] {processor.py:163} INFO - Started process (PID=6374) to work on /home/airflow/.local/lib/python3.7/site-packages/airflow/example_dags/example_dag_decorator.py
[2022-01-20 03:50:19,495] {processor.py:620} INFO - Processing file /home/airflow/.local/lib/python3.7/site-packages/airflow/example_dags/example_dag_decorator.py for tasks to queue
[2022-01-20 03:50:19,500] {logging_mixin.py:109} INFO - [2022-01-20 03:50:19,499] {dagbag.py:500} INFO - Filling up the DagBag from /home/airflow/.local/lib/python3.7/site-packages/airflow/example_dags/example_dag_decorator.py
[2022-01-20 03:50:19,613] {processor.py:632} INFO - DAG(s) dict_keys(['example_dag_decorator']) retrieved from /home/airflow/.local/lib/python3.7/site-packages/airflow/example_dags/example_dag_decorator.py
[2022-01-20 03:50:20,598] {logging_mixin.py:109} INFO - [2022-01-20 03:50:20,598] {dag.py:2389} INFO - Sync 1 DAGs
[2022-01-20 03:50:20,653] {logging_mixin.py:109} INFO - [2022-01-20 03:50:20,652] {dag.py:2914} INFO - Setting next_dagrun for example_dag_decorator to None
[2022-01-20 03:50:20,686] {processor.py:171} INFO - Processing /home/airflow/.local/lib/python3.7/site-packages/airflow/example_dags/example_dag_decorator.py took 1.206 seconds
[2022-01-20 03:50:50,997] {processor.py:163} INFO - Started process (PID=6470) to work on /home/airflow/.local/lib/python3.7/site-packages/airflow/example_dags/example_dag_decorator.py
[2022-01-20 03:50:51,003] {processor.py:620} INFO - Processing file /home/airflow/.local/lib/python3.7/site-packages/airflow/example_dags/example_dag_decorator.py for tasks to queue
[2022-01-20 03:50:51,007] {logging_mixin.py:109} INFO - [2022-01-20 03:50:51,006] {dagbag.py:500} INFO - Filling up the DagBag from /home/airflow/.local/lib/python3.7/site-packages/airflow/example_dags/example_dag_decorator.py
[2022-01-20 03:50:51,116] {processor.py:632} INFO - DAG(s) dict_keys(['example_dag_decorator']) retrieved from /home/airflow/.local/lib/python3.7/site-packages/airflow/example_dags/example_dag_decorator.py
[2022-01-20 03:50:52,303] {logging_mixin.py:109} INFO - [2022-01-20 03:50:52,303] {dag.py:2389} INFO - Sync 1 DAGs
[2022-01-20 03:50:52,355] {logging_mixin.py:109} INFO - [2022-01-20 03:50:52,355] {dag.py:2914} INFO - Setting next_dagrun for example_dag_decorator to None
[2022-01-20 03:50:52,389] {processor.py:171} INFO - Processing /home/airflow/.local/lib/python3.7/site-packages/airflow/example_dags/example_dag_decorator.py took 1.401 seconds
[2022-01-20 03:51:22,725] {processor.py:163} INFO - Started process (PID=6588) to work on /home/airflow/.local/lib/python3.7/site-packages/airflow/example_dags/example_dag_decorator.py
[2022-01-20 03:51:22,730] {processor.py:620} INFO - Processing file /home/airflow/.local/lib/python3.7/site-packages/airflow/example_dags/example_dag_decorator.py for tasks to queue
[2022-01-20 03:51:22,734] {logging_mixin.py:109} INFO - [2022-01-20 03:51:22,734] {dagbag.py:500} INFO - Filling up the DagBag from /home/airflow/.local/lib/python3.7/site-packages/airflow/example_dags/example_dag_decorator.py
[2022-01-20 03:51:22,841] {processor.py:632} INFO - DAG(s) dict_keys(['example_dag_decorator']) retrieved from /home/airflow/.local/lib/python3.7/site-packages/airflow/example_dags/example_dag_decorator.py
[2022-01-20 03:51:23,900] {logging_mixin.py:109} INFO - [2022-01-20 03:51:23,899] {dag.py:2389} INFO - Sync 1 DAGs
[2022-01-20 03:51:23,952] {logging_mixin.py:109} INFO - [2022-01-20 03:51:23,952] {dag.py:2914} INFO - Setting next_dagrun for example_dag_decorator to None
[2022-01-20 03:51:23,992] {processor.py:171} INFO - Processing /home/airflow/.local/lib/python3.7/site-packages/airflow/example_dags/example_dag_decorator.py took 1.275 seconds
