[2022-01-20 03:20:22,171] {processor.py:163} INFO - Started process (PID=261) to work on /home/airflow/.local/lib/python3.7/site-packages/airflow/example_dags/example_task_group_decorator.py
[2022-01-20 03:20:22,183] {processor.py:620} INFO - Processing file /home/airflow/.local/lib/python3.7/site-packages/airflow/example_dags/example_task_group_decorator.py for tasks to queue
[2022-01-20 03:20:22,187] {logging_mixin.py:109} INFO - [2022-01-20 03:20:22,186] {dagbag.py:500} INFO - Filling up the DagBag from /home/airflow/.local/lib/python3.7/site-packages/airflow/example_dags/example_task_group_decorator.py
[2022-01-20 03:20:22,600] {processor.py:632} INFO - DAG(s) dict_keys(['example_task_group_decorator']) retrieved from /home/airflow/.local/lib/python3.7/site-packages/airflow/example_dags/example_task_group_decorator.py
[2022-01-20 03:20:25,713] {logging_mixin.py:109} INFO - [2022-01-20 03:20:25,712] {dag.py:2389} INFO - Sync 1 DAGs
[2022-01-20 03:20:25,846] {logging_mixin.py:109} INFO - [2022-01-20 03:20:25,845] {dag.py:2914} INFO - Setting next_dagrun for example_task_group_decorator to 2022-01-19T03:20:25.837364+00:00
[2022-01-20 03:20:25,936] {processor.py:171} INFO - Processing /home/airflow/.local/lib/python3.7/site-packages/airflow/example_dags/example_task_group_decorator.py took 3.785 seconds
[2022-01-20 03:20:56,426] {processor.py:163} INFO - Started process (PID=383) to work on /home/airflow/.local/lib/python3.7/site-packages/airflow/example_dags/example_task_group_decorator.py
[2022-01-20 03:20:56,439] {processor.py:620} INFO - Processing file /home/airflow/.local/lib/python3.7/site-packages/airflow/example_dags/example_task_group_decorator.py for tasks to queue
[2022-01-20 03:20:56,444] {logging_mixin.py:109} INFO - [2022-01-20 03:20:56,443] {dagbag.py:500} INFO - Filling up the DagBag from /home/airflow/.local/lib/python3.7/site-packages/airflow/example_dags/example_task_group_decorator.py
[2022-01-20 03:20:56,868] {processor.py:632} INFO - DAG(s) dict_keys(['example_task_group_decorator']) retrieved from /home/airflow/.local/lib/python3.7/site-packages/airflow/example_dags/example_task_group_decorator.py
[2022-01-20 03:21:00,312] {logging_mixin.py:109} INFO - [2022-01-20 03:21:00,311] {dag.py:2389} INFO - Sync 1 DAGs
[2022-01-20 03:21:00,522] {logging_mixin.py:109} INFO - [2022-01-20 03:21:00,503] {dag.py:2914} INFO - Setting next_dagrun for example_task_group_decorator to 2022-01-19T03:21:00.501441+00:00
[2022-01-20 03:21:00,644] {processor.py:171} INFO - Processing /home/airflow/.local/lib/python3.7/site-packages/airflow/example_dags/example_task_group_decorator.py took 4.240 seconds
[2022-01-20 03:21:30,836] {processor.py:163} INFO - Started process (PID=501) to work on /home/airflow/.local/lib/python3.7/site-packages/airflow/example_dags/example_task_group_decorator.py
[2022-01-20 03:21:30,840] {processor.py:620} INFO - Processing file /home/airflow/.local/lib/python3.7/site-packages/airflow/example_dags/example_task_group_decorator.py for tasks to queue
[2022-01-20 03:21:30,844] {logging_mixin.py:109} INFO - [2022-01-20 03:21:30,843] {dagbag.py:500} INFO - Filling up the DagBag from /home/airflow/.local/lib/python3.7/site-packages/airflow/example_dags/example_task_group_decorator.py
[2022-01-20 03:21:31,029] {processor.py:632} INFO - DAG(s) dict_keys(['example_task_group_decorator']) retrieved from /home/airflow/.local/lib/python3.7/site-packages/airflow/example_dags/example_task_group_decorator.py
[2022-01-20 03:21:32,768] {logging_mixin.py:109} INFO - [2022-01-20 03:21:32,767] {dag.py:2389} INFO - Sync 1 DAGs
[2022-01-20 03:21:32,832] {logging_mixin.py:109} INFO - [2022-01-20 03:21:32,832] {dag.py:2914} INFO - Setting next_dagrun for example_task_group_decorator to 2022-01-19T03:21:32.830231+00:00
[2022-01-20 03:21:32,906] {processor.py:171} INFO - Processing /home/airflow/.local/lib/python3.7/site-packages/airflow/example_dags/example_task_group_decorator.py took 2.081 seconds
[2022-01-20 03:22:03,352] {processor.py:163} INFO - Started process (PID=609) to work on /home/airflow/.local/lib/python3.7/site-packages/airflow/example_dags/example_task_group_decorator.py
[2022-01-20 03:22:03,357] {processor.py:620} INFO - Processing file /home/airflow/.local/lib/python3.7/site-packages/airflow/example_dags/example_task_group_decorator.py for tasks to queue
[2022-01-20 03:22:03,376] {logging_mixin.py:109} INFO - [2022-01-20 03:22:03,376] {dagbag.py:500} INFO - Filling up the DagBag from /home/airflow/.local/lib/python3.7/site-packages/airflow/example_dags/example_task_group_decorator.py
[2022-01-20 03:22:03,518] {processor.py:632} INFO - DAG(s) dict_keys(['example_task_group_decorator']) retrieved from /home/airflow/.local/lib/python3.7/site-packages/airflow/example_dags/example_task_group_decorator.py
[2022-01-20 03:22:04,689] {logging_mixin.py:109} INFO - [2022-01-20 03:22:04,688] {dag.py:2389} INFO - Sync 1 DAGs
[2022-01-20 03:22:04,746] {logging_mixin.py:109} INFO - [2022-01-20 03:22:04,745] {dag.py:2914} INFO - Setting next_dagrun for example_task_group_decorator to 2022-01-19T03:22:04.744091+00:00
[2022-01-20 03:22:04,790] {processor.py:171} INFO - Processing /home/airflow/.local/lib/python3.7/site-packages/airflow/example_dags/example_task_group_decorator.py took 1.446 seconds
[2022-01-20 03:22:35,233] {processor.py:163} INFO - Started process (PID=727) to work on /home/airflow/.local/lib/python3.7/site-packages/airflow/example_dags/example_task_group_decorator.py
[2022-01-20 03:22:35,237] {processor.py:620} INFO - Processing file /home/airflow/.local/lib/python3.7/site-packages/airflow/example_dags/example_task_group_decorator.py for tasks to queue
[2022-01-20 03:22:35,240] {logging_mixin.py:109} INFO - [2022-01-20 03:22:35,239] {dagbag.py:500} INFO - Filling up the DagBag from /home/airflow/.local/lib/python3.7/site-packages/airflow/example_dags/example_task_group_decorator.py
[2022-01-20 03:22:35,407] {processor.py:632} INFO - DAG(s) dict_keys(['example_task_group_decorator']) retrieved from /home/airflow/.local/lib/python3.7/site-packages/airflow/example_dags/example_task_group_decorator.py
[2022-01-20 03:22:36,537] {logging_mixin.py:109} INFO - [2022-01-20 03:22:36,537] {dag.py:2389} INFO - Sync 1 DAGs
[2022-01-20 03:22:36,592] {logging_mixin.py:109} INFO - [2022-01-20 03:22:36,592] {dag.py:2914} INFO - Setting next_dagrun for example_task_group_decorator to 2022-01-19T03:22:36.590338+00:00
[2022-01-20 03:22:36,633] {processor.py:171} INFO - Processing /home/airflow/.local/lib/python3.7/site-packages/airflow/example_dags/example_task_group_decorator.py took 1.408 seconds
[2022-01-20 03:23:06,796] {processor.py:163} INFO - Started process (PID=825) to work on /home/airflow/.local/lib/python3.7/site-packages/airflow/example_dags/example_task_group_decorator.py
[2022-01-20 03:23:06,800] {processor.py:620} INFO - Processing file /home/airflow/.local/lib/python3.7/site-packages/airflow/example_dags/example_task_group_decorator.py for tasks to queue
[2022-01-20 03:23:06,803] {logging_mixin.py:109} INFO - [2022-01-20 03:23:06,802] {dagbag.py:500} INFO - Filling up the DagBag from /home/airflow/.local/lib/python3.7/site-packages/airflow/example_dags/example_task_group_decorator.py
[2022-01-20 03:23:06,927] {processor.py:632} INFO - DAG(s) dict_keys(['example_task_group_decorator']) retrieved from /home/airflow/.local/lib/python3.7/site-packages/airflow/example_dags/example_task_group_decorator.py
[2022-01-20 03:23:07,863] {logging_mixin.py:109} INFO - [2022-01-20 03:23:07,862] {dag.py:2389} INFO - Sync 1 DAGs
[2022-01-20 03:23:07,905] {logging_mixin.py:109} INFO - [2022-01-20 03:23:07,904] {dag.py:2914} INFO - Setting next_dagrun for example_task_group_decorator to 2022-01-19T03:23:07.903176+00:00
[2022-01-20 03:23:07,933] {processor.py:171} INFO - Processing /home/airflow/.local/lib/python3.7/site-packages/airflow/example_dags/example_task_group_decorator.py took 1.143 seconds
[2022-01-20 03:23:38,400] {processor.py:163} INFO - Started process (PID=938) to work on /home/airflow/.local/lib/python3.7/site-packages/airflow/example_dags/example_task_group_decorator.py
[2022-01-20 03:23:38,404] {processor.py:620} INFO - Processing file /home/airflow/.local/lib/python3.7/site-packages/airflow/example_dags/example_task_group_decorator.py for tasks to queue
[2022-01-20 03:23:38,408] {logging_mixin.py:109} INFO - [2022-01-20 03:23:38,408] {dagbag.py:500} INFO - Filling up the DagBag from /home/airflow/.local/lib/python3.7/site-packages/airflow/example_dags/example_task_group_decorator.py
[2022-01-20 03:23:38,563] {processor.py:632} INFO - DAG(s) dict_keys(['example_task_group_decorator']) retrieved from /home/airflow/.local/lib/python3.7/site-packages/airflow/example_dags/example_task_group_decorator.py
[2022-01-20 03:23:39,791] {logging_mixin.py:109} INFO - [2022-01-20 03:23:39,791] {dag.py:2389} INFO - Sync 1 DAGs
[2022-01-20 03:23:39,844] {logging_mixin.py:109} INFO - [2022-01-20 03:23:39,843] {dag.py:2914} INFO - Setting next_dagrun for example_task_group_decorator to 2022-01-19T03:23:39.841841+00:00
[2022-01-20 03:23:39,899] {processor.py:171} INFO - Processing /home/airflow/.local/lib/python3.7/site-packages/airflow/example_dags/example_task_group_decorator.py took 1.507 seconds
[2022-01-20 03:24:10,032] {processor.py:163} INFO - Started process (PID=1036) to work on /home/airflow/.local/lib/python3.7/site-packages/airflow/example_dags/example_task_group_decorator.py
[2022-01-20 03:24:10,035] {processor.py:620} INFO - Processing file /home/airflow/.local/lib/python3.7/site-packages/airflow/example_dags/example_task_group_decorator.py for tasks to queue
[2022-01-20 03:24:10,038] {logging_mixin.py:109} INFO - [2022-01-20 03:24:10,037] {dagbag.py:500} INFO - Filling up the DagBag from /home/airflow/.local/lib/python3.7/site-packages/airflow/example_dags/example_task_group_decorator.py
[2022-01-20 03:24:10,163] {processor.py:632} INFO - DAG(s) dict_keys(['example_task_group_decorator']) retrieved from /home/airflow/.local/lib/python3.7/site-packages/airflow/example_dags/example_task_group_decorator.py
[2022-01-20 03:24:11,314] {logging_mixin.py:109} INFO - [2022-01-20 03:24:11,314] {dag.py:2389} INFO - Sync 1 DAGs
[2022-01-20 03:24:11,379] {logging_mixin.py:109} INFO - [2022-01-20 03:24:11,378] {dag.py:2914} INFO - Setting next_dagrun for example_task_group_decorator to 2022-01-19T03:24:11.376693+00:00
[2022-01-20 03:24:11,418] {processor.py:171} INFO - Processing /home/airflow/.local/lib/python3.7/site-packages/airflow/example_dags/example_task_group_decorator.py took 1.393 seconds
[2022-01-20 03:24:42,721] {processor.py:163} INFO - Started process (PID=1144) to work on /home/airflow/.local/lib/python3.7/site-packages/airflow/example_dags/example_task_group_decorator.py
[2022-01-20 03:24:42,725] {processor.py:620} INFO - Processing file /home/airflow/.local/lib/python3.7/site-packages/airflow/example_dags/example_task_group_decorator.py for tasks to queue
[2022-01-20 03:24:42,729] {logging_mixin.py:109} INFO - [2022-01-20 03:24:42,728] {dagbag.py:500} INFO - Filling up the DagBag from /home/airflow/.local/lib/python3.7/site-packages/airflow/example_dags/example_task_group_decorator.py
[2022-01-20 03:24:42,876] {processor.py:632} INFO - DAG(s) dict_keys(['example_task_group_decorator']) retrieved from /home/airflow/.local/lib/python3.7/site-packages/airflow/example_dags/example_task_group_decorator.py
[2022-01-20 03:24:44,060] {logging_mixin.py:109} INFO - [2022-01-20 03:24:44,059] {dag.py:2389} INFO - Sync 1 DAGs
[2022-01-20 03:24:44,115] {logging_mixin.py:109} INFO - [2022-01-20 03:24:44,114] {dag.py:2914} INFO - Setting next_dagrun for example_task_group_decorator to 2022-01-19T03:24:44.112906+00:00
[2022-01-20 03:24:44,158] {processor.py:171} INFO - Processing /home/airflow/.local/lib/python3.7/site-packages/airflow/example_dags/example_task_group_decorator.py took 1.445 seconds
[2022-01-20 03:25:16,437] {processor.py:163} INFO - Started process (PID=1259) to work on /home/airflow/.local/lib/python3.7/site-packages/airflow/example_dags/example_task_group_decorator.py
[2022-01-20 03:25:16,442] {processor.py:620} INFO - Processing file /home/airflow/.local/lib/python3.7/site-packages/airflow/example_dags/example_task_group_decorator.py for tasks to queue
[2022-01-20 03:25:16,457] {logging_mixin.py:109} INFO - [2022-01-20 03:25:16,456] {dagbag.py:500} INFO - Filling up the DagBag from /home/airflow/.local/lib/python3.7/site-packages/airflow/example_dags/example_task_group_decorator.py
[2022-01-20 03:25:16,676] {processor.py:632} INFO - DAG(s) dict_keys(['example_task_group_decorator']) retrieved from /home/airflow/.local/lib/python3.7/site-packages/airflow/example_dags/example_task_group_decorator.py
[2022-01-20 03:25:18,623] {logging_mixin.py:109} INFO - [2022-01-20 03:25:18,622] {dag.py:2389} INFO - Sync 1 DAGs
[2022-01-20 03:25:18,682] {logging_mixin.py:109} INFO - [2022-01-20 03:25:18,681] {dag.py:2914} INFO - Setting next_dagrun for example_task_group_decorator to 2022-01-19T03:25:18.679444+00:00
[2022-01-20 03:25:18,774] {processor.py:171} INFO - Processing /home/airflow/.local/lib/python3.7/site-packages/airflow/example_dags/example_task_group_decorator.py took 2.344 seconds
[2022-01-20 03:25:49,876] {processor.py:163} INFO - Started process (PID=1360) to work on /home/airflow/.local/lib/python3.7/site-packages/airflow/example_dags/example_task_group_decorator.py
[2022-01-20 03:25:49,880] {processor.py:620} INFO - Processing file /home/airflow/.local/lib/python3.7/site-packages/airflow/example_dags/example_task_group_decorator.py for tasks to queue
[2022-01-20 03:25:49,884] {logging_mixin.py:109} INFO - [2022-01-20 03:25:49,883] {dagbag.py:500} INFO - Filling up the DagBag from /home/airflow/.local/lib/python3.7/site-packages/airflow/example_dags/example_task_group_decorator.py
[2022-01-20 03:25:50,020] {processor.py:632} INFO - DAG(s) dict_keys(['example_task_group_decorator']) retrieved from /home/airflow/.local/lib/python3.7/site-packages/airflow/example_dags/example_task_group_decorator.py
[2022-01-20 03:25:51,273] {logging_mixin.py:109} INFO - [2022-01-20 03:25:51,272] {dag.py:2389} INFO - Sync 1 DAGs
[2022-01-20 03:25:51,337] {logging_mixin.py:109} INFO - [2022-01-20 03:25:51,336] {dag.py:2914} INFO - Setting next_dagrun for example_task_group_decorator to 2022-01-19T03:25:51.334800+00:00
[2022-01-20 03:25:51,385] {processor.py:171} INFO - Processing /home/airflow/.local/lib/python3.7/site-packages/airflow/example_dags/example_task_group_decorator.py took 1.517 seconds
[2022-01-20 03:26:23,746] {processor.py:163} INFO - Started process (PID=1483) to work on /home/airflow/.local/lib/python3.7/site-packages/airflow/example_dags/example_task_group_decorator.py
[2022-01-20 03:26:23,750] {processor.py:620} INFO - Processing file /home/airflow/.local/lib/python3.7/site-packages/airflow/example_dags/example_task_group_decorator.py for tasks to queue
[2022-01-20 03:26:23,754] {logging_mixin.py:109} INFO - [2022-01-20 03:26:23,753] {dagbag.py:500} INFO - Filling up the DagBag from /home/airflow/.local/lib/python3.7/site-packages/airflow/example_dags/example_task_group_decorator.py
[2022-01-20 03:26:23,911] {processor.py:632} INFO - DAG(s) dict_keys(['example_task_group_decorator']) retrieved from /home/airflow/.local/lib/python3.7/site-packages/airflow/example_dags/example_task_group_decorator.py
[2022-01-20 03:26:25,094] {logging_mixin.py:109} INFO - [2022-01-20 03:26:25,094] {dag.py:2389} INFO - Sync 1 DAGs
[2022-01-20 03:26:25,149] {logging_mixin.py:109} INFO - [2022-01-20 03:26:25,148] {dag.py:2914} INFO - Setting next_dagrun for example_task_group_decorator to 2022-01-19T03:26:25.146535+00:00
[2022-01-20 03:26:25,203] {processor.py:171} INFO - Processing /home/airflow/.local/lib/python3.7/site-packages/airflow/example_dags/example_task_group_decorator.py took 1.465 seconds
[2022-01-20 03:26:57,260] {processor.py:163} INFO - Started process (PID=1599) to work on /home/airflow/.local/lib/python3.7/site-packages/airflow/example_dags/example_task_group_decorator.py
[2022-01-20 03:26:57,265] {processor.py:620} INFO - Processing file /home/airflow/.local/lib/python3.7/site-packages/airflow/example_dags/example_task_group_decorator.py for tasks to queue
[2022-01-20 03:26:57,268] {logging_mixin.py:109} INFO - [2022-01-20 03:26:57,267] {dagbag.py:500} INFO - Filling up the DagBag from /home/airflow/.local/lib/python3.7/site-packages/airflow/example_dags/example_task_group_decorator.py
[2022-01-20 03:26:57,423] {processor.py:632} INFO - DAG(s) dict_keys(['example_task_group_decorator']) retrieved from /home/airflow/.local/lib/python3.7/site-packages/airflow/example_dags/example_task_group_decorator.py
[2022-01-20 03:26:58,616] {logging_mixin.py:109} INFO - [2022-01-20 03:26:58,616] {dag.py:2389} INFO - Sync 1 DAGs
[2022-01-20 03:26:58,670] {logging_mixin.py:109} INFO - [2022-01-20 03:26:58,669] {dag.py:2914} INFO - Setting next_dagrun for example_task_group_decorator to 2022-01-19T03:26:58.668220+00:00
[2022-01-20 03:26:58,708] {processor.py:171} INFO - Processing /home/airflow/.local/lib/python3.7/site-packages/airflow/example_dags/example_task_group_decorator.py took 1.457 seconds
[2022-01-20 03:27:29,249] {processor.py:163} INFO - Started process (PID=1696) to work on /home/airflow/.local/lib/python3.7/site-packages/airflow/example_dags/example_task_group_decorator.py
[2022-01-20 03:27:29,253] {processor.py:620} INFO - Processing file /home/airflow/.local/lib/python3.7/site-packages/airflow/example_dags/example_task_group_decorator.py for tasks to queue
[2022-01-20 03:27:29,256] {logging_mixin.py:109} INFO - [2022-01-20 03:27:29,255] {dagbag.py:500} INFO - Filling up the DagBag from /home/airflow/.local/lib/python3.7/site-packages/airflow/example_dags/example_task_group_decorator.py
[2022-01-20 03:27:29,384] {processor.py:632} INFO - DAG(s) dict_keys(['example_task_group_decorator']) retrieved from /home/airflow/.local/lib/python3.7/site-packages/airflow/example_dags/example_task_group_decorator.py
[2022-01-20 03:27:30,355] {logging_mixin.py:109} INFO - [2022-01-20 03:27:30,354] {dag.py:2389} INFO - Sync 1 DAGs
[2022-01-20 03:27:30,409] {logging_mixin.py:109} INFO - [2022-01-20 03:27:30,409] {dag.py:2914} INFO - Setting next_dagrun for example_task_group_decorator to 2022-01-19T03:27:30.407390+00:00
[2022-01-20 03:27:30,443] {processor.py:171} INFO - Processing /home/airflow/.local/lib/python3.7/site-packages/airflow/example_dags/example_task_group_decorator.py took 1.201 seconds
[2022-01-20 03:28:01,125] {processor.py:163} INFO - Started process (PID=1814) to work on /home/airflow/.local/lib/python3.7/site-packages/airflow/example_dags/example_task_group_decorator.py
[2022-01-20 03:28:01,129] {processor.py:620} INFO - Processing file /home/airflow/.local/lib/python3.7/site-packages/airflow/example_dags/example_task_group_decorator.py for tasks to queue
[2022-01-20 03:28:01,132] {logging_mixin.py:109} INFO - [2022-01-20 03:28:01,132] {dagbag.py:500} INFO - Filling up the DagBag from /home/airflow/.local/lib/python3.7/site-packages/airflow/example_dags/example_task_group_decorator.py
[2022-01-20 03:28:01,283] {processor.py:632} INFO - DAG(s) dict_keys(['example_task_group_decorator']) retrieved from /home/airflow/.local/lib/python3.7/site-packages/airflow/example_dags/example_task_group_decorator.py
[2022-01-20 03:28:02,523] {logging_mixin.py:109} INFO - [2022-01-20 03:28:02,522] {dag.py:2389} INFO - Sync 1 DAGs
[2022-01-20 03:28:02,573] {logging_mixin.py:109} INFO - [2022-01-20 03:28:02,573] {dag.py:2914} INFO - Setting next_dagrun for example_task_group_decorator to 2022-01-19T03:28:02.571713+00:00
[2022-01-20 03:28:02,612] {processor.py:171} INFO - Processing /home/airflow/.local/lib/python3.7/site-packages/airflow/example_dags/example_task_group_decorator.py took 1.494 seconds
[2022-01-20 03:28:33,627] {processor.py:163} INFO - Started process (PID=1921) to work on /home/airflow/.local/lib/python3.7/site-packages/airflow/example_dags/example_task_group_decorator.py
[2022-01-20 03:28:33,631] {processor.py:620} INFO - Processing file /home/airflow/.local/lib/python3.7/site-packages/airflow/example_dags/example_task_group_decorator.py for tasks to queue
[2022-01-20 03:28:33,642] {logging_mixin.py:109} INFO - [2022-01-20 03:28:33,641] {dagbag.py:500} INFO - Filling up the DagBag from /home/airflow/.local/lib/python3.7/site-packages/airflow/example_dags/example_task_group_decorator.py
[2022-01-20 03:28:33,816] {processor.py:632} INFO - DAG(s) dict_keys(['example_task_group_decorator']) retrieved from /home/airflow/.local/lib/python3.7/site-packages/airflow/example_dags/example_task_group_decorator.py
[2022-01-20 03:28:35,158] {logging_mixin.py:109} INFO - [2022-01-20 03:28:35,157] {dag.py:2389} INFO - Sync 1 DAGs
[2022-01-20 03:28:35,238] {logging_mixin.py:109} INFO - [2022-01-20 03:28:35,237] {dag.py:2914} INFO - Setting next_dagrun for example_task_group_decorator to 2022-01-19T03:28:35.235911+00:00
[2022-01-20 03:28:35,289] {processor.py:171} INFO - Processing /home/airflow/.local/lib/python3.7/site-packages/airflow/example_dags/example_task_group_decorator.py took 1.680 seconds
[2022-01-20 03:29:05,585] {processor.py:163} INFO - Started process (PID=2019) to work on /home/airflow/.local/lib/python3.7/site-packages/airflow/example_dags/example_task_group_decorator.py
[2022-01-20 03:29:05,591] {processor.py:620} INFO - Processing file /home/airflow/.local/lib/python3.7/site-packages/airflow/example_dags/example_task_group_decorator.py for tasks to queue
[2022-01-20 03:29:05,595] {logging_mixin.py:109} INFO - [2022-01-20 03:29:05,595] {dagbag.py:500} INFO - Filling up the DagBag from /home/airflow/.local/lib/python3.7/site-packages/airflow/example_dags/example_task_group_decorator.py
[2022-01-20 03:29:05,751] {processor.py:632} INFO - DAG(s) dict_keys(['example_task_group_decorator']) retrieved from /home/airflow/.local/lib/python3.7/site-packages/airflow/example_dags/example_task_group_decorator.py
[2022-01-20 03:29:06,821] {logging_mixin.py:109} INFO - [2022-01-20 03:29:06,821] {dag.py:2389} INFO - Sync 1 DAGs
[2022-01-20 03:29:06,869] {logging_mixin.py:109} INFO - [2022-01-20 03:29:06,869] {dag.py:2914} INFO - Setting next_dagrun for example_task_group_decorator to 2022-01-19T03:29:06.867707+00:00
[2022-01-20 03:29:06,901] {processor.py:171} INFO - Processing /home/airflow/.local/lib/python3.7/site-packages/airflow/example_dags/example_task_group_decorator.py took 1.323 seconds
[2022-01-20 03:29:36,957] {processor.py:163} INFO - Started process (PID=2132) to work on /home/airflow/.local/lib/python3.7/site-packages/airflow/example_dags/example_task_group_decorator.py
[2022-01-20 03:29:36,961] {processor.py:620} INFO - Processing file /home/airflow/.local/lib/python3.7/site-packages/airflow/example_dags/example_task_group_decorator.py for tasks to queue
[2022-01-20 03:29:36,964] {logging_mixin.py:109} INFO - [2022-01-20 03:29:36,964] {dagbag.py:500} INFO - Filling up the DagBag from /home/airflow/.local/lib/python3.7/site-packages/airflow/example_dags/example_task_group_decorator.py
[2022-01-20 03:29:37,109] {processor.py:632} INFO - DAG(s) dict_keys(['example_task_group_decorator']) retrieved from /home/airflow/.local/lib/python3.7/site-packages/airflow/example_dags/example_task_group_decorator.py
[2022-01-20 03:29:38,347] {logging_mixin.py:109} INFO - [2022-01-20 03:29:38,346] {dag.py:2389} INFO - Sync 1 DAGs
[2022-01-20 03:29:38,425] {logging_mixin.py:109} INFO - [2022-01-20 03:29:38,424] {dag.py:2914} INFO - Setting next_dagrun for example_task_group_decorator to 2022-01-19T03:29:38.423282+00:00
[2022-01-20 03:29:38,460] {processor.py:171} INFO - Processing /home/airflow/.local/lib/python3.7/site-packages/airflow/example_dags/example_task_group_decorator.py took 1.511 seconds
[2022-01-20 03:30:08,737] {processor.py:163} INFO - Started process (PID=2228) to work on /home/airflow/.local/lib/python3.7/site-packages/airflow/example_dags/example_task_group_decorator.py
[2022-01-20 03:30:08,741] {processor.py:620} INFO - Processing file /home/airflow/.local/lib/python3.7/site-packages/airflow/example_dags/example_task_group_decorator.py for tasks to queue
[2022-01-20 03:30:08,744] {logging_mixin.py:109} INFO - [2022-01-20 03:30:08,744] {dagbag.py:500} INFO - Filling up the DagBag from /home/airflow/.local/lib/python3.7/site-packages/airflow/example_dags/example_task_group_decorator.py
[2022-01-20 03:30:08,864] {processor.py:632} INFO - DAG(s) dict_keys(['example_task_group_decorator']) retrieved from /home/airflow/.local/lib/python3.7/site-packages/airflow/example_dags/example_task_group_decorator.py
[2022-01-20 03:30:09,877] {logging_mixin.py:109} INFO - [2022-01-20 03:30:09,877] {dag.py:2389} INFO - Sync 1 DAGs
[2022-01-20 03:30:09,925] {logging_mixin.py:109} INFO - [2022-01-20 03:30:09,925] {dag.py:2914} INFO - Setting next_dagrun for example_task_group_decorator to 2022-01-19T03:30:09.923689+00:00
[2022-01-20 03:30:09,959] {processor.py:171} INFO - Processing /home/airflow/.local/lib/python3.7/site-packages/airflow/example_dags/example_task_group_decorator.py took 1.231 seconds
[2022-01-20 03:30:40,129] {processor.py:163} INFO - Started process (PID=2341) to work on /home/airflow/.local/lib/python3.7/site-packages/airflow/example_dags/example_task_group_decorator.py
[2022-01-20 03:30:40,133] {processor.py:620} INFO - Processing file /home/airflow/.local/lib/python3.7/site-packages/airflow/example_dags/example_task_group_decorator.py for tasks to queue
[2022-01-20 03:30:40,136] {logging_mixin.py:109} INFO - [2022-01-20 03:30:40,136] {dagbag.py:500} INFO - Filling up the DagBag from /home/airflow/.local/lib/python3.7/site-packages/airflow/example_dags/example_task_group_decorator.py
[2022-01-20 03:30:40,285] {processor.py:632} INFO - DAG(s) dict_keys(['example_task_group_decorator']) retrieved from /home/airflow/.local/lib/python3.7/site-packages/airflow/example_dags/example_task_group_decorator.py
[2022-01-20 03:30:41,455] {logging_mixin.py:109} INFO - [2022-01-20 03:30:41,454] {dag.py:2389} INFO - Sync 1 DAGs
[2022-01-20 03:30:41,509] {logging_mixin.py:109} INFO - [2022-01-20 03:30:41,508] {dag.py:2914} INFO - Setting next_dagrun for example_task_group_decorator to 2022-01-19T03:30:41.507569+00:00
[2022-01-20 03:30:41,548] {processor.py:171} INFO - Processing /home/airflow/.local/lib/python3.7/site-packages/airflow/example_dags/example_task_group_decorator.py took 1.428 seconds
[2022-01-20 03:31:11,902] {processor.py:163} INFO - Started process (PID=2454) to work on /home/airflow/.local/lib/python3.7/site-packages/airflow/example_dags/example_task_group_decorator.py
[2022-01-20 03:31:11,907] {processor.py:620} INFO - Processing file /home/airflow/.local/lib/python3.7/site-packages/airflow/example_dags/example_task_group_decorator.py for tasks to queue
[2022-01-20 03:31:11,910] {logging_mixin.py:109} INFO - [2022-01-20 03:31:11,909] {dagbag.py:500} INFO - Filling up the DagBag from /home/airflow/.local/lib/python3.7/site-packages/airflow/example_dags/example_task_group_decorator.py
[2022-01-20 03:31:12,077] {processor.py:632} INFO - DAG(s) dict_keys(['example_task_group_decorator']) retrieved from /home/airflow/.local/lib/python3.7/site-packages/airflow/example_dags/example_task_group_decorator.py
[2022-01-20 03:31:13,477] {logging_mixin.py:109} INFO - [2022-01-20 03:31:13,476] {dag.py:2389} INFO - Sync 1 DAGs
[2022-01-20 03:31:13,537] {logging_mixin.py:109} INFO - [2022-01-20 03:31:13,536] {dag.py:2914} INFO - Setting next_dagrun for example_task_group_decorator to 2022-01-19T03:31:13.534669+00:00
[2022-01-20 03:31:13,573] {processor.py:171} INFO - Processing /home/airflow/.local/lib/python3.7/site-packages/airflow/example_dags/example_task_group_decorator.py took 1.681 seconds
[2022-01-20 03:31:43,646] {processor.py:163} INFO - Started process (PID=2561) to work on /home/airflow/.local/lib/python3.7/site-packages/airflow/example_dags/example_task_group_decorator.py
[2022-01-20 03:31:43,653] {processor.py:620} INFO - Processing file /home/airflow/.local/lib/python3.7/site-packages/airflow/example_dags/example_task_group_decorator.py for tasks to queue
[2022-01-20 03:31:43,657] {logging_mixin.py:109} INFO - [2022-01-20 03:31:43,656] {dagbag.py:500} INFO - Filling up the DagBag from /home/airflow/.local/lib/python3.7/site-packages/airflow/example_dags/example_task_group_decorator.py
[2022-01-20 03:31:43,863] {processor.py:632} INFO - DAG(s) dict_keys(['example_task_group_decorator']) retrieved from /home/airflow/.local/lib/python3.7/site-packages/airflow/example_dags/example_task_group_decorator.py
[2022-01-20 03:31:45,095] {logging_mixin.py:109} INFO - [2022-01-20 03:31:45,094] {dag.py:2389} INFO - Sync 1 DAGs
[2022-01-20 03:31:45,150] {logging_mixin.py:109} INFO - [2022-01-20 03:31:45,150] {dag.py:2914} INFO - Setting next_dagrun for example_task_group_decorator to 2022-01-19T03:31:45.148625+00:00
[2022-01-20 03:31:45,188] {processor.py:171} INFO - Processing /home/airflow/.local/lib/python3.7/site-packages/airflow/example_dags/example_task_group_decorator.py took 1.550 seconds
[2022-01-20 03:32:15,722] {processor.py:163} INFO - Started process (PID=2677) to work on /home/airflow/.local/lib/python3.7/site-packages/airflow/example_dags/example_task_group_decorator.py
[2022-01-20 03:32:15,738] {processor.py:620} INFO - Processing file /home/airflow/.local/lib/python3.7/site-packages/airflow/example_dags/example_task_group_decorator.py for tasks to queue
[2022-01-20 03:32:15,744] {logging_mixin.py:109} INFO - [2022-01-20 03:32:15,743] {dagbag.py:500} INFO - Filling up the DagBag from /home/airflow/.local/lib/python3.7/site-packages/airflow/example_dags/example_task_group_decorator.py
[2022-01-20 03:32:16,092] {processor.py:632} INFO - DAG(s) dict_keys(['example_task_group_decorator']) retrieved from /home/airflow/.local/lib/python3.7/site-packages/airflow/example_dags/example_task_group_decorator.py
[2022-01-20 03:32:17,273] {logging_mixin.py:109} INFO - [2022-01-20 03:32:17,273] {dag.py:2389} INFO - Sync 1 DAGs
[2022-01-20 03:32:17,336] {logging_mixin.py:109} INFO - [2022-01-20 03:32:17,335] {dag.py:2914} INFO - Setting next_dagrun for example_task_group_decorator to 2022-01-19T03:32:17.333871+00:00
[2022-01-20 03:32:17,379] {processor.py:171} INFO - Processing /home/airflow/.local/lib/python3.7/site-packages/airflow/example_dags/example_task_group_decorator.py took 1.669 seconds
[2022-01-20 03:32:47,989] {processor.py:163} INFO - Started process (PID=2778) to work on /home/airflow/.local/lib/python3.7/site-packages/airflow/example_dags/example_task_group_decorator.py
[2022-01-20 03:32:47,993] {processor.py:620} INFO - Processing file /home/airflow/.local/lib/python3.7/site-packages/airflow/example_dags/example_task_group_decorator.py for tasks to queue
[2022-01-20 03:32:47,995] {logging_mixin.py:109} INFO - [2022-01-20 03:32:47,995] {dagbag.py:500} INFO - Filling up the DagBag from /home/airflow/.local/lib/python3.7/site-packages/airflow/example_dags/example_task_group_decorator.py
[2022-01-20 03:32:48,248] {processor.py:632} INFO - DAG(s) dict_keys(['example_task_group_decorator']) retrieved from /home/airflow/.local/lib/python3.7/site-packages/airflow/example_dags/example_task_group_decorator.py
[2022-01-20 03:32:49,160] {logging_mixin.py:109} INFO - [2022-01-20 03:32:49,159] {dag.py:2389} INFO - Sync 1 DAGs
[2022-01-20 03:32:49,205] {logging_mixin.py:109} INFO - [2022-01-20 03:32:49,205] {dag.py:2914} INFO - Setting next_dagrun for example_task_group_decorator to 2022-01-19T03:32:49.204035+00:00
[2022-01-20 03:32:49,239] {processor.py:171} INFO - Processing /home/airflow/.local/lib/python3.7/site-packages/airflow/example_dags/example_task_group_decorator.py took 1.258 seconds
[2022-01-20 03:33:19,304] {processor.py:163} INFO - Started process (PID=2897) to work on /home/airflow/.local/lib/python3.7/site-packages/airflow/example_dags/example_task_group_decorator.py
[2022-01-20 03:33:19,309] {processor.py:620} INFO - Processing file /home/airflow/.local/lib/python3.7/site-packages/airflow/example_dags/example_task_group_decorator.py for tasks to queue
[2022-01-20 03:33:19,313] {logging_mixin.py:109} INFO - [2022-01-20 03:33:19,313] {dagbag.py:500} INFO - Filling up the DagBag from /home/airflow/.local/lib/python3.7/site-packages/airflow/example_dags/example_task_group_decorator.py
[2022-01-20 03:33:19,617] {processor.py:632} INFO - DAG(s) dict_keys(['example_task_group_decorator']) retrieved from /home/airflow/.local/lib/python3.7/site-packages/airflow/example_dags/example_task_group_decorator.py
[2022-01-20 03:33:20,795] {logging_mixin.py:109} INFO - [2022-01-20 03:33:20,794] {dag.py:2389} INFO - Sync 1 DAGs
[2022-01-20 03:33:20,853] {logging_mixin.py:109} INFO - [2022-01-20 03:33:20,852] {dag.py:2914} INFO - Setting next_dagrun for example_task_group_decorator to 2022-01-19T03:33:20.851109+00:00
[2022-01-20 03:33:20,896] {processor.py:171} INFO - Processing /home/airflow/.local/lib/python3.7/site-packages/airflow/example_dags/example_task_group_decorator.py took 1.599 seconds
[2022-01-20 03:33:51,346] {processor.py:163} INFO - Started process (PID=3010) to work on /home/airflow/.local/lib/python3.7/site-packages/airflow/example_dags/example_task_group_decorator.py
[2022-01-20 03:33:51,351] {processor.py:620} INFO - Processing file /home/airflow/.local/lib/python3.7/site-packages/airflow/example_dags/example_task_group_decorator.py for tasks to queue
[2022-01-20 03:33:51,354] {logging_mixin.py:109} INFO - [2022-01-20 03:33:51,354] {dagbag.py:500} INFO - Filling up the DagBag from /home/airflow/.local/lib/python3.7/site-packages/airflow/example_dags/example_task_group_decorator.py
[2022-01-20 03:33:51,660] {processor.py:632} INFO - DAG(s) dict_keys(['example_task_group_decorator']) retrieved from /home/airflow/.local/lib/python3.7/site-packages/airflow/example_dags/example_task_group_decorator.py
[2022-01-20 03:33:52,915] {logging_mixin.py:109} INFO - [2022-01-20 03:33:52,915] {dag.py:2389} INFO - Sync 1 DAGs
[2022-01-20 03:33:52,981] {logging_mixin.py:109} INFO - [2022-01-20 03:33:52,981] {dag.py:2914} INFO - Setting next_dagrun for example_task_group_decorator to 2022-01-19T03:33:52.979370+00:00
[2022-01-20 03:33:53,023] {processor.py:171} INFO - Processing /home/airflow/.local/lib/python3.7/site-packages/airflow/example_dags/example_task_group_decorator.py took 1.686 seconds
[2022-01-20 03:34:23,260] {processor.py:163} INFO - Started process (PID=3118) to work on /home/airflow/.local/lib/python3.7/site-packages/airflow/example_dags/example_task_group_decorator.py
[2022-01-20 03:34:23,265] {processor.py:620} INFO - Processing file /home/airflow/.local/lib/python3.7/site-packages/airflow/example_dags/example_task_group_decorator.py for tasks to queue
[2022-01-20 03:34:23,268] {logging_mixin.py:109} INFO - [2022-01-20 03:34:23,267] {dagbag.py:500} INFO - Filling up the DagBag from /home/airflow/.local/lib/python3.7/site-packages/airflow/example_dags/example_task_group_decorator.py
[2022-01-20 03:34:23,524] {processor.py:632} INFO - DAG(s) dict_keys(['example_task_group_decorator']) retrieved from /home/airflow/.local/lib/python3.7/site-packages/airflow/example_dags/example_task_group_decorator.py
[2022-01-20 03:34:24,551] {logging_mixin.py:109} INFO - [2022-01-20 03:34:24,550] {dag.py:2389} INFO - Sync 1 DAGs
[2022-01-20 03:34:24,602] {logging_mixin.py:109} INFO - [2022-01-20 03:34:24,601] {dag.py:2914} INFO - Setting next_dagrun for example_task_group_decorator to 2022-01-19T03:34:24.600041+00:00
[2022-01-20 03:34:24,637] {processor.py:171} INFO - Processing /home/airflow/.local/lib/python3.7/site-packages/airflow/example_dags/example_task_group_decorator.py took 1.384 seconds
[2022-01-20 03:34:54,937] {processor.py:163} INFO - Started process (PID=3230) to work on /home/airflow/.local/lib/python3.7/site-packages/airflow/example_dags/example_task_group_decorator.py
[2022-01-20 03:34:54,942] {processor.py:620} INFO - Processing file /home/airflow/.local/lib/python3.7/site-packages/airflow/example_dags/example_task_group_decorator.py for tasks to queue
[2022-01-20 03:34:54,945] {logging_mixin.py:109} INFO - [2022-01-20 03:34:54,945] {dagbag.py:500} INFO - Filling up the DagBag from /home/airflow/.local/lib/python3.7/site-packages/airflow/example_dags/example_task_group_decorator.py
[2022-01-20 03:34:55,233] {processor.py:632} INFO - DAG(s) dict_keys(['example_task_group_decorator']) retrieved from /home/airflow/.local/lib/python3.7/site-packages/airflow/example_dags/example_task_group_decorator.py
[2022-01-20 03:34:56,365] {logging_mixin.py:109} INFO - [2022-01-20 03:34:56,365] {dag.py:2389} INFO - Sync 1 DAGs
[2022-01-20 03:34:56,416] {logging_mixin.py:109} INFO - [2022-01-20 03:34:56,416] {dag.py:2914} INFO - Setting next_dagrun for example_task_group_decorator to 2022-01-19T03:34:56.414394+00:00
[2022-01-20 03:34:56,454] {processor.py:171} INFO - Processing /home/airflow/.local/lib/python3.7/site-packages/airflow/example_dags/example_task_group_decorator.py took 1.524 seconds
[2022-01-20 03:35:26,548] {processor.py:163} INFO - Started process (PID=3334) to work on /home/airflow/.local/lib/python3.7/site-packages/airflow/example_dags/example_task_group_decorator.py
[2022-01-20 03:35:26,552] {processor.py:620} INFO - Processing file /home/airflow/.local/lib/python3.7/site-packages/airflow/example_dags/example_task_group_decorator.py for tasks to queue
[2022-01-20 03:35:26,554] {logging_mixin.py:109} INFO - [2022-01-20 03:35:26,554] {dagbag.py:500} INFO - Filling up the DagBag from /home/airflow/.local/lib/python3.7/site-packages/airflow/example_dags/example_task_group_decorator.py
[2022-01-20 03:35:26,803] {processor.py:632} INFO - DAG(s) dict_keys(['example_task_group_decorator']) retrieved from /home/airflow/.local/lib/python3.7/site-packages/airflow/example_dags/example_task_group_decorator.py
[2022-01-20 03:35:27,734] {logging_mixin.py:109} INFO - [2022-01-20 03:35:27,734] {dag.py:2389} INFO - Sync 1 DAGs
[2022-01-20 03:35:27,775] {logging_mixin.py:109} INFO - [2022-01-20 03:35:27,774] {dag.py:2914} INFO - Setting next_dagrun for example_task_group_decorator to 2022-01-19T03:35:27.773421+00:00
[2022-01-20 03:35:27,802] {processor.py:171} INFO - Processing /home/airflow/.local/lib/python3.7/site-packages/airflow/example_dags/example_task_group_decorator.py took 1.262 seconds
[2022-01-20 03:35:58,346] {processor.py:163} INFO - Started process (PID=3446) to work on /home/airflow/.local/lib/python3.7/site-packages/airflow/example_dags/example_task_group_decorator.py
[2022-01-20 03:35:58,350] {processor.py:620} INFO - Processing file /home/airflow/.local/lib/python3.7/site-packages/airflow/example_dags/example_task_group_decorator.py for tasks to queue
[2022-01-20 03:35:58,353] {logging_mixin.py:109} INFO - [2022-01-20 03:35:58,352] {dagbag.py:500} INFO - Filling up the DagBag from /home/airflow/.local/lib/python3.7/site-packages/airflow/example_dags/example_task_group_decorator.py
[2022-01-20 03:35:58,502] {processor.py:632} INFO - DAG(s) dict_keys(['example_task_group_decorator']) retrieved from /home/airflow/.local/lib/python3.7/site-packages/airflow/example_dags/example_task_group_decorator.py
[2022-01-20 03:35:59,562] {logging_mixin.py:109} INFO - [2022-01-20 03:35:59,561] {dag.py:2389} INFO - Sync 1 DAGs
[2022-01-20 03:35:59,613] {logging_mixin.py:109} INFO - [2022-01-20 03:35:59,613] {dag.py:2914} INFO - Setting next_dagrun for example_task_group_decorator to 2022-01-19T03:35:59.611649+00:00
[2022-01-20 03:35:59,649] {processor.py:171} INFO - Processing /home/airflow/.local/lib/python3.7/site-packages/airflow/example_dags/example_task_group_decorator.py took 1.310 seconds
[2022-01-20 03:36:29,761] {processor.py:163} INFO - Started process (PID=3542) to work on /home/airflow/.local/lib/python3.7/site-packages/airflow/example_dags/example_task_group_decorator.py
[2022-01-20 03:36:29,765] {processor.py:620} INFO - Processing file /home/airflow/.local/lib/python3.7/site-packages/airflow/example_dags/example_task_group_decorator.py for tasks to queue
[2022-01-20 03:36:29,769] {logging_mixin.py:109} INFO - [2022-01-20 03:36:29,768] {dagbag.py:500} INFO - Filling up the DagBag from /home/airflow/.local/lib/python3.7/site-packages/airflow/example_dags/example_task_group_decorator.py
[2022-01-20 03:36:29,917] {processor.py:632} INFO - DAG(s) dict_keys(['example_task_group_decorator']) retrieved from /home/airflow/.local/lib/python3.7/site-packages/airflow/example_dags/example_task_group_decorator.py
[2022-01-20 03:36:30,830] {logging_mixin.py:109} INFO - [2022-01-20 03:36:30,830] {dag.py:2389} INFO - Sync 1 DAGs
[2022-01-20 03:36:30,885] {logging_mixin.py:109} INFO - [2022-01-20 03:36:30,885] {dag.py:2914} INFO - Setting next_dagrun for example_task_group_decorator to 2022-01-19T03:36:30.883478+00:00
[2022-01-20 03:36:30,924] {processor.py:171} INFO - Processing /home/airflow/.local/lib/python3.7/site-packages/airflow/example_dags/example_task_group_decorator.py took 1.171 seconds
[2022-01-20 03:37:01,106] {processor.py:163} INFO - Started process (PID=3652) to work on /home/airflow/.local/lib/python3.7/site-packages/airflow/example_dags/example_task_group_decorator.py
[2022-01-20 03:37:01,110] {processor.py:620} INFO - Processing file /home/airflow/.local/lib/python3.7/site-packages/airflow/example_dags/example_task_group_decorator.py for tasks to queue
[2022-01-20 03:37:01,113] {logging_mixin.py:109} INFO - [2022-01-20 03:37:01,113] {dagbag.py:500} INFO - Filling up the DagBag from /home/airflow/.local/lib/python3.7/site-packages/airflow/example_dags/example_task_group_decorator.py
[2022-01-20 03:37:01,279] {processor.py:632} INFO - DAG(s) dict_keys(['example_task_group_decorator']) retrieved from /home/airflow/.local/lib/python3.7/site-packages/airflow/example_dags/example_task_group_decorator.py
[2022-01-20 03:37:02,443] {logging_mixin.py:109} INFO - [2022-01-20 03:37:02,442] {dag.py:2389} INFO - Sync 1 DAGs
[2022-01-20 03:37:02,497] {logging_mixin.py:109} INFO - [2022-01-20 03:37:02,496] {dag.py:2914} INFO - Setting next_dagrun for example_task_group_decorator to 2022-01-19T03:37:02.494618+00:00
[2022-01-20 03:37:02,538] {processor.py:171} INFO - Processing /home/airflow/.local/lib/python3.7/site-packages/airflow/example_dags/example_task_group_decorator.py took 1.440 seconds
[2022-01-20 03:37:33,147] {processor.py:163} INFO - Started process (PID=3765) to work on /home/airflow/.local/lib/python3.7/site-packages/airflow/example_dags/example_task_group_decorator.py
[2022-01-20 03:37:33,151] {processor.py:620} INFO - Processing file /home/airflow/.local/lib/python3.7/site-packages/airflow/example_dags/example_task_group_decorator.py for tasks to queue
[2022-01-20 03:37:33,155] {logging_mixin.py:109} INFO - [2022-01-20 03:37:33,155] {dagbag.py:500} INFO - Filling up the DagBag from /home/airflow/.local/lib/python3.7/site-packages/airflow/example_dags/example_task_group_decorator.py
[2022-01-20 03:37:33,317] {processor.py:632} INFO - DAG(s) dict_keys(['example_task_group_decorator']) retrieved from /home/airflow/.local/lib/python3.7/site-packages/airflow/example_dags/example_task_group_decorator.py
[2022-01-20 03:37:34,503] {logging_mixin.py:109} INFO - [2022-01-20 03:37:34,503] {dag.py:2389} INFO - Sync 1 DAGs
[2022-01-20 03:37:34,561] {logging_mixin.py:109} INFO - [2022-01-20 03:37:34,561] {dag.py:2914} INFO - Setting next_dagrun for example_task_group_decorator to 2022-01-19T03:37:34.559255+00:00
[2022-01-20 03:37:34,611] {processor.py:171} INFO - Processing /home/airflow/.local/lib/python3.7/site-packages/airflow/example_dags/example_task_group_decorator.py took 1.473 seconds
[2022-01-20 03:38:04,742] {processor.py:163} INFO - Started process (PID=3866) to work on /home/airflow/.local/lib/python3.7/site-packages/airflow/example_dags/example_task_group_decorator.py
[2022-01-20 03:38:04,746] {processor.py:620} INFO - Processing file /home/airflow/.local/lib/python3.7/site-packages/airflow/example_dags/example_task_group_decorator.py for tasks to queue
[2022-01-20 03:38:04,749] {logging_mixin.py:109} INFO - [2022-01-20 03:38:04,748] {dagbag.py:500} INFO - Filling up the DagBag from /home/airflow/.local/lib/python3.7/site-packages/airflow/example_dags/example_task_group_decorator.py
[2022-01-20 03:38:04,897] {processor.py:632} INFO - DAG(s) dict_keys(['example_task_group_decorator']) retrieved from /home/airflow/.local/lib/python3.7/site-packages/airflow/example_dags/example_task_group_decorator.py
[2022-01-20 03:38:05,799] {logging_mixin.py:109} INFO - [2022-01-20 03:38:05,798] {dag.py:2389} INFO - Sync 1 DAGs
[2022-01-20 03:38:05,844] {logging_mixin.py:109} INFO - [2022-01-20 03:38:05,844] {dag.py:2914} INFO - Setting next_dagrun for example_task_group_decorator to 2022-01-19T03:38:05.842842+00:00
[2022-01-20 03:38:05,877] {processor.py:171} INFO - Processing /home/airflow/.local/lib/python3.7/site-packages/airflow/example_dags/example_task_group_decorator.py took 1.142 seconds
[2022-01-20 03:38:36,304] {processor.py:163} INFO - Started process (PID=3982) to work on /home/airflow/.local/lib/python3.7/site-packages/airflow/example_dags/example_task_group_decorator.py
[2022-01-20 03:38:36,310] {processor.py:620} INFO - Processing file /home/airflow/.local/lib/python3.7/site-packages/airflow/example_dags/example_task_group_decorator.py for tasks to queue
[2022-01-20 03:38:36,313] {logging_mixin.py:109} INFO - [2022-01-20 03:38:36,312] {dagbag.py:500} INFO - Filling up the DagBag from /home/airflow/.local/lib/python3.7/site-packages/airflow/example_dags/example_task_group_decorator.py
[2022-01-20 03:38:36,474] {processor.py:632} INFO - DAG(s) dict_keys(['example_task_group_decorator']) retrieved from /home/airflow/.local/lib/python3.7/site-packages/airflow/example_dags/example_task_group_decorator.py
[2022-01-20 03:38:37,537] {logging_mixin.py:109} INFO - [2022-01-20 03:38:37,536] {dag.py:2389} INFO - Sync 1 DAGs
[2022-01-20 03:38:37,595] {logging_mixin.py:109} INFO - [2022-01-20 03:38:37,594] {dag.py:2914} INFO - Setting next_dagrun for example_task_group_decorator to 2022-01-19T03:38:37.592789+00:00
[2022-01-20 03:38:37,631] {processor.py:171} INFO - Processing /home/airflow/.local/lib/python3.7/site-packages/airflow/example_dags/example_task_group_decorator.py took 1.334 seconds
[2022-01-20 03:39:07,975] {processor.py:163} INFO - Started process (PID=4078) to work on /home/airflow/.local/lib/python3.7/site-packages/airflow/example_dags/example_task_group_decorator.py
[2022-01-20 03:39:07,980] {processor.py:620} INFO - Processing file /home/airflow/.local/lib/python3.7/site-packages/airflow/example_dags/example_task_group_decorator.py for tasks to queue
[2022-01-20 03:39:07,984] {logging_mixin.py:109} INFO - [2022-01-20 03:39:07,984] {dagbag.py:500} INFO - Filling up the DagBag from /home/airflow/.local/lib/python3.7/site-packages/airflow/example_dags/example_task_group_decorator.py
[2022-01-20 03:39:08,109] {processor.py:632} INFO - DAG(s) dict_keys(['example_task_group_decorator']) retrieved from /home/airflow/.local/lib/python3.7/site-packages/airflow/example_dags/example_task_group_decorator.py
[2022-01-20 03:39:08,934] {logging_mixin.py:109} INFO - [2022-01-20 03:39:08,933] {dag.py:2389} INFO - Sync 1 DAGs
[2022-01-20 03:39:08,979] {logging_mixin.py:109} INFO - [2022-01-20 03:39:08,978] {dag.py:2914} INFO - Setting next_dagrun for example_task_group_decorator to 2022-01-19T03:39:08.977436+00:00
[2022-01-20 03:39:09,013] {processor.py:171} INFO - Processing /home/airflow/.local/lib/python3.7/site-packages/airflow/example_dags/example_task_group_decorator.py took 1.048 seconds
[2022-01-20 03:39:39,217] {processor.py:163} INFO - Started process (PID=4194) to work on /home/airflow/.local/lib/python3.7/site-packages/airflow/example_dags/example_task_group_decorator.py
[2022-01-20 03:39:39,221] {processor.py:620} INFO - Processing file /home/airflow/.local/lib/python3.7/site-packages/airflow/example_dags/example_task_group_decorator.py for tasks to queue
[2022-01-20 03:39:39,225] {logging_mixin.py:109} INFO - [2022-01-20 03:39:39,224] {dagbag.py:500} INFO - Filling up the DagBag from /home/airflow/.local/lib/python3.7/site-packages/airflow/example_dags/example_task_group_decorator.py
[2022-01-20 03:39:39,440] {processor.py:632} INFO - DAG(s) dict_keys(['example_task_group_decorator']) retrieved from /home/airflow/.local/lib/python3.7/site-packages/airflow/example_dags/example_task_group_decorator.py
[2022-01-20 03:39:40,479] {logging_mixin.py:109} INFO - [2022-01-20 03:39:40,479] {dag.py:2389} INFO - Sync 1 DAGs
[2022-01-20 03:39:40,545] {logging_mixin.py:109} INFO - [2022-01-20 03:39:40,545] {dag.py:2914} INFO - Setting next_dagrun for example_task_group_decorator to 2022-01-19T03:39:40.543462+00:00
[2022-01-20 03:39:40,584] {processor.py:171} INFO - Processing /home/airflow/.local/lib/python3.7/site-packages/airflow/example_dags/example_task_group_decorator.py took 1.375 seconds
[2022-01-20 03:40:10,792] {processor.py:163} INFO - Started process (PID=4304) to work on /home/airflow/.local/lib/python3.7/site-packages/airflow/example_dags/example_task_group_decorator.py
[2022-01-20 03:40:10,809] {processor.py:620} INFO - Processing file /home/airflow/.local/lib/python3.7/site-packages/airflow/example_dags/example_task_group_decorator.py for tasks to queue
[2022-01-20 03:40:10,812] {logging_mixin.py:109} INFO - [2022-01-20 03:40:10,811] {dagbag.py:500} INFO - Filling up the DagBag from /home/airflow/.local/lib/python3.7/site-packages/airflow/example_dags/example_task_group_decorator.py
[2022-01-20 03:40:10,998] {processor.py:632} INFO - DAG(s) dict_keys(['example_task_group_decorator']) retrieved from /home/airflow/.local/lib/python3.7/site-packages/airflow/example_dags/example_task_group_decorator.py
[2022-01-20 03:40:12,093] {logging_mixin.py:109} INFO - [2022-01-20 03:40:12,093] {dag.py:2389} INFO - Sync 1 DAGs
[2022-01-20 03:40:12,152] {logging_mixin.py:109} INFO - [2022-01-20 03:40:12,151] {dag.py:2914} INFO - Setting next_dagrun for example_task_group_decorator to 2022-01-19T03:40:12.149558+00:00
[2022-01-20 03:40:12,197] {processor.py:171} INFO - Processing /home/airflow/.local/lib/python3.7/site-packages/airflow/example_dags/example_task_group_decorator.py took 1.416 seconds
[2022-01-20 03:40:42,845] {processor.py:163} INFO - Started process (PID=4409) to work on /home/airflow/.local/lib/python3.7/site-packages/airflow/example_dags/example_task_group_decorator.py
[2022-01-20 03:40:42,850] {processor.py:620} INFO - Processing file /home/airflow/.local/lib/python3.7/site-packages/airflow/example_dags/example_task_group_decorator.py for tasks to queue
[2022-01-20 03:40:42,853] {logging_mixin.py:109} INFO - [2022-01-20 03:40:42,853] {dagbag.py:500} INFO - Filling up the DagBag from /home/airflow/.local/lib/python3.7/site-packages/airflow/example_dags/example_task_group_decorator.py
[2022-01-20 03:40:43,007] {processor.py:632} INFO - DAG(s) dict_keys(['example_task_group_decorator']) retrieved from /home/airflow/.local/lib/python3.7/site-packages/airflow/example_dags/example_task_group_decorator.py
[2022-01-20 03:40:44,013] {logging_mixin.py:109} INFO - [2022-01-20 03:40:44,012] {dag.py:2389} INFO - Sync 1 DAGs
[2022-01-20 03:40:44,066] {logging_mixin.py:109} INFO - [2022-01-20 03:40:44,065] {dag.py:2914} INFO - Setting next_dagrun for example_task_group_decorator to 2022-01-19T03:40:44.064218+00:00
[2022-01-20 03:40:44,108] {processor.py:171} INFO - Processing /home/airflow/.local/lib/python3.7/site-packages/airflow/example_dags/example_task_group_decorator.py took 1.274 seconds
[2022-01-20 03:41:15,386] {processor.py:163} INFO - Started process (PID=4524) to work on /home/airflow/.local/lib/python3.7/site-packages/airflow/example_dags/example_task_group_decorator.py
[2022-01-20 03:41:15,391] {processor.py:620} INFO - Processing file /home/airflow/.local/lib/python3.7/site-packages/airflow/example_dags/example_task_group_decorator.py for tasks to queue
[2022-01-20 03:41:15,395] {logging_mixin.py:109} INFO - [2022-01-20 03:41:15,394] {dagbag.py:500} INFO - Filling up the DagBag from /home/airflow/.local/lib/python3.7/site-packages/airflow/example_dags/example_task_group_decorator.py
[2022-01-20 03:41:15,545] {processor.py:632} INFO - DAG(s) dict_keys(['example_task_group_decorator']) retrieved from /home/airflow/.local/lib/python3.7/site-packages/airflow/example_dags/example_task_group_decorator.py
[2022-01-20 03:41:16,762] {logging_mixin.py:109} INFO - [2022-01-20 03:41:16,761] {dag.py:2389} INFO - Sync 1 DAGs
[2022-01-20 03:41:16,817] {logging_mixin.py:109} INFO - [2022-01-20 03:41:16,816] {dag.py:2914} INFO - Setting next_dagrun for example_task_group_decorator to 2022-01-19T03:41:16.814877+00:00
[2022-01-20 03:41:16,853] {processor.py:171} INFO - Processing /home/airflow/.local/lib/python3.7/site-packages/airflow/example_dags/example_task_group_decorator.py took 1.474 seconds
[2022-01-20 03:41:48,782] {processor.py:163} INFO - Started process (PID=4626) to work on /home/airflow/.local/lib/python3.7/site-packages/airflow/example_dags/example_task_group_decorator.py
[2022-01-20 03:41:48,786] {processor.py:620} INFO - Processing file /home/airflow/.local/lib/python3.7/site-packages/airflow/example_dags/example_task_group_decorator.py for tasks to queue
[2022-01-20 03:41:48,790] {logging_mixin.py:109} INFO - [2022-01-20 03:41:48,789] {dagbag.py:500} INFO - Filling up the DagBag from /home/airflow/.local/lib/python3.7/site-packages/airflow/example_dags/example_task_group_decorator.py
[2022-01-20 03:41:48,946] {processor.py:632} INFO - DAG(s) dict_keys(['example_task_group_decorator']) retrieved from /home/airflow/.local/lib/python3.7/site-packages/airflow/example_dags/example_task_group_decorator.py
[2022-01-20 03:41:49,855] {logging_mixin.py:109} INFO - [2022-01-20 03:41:49,854] {dag.py:2389} INFO - Sync 1 DAGs
[2022-01-20 03:41:49,905] {logging_mixin.py:109} INFO - [2022-01-20 03:41:49,905] {dag.py:2914} INFO - Setting next_dagrun for example_task_group_decorator to 2022-01-19T03:41:49.903290+00:00
[2022-01-20 03:41:49,938] {processor.py:171} INFO - Processing /home/airflow/.local/lib/python3.7/site-packages/airflow/example_dags/example_task_group_decorator.py took 1.164 seconds
[2022-01-20 03:42:21,633] {processor.py:163} INFO - Started process (PID=4738) to work on /home/airflow/.local/lib/python3.7/site-packages/airflow/example_dags/example_task_group_decorator.py
[2022-01-20 03:42:21,638] {processor.py:620} INFO - Processing file /home/airflow/.local/lib/python3.7/site-packages/airflow/example_dags/example_task_group_decorator.py for tasks to queue
[2022-01-20 03:42:21,641] {logging_mixin.py:109} INFO - [2022-01-20 03:42:21,641] {dagbag.py:500} INFO - Filling up the DagBag from /home/airflow/.local/lib/python3.7/site-packages/airflow/example_dags/example_task_group_decorator.py
[2022-01-20 03:42:21,783] {processor.py:632} INFO - DAG(s) dict_keys(['example_task_group_decorator']) retrieved from /home/airflow/.local/lib/python3.7/site-packages/airflow/example_dags/example_task_group_decorator.py
[2022-01-20 03:42:22,823] {logging_mixin.py:109} INFO - [2022-01-20 03:42:22,822] {dag.py:2389} INFO - Sync 1 DAGs
[2022-01-20 03:42:22,877] {logging_mixin.py:109} INFO - [2022-01-20 03:42:22,877] {dag.py:2914} INFO - Setting next_dagrun for example_task_group_decorator to 2022-01-19T03:42:22.875484+00:00
[2022-01-20 03:42:22,914] {processor.py:171} INFO - Processing /home/airflow/.local/lib/python3.7/site-packages/airflow/example_dags/example_task_group_decorator.py took 1.288 seconds
[2022-01-20 03:42:53,327] {processor.py:163} INFO - Started process (PID=4847) to work on /home/airflow/.local/lib/python3.7/site-packages/airflow/example_dags/example_task_group_decorator.py
[2022-01-20 03:42:53,331] {processor.py:620} INFO - Processing file /home/airflow/.local/lib/python3.7/site-packages/airflow/example_dags/example_task_group_decorator.py for tasks to queue
[2022-01-20 03:42:53,334] {logging_mixin.py:109} INFO - [2022-01-20 03:42:53,334] {dagbag.py:500} INFO - Filling up the DagBag from /home/airflow/.local/lib/python3.7/site-packages/airflow/example_dags/example_task_group_decorator.py
[2022-01-20 03:42:53,600] {processor.py:632} INFO - DAG(s) dict_keys(['example_task_group_decorator']) retrieved from /home/airflow/.local/lib/python3.7/site-packages/airflow/example_dags/example_task_group_decorator.py
[2022-01-20 03:42:54,799] {logging_mixin.py:109} INFO - [2022-01-20 03:42:54,798] {dag.py:2389} INFO - Sync 1 DAGs
[2022-01-20 03:42:54,856] {logging_mixin.py:109} INFO - [2022-01-20 03:42:54,856] {dag.py:2914} INFO - Setting next_dagrun for example_task_group_decorator to 2022-01-19T03:42:54.854706+00:00
[2022-01-20 03:42:54,895] {processor.py:171} INFO - Processing /home/airflow/.local/lib/python3.7/site-packages/airflow/example_dags/example_task_group_decorator.py took 1.576 seconds
[2022-01-20 03:43:25,007] {processor.py:163} INFO - Started process (PID=4941) to work on /home/airflow/.local/lib/python3.7/site-packages/airflow/example_dags/example_task_group_decorator.py
[2022-01-20 03:43:25,011] {processor.py:620} INFO - Processing file /home/airflow/.local/lib/python3.7/site-packages/airflow/example_dags/example_task_group_decorator.py for tasks to queue
[2022-01-20 03:43:25,015] {logging_mixin.py:109} INFO - [2022-01-20 03:43:25,015] {dagbag.py:500} INFO - Filling up the DagBag from /home/airflow/.local/lib/python3.7/site-packages/airflow/example_dags/example_task_group_decorator.py
[2022-01-20 03:43:25,163] {processor.py:632} INFO - DAG(s) dict_keys(['example_task_group_decorator']) retrieved from /home/airflow/.local/lib/python3.7/site-packages/airflow/example_dags/example_task_group_decorator.py
[2022-01-20 03:43:26,111] {logging_mixin.py:109} INFO - [2022-01-20 03:43:26,111] {dag.py:2389} INFO - Sync 1 DAGs
[2022-01-20 03:43:26,177] {logging_mixin.py:109} INFO - [2022-01-20 03:43:26,176] {dag.py:2914} INFO - Setting next_dagrun for example_task_group_decorator to 2022-01-19T03:43:26.175056+00:00
[2022-01-20 03:43:26,217] {processor.py:171} INFO - Processing /home/airflow/.local/lib/python3.7/site-packages/airflow/example_dags/example_task_group_decorator.py took 1.217 seconds
[2022-01-20 03:43:56,388] {processor.py:163} INFO - Started process (PID=5059) to work on /home/airflow/.local/lib/python3.7/site-packages/airflow/example_dags/example_task_group_decorator.py
[2022-01-20 03:43:56,393] {processor.py:620} INFO - Processing file /home/airflow/.local/lib/python3.7/site-packages/airflow/example_dags/example_task_group_decorator.py for tasks to queue
[2022-01-20 03:43:56,397] {logging_mixin.py:109} INFO - [2022-01-20 03:43:56,396] {dagbag.py:500} INFO - Filling up the DagBag from /home/airflow/.local/lib/python3.7/site-packages/airflow/example_dags/example_task_group_decorator.py
[2022-01-20 03:43:56,560] {processor.py:632} INFO - DAG(s) dict_keys(['example_task_group_decorator']) retrieved from /home/airflow/.local/lib/python3.7/site-packages/airflow/example_dags/example_task_group_decorator.py
[2022-01-20 03:43:57,697] {logging_mixin.py:109} INFO - [2022-01-20 03:43:57,697] {dag.py:2389} INFO - Sync 1 DAGs
[2022-01-20 03:43:57,765] {logging_mixin.py:109} INFO - [2022-01-20 03:43:57,764] {dag.py:2914} INFO - Setting next_dagrun for example_task_group_decorator to 2022-01-19T03:43:57.762839+00:00
[2022-01-20 03:43:57,828] {processor.py:171} INFO - Processing /home/airflow/.local/lib/python3.7/site-packages/airflow/example_dags/example_task_group_decorator.py took 1.449 seconds
[2022-01-20 03:44:27,906] {processor.py:163} INFO - Started process (PID=5158) to work on /home/airflow/.local/lib/python3.7/site-packages/airflow/example_dags/example_task_group_decorator.py
[2022-01-20 03:44:27,909] {processor.py:620} INFO - Processing file /home/airflow/.local/lib/python3.7/site-packages/airflow/example_dags/example_task_group_decorator.py for tasks to queue
[2022-01-20 03:44:27,912] {logging_mixin.py:109} INFO - [2022-01-20 03:44:27,912] {dagbag.py:500} INFO - Filling up the DagBag from /home/airflow/.local/lib/python3.7/site-packages/airflow/example_dags/example_task_group_decorator.py
[2022-01-20 03:44:28,048] {processor.py:632} INFO - DAG(s) dict_keys(['example_task_group_decorator']) retrieved from /home/airflow/.local/lib/python3.7/site-packages/airflow/example_dags/example_task_group_decorator.py
[2022-01-20 03:44:28,853] {logging_mixin.py:109} INFO - [2022-01-20 03:44:28,853] {dag.py:2389} INFO - Sync 1 DAGs
[2022-01-20 03:44:28,902] {logging_mixin.py:109} INFO - [2022-01-20 03:44:28,901] {dag.py:2914} INFO - Setting next_dagrun for example_task_group_decorator to 2022-01-19T03:44:28.899543+00:00
[2022-01-20 03:44:28,948] {processor.py:171} INFO - Processing /home/airflow/.local/lib/python3.7/site-packages/airflow/example_dags/example_task_group_decorator.py took 1.049 seconds
[2022-01-20 03:44:59,296] {processor.py:163} INFO - Started process (PID=5270) to work on /home/airflow/.local/lib/python3.7/site-packages/airflow/example_dags/example_task_group_decorator.py
[2022-01-20 03:44:59,300] {processor.py:620} INFO - Processing file /home/airflow/.local/lib/python3.7/site-packages/airflow/example_dags/example_task_group_decorator.py for tasks to queue
[2022-01-20 03:44:59,304] {logging_mixin.py:109} INFO - [2022-01-20 03:44:59,303] {dagbag.py:500} INFO - Filling up the DagBag from /home/airflow/.local/lib/python3.7/site-packages/airflow/example_dags/example_task_group_decorator.py
[2022-01-20 03:44:59,482] {processor.py:632} INFO - DAG(s) dict_keys(['example_task_group_decorator']) retrieved from /home/airflow/.local/lib/python3.7/site-packages/airflow/example_dags/example_task_group_decorator.py
[2022-01-20 03:45:00,567] {logging_mixin.py:109} INFO - [2022-01-20 03:45:00,566] {dag.py:2389} INFO - Sync 1 DAGs
[2022-01-20 03:45:00,633] {logging_mixin.py:109} INFO - [2022-01-20 03:45:00,632] {dag.py:2914} INFO - Setting next_dagrun for example_task_group_decorator to 2022-01-19T03:45:00.630490+00:00
[2022-01-20 03:45:00,682] {processor.py:171} INFO - Processing /home/airflow/.local/lib/python3.7/site-packages/airflow/example_dags/example_task_group_decorator.py took 1.395 seconds
[2022-01-20 03:45:31,327] {processor.py:163} INFO - Started process (PID=5382) to work on /home/airflow/.local/lib/python3.7/site-packages/airflow/example_dags/example_task_group_decorator.py
[2022-01-20 03:45:31,332] {processor.py:620} INFO - Processing file /home/airflow/.local/lib/python3.7/site-packages/airflow/example_dags/example_task_group_decorator.py for tasks to queue
[2022-01-20 03:45:31,337] {logging_mixin.py:109} INFO - [2022-01-20 03:45:31,336] {dagbag.py:500} INFO - Filling up the DagBag from /home/airflow/.local/lib/python3.7/site-packages/airflow/example_dags/example_task_group_decorator.py
[2022-01-20 03:45:31,499] {processor.py:632} INFO - DAG(s) dict_keys(['example_task_group_decorator']) retrieved from /home/airflow/.local/lib/python3.7/site-packages/airflow/example_dags/example_task_group_decorator.py
[2022-01-20 03:45:32,557] {logging_mixin.py:109} INFO - [2022-01-20 03:45:32,556] {dag.py:2389} INFO - Sync 1 DAGs
[2022-01-20 03:45:32,616] {logging_mixin.py:109} INFO - [2022-01-20 03:45:32,616] {dag.py:2914} INFO - Setting next_dagrun for example_task_group_decorator to 2022-01-19T03:45:32.614441+00:00
[2022-01-20 03:45:32,658] {processor.py:171} INFO - Processing /home/airflow/.local/lib/python3.7/site-packages/airflow/example_dags/example_task_group_decorator.py took 1.337 seconds
[2022-01-20 03:46:02,926] {processor.py:163} INFO - Started process (PID=5484) to work on /home/airflow/.local/lib/python3.7/site-packages/airflow/example_dags/example_task_group_decorator.py
[2022-01-20 03:46:02,932] {processor.py:620} INFO - Processing file /home/airflow/.local/lib/python3.7/site-packages/airflow/example_dags/example_task_group_decorator.py for tasks to queue
[2022-01-20 03:46:02,934] {logging_mixin.py:109} INFO - [2022-01-20 03:46:02,934] {dagbag.py:500} INFO - Filling up the DagBag from /home/airflow/.local/lib/python3.7/site-packages/airflow/example_dags/example_task_group_decorator.py
[2022-01-20 03:46:03,082] {processor.py:632} INFO - DAG(s) dict_keys(['example_task_group_decorator']) retrieved from /home/airflow/.local/lib/python3.7/site-packages/airflow/example_dags/example_task_group_decorator.py
[2022-01-20 03:46:04,065] {logging_mixin.py:109} INFO - [2022-01-20 03:46:04,065] {dag.py:2389} INFO - Sync 1 DAGs
[2022-01-20 03:46:04,121] {logging_mixin.py:109} INFO - [2022-01-20 03:46:04,121] {dag.py:2914} INFO - Setting next_dagrun for example_task_group_decorator to 2022-01-19T03:46:04.119529+00:00
[2022-01-20 03:46:04,155] {processor.py:171} INFO - Processing /home/airflow/.local/lib/python3.7/site-packages/airflow/example_dags/example_task_group_decorator.py took 1.237 seconds
[2022-01-20 03:46:34,216] {processor.py:163} INFO - Started process (PID=5602) to work on /home/airflow/.local/lib/python3.7/site-packages/airflow/example_dags/example_task_group_decorator.py
[2022-01-20 03:46:34,220] {processor.py:620} INFO - Processing file /home/airflow/.local/lib/python3.7/site-packages/airflow/example_dags/example_task_group_decorator.py for tasks to queue
[2022-01-20 03:46:34,223] {logging_mixin.py:109} INFO - [2022-01-20 03:46:34,223] {dagbag.py:500} INFO - Filling up the DagBag from /home/airflow/.local/lib/python3.7/site-packages/airflow/example_dags/example_task_group_decorator.py
[2022-01-20 03:46:34,385] {processor.py:632} INFO - DAG(s) dict_keys(['example_task_group_decorator']) retrieved from /home/airflow/.local/lib/python3.7/site-packages/airflow/example_dags/example_task_group_decorator.py
[2022-01-20 03:46:35,493] {logging_mixin.py:109} INFO - [2022-01-20 03:46:35,492] {dag.py:2389} INFO - Sync 1 DAGs
[2022-01-20 03:46:35,572] {logging_mixin.py:109} INFO - [2022-01-20 03:46:35,570] {dag.py:2914} INFO - Setting next_dagrun for example_task_group_decorator to 2022-01-19T03:46:35.564831+00:00
[2022-01-20 03:46:35,652] {processor.py:171} INFO - Processing /home/airflow/.local/lib/python3.7/site-packages/airflow/example_dags/example_task_group_decorator.py took 1.444 seconds
[2022-01-20 03:47:05,819] {processor.py:163} INFO - Started process (PID=5702) to work on /home/airflow/.local/lib/python3.7/site-packages/airflow/example_dags/example_task_group_decorator.py
[2022-01-20 03:47:05,823] {processor.py:620} INFO - Processing file /home/airflow/.local/lib/python3.7/site-packages/airflow/example_dags/example_task_group_decorator.py for tasks to queue
[2022-01-20 03:47:05,826] {logging_mixin.py:109} INFO - [2022-01-20 03:47:05,825] {dagbag.py:500} INFO - Filling up the DagBag from /home/airflow/.local/lib/python3.7/site-packages/airflow/example_dags/example_task_group_decorator.py
[2022-01-20 03:47:05,973] {processor.py:632} INFO - DAG(s) dict_keys(['example_task_group_decorator']) retrieved from /home/airflow/.local/lib/python3.7/site-packages/airflow/example_dags/example_task_group_decorator.py
[2022-01-20 03:47:06,933] {logging_mixin.py:109} INFO - [2022-01-20 03:47:06,933] {dag.py:2389} INFO - Sync 1 DAGs
[2022-01-20 03:47:06,979] {logging_mixin.py:109} INFO - [2022-01-20 03:47:06,979] {dag.py:2914} INFO - Setting next_dagrun for example_task_group_decorator to 2022-01-19T03:47:06.977706+00:00
[2022-01-20 03:47:07,011] {processor.py:171} INFO - Processing /home/airflow/.local/lib/python3.7/site-packages/airflow/example_dags/example_task_group_decorator.py took 1.198 seconds
[2022-01-20 03:47:37,306] {processor.py:163} INFO - Started process (PID=5816) to work on /home/airflow/.local/lib/python3.7/site-packages/airflow/example_dags/example_task_group_decorator.py
[2022-01-20 03:47:37,310] {processor.py:620} INFO - Processing file /home/airflow/.local/lib/python3.7/site-packages/airflow/example_dags/example_task_group_decorator.py for tasks to queue
[2022-01-20 03:47:37,313] {logging_mixin.py:109} INFO - [2022-01-20 03:47:37,313] {dagbag.py:500} INFO - Filling up the DagBag from /home/airflow/.local/lib/python3.7/site-packages/airflow/example_dags/example_task_group_decorator.py
[2022-01-20 03:47:37,482] {processor.py:632} INFO - DAG(s) dict_keys(['example_task_group_decorator']) retrieved from /home/airflow/.local/lib/python3.7/site-packages/airflow/example_dags/example_task_group_decorator.py
[2022-01-20 03:47:38,640] {logging_mixin.py:109} INFO - [2022-01-20 03:47:38,639] {dag.py:2389} INFO - Sync 1 DAGs
[2022-01-20 03:47:38,698] {logging_mixin.py:109} INFO - [2022-01-20 03:47:38,697] {dag.py:2914} INFO - Setting next_dagrun for example_task_group_decorator to 2022-01-19T03:47:38.695999+00:00
[2022-01-20 03:47:38,736] {processor.py:171} INFO - Processing /home/airflow/.local/lib/python3.7/site-packages/airflow/example_dags/example_task_group_decorator.py took 1.438 seconds
[2022-01-20 03:48:08,888] {processor.py:163} INFO - Started process (PID=5911) to work on /home/airflow/.local/lib/python3.7/site-packages/airflow/example_dags/example_task_group_decorator.py
[2022-01-20 03:48:08,892] {processor.py:620} INFO - Processing file /home/airflow/.local/lib/python3.7/site-packages/airflow/example_dags/example_task_group_decorator.py for tasks to queue
[2022-01-20 03:48:08,895] {logging_mixin.py:109} INFO - [2022-01-20 03:48:08,895] {dagbag.py:500} INFO - Filling up the DagBag from /home/airflow/.local/lib/python3.7/site-packages/airflow/example_dags/example_task_group_decorator.py
[2022-01-20 03:48:09,034] {processor.py:632} INFO - DAG(s) dict_keys(['example_task_group_decorator']) retrieved from /home/airflow/.local/lib/python3.7/site-packages/airflow/example_dags/example_task_group_decorator.py
[2022-01-20 03:48:09,815] {logging_mixin.py:109} INFO - [2022-01-20 03:48:09,814] {dag.py:2389} INFO - Sync 1 DAGs
[2022-01-20 03:48:09,856] {logging_mixin.py:109} INFO - [2022-01-20 03:48:09,856] {dag.py:2914} INFO - Setting next_dagrun for example_task_group_decorator to 2022-01-19T03:48:09.854680+00:00
[2022-01-20 03:48:09,893] {processor.py:171} INFO - Processing /home/airflow/.local/lib/python3.7/site-packages/airflow/example_dags/example_task_group_decorator.py took 1.011 seconds
[2022-01-20 03:48:40,899] {processor.py:163} INFO - Started process (PID=6029) to work on /home/airflow/.local/lib/python3.7/site-packages/airflow/example_dags/example_task_group_decorator.py
[2022-01-20 03:48:40,907] {processor.py:620} INFO - Processing file /home/airflow/.local/lib/python3.7/site-packages/airflow/example_dags/example_task_group_decorator.py for tasks to queue
[2022-01-20 03:48:40,911] {logging_mixin.py:109} INFO - [2022-01-20 03:48:40,910] {dagbag.py:500} INFO - Filling up the DagBag from /home/airflow/.local/lib/python3.7/site-packages/airflow/example_dags/example_task_group_decorator.py
[2022-01-20 03:48:41,080] {processor.py:632} INFO - DAG(s) dict_keys(['example_task_group_decorator']) retrieved from /home/airflow/.local/lib/python3.7/site-packages/airflow/example_dags/example_task_group_decorator.py
[2022-01-20 03:48:42,059] {logging_mixin.py:109} INFO - [2022-01-20 03:48:42,058] {dag.py:2389} INFO - Sync 1 DAGs
[2022-01-20 03:48:42,117] {logging_mixin.py:109} INFO - [2022-01-20 03:48:42,117] {dag.py:2914} INFO - Setting next_dagrun for example_task_group_decorator to 2022-01-19T03:48:42.115616+00:00
[2022-01-20 03:48:42,165] {processor.py:171} INFO - Processing /home/airflow/.local/lib/python3.7/site-packages/airflow/example_dags/example_task_group_decorator.py took 1.276 seconds
[2022-01-20 03:49:12,356] {processor.py:163} INFO - Started process (PID=6137) to work on /home/airflow/.local/lib/python3.7/site-packages/airflow/example_dags/example_task_group_decorator.py
[2022-01-20 03:49:12,360] {processor.py:620} INFO - Processing file /home/airflow/.local/lib/python3.7/site-packages/airflow/example_dags/example_task_group_decorator.py for tasks to queue
[2022-01-20 03:49:12,363] {logging_mixin.py:109} INFO - [2022-01-20 03:49:12,362] {dagbag.py:500} INFO - Filling up the DagBag from /home/airflow/.local/lib/python3.7/site-packages/airflow/example_dags/example_task_group_decorator.py
[2022-01-20 03:49:12,548] {processor.py:632} INFO - DAG(s) dict_keys(['example_task_group_decorator']) retrieved from /home/airflow/.local/lib/python3.7/site-packages/airflow/example_dags/example_task_group_decorator.py
[2022-01-20 03:49:13,694] {logging_mixin.py:109} INFO - [2022-01-20 03:49:13,693] {dag.py:2389} INFO - Sync 1 DAGs
[2022-01-20 03:49:13,751] {logging_mixin.py:109} INFO - [2022-01-20 03:49:13,751] {dag.py:2914} INFO - Setting next_dagrun for example_task_group_decorator to 2022-01-19T03:49:13.749560+00:00
[2022-01-20 03:49:13,808] {processor.py:171} INFO - Processing /home/airflow/.local/lib/python3.7/site-packages/airflow/example_dags/example_task_group_decorator.py took 1.461 seconds
[2022-01-20 03:49:44,295] {processor.py:163} INFO - Started process (PID=6244) to work on /home/airflow/.local/lib/python3.7/site-packages/airflow/example_dags/example_task_group_decorator.py
[2022-01-20 03:49:44,300] {processor.py:620} INFO - Processing file /home/airflow/.local/lib/python3.7/site-packages/airflow/example_dags/example_task_group_decorator.py for tasks to queue
[2022-01-20 03:49:44,303] {logging_mixin.py:109} INFO - [2022-01-20 03:49:44,302] {dagbag.py:500} INFO - Filling up the DagBag from /home/airflow/.local/lib/python3.7/site-packages/airflow/example_dags/example_task_group_decorator.py
[2022-01-20 03:49:44,459] {processor.py:632} INFO - DAG(s) dict_keys(['example_task_group_decorator']) retrieved from /home/airflow/.local/lib/python3.7/site-packages/airflow/example_dags/example_task_group_decorator.py
[2022-01-20 03:49:45,462] {logging_mixin.py:109} INFO - [2022-01-20 03:49:45,462] {dag.py:2389} INFO - Sync 1 DAGs
[2022-01-20 03:49:45,517] {logging_mixin.py:109} INFO - [2022-01-20 03:49:45,516] {dag.py:2914} INFO - Setting next_dagrun for example_task_group_decorator to 2022-01-19T03:49:45.514778+00:00
[2022-01-20 03:49:45,554] {processor.py:171} INFO - Processing /home/airflow/.local/lib/python3.7/site-packages/airflow/example_dags/example_task_group_decorator.py took 1.268 seconds
[2022-01-20 03:50:15,618] {processor.py:163} INFO - Started process (PID=6358) to work on /home/airflow/.local/lib/python3.7/site-packages/airflow/example_dags/example_task_group_decorator.py
[2022-01-20 03:50:15,622] {processor.py:620} INFO - Processing file /home/airflow/.local/lib/python3.7/site-packages/airflow/example_dags/example_task_group_decorator.py for tasks to queue
[2022-01-20 03:50:15,624] {logging_mixin.py:109} INFO - [2022-01-20 03:50:15,624] {dagbag.py:500} INFO - Filling up the DagBag from /home/airflow/.local/lib/python3.7/site-packages/airflow/example_dags/example_task_group_decorator.py
[2022-01-20 03:50:15,771] {processor.py:632} INFO - DAG(s) dict_keys(['example_task_group_decorator']) retrieved from /home/airflow/.local/lib/python3.7/site-packages/airflow/example_dags/example_task_group_decorator.py
[2022-01-20 03:50:16,862] {logging_mixin.py:109} INFO - [2022-01-20 03:50:16,862] {dag.py:2389} INFO - Sync 1 DAGs
[2022-01-20 03:50:16,920] {logging_mixin.py:109} INFO - [2022-01-20 03:50:16,920] {dag.py:2914} INFO - Setting next_dagrun for example_task_group_decorator to 2022-01-19T03:50:16.918249+00:00
[2022-01-20 03:50:16,955] {processor.py:171} INFO - Processing /home/airflow/.local/lib/python3.7/site-packages/airflow/example_dags/example_task_group_decorator.py took 1.345 seconds
[2022-01-20 03:50:47,265] {processor.py:163} INFO - Started process (PID=6462) to work on /home/airflow/.local/lib/python3.7/site-packages/airflow/example_dags/example_task_group_decorator.py
[2022-01-20 03:50:47,269] {processor.py:620} INFO - Processing file /home/airflow/.local/lib/python3.7/site-packages/airflow/example_dags/example_task_group_decorator.py for tasks to queue
[2022-01-20 03:50:47,272] {logging_mixin.py:109} INFO - [2022-01-20 03:50:47,272] {dagbag.py:500} INFO - Filling up the DagBag from /home/airflow/.local/lib/python3.7/site-packages/airflow/example_dags/example_task_group_decorator.py
[2022-01-20 03:50:47,424] {processor.py:632} INFO - DAG(s) dict_keys(['example_task_group_decorator']) retrieved from /home/airflow/.local/lib/python3.7/site-packages/airflow/example_dags/example_task_group_decorator.py
[2022-01-20 03:50:48,322] {logging_mixin.py:109} INFO - [2022-01-20 03:50:48,321] {dag.py:2389} INFO - Sync 1 DAGs
[2022-01-20 03:50:48,365] {logging_mixin.py:109} INFO - [2022-01-20 03:50:48,365] {dag.py:2914} INFO - Setting next_dagrun for example_task_group_decorator to 2022-01-19T03:50:48.363565+00:00
[2022-01-20 03:50:48,398] {processor.py:171} INFO - Processing /home/airflow/.local/lib/python3.7/site-packages/airflow/example_dags/example_task_group_decorator.py took 1.140 seconds
[2022-01-20 03:51:18,691] {processor.py:163} INFO - Started process (PID=6580) to work on /home/airflow/.local/lib/python3.7/site-packages/airflow/example_dags/example_task_group_decorator.py
[2022-01-20 03:51:18,700] {processor.py:620} INFO - Processing file /home/airflow/.local/lib/python3.7/site-packages/airflow/example_dags/example_task_group_decorator.py for tasks to queue
[2022-01-20 03:51:18,703] {logging_mixin.py:109} INFO - [2022-01-20 03:51:18,703] {dagbag.py:500} INFO - Filling up the DagBag from /home/airflow/.local/lib/python3.7/site-packages/airflow/example_dags/example_task_group_decorator.py
[2022-01-20 03:51:18,886] {processor.py:632} INFO - DAG(s) dict_keys(['example_task_group_decorator']) retrieved from /home/airflow/.local/lib/python3.7/site-packages/airflow/example_dags/example_task_group_decorator.py
[2022-01-20 03:51:19,953] {logging_mixin.py:109} INFO - [2022-01-20 03:51:19,952] {dag.py:2389} INFO - Sync 1 DAGs
[2022-01-20 03:51:20,008] {logging_mixin.py:109} INFO - [2022-01-20 03:51:20,007] {dag.py:2914} INFO - Setting next_dagrun for example_task_group_decorator to 2022-01-19T03:51:20.005578+00:00
[2022-01-20 03:51:20,043] {processor.py:171} INFO - Processing /home/airflow/.local/lib/python3.7/site-packages/airflow/example_dags/example_task_group_decorator.py took 1.360 seconds
