[2022-01-20 03:20:27,020] {processor.py:163} INFO - Started process (PID=281) to work on /home/airflow/.local/lib/python3.7/site-packages/airflow/example_dags/example_trigger_target_dag.py
[2022-01-20 03:20:27,027] {processor.py:620} INFO - Processing file /home/airflow/.local/lib/python3.7/site-packages/airflow/example_dags/example_trigger_target_dag.py for tasks to queue
[2022-01-20 03:20:27,034] {logging_mixin.py:109} INFO - [2022-01-20 03:20:27,033] {dagbag.py:500} INFO - Filling up the DagBag from /home/airflow/.local/lib/python3.7/site-packages/airflow/example_dags/example_trigger_target_dag.py
[2022-01-20 03:20:27,213] {processor.py:632} INFO - DAG(s) dict_keys(['example_trigger_target_dag']) retrieved from /home/airflow/.local/lib/python3.7/site-packages/airflow/example_dags/example_trigger_target_dag.py
[2022-01-20 03:20:27,293] {logging_mixin.py:109} INFO - [2022-01-20 03:20:27,293] {dag.py:2389} INFO - Sync 1 DAGs
[2022-01-20 03:20:27,405] {logging_mixin.py:109} INFO - [2022-01-20 03:20:27,404] {dag.py:2914} INFO - Setting next_dagrun for example_trigger_target_dag to None
[2022-01-20 03:20:27,456] {processor.py:171} INFO - Processing /home/airflow/.local/lib/python3.7/site-packages/airflow/example_dags/example_trigger_target_dag.py took 0.455 seconds
[2022-01-20 03:20:59,175] {processor.py:163} INFO - Started process (PID=395) to work on /home/airflow/.local/lib/python3.7/site-packages/airflow/example_dags/example_trigger_target_dag.py
[2022-01-20 03:20:59,186] {processor.py:620} INFO - Processing file /home/airflow/.local/lib/python3.7/site-packages/airflow/example_dags/example_trigger_target_dag.py for tasks to queue
[2022-01-20 03:20:59,192] {logging_mixin.py:109} INFO - [2022-01-20 03:20:59,192] {dagbag.py:500} INFO - Filling up the DagBag from /home/airflow/.local/lib/python3.7/site-packages/airflow/example_dags/example_trigger_target_dag.py
[2022-01-20 03:20:59,297] {processor.py:632} INFO - DAG(s) dict_keys(['example_trigger_target_dag']) retrieved from /home/airflow/.local/lib/python3.7/site-packages/airflow/example_dags/example_trigger_target_dag.py
[2022-01-20 03:20:59,399] {logging_mixin.py:109} INFO - [2022-01-20 03:20:59,399] {dag.py:2389} INFO - Sync 1 DAGs
[2022-01-20 03:20:59,611] {logging_mixin.py:109} INFO - [2022-01-20 03:20:59,610] {dag.py:2914} INFO - Setting next_dagrun for example_trigger_target_dag to None
[2022-01-20 03:20:59,721] {processor.py:171} INFO - Processing /home/airflow/.local/lib/python3.7/site-packages/airflow/example_dags/example_trigger_target_dag.py took 0.562 seconds
[2022-01-20 03:21:30,529] {processor.py:163} INFO - Started process (PID=499) to work on /home/airflow/.local/lib/python3.7/site-packages/airflow/example_dags/example_trigger_target_dag.py
[2022-01-20 03:21:30,534] {processor.py:620} INFO - Processing file /home/airflow/.local/lib/python3.7/site-packages/airflow/example_dags/example_trigger_target_dag.py for tasks to queue
[2022-01-20 03:21:30,538] {logging_mixin.py:109} INFO - [2022-01-20 03:21:30,537] {dagbag.py:500} INFO - Filling up the DagBag from /home/airflow/.local/lib/python3.7/site-packages/airflow/example_dags/example_trigger_target_dag.py
[2022-01-20 03:21:30,629] {processor.py:632} INFO - DAG(s) dict_keys(['example_trigger_target_dag']) retrieved from /home/airflow/.local/lib/python3.7/site-packages/airflow/example_dags/example_trigger_target_dag.py
[2022-01-20 03:21:30,674] {logging_mixin.py:109} INFO - [2022-01-20 03:21:30,673] {dag.py:2389} INFO - Sync 1 DAGs
[2022-01-20 03:21:30,739] {logging_mixin.py:109} INFO - [2022-01-20 03:21:30,738] {dag.py:2914} INFO - Setting next_dagrun for example_trigger_target_dag to None
[2022-01-20 03:21:30,772] {processor.py:171} INFO - Processing /home/airflow/.local/lib/python3.7/site-packages/airflow/example_dags/example_trigger_target_dag.py took 0.252 seconds
[2022-01-20 03:22:01,032] {processor.py:163} INFO - Started process (PID=603) to work on /home/airflow/.local/lib/python3.7/site-packages/airflow/example_dags/example_trigger_target_dag.py
[2022-01-20 03:22:01,039] {processor.py:620} INFO - Processing file /home/airflow/.local/lib/python3.7/site-packages/airflow/example_dags/example_trigger_target_dag.py for tasks to queue
[2022-01-20 03:22:01,043] {logging_mixin.py:109} INFO - [2022-01-20 03:22:01,043] {dagbag.py:500} INFO - Filling up the DagBag from /home/airflow/.local/lib/python3.7/site-packages/airflow/example_dags/example_trigger_target_dag.py
[2022-01-20 03:22:01,134] {processor.py:632} INFO - DAG(s) dict_keys(['example_trigger_target_dag']) retrieved from /home/airflow/.local/lib/python3.7/site-packages/airflow/example_dags/example_trigger_target_dag.py
[2022-01-20 03:22:01,171] {logging_mixin.py:109} INFO - [2022-01-20 03:22:01,171] {dag.py:2389} INFO - Sync 1 DAGs
[2022-01-20 03:22:01,234] {logging_mixin.py:109} INFO - [2022-01-20 03:22:01,233] {dag.py:2914} INFO - Setting next_dagrun for example_trigger_target_dag to None
[2022-01-20 03:22:01,266] {processor.py:171} INFO - Processing /home/airflow/.local/lib/python3.7/site-packages/airflow/example_dags/example_trigger_target_dag.py took 0.242 seconds
[2022-01-20 03:22:31,560] {processor.py:163} INFO - Started process (PID=711) to work on /home/airflow/.local/lib/python3.7/site-packages/airflow/example_dags/example_trigger_target_dag.py
[2022-01-20 03:22:31,564] {processor.py:620} INFO - Processing file /home/airflow/.local/lib/python3.7/site-packages/airflow/example_dags/example_trigger_target_dag.py for tasks to queue
[2022-01-20 03:22:31,568] {logging_mixin.py:109} INFO - [2022-01-20 03:22:31,567] {dagbag.py:500} INFO - Filling up the DagBag from /home/airflow/.local/lib/python3.7/site-packages/airflow/example_dags/example_trigger_target_dag.py
[2022-01-20 03:22:31,642] {processor.py:632} INFO - DAG(s) dict_keys(['example_trigger_target_dag']) retrieved from /home/airflow/.local/lib/python3.7/site-packages/airflow/example_dags/example_trigger_target_dag.py
[2022-01-20 03:22:31,684] {logging_mixin.py:109} INFO - [2022-01-20 03:22:31,684] {dag.py:2389} INFO - Sync 1 DAGs
[2022-01-20 03:22:31,750] {logging_mixin.py:109} INFO - [2022-01-20 03:22:31,750] {dag.py:2914} INFO - Setting next_dagrun for example_trigger_target_dag to None
[2022-01-20 03:22:31,778] {processor.py:171} INFO - Processing /home/airflow/.local/lib/python3.7/site-packages/airflow/example_dags/example_trigger_target_dag.py took 0.226 seconds
[2022-01-20 03:23:03,669] {processor.py:163} INFO - Started process (PID=815) to work on /home/airflow/.local/lib/python3.7/site-packages/airflow/example_dags/example_trigger_target_dag.py
[2022-01-20 03:23:03,673] {processor.py:620} INFO - Processing file /home/airflow/.local/lib/python3.7/site-packages/airflow/example_dags/example_trigger_target_dag.py for tasks to queue
[2022-01-20 03:23:03,676] {logging_mixin.py:109} INFO - [2022-01-20 03:23:03,676] {dagbag.py:500} INFO - Filling up the DagBag from /home/airflow/.local/lib/python3.7/site-packages/airflow/example_dags/example_trigger_target_dag.py
[2022-01-20 03:23:03,754] {processor.py:632} INFO - DAG(s) dict_keys(['example_trigger_target_dag']) retrieved from /home/airflow/.local/lib/python3.7/site-packages/airflow/example_dags/example_trigger_target_dag.py
[2022-01-20 03:23:03,794] {logging_mixin.py:109} INFO - [2022-01-20 03:23:03,793] {dag.py:2389} INFO - Sync 1 DAGs
[2022-01-20 03:23:03,845] {logging_mixin.py:109} INFO - [2022-01-20 03:23:03,845] {dag.py:2914} INFO - Setting next_dagrun for example_trigger_target_dag to None
[2022-01-20 03:23:03,876] {processor.py:171} INFO - Processing /home/airflow/.local/lib/python3.7/site-packages/airflow/example_dags/example_trigger_target_dag.py took 0.214 seconds
[2022-01-20 03:23:35,884] {processor.py:163} INFO - Started process (PID=926) to work on /home/airflow/.local/lib/python3.7/site-packages/airflow/example_dags/example_trigger_target_dag.py
[2022-01-20 03:23:35,889] {processor.py:620} INFO - Processing file /home/airflow/.local/lib/python3.7/site-packages/airflow/example_dags/example_trigger_target_dag.py for tasks to queue
[2022-01-20 03:23:35,893] {logging_mixin.py:109} INFO - [2022-01-20 03:23:35,892] {dagbag.py:500} INFO - Filling up the DagBag from /home/airflow/.local/lib/python3.7/site-packages/airflow/example_dags/example_trigger_target_dag.py
[2022-01-20 03:23:35,990] {processor.py:632} INFO - DAG(s) dict_keys(['example_trigger_target_dag']) retrieved from /home/airflow/.local/lib/python3.7/site-packages/airflow/example_dags/example_trigger_target_dag.py
[2022-01-20 03:23:36,070] {logging_mixin.py:109} INFO - [2022-01-20 03:23:36,069] {dag.py:2389} INFO - Sync 1 DAGs
[2022-01-20 03:23:36,150] {logging_mixin.py:109} INFO - [2022-01-20 03:23:36,150] {dag.py:2914} INFO - Setting next_dagrun for example_trigger_target_dag to None
[2022-01-20 03:23:36,180] {processor.py:171} INFO - Processing /home/airflow/.local/lib/python3.7/site-packages/airflow/example_dags/example_trigger_target_dag.py took 0.303 seconds
[2022-01-20 03:24:06,271] {processor.py:163} INFO - Started process (PID=1016) to work on /home/airflow/.local/lib/python3.7/site-packages/airflow/example_dags/example_trigger_target_dag.py
[2022-01-20 03:24:06,275] {processor.py:620} INFO - Processing file /home/airflow/.local/lib/python3.7/site-packages/airflow/example_dags/example_trigger_target_dag.py for tasks to queue
[2022-01-20 03:24:06,278] {logging_mixin.py:109} INFO - [2022-01-20 03:24:06,277] {dagbag.py:500} INFO - Filling up the DagBag from /home/airflow/.local/lib/python3.7/site-packages/airflow/example_dags/example_trigger_target_dag.py
[2022-01-20 03:24:06,347] {processor.py:632} INFO - DAG(s) dict_keys(['example_trigger_target_dag']) retrieved from /home/airflow/.local/lib/python3.7/site-packages/airflow/example_dags/example_trigger_target_dag.py
[2022-01-20 03:24:06,379] {logging_mixin.py:109} INFO - [2022-01-20 03:24:06,379] {dag.py:2389} INFO - Sync 1 DAGs
[2022-01-20 03:24:06,422] {logging_mixin.py:109} INFO - [2022-01-20 03:24:06,421] {dag.py:2914} INFO - Setting next_dagrun for example_trigger_target_dag to None
[2022-01-20 03:24:06,444] {processor.py:171} INFO - Processing /home/airflow/.local/lib/python3.7/site-packages/airflow/example_dags/example_trigger_target_dag.py took 0.180 seconds
[2022-01-20 03:24:36,514] {processor.py:163} INFO - Started process (PID=1126) to work on /home/airflow/.local/lib/python3.7/site-packages/airflow/example_dags/example_trigger_target_dag.py
[2022-01-20 03:24:36,518] {processor.py:620} INFO - Processing file /home/airflow/.local/lib/python3.7/site-packages/airflow/example_dags/example_trigger_target_dag.py for tasks to queue
[2022-01-20 03:24:36,521] {logging_mixin.py:109} INFO - [2022-01-20 03:24:36,520] {dagbag.py:500} INFO - Filling up the DagBag from /home/airflow/.local/lib/python3.7/site-packages/airflow/example_dags/example_trigger_target_dag.py
[2022-01-20 03:24:36,596] {processor.py:632} INFO - DAG(s) dict_keys(['example_trigger_target_dag']) retrieved from /home/airflow/.local/lib/python3.7/site-packages/airflow/example_dags/example_trigger_target_dag.py
[2022-01-20 03:24:36,641] {logging_mixin.py:109} INFO - [2022-01-20 03:24:36,640] {dag.py:2389} INFO - Sync 1 DAGs
[2022-01-20 03:24:36,735] {logging_mixin.py:109} INFO - [2022-01-20 03:24:36,734] {dag.py:2914} INFO - Setting next_dagrun for example_trigger_target_dag to None
[2022-01-20 03:24:36,792] {processor.py:171} INFO - Processing /home/airflow/.local/lib/python3.7/site-packages/airflow/example_dags/example_trigger_target_dag.py took 0.285 seconds
[2022-01-20 03:25:07,107] {processor.py:163} INFO - Started process (PID=1222) to work on /home/airflow/.local/lib/python3.7/site-packages/airflow/example_dags/example_trigger_target_dag.py
[2022-01-20 03:25:07,114] {processor.py:620} INFO - Processing file /home/airflow/.local/lib/python3.7/site-packages/airflow/example_dags/example_trigger_target_dag.py for tasks to queue
[2022-01-20 03:25:07,118] {logging_mixin.py:109} INFO - [2022-01-20 03:25:07,117] {dagbag.py:500} INFO - Filling up the DagBag from /home/airflow/.local/lib/python3.7/site-packages/airflow/example_dags/example_trigger_target_dag.py
[2022-01-20 03:25:07,184] {processor.py:632} INFO - DAG(s) dict_keys(['example_trigger_target_dag']) retrieved from /home/airflow/.local/lib/python3.7/site-packages/airflow/example_dags/example_trigger_target_dag.py
[2022-01-20 03:25:07,223] {logging_mixin.py:109} INFO - [2022-01-20 03:25:07,222] {dag.py:2389} INFO - Sync 1 DAGs
[2022-01-20 03:25:07,278] {logging_mixin.py:109} INFO - [2022-01-20 03:25:07,278] {dag.py:2914} INFO - Setting next_dagrun for example_trigger_target_dag to None
[2022-01-20 03:25:07,304] {processor.py:171} INFO - Processing /home/airflow/.local/lib/python3.7/site-packages/airflow/example_dags/example_trigger_target_dag.py took 0.208 seconds
[2022-01-20 03:25:37,433] {processor.py:163} INFO - Started process (PID=1338) to work on /home/airflow/.local/lib/python3.7/site-packages/airflow/example_dags/example_trigger_target_dag.py
[2022-01-20 03:25:37,438] {processor.py:620} INFO - Processing file /home/airflow/.local/lib/python3.7/site-packages/airflow/example_dags/example_trigger_target_dag.py for tasks to queue
[2022-01-20 03:25:37,441] {logging_mixin.py:109} INFO - [2022-01-20 03:25:37,441] {dagbag.py:500} INFO - Filling up the DagBag from /home/airflow/.local/lib/python3.7/site-packages/airflow/example_dags/example_trigger_target_dag.py
[2022-01-20 03:25:37,531] {processor.py:632} INFO - DAG(s) dict_keys(['example_trigger_target_dag']) retrieved from /home/airflow/.local/lib/python3.7/site-packages/airflow/example_dags/example_trigger_target_dag.py
[2022-01-20 03:25:37,574] {logging_mixin.py:109} INFO - [2022-01-20 03:25:37,573] {dag.py:2389} INFO - Sync 1 DAGs
[2022-01-20 03:25:37,641] {logging_mixin.py:109} INFO - [2022-01-20 03:25:37,640] {dag.py:2914} INFO - Setting next_dagrun for example_trigger_target_dag to None
[2022-01-20 03:25:37,688] {processor.py:171} INFO - Processing /home/airflow/.local/lib/python3.7/site-packages/airflow/example_dags/example_trigger_target_dag.py took 0.263 seconds
[2022-01-20 03:26:07,958] {processor.py:163} INFO - Started process (PID=1438) to work on /home/airflow/.local/lib/python3.7/site-packages/airflow/example_dags/example_trigger_target_dag.py
[2022-01-20 03:26:07,963] {processor.py:620} INFO - Processing file /home/airflow/.local/lib/python3.7/site-packages/airflow/example_dags/example_trigger_target_dag.py for tasks to queue
[2022-01-20 03:26:07,967] {logging_mixin.py:109} INFO - [2022-01-20 03:26:07,967] {dagbag.py:500} INFO - Filling up the DagBag from /home/airflow/.local/lib/python3.7/site-packages/airflow/example_dags/example_trigger_target_dag.py
[2022-01-20 03:26:08,039] {processor.py:632} INFO - DAG(s) dict_keys(['example_trigger_target_dag']) retrieved from /home/airflow/.local/lib/python3.7/site-packages/airflow/example_dags/example_trigger_target_dag.py
[2022-01-20 03:26:08,075] {logging_mixin.py:109} INFO - [2022-01-20 03:26:08,075] {dag.py:2389} INFO - Sync 1 DAGs
[2022-01-20 03:26:08,126] {logging_mixin.py:109} INFO - [2022-01-20 03:26:08,125] {dag.py:2914} INFO - Setting next_dagrun for example_trigger_target_dag to None
[2022-01-20 03:26:08,153] {processor.py:171} INFO - Processing /home/airflow/.local/lib/python3.7/site-packages/airflow/example_dags/example_trigger_target_dag.py took 0.205 seconds
[2022-01-20 03:26:38,340] {processor.py:163} INFO - Started process (PID=1551) to work on /home/airflow/.local/lib/python3.7/site-packages/airflow/example_dags/example_trigger_target_dag.py
[2022-01-20 03:26:38,346] {processor.py:620} INFO - Processing file /home/airflow/.local/lib/python3.7/site-packages/airflow/example_dags/example_trigger_target_dag.py for tasks to queue
[2022-01-20 03:26:38,349] {logging_mixin.py:109} INFO - [2022-01-20 03:26:38,348] {dagbag.py:500} INFO - Filling up the DagBag from /home/airflow/.local/lib/python3.7/site-packages/airflow/example_dags/example_trigger_target_dag.py
[2022-01-20 03:26:38,433] {processor.py:632} INFO - DAG(s) dict_keys(['example_trigger_target_dag']) retrieved from /home/airflow/.local/lib/python3.7/site-packages/airflow/example_dags/example_trigger_target_dag.py
[2022-01-20 03:26:38,505] {logging_mixin.py:109} INFO - [2022-01-20 03:26:38,504] {dag.py:2389} INFO - Sync 1 DAGs
[2022-01-20 03:26:38,564] {logging_mixin.py:109} INFO - [2022-01-20 03:26:38,564] {dag.py:2914} INFO - Setting next_dagrun for example_trigger_target_dag to None
[2022-01-20 03:26:38,608] {processor.py:171} INFO - Processing /home/airflow/.local/lib/python3.7/site-packages/airflow/example_dags/example_trigger_target_dag.py took 0.277 seconds
[2022-01-20 03:27:08,875] {processor.py:163} INFO - Started process (PID=1649) to work on /home/airflow/.local/lib/python3.7/site-packages/airflow/example_dags/example_trigger_target_dag.py
[2022-01-20 03:27:08,880] {processor.py:620} INFO - Processing file /home/airflow/.local/lib/python3.7/site-packages/airflow/example_dags/example_trigger_target_dag.py for tasks to queue
[2022-01-20 03:27:08,884] {logging_mixin.py:109} INFO - [2022-01-20 03:27:08,884] {dagbag.py:500} INFO - Filling up the DagBag from /home/airflow/.local/lib/python3.7/site-packages/airflow/example_dags/example_trigger_target_dag.py
[2022-01-20 03:27:08,958] {processor.py:632} INFO - DAG(s) dict_keys(['example_trigger_target_dag']) retrieved from /home/airflow/.local/lib/python3.7/site-packages/airflow/example_dags/example_trigger_target_dag.py
[2022-01-20 03:27:08,993] {logging_mixin.py:109} INFO - [2022-01-20 03:27:08,993] {dag.py:2389} INFO - Sync 1 DAGs
[2022-01-20 03:27:09,043] {logging_mixin.py:109} INFO - [2022-01-20 03:27:09,043] {dag.py:2914} INFO - Setting next_dagrun for example_trigger_target_dag to None
[2022-01-20 03:27:09,072] {processor.py:171} INFO - Processing /home/airflow/.local/lib/python3.7/site-packages/airflow/example_dags/example_trigger_target_dag.py took 0.206 seconds
[2022-01-20 03:27:39,698] {processor.py:163} INFO - Started process (PID=1766) to work on /home/airflow/.local/lib/python3.7/site-packages/airflow/example_dags/example_trigger_target_dag.py
[2022-01-20 03:27:39,702] {processor.py:620} INFO - Processing file /home/airflow/.local/lib/python3.7/site-packages/airflow/example_dags/example_trigger_target_dag.py for tasks to queue
[2022-01-20 03:27:39,705] {logging_mixin.py:109} INFO - [2022-01-20 03:27:39,704] {dagbag.py:500} INFO - Filling up the DagBag from /home/airflow/.local/lib/python3.7/site-packages/airflow/example_dags/example_trigger_target_dag.py
[2022-01-20 03:27:39,791] {processor.py:632} INFO - DAG(s) dict_keys(['example_trigger_target_dag']) retrieved from /home/airflow/.local/lib/python3.7/site-packages/airflow/example_dags/example_trigger_target_dag.py
[2022-01-20 03:27:39,833] {logging_mixin.py:109} INFO - [2022-01-20 03:27:39,833] {dag.py:2389} INFO - Sync 1 DAGs
[2022-01-20 03:27:39,892] {logging_mixin.py:109} INFO - [2022-01-20 03:27:39,892] {dag.py:2914} INFO - Setting next_dagrun for example_trigger_target_dag to None
[2022-01-20 03:27:39,930] {processor.py:171} INFO - Processing /home/airflow/.local/lib/python3.7/site-packages/airflow/example_dags/example_trigger_target_dag.py took 0.241 seconds
[2022-01-20 03:28:10,621] {processor.py:163} INFO - Started process (PID=1872) to work on /home/airflow/.local/lib/python3.7/site-packages/airflow/example_dags/example_trigger_target_dag.py
[2022-01-20 03:28:10,625] {processor.py:620} INFO - Processing file /home/airflow/.local/lib/python3.7/site-packages/airflow/example_dags/example_trigger_target_dag.py for tasks to queue
[2022-01-20 03:28:10,630] {logging_mixin.py:109} INFO - [2022-01-20 03:28:10,630] {dagbag.py:500} INFO - Filling up the DagBag from /home/airflow/.local/lib/python3.7/site-packages/airflow/example_dags/example_trigger_target_dag.py
[2022-01-20 03:28:10,704] {processor.py:632} INFO - DAG(s) dict_keys(['example_trigger_target_dag']) retrieved from /home/airflow/.local/lib/python3.7/site-packages/airflow/example_dags/example_trigger_target_dag.py
[2022-01-20 03:28:10,742] {logging_mixin.py:109} INFO - [2022-01-20 03:28:10,741] {dag.py:2389} INFO - Sync 1 DAGs
[2022-01-20 03:28:10,799] {logging_mixin.py:109} INFO - [2022-01-20 03:28:10,799] {dag.py:2914} INFO - Setting next_dagrun for example_trigger_target_dag to None
[2022-01-20 03:28:10,830] {processor.py:171} INFO - Processing /home/airflow/.local/lib/python3.7/site-packages/airflow/example_dags/example_trigger_target_dag.py took 0.218 seconds
[2022-01-20 03:28:42,263] {processor.py:163} INFO - Started process (PID=1975) to work on /home/airflow/.local/lib/python3.7/site-packages/airflow/example_dags/example_trigger_target_dag.py
[2022-01-20 03:28:42,267] {processor.py:620} INFO - Processing file /home/airflow/.local/lib/python3.7/site-packages/airflow/example_dags/example_trigger_target_dag.py for tasks to queue
[2022-01-20 03:28:42,270] {logging_mixin.py:109} INFO - [2022-01-20 03:28:42,270] {dagbag.py:500} INFO - Filling up the DagBag from /home/airflow/.local/lib/python3.7/site-packages/airflow/example_dags/example_trigger_target_dag.py
[2022-01-20 03:28:42,339] {processor.py:632} INFO - DAG(s) dict_keys(['example_trigger_target_dag']) retrieved from /home/airflow/.local/lib/python3.7/site-packages/airflow/example_dags/example_trigger_target_dag.py
[2022-01-20 03:28:42,375] {logging_mixin.py:109} INFO - [2022-01-20 03:28:42,375] {dag.py:2389} INFO - Sync 1 DAGs
[2022-01-20 03:28:42,424] {logging_mixin.py:109} INFO - [2022-01-20 03:28:42,423] {dag.py:2914} INFO - Setting next_dagrun for example_trigger_target_dag to None
[2022-01-20 03:28:42,450] {processor.py:171} INFO - Processing /home/airflow/.local/lib/python3.7/site-packages/airflow/example_dags/example_trigger_target_dag.py took 0.193 seconds
[2022-01-20 03:29:13,409] {processor.py:163} INFO - Started process (PID=2089) to work on /home/airflow/.local/lib/python3.7/site-packages/airflow/example_dags/example_trigger_target_dag.py
[2022-01-20 03:29:13,413] {processor.py:620} INFO - Processing file /home/airflow/.local/lib/python3.7/site-packages/airflow/example_dags/example_trigger_target_dag.py for tasks to queue
[2022-01-20 03:29:13,417] {logging_mixin.py:109} INFO - [2022-01-20 03:29:13,416] {dagbag.py:500} INFO - Filling up the DagBag from /home/airflow/.local/lib/python3.7/site-packages/airflow/example_dags/example_trigger_target_dag.py
[2022-01-20 03:29:13,502] {processor.py:632} INFO - DAG(s) dict_keys(['example_trigger_target_dag']) retrieved from /home/airflow/.local/lib/python3.7/site-packages/airflow/example_dags/example_trigger_target_dag.py
[2022-01-20 03:29:13,543] {logging_mixin.py:109} INFO - [2022-01-20 03:29:13,542] {dag.py:2389} INFO - Sync 1 DAGs
[2022-01-20 03:29:13,632] {logging_mixin.py:109} INFO - [2022-01-20 03:29:13,631] {dag.py:2914} INFO - Setting next_dagrun for example_trigger_target_dag to None
[2022-01-20 03:29:13,674] {processor.py:171} INFO - Processing /home/airflow/.local/lib/python3.7/site-packages/airflow/example_dags/example_trigger_target_dag.py took 0.272 seconds
[2022-01-20 03:29:44,725] {processor.py:163} INFO - Started process (PID=2182) to work on /home/airflow/.local/lib/python3.7/site-packages/airflow/example_dags/example_trigger_target_dag.py
[2022-01-20 03:29:44,729] {processor.py:620} INFO - Processing file /home/airflow/.local/lib/python3.7/site-packages/airflow/example_dags/example_trigger_target_dag.py for tasks to queue
[2022-01-20 03:29:44,732] {logging_mixin.py:109} INFO - [2022-01-20 03:29:44,732] {dagbag.py:500} INFO - Filling up the DagBag from /home/airflow/.local/lib/python3.7/site-packages/airflow/example_dags/example_trigger_target_dag.py
[2022-01-20 03:29:44,807] {processor.py:632} INFO - DAG(s) dict_keys(['example_trigger_target_dag']) retrieved from /home/airflow/.local/lib/python3.7/site-packages/airflow/example_dags/example_trigger_target_dag.py
[2022-01-20 03:29:44,843] {logging_mixin.py:109} INFO - [2022-01-20 03:29:44,843] {dag.py:2389} INFO - Sync 1 DAGs
[2022-01-20 03:29:44,895] {logging_mixin.py:109} INFO - [2022-01-20 03:29:44,895] {dag.py:2914} INFO - Setting next_dagrun for example_trigger_target_dag to None
[2022-01-20 03:29:44,921] {processor.py:171} INFO - Processing /home/airflow/.local/lib/python3.7/site-packages/airflow/example_dags/example_trigger_target_dag.py took 0.203 seconds
[2022-01-20 03:30:15,352] {processor.py:163} INFO - Started process (PID=2290) to work on /home/airflow/.local/lib/python3.7/site-packages/airflow/example_dags/example_trigger_target_dag.py
[2022-01-20 03:30:15,359] {processor.py:620} INFO - Processing file /home/airflow/.local/lib/python3.7/site-packages/airflow/example_dags/example_trigger_target_dag.py for tasks to queue
[2022-01-20 03:30:15,362] {logging_mixin.py:109} INFO - [2022-01-20 03:30:15,362] {dagbag.py:500} INFO - Filling up the DagBag from /home/airflow/.local/lib/python3.7/site-packages/airflow/example_dags/example_trigger_target_dag.py
[2022-01-20 03:30:15,444] {processor.py:632} INFO - DAG(s) dict_keys(['example_trigger_target_dag']) retrieved from /home/airflow/.local/lib/python3.7/site-packages/airflow/example_dags/example_trigger_target_dag.py
[2022-01-20 03:30:15,484] {logging_mixin.py:109} INFO - [2022-01-20 03:30:15,484] {dag.py:2389} INFO - Sync 1 DAGs
[2022-01-20 03:30:15,545] {logging_mixin.py:109} INFO - [2022-01-20 03:30:15,544] {dag.py:2914} INFO - Setting next_dagrun for example_trigger_target_dag to None
[2022-01-20 03:30:15,572] {processor.py:171} INFO - Processing /home/airflow/.local/lib/python3.7/site-packages/airflow/example_dags/example_trigger_target_dag.py took 0.228 seconds
[2022-01-20 03:30:46,056] {processor.py:163} INFO - Started process (PID=2379) to work on /home/airflow/.local/lib/python3.7/site-packages/airflow/example_dags/example_trigger_target_dag.py
[2022-01-20 03:30:46,060] {processor.py:620} INFO - Processing file /home/airflow/.local/lib/python3.7/site-packages/airflow/example_dags/example_trigger_target_dag.py for tasks to queue
[2022-01-20 03:30:46,063] {logging_mixin.py:109} INFO - [2022-01-20 03:30:46,062] {dagbag.py:500} INFO - Filling up the DagBag from /home/airflow/.local/lib/python3.7/site-packages/airflow/example_dags/example_trigger_target_dag.py
[2022-01-20 03:30:46,132] {processor.py:632} INFO - DAG(s) dict_keys(['example_trigger_target_dag']) retrieved from /home/airflow/.local/lib/python3.7/site-packages/airflow/example_dags/example_trigger_target_dag.py
[2022-01-20 03:30:46,167] {logging_mixin.py:109} INFO - [2022-01-20 03:30:46,167] {dag.py:2389} INFO - Sync 1 DAGs
[2022-01-20 03:30:46,218] {logging_mixin.py:109} INFO - [2022-01-20 03:30:46,218] {dag.py:2914} INFO - Setting next_dagrun for example_trigger_target_dag to None
[2022-01-20 03:30:46,353] {processor.py:171} INFO - Processing /home/airflow/.local/lib/python3.7/site-packages/airflow/example_dags/example_trigger_target_dag.py took 0.304 seconds
[2022-01-20 03:31:16,448] {processor.py:163} INFO - Started process (PID=2490) to work on /home/airflow/.local/lib/python3.7/site-packages/airflow/example_dags/example_trigger_target_dag.py
[2022-01-20 03:31:16,453] {processor.py:620} INFO - Processing file /home/airflow/.local/lib/python3.7/site-packages/airflow/example_dags/example_trigger_target_dag.py for tasks to queue
[2022-01-20 03:31:16,456] {logging_mixin.py:109} INFO - [2022-01-20 03:31:16,455] {dagbag.py:500} INFO - Filling up the DagBag from /home/airflow/.local/lib/python3.7/site-packages/airflow/example_dags/example_trigger_target_dag.py
[2022-01-20 03:31:16,539] {processor.py:632} INFO - DAG(s) dict_keys(['example_trigger_target_dag']) retrieved from /home/airflow/.local/lib/python3.7/site-packages/airflow/example_dags/example_trigger_target_dag.py
[2022-01-20 03:31:16,580] {logging_mixin.py:109} INFO - [2022-01-20 03:31:16,579] {dag.py:2389} INFO - Sync 1 DAGs
[2022-01-20 03:31:16,642] {logging_mixin.py:109} INFO - [2022-01-20 03:31:16,641] {dag.py:2914} INFO - Setting next_dagrun for example_trigger_target_dag to None
[2022-01-20 03:31:16,794] {processor.py:171} INFO - Processing /home/airflow/.local/lib/python3.7/site-packages/airflow/example_dags/example_trigger_target_dag.py took 0.352 seconds
[2022-01-20 03:31:47,240] {processor.py:163} INFO - Started process (PID=2585) to work on /home/airflow/.local/lib/python3.7/site-packages/airflow/example_dags/example_trigger_target_dag.py
[2022-01-20 03:31:47,244] {processor.py:620} INFO - Processing file /home/airflow/.local/lib/python3.7/site-packages/airflow/example_dags/example_trigger_target_dag.py for tasks to queue
[2022-01-20 03:31:47,247] {logging_mixin.py:109} INFO - [2022-01-20 03:31:47,247] {dagbag.py:500} INFO - Filling up the DagBag from /home/airflow/.local/lib/python3.7/site-packages/airflow/example_dags/example_trigger_target_dag.py
[2022-01-20 03:31:47,343] {processor.py:632} INFO - DAG(s) dict_keys(['example_trigger_target_dag']) retrieved from /home/airflow/.local/lib/python3.7/site-packages/airflow/example_dags/example_trigger_target_dag.py
[2022-01-20 03:31:47,384] {logging_mixin.py:109} INFO - [2022-01-20 03:31:47,383] {dag.py:2389} INFO - Sync 1 DAGs
[2022-01-20 03:31:47,548] {logging_mixin.py:109} INFO - [2022-01-20 03:31:47,547] {dag.py:2914} INFO - Setting next_dagrun for example_trigger_target_dag to None
[2022-01-20 03:31:47,573] {processor.py:171} INFO - Processing /home/airflow/.local/lib/python3.7/site-packages/airflow/example_dags/example_trigger_target_dag.py took 0.342 seconds
[2022-01-20 03:32:18,651] {processor.py:163} INFO - Started process (PID=2697) to work on /home/airflow/.local/lib/python3.7/site-packages/airflow/example_dags/example_trigger_target_dag.py
[2022-01-20 03:32:18,657] {processor.py:620} INFO - Processing file /home/airflow/.local/lib/python3.7/site-packages/airflow/example_dags/example_trigger_target_dag.py for tasks to queue
[2022-01-20 03:32:18,661] {logging_mixin.py:109} INFO - [2022-01-20 03:32:18,660] {dagbag.py:500} INFO - Filling up the DagBag from /home/airflow/.local/lib/python3.7/site-packages/airflow/example_dags/example_trigger_target_dag.py
[2022-01-20 03:32:18,749] {processor.py:632} INFO - DAG(s) dict_keys(['example_trigger_target_dag']) retrieved from /home/airflow/.local/lib/python3.7/site-packages/airflow/example_dags/example_trigger_target_dag.py
[2022-01-20 03:32:18,792] {logging_mixin.py:109} INFO - [2022-01-20 03:32:18,791] {dag.py:2389} INFO - Sync 1 DAGs
[2022-01-20 03:32:18,981] {logging_mixin.py:109} INFO - [2022-01-20 03:32:18,980] {dag.py:2914} INFO - Setting next_dagrun for example_trigger_target_dag to None
[2022-01-20 03:32:19,014] {processor.py:171} INFO - Processing /home/airflow/.local/lib/python3.7/site-packages/airflow/example_dags/example_trigger_target_dag.py took 0.370 seconds
[2022-01-20 03:32:49,662] {processor.py:163} INFO - Started process (PID=2794) to work on /home/airflow/.local/lib/python3.7/site-packages/airflow/example_dags/example_trigger_target_dag.py
[2022-01-20 03:32:49,665] {processor.py:620} INFO - Processing file /home/airflow/.local/lib/python3.7/site-packages/airflow/example_dags/example_trigger_target_dag.py for tasks to queue
[2022-01-20 03:32:49,668] {logging_mixin.py:109} INFO - [2022-01-20 03:32:49,667] {dagbag.py:500} INFO - Filling up the DagBag from /home/airflow/.local/lib/python3.7/site-packages/airflow/example_dags/example_trigger_target_dag.py
[2022-01-20 03:32:49,739] {processor.py:632} INFO - DAG(s) dict_keys(['example_trigger_target_dag']) retrieved from /home/airflow/.local/lib/python3.7/site-packages/airflow/example_dags/example_trigger_target_dag.py
[2022-01-20 03:32:49,772] {logging_mixin.py:109} INFO - [2022-01-20 03:32:49,772] {dag.py:2389} INFO - Sync 1 DAGs
[2022-01-20 03:32:49,930] {logging_mixin.py:109} INFO - [2022-01-20 03:32:49,930] {dag.py:2914} INFO - Setting next_dagrun for example_trigger_target_dag to None
[2022-01-20 03:32:49,960] {processor.py:171} INFO - Processing /home/airflow/.local/lib/python3.7/site-packages/airflow/example_dags/example_trigger_target_dag.py took 0.305 seconds
[2022-01-20 03:33:20,954] {processor.py:163} INFO - Started process (PID=2907) to work on /home/airflow/.local/lib/python3.7/site-packages/airflow/example_dags/example_trigger_target_dag.py
[2022-01-20 03:33:20,960] {processor.py:620} INFO - Processing file /home/airflow/.local/lib/python3.7/site-packages/airflow/example_dags/example_trigger_target_dag.py for tasks to queue
[2022-01-20 03:33:20,966] {logging_mixin.py:109} INFO - [2022-01-20 03:33:20,965] {dagbag.py:500} INFO - Filling up the DagBag from /home/airflow/.local/lib/python3.7/site-packages/airflow/example_dags/example_trigger_target_dag.py
[2022-01-20 03:33:21,046] {processor.py:632} INFO - DAG(s) dict_keys(['example_trigger_target_dag']) retrieved from /home/airflow/.local/lib/python3.7/site-packages/airflow/example_dags/example_trigger_target_dag.py
[2022-01-20 03:33:21,089] {logging_mixin.py:109} INFO - [2022-01-20 03:33:21,089] {dag.py:2389} INFO - Sync 1 DAGs
[2022-01-20 03:33:21,264] {logging_mixin.py:109} INFO - [2022-01-20 03:33:21,264] {dag.py:2914} INFO - Setting next_dagrun for example_trigger_target_dag to None
[2022-01-20 03:33:21,320] {processor.py:171} INFO - Processing /home/airflow/.local/lib/python3.7/site-packages/airflow/example_dags/example_trigger_target_dag.py took 0.373 seconds
[2022-01-20 03:33:51,775] {processor.py:163} INFO - Started process (PID=3014) to work on /home/airflow/.local/lib/python3.7/site-packages/airflow/example_dags/example_trigger_target_dag.py
[2022-01-20 03:33:51,780] {processor.py:620} INFO - Processing file /home/airflow/.local/lib/python3.7/site-packages/airflow/example_dags/example_trigger_target_dag.py for tasks to queue
[2022-01-20 03:33:51,785] {logging_mixin.py:109} INFO - [2022-01-20 03:33:51,784] {dagbag.py:500} INFO - Filling up the DagBag from /home/airflow/.local/lib/python3.7/site-packages/airflow/example_dags/example_trigger_target_dag.py
[2022-01-20 03:33:51,994] {processor.py:632} INFO - DAG(s) dict_keys(['example_trigger_target_dag']) retrieved from /home/airflow/.local/lib/python3.7/site-packages/airflow/example_dags/example_trigger_target_dag.py
[2022-01-20 03:33:52,034] {logging_mixin.py:109} INFO - [2022-01-20 03:33:52,033] {dag.py:2389} INFO - Sync 1 DAGs
[2022-01-20 03:33:52,090] {logging_mixin.py:109} INFO - [2022-01-20 03:33:52,089] {dag.py:2914} INFO - Setting next_dagrun for example_trigger_target_dag to None
[2022-01-20 03:33:52,121] {processor.py:171} INFO - Processing /home/airflow/.local/lib/python3.7/site-packages/airflow/example_dags/example_trigger_target_dag.py took 0.354 seconds
[2022-01-20 03:34:22,874] {processor.py:163} INFO - Started process (PID=3114) to work on /home/airflow/.local/lib/python3.7/site-packages/airflow/example_dags/example_trigger_target_dag.py
[2022-01-20 03:34:22,878] {processor.py:620} INFO - Processing file /home/airflow/.local/lib/python3.7/site-packages/airflow/example_dags/example_trigger_target_dag.py for tasks to queue
[2022-01-20 03:34:22,881] {logging_mixin.py:109} INFO - [2022-01-20 03:34:22,881] {dagbag.py:500} INFO - Filling up the DagBag from /home/airflow/.local/lib/python3.7/site-packages/airflow/example_dags/example_trigger_target_dag.py
[2022-01-20 03:34:23,085] {processor.py:632} INFO - DAG(s) dict_keys(['example_trigger_target_dag']) retrieved from /home/airflow/.local/lib/python3.7/site-packages/airflow/example_dags/example_trigger_target_dag.py
[2022-01-20 03:34:23,124] {logging_mixin.py:109} INFO - [2022-01-20 03:34:23,123] {dag.py:2389} INFO - Sync 1 DAGs
[2022-01-20 03:34:23,176] {logging_mixin.py:109} INFO - [2022-01-20 03:34:23,176] {dag.py:2914} INFO - Setting next_dagrun for example_trigger_target_dag to None
[2022-01-20 03:34:23,202] {processor.py:171} INFO - Processing /home/airflow/.local/lib/python3.7/site-packages/airflow/example_dags/example_trigger_target_dag.py took 0.336 seconds
[2022-01-20 03:34:53,480] {processor.py:163} INFO - Started process (PID=3226) to work on /home/airflow/.local/lib/python3.7/site-packages/airflow/example_dags/example_trigger_target_dag.py
[2022-01-20 03:34:53,485] {processor.py:620} INFO - Processing file /home/airflow/.local/lib/python3.7/site-packages/airflow/example_dags/example_trigger_target_dag.py for tasks to queue
[2022-01-20 03:34:53,499] {logging_mixin.py:109} INFO - [2022-01-20 03:34:53,498] {dagbag.py:500} INFO - Filling up the DagBag from /home/airflow/.local/lib/python3.7/site-packages/airflow/example_dags/example_trigger_target_dag.py
[2022-01-20 03:34:53,758] {processor.py:632} INFO - DAG(s) dict_keys(['example_trigger_target_dag']) retrieved from /home/airflow/.local/lib/python3.7/site-packages/airflow/example_dags/example_trigger_target_dag.py
[2022-01-20 03:34:53,800] {logging_mixin.py:109} INFO - [2022-01-20 03:34:53,799] {dag.py:2389} INFO - Sync 1 DAGs
[2022-01-20 03:34:53,851] {logging_mixin.py:109} INFO - [2022-01-20 03:34:53,850] {dag.py:2914} INFO - Setting next_dagrun for example_trigger_target_dag to None
[2022-01-20 03:34:53,880] {processor.py:171} INFO - Processing /home/airflow/.local/lib/python3.7/site-packages/airflow/example_dags/example_trigger_target_dag.py took 0.409 seconds
[2022-01-20 03:35:24,289] {processor.py:163} INFO - Started process (PID=3322) to work on /home/airflow/.local/lib/python3.7/site-packages/airflow/example_dags/example_trigger_target_dag.py
[2022-01-20 03:35:24,293] {processor.py:620} INFO - Processing file /home/airflow/.local/lib/python3.7/site-packages/airflow/example_dags/example_trigger_target_dag.py for tasks to queue
[2022-01-20 03:35:24,296] {logging_mixin.py:109} INFO - [2022-01-20 03:35:24,295] {dagbag.py:500} INFO - Filling up the DagBag from /home/airflow/.local/lib/python3.7/site-packages/airflow/example_dags/example_trigger_target_dag.py
[2022-01-20 03:35:24,476] {processor.py:632} INFO - DAG(s) dict_keys(['example_trigger_target_dag']) retrieved from /home/airflow/.local/lib/python3.7/site-packages/airflow/example_dags/example_trigger_target_dag.py
[2022-01-20 03:35:24,511] {logging_mixin.py:109} INFO - [2022-01-20 03:35:24,511] {dag.py:2389} INFO - Sync 1 DAGs
[2022-01-20 03:35:24,560] {logging_mixin.py:109} INFO - [2022-01-20 03:35:24,559] {dag.py:2914} INFO - Setting next_dagrun for example_trigger_target_dag to None
[2022-01-20 03:35:24,584] {processor.py:171} INFO - Processing /home/airflow/.local/lib/python3.7/site-packages/airflow/example_dags/example_trigger_target_dag.py took 0.302 seconds
[2022-01-20 03:35:54,646] {processor.py:163} INFO - Started process (PID=3434) to work on /home/airflow/.local/lib/python3.7/site-packages/airflow/example_dags/example_trigger_target_dag.py
[2022-01-20 03:35:54,651] {processor.py:620} INFO - Processing file /home/airflow/.local/lib/python3.7/site-packages/airflow/example_dags/example_trigger_target_dag.py for tasks to queue
[2022-01-20 03:35:54,655] {logging_mixin.py:109} INFO - [2022-01-20 03:35:54,655] {dagbag.py:500} INFO - Filling up the DagBag from /home/airflow/.local/lib/python3.7/site-packages/airflow/example_dags/example_trigger_target_dag.py
[2022-01-20 03:35:54,741] {processor.py:632} INFO - DAG(s) dict_keys(['example_trigger_target_dag']) retrieved from /home/airflow/.local/lib/python3.7/site-packages/airflow/example_dags/example_trigger_target_dag.py
[2022-01-20 03:35:54,780] {logging_mixin.py:109} INFO - [2022-01-20 03:35:54,779] {dag.py:2389} INFO - Sync 1 DAGs
[2022-01-20 03:35:54,834] {logging_mixin.py:109} INFO - [2022-01-20 03:35:54,834] {dag.py:2914} INFO - Setting next_dagrun for example_trigger_target_dag to None
[2022-01-20 03:35:54,863] {processor.py:171} INFO - Processing /home/airflow/.local/lib/python3.7/site-packages/airflow/example_dags/example_trigger_target_dag.py took 0.226 seconds
[2022-01-20 03:36:25,202] {processor.py:163} INFO - Started process (PID=3530) to work on /home/airflow/.local/lib/python3.7/site-packages/airflow/example_dags/example_trigger_target_dag.py
[2022-01-20 03:36:25,207] {processor.py:620} INFO - Processing file /home/airflow/.local/lib/python3.7/site-packages/airflow/example_dags/example_trigger_target_dag.py for tasks to queue
[2022-01-20 03:36:25,210] {logging_mixin.py:109} INFO - [2022-01-20 03:36:25,210] {dagbag.py:500} INFO - Filling up the DagBag from /home/airflow/.local/lib/python3.7/site-packages/airflow/example_dags/example_trigger_target_dag.py
[2022-01-20 03:36:25,295] {processor.py:632} INFO - DAG(s) dict_keys(['example_trigger_target_dag']) retrieved from /home/airflow/.local/lib/python3.7/site-packages/airflow/example_dags/example_trigger_target_dag.py
[2022-01-20 03:36:25,334] {logging_mixin.py:109} INFO - [2022-01-20 03:36:25,334] {dag.py:2389} INFO - Sync 1 DAGs
[2022-01-20 03:36:25,381] {logging_mixin.py:109} INFO - [2022-01-20 03:36:25,380] {dag.py:2914} INFO - Setting next_dagrun for example_trigger_target_dag to None
[2022-01-20 03:36:25,407] {processor.py:171} INFO - Processing /home/airflow/.local/lib/python3.7/site-packages/airflow/example_dags/example_trigger_target_dag.py took 0.214 seconds
[2022-01-20 03:36:56,122] {processor.py:163} INFO - Started process (PID=3640) to work on /home/airflow/.local/lib/python3.7/site-packages/airflow/example_dags/example_trigger_target_dag.py
[2022-01-20 03:36:56,134] {processor.py:620} INFO - Processing file /home/airflow/.local/lib/python3.7/site-packages/airflow/example_dags/example_trigger_target_dag.py for tasks to queue
[2022-01-20 03:36:56,138] {logging_mixin.py:109} INFO - [2022-01-20 03:36:56,137] {dagbag.py:500} INFO - Filling up the DagBag from /home/airflow/.local/lib/python3.7/site-packages/airflow/example_dags/example_trigger_target_dag.py
[2022-01-20 03:36:56,215] {processor.py:632} INFO - DAG(s) dict_keys(['example_trigger_target_dag']) retrieved from /home/airflow/.local/lib/python3.7/site-packages/airflow/example_dags/example_trigger_target_dag.py
[2022-01-20 03:36:56,253] {logging_mixin.py:109} INFO - [2022-01-20 03:36:56,252] {dag.py:2389} INFO - Sync 1 DAGs
[2022-01-20 03:36:56,310] {logging_mixin.py:109} INFO - [2022-01-20 03:36:56,310] {dag.py:2914} INFO - Setting next_dagrun for example_trigger_target_dag to None
[2022-01-20 03:36:56,337] {processor.py:171} INFO - Processing /home/airflow/.local/lib/python3.7/site-packages/airflow/example_dags/example_trigger_target_dag.py took 0.223 seconds
[2022-01-20 03:37:27,275] {processor.py:163} INFO - Started process (PID=3737) to work on /home/airflow/.local/lib/python3.7/site-packages/airflow/example_dags/example_trigger_target_dag.py
[2022-01-20 03:37:27,280] {processor.py:620} INFO - Processing file /home/airflow/.local/lib/python3.7/site-packages/airflow/example_dags/example_trigger_target_dag.py for tasks to queue
[2022-01-20 03:37:27,283] {logging_mixin.py:109} INFO - [2022-01-20 03:37:27,282] {dagbag.py:500} INFO - Filling up the DagBag from /home/airflow/.local/lib/python3.7/site-packages/airflow/example_dags/example_trigger_target_dag.py
[2022-01-20 03:37:27,356] {processor.py:632} INFO - DAG(s) dict_keys(['example_trigger_target_dag']) retrieved from /home/airflow/.local/lib/python3.7/site-packages/airflow/example_dags/example_trigger_target_dag.py
[2022-01-20 03:37:27,394] {logging_mixin.py:109} INFO - [2022-01-20 03:37:27,394] {dag.py:2389} INFO - Sync 1 DAGs
[2022-01-20 03:37:27,444] {logging_mixin.py:109} INFO - [2022-01-20 03:37:27,443] {dag.py:2914} INFO - Setting next_dagrun for example_trigger_target_dag to None
[2022-01-20 03:37:27,470] {processor.py:171} INFO - Processing /home/airflow/.local/lib/python3.7/site-packages/airflow/example_dags/example_trigger_target_dag.py took 0.202 seconds
[2022-01-20 03:37:59,764] {processor.py:163} INFO - Started process (PID=3852) to work on /home/airflow/.local/lib/python3.7/site-packages/airflow/example_dags/example_trigger_target_dag.py
[2022-01-20 03:37:59,769] {processor.py:620} INFO - Processing file /home/airflow/.local/lib/python3.7/site-packages/airflow/example_dags/example_trigger_target_dag.py for tasks to queue
[2022-01-20 03:37:59,783] {logging_mixin.py:109} INFO - [2022-01-20 03:37:59,782] {dagbag.py:500} INFO - Filling up the DagBag from /home/airflow/.local/lib/python3.7/site-packages/airflow/example_dags/example_trigger_target_dag.py
[2022-01-20 03:37:59,875] {processor.py:632} INFO - DAG(s) dict_keys(['example_trigger_target_dag']) retrieved from /home/airflow/.local/lib/python3.7/site-packages/airflow/example_dags/example_trigger_target_dag.py
[2022-01-20 03:37:59,914] {logging_mixin.py:109} INFO - [2022-01-20 03:37:59,914] {dag.py:2389} INFO - Sync 1 DAGs
[2022-01-20 03:37:59,970] {logging_mixin.py:109} INFO - [2022-01-20 03:37:59,970] {dag.py:2914} INFO - Setting next_dagrun for example_trigger_target_dag to None
[2022-01-20 03:37:59,997] {processor.py:171} INFO - Processing /home/airflow/.local/lib/python3.7/site-packages/airflow/example_dags/example_trigger_target_dag.py took 0.246 seconds
[2022-01-20 03:38:31,466] {processor.py:163} INFO - Started process (PID=3962) to work on /home/airflow/.local/lib/python3.7/site-packages/airflow/example_dags/example_trigger_target_dag.py
[2022-01-20 03:38:31,472] {processor.py:620} INFO - Processing file /home/airflow/.local/lib/python3.7/site-packages/airflow/example_dags/example_trigger_target_dag.py for tasks to queue
[2022-01-20 03:38:31,475] {logging_mixin.py:109} INFO - [2022-01-20 03:38:31,474] {dagbag.py:500} INFO - Filling up the DagBag from /home/airflow/.local/lib/python3.7/site-packages/airflow/example_dags/example_trigger_target_dag.py
[2022-01-20 03:38:31,552] {processor.py:632} INFO - DAG(s) dict_keys(['example_trigger_target_dag']) retrieved from /home/airflow/.local/lib/python3.7/site-packages/airflow/example_dags/example_trigger_target_dag.py
[2022-01-20 03:38:31,595] {logging_mixin.py:109} INFO - [2022-01-20 03:38:31,594] {dag.py:2389} INFO - Sync 1 DAGs
[2022-01-20 03:38:31,660] {logging_mixin.py:109} INFO - [2022-01-20 03:38:31,660] {dag.py:2914} INFO - Setting next_dagrun for example_trigger_target_dag to None
[2022-01-20 03:38:31,688] {processor.py:171} INFO - Processing /home/airflow/.local/lib/python3.7/site-packages/airflow/example_dags/example_trigger_target_dag.py took 0.230 seconds
[2022-01-20 03:39:03,329] {processor.py:163} INFO - Started process (PID=4064) to work on /home/airflow/.local/lib/python3.7/site-packages/airflow/example_dags/example_trigger_target_dag.py
[2022-01-20 03:39:03,333] {processor.py:620} INFO - Processing file /home/airflow/.local/lib/python3.7/site-packages/airflow/example_dags/example_trigger_target_dag.py for tasks to queue
[2022-01-20 03:39:03,336] {logging_mixin.py:109} INFO - [2022-01-20 03:39:03,336] {dagbag.py:500} INFO - Filling up the DagBag from /home/airflow/.local/lib/python3.7/site-packages/airflow/example_dags/example_trigger_target_dag.py
[2022-01-20 03:39:03,408] {processor.py:632} INFO - DAG(s) dict_keys(['example_trigger_target_dag']) retrieved from /home/airflow/.local/lib/python3.7/site-packages/airflow/example_dags/example_trigger_target_dag.py
[2022-01-20 03:39:03,446] {logging_mixin.py:109} INFO - [2022-01-20 03:39:03,446] {dag.py:2389} INFO - Sync 1 DAGs
[2022-01-20 03:39:03,499] {logging_mixin.py:109} INFO - [2022-01-20 03:39:03,499] {dag.py:2914} INFO - Setting next_dagrun for example_trigger_target_dag to None
[2022-01-20 03:39:03,525] {processor.py:171} INFO - Processing /home/airflow/.local/lib/python3.7/site-packages/airflow/example_dags/example_trigger_target_dag.py took 0.203 seconds
[2022-01-20 03:39:35,382] {processor.py:163} INFO - Started process (PID=4174) to work on /home/airflow/.local/lib/python3.7/site-packages/airflow/example_dags/example_trigger_target_dag.py
[2022-01-20 03:39:35,396] {processor.py:620} INFO - Processing file /home/airflow/.local/lib/python3.7/site-packages/airflow/example_dags/example_trigger_target_dag.py for tasks to queue
[2022-01-20 03:39:35,407] {logging_mixin.py:109} INFO - [2022-01-20 03:39:35,407] {dagbag.py:500} INFO - Filling up the DagBag from /home/airflow/.local/lib/python3.7/site-packages/airflow/example_dags/example_trigger_target_dag.py
[2022-01-20 03:39:35,509] {processor.py:632} INFO - DAG(s) dict_keys(['example_trigger_target_dag']) retrieved from /home/airflow/.local/lib/python3.7/site-packages/airflow/example_dags/example_trigger_target_dag.py
[2022-01-20 03:39:35,558] {logging_mixin.py:109} INFO - [2022-01-20 03:39:35,557] {dag.py:2389} INFO - Sync 1 DAGs
[2022-01-20 03:39:35,623] {logging_mixin.py:109} INFO - [2022-01-20 03:39:35,623] {dag.py:2914} INFO - Setting next_dagrun for example_trigger_target_dag to None
[2022-01-20 03:39:35,652] {processor.py:171} INFO - Processing /home/airflow/.local/lib/python3.7/site-packages/airflow/example_dags/example_trigger_target_dag.py took 0.286 seconds
[2022-01-20 03:40:06,066] {processor.py:163} INFO - Started process (PID=4264) to work on /home/airflow/.local/lib/python3.7/site-packages/airflow/example_dags/example_trigger_target_dag.py
[2022-01-20 03:40:06,070] {processor.py:620} INFO - Processing file /home/airflow/.local/lib/python3.7/site-packages/airflow/example_dags/example_trigger_target_dag.py for tasks to queue
[2022-01-20 03:40:06,074] {logging_mixin.py:109} INFO - [2022-01-20 03:40:06,074] {dagbag.py:500} INFO - Filling up the DagBag from /home/airflow/.local/lib/python3.7/site-packages/airflow/example_dags/example_trigger_target_dag.py
[2022-01-20 03:40:06,143] {processor.py:632} INFO - DAG(s) dict_keys(['example_trigger_target_dag']) retrieved from /home/airflow/.local/lib/python3.7/site-packages/airflow/example_dags/example_trigger_target_dag.py
[2022-01-20 03:40:06,177] {logging_mixin.py:109} INFO - [2022-01-20 03:40:06,177] {dag.py:2389} INFO - Sync 1 DAGs
[2022-01-20 03:40:06,226] {logging_mixin.py:109} INFO - [2022-01-20 03:40:06,225] {dag.py:2914} INFO - Setting next_dagrun for example_trigger_target_dag to None
[2022-01-20 03:40:06,254] {processor.py:171} INFO - Processing /home/airflow/.local/lib/python3.7/site-packages/airflow/example_dags/example_trigger_target_dag.py took 0.195 seconds
[2022-01-20 03:40:36,502] {processor.py:163} INFO - Started process (PID=4381) to work on /home/airflow/.local/lib/python3.7/site-packages/airflow/example_dags/example_trigger_target_dag.py
[2022-01-20 03:40:36,507] {processor.py:620} INFO - Processing file /home/airflow/.local/lib/python3.7/site-packages/airflow/example_dags/example_trigger_target_dag.py for tasks to queue
[2022-01-20 03:40:36,511] {logging_mixin.py:109} INFO - [2022-01-20 03:40:36,510] {dagbag.py:500} INFO - Filling up the DagBag from /home/airflow/.local/lib/python3.7/site-packages/airflow/example_dags/example_trigger_target_dag.py
[2022-01-20 03:40:36,588] {processor.py:632} INFO - DAG(s) dict_keys(['example_trigger_target_dag']) retrieved from /home/airflow/.local/lib/python3.7/site-packages/airflow/example_dags/example_trigger_target_dag.py
[2022-01-20 03:40:36,627] {logging_mixin.py:109} INFO - [2022-01-20 03:40:36,627] {dag.py:2389} INFO - Sync 1 DAGs
[2022-01-20 03:40:36,681] {logging_mixin.py:109} INFO - [2022-01-20 03:40:36,680] {dag.py:2914} INFO - Setting next_dagrun for example_trigger_target_dag to None
[2022-01-20 03:40:36,708] {processor.py:171} INFO - Processing /home/airflow/.local/lib/python3.7/site-packages/airflow/example_dags/example_trigger_target_dag.py took 0.213 seconds
[2022-01-20 03:41:07,004] {processor.py:163} INFO - Started process (PID=4477) to work on /home/airflow/.local/lib/python3.7/site-packages/airflow/example_dags/example_trigger_target_dag.py
[2022-01-20 03:41:07,007] {processor.py:620} INFO - Processing file /home/airflow/.local/lib/python3.7/site-packages/airflow/example_dags/example_trigger_target_dag.py for tasks to queue
[2022-01-20 03:41:07,010] {logging_mixin.py:109} INFO - [2022-01-20 03:41:07,009] {dagbag.py:500} INFO - Filling up the DagBag from /home/airflow/.local/lib/python3.7/site-packages/airflow/example_dags/example_trigger_target_dag.py
[2022-01-20 03:41:07,074] {processor.py:632} INFO - DAG(s) dict_keys(['example_trigger_target_dag']) retrieved from /home/airflow/.local/lib/python3.7/site-packages/airflow/example_dags/example_trigger_target_dag.py
[2022-01-20 03:41:07,106] {logging_mixin.py:109} INFO - [2022-01-20 03:41:07,106] {dag.py:2389} INFO - Sync 1 DAGs
[2022-01-20 03:41:07,152] {logging_mixin.py:109} INFO - [2022-01-20 03:41:07,152] {dag.py:2914} INFO - Setting next_dagrun for example_trigger_target_dag to None
[2022-01-20 03:41:07,176] {processor.py:171} INFO - Processing /home/airflow/.local/lib/python3.7/site-packages/airflow/example_dags/example_trigger_target_dag.py took 0.179 seconds
[2022-01-20 03:41:37,609] {processor.py:163} INFO - Started process (PID=4592) to work on /home/airflow/.local/lib/python3.7/site-packages/airflow/example_dags/example_trigger_target_dag.py
[2022-01-20 03:41:37,613] {processor.py:620} INFO - Processing file /home/airflow/.local/lib/python3.7/site-packages/airflow/example_dags/example_trigger_target_dag.py for tasks to queue
[2022-01-20 03:41:37,620] {logging_mixin.py:109} INFO - [2022-01-20 03:41:37,620] {dagbag.py:500} INFO - Filling up the DagBag from /home/airflow/.local/lib/python3.7/site-packages/airflow/example_dags/example_trigger_target_dag.py
[2022-01-20 03:41:37,694] {processor.py:632} INFO - DAG(s) dict_keys(['example_trigger_target_dag']) retrieved from /home/airflow/.local/lib/python3.7/site-packages/airflow/example_dags/example_trigger_target_dag.py
[2022-01-20 03:41:37,747] {logging_mixin.py:109} INFO - [2022-01-20 03:41:37,747] {dag.py:2389} INFO - Sync 1 DAGs
[2022-01-20 03:41:37,833] {logging_mixin.py:109} INFO - [2022-01-20 03:41:37,833] {dag.py:2914} INFO - Setting next_dagrun for example_trigger_target_dag to None
[2022-01-20 03:41:37,859] {processor.py:171} INFO - Processing /home/airflow/.local/lib/python3.7/site-packages/airflow/example_dags/example_trigger_target_dag.py took 0.258 seconds
[2022-01-20 03:42:08,220] {processor.py:163} INFO - Started process (PID=4687) to work on /home/airflow/.local/lib/python3.7/site-packages/airflow/example_dags/example_trigger_target_dag.py
[2022-01-20 03:42:08,224] {processor.py:620} INFO - Processing file /home/airflow/.local/lib/python3.7/site-packages/airflow/example_dags/example_trigger_target_dag.py for tasks to queue
[2022-01-20 03:42:08,226] {logging_mixin.py:109} INFO - [2022-01-20 03:42:08,226] {dagbag.py:500} INFO - Filling up the DagBag from /home/airflow/.local/lib/python3.7/site-packages/airflow/example_dags/example_trigger_target_dag.py
[2022-01-20 03:42:08,288] {processor.py:632} INFO - DAG(s) dict_keys(['example_trigger_target_dag']) retrieved from /home/airflow/.local/lib/python3.7/site-packages/airflow/example_dags/example_trigger_target_dag.py
[2022-01-20 03:42:08,317] {logging_mixin.py:109} INFO - [2022-01-20 03:42:08,317] {dag.py:2389} INFO - Sync 1 DAGs
[2022-01-20 03:42:08,358] {logging_mixin.py:109} INFO - [2022-01-20 03:42:08,358] {dag.py:2914} INFO - Setting next_dagrun for example_trigger_target_dag to None
[2022-01-20 03:42:08,382] {processor.py:171} INFO - Processing /home/airflow/.local/lib/python3.7/site-packages/airflow/example_dags/example_trigger_target_dag.py took 0.168 seconds
[2022-01-20 03:42:39,226] {processor.py:163} INFO - Started process (PID=4802) to work on /home/airflow/.local/lib/python3.7/site-packages/airflow/example_dags/example_trigger_target_dag.py
[2022-01-20 03:42:39,231] {processor.py:620} INFO - Processing file /home/airflow/.local/lib/python3.7/site-packages/airflow/example_dags/example_trigger_target_dag.py for tasks to queue
[2022-01-20 03:42:39,234] {logging_mixin.py:109} INFO - [2022-01-20 03:42:39,233] {dagbag.py:500} INFO - Filling up the DagBag from /home/airflow/.local/lib/python3.7/site-packages/airflow/example_dags/example_trigger_target_dag.py
[2022-01-20 03:42:39,343] {processor.py:632} INFO - DAG(s) dict_keys(['example_trigger_target_dag']) retrieved from /home/airflow/.local/lib/python3.7/site-packages/airflow/example_dags/example_trigger_target_dag.py
[2022-01-20 03:42:39,381] {logging_mixin.py:109} INFO - [2022-01-20 03:42:39,381] {dag.py:2389} INFO - Sync 1 DAGs
[2022-01-20 03:42:39,437] {logging_mixin.py:109} INFO - [2022-01-20 03:42:39,437] {dag.py:2914} INFO - Setting next_dagrun for example_trigger_target_dag to None
[2022-01-20 03:42:39,464] {processor.py:171} INFO - Processing /home/airflow/.local/lib/python3.7/site-packages/airflow/example_dags/example_trigger_target_dag.py took 0.245 seconds
[2022-01-20 03:43:09,652] {processor.py:163} INFO - Started process (PID=4899) to work on /home/airflow/.local/lib/python3.7/site-packages/airflow/example_dags/example_trigger_target_dag.py
[2022-01-20 03:43:09,656] {processor.py:620} INFO - Processing file /home/airflow/.local/lib/python3.7/site-packages/airflow/example_dags/example_trigger_target_dag.py for tasks to queue
[2022-01-20 03:43:09,659] {logging_mixin.py:109} INFO - [2022-01-20 03:43:09,658] {dagbag.py:500} INFO - Filling up the DagBag from /home/airflow/.local/lib/python3.7/site-packages/airflow/example_dags/example_trigger_target_dag.py
[2022-01-20 03:43:09,730] {processor.py:632} INFO - DAG(s) dict_keys(['example_trigger_target_dag']) retrieved from /home/airflow/.local/lib/python3.7/site-packages/airflow/example_dags/example_trigger_target_dag.py
[2022-01-20 03:43:09,766] {logging_mixin.py:109} INFO - [2022-01-20 03:43:09,766] {dag.py:2389} INFO - Sync 1 DAGs
[2022-01-20 03:43:09,816] {logging_mixin.py:109} INFO - [2022-01-20 03:43:09,815] {dag.py:2914} INFO - Setting next_dagrun for example_trigger_target_dag to None
[2022-01-20 03:43:09,842] {processor.py:171} INFO - Processing /home/airflow/.local/lib/python3.7/site-packages/airflow/example_dags/example_trigger_target_dag.py took 0.197 seconds
[2022-01-20 03:43:40,678] {processor.py:163} INFO - Started process (PID=5020) to work on /home/airflow/.local/lib/python3.7/site-packages/airflow/example_dags/example_trigger_target_dag.py
[2022-01-20 03:43:40,682] {processor.py:620} INFO - Processing file /home/airflow/.local/lib/python3.7/site-packages/airflow/example_dags/example_trigger_target_dag.py for tasks to queue
[2022-01-20 03:43:40,686] {logging_mixin.py:109} INFO - [2022-01-20 03:43:40,685] {dagbag.py:500} INFO - Filling up the DagBag from /home/airflow/.local/lib/python3.7/site-packages/airflow/example_dags/example_trigger_target_dag.py
[2022-01-20 03:43:40,766] {processor.py:632} INFO - DAG(s) dict_keys(['example_trigger_target_dag']) retrieved from /home/airflow/.local/lib/python3.7/site-packages/airflow/example_dags/example_trigger_target_dag.py
[2022-01-20 03:43:40,803] {logging_mixin.py:109} INFO - [2022-01-20 03:43:40,802] {dag.py:2389} INFO - Sync 1 DAGs
[2022-01-20 03:43:40,864] {logging_mixin.py:109} INFO - [2022-01-20 03:43:40,863] {dag.py:2914} INFO - Setting next_dagrun for example_trigger_target_dag to None
[2022-01-20 03:43:40,911] {processor.py:171} INFO - Processing /home/airflow/.local/lib/python3.7/site-packages/airflow/example_dags/example_trigger_target_dag.py took 0.241 seconds
[2022-01-20 03:44:11,149] {processor.py:163} INFO - Started process (PID=5128) to work on /home/airflow/.local/lib/python3.7/site-packages/airflow/example_dags/example_trigger_target_dag.py
[2022-01-20 03:44:11,155] {processor.py:620} INFO - Processing file /home/airflow/.local/lib/python3.7/site-packages/airflow/example_dags/example_trigger_target_dag.py for tasks to queue
[2022-01-20 03:44:11,163] {logging_mixin.py:109} INFO - [2022-01-20 03:44:11,162] {dagbag.py:500} INFO - Filling up the DagBag from /home/airflow/.local/lib/python3.7/site-packages/airflow/example_dags/example_trigger_target_dag.py
[2022-01-20 03:44:11,259] {processor.py:632} INFO - DAG(s) dict_keys(['example_trigger_target_dag']) retrieved from /home/airflow/.local/lib/python3.7/site-packages/airflow/example_dags/example_trigger_target_dag.py
[2022-01-20 03:44:11,299] {logging_mixin.py:109} INFO - [2022-01-20 03:44:11,298] {dag.py:2389} INFO - Sync 1 DAGs
[2022-01-20 03:44:11,355] {logging_mixin.py:109} INFO - [2022-01-20 03:44:11,355] {dag.py:2914} INFO - Setting next_dagrun for example_trigger_target_dag to None
[2022-01-20 03:44:11,387] {processor.py:171} INFO - Processing /home/airflow/.local/lib/python3.7/site-packages/airflow/example_dags/example_trigger_target_dag.py took 0.245 seconds
[2022-01-20 03:44:41,625] {processor.py:163} INFO - Started process (PID=5229) to work on /home/airflow/.local/lib/python3.7/site-packages/airflow/example_dags/example_trigger_target_dag.py
[2022-01-20 03:44:41,630] {processor.py:620} INFO - Processing file /home/airflow/.local/lib/python3.7/site-packages/airflow/example_dags/example_trigger_target_dag.py for tasks to queue
[2022-01-20 03:44:41,634] {logging_mixin.py:109} INFO - [2022-01-20 03:44:41,633] {dagbag.py:500} INFO - Filling up the DagBag from /home/airflow/.local/lib/python3.7/site-packages/airflow/example_dags/example_trigger_target_dag.py
[2022-01-20 03:44:41,784] {processor.py:632} INFO - DAG(s) dict_keys(['example_trigger_target_dag']) retrieved from /home/airflow/.local/lib/python3.7/site-packages/airflow/example_dags/example_trigger_target_dag.py
[2022-01-20 03:44:41,824] {logging_mixin.py:109} INFO - [2022-01-20 03:44:41,824] {dag.py:2389} INFO - Sync 1 DAGs
[2022-01-20 03:44:41,878] {logging_mixin.py:109} INFO - [2022-01-20 03:44:41,877] {dag.py:2914} INFO - Setting next_dagrun for example_trigger_target_dag to None
[2022-01-20 03:44:41,922] {processor.py:171} INFO - Processing /home/airflow/.local/lib/python3.7/site-packages/airflow/example_dags/example_trigger_target_dag.py took 0.304 seconds
[2022-01-20 03:45:12,285] {processor.py:163} INFO - Started process (PID=5335) to work on /home/airflow/.local/lib/python3.7/site-packages/airflow/example_dags/example_trigger_target_dag.py
[2022-01-20 03:45:12,290] {processor.py:620} INFO - Processing file /home/airflow/.local/lib/python3.7/site-packages/airflow/example_dags/example_trigger_target_dag.py for tasks to queue
[2022-01-20 03:45:12,294] {logging_mixin.py:109} INFO - [2022-01-20 03:45:12,293] {dagbag.py:500} INFO - Filling up the DagBag from /home/airflow/.local/lib/python3.7/site-packages/airflow/example_dags/example_trigger_target_dag.py
[2022-01-20 03:45:12,374] {processor.py:632} INFO - DAG(s) dict_keys(['example_trigger_target_dag']) retrieved from /home/airflow/.local/lib/python3.7/site-packages/airflow/example_dags/example_trigger_target_dag.py
[2022-01-20 03:45:12,415] {logging_mixin.py:109} INFO - [2022-01-20 03:45:12,414] {dag.py:2389} INFO - Sync 1 DAGs
[2022-01-20 03:45:12,474] {logging_mixin.py:109} INFO - [2022-01-20 03:45:12,474] {dag.py:2914} INFO - Setting next_dagrun for example_trigger_target_dag to None
[2022-01-20 03:45:12,504] {processor.py:171} INFO - Processing /home/airflow/.local/lib/python3.7/site-packages/airflow/example_dags/example_trigger_target_dag.py took 0.228 seconds
[2022-01-20 03:45:44,030] {processor.py:163} INFO - Started process (PID=5440) to work on /home/airflow/.local/lib/python3.7/site-packages/airflow/example_dags/example_trigger_target_dag.py
[2022-01-20 03:45:44,034] {processor.py:620} INFO - Processing file /home/airflow/.local/lib/python3.7/site-packages/airflow/example_dags/example_trigger_target_dag.py for tasks to queue
[2022-01-20 03:45:44,037] {logging_mixin.py:109} INFO - [2022-01-20 03:45:44,037] {dagbag.py:500} INFO - Filling up the DagBag from /home/airflow/.local/lib/python3.7/site-packages/airflow/example_dags/example_trigger_target_dag.py
[2022-01-20 03:45:44,114] {processor.py:632} INFO - DAG(s) dict_keys(['example_trigger_target_dag']) retrieved from /home/airflow/.local/lib/python3.7/site-packages/airflow/example_dags/example_trigger_target_dag.py
[2022-01-20 03:45:44,152] {logging_mixin.py:109} INFO - [2022-01-20 03:45:44,152] {dag.py:2389} INFO - Sync 1 DAGs
[2022-01-20 03:45:44,208] {logging_mixin.py:109} INFO - [2022-01-20 03:45:44,207] {dag.py:2914} INFO - Setting next_dagrun for example_trigger_target_dag to None
[2022-01-20 03:45:44,239] {processor.py:171} INFO - Processing /home/airflow/.local/lib/python3.7/site-packages/airflow/example_dags/example_trigger_target_dag.py took 0.217 seconds
[2022-01-20 03:46:17,128] {processor.py:163} INFO - Started process (PID=5553) to work on /home/airflow/.local/lib/python3.7/site-packages/airflow/example_dags/example_trigger_target_dag.py
[2022-01-20 03:46:17,134] {processor.py:620} INFO - Processing file /home/airflow/.local/lib/python3.7/site-packages/airflow/example_dags/example_trigger_target_dag.py for tasks to queue
[2022-01-20 03:46:17,138] {logging_mixin.py:109} INFO - [2022-01-20 03:46:17,137] {dagbag.py:500} INFO - Filling up the DagBag from /home/airflow/.local/lib/python3.7/site-packages/airflow/example_dags/example_trigger_target_dag.py
[2022-01-20 03:46:17,237] {processor.py:632} INFO - DAG(s) dict_keys(['example_trigger_target_dag']) retrieved from /home/airflow/.local/lib/python3.7/site-packages/airflow/example_dags/example_trigger_target_dag.py
[2022-01-20 03:46:17,274] {logging_mixin.py:109} INFO - [2022-01-20 03:46:17,273] {dag.py:2389} INFO - Sync 1 DAGs
[2022-01-20 03:46:17,332] {logging_mixin.py:109} INFO - [2022-01-20 03:46:17,332] {dag.py:2914} INFO - Setting next_dagrun for example_trigger_target_dag to None
[2022-01-20 03:46:17,362] {processor.py:171} INFO - Processing /home/airflow/.local/lib/python3.7/site-packages/airflow/example_dags/example_trigger_target_dag.py took 0.242 seconds
[2022-01-20 03:46:48,197] {processor.py:163} INFO - Started process (PID=5652) to work on /home/airflow/.local/lib/python3.7/site-packages/airflow/example_dags/example_trigger_target_dag.py
[2022-01-20 03:46:48,203] {processor.py:620} INFO - Processing file /home/airflow/.local/lib/python3.7/site-packages/airflow/example_dags/example_trigger_target_dag.py for tasks to queue
[2022-01-20 03:46:48,207] {logging_mixin.py:109} INFO - [2022-01-20 03:46:48,206] {dagbag.py:500} INFO - Filling up the DagBag from /home/airflow/.local/lib/python3.7/site-packages/airflow/example_dags/example_trigger_target_dag.py
[2022-01-20 03:46:48,276] {processor.py:632} INFO - DAG(s) dict_keys(['example_trigger_target_dag']) retrieved from /home/airflow/.local/lib/python3.7/site-packages/airflow/example_dags/example_trigger_target_dag.py
[2022-01-20 03:46:48,313] {logging_mixin.py:109} INFO - [2022-01-20 03:46:48,312] {dag.py:2389} INFO - Sync 1 DAGs
[2022-01-20 03:46:48,362] {logging_mixin.py:109} INFO - [2022-01-20 03:46:48,362] {dag.py:2914} INFO - Setting next_dagrun for example_trigger_target_dag to None
[2022-01-20 03:46:48,388] {processor.py:171} INFO - Processing /home/airflow/.local/lib/python3.7/site-packages/airflow/example_dags/example_trigger_target_dag.py took 0.198 seconds
[2022-01-20 03:47:18,488] {processor.py:163} INFO - Started process (PID=5760) to work on /home/airflow/.local/lib/python3.7/site-packages/airflow/example_dags/example_trigger_target_dag.py
[2022-01-20 03:47:18,496] {processor.py:620} INFO - Processing file /home/airflow/.local/lib/python3.7/site-packages/airflow/example_dags/example_trigger_target_dag.py for tasks to queue
[2022-01-20 03:47:18,500] {logging_mixin.py:109} INFO - [2022-01-20 03:47:18,499] {dagbag.py:500} INFO - Filling up the DagBag from /home/airflow/.local/lib/python3.7/site-packages/airflow/example_dags/example_trigger_target_dag.py
[2022-01-20 03:47:18,576] {processor.py:632} INFO - DAG(s) dict_keys(['example_trigger_target_dag']) retrieved from /home/airflow/.local/lib/python3.7/site-packages/airflow/example_dags/example_trigger_target_dag.py
[2022-01-20 03:47:18,613] {logging_mixin.py:109} INFO - [2022-01-20 03:47:18,613] {dag.py:2389} INFO - Sync 1 DAGs
[2022-01-20 03:47:18,674] {logging_mixin.py:109} INFO - [2022-01-20 03:47:18,674] {dag.py:2914} INFO - Setting next_dagrun for example_trigger_target_dag to None
[2022-01-20 03:47:18,705] {processor.py:171} INFO - Processing /home/airflow/.local/lib/python3.7/site-packages/airflow/example_dags/example_trigger_target_dag.py took 0.224 seconds
[2022-01-20 03:47:49,587] {processor.py:163} INFO - Started process (PID=5860) to work on /home/airflow/.local/lib/python3.7/site-packages/airflow/example_dags/example_trigger_target_dag.py
[2022-01-20 03:47:49,591] {processor.py:620} INFO - Processing file /home/airflow/.local/lib/python3.7/site-packages/airflow/example_dags/example_trigger_target_dag.py for tasks to queue
[2022-01-20 03:47:49,594] {logging_mixin.py:109} INFO - [2022-01-20 03:47:49,593] {dagbag.py:500} INFO - Filling up the DagBag from /home/airflow/.local/lib/python3.7/site-packages/airflow/example_dags/example_trigger_target_dag.py
[2022-01-20 03:47:49,656] {processor.py:632} INFO - DAG(s) dict_keys(['example_trigger_target_dag']) retrieved from /home/airflow/.local/lib/python3.7/site-packages/airflow/example_dags/example_trigger_target_dag.py
[2022-01-20 03:47:49,689] {logging_mixin.py:109} INFO - [2022-01-20 03:47:49,689] {dag.py:2389} INFO - Sync 1 DAGs
[2022-01-20 03:47:49,733] {logging_mixin.py:109} INFO - [2022-01-20 03:47:49,733] {dag.py:2914} INFO - Setting next_dagrun for example_trigger_target_dag to None
[2022-01-20 03:47:49,758] {processor.py:171} INFO - Processing /home/airflow/.local/lib/python3.7/site-packages/airflow/example_dags/example_trigger_target_dag.py took 0.177 seconds
[2022-01-20 03:48:20,105] {processor.py:163} INFO - Started process (PID=5966) to work on /home/airflow/.local/lib/python3.7/site-packages/airflow/example_dags/example_trigger_target_dag.py
[2022-01-20 03:48:20,109] {processor.py:620} INFO - Processing file /home/airflow/.local/lib/python3.7/site-packages/airflow/example_dags/example_trigger_target_dag.py for tasks to queue
[2022-01-20 03:48:20,114] {logging_mixin.py:109} INFO - [2022-01-20 03:48:20,114] {dagbag.py:500} INFO - Filling up the DagBag from /home/airflow/.local/lib/python3.7/site-packages/airflow/example_dags/example_trigger_target_dag.py
[2022-01-20 03:48:20,203] {processor.py:632} INFO - DAG(s) dict_keys(['example_trigger_target_dag']) retrieved from /home/airflow/.local/lib/python3.7/site-packages/airflow/example_dags/example_trigger_target_dag.py
[2022-01-20 03:48:20,247] {logging_mixin.py:109} INFO - [2022-01-20 03:48:20,246] {dag.py:2389} INFO - Sync 1 DAGs
[2022-01-20 03:48:20,308] {logging_mixin.py:109} INFO - [2022-01-20 03:48:20,308] {dag.py:2914} INFO - Setting next_dagrun for example_trigger_target_dag to None
[2022-01-20 03:48:20,340] {processor.py:171} INFO - Processing /home/airflow/.local/lib/python3.7/site-packages/airflow/example_dags/example_trigger_target_dag.py took 0.244 seconds
[2022-01-20 03:48:50,711] {processor.py:163} INFO - Started process (PID=6061) to work on /home/airflow/.local/lib/python3.7/site-packages/airflow/example_dags/example_trigger_target_dag.py
[2022-01-20 03:48:50,716] {processor.py:620} INFO - Processing file /home/airflow/.local/lib/python3.7/site-packages/airflow/example_dags/example_trigger_target_dag.py for tasks to queue
[2022-01-20 03:48:50,719] {logging_mixin.py:109} INFO - [2022-01-20 03:48:50,719] {dagbag.py:500} INFO - Filling up the DagBag from /home/airflow/.local/lib/python3.7/site-packages/airflow/example_dags/example_trigger_target_dag.py
[2022-01-20 03:48:50,783] {processor.py:632} INFO - DAG(s) dict_keys(['example_trigger_target_dag']) retrieved from /home/airflow/.local/lib/python3.7/site-packages/airflow/example_dags/example_trigger_target_dag.py
[2022-01-20 03:48:50,814] {logging_mixin.py:109} INFO - [2022-01-20 03:48:50,814] {dag.py:2389} INFO - Sync 1 DAGs
[2022-01-20 03:48:50,864] {logging_mixin.py:109} INFO - [2022-01-20 03:48:50,863] {dag.py:2914} INFO - Setting next_dagrun for example_trigger_target_dag to None
[2022-01-20 03:48:50,896] {processor.py:171} INFO - Processing /home/airflow/.local/lib/python3.7/site-packages/airflow/example_dags/example_trigger_target_dag.py took 0.191 seconds
[2022-01-20 03:49:21,519] {processor.py:163} INFO - Started process (PID=6175) to work on /home/airflow/.local/lib/python3.7/site-packages/airflow/example_dags/example_trigger_target_dag.py
[2022-01-20 03:49:21,525] {processor.py:620} INFO - Processing file /home/airflow/.local/lib/python3.7/site-packages/airflow/example_dags/example_trigger_target_dag.py for tasks to queue
[2022-01-20 03:49:21,528] {logging_mixin.py:109} INFO - [2022-01-20 03:49:21,528] {dagbag.py:500} INFO - Filling up the DagBag from /home/airflow/.local/lib/python3.7/site-packages/airflow/example_dags/example_trigger_target_dag.py
[2022-01-20 03:49:21,642] {processor.py:632} INFO - DAG(s) dict_keys(['example_trigger_target_dag']) retrieved from /home/airflow/.local/lib/python3.7/site-packages/airflow/example_dags/example_trigger_target_dag.py
[2022-01-20 03:49:21,687] {logging_mixin.py:109} INFO - [2022-01-20 03:49:21,687] {dag.py:2389} INFO - Sync 1 DAGs
[2022-01-20 03:49:21,744] {logging_mixin.py:109} INFO - [2022-01-20 03:49:21,744] {dag.py:2914} INFO - Setting next_dagrun for example_trigger_target_dag to None
[2022-01-20 03:49:21,772] {processor.py:171} INFO - Processing /home/airflow/.local/lib/python3.7/site-packages/airflow/example_dags/example_trigger_target_dag.py took 0.259 seconds
[2022-01-20 03:49:52,021] {processor.py:163} INFO - Started process (PID=6282) to work on /home/airflow/.local/lib/python3.7/site-packages/airflow/example_dags/example_trigger_target_dag.py
[2022-01-20 03:49:52,026] {processor.py:620} INFO - Processing file /home/airflow/.local/lib/python3.7/site-packages/airflow/example_dags/example_trigger_target_dag.py for tasks to queue
[2022-01-20 03:49:52,030] {logging_mixin.py:109} INFO - [2022-01-20 03:49:52,030] {dagbag.py:500} INFO - Filling up the DagBag from /home/airflow/.local/lib/python3.7/site-packages/airflow/example_dags/example_trigger_target_dag.py
[2022-01-20 03:49:52,138] {processor.py:632} INFO - DAG(s) dict_keys(['example_trigger_target_dag']) retrieved from /home/airflow/.local/lib/python3.7/site-packages/airflow/example_dags/example_trigger_target_dag.py
[2022-01-20 03:49:52,211] {logging_mixin.py:109} INFO - [2022-01-20 03:49:52,210] {dag.py:2389} INFO - Sync 1 DAGs
[2022-01-20 03:49:52,267] {logging_mixin.py:109} INFO - [2022-01-20 03:49:52,266] {dag.py:2914} INFO - Setting next_dagrun for example_trigger_target_dag to None
[2022-01-20 03:49:52,300] {processor.py:171} INFO - Processing /home/airflow/.local/lib/python3.7/site-packages/airflow/example_dags/example_trigger_target_dag.py took 0.287 seconds
[2022-01-20 03:50:23,100] {processor.py:163} INFO - Started process (PID=6384) to work on /home/airflow/.local/lib/python3.7/site-packages/airflow/example_dags/example_trigger_target_dag.py
[2022-01-20 03:50:23,104] {processor.py:620} INFO - Processing file /home/airflow/.local/lib/python3.7/site-packages/airflow/example_dags/example_trigger_target_dag.py for tasks to queue
[2022-01-20 03:50:23,108] {logging_mixin.py:109} INFO - [2022-01-20 03:50:23,108] {dagbag.py:500} INFO - Filling up the DagBag from /home/airflow/.local/lib/python3.7/site-packages/airflow/example_dags/example_trigger_target_dag.py
[2022-01-20 03:50:23,195] {processor.py:632} INFO - DAG(s) dict_keys(['example_trigger_target_dag']) retrieved from /home/airflow/.local/lib/python3.7/site-packages/airflow/example_dags/example_trigger_target_dag.py
[2022-01-20 03:50:23,235] {logging_mixin.py:109} INFO - [2022-01-20 03:50:23,235] {dag.py:2389} INFO - Sync 1 DAGs
[2022-01-20 03:50:23,293] {logging_mixin.py:109} INFO - [2022-01-20 03:50:23,292] {dag.py:2914} INFO - Setting next_dagrun for example_trigger_target_dag to None
[2022-01-20 03:50:23,322] {processor.py:171} INFO - Processing /home/airflow/.local/lib/python3.7/site-packages/airflow/example_dags/example_trigger_target_dag.py took 0.231 seconds
[2022-01-20 03:50:53,856] {processor.py:163} INFO - Started process (PID=6496) to work on /home/airflow/.local/lib/python3.7/site-packages/airflow/example_dags/example_trigger_target_dag.py
[2022-01-20 03:50:53,861] {processor.py:620} INFO - Processing file /home/airflow/.local/lib/python3.7/site-packages/airflow/example_dags/example_trigger_target_dag.py for tasks to queue
[2022-01-20 03:50:53,864] {logging_mixin.py:109} INFO - [2022-01-20 03:50:53,864] {dagbag.py:500} INFO - Filling up the DagBag from /home/airflow/.local/lib/python3.7/site-packages/airflow/example_dags/example_trigger_target_dag.py
[2022-01-20 03:50:53,938] {processor.py:632} INFO - DAG(s) dict_keys(['example_trigger_target_dag']) retrieved from /home/airflow/.local/lib/python3.7/site-packages/airflow/example_dags/example_trigger_target_dag.py
[2022-01-20 03:50:53,988] {logging_mixin.py:109} INFO - [2022-01-20 03:50:53,987] {dag.py:2389} INFO - Sync 1 DAGs
[2022-01-20 03:50:54,074] {logging_mixin.py:109} INFO - [2022-01-20 03:50:54,073] {dag.py:2914} INFO - Setting next_dagrun for example_trigger_target_dag to None
[2022-01-20 03:50:54,134] {processor.py:171} INFO - Processing /home/airflow/.local/lib/python3.7/site-packages/airflow/example_dags/example_trigger_target_dag.py took 0.285 seconds
[2022-01-20 03:51:24,323] {processor.py:163} INFO - Started process (PID=6596) to work on /home/airflow/.local/lib/python3.7/site-packages/airflow/example_dags/example_trigger_target_dag.py
[2022-01-20 03:51:24,327] {processor.py:620} INFO - Processing file /home/airflow/.local/lib/python3.7/site-packages/airflow/example_dags/example_trigger_target_dag.py for tasks to queue
[2022-01-20 03:51:24,331] {logging_mixin.py:109} INFO - [2022-01-20 03:51:24,330] {dagbag.py:500} INFO - Filling up the DagBag from /home/airflow/.local/lib/python3.7/site-packages/airflow/example_dags/example_trigger_target_dag.py
[2022-01-20 03:51:24,411] {processor.py:632} INFO - DAG(s) dict_keys(['example_trigger_target_dag']) retrieved from /home/airflow/.local/lib/python3.7/site-packages/airflow/example_dags/example_trigger_target_dag.py
[2022-01-20 03:51:24,455] {logging_mixin.py:109} INFO - [2022-01-20 03:51:24,454] {dag.py:2389} INFO - Sync 1 DAGs
[2022-01-20 03:51:24,513] {logging_mixin.py:109} INFO - [2022-01-20 03:51:24,512] {dag.py:2914} INFO - Setting next_dagrun for example_trigger_target_dag to None
[2022-01-20 03:51:24,541] {processor.py:171} INFO - Processing /home/airflow/.local/lib/python3.7/site-packages/airflow/example_dags/example_trigger_target_dag.py took 0.226 seconds
