[2022-01-20 03:20:13,640] {processor.py:163} INFO - Started process (PID=243) to work on /home/airflow/.local/lib/python3.7/site-packages/airflow/example_dags/example_time_delta_sensor_async.py
[2022-01-20 03:20:13,675] {processor.py:620} INFO - Processing file /home/airflow/.local/lib/python3.7/site-packages/airflow/example_dags/example_time_delta_sensor_async.py for tasks to queue
[2022-01-20 03:20:13,683] {logging_mixin.py:109} INFO - [2022-01-20 03:20:13,680] {dagbag.py:500} INFO - Filling up the DagBag from /home/airflow/.local/lib/python3.7/site-packages/airflow/example_dags/example_time_delta_sensor_async.py
[2022-01-20 03:20:13,912] {processor.py:632} INFO - DAG(s) dict_keys(['example_time_delta_sensor_async']) retrieved from /home/airflow/.local/lib/python3.7/site-packages/airflow/example_dags/example_time_delta_sensor_async.py
[2022-01-20 03:20:14,041] {logging_mixin.py:109} INFO - [2022-01-20 03:20:14,040] {dag.py:2389} INFO - Sync 1 DAGs
[2022-01-20 03:20:14,231] {logging_mixin.py:109} INFO - [2022-01-20 03:20:14,231] {dag.py:2914} INFO - Setting next_dagrun for example_time_delta_sensor_async to None
[2022-01-20 03:20:14,371] {processor.py:171} INFO - Processing /home/airflow/.local/lib/python3.7/site-packages/airflow/example_dags/example_time_delta_sensor_async.py took 0.749 seconds
[2022-01-20 03:20:44,726] {processor.py:163} INFO - Started process (PID=338) to work on /home/airflow/.local/lib/python3.7/site-packages/airflow/example_dags/example_time_delta_sensor_async.py
[2022-01-20 03:20:44,735] {processor.py:620} INFO - Processing file /home/airflow/.local/lib/python3.7/site-packages/airflow/example_dags/example_time_delta_sensor_async.py for tasks to queue
[2022-01-20 03:20:44,741] {logging_mixin.py:109} INFO - [2022-01-20 03:20:44,741] {dagbag.py:500} INFO - Filling up the DagBag from /home/airflow/.local/lib/python3.7/site-packages/airflow/example_dags/example_time_delta_sensor_async.py
[2022-01-20 03:20:44,937] {processor.py:632} INFO - DAG(s) dict_keys(['example_time_delta_sensor_async']) retrieved from /home/airflow/.local/lib/python3.7/site-packages/airflow/example_dags/example_time_delta_sensor_async.py
[2022-01-20 03:20:45,055] {logging_mixin.py:109} INFO - [2022-01-20 03:20:45,055] {dag.py:2389} INFO - Sync 1 DAGs
[2022-01-20 03:20:45,195] {logging_mixin.py:109} INFO - [2022-01-20 03:20:45,195] {dag.py:2914} INFO - Setting next_dagrun for example_time_delta_sensor_async to None
[2022-01-20 03:20:45,272] {processor.py:171} INFO - Processing /home/airflow/.local/lib/python3.7/site-packages/airflow/example_dags/example_time_delta_sensor_async.py took 0.566 seconds
[2022-01-20 03:21:15,462] {processor.py:163} INFO - Started process (PID=447) to work on /home/airflow/.local/lib/python3.7/site-packages/airflow/example_dags/example_time_delta_sensor_async.py
[2022-01-20 03:21:15,475] {processor.py:620} INFO - Processing file /home/airflow/.local/lib/python3.7/site-packages/airflow/example_dags/example_time_delta_sensor_async.py for tasks to queue
[2022-01-20 03:21:15,479] {logging_mixin.py:109} INFO - [2022-01-20 03:21:15,478] {dagbag.py:500} INFO - Filling up the DagBag from /home/airflow/.local/lib/python3.7/site-packages/airflow/example_dags/example_time_delta_sensor_async.py
[2022-01-20 03:21:15,618] {processor.py:632} INFO - DAG(s) dict_keys(['example_time_delta_sensor_async']) retrieved from /home/airflow/.local/lib/python3.7/site-packages/airflow/example_dags/example_time_delta_sensor_async.py
[2022-01-20 03:21:15,699] {logging_mixin.py:109} INFO - [2022-01-20 03:21:15,699] {dag.py:2389} INFO - Sync 1 DAGs
[2022-01-20 03:21:15,832] {logging_mixin.py:109} INFO - [2022-01-20 03:21:15,831] {dag.py:2914} INFO - Setting next_dagrun for example_time_delta_sensor_async to None
[2022-01-20 03:21:15,906] {processor.py:171} INFO - Processing /home/airflow/.local/lib/python3.7/site-packages/airflow/example_dags/example_time_delta_sensor_async.py took 0.464 seconds
[2022-01-20 03:21:46,623] {processor.py:163} INFO - Started process (PID=543) to work on /home/airflow/.local/lib/python3.7/site-packages/airflow/example_dags/example_time_delta_sensor_async.py
[2022-01-20 03:21:46,627] {processor.py:620} INFO - Processing file /home/airflow/.local/lib/python3.7/site-packages/airflow/example_dags/example_time_delta_sensor_async.py for tasks to queue
[2022-01-20 03:21:46,630] {logging_mixin.py:109} INFO - [2022-01-20 03:21:46,629] {dagbag.py:500} INFO - Filling up the DagBag from /home/airflow/.local/lib/python3.7/site-packages/airflow/example_dags/example_time_delta_sensor_async.py
[2022-01-20 03:21:46,689] {processor.py:632} INFO - DAG(s) dict_keys(['example_time_delta_sensor_async']) retrieved from /home/airflow/.local/lib/python3.7/site-packages/airflow/example_dags/example_time_delta_sensor_async.py
[2022-01-20 03:21:46,723] {logging_mixin.py:109} INFO - [2022-01-20 03:21:46,723] {dag.py:2389} INFO - Sync 1 DAGs
[2022-01-20 03:21:46,780] {logging_mixin.py:109} INFO - [2022-01-20 03:21:46,780] {dag.py:2914} INFO - Setting next_dagrun for example_time_delta_sensor_async to None
[2022-01-20 03:21:46,813] {processor.py:171} INFO - Processing /home/airflow/.local/lib/python3.7/site-packages/airflow/example_dags/example_time_delta_sensor_async.py took 0.197 seconds
[2022-01-20 03:22:17,251] {processor.py:163} INFO - Started process (PID=659) to work on /home/airflow/.local/lib/python3.7/site-packages/airflow/example_dags/example_time_delta_sensor_async.py
[2022-01-20 03:22:17,255] {processor.py:620} INFO - Processing file /home/airflow/.local/lib/python3.7/site-packages/airflow/example_dags/example_time_delta_sensor_async.py for tasks to queue
[2022-01-20 03:22:17,259] {logging_mixin.py:109} INFO - [2022-01-20 03:22:17,258] {dagbag.py:500} INFO - Filling up the DagBag from /home/airflow/.local/lib/python3.7/site-packages/airflow/example_dags/example_time_delta_sensor_async.py
[2022-01-20 03:22:17,333] {processor.py:632} INFO - DAG(s) dict_keys(['example_time_delta_sensor_async']) retrieved from /home/airflow/.local/lib/python3.7/site-packages/airflow/example_dags/example_time_delta_sensor_async.py
[2022-01-20 03:22:17,376] {logging_mixin.py:109} INFO - [2022-01-20 03:22:17,376] {dag.py:2389} INFO - Sync 1 DAGs
[2022-01-20 03:22:17,443] {logging_mixin.py:109} INFO - [2022-01-20 03:22:17,442] {dag.py:2914} INFO - Setting next_dagrun for example_time_delta_sensor_async to None
[2022-01-20 03:22:17,529] {processor.py:171} INFO - Processing /home/airflow/.local/lib/python3.7/site-packages/airflow/example_dags/example_time_delta_sensor_async.py took 0.286 seconds
[2022-01-20 03:22:47,629] {processor.py:163} INFO - Started process (PID=755) to work on /home/airflow/.local/lib/python3.7/site-packages/airflow/example_dags/example_time_delta_sensor_async.py
[2022-01-20 03:22:47,633] {processor.py:620} INFO - Processing file /home/airflow/.local/lib/python3.7/site-packages/airflow/example_dags/example_time_delta_sensor_async.py for tasks to queue
[2022-01-20 03:22:47,635] {logging_mixin.py:109} INFO - [2022-01-20 03:22:47,635] {dagbag.py:500} INFO - Filling up the DagBag from /home/airflow/.local/lib/python3.7/site-packages/airflow/example_dags/example_time_delta_sensor_async.py
[2022-01-20 03:22:47,690] {processor.py:632} INFO - DAG(s) dict_keys(['example_time_delta_sensor_async']) retrieved from /home/airflow/.local/lib/python3.7/site-packages/airflow/example_dags/example_time_delta_sensor_async.py
[2022-01-20 03:22:47,722] {logging_mixin.py:109} INFO - [2022-01-20 03:22:47,721] {dag.py:2389} INFO - Sync 1 DAGs
[2022-01-20 03:22:47,764] {logging_mixin.py:109} INFO - [2022-01-20 03:22:47,764] {dag.py:2914} INFO - Setting next_dagrun for example_time_delta_sensor_async to None
[2022-01-20 03:22:47,788] {processor.py:171} INFO - Processing /home/airflow/.local/lib/python3.7/site-packages/airflow/example_dags/example_time_delta_sensor_async.py took 0.165 seconds
[2022-01-20 03:23:18,248] {processor.py:163} INFO - Started process (PID=870) to work on /home/airflow/.local/lib/python3.7/site-packages/airflow/example_dags/example_time_delta_sensor_async.py
[2022-01-20 03:23:18,252] {processor.py:620} INFO - Processing file /home/airflow/.local/lib/python3.7/site-packages/airflow/example_dags/example_time_delta_sensor_async.py for tasks to queue
[2022-01-20 03:23:18,256] {logging_mixin.py:109} INFO - [2022-01-20 03:23:18,256] {dagbag.py:500} INFO - Filling up the DagBag from /home/airflow/.local/lib/python3.7/site-packages/airflow/example_dags/example_time_delta_sensor_async.py
[2022-01-20 03:23:18,350] {processor.py:632} INFO - DAG(s) dict_keys(['example_time_delta_sensor_async']) retrieved from /home/airflow/.local/lib/python3.7/site-packages/airflow/example_dags/example_time_delta_sensor_async.py
[2022-01-20 03:23:18,397] {logging_mixin.py:109} INFO - [2022-01-20 03:23:18,397] {dag.py:2389} INFO - Sync 1 DAGs
[2022-01-20 03:23:18,456] {logging_mixin.py:109} INFO - [2022-01-20 03:23:18,456] {dag.py:2914} INFO - Setting next_dagrun for example_time_delta_sensor_async to None
[2022-01-20 03:23:18,484] {processor.py:171} INFO - Processing /home/airflow/.local/lib/python3.7/site-packages/airflow/example_dags/example_time_delta_sensor_async.py took 0.245 seconds
[2022-01-20 03:23:49,021] {processor.py:163} INFO - Started process (PID=964) to work on /home/airflow/.local/lib/python3.7/site-packages/airflow/example_dags/example_time_delta_sensor_async.py
[2022-01-20 03:23:49,024] {processor.py:620} INFO - Processing file /home/airflow/.local/lib/python3.7/site-packages/airflow/example_dags/example_time_delta_sensor_async.py for tasks to queue
[2022-01-20 03:23:49,027] {logging_mixin.py:109} INFO - [2022-01-20 03:23:49,026] {dagbag.py:500} INFO - Filling up the DagBag from /home/airflow/.local/lib/python3.7/site-packages/airflow/example_dags/example_time_delta_sensor_async.py
[2022-01-20 03:23:49,085] {processor.py:632} INFO - DAG(s) dict_keys(['example_time_delta_sensor_async']) retrieved from /home/airflow/.local/lib/python3.7/site-packages/airflow/example_dags/example_time_delta_sensor_async.py
[2022-01-20 03:23:49,118] {logging_mixin.py:109} INFO - [2022-01-20 03:23:49,118] {dag.py:2389} INFO - Sync 1 DAGs
[2022-01-20 03:23:49,161] {logging_mixin.py:109} INFO - [2022-01-20 03:23:49,161] {dag.py:2914} INFO - Setting next_dagrun for example_time_delta_sensor_async to None
[2022-01-20 03:23:49,184] {processor.py:171} INFO - Processing /home/airflow/.local/lib/python3.7/site-packages/airflow/example_dags/example_time_delta_sensor_async.py took 0.169 seconds
[2022-01-20 03:24:20,015] {processor.py:163} INFO - Started process (PID=1078) to work on /home/airflow/.local/lib/python3.7/site-packages/airflow/example_dags/example_time_delta_sensor_async.py
[2022-01-20 03:24:20,022] {processor.py:620} INFO - Processing file /home/airflow/.local/lib/python3.7/site-packages/airflow/example_dags/example_time_delta_sensor_async.py for tasks to queue
[2022-01-20 03:24:20,028] {logging_mixin.py:109} INFO - [2022-01-20 03:24:20,028] {dagbag.py:500} INFO - Filling up the DagBag from /home/airflow/.local/lib/python3.7/site-packages/airflow/example_dags/example_time_delta_sensor_async.py
[2022-01-20 03:24:20,096] {processor.py:632} INFO - DAG(s) dict_keys(['example_time_delta_sensor_async']) retrieved from /home/airflow/.local/lib/python3.7/site-packages/airflow/example_dags/example_time_delta_sensor_async.py
[2022-01-20 03:24:20,132] {logging_mixin.py:109} INFO - [2022-01-20 03:24:20,132] {dag.py:2389} INFO - Sync 1 DAGs
[2022-01-20 03:24:20,189] {logging_mixin.py:109} INFO - [2022-01-20 03:24:20,188] {dag.py:2914} INFO - Setting next_dagrun for example_time_delta_sensor_async to None
[2022-01-20 03:24:20,216] {processor.py:171} INFO - Processing /home/airflow/.local/lib/python3.7/site-packages/airflow/example_dags/example_time_delta_sensor_async.py took 0.210 seconds
[2022-01-20 03:24:50,376] {processor.py:163} INFO - Started process (PID=1174) to work on /home/airflow/.local/lib/python3.7/site-packages/airflow/example_dags/example_time_delta_sensor_async.py
[2022-01-20 03:24:50,380] {processor.py:620} INFO - Processing file /home/airflow/.local/lib/python3.7/site-packages/airflow/example_dags/example_time_delta_sensor_async.py for tasks to queue
[2022-01-20 03:24:50,384] {logging_mixin.py:109} INFO - [2022-01-20 03:24:50,383] {dagbag.py:500} INFO - Filling up the DagBag from /home/airflow/.local/lib/python3.7/site-packages/airflow/example_dags/example_time_delta_sensor_async.py
[2022-01-20 03:24:50,452] {processor.py:632} INFO - DAG(s) dict_keys(['example_time_delta_sensor_async']) retrieved from /home/airflow/.local/lib/python3.7/site-packages/airflow/example_dags/example_time_delta_sensor_async.py
[2022-01-20 03:24:50,493] {logging_mixin.py:109} INFO - [2022-01-20 03:24:50,492] {dag.py:2389} INFO - Sync 1 DAGs
[2022-01-20 03:24:50,546] {logging_mixin.py:109} INFO - [2022-01-20 03:24:50,545] {dag.py:2914} INFO - Setting next_dagrun for example_time_delta_sensor_async to None
[2022-01-20 03:24:50,599] {processor.py:171} INFO - Processing /home/airflow/.local/lib/python3.7/site-packages/airflow/example_dags/example_time_delta_sensor_async.py took 0.232 seconds
[2022-01-20 03:25:21,320] {processor.py:163} INFO - Started process (PID=1287) to work on /home/airflow/.local/lib/python3.7/site-packages/airflow/example_dags/example_time_delta_sensor_async.py
[2022-01-20 03:25:21,324] {processor.py:620} INFO - Processing file /home/airflow/.local/lib/python3.7/site-packages/airflow/example_dags/example_time_delta_sensor_async.py for tasks to queue
[2022-01-20 03:25:21,329] {logging_mixin.py:109} INFO - [2022-01-20 03:25:21,328] {dagbag.py:500} INFO - Filling up the DagBag from /home/airflow/.local/lib/python3.7/site-packages/airflow/example_dags/example_time_delta_sensor_async.py
[2022-01-20 03:25:21,396] {processor.py:632} INFO - DAG(s) dict_keys(['example_time_delta_sensor_async']) retrieved from /home/airflow/.local/lib/python3.7/site-packages/airflow/example_dags/example_time_delta_sensor_async.py
[2022-01-20 03:25:21,438] {logging_mixin.py:109} INFO - [2022-01-20 03:25:21,437] {dag.py:2389} INFO - Sync 1 DAGs
[2022-01-20 03:25:21,492] {logging_mixin.py:109} INFO - [2022-01-20 03:25:21,492] {dag.py:2914} INFO - Setting next_dagrun for example_time_delta_sensor_async to None
[2022-01-20 03:25:21,522] {processor.py:171} INFO - Processing /home/airflow/.local/lib/python3.7/site-packages/airflow/example_dags/example_time_delta_sensor_async.py took 0.209 seconds
[2022-01-20 03:25:51,884] {processor.py:163} INFO - Started process (PID=1394) to work on /home/airflow/.local/lib/python3.7/site-packages/airflow/example_dags/example_time_delta_sensor_async.py
[2022-01-20 03:25:51,889] {processor.py:620} INFO - Processing file /home/airflow/.local/lib/python3.7/site-packages/airflow/example_dags/example_time_delta_sensor_async.py for tasks to queue
[2022-01-20 03:25:51,892] {logging_mixin.py:109} INFO - [2022-01-20 03:25:51,892] {dagbag.py:500} INFO - Filling up the DagBag from /home/airflow/.local/lib/python3.7/site-packages/airflow/example_dags/example_time_delta_sensor_async.py
[2022-01-20 03:25:51,969] {processor.py:632} INFO - DAG(s) dict_keys(['example_time_delta_sensor_async']) retrieved from /home/airflow/.local/lib/python3.7/site-packages/airflow/example_dags/example_time_delta_sensor_async.py
[2022-01-20 03:25:52,016] {logging_mixin.py:109} INFO - [2022-01-20 03:25:52,015] {dag.py:2389} INFO - Sync 1 DAGs
[2022-01-20 03:25:52,075] {logging_mixin.py:109} INFO - [2022-01-20 03:25:52,074] {dag.py:2914} INFO - Setting next_dagrun for example_time_delta_sensor_async to None
[2022-01-20 03:25:52,105] {processor.py:171} INFO - Processing /home/airflow/.local/lib/python3.7/site-packages/airflow/example_dags/example_time_delta_sensor_async.py took 0.233 seconds
[2022-01-20 03:26:23,570] {processor.py:163} INFO - Started process (PID=1481) to work on /home/airflow/.local/lib/python3.7/site-packages/airflow/example_dags/example_time_delta_sensor_async.py
[2022-01-20 03:26:23,574] {processor.py:620} INFO - Processing file /home/airflow/.local/lib/python3.7/site-packages/airflow/example_dags/example_time_delta_sensor_async.py for tasks to queue
[2022-01-20 03:26:23,577] {logging_mixin.py:109} INFO - [2022-01-20 03:26:23,577] {dagbag.py:500} INFO - Filling up the DagBag from /home/airflow/.local/lib/python3.7/site-packages/airflow/example_dags/example_time_delta_sensor_async.py
[2022-01-20 03:26:23,647] {processor.py:632} INFO - DAG(s) dict_keys(['example_time_delta_sensor_async']) retrieved from /home/airflow/.local/lib/python3.7/site-packages/airflow/example_dags/example_time_delta_sensor_async.py
[2022-01-20 03:26:23,685] {logging_mixin.py:109} INFO - [2022-01-20 03:26:23,685] {dag.py:2389} INFO - Sync 1 DAGs
[2022-01-20 03:26:23,739] {logging_mixin.py:109} INFO - [2022-01-20 03:26:23,738] {dag.py:2914} INFO - Setting next_dagrun for example_time_delta_sensor_async to None
[2022-01-20 03:26:23,771] {processor.py:171} INFO - Processing /home/airflow/.local/lib/python3.7/site-packages/airflow/example_dags/example_time_delta_sensor_async.py took 0.209 seconds
[2022-01-20 03:26:55,960] {processor.py:163} INFO - Started process (PID=1591) to work on /home/airflow/.local/lib/python3.7/site-packages/airflow/example_dags/example_time_delta_sensor_async.py
[2022-01-20 03:26:55,965] {processor.py:620} INFO - Processing file /home/airflow/.local/lib/python3.7/site-packages/airflow/example_dags/example_time_delta_sensor_async.py for tasks to queue
[2022-01-20 03:26:55,969] {logging_mixin.py:109} INFO - [2022-01-20 03:26:55,968] {dagbag.py:500} INFO - Filling up the DagBag from /home/airflow/.local/lib/python3.7/site-packages/airflow/example_dags/example_time_delta_sensor_async.py
[2022-01-20 03:26:56,036] {processor.py:632} INFO - DAG(s) dict_keys(['example_time_delta_sensor_async']) retrieved from /home/airflow/.local/lib/python3.7/site-packages/airflow/example_dags/example_time_delta_sensor_async.py
[2022-01-20 03:26:56,073] {logging_mixin.py:109} INFO - [2022-01-20 03:26:56,073] {dag.py:2389} INFO - Sync 1 DAGs
[2022-01-20 03:26:56,133] {logging_mixin.py:109} INFO - [2022-01-20 03:26:56,132] {dag.py:2914} INFO - Setting next_dagrun for example_time_delta_sensor_async to None
[2022-01-20 03:26:56,182] {processor.py:171} INFO - Processing /home/airflow/.local/lib/python3.7/site-packages/airflow/example_dags/example_time_delta_sensor_async.py took 0.231 seconds
[2022-01-20 03:27:26,717] {processor.py:163} INFO - Started process (PID=1682) to work on /home/airflow/.local/lib/python3.7/site-packages/airflow/example_dags/example_time_delta_sensor_async.py
[2022-01-20 03:27:26,720] {processor.py:620} INFO - Processing file /home/airflow/.local/lib/python3.7/site-packages/airflow/example_dags/example_time_delta_sensor_async.py for tasks to queue
[2022-01-20 03:27:26,723] {logging_mixin.py:109} INFO - [2022-01-20 03:27:26,723] {dagbag.py:500} INFO - Filling up the DagBag from /home/airflow/.local/lib/python3.7/site-packages/airflow/example_dags/example_time_delta_sensor_async.py
[2022-01-20 03:27:26,787] {processor.py:632} INFO - DAG(s) dict_keys(['example_time_delta_sensor_async']) retrieved from /home/airflow/.local/lib/python3.7/site-packages/airflow/example_dags/example_time_delta_sensor_async.py
[2022-01-20 03:27:26,820] {logging_mixin.py:109} INFO - [2022-01-20 03:27:26,819] {dag.py:2389} INFO - Sync 1 DAGs
[2022-01-20 03:27:26,865] {logging_mixin.py:109} INFO - [2022-01-20 03:27:26,864] {dag.py:2914} INFO - Setting next_dagrun for example_time_delta_sensor_async to None
[2022-01-20 03:27:26,887] {processor.py:171} INFO - Processing /home/airflow/.local/lib/python3.7/site-packages/airflow/example_dags/example_time_delta_sensor_async.py took 0.176 seconds
[2022-01-20 03:27:57,813] {processor.py:163} INFO - Started process (PID=1792) to work on /home/airflow/.local/lib/python3.7/site-packages/airflow/example_dags/example_time_delta_sensor_async.py
[2022-01-20 03:27:57,819] {processor.py:620} INFO - Processing file /home/airflow/.local/lib/python3.7/site-packages/airflow/example_dags/example_time_delta_sensor_async.py for tasks to queue
[2022-01-20 03:27:57,831] {logging_mixin.py:109} INFO - [2022-01-20 03:27:57,830] {dagbag.py:500} INFO - Filling up the DagBag from /home/airflow/.local/lib/python3.7/site-packages/airflow/example_dags/example_time_delta_sensor_async.py
[2022-01-20 03:27:57,926] {processor.py:632} INFO - DAG(s) dict_keys(['example_time_delta_sensor_async']) retrieved from /home/airflow/.local/lib/python3.7/site-packages/airflow/example_dags/example_time_delta_sensor_async.py
[2022-01-20 03:27:57,965] {logging_mixin.py:109} INFO - [2022-01-20 03:27:57,964] {dag.py:2389} INFO - Sync 1 DAGs
[2022-01-20 03:27:58,025] {logging_mixin.py:109} INFO - [2022-01-20 03:27:58,025] {dag.py:2914} INFO - Setting next_dagrun for example_time_delta_sensor_async to None
[2022-01-20 03:27:58,054] {processor.py:171} INFO - Processing /home/airflow/.local/lib/python3.7/site-packages/airflow/example_dags/example_time_delta_sensor_async.py took 0.248 seconds
[2022-01-20 03:28:28,231] {processor.py:163} INFO - Started process (PID=1886) to work on /home/airflow/.local/lib/python3.7/site-packages/airflow/example_dags/example_time_delta_sensor_async.py
[2022-01-20 03:28:28,235] {processor.py:620} INFO - Processing file /home/airflow/.local/lib/python3.7/site-packages/airflow/example_dags/example_time_delta_sensor_async.py for tasks to queue
[2022-01-20 03:28:28,238] {logging_mixin.py:109} INFO - [2022-01-20 03:28:28,237] {dagbag.py:500} INFO - Filling up the DagBag from /home/airflow/.local/lib/python3.7/site-packages/airflow/example_dags/example_time_delta_sensor_async.py
[2022-01-20 03:28:28,297] {processor.py:632} INFO - DAG(s) dict_keys(['example_time_delta_sensor_async']) retrieved from /home/airflow/.local/lib/python3.7/site-packages/airflow/example_dags/example_time_delta_sensor_async.py
[2022-01-20 03:28:28,331] {logging_mixin.py:109} INFO - [2022-01-20 03:28:28,331] {dag.py:2389} INFO - Sync 1 DAGs
[2022-01-20 03:28:28,375] {logging_mixin.py:109} INFO - [2022-01-20 03:28:28,374] {dag.py:2914} INFO - Setting next_dagrun for example_time_delta_sensor_async to None
[2022-01-20 03:28:28,398] {processor.py:171} INFO - Processing /home/airflow/.local/lib/python3.7/site-packages/airflow/example_dags/example_time_delta_sensor_async.py took 0.174 seconds
[2022-01-20 03:28:58,902] {processor.py:163} INFO - Started process (PID=1999) to work on /home/airflow/.local/lib/python3.7/site-packages/airflow/example_dags/example_time_delta_sensor_async.py
[2022-01-20 03:28:58,906] {processor.py:620} INFO - Processing file /home/airflow/.local/lib/python3.7/site-packages/airflow/example_dags/example_time_delta_sensor_async.py for tasks to queue
[2022-01-20 03:28:58,909] {logging_mixin.py:109} INFO - [2022-01-20 03:28:58,908] {dagbag.py:500} INFO - Filling up the DagBag from /home/airflow/.local/lib/python3.7/site-packages/airflow/example_dags/example_time_delta_sensor_async.py
[2022-01-20 03:28:58,974] {processor.py:632} INFO - DAG(s) dict_keys(['example_time_delta_sensor_async']) retrieved from /home/airflow/.local/lib/python3.7/site-packages/airflow/example_dags/example_time_delta_sensor_async.py
[2022-01-20 03:28:59,050] {logging_mixin.py:109} INFO - [2022-01-20 03:28:59,049] {dag.py:2389} INFO - Sync 1 DAGs
[2022-01-20 03:28:59,115] {logging_mixin.py:109} INFO - [2022-01-20 03:28:59,114] {dag.py:2914} INFO - Setting next_dagrun for example_time_delta_sensor_async to None
[2022-01-20 03:28:59,142] {processor.py:171} INFO - Processing /home/airflow/.local/lib/python3.7/site-packages/airflow/example_dags/example_time_delta_sensor_async.py took 0.247 seconds
[2022-01-20 03:29:29,230] {processor.py:163} INFO - Started process (PID=2097) to work on /home/airflow/.local/lib/python3.7/site-packages/airflow/example_dags/example_time_delta_sensor_async.py
[2022-01-20 03:29:29,235] {processor.py:620} INFO - Processing file /home/airflow/.local/lib/python3.7/site-packages/airflow/example_dags/example_time_delta_sensor_async.py for tasks to queue
[2022-01-20 03:29:29,238] {logging_mixin.py:109} INFO - [2022-01-20 03:29:29,238] {dagbag.py:500} INFO - Filling up the DagBag from /home/airflow/.local/lib/python3.7/site-packages/airflow/example_dags/example_time_delta_sensor_async.py
[2022-01-20 03:29:29,296] {processor.py:632} INFO - DAG(s) dict_keys(['example_time_delta_sensor_async']) retrieved from /home/airflow/.local/lib/python3.7/site-packages/airflow/example_dags/example_time_delta_sensor_async.py
[2022-01-20 03:29:29,344] {logging_mixin.py:109} INFO - [2022-01-20 03:29:29,344] {dag.py:2389} INFO - Sync 1 DAGs
[2022-01-20 03:29:29,392] {logging_mixin.py:109} INFO - [2022-01-20 03:29:29,392] {dag.py:2914} INFO - Setting next_dagrun for example_time_delta_sensor_async to None
[2022-01-20 03:29:29,413] {processor.py:171} INFO - Processing /home/airflow/.local/lib/python3.7/site-packages/airflow/example_dags/example_time_delta_sensor_async.py took 0.192 seconds
[2022-01-20 03:29:59,475] {processor.py:163} INFO - Started process (PID=2212) to work on /home/airflow/.local/lib/python3.7/site-packages/airflow/example_dags/example_time_delta_sensor_async.py
[2022-01-20 03:29:59,480] {processor.py:620} INFO - Processing file /home/airflow/.local/lib/python3.7/site-packages/airflow/example_dags/example_time_delta_sensor_async.py for tasks to queue
[2022-01-20 03:29:59,483] {logging_mixin.py:109} INFO - [2022-01-20 03:29:59,482] {dagbag.py:500} INFO - Filling up the DagBag from /home/airflow/.local/lib/python3.7/site-packages/airflow/example_dags/example_time_delta_sensor_async.py
[2022-01-20 03:29:59,551] {processor.py:632} INFO - DAG(s) dict_keys(['example_time_delta_sensor_async']) retrieved from /home/airflow/.local/lib/python3.7/site-packages/airflow/example_dags/example_time_delta_sensor_async.py
[2022-01-20 03:29:59,590] {logging_mixin.py:109} INFO - [2022-01-20 03:29:59,589] {dag.py:2389} INFO - Sync 1 DAGs
[2022-01-20 03:29:59,654] {logging_mixin.py:109} INFO - [2022-01-20 03:29:59,653] {dag.py:2914} INFO - Setting next_dagrun for example_time_delta_sensor_async to None
[2022-01-20 03:29:59,686] {processor.py:171} INFO - Processing /home/airflow/.local/lib/python3.7/site-packages/airflow/example_dags/example_time_delta_sensor_async.py took 0.218 seconds
[2022-01-20 03:30:30,026] {processor.py:163} INFO - Started process (PID=2308) to work on /home/airflow/.local/lib/python3.7/site-packages/airflow/example_dags/example_time_delta_sensor_async.py
[2022-01-20 03:30:30,030] {processor.py:620} INFO - Processing file /home/airflow/.local/lib/python3.7/site-packages/airflow/example_dags/example_time_delta_sensor_async.py for tasks to queue
[2022-01-20 03:30:30,032] {logging_mixin.py:109} INFO - [2022-01-20 03:30:30,032] {dagbag.py:500} INFO - Filling up the DagBag from /home/airflow/.local/lib/python3.7/site-packages/airflow/example_dags/example_time_delta_sensor_async.py
[2022-01-20 03:30:30,085] {processor.py:632} INFO - DAG(s) dict_keys(['example_time_delta_sensor_async']) retrieved from /home/airflow/.local/lib/python3.7/site-packages/airflow/example_dags/example_time_delta_sensor_async.py
[2022-01-20 03:30:30,113] {logging_mixin.py:109} INFO - [2022-01-20 03:30:30,112] {dag.py:2389} INFO - Sync 1 DAGs
[2022-01-20 03:30:30,157] {logging_mixin.py:109} INFO - [2022-01-20 03:30:30,156] {dag.py:2914} INFO - Setting next_dagrun for example_time_delta_sensor_async to None
[2022-01-20 03:30:30,181] {processor.py:171} INFO - Processing /home/airflow/.local/lib/python3.7/site-packages/airflow/example_dags/example_time_delta_sensor_async.py took 0.162 seconds
[2022-01-20 03:31:00,570] {processor.py:163} INFO - Started process (PID=2426) to work on /home/airflow/.local/lib/python3.7/site-packages/airflow/example_dags/example_time_delta_sensor_async.py
[2022-01-20 03:31:00,574] {processor.py:620} INFO - Processing file /home/airflow/.local/lib/python3.7/site-packages/airflow/example_dags/example_time_delta_sensor_async.py for tasks to queue
[2022-01-20 03:31:00,577] {logging_mixin.py:109} INFO - [2022-01-20 03:31:00,576] {dagbag.py:500} INFO - Filling up the DagBag from /home/airflow/.local/lib/python3.7/site-packages/airflow/example_dags/example_time_delta_sensor_async.py
[2022-01-20 03:31:00,641] {processor.py:632} INFO - DAG(s) dict_keys(['example_time_delta_sensor_async']) retrieved from /home/airflow/.local/lib/python3.7/site-packages/airflow/example_dags/example_time_delta_sensor_async.py
[2022-01-20 03:31:00,677] {logging_mixin.py:109} INFO - [2022-01-20 03:31:00,676] {dag.py:2389} INFO - Sync 1 DAGs
[2022-01-20 03:31:00,738] {logging_mixin.py:109} INFO - [2022-01-20 03:31:00,738] {dag.py:2914} INFO - Setting next_dagrun for example_time_delta_sensor_async to None
[2022-01-20 03:31:00,767] {processor.py:171} INFO - Processing /home/airflow/.local/lib/python3.7/site-packages/airflow/example_dags/example_time_delta_sensor_async.py took 0.203 seconds
[2022-01-20 03:31:31,358] {processor.py:163} INFO - Started process (PID=2533) to work on /home/airflow/.local/lib/python3.7/site-packages/airflow/example_dags/example_time_delta_sensor_async.py
[2022-01-20 03:31:31,362] {processor.py:620} INFO - Processing file /home/airflow/.local/lib/python3.7/site-packages/airflow/example_dags/example_time_delta_sensor_async.py for tasks to queue
[2022-01-20 03:31:31,365] {logging_mixin.py:109} INFO - [2022-01-20 03:31:31,364] {dagbag.py:500} INFO - Filling up the DagBag from /home/airflow/.local/lib/python3.7/site-packages/airflow/example_dags/example_time_delta_sensor_async.py
[2022-01-20 03:31:31,431] {processor.py:632} INFO - DAG(s) dict_keys(['example_time_delta_sensor_async']) retrieved from /home/airflow/.local/lib/python3.7/site-packages/airflow/example_dags/example_time_delta_sensor_async.py
[2022-01-20 03:31:31,470] {logging_mixin.py:109} INFO - [2022-01-20 03:31:31,469] {dag.py:2389} INFO - Sync 1 DAGs
[2022-01-20 03:31:31,524] {logging_mixin.py:109} INFO - [2022-01-20 03:31:31,524] {dag.py:2914} INFO - Setting next_dagrun for example_time_delta_sensor_async to None
[2022-01-20 03:31:31,554] {processor.py:171} INFO - Processing /home/airflow/.local/lib/python3.7/site-packages/airflow/example_dags/example_time_delta_sensor_async.py took 0.203 seconds
[2022-01-20 03:32:01,634] {processor.py:163} INFO - Started process (PID=2635) to work on /home/airflow/.local/lib/python3.7/site-packages/airflow/example_dags/example_time_delta_sensor_async.py
[2022-01-20 03:32:01,640] {processor.py:620} INFO - Processing file /home/airflow/.local/lib/python3.7/site-packages/airflow/example_dags/example_time_delta_sensor_async.py for tasks to queue
[2022-01-20 03:32:01,643] {logging_mixin.py:109} INFO - [2022-01-20 03:32:01,643] {dagbag.py:500} INFO - Filling up the DagBag from /home/airflow/.local/lib/python3.7/site-packages/airflow/example_dags/example_time_delta_sensor_async.py
[2022-01-20 03:32:01,736] {processor.py:632} INFO - DAG(s) dict_keys(['example_time_delta_sensor_async']) retrieved from /home/airflow/.local/lib/python3.7/site-packages/airflow/example_dags/example_time_delta_sensor_async.py
[2022-01-20 03:32:01,774] {logging_mixin.py:109} INFO - [2022-01-20 03:32:01,774] {dag.py:2389} INFO - Sync 1 DAGs
[2022-01-20 03:32:01,830] {logging_mixin.py:109} INFO - [2022-01-20 03:32:01,829] {dag.py:2914} INFO - Setting next_dagrun for example_time_delta_sensor_async to None
[2022-01-20 03:32:01,979] {processor.py:171} INFO - Processing /home/airflow/.local/lib/python3.7/site-packages/airflow/example_dags/example_time_delta_sensor_async.py took 0.353 seconds
[2022-01-20 03:32:32,338] {processor.py:163} INFO - Started process (PID=2746) to work on /home/airflow/.local/lib/python3.7/site-packages/airflow/example_dags/example_time_delta_sensor_async.py
[2022-01-20 03:32:32,351] {processor.py:620} INFO - Processing file /home/airflow/.local/lib/python3.7/site-packages/airflow/example_dags/example_time_delta_sensor_async.py for tasks to queue
[2022-01-20 03:32:32,354] {logging_mixin.py:109} INFO - [2022-01-20 03:32:32,354] {dagbag.py:500} INFO - Filling up the DagBag from /home/airflow/.local/lib/python3.7/site-packages/airflow/example_dags/example_time_delta_sensor_async.py
[2022-01-20 03:32:32,419] {processor.py:632} INFO - DAG(s) dict_keys(['example_time_delta_sensor_async']) retrieved from /home/airflow/.local/lib/python3.7/site-packages/airflow/example_dags/example_time_delta_sensor_async.py
[2022-01-20 03:32:32,457] {logging_mixin.py:109} INFO - [2022-01-20 03:32:32,457] {dag.py:2389} INFO - Sync 1 DAGs
[2022-01-20 03:32:32,635] {logging_mixin.py:109} INFO - [2022-01-20 03:32:32,634] {dag.py:2914} INFO - Setting next_dagrun for example_time_delta_sensor_async to None
[2022-01-20 03:32:32,665] {processor.py:171} INFO - Processing /home/airflow/.local/lib/python3.7/site-packages/airflow/example_dags/example_time_delta_sensor_async.py took 0.334 seconds
[2022-01-20 03:33:03,293] {processor.py:163} INFO - Started process (PID=2846) to work on /home/airflow/.local/lib/python3.7/site-packages/airflow/example_dags/example_time_delta_sensor_async.py
[2022-01-20 03:33:03,297] {processor.py:620} INFO - Processing file /home/airflow/.local/lib/python3.7/site-packages/airflow/example_dags/example_time_delta_sensor_async.py for tasks to queue
[2022-01-20 03:33:03,300] {logging_mixin.py:109} INFO - [2022-01-20 03:33:03,300] {dagbag.py:500} INFO - Filling up the DagBag from /home/airflow/.local/lib/python3.7/site-packages/airflow/example_dags/example_time_delta_sensor_async.py
[2022-01-20 03:33:03,367] {processor.py:632} INFO - DAG(s) dict_keys(['example_time_delta_sensor_async']) retrieved from /home/airflow/.local/lib/python3.7/site-packages/airflow/example_dags/example_time_delta_sensor_async.py
[2022-01-20 03:33:03,403] {logging_mixin.py:109} INFO - [2022-01-20 03:33:03,403] {dag.py:2389} INFO - Sync 1 DAGs
[2022-01-20 03:33:03,563] {logging_mixin.py:109} INFO - [2022-01-20 03:33:03,563] {dag.py:2914} INFO - Setting next_dagrun for example_time_delta_sensor_async to None
[2022-01-20 03:33:03,590] {processor.py:171} INFO - Processing /home/airflow/.local/lib/python3.7/site-packages/airflow/example_dags/example_time_delta_sensor_async.py took 0.303 seconds
[2022-01-20 03:33:34,493] {processor.py:163} INFO - Started process (PID=2959) to work on /home/airflow/.local/lib/python3.7/site-packages/airflow/example_dags/example_time_delta_sensor_async.py
[2022-01-20 03:33:34,497] {processor.py:620} INFO - Processing file /home/airflow/.local/lib/python3.7/site-packages/airflow/example_dags/example_time_delta_sensor_async.py for tasks to queue
[2022-01-20 03:33:34,501] {logging_mixin.py:109} INFO - [2022-01-20 03:33:34,500] {dagbag.py:500} INFO - Filling up the DagBag from /home/airflow/.local/lib/python3.7/site-packages/airflow/example_dags/example_time_delta_sensor_async.py
[2022-01-20 03:33:34,575] {processor.py:632} INFO - DAG(s) dict_keys(['example_time_delta_sensor_async']) retrieved from /home/airflow/.local/lib/python3.7/site-packages/airflow/example_dags/example_time_delta_sensor_async.py
[2022-01-20 03:33:34,754] {logging_mixin.py:109} INFO - [2022-01-20 03:33:34,754] {dag.py:2389} INFO - Sync 1 DAGs
[2022-01-20 03:33:34,812] {logging_mixin.py:109} INFO - [2022-01-20 03:33:34,811] {dag.py:2914} INFO - Setting next_dagrun for example_time_delta_sensor_async to None
[2022-01-20 03:33:34,844] {processor.py:171} INFO - Processing /home/airflow/.local/lib/python3.7/site-packages/airflow/example_dags/example_time_delta_sensor_async.py took 0.359 seconds
[2022-01-20 03:34:05,410] {processor.py:163} INFO - Started process (PID=3050) to work on /home/airflow/.local/lib/python3.7/site-packages/airflow/example_dags/example_time_delta_sensor_async.py
[2022-01-20 03:34:05,414] {processor.py:620} INFO - Processing file /home/airflow/.local/lib/python3.7/site-packages/airflow/example_dags/example_time_delta_sensor_async.py for tasks to queue
[2022-01-20 03:34:05,418] {logging_mixin.py:109} INFO - [2022-01-20 03:34:05,418] {dagbag.py:500} INFO - Filling up the DagBag from /home/airflow/.local/lib/python3.7/site-packages/airflow/example_dags/example_time_delta_sensor_async.py
[2022-01-20 03:34:05,490] {processor.py:632} INFO - DAG(s) dict_keys(['example_time_delta_sensor_async']) retrieved from /home/airflow/.local/lib/python3.7/site-packages/airflow/example_dags/example_time_delta_sensor_async.py
[2022-01-20 03:34:05,649] {logging_mixin.py:109} INFO - [2022-01-20 03:34:05,649] {dag.py:2389} INFO - Sync 1 DAGs
[2022-01-20 03:34:05,701] {logging_mixin.py:109} INFO - [2022-01-20 03:34:05,700] {dag.py:2914} INFO - Setting next_dagrun for example_time_delta_sensor_async to None
[2022-01-20 03:34:05,729] {processor.py:171} INFO - Processing /home/airflow/.local/lib/python3.7/site-packages/airflow/example_dags/example_time_delta_sensor_async.py took 0.326 seconds
[2022-01-20 03:34:36,105] {processor.py:163} INFO - Started process (PID=3156) to work on /home/airflow/.local/lib/python3.7/site-packages/airflow/example_dags/example_time_delta_sensor_async.py
[2022-01-20 03:34:36,110] {processor.py:620} INFO - Processing file /home/airflow/.local/lib/python3.7/site-packages/airflow/example_dags/example_time_delta_sensor_async.py for tasks to queue
[2022-01-20 03:34:36,113] {logging_mixin.py:109} INFO - [2022-01-20 03:34:36,113] {dagbag.py:500} INFO - Filling up the DagBag from /home/airflow/.local/lib/python3.7/site-packages/airflow/example_dags/example_time_delta_sensor_async.py
[2022-01-20 03:34:36,297] {processor.py:632} INFO - DAG(s) dict_keys(['example_time_delta_sensor_async']) retrieved from /home/airflow/.local/lib/python3.7/site-packages/airflow/example_dags/example_time_delta_sensor_async.py
[2022-01-20 03:34:36,331] {logging_mixin.py:109} INFO - [2022-01-20 03:34:36,331] {dag.py:2389} INFO - Sync 1 DAGs
[2022-01-20 03:34:36,380] {logging_mixin.py:109} INFO - [2022-01-20 03:34:36,380] {dag.py:2914} INFO - Setting next_dagrun for example_time_delta_sensor_async to None
[2022-01-20 03:34:36,409] {processor.py:171} INFO - Processing /home/airflow/.local/lib/python3.7/site-packages/airflow/example_dags/example_time_delta_sensor_async.py took 0.312 seconds
[2022-01-20 03:35:06,885] {processor.py:163} INFO - Started process (PID=3252) to work on /home/airflow/.local/lib/python3.7/site-packages/airflow/example_dags/example_time_delta_sensor_async.py
[2022-01-20 03:35:06,890] {processor.py:620} INFO - Processing file /home/airflow/.local/lib/python3.7/site-packages/airflow/example_dags/example_time_delta_sensor_async.py for tasks to queue
[2022-01-20 03:35:06,894] {logging_mixin.py:109} INFO - [2022-01-20 03:35:06,893] {dagbag.py:500} INFO - Filling up the DagBag from /home/airflow/.local/lib/python3.7/site-packages/airflow/example_dags/example_time_delta_sensor_async.py
[2022-01-20 03:35:07,092] {processor.py:632} INFO - DAG(s) dict_keys(['example_time_delta_sensor_async']) retrieved from /home/airflow/.local/lib/python3.7/site-packages/airflow/example_dags/example_time_delta_sensor_async.py
[2022-01-20 03:35:07,122] {logging_mixin.py:109} INFO - [2022-01-20 03:35:07,121] {dag.py:2389} INFO - Sync 1 DAGs
[2022-01-20 03:35:07,169] {logging_mixin.py:109} INFO - [2022-01-20 03:35:07,168] {dag.py:2914} INFO - Setting next_dagrun for example_time_delta_sensor_async to None
[2022-01-20 03:35:07,196] {processor.py:171} INFO - Processing /home/airflow/.local/lib/python3.7/site-packages/airflow/example_dags/example_time_delta_sensor_async.py took 0.319 seconds
[2022-01-20 03:35:37,341] {processor.py:163} INFO - Started process (PID=3362) to work on /home/airflow/.local/lib/python3.7/site-packages/airflow/example_dags/example_time_delta_sensor_async.py
[2022-01-20 03:35:37,350] {processor.py:620} INFO - Processing file /home/airflow/.local/lib/python3.7/site-packages/airflow/example_dags/example_time_delta_sensor_async.py for tasks to queue
[2022-01-20 03:35:37,357] {logging_mixin.py:109} INFO - [2022-01-20 03:35:37,356] {dagbag.py:500} INFO - Filling up the DagBag from /home/airflow/.local/lib/python3.7/site-packages/airflow/example_dags/example_time_delta_sensor_async.py
[2022-01-20 03:35:37,488] {processor.py:632} INFO - DAG(s) dict_keys(['example_time_delta_sensor_async']) retrieved from /home/airflow/.local/lib/python3.7/site-packages/airflow/example_dags/example_time_delta_sensor_async.py
[2022-01-20 03:35:37,530] {logging_mixin.py:109} INFO - [2022-01-20 03:35:37,529] {dag.py:2389} INFO - Sync 1 DAGs
[2022-01-20 03:35:37,586] {logging_mixin.py:109} INFO - [2022-01-20 03:35:37,586] {dag.py:2914} INFO - Setting next_dagrun for example_time_delta_sensor_async to None
[2022-01-20 03:35:37,617] {processor.py:171} INFO - Processing /home/airflow/.local/lib/python3.7/site-packages/airflow/example_dags/example_time_delta_sensor_async.py took 0.287 seconds
[2022-01-20 03:36:07,707] {processor.py:163} INFO - Started process (PID=3456) to work on /home/airflow/.local/lib/python3.7/site-packages/airflow/example_dags/example_time_delta_sensor_async.py
[2022-01-20 03:36:07,714] {processor.py:620} INFO - Processing file /home/airflow/.local/lib/python3.7/site-packages/airflow/example_dags/example_time_delta_sensor_async.py for tasks to queue
[2022-01-20 03:36:07,718] {logging_mixin.py:109} INFO - [2022-01-20 03:36:07,718] {dagbag.py:500} INFO - Filling up the DagBag from /home/airflow/.local/lib/python3.7/site-packages/airflow/example_dags/example_time_delta_sensor_async.py
[2022-01-20 03:36:07,780] {processor.py:632} INFO - DAG(s) dict_keys(['example_time_delta_sensor_async']) retrieved from /home/airflow/.local/lib/python3.7/site-packages/airflow/example_dags/example_time_delta_sensor_async.py
[2022-01-20 03:36:07,812] {logging_mixin.py:109} INFO - [2022-01-20 03:36:07,812] {dag.py:2389} INFO - Sync 1 DAGs
[2022-01-20 03:36:07,855] {logging_mixin.py:109} INFO - [2022-01-20 03:36:07,854] {dag.py:2914} INFO - Setting next_dagrun for example_time_delta_sensor_async to None
[2022-01-20 03:36:07,878] {processor.py:171} INFO - Processing /home/airflow/.local/lib/python3.7/site-packages/airflow/example_dags/example_time_delta_sensor_async.py took 0.180 seconds
[2022-01-20 03:36:38,265] {processor.py:163} INFO - Started process (PID=3568) to work on /home/airflow/.local/lib/python3.7/site-packages/airflow/example_dags/example_time_delta_sensor_async.py
[2022-01-20 03:36:38,270] {processor.py:620} INFO - Processing file /home/airflow/.local/lib/python3.7/site-packages/airflow/example_dags/example_time_delta_sensor_async.py for tasks to queue
[2022-01-20 03:36:38,279] {logging_mixin.py:109} INFO - [2022-01-20 03:36:38,279] {dagbag.py:500} INFO - Filling up the DagBag from /home/airflow/.local/lib/python3.7/site-packages/airflow/example_dags/example_time_delta_sensor_async.py
[2022-01-20 03:36:38,350] {processor.py:632} INFO - DAG(s) dict_keys(['example_time_delta_sensor_async']) retrieved from /home/airflow/.local/lib/python3.7/site-packages/airflow/example_dags/example_time_delta_sensor_async.py
[2022-01-20 03:36:38,389] {logging_mixin.py:109} INFO - [2022-01-20 03:36:38,388] {dag.py:2389} INFO - Sync 1 DAGs
[2022-01-20 03:36:38,442] {logging_mixin.py:109} INFO - [2022-01-20 03:36:38,442] {dag.py:2914} INFO - Setting next_dagrun for example_time_delta_sensor_async to None
[2022-01-20 03:36:38,468] {processor.py:171} INFO - Processing /home/airflow/.local/lib/python3.7/site-packages/airflow/example_dags/example_time_delta_sensor_async.py took 0.211 seconds
[2022-01-20 03:37:08,524] {processor.py:163} INFO - Started process (PID=3662) to work on /home/airflow/.local/lib/python3.7/site-packages/airflow/example_dags/example_time_delta_sensor_async.py
[2022-01-20 03:37:08,529] {processor.py:620} INFO - Processing file /home/airflow/.local/lib/python3.7/site-packages/airflow/example_dags/example_time_delta_sensor_async.py for tasks to queue
[2022-01-20 03:37:08,532] {logging_mixin.py:109} INFO - [2022-01-20 03:37:08,532] {dagbag.py:500} INFO - Filling up the DagBag from /home/airflow/.local/lib/python3.7/site-packages/airflow/example_dags/example_time_delta_sensor_async.py
[2022-01-20 03:37:08,596] {processor.py:632} INFO - DAG(s) dict_keys(['example_time_delta_sensor_async']) retrieved from /home/airflow/.local/lib/python3.7/site-packages/airflow/example_dags/example_time_delta_sensor_async.py
[2022-01-20 03:37:08,629] {logging_mixin.py:109} INFO - [2022-01-20 03:37:08,628] {dag.py:2389} INFO - Sync 1 DAGs
[2022-01-20 03:37:08,673] {logging_mixin.py:109} INFO - [2022-01-20 03:37:08,673] {dag.py:2914} INFO - Setting next_dagrun for example_time_delta_sensor_async to None
[2022-01-20 03:37:08,696] {processor.py:171} INFO - Processing /home/airflow/.local/lib/python3.7/site-packages/airflow/example_dags/example_time_delta_sensor_async.py took 0.179 seconds
[2022-01-20 03:37:38,772] {processor.py:163} INFO - Started process (PID=3773) to work on /home/airflow/.local/lib/python3.7/site-packages/airflow/example_dags/example_time_delta_sensor_async.py
[2022-01-20 03:37:38,783] {processor.py:620} INFO - Processing file /home/airflow/.local/lib/python3.7/site-packages/airflow/example_dags/example_time_delta_sensor_async.py for tasks to queue
[2022-01-20 03:37:38,789] {logging_mixin.py:109} INFO - [2022-01-20 03:37:38,788] {dagbag.py:500} INFO - Filling up the DagBag from /home/airflow/.local/lib/python3.7/site-packages/airflow/example_dags/example_time_delta_sensor_async.py
[2022-01-20 03:37:38,919] {processor.py:632} INFO - DAG(s) dict_keys(['example_time_delta_sensor_async']) retrieved from /home/airflow/.local/lib/python3.7/site-packages/airflow/example_dags/example_time_delta_sensor_async.py
[2022-01-20 03:37:38,958] {logging_mixin.py:109} INFO - [2022-01-20 03:37:38,957] {dag.py:2389} INFO - Sync 1 DAGs
[2022-01-20 03:37:39,013] {logging_mixin.py:109} INFO - [2022-01-20 03:37:39,013] {dag.py:2914} INFO - Setting next_dagrun for example_time_delta_sensor_async to None
[2022-01-20 03:37:39,044] {processor.py:171} INFO - Processing /home/airflow/.local/lib/python3.7/site-packages/airflow/example_dags/example_time_delta_sensor_async.py took 0.279 seconds
[2022-01-20 03:38:09,835] {processor.py:163} INFO - Started process (PID=3872) to work on /home/airflow/.local/lib/python3.7/site-packages/airflow/example_dags/example_time_delta_sensor_async.py
[2022-01-20 03:38:09,838] {processor.py:620} INFO - Processing file /home/airflow/.local/lib/python3.7/site-packages/airflow/example_dags/example_time_delta_sensor_async.py for tasks to queue
[2022-01-20 03:38:09,841] {logging_mixin.py:109} INFO - [2022-01-20 03:38:09,841] {dagbag.py:500} INFO - Filling up the DagBag from /home/airflow/.local/lib/python3.7/site-packages/airflow/example_dags/example_time_delta_sensor_async.py
[2022-01-20 03:38:09,901] {processor.py:632} INFO - DAG(s) dict_keys(['example_time_delta_sensor_async']) retrieved from /home/airflow/.local/lib/python3.7/site-packages/airflow/example_dags/example_time_delta_sensor_async.py
[2022-01-20 03:38:09,936] {logging_mixin.py:109} INFO - [2022-01-20 03:38:09,936] {dag.py:2389} INFO - Sync 1 DAGs
[2022-01-20 03:38:09,983] {logging_mixin.py:109} INFO - [2022-01-20 03:38:09,982] {dag.py:2914} INFO - Setting next_dagrun for example_time_delta_sensor_async to None
[2022-01-20 03:38:10,007] {processor.py:171} INFO - Processing /home/airflow/.local/lib/python3.7/site-packages/airflow/example_dags/example_time_delta_sensor_async.py took 0.179 seconds
[2022-01-20 03:38:40,751] {processor.py:163} INFO - Started process (PID=3988) to work on /home/airflow/.local/lib/python3.7/site-packages/airflow/example_dags/example_time_delta_sensor_async.py
[2022-01-20 03:38:40,755] {processor.py:620} INFO - Processing file /home/airflow/.local/lib/python3.7/site-packages/airflow/example_dags/example_time_delta_sensor_async.py for tasks to queue
[2022-01-20 03:38:40,759] {logging_mixin.py:109} INFO - [2022-01-20 03:38:40,759] {dagbag.py:500} INFO - Filling up the DagBag from /home/airflow/.local/lib/python3.7/site-packages/airflow/example_dags/example_time_delta_sensor_async.py
[2022-01-20 03:38:40,837] {processor.py:632} INFO - DAG(s) dict_keys(['example_time_delta_sensor_async']) retrieved from /home/airflow/.local/lib/python3.7/site-packages/airflow/example_dags/example_time_delta_sensor_async.py
[2022-01-20 03:38:40,875] {logging_mixin.py:109} INFO - [2022-01-20 03:38:40,875] {dag.py:2389} INFO - Sync 1 DAGs
[2022-01-20 03:38:40,927] {logging_mixin.py:109} INFO - [2022-01-20 03:38:40,926] {dag.py:2914} INFO - Setting next_dagrun for example_time_delta_sensor_async to None
[2022-01-20 03:38:40,956] {processor.py:171} INFO - Processing /home/airflow/.local/lib/python3.7/site-packages/airflow/example_dags/example_time_delta_sensor_async.py took 0.221 seconds
[2022-01-20 03:39:11,418] {processor.py:163} INFO - Started process (PID=4097) to work on /home/airflow/.local/lib/python3.7/site-packages/airflow/example_dags/example_time_delta_sensor_async.py
[2022-01-20 03:39:11,423] {processor.py:620} INFO - Processing file /home/airflow/.local/lib/python3.7/site-packages/airflow/example_dags/example_time_delta_sensor_async.py for tasks to queue
[2022-01-20 03:39:11,428] {logging_mixin.py:109} INFO - [2022-01-20 03:39:11,427] {dagbag.py:500} INFO - Filling up the DagBag from /home/airflow/.local/lib/python3.7/site-packages/airflow/example_dags/example_time_delta_sensor_async.py
[2022-01-20 03:39:11,501] {processor.py:632} INFO - DAG(s) dict_keys(['example_time_delta_sensor_async']) retrieved from /home/airflow/.local/lib/python3.7/site-packages/airflow/example_dags/example_time_delta_sensor_async.py
[2022-01-20 03:39:11,540] {logging_mixin.py:109} INFO - [2022-01-20 03:39:11,540] {dag.py:2389} INFO - Sync 1 DAGs
[2022-01-20 03:39:11,596] {logging_mixin.py:109} INFO - [2022-01-20 03:39:11,596] {dag.py:2914} INFO - Setting next_dagrun for example_time_delta_sensor_async to None
[2022-01-20 03:39:11,625] {processor.py:171} INFO - Processing /home/airflow/.local/lib/python3.7/site-packages/airflow/example_dags/example_time_delta_sensor_async.py took 0.216 seconds
[2022-01-20 03:39:41,965] {processor.py:163} INFO - Started process (PID=4198) to work on /home/airflow/.local/lib/python3.7/site-packages/airflow/example_dags/example_time_delta_sensor_async.py
[2022-01-20 03:39:41,969] {processor.py:620} INFO - Processing file /home/airflow/.local/lib/python3.7/site-packages/airflow/example_dags/example_time_delta_sensor_async.py for tasks to queue
[2022-01-20 03:39:41,972] {logging_mixin.py:109} INFO - [2022-01-20 03:39:41,972] {dagbag.py:500} INFO - Filling up the DagBag from /home/airflow/.local/lib/python3.7/site-packages/airflow/example_dags/example_time_delta_sensor_async.py
[2022-01-20 03:39:42,036] {processor.py:632} INFO - DAG(s) dict_keys(['example_time_delta_sensor_async']) retrieved from /home/airflow/.local/lib/python3.7/site-packages/airflow/example_dags/example_time_delta_sensor_async.py
[2022-01-20 03:39:42,073] {logging_mixin.py:109} INFO - [2022-01-20 03:39:42,072] {dag.py:2389} INFO - Sync 1 DAGs
[2022-01-20 03:39:42,124] {logging_mixin.py:109} INFO - [2022-01-20 03:39:42,124] {dag.py:2914} INFO - Setting next_dagrun for example_time_delta_sensor_async to None
[2022-01-20 03:39:42,159] {processor.py:171} INFO - Processing /home/airflow/.local/lib/python3.7/site-packages/airflow/example_dags/example_time_delta_sensor_async.py took 0.202 seconds
[2022-01-20 03:40:12,257] {processor.py:163} INFO - Started process (PID=4308) to work on /home/airflow/.local/lib/python3.7/site-packages/airflow/example_dags/example_time_delta_sensor_async.py
[2022-01-20 03:40:12,262] {processor.py:620} INFO - Processing file /home/airflow/.local/lib/python3.7/site-packages/airflow/example_dags/example_time_delta_sensor_async.py for tasks to queue
[2022-01-20 03:40:12,267] {logging_mixin.py:109} INFO - [2022-01-20 03:40:12,267] {dagbag.py:500} INFO - Filling up the DagBag from /home/airflow/.local/lib/python3.7/site-packages/airflow/example_dags/example_time_delta_sensor_async.py
[2022-01-20 03:40:12,355] {processor.py:632} INFO - DAG(s) dict_keys(['example_time_delta_sensor_async']) retrieved from /home/airflow/.local/lib/python3.7/site-packages/airflow/example_dags/example_time_delta_sensor_async.py
[2022-01-20 03:40:12,395] {logging_mixin.py:109} INFO - [2022-01-20 03:40:12,394] {dag.py:2389} INFO - Sync 1 DAGs
[2022-01-20 03:40:12,449] {logging_mixin.py:109} INFO - [2022-01-20 03:40:12,448] {dag.py:2914} INFO - Setting next_dagrun for example_time_delta_sensor_async to None
[2022-01-20 03:40:12,478] {processor.py:171} INFO - Processing /home/airflow/.local/lib/python3.7/site-packages/airflow/example_dags/example_time_delta_sensor_async.py took 0.229 seconds
[2022-01-20 03:40:44,199] {processor.py:163} INFO - Started process (PID=4411) to work on /home/airflow/.local/lib/python3.7/site-packages/airflow/example_dags/example_time_delta_sensor_async.py
[2022-01-20 03:40:44,204] {processor.py:620} INFO - Processing file /home/airflow/.local/lib/python3.7/site-packages/airflow/example_dags/example_time_delta_sensor_async.py for tasks to queue
[2022-01-20 03:40:44,207] {logging_mixin.py:109} INFO - [2022-01-20 03:40:44,206] {dagbag.py:500} INFO - Filling up the DagBag from /home/airflow/.local/lib/python3.7/site-packages/airflow/example_dags/example_time_delta_sensor_async.py
[2022-01-20 03:40:44,282] {processor.py:632} INFO - DAG(s) dict_keys(['example_time_delta_sensor_async']) retrieved from /home/airflow/.local/lib/python3.7/site-packages/airflow/example_dags/example_time_delta_sensor_async.py
[2022-01-20 03:40:44,318] {logging_mixin.py:109} INFO - [2022-01-20 03:40:44,318] {dag.py:2389} INFO - Sync 1 DAGs
[2022-01-20 03:40:44,368] {logging_mixin.py:109} INFO - [2022-01-20 03:40:44,367] {dag.py:2914} INFO - Setting next_dagrun for example_time_delta_sensor_async to None
[2022-01-20 03:40:44,396] {processor.py:171} INFO - Processing /home/airflow/.local/lib/python3.7/site-packages/airflow/example_dags/example_time_delta_sensor_async.py took 0.205 seconds
[2022-01-20 03:41:16,897] {processor.py:163} INFO - Started process (PID=4526) to work on /home/airflow/.local/lib/python3.7/site-packages/airflow/example_dags/example_time_delta_sensor_async.py
[2022-01-20 03:41:16,902] {processor.py:620} INFO - Processing file /home/airflow/.local/lib/python3.7/site-packages/airflow/example_dags/example_time_delta_sensor_async.py for tasks to queue
[2022-01-20 03:41:16,905] {logging_mixin.py:109} INFO - [2022-01-20 03:41:16,905] {dagbag.py:500} INFO - Filling up the DagBag from /home/airflow/.local/lib/python3.7/site-packages/airflow/example_dags/example_time_delta_sensor_async.py
[2022-01-20 03:41:16,981] {processor.py:632} INFO - DAG(s) dict_keys(['example_time_delta_sensor_async']) retrieved from /home/airflow/.local/lib/python3.7/site-packages/airflow/example_dags/example_time_delta_sensor_async.py
[2022-01-20 03:41:17,057] {logging_mixin.py:109} INFO - [2022-01-20 03:41:17,057] {dag.py:2389} INFO - Sync 1 DAGs
[2022-01-20 03:41:17,168] {logging_mixin.py:109} INFO - [2022-01-20 03:41:17,167] {dag.py:2914} INFO - Setting next_dagrun for example_time_delta_sensor_async to None
[2022-01-20 03:41:17,213] {processor.py:171} INFO - Processing /home/airflow/.local/lib/python3.7/site-packages/airflow/example_dags/example_time_delta_sensor_async.py took 0.323 seconds
[2022-01-20 03:41:48,356] {processor.py:163} INFO - Started process (PID=4622) to work on /home/airflow/.local/lib/python3.7/site-packages/airflow/example_dags/example_time_delta_sensor_async.py
[2022-01-20 03:41:48,360] {processor.py:620} INFO - Processing file /home/airflow/.local/lib/python3.7/site-packages/airflow/example_dags/example_time_delta_sensor_async.py for tasks to queue
[2022-01-20 03:41:48,364] {logging_mixin.py:109} INFO - [2022-01-20 03:41:48,363] {dagbag.py:500} INFO - Filling up the DagBag from /home/airflow/.local/lib/python3.7/site-packages/airflow/example_dags/example_time_delta_sensor_async.py
[2022-01-20 03:41:48,421] {processor.py:632} INFO - DAG(s) dict_keys(['example_time_delta_sensor_async']) retrieved from /home/airflow/.local/lib/python3.7/site-packages/airflow/example_dags/example_time_delta_sensor_async.py
[2022-01-20 03:41:48,456] {logging_mixin.py:109} INFO - [2022-01-20 03:41:48,456] {dag.py:2389} INFO - Sync 1 DAGs
[2022-01-20 03:41:48,498] {logging_mixin.py:109} INFO - [2022-01-20 03:41:48,497] {dag.py:2914} INFO - Setting next_dagrun for example_time_delta_sensor_async to None
[2022-01-20 03:41:48,521] {processor.py:171} INFO - Processing /home/airflow/.local/lib/python3.7/site-packages/airflow/example_dags/example_time_delta_sensor_async.py took 0.172 seconds
[2022-01-20 03:42:19,202] {processor.py:163} INFO - Started process (PID=4723) to work on /home/airflow/.local/lib/python3.7/site-packages/airflow/example_dags/example_time_delta_sensor_async.py
[2022-01-20 03:42:19,208] {processor.py:620} INFO - Processing file /home/airflow/.local/lib/python3.7/site-packages/airflow/example_dags/example_time_delta_sensor_async.py for tasks to queue
[2022-01-20 03:42:19,212] {logging_mixin.py:109} INFO - [2022-01-20 03:42:19,211] {dagbag.py:500} INFO - Filling up the DagBag from /home/airflow/.local/lib/python3.7/site-packages/airflow/example_dags/example_time_delta_sensor_async.py
[2022-01-20 03:42:19,393] {processor.py:632} INFO - DAG(s) dict_keys(['example_time_delta_sensor_async']) retrieved from /home/airflow/.local/lib/python3.7/site-packages/airflow/example_dags/example_time_delta_sensor_async.py
[2022-01-20 03:42:19,530] {logging_mixin.py:109} INFO - [2022-01-20 03:42:19,530] {dag.py:2389} INFO - Sync 1 DAGs
[2022-01-20 03:42:19,631] {logging_mixin.py:109} INFO - [2022-01-20 03:42:19,629] {dag.py:2914} INFO - Setting next_dagrun for example_time_delta_sensor_async to None
[2022-01-20 03:42:19,678] {processor.py:171} INFO - Processing /home/airflow/.local/lib/python3.7/site-packages/airflow/example_dags/example_time_delta_sensor_async.py took 0.483 seconds
[2022-01-20 03:42:50,067] {processor.py:163} INFO - Started process (PID=4820) to work on /home/airflow/.local/lib/python3.7/site-packages/airflow/example_dags/example_time_delta_sensor_async.py
[2022-01-20 03:42:50,071] {processor.py:620} INFO - Processing file /home/airflow/.local/lib/python3.7/site-packages/airflow/example_dags/example_time_delta_sensor_async.py for tasks to queue
[2022-01-20 03:42:50,074] {logging_mixin.py:109} INFO - [2022-01-20 03:42:50,074] {dagbag.py:500} INFO - Filling up the DagBag from /home/airflow/.local/lib/python3.7/site-packages/airflow/example_dags/example_time_delta_sensor_async.py
[2022-01-20 03:42:50,136] {processor.py:632} INFO - DAG(s) dict_keys(['example_time_delta_sensor_async']) retrieved from /home/airflow/.local/lib/python3.7/site-packages/airflow/example_dags/example_time_delta_sensor_async.py
[2022-01-20 03:42:50,177] {logging_mixin.py:109} INFO - [2022-01-20 03:42:50,177] {dag.py:2389} INFO - Sync 1 DAGs
[2022-01-20 03:42:50,226] {logging_mixin.py:109} INFO - [2022-01-20 03:42:50,226] {dag.py:2914} INFO - Setting next_dagrun for example_time_delta_sensor_async to None
[2022-01-20 03:42:50,253] {processor.py:171} INFO - Processing /home/airflow/.local/lib/python3.7/site-packages/airflow/example_dags/example_time_delta_sensor_async.py took 0.192 seconds
[2022-01-20 03:43:20,720] {processor.py:163} INFO - Started process (PID=4937) to work on /home/airflow/.local/lib/python3.7/site-packages/airflow/example_dags/example_time_delta_sensor_async.py
[2022-01-20 03:43:20,725] {processor.py:620} INFO - Processing file /home/airflow/.local/lib/python3.7/site-packages/airflow/example_dags/example_time_delta_sensor_async.py for tasks to queue
[2022-01-20 03:43:20,728] {logging_mixin.py:109} INFO - [2022-01-20 03:43:20,728] {dagbag.py:500} INFO - Filling up the DagBag from /home/airflow/.local/lib/python3.7/site-packages/airflow/example_dags/example_time_delta_sensor_async.py
[2022-01-20 03:43:20,799] {processor.py:632} INFO - DAG(s) dict_keys(['example_time_delta_sensor_async']) retrieved from /home/airflow/.local/lib/python3.7/site-packages/airflow/example_dags/example_time_delta_sensor_async.py
[2022-01-20 03:43:20,840] {logging_mixin.py:109} INFO - [2022-01-20 03:43:20,839] {dag.py:2389} INFO - Sync 1 DAGs
[2022-01-20 03:43:20,893] {logging_mixin.py:109} INFO - [2022-01-20 03:43:20,892] {dag.py:2914} INFO - Setting next_dagrun for example_time_delta_sensor_async to None
[2022-01-20 03:43:20,920] {processor.py:171} INFO - Processing /home/airflow/.local/lib/python3.7/site-packages/airflow/example_dags/example_time_delta_sensor_async.py took 0.209 seconds
[2022-01-20 03:43:50,989] {processor.py:163} INFO - Started process (PID=5049) to work on /home/airflow/.local/lib/python3.7/site-packages/airflow/example_dags/example_time_delta_sensor_async.py
[2022-01-20 03:43:50,993] {processor.py:620} INFO - Processing file /home/airflow/.local/lib/python3.7/site-packages/airflow/example_dags/example_time_delta_sensor_async.py for tasks to queue
[2022-01-20 03:43:50,996] {logging_mixin.py:109} INFO - [2022-01-20 03:43:50,995] {dagbag.py:500} INFO - Filling up the DagBag from /home/airflow/.local/lib/python3.7/site-packages/airflow/example_dags/example_time_delta_sensor_async.py
[2022-01-20 03:43:51,076] {processor.py:632} INFO - DAG(s) dict_keys(['example_time_delta_sensor_async']) retrieved from /home/airflow/.local/lib/python3.7/site-packages/airflow/example_dags/example_time_delta_sensor_async.py
[2022-01-20 03:43:51,120] {logging_mixin.py:109} INFO - [2022-01-20 03:43:51,119] {dag.py:2389} INFO - Sync 1 DAGs
[2022-01-20 03:43:51,173] {logging_mixin.py:109} INFO - [2022-01-20 03:43:51,172] {dag.py:2914} INFO - Setting next_dagrun for example_time_delta_sensor_async to None
[2022-01-20 03:43:51,199] {processor.py:171} INFO - Processing /home/airflow/.local/lib/python3.7/site-packages/airflow/example_dags/example_time_delta_sensor_async.py took 0.219 seconds
[2022-01-20 03:44:21,348] {processor.py:163} INFO - Started process (PID=5152) to work on /home/airflow/.local/lib/python3.7/site-packages/airflow/example_dags/example_time_delta_sensor_async.py
[2022-01-20 03:44:21,353] {processor.py:620} INFO - Processing file /home/airflow/.local/lib/python3.7/site-packages/airflow/example_dags/example_time_delta_sensor_async.py for tasks to queue
[2022-01-20 03:44:21,356] {logging_mixin.py:109} INFO - [2022-01-20 03:44:21,356] {dagbag.py:500} INFO - Filling up the DagBag from /home/airflow/.local/lib/python3.7/site-packages/airflow/example_dags/example_time_delta_sensor_async.py
[2022-01-20 03:44:21,423] {processor.py:632} INFO - DAG(s) dict_keys(['example_time_delta_sensor_async']) retrieved from /home/airflow/.local/lib/python3.7/site-packages/airflow/example_dags/example_time_delta_sensor_async.py
[2022-01-20 03:44:21,460] {logging_mixin.py:109} INFO - [2022-01-20 03:44:21,460] {dag.py:2389} INFO - Sync 1 DAGs
[2022-01-20 03:44:21,514] {logging_mixin.py:109} INFO - [2022-01-20 03:44:21,513] {dag.py:2914} INFO - Setting next_dagrun for example_time_delta_sensor_async to None
[2022-01-20 03:44:21,544] {processor.py:171} INFO - Processing /home/airflow/.local/lib/python3.7/site-packages/airflow/example_dags/example_time_delta_sensor_async.py took 0.203 seconds
[2022-01-20 03:44:51,872] {processor.py:163} INFO - Started process (PID=5258) to work on /home/airflow/.local/lib/python3.7/site-packages/airflow/example_dags/example_time_delta_sensor_async.py
[2022-01-20 03:44:51,876] {processor.py:620} INFO - Processing file /home/airflow/.local/lib/python3.7/site-packages/airflow/example_dags/example_time_delta_sensor_async.py for tasks to queue
[2022-01-20 03:44:51,879] {logging_mixin.py:109} INFO - [2022-01-20 03:44:51,878] {dagbag.py:500} INFO - Filling up the DagBag from /home/airflow/.local/lib/python3.7/site-packages/airflow/example_dags/example_time_delta_sensor_async.py
[2022-01-20 03:44:51,957] {processor.py:632} INFO - DAG(s) dict_keys(['example_time_delta_sensor_async']) retrieved from /home/airflow/.local/lib/python3.7/site-packages/airflow/example_dags/example_time_delta_sensor_async.py
[2022-01-20 03:44:51,998] {logging_mixin.py:109} INFO - [2022-01-20 03:44:51,997] {dag.py:2389} INFO - Sync 1 DAGs
[2022-01-20 03:44:52,056] {logging_mixin.py:109} INFO - [2022-01-20 03:44:52,056] {dag.py:2914} INFO - Setting next_dagrun for example_time_delta_sensor_async to None
[2022-01-20 03:44:52,091] {processor.py:171} INFO - Processing /home/airflow/.local/lib/python3.7/site-packages/airflow/example_dags/example_time_delta_sensor_async.py took 0.224 seconds
[2022-01-20 03:45:22,646] {processor.py:163} INFO - Started process (PID=5359) to work on /home/airflow/.local/lib/python3.7/site-packages/airflow/example_dags/example_time_delta_sensor_async.py
[2022-01-20 03:45:22,650] {processor.py:620} INFO - Processing file /home/airflow/.local/lib/python3.7/site-packages/airflow/example_dags/example_time_delta_sensor_async.py for tasks to queue
[2022-01-20 03:45:22,653] {logging_mixin.py:109} INFO - [2022-01-20 03:45:22,652] {dagbag.py:500} INFO - Filling up the DagBag from /home/airflow/.local/lib/python3.7/site-packages/airflow/example_dags/example_time_delta_sensor_async.py
[2022-01-20 03:45:22,745] {processor.py:632} INFO - DAG(s) dict_keys(['example_time_delta_sensor_async']) retrieved from /home/airflow/.local/lib/python3.7/site-packages/airflow/example_dags/example_time_delta_sensor_async.py
[2022-01-20 03:45:22,784] {logging_mixin.py:109} INFO - [2022-01-20 03:45:22,783] {dag.py:2389} INFO - Sync 1 DAGs
[2022-01-20 03:45:22,837] {logging_mixin.py:109} INFO - [2022-01-20 03:45:22,837] {dag.py:2914} INFO - Setting next_dagrun for example_time_delta_sensor_async to None
[2022-01-20 03:45:22,864] {processor.py:171} INFO - Processing /home/airflow/.local/lib/python3.7/site-packages/airflow/example_dags/example_time_delta_sensor_async.py took 0.226 seconds
[2022-01-20 03:45:53,005] {processor.py:163} INFO - Started process (PID=5472) to work on /home/airflow/.local/lib/python3.7/site-packages/airflow/example_dags/example_time_delta_sensor_async.py
[2022-01-20 03:45:53,017] {processor.py:620} INFO - Processing file /home/airflow/.local/lib/python3.7/site-packages/airflow/example_dags/example_time_delta_sensor_async.py for tasks to queue
[2022-01-20 03:45:53,032] {logging_mixin.py:109} INFO - [2022-01-20 03:45:53,031] {dagbag.py:500} INFO - Filling up the DagBag from /home/airflow/.local/lib/python3.7/site-packages/airflow/example_dags/example_time_delta_sensor_async.py
[2022-01-20 03:45:53,122] {processor.py:632} INFO - DAG(s) dict_keys(['example_time_delta_sensor_async']) retrieved from /home/airflow/.local/lib/python3.7/site-packages/airflow/example_dags/example_time_delta_sensor_async.py
[2022-01-20 03:45:53,162] {logging_mixin.py:109} INFO - [2022-01-20 03:45:53,162] {dag.py:2389} INFO - Sync 1 DAGs
[2022-01-20 03:45:53,225] {logging_mixin.py:109} INFO - [2022-01-20 03:45:53,225] {dag.py:2914} INFO - Setting next_dagrun for example_time_delta_sensor_async to None
[2022-01-20 03:45:53,255] {processor.py:171} INFO - Processing /home/airflow/.local/lib/python3.7/site-packages/airflow/example_dags/example_time_delta_sensor_async.py took 0.257 seconds
[2022-01-20 03:46:23,402] {processor.py:163} INFO - Started process (PID=5567) to work on /home/airflow/.local/lib/python3.7/site-packages/airflow/example_dags/example_time_delta_sensor_async.py
[2022-01-20 03:46:23,407] {processor.py:620} INFO - Processing file /home/airflow/.local/lib/python3.7/site-packages/airflow/example_dags/example_time_delta_sensor_async.py for tasks to queue
[2022-01-20 03:46:23,410] {logging_mixin.py:109} INFO - [2022-01-20 03:46:23,409] {dagbag.py:500} INFO - Filling up the DagBag from /home/airflow/.local/lib/python3.7/site-packages/airflow/example_dags/example_time_delta_sensor_async.py
[2022-01-20 03:46:23,478] {processor.py:632} INFO - DAG(s) dict_keys(['example_time_delta_sensor_async']) retrieved from /home/airflow/.local/lib/python3.7/site-packages/airflow/example_dags/example_time_delta_sensor_async.py
[2022-01-20 03:46:23,517] {logging_mixin.py:109} INFO - [2022-01-20 03:46:23,517] {dag.py:2389} INFO - Sync 1 DAGs
[2022-01-20 03:46:23,573] {logging_mixin.py:109} INFO - [2022-01-20 03:46:23,572] {dag.py:2914} INFO - Setting next_dagrun for example_time_delta_sensor_async to None
[2022-01-20 03:46:23,602] {processor.py:171} INFO - Processing /home/airflow/.local/lib/python3.7/site-packages/airflow/example_dags/example_time_delta_sensor_async.py took 0.209 seconds
[2022-01-20 03:46:54,569] {processor.py:163} INFO - Started process (PID=5686) to work on /home/airflow/.local/lib/python3.7/site-packages/airflow/example_dags/example_time_delta_sensor_async.py
[2022-01-20 03:46:54,574] {processor.py:620} INFO - Processing file /home/airflow/.local/lib/python3.7/site-packages/airflow/example_dags/example_time_delta_sensor_async.py for tasks to queue
[2022-01-20 03:46:54,577] {logging_mixin.py:109} INFO - [2022-01-20 03:46:54,577] {dagbag.py:500} INFO - Filling up the DagBag from /home/airflow/.local/lib/python3.7/site-packages/airflow/example_dags/example_time_delta_sensor_async.py
[2022-01-20 03:46:54,648] {processor.py:632} INFO - DAG(s) dict_keys(['example_time_delta_sensor_async']) retrieved from /home/airflow/.local/lib/python3.7/site-packages/airflow/example_dags/example_time_delta_sensor_async.py
[2022-01-20 03:46:54,715] {logging_mixin.py:109} INFO - [2022-01-20 03:46:54,714] {dag.py:2389} INFO - Sync 1 DAGs
[2022-01-20 03:46:54,773] {logging_mixin.py:109} INFO - [2022-01-20 03:46:54,772] {dag.py:2914} INFO - Setting next_dagrun for example_time_delta_sensor_async to None
[2022-01-20 03:46:54,805] {processor.py:171} INFO - Processing /home/airflow/.local/lib/python3.7/site-packages/airflow/example_dags/example_time_delta_sensor_async.py took 0.242 seconds
[2022-01-20 03:47:24,987] {processor.py:163} INFO - Started process (PID=5782) to work on /home/airflow/.local/lib/python3.7/site-packages/airflow/example_dags/example_time_delta_sensor_async.py
[2022-01-20 03:47:24,991] {processor.py:620} INFO - Processing file /home/airflow/.local/lib/python3.7/site-packages/airflow/example_dags/example_time_delta_sensor_async.py for tasks to queue
[2022-01-20 03:47:24,994] {logging_mixin.py:109} INFO - [2022-01-20 03:47:24,994] {dagbag.py:500} INFO - Filling up the DagBag from /home/airflow/.local/lib/python3.7/site-packages/airflow/example_dags/example_time_delta_sensor_async.py
[2022-01-20 03:47:25,062] {processor.py:632} INFO - DAG(s) dict_keys(['example_time_delta_sensor_async']) retrieved from /home/airflow/.local/lib/python3.7/site-packages/airflow/example_dags/example_time_delta_sensor_async.py
[2022-01-20 03:47:25,102] {logging_mixin.py:109} INFO - [2022-01-20 03:47:25,101] {dag.py:2389} INFO - Sync 1 DAGs
[2022-01-20 03:47:25,157] {logging_mixin.py:109} INFO - [2022-01-20 03:47:25,156] {dag.py:2914} INFO - Setting next_dagrun for example_time_delta_sensor_async to None
[2022-01-20 03:47:25,185] {processor.py:171} INFO - Processing /home/airflow/.local/lib/python3.7/site-packages/airflow/example_dags/example_time_delta_sensor_async.py took 0.208 seconds
[2022-01-20 03:47:55,840] {processor.py:163} INFO - Started process (PID=5895) to work on /home/airflow/.local/lib/python3.7/site-packages/airflow/example_dags/example_time_delta_sensor_async.py
[2022-01-20 03:47:55,845] {processor.py:620} INFO - Processing file /home/airflow/.local/lib/python3.7/site-packages/airflow/example_dags/example_time_delta_sensor_async.py for tasks to queue
[2022-01-20 03:47:55,851] {logging_mixin.py:109} INFO - [2022-01-20 03:47:55,850] {dagbag.py:500} INFO - Filling up the DagBag from /home/airflow/.local/lib/python3.7/site-packages/airflow/example_dags/example_time_delta_sensor_async.py
[2022-01-20 03:47:55,920] {processor.py:632} INFO - DAG(s) dict_keys(['example_time_delta_sensor_async']) retrieved from /home/airflow/.local/lib/python3.7/site-packages/airflow/example_dags/example_time_delta_sensor_async.py
[2022-01-20 03:47:55,962] {logging_mixin.py:109} INFO - [2022-01-20 03:47:55,961] {dag.py:2389} INFO - Sync 1 DAGs
[2022-01-20 03:47:56,017] {logging_mixin.py:109} INFO - [2022-01-20 03:47:56,017] {dag.py:2914} INFO - Setting next_dagrun for example_time_delta_sensor_async to None
[2022-01-20 03:47:56,050] {processor.py:171} INFO - Processing /home/airflow/.local/lib/python3.7/site-packages/airflow/example_dags/example_time_delta_sensor_async.py took 0.221 seconds
[2022-01-20 03:48:26,567] {processor.py:163} INFO - Started process (PID=5992) to work on /home/airflow/.local/lib/python3.7/site-packages/airflow/example_dags/example_time_delta_sensor_async.py
[2022-01-20 03:48:26,571] {processor.py:620} INFO - Processing file /home/airflow/.local/lib/python3.7/site-packages/airflow/example_dags/example_time_delta_sensor_async.py for tasks to queue
[2022-01-20 03:48:26,574] {logging_mixin.py:109} INFO - [2022-01-20 03:48:26,574] {dagbag.py:500} INFO - Filling up the DagBag from /home/airflow/.local/lib/python3.7/site-packages/airflow/example_dags/example_time_delta_sensor_async.py
[2022-01-20 03:48:26,640] {processor.py:632} INFO - DAG(s) dict_keys(['example_time_delta_sensor_async']) retrieved from /home/airflow/.local/lib/python3.7/site-packages/airflow/example_dags/example_time_delta_sensor_async.py
[2022-01-20 03:48:26,676] {logging_mixin.py:109} INFO - [2022-01-20 03:48:26,676] {dag.py:2389} INFO - Sync 1 DAGs
[2022-01-20 03:48:26,728] {logging_mixin.py:109} INFO - [2022-01-20 03:48:26,727] {dag.py:2914} INFO - Setting next_dagrun for example_time_delta_sensor_async to None
[2022-01-20 03:48:26,754] {processor.py:171} INFO - Processing /home/airflow/.local/lib/python3.7/site-packages/airflow/example_dags/example_time_delta_sensor_async.py took 0.194 seconds
[2022-01-20 03:48:57,490] {processor.py:163} INFO - Started process (PID=6100) to work on /home/airflow/.local/lib/python3.7/site-packages/airflow/example_dags/example_time_delta_sensor_async.py
[2022-01-20 03:48:57,497] {processor.py:620} INFO - Processing file /home/airflow/.local/lib/python3.7/site-packages/airflow/example_dags/example_time_delta_sensor_async.py for tasks to queue
[2022-01-20 03:48:57,501] {logging_mixin.py:109} INFO - [2022-01-20 03:48:57,500] {dagbag.py:500} INFO - Filling up the DagBag from /home/airflow/.local/lib/python3.7/site-packages/airflow/example_dags/example_time_delta_sensor_async.py
[2022-01-20 03:48:57,571] {processor.py:632} INFO - DAG(s) dict_keys(['example_time_delta_sensor_async']) retrieved from /home/airflow/.local/lib/python3.7/site-packages/airflow/example_dags/example_time_delta_sensor_async.py
[2022-01-20 03:48:57,610] {logging_mixin.py:109} INFO - [2022-01-20 03:48:57,610] {dag.py:2389} INFO - Sync 1 DAGs
[2022-01-20 03:48:57,716] {logging_mixin.py:109} INFO - [2022-01-20 03:48:57,716] {dag.py:2914} INFO - Setting next_dagrun for example_time_delta_sensor_async to None
[2022-01-20 03:48:57,802] {processor.py:171} INFO - Processing /home/airflow/.local/lib/python3.7/site-packages/airflow/example_dags/example_time_delta_sensor_async.py took 0.324 seconds
[2022-01-20 03:49:28,217] {processor.py:163} INFO - Started process (PID=6197) to work on /home/airflow/.local/lib/python3.7/site-packages/airflow/example_dags/example_time_delta_sensor_async.py
[2022-01-20 03:49:28,221] {processor.py:620} INFO - Processing file /home/airflow/.local/lib/python3.7/site-packages/airflow/example_dags/example_time_delta_sensor_async.py for tasks to queue
[2022-01-20 03:49:28,224] {logging_mixin.py:109} INFO - [2022-01-20 03:49:28,223] {dagbag.py:500} INFO - Filling up the DagBag from /home/airflow/.local/lib/python3.7/site-packages/airflow/example_dags/example_time_delta_sensor_async.py
[2022-01-20 03:49:28,282] {processor.py:632} INFO - DAG(s) dict_keys(['example_time_delta_sensor_async']) retrieved from /home/airflow/.local/lib/python3.7/site-packages/airflow/example_dags/example_time_delta_sensor_async.py
[2022-01-20 03:49:28,314] {logging_mixin.py:109} INFO - [2022-01-20 03:49:28,314] {dag.py:2389} INFO - Sync 1 DAGs
[2022-01-20 03:49:28,357] {logging_mixin.py:109} INFO - [2022-01-20 03:49:28,357] {dag.py:2914} INFO - Setting next_dagrun for example_time_delta_sensor_async to None
[2022-01-20 03:49:28,380] {processor.py:171} INFO - Processing /home/airflow/.local/lib/python3.7/site-packages/airflow/example_dags/example_time_delta_sensor_async.py took 0.169 seconds
[2022-01-20 03:49:59,610] {processor.py:163} INFO - Started process (PID=6310) to work on /home/airflow/.local/lib/python3.7/site-packages/airflow/example_dags/example_time_delta_sensor_async.py
[2022-01-20 03:49:59,616] {processor.py:620} INFO - Processing file /home/airflow/.local/lib/python3.7/site-packages/airflow/example_dags/example_time_delta_sensor_async.py for tasks to queue
[2022-01-20 03:49:59,620] {logging_mixin.py:109} INFO - [2022-01-20 03:49:59,620] {dagbag.py:500} INFO - Filling up the DagBag from /home/airflow/.local/lib/python3.7/site-packages/airflow/example_dags/example_time_delta_sensor_async.py
[2022-01-20 03:49:59,692] {processor.py:632} INFO - DAG(s) dict_keys(['example_time_delta_sensor_async']) retrieved from /home/airflow/.local/lib/python3.7/site-packages/airflow/example_dags/example_time_delta_sensor_async.py
[2022-01-20 03:49:59,754] {logging_mixin.py:109} INFO - [2022-01-20 03:49:59,753] {dag.py:2389} INFO - Sync 1 DAGs
[2022-01-20 03:49:59,872] {logging_mixin.py:109} INFO - [2022-01-20 03:49:59,871] {dag.py:2914} INFO - Setting next_dagrun for example_time_delta_sensor_async to None
[2022-01-20 03:49:59,913] {processor.py:171} INFO - Processing /home/airflow/.local/lib/python3.7/site-packages/airflow/example_dags/example_time_delta_sensor_async.py took 0.311 seconds
[2022-01-20 03:50:30,742] {processor.py:163} INFO - Started process (PID=6402) to work on /home/airflow/.local/lib/python3.7/site-packages/airflow/example_dags/example_time_delta_sensor_async.py
[2022-01-20 03:50:30,746] {processor.py:620} INFO - Processing file /home/airflow/.local/lib/python3.7/site-packages/airflow/example_dags/example_time_delta_sensor_async.py for tasks to queue
[2022-01-20 03:50:30,751] {logging_mixin.py:109} INFO - [2022-01-20 03:50:30,750] {dagbag.py:500} INFO - Filling up the DagBag from /home/airflow/.local/lib/python3.7/site-packages/airflow/example_dags/example_time_delta_sensor_async.py
[2022-01-20 03:50:30,812] {processor.py:632} INFO - DAG(s) dict_keys(['example_time_delta_sensor_async']) retrieved from /home/airflow/.local/lib/python3.7/site-packages/airflow/example_dags/example_time_delta_sensor_async.py
[2022-01-20 03:50:30,845] {logging_mixin.py:109} INFO - [2022-01-20 03:50:30,845] {dag.py:2389} INFO - Sync 1 DAGs
[2022-01-20 03:50:30,937] {logging_mixin.py:109} INFO - [2022-01-20 03:50:30,937] {dag.py:2914} INFO - Setting next_dagrun for example_time_delta_sensor_async to None
[2022-01-20 03:50:31,027] {processor.py:171} INFO - Processing /home/airflow/.local/lib/python3.7/site-packages/airflow/example_dags/example_time_delta_sensor_async.py took 0.292 seconds
[2022-01-20 03:51:01,581] {processor.py:163} INFO - Started process (PID=6510) to work on /home/airflow/.local/lib/python3.7/site-packages/airflow/example_dags/example_time_delta_sensor_async.py
[2022-01-20 03:51:01,594] {processor.py:620} INFO - Processing file /home/airflow/.local/lib/python3.7/site-packages/airflow/example_dags/example_time_delta_sensor_async.py for tasks to queue
[2022-01-20 03:51:01,598] {logging_mixin.py:109} INFO - [2022-01-20 03:51:01,598] {dagbag.py:500} INFO - Filling up the DagBag from /home/airflow/.local/lib/python3.7/site-packages/airflow/example_dags/example_time_delta_sensor_async.py
[2022-01-20 03:51:01,687] {processor.py:632} INFO - DAG(s) dict_keys(['example_time_delta_sensor_async']) retrieved from /home/airflow/.local/lib/python3.7/site-packages/airflow/example_dags/example_time_delta_sensor_async.py
[2022-01-20 03:51:01,736] {logging_mixin.py:109} INFO - [2022-01-20 03:51:01,736] {dag.py:2389} INFO - Sync 1 DAGs
[2022-01-20 03:51:01,798] {logging_mixin.py:109} INFO - [2022-01-20 03:51:01,798] {dag.py:2914} INFO - Setting next_dagrun for example_time_delta_sensor_async to None
[2022-01-20 03:51:01,826] {processor.py:171} INFO - Processing /home/airflow/.local/lib/python3.7/site-packages/airflow/example_dags/example_time_delta_sensor_async.py took 0.258 seconds
