[2022-01-20 03:20:39,352] {processor.py:163} INFO - Started process (PID=322) to work on /home/airflow/.local/lib/python3.7/site-packages/airflow/example_dags/example_skip_dag.py
[2022-01-20 03:20:39,361] {processor.py:620} INFO - Processing file /home/airflow/.local/lib/python3.7/site-packages/airflow/example_dags/example_skip_dag.py for tasks to queue
[2022-01-20 03:20:39,366] {logging_mixin.py:109} INFO - [2022-01-20 03:20:39,365] {dagbag.py:500} INFO - Filling up the DagBag from /home/airflow/.local/lib/python3.7/site-packages/airflow/example_dags/example_skip_dag.py
[2022-01-20 03:20:39,514] {processor.py:632} INFO - DAG(s) dict_keys(['example_skip_dag']) retrieved from /home/airflow/.local/lib/python3.7/site-packages/airflow/example_dags/example_skip_dag.py
[2022-01-20 03:20:39,630] {logging_mixin.py:109} INFO - [2022-01-20 03:20:39,630] {dag.py:2389} INFO - Sync 1 DAGs
[2022-01-20 03:20:39,798] {logging_mixin.py:109} INFO - [2022-01-20 03:20:39,797] {dag.py:2914} INFO - Setting next_dagrun for example_skip_dag to 2022-01-19T03:20:39.796112+00:00
[2022-01-20 03:20:39,890] {processor.py:171} INFO - Processing /home/airflow/.local/lib/python3.7/site-packages/airflow/example_dags/example_skip_dag.py took 0.553 seconds
[2022-01-20 03:21:10,288] {processor.py:163} INFO - Started process (PID=419) to work on /home/airflow/.local/lib/python3.7/site-packages/airflow/example_dags/example_skip_dag.py
[2022-01-20 03:21:10,302] {processor.py:620} INFO - Processing file /home/airflow/.local/lib/python3.7/site-packages/airflow/example_dags/example_skip_dag.py for tasks to queue
[2022-01-20 03:21:10,313] {logging_mixin.py:109} INFO - [2022-01-20 03:21:10,312] {dagbag.py:500} INFO - Filling up the DagBag from /home/airflow/.local/lib/python3.7/site-packages/airflow/example_dags/example_skip_dag.py
[2022-01-20 03:21:10,495] {processor.py:632} INFO - DAG(s) dict_keys(['example_skip_dag']) retrieved from /home/airflow/.local/lib/python3.7/site-packages/airflow/example_dags/example_skip_dag.py
[2022-01-20 03:21:10,559] {logging_mixin.py:109} INFO - [2022-01-20 03:21:10,558] {dag.py:2389} INFO - Sync 1 DAGs
[2022-01-20 03:21:10,687] {logging_mixin.py:109} INFO - [2022-01-20 03:21:10,676] {dag.py:2914} INFO - Setting next_dagrun for example_skip_dag to 2022-01-19T03:21:10.674134+00:00
[2022-01-20 03:21:10,743] {processor.py:171} INFO - Processing /home/airflow/.local/lib/python3.7/site-packages/airflow/example_dags/example_skip_dag.py took 0.470 seconds
[2022-01-20 03:21:40,976] {processor.py:163} INFO - Started process (PID=529) to work on /home/airflow/.local/lib/python3.7/site-packages/airflow/example_dags/example_skip_dag.py
[2022-01-20 03:21:40,980] {processor.py:620} INFO - Processing file /home/airflow/.local/lib/python3.7/site-packages/airflow/example_dags/example_skip_dag.py for tasks to queue
[2022-01-20 03:21:40,983] {logging_mixin.py:109} INFO - [2022-01-20 03:21:40,983] {dagbag.py:500} INFO - Filling up the DagBag from /home/airflow/.local/lib/python3.7/site-packages/airflow/example_dags/example_skip_dag.py
[2022-01-20 03:21:41,053] {processor.py:632} INFO - DAG(s) dict_keys(['example_skip_dag']) retrieved from /home/airflow/.local/lib/python3.7/site-packages/airflow/example_dags/example_skip_dag.py
[2022-01-20 03:21:41,100] {logging_mixin.py:109} INFO - [2022-01-20 03:21:41,100] {dag.py:2389} INFO - Sync 1 DAGs
[2022-01-20 03:21:41,157] {logging_mixin.py:109} INFO - [2022-01-20 03:21:41,157] {dag.py:2914} INFO - Setting next_dagrun for example_skip_dag to 2022-01-19T03:21:41.155293+00:00
[2022-01-20 03:21:41,187] {processor.py:171} INFO - Processing /home/airflow/.local/lib/python3.7/site-packages/airflow/example_dags/example_skip_dag.py took 0.218 seconds
[2022-01-20 03:22:11,374] {processor.py:163} INFO - Started process (PID=637) to work on /home/airflow/.local/lib/python3.7/site-packages/airflow/example_dags/example_skip_dag.py
[2022-01-20 03:22:11,382] {processor.py:620} INFO - Processing file /home/airflow/.local/lib/python3.7/site-packages/airflow/example_dags/example_skip_dag.py for tasks to queue
[2022-01-20 03:22:11,387] {logging_mixin.py:109} INFO - [2022-01-20 03:22:11,386] {dagbag.py:500} INFO - Filling up the DagBag from /home/airflow/.local/lib/python3.7/site-packages/airflow/example_dags/example_skip_dag.py
[2022-01-20 03:22:11,512] {processor.py:632} INFO - DAG(s) dict_keys(['example_skip_dag']) retrieved from /home/airflow/.local/lib/python3.7/site-packages/airflow/example_dags/example_skip_dag.py
[2022-01-20 03:22:11,565] {logging_mixin.py:109} INFO - [2022-01-20 03:22:11,564] {dag.py:2389} INFO - Sync 1 DAGs
[2022-01-20 03:22:11,627] {logging_mixin.py:109} INFO - [2022-01-20 03:22:11,627] {dag.py:2914} INFO - Setting next_dagrun for example_skip_dag to 2022-01-19T03:22:11.625077+00:00
[2022-01-20 03:22:11,663] {processor.py:171} INFO - Processing /home/airflow/.local/lib/python3.7/site-packages/airflow/example_dags/example_skip_dag.py took 0.304 seconds
[2022-01-20 03:22:41,825] {processor.py:163} INFO - Started process (PID=739) to work on /home/airflow/.local/lib/python3.7/site-packages/airflow/example_dags/example_skip_dag.py
[2022-01-20 03:22:41,830] {processor.py:620} INFO - Processing file /home/airflow/.local/lib/python3.7/site-packages/airflow/example_dags/example_skip_dag.py for tasks to queue
[2022-01-20 03:22:41,833] {logging_mixin.py:109} INFO - [2022-01-20 03:22:41,833] {dagbag.py:500} INFO - Filling up the DagBag from /home/airflow/.local/lib/python3.7/site-packages/airflow/example_dags/example_skip_dag.py
[2022-01-20 03:22:41,915] {processor.py:632} INFO - DAG(s) dict_keys(['example_skip_dag']) retrieved from /home/airflow/.local/lib/python3.7/site-packages/airflow/example_dags/example_skip_dag.py
[2022-01-20 03:22:41,970] {logging_mixin.py:109} INFO - [2022-01-20 03:22:41,969] {dag.py:2389} INFO - Sync 1 DAGs
[2022-01-20 03:22:42,051] {logging_mixin.py:109} INFO - [2022-01-20 03:22:42,050] {dag.py:2914} INFO - Setting next_dagrun for example_skip_dag to 2022-01-19T03:22:42.048703+00:00
[2022-01-20 03:22:42,095] {processor.py:171} INFO - Processing /home/airflow/.local/lib/python3.7/site-packages/airflow/example_dags/example_skip_dag.py took 0.277 seconds
[2022-01-20 03:23:12,665] {processor.py:163} INFO - Started process (PID=854) to work on /home/airflow/.local/lib/python3.7/site-packages/airflow/example_dags/example_skip_dag.py
[2022-01-20 03:23:12,671] {processor.py:620} INFO - Processing file /home/airflow/.local/lib/python3.7/site-packages/airflow/example_dags/example_skip_dag.py for tasks to queue
[2022-01-20 03:23:12,675] {logging_mixin.py:109} INFO - [2022-01-20 03:23:12,675] {dagbag.py:500} INFO - Filling up the DagBag from /home/airflow/.local/lib/python3.7/site-packages/airflow/example_dags/example_skip_dag.py
[2022-01-20 03:23:12,791] {processor.py:632} INFO - DAG(s) dict_keys(['example_skip_dag']) retrieved from /home/airflow/.local/lib/python3.7/site-packages/airflow/example_dags/example_skip_dag.py
[2022-01-20 03:23:12,890] {logging_mixin.py:109} INFO - [2022-01-20 03:23:12,889] {dag.py:2389} INFO - Sync 1 DAGs
[2022-01-20 03:23:12,974] {logging_mixin.py:109} INFO - [2022-01-20 03:23:12,973] {dag.py:2914} INFO - Setting next_dagrun for example_skip_dag to 2022-01-19T03:23:12.971367+00:00
[2022-01-20 03:23:13,006] {processor.py:171} INFO - Processing /home/airflow/.local/lib/python3.7/site-packages/airflow/example_dags/example_skip_dag.py took 0.349 seconds
[2022-01-20 03:23:43,362] {processor.py:163} INFO - Started process (PID=948) to work on /home/airflow/.local/lib/python3.7/site-packages/airflow/example_dags/example_skip_dag.py
[2022-01-20 03:23:43,367] {processor.py:620} INFO - Processing file /home/airflow/.local/lib/python3.7/site-packages/airflow/example_dags/example_skip_dag.py for tasks to queue
[2022-01-20 03:23:43,370] {logging_mixin.py:109} INFO - [2022-01-20 03:23:43,370] {dagbag.py:500} INFO - Filling up the DagBag from /home/airflow/.local/lib/python3.7/site-packages/airflow/example_dags/example_skip_dag.py
[2022-01-20 03:23:43,458] {processor.py:632} INFO - DAG(s) dict_keys(['example_skip_dag']) retrieved from /home/airflow/.local/lib/python3.7/site-packages/airflow/example_dags/example_skip_dag.py
[2022-01-20 03:23:43,507] {logging_mixin.py:109} INFO - [2022-01-20 03:23:43,507] {dag.py:2389} INFO - Sync 1 DAGs
[2022-01-20 03:23:43,567] {logging_mixin.py:109} INFO - [2022-01-20 03:23:43,566] {dag.py:2914} INFO - Setting next_dagrun for example_skip_dag to 2022-01-19T03:23:43.564243+00:00
[2022-01-20 03:23:43,600] {processor.py:171} INFO - Processing /home/airflow/.local/lib/python3.7/site-packages/airflow/example_dags/example_skip_dag.py took 0.245 seconds
[2022-01-20 03:24:13,818] {processor.py:163} INFO - Started process (PID=1062) to work on /home/airflow/.local/lib/python3.7/site-packages/airflow/example_dags/example_skip_dag.py
[2022-01-20 03:24:13,822] {processor.py:620} INFO - Processing file /home/airflow/.local/lib/python3.7/site-packages/airflow/example_dags/example_skip_dag.py for tasks to queue
[2022-01-20 03:24:13,825] {logging_mixin.py:109} INFO - [2022-01-20 03:24:13,825] {dagbag.py:500} INFO - Filling up the DagBag from /home/airflow/.local/lib/python3.7/site-packages/airflow/example_dags/example_skip_dag.py
[2022-01-20 03:24:13,898] {processor.py:632} INFO - DAG(s) dict_keys(['example_skip_dag']) retrieved from /home/airflow/.local/lib/python3.7/site-packages/airflow/example_dags/example_skip_dag.py
[2022-01-20 03:24:13,946] {logging_mixin.py:109} INFO - [2022-01-20 03:24:13,946] {dag.py:2389} INFO - Sync 1 DAGs
[2022-01-20 03:24:14,002] {logging_mixin.py:109} INFO - [2022-01-20 03:24:14,002] {dag.py:2914} INFO - Setting next_dagrun for example_skip_dag to 2022-01-19T03:24:14.000539+00:00
[2022-01-20 03:24:14,030] {processor.py:171} INFO - Processing /home/airflow/.local/lib/python3.7/site-packages/airflow/example_dags/example_skip_dag.py took 0.220 seconds
[2022-01-20 03:24:44,508] {processor.py:163} INFO - Started process (PID=1158) to work on /home/airflow/.local/lib/python3.7/site-packages/airflow/example_dags/example_skip_dag.py
[2022-01-20 03:24:44,514] {processor.py:620} INFO - Processing file /home/airflow/.local/lib/python3.7/site-packages/airflow/example_dags/example_skip_dag.py for tasks to queue
[2022-01-20 03:24:44,518] {logging_mixin.py:109} INFO - [2022-01-20 03:24:44,517] {dagbag.py:500} INFO - Filling up the DagBag from /home/airflow/.local/lib/python3.7/site-packages/airflow/example_dags/example_skip_dag.py
[2022-01-20 03:24:44,593] {processor.py:632} INFO - DAG(s) dict_keys(['example_skip_dag']) retrieved from /home/airflow/.local/lib/python3.7/site-packages/airflow/example_dags/example_skip_dag.py
[2022-01-20 03:24:44,647] {logging_mixin.py:109} INFO - [2022-01-20 03:24:44,647] {dag.py:2389} INFO - Sync 1 DAGs
[2022-01-20 03:24:44,707] {logging_mixin.py:109} INFO - [2022-01-20 03:24:44,707] {dag.py:2914} INFO - Setting next_dagrun for example_skip_dag to 2022-01-19T03:24:44.704858+00:00
[2022-01-20 03:24:44,741] {processor.py:171} INFO - Processing /home/airflow/.local/lib/python3.7/site-packages/airflow/example_dags/example_skip_dag.py took 0.241 seconds
[2022-01-20 03:25:18,825] {processor.py:163} INFO - Started process (PID=1271) to work on /home/airflow/.local/lib/python3.7/site-packages/airflow/example_dags/example_skip_dag.py
[2022-01-20 03:25:18,837] {processor.py:620} INFO - Processing file /home/airflow/.local/lib/python3.7/site-packages/airflow/example_dags/example_skip_dag.py for tasks to queue
[2022-01-20 03:25:18,858] {logging_mixin.py:109} INFO - [2022-01-20 03:25:18,857] {dagbag.py:500} INFO - Filling up the DagBag from /home/airflow/.local/lib/python3.7/site-packages/airflow/example_dags/example_skip_dag.py
[2022-01-20 03:25:19,061] {processor.py:632} INFO - DAG(s) dict_keys(['example_skip_dag']) retrieved from /home/airflow/.local/lib/python3.7/site-packages/airflow/example_dags/example_skip_dag.py
[2022-01-20 03:25:19,174] {logging_mixin.py:109} INFO - [2022-01-20 03:25:19,174] {dag.py:2389} INFO - Sync 1 DAGs
[2022-01-20 03:25:19,266] {logging_mixin.py:109} INFO - [2022-01-20 03:25:19,265] {dag.py:2914} INFO - Setting next_dagrun for example_skip_dag to 2022-01-19T03:25:19.260072+00:00
[2022-01-20 03:25:19,319] {processor.py:171} INFO - Processing /home/airflow/.local/lib/python3.7/site-packages/airflow/example_dags/example_skip_dag.py took 0.502 seconds
[2022-01-20 03:25:51,442] {processor.py:163} INFO - Started process (PID=1386) to work on /home/airflow/.local/lib/python3.7/site-packages/airflow/example_dags/example_skip_dag.py
[2022-01-20 03:25:51,453] {processor.py:620} INFO - Processing file /home/airflow/.local/lib/python3.7/site-packages/airflow/example_dags/example_skip_dag.py for tasks to queue
[2022-01-20 03:25:51,456] {logging_mixin.py:109} INFO - [2022-01-20 03:25:51,456] {dagbag.py:500} INFO - Filling up the DagBag from /home/airflow/.local/lib/python3.7/site-packages/airflow/example_dags/example_skip_dag.py
[2022-01-20 03:25:51,573] {processor.py:632} INFO - DAG(s) dict_keys(['example_skip_dag']) retrieved from /home/airflow/.local/lib/python3.7/site-packages/airflow/example_dags/example_skip_dag.py
[2022-01-20 03:25:51,717] {logging_mixin.py:109} INFO - [2022-01-20 03:25:51,716] {dag.py:2389} INFO - Sync 1 DAGs
[2022-01-20 03:25:51,797] {logging_mixin.py:109} INFO - [2022-01-20 03:25:51,796] {dag.py:2914} INFO - Setting next_dagrun for example_skip_dag to 2022-01-19T03:25:51.794609+00:00
[2022-01-20 03:25:51,838] {processor.py:171} INFO - Processing /home/airflow/.local/lib/python3.7/site-packages/airflow/example_dags/example_skip_dag.py took 0.404 seconds
[2022-01-20 03:26:24,916] {processor.py:163} INFO - Started process (PID=1493) to work on /home/airflow/.local/lib/python3.7/site-packages/airflow/example_dags/example_skip_dag.py
[2022-01-20 03:26:24,922] {processor.py:620} INFO - Processing file /home/airflow/.local/lib/python3.7/site-packages/airflow/example_dags/example_skip_dag.py for tasks to queue
[2022-01-20 03:26:24,925] {logging_mixin.py:109} INFO - [2022-01-20 03:26:24,925] {dagbag.py:500} INFO - Filling up the DagBag from /home/airflow/.local/lib/python3.7/site-packages/airflow/example_dags/example_skip_dag.py
[2022-01-20 03:26:25,007] {processor.py:632} INFO - DAG(s) dict_keys(['example_skip_dag']) retrieved from /home/airflow/.local/lib/python3.7/site-packages/airflow/example_dags/example_skip_dag.py
[2022-01-20 03:26:25,056] {logging_mixin.py:109} INFO - [2022-01-20 03:26:25,055] {dag.py:2389} INFO - Sync 1 DAGs
[2022-01-20 03:26:25,115] {logging_mixin.py:109} INFO - [2022-01-20 03:26:25,114] {dag.py:2914} INFO - Setting next_dagrun for example_skip_dag to 2022-01-19T03:26:25.112922+00:00
[2022-01-20 03:26:25,146] {processor.py:171} INFO - Processing /home/airflow/.local/lib/python3.7/site-packages/airflow/example_dags/example_skip_dag.py took 0.238 seconds
[2022-01-20 03:27:00,693] {processor.py:163} INFO - Started process (PID=1615) to work on /home/airflow/.local/lib/python3.7/site-packages/airflow/example_dags/example_skip_dag.py
[2022-01-20 03:27:00,700] {processor.py:620} INFO - Processing file /home/airflow/.local/lib/python3.7/site-packages/airflow/example_dags/example_skip_dag.py for tasks to queue
[2022-01-20 03:27:00,705] {logging_mixin.py:109} INFO - [2022-01-20 03:27:00,704] {dagbag.py:500} INFO - Filling up the DagBag from /home/airflow/.local/lib/python3.7/site-packages/airflow/example_dags/example_skip_dag.py
[2022-01-20 03:27:00,828] {processor.py:632} INFO - DAG(s) dict_keys(['example_skip_dag']) retrieved from /home/airflow/.local/lib/python3.7/site-packages/airflow/example_dags/example_skip_dag.py
[2022-01-20 03:27:00,882] {logging_mixin.py:109} INFO - [2022-01-20 03:27:00,881] {dag.py:2389} INFO - Sync 1 DAGs
[2022-01-20 03:27:00,949] {logging_mixin.py:109} INFO - [2022-01-20 03:27:00,948] {dag.py:2914} INFO - Setting next_dagrun for example_skip_dag to 2022-01-19T03:27:00.947431+00:00
[2022-01-20 03:27:00,979] {processor.py:171} INFO - Processing /home/airflow/.local/lib/python3.7/site-packages/airflow/example_dags/example_skip_dag.py took 0.302 seconds
[2022-01-20 03:27:32,380] {processor.py:163} INFO - Started process (PID=1726) to work on /home/airflow/.local/lib/python3.7/site-packages/airflow/example_dags/example_skip_dag.py
[2022-01-20 03:27:32,384] {processor.py:620} INFO - Processing file /home/airflow/.local/lib/python3.7/site-packages/airflow/example_dags/example_skip_dag.py for tasks to queue
[2022-01-20 03:27:32,388] {logging_mixin.py:109} INFO - [2022-01-20 03:27:32,388] {dagbag.py:500} INFO - Filling up the DagBag from /home/airflow/.local/lib/python3.7/site-packages/airflow/example_dags/example_skip_dag.py
[2022-01-20 03:27:32,461] {processor.py:632} INFO - DAG(s) dict_keys(['example_skip_dag']) retrieved from /home/airflow/.local/lib/python3.7/site-packages/airflow/example_dags/example_skip_dag.py
[2022-01-20 03:27:32,510] {logging_mixin.py:109} INFO - [2022-01-20 03:27:32,510] {dag.py:2389} INFO - Sync 1 DAGs
[2022-01-20 03:27:32,569] {logging_mixin.py:109} INFO - [2022-01-20 03:27:32,568] {dag.py:2914} INFO - Setting next_dagrun for example_skip_dag to 2022-01-19T03:27:32.566865+00:00
[2022-01-20 03:27:32,600] {processor.py:171} INFO - Processing /home/airflow/.local/lib/python3.7/site-packages/airflow/example_dags/example_skip_dag.py took 0.228 seconds
[2022-01-20 03:28:05,297] {processor.py:163} INFO - Started process (PID=1828) to work on /home/airflow/.local/lib/python3.7/site-packages/airflow/example_dags/example_skip_dag.py
[2022-01-20 03:28:05,301] {processor.py:620} INFO - Processing file /home/airflow/.local/lib/python3.7/site-packages/airflow/example_dags/example_skip_dag.py for tasks to queue
[2022-01-20 03:28:05,304] {logging_mixin.py:109} INFO - [2022-01-20 03:28:05,303] {dagbag.py:500} INFO - Filling up the DagBag from /home/airflow/.local/lib/python3.7/site-packages/airflow/example_dags/example_skip_dag.py
[2022-01-20 03:28:05,399] {processor.py:632} INFO - DAG(s) dict_keys(['example_skip_dag']) retrieved from /home/airflow/.local/lib/python3.7/site-packages/airflow/example_dags/example_skip_dag.py
[2022-01-20 03:28:05,448] {logging_mixin.py:109} INFO - [2022-01-20 03:28:05,447] {dag.py:2389} INFO - Sync 1 DAGs
[2022-01-20 03:28:05,508] {logging_mixin.py:109} INFO - [2022-01-20 03:28:05,507] {dag.py:2914} INFO - Setting next_dagrun for example_skip_dag to 2022-01-19T03:28:05.503675+00:00
[2022-01-20 03:28:05,542] {processor.py:171} INFO - Processing /home/airflow/.local/lib/python3.7/site-packages/airflow/example_dags/example_skip_dag.py took 0.253 seconds
[2022-01-20 03:28:39,868] {processor.py:163} INFO - Started process (PID=1963) to work on /home/airflow/.local/lib/python3.7/site-packages/airflow/example_dags/example_skip_dag.py
[2022-01-20 03:28:39,872] {processor.py:620} INFO - Processing file /home/airflow/.local/lib/python3.7/site-packages/airflow/example_dags/example_skip_dag.py for tasks to queue
[2022-01-20 03:28:39,875] {logging_mixin.py:109} INFO - [2022-01-20 03:28:39,875] {dagbag.py:500} INFO - Filling up the DagBag from /home/airflow/.local/lib/python3.7/site-packages/airflow/example_dags/example_skip_dag.py
[2022-01-20 03:28:39,939] {processor.py:632} INFO - DAG(s) dict_keys(['example_skip_dag']) retrieved from /home/airflow/.local/lib/python3.7/site-packages/airflow/example_dags/example_skip_dag.py
[2022-01-20 03:28:39,999] {logging_mixin.py:109} INFO - [2022-01-20 03:28:39,999] {dag.py:2389} INFO - Sync 1 DAGs
[2022-01-20 03:28:40,053] {logging_mixin.py:109} INFO - [2022-01-20 03:28:40,053] {dag.py:2914} INFO - Setting next_dagrun for example_skip_dag to 2022-01-19T03:28:40.051337+00:00
[2022-01-20 03:28:40,082] {processor.py:171} INFO - Processing /home/airflow/.local/lib/python3.7/site-packages/airflow/example_dags/example_skip_dag.py took 0.222 seconds
[2022-01-20 03:29:11,692] {processor.py:163} INFO - Started process (PID=2073) to work on /home/airflow/.local/lib/python3.7/site-packages/airflow/example_dags/example_skip_dag.py
[2022-01-20 03:29:11,696] {processor.py:620} INFO - Processing file /home/airflow/.local/lib/python3.7/site-packages/airflow/example_dags/example_skip_dag.py for tasks to queue
[2022-01-20 03:29:11,699] {logging_mixin.py:109} INFO - [2022-01-20 03:29:11,699] {dagbag.py:500} INFO - Filling up the DagBag from /home/airflow/.local/lib/python3.7/site-packages/airflow/example_dags/example_skip_dag.py
[2022-01-20 03:29:11,771] {processor.py:632} INFO - DAG(s) dict_keys(['example_skip_dag']) retrieved from /home/airflow/.local/lib/python3.7/site-packages/airflow/example_dags/example_skip_dag.py
[2022-01-20 03:29:11,821] {logging_mixin.py:109} INFO - [2022-01-20 03:29:11,820] {dag.py:2389} INFO - Sync 1 DAGs
[2022-01-20 03:29:11,878] {logging_mixin.py:109} INFO - [2022-01-20 03:29:11,877] {dag.py:2914} INFO - Setting next_dagrun for example_skip_dag to 2022-01-19T03:29:11.875902+00:00
[2022-01-20 03:29:11,908] {processor.py:171} INFO - Processing /home/airflow/.local/lib/python3.7/site-packages/airflow/example_dags/example_skip_dag.py took 0.224 seconds
[2022-01-20 03:29:44,447] {processor.py:163} INFO - Started process (PID=2178) to work on /home/airflow/.local/lib/python3.7/site-packages/airflow/example_dags/example_skip_dag.py
[2022-01-20 03:29:44,451] {processor.py:620} INFO - Processing file /home/airflow/.local/lib/python3.7/site-packages/airflow/example_dags/example_skip_dag.py for tasks to queue
[2022-01-20 03:29:44,454] {logging_mixin.py:109} INFO - [2022-01-20 03:29:44,454] {dagbag.py:500} INFO - Filling up the DagBag from /home/airflow/.local/lib/python3.7/site-packages/airflow/example_dags/example_skip_dag.py
[2022-01-20 03:29:44,537] {processor.py:632} INFO - DAG(s) dict_keys(['example_skip_dag']) retrieved from /home/airflow/.local/lib/python3.7/site-packages/airflow/example_dags/example_skip_dag.py
[2022-01-20 03:29:44,610] {logging_mixin.py:109} INFO - [2022-01-20 03:29:44,609] {dag.py:2389} INFO - Sync 1 DAGs
[2022-01-20 03:29:44,662] {logging_mixin.py:109} INFO - [2022-01-20 03:29:44,661] {dag.py:2914} INFO - Setting next_dagrun for example_skip_dag to 2022-01-19T03:29:44.659978+00:00
[2022-01-20 03:29:44,689] {processor.py:171} INFO - Processing /home/airflow/.local/lib/python3.7/site-packages/airflow/example_dags/example_skip_dag.py took 0.250 seconds
[2022-01-20 03:30:17,135] {processor.py:163} INFO - Started process (PID=2294) to work on /home/airflow/.local/lib/python3.7/site-packages/airflow/example_dags/example_skip_dag.py
[2022-01-20 03:30:17,141] {processor.py:620} INFO - Processing file /home/airflow/.local/lib/python3.7/site-packages/airflow/example_dags/example_skip_dag.py for tasks to queue
[2022-01-20 03:30:17,145] {logging_mixin.py:109} INFO - [2022-01-20 03:30:17,145] {dagbag.py:500} INFO - Filling up the DagBag from /home/airflow/.local/lib/python3.7/site-packages/airflow/example_dags/example_skip_dag.py
[2022-01-20 03:30:17,224] {processor.py:632} INFO - DAG(s) dict_keys(['example_skip_dag']) retrieved from /home/airflow/.local/lib/python3.7/site-packages/airflow/example_dags/example_skip_dag.py
[2022-01-20 03:30:17,275] {logging_mixin.py:109} INFO - [2022-01-20 03:30:17,274] {dag.py:2389} INFO - Sync 1 DAGs
[2022-01-20 03:30:17,396] {logging_mixin.py:109} INFO - [2022-01-20 03:30:17,385] {dag.py:2914} INFO - Setting next_dagrun for example_skip_dag to 2022-01-19T03:30:17.384044+00:00
[2022-01-20 03:30:17,473] {processor.py:171} INFO - Processing /home/airflow/.local/lib/python3.7/site-packages/airflow/example_dags/example_skip_dag.py took 0.345 seconds
[2022-01-20 03:30:47,783] {processor.py:163} INFO - Started process (PID=2385) to work on /home/airflow/.local/lib/python3.7/site-packages/airflow/example_dags/example_skip_dag.py
[2022-01-20 03:30:47,787] {processor.py:620} INFO - Processing file /home/airflow/.local/lib/python3.7/site-packages/airflow/example_dags/example_skip_dag.py for tasks to queue
[2022-01-20 03:30:47,789] {logging_mixin.py:109} INFO - [2022-01-20 03:30:47,789] {dagbag.py:500} INFO - Filling up the DagBag from /home/airflow/.local/lib/python3.7/site-packages/airflow/example_dags/example_skip_dag.py
[2022-01-20 03:30:47,858] {processor.py:632} INFO - DAG(s) dict_keys(['example_skip_dag']) retrieved from /home/airflow/.local/lib/python3.7/site-packages/airflow/example_dags/example_skip_dag.py
[2022-01-20 03:30:47,899] {logging_mixin.py:109} INFO - [2022-01-20 03:30:47,898] {dag.py:2389} INFO - Sync 1 DAGs
[2022-01-20 03:30:47,944] {logging_mixin.py:109} INFO - [2022-01-20 03:30:47,944] {dag.py:2914} INFO - Setting next_dagrun for example_skip_dag to 2022-01-19T03:30:47.942524+00:00
[2022-01-20 03:30:47,973] {processor.py:171} INFO - Processing /home/airflow/.local/lib/python3.7/site-packages/airflow/example_dags/example_skip_dag.py took 0.197 seconds
[2022-01-20 03:31:18,478] {processor.py:163} INFO - Started process (PID=2500) to work on /home/airflow/.local/lib/python3.7/site-packages/airflow/example_dags/example_skip_dag.py
[2022-01-20 03:31:18,491] {processor.py:620} INFO - Processing file /home/airflow/.local/lib/python3.7/site-packages/airflow/example_dags/example_skip_dag.py for tasks to queue
[2022-01-20 03:31:18,496] {logging_mixin.py:109} INFO - [2022-01-20 03:31:18,495] {dagbag.py:500} INFO - Filling up the DagBag from /home/airflow/.local/lib/python3.7/site-packages/airflow/example_dags/example_skip_dag.py
[2022-01-20 03:31:18,583] {processor.py:632} INFO - DAG(s) dict_keys(['example_skip_dag']) retrieved from /home/airflow/.local/lib/python3.7/site-packages/airflow/example_dags/example_skip_dag.py
[2022-01-20 03:31:18,634] {logging_mixin.py:109} INFO - [2022-01-20 03:31:18,633] {dag.py:2389} INFO - Sync 1 DAGs
[2022-01-20 03:31:18,698] {logging_mixin.py:109} INFO - [2022-01-20 03:31:18,698] {dag.py:2914} INFO - Setting next_dagrun for example_skip_dag to 2022-01-19T03:31:18.695956+00:00
[2022-01-20 03:31:18,731] {processor.py:171} INFO - Processing /home/airflow/.local/lib/python3.7/site-packages/airflow/example_dags/example_skip_dag.py took 0.266 seconds
[2022-01-20 03:31:49,056] {processor.py:163} INFO - Started process (PID=2589) to work on /home/airflow/.local/lib/python3.7/site-packages/airflow/example_dags/example_skip_dag.py
[2022-01-20 03:31:49,060] {processor.py:620} INFO - Processing file /home/airflow/.local/lib/python3.7/site-packages/airflow/example_dags/example_skip_dag.py for tasks to queue
[2022-01-20 03:31:49,062] {logging_mixin.py:109} INFO - [2022-01-20 03:31:49,062] {dagbag.py:500} INFO - Filling up the DagBag from /home/airflow/.local/lib/python3.7/site-packages/airflow/example_dags/example_skip_dag.py
[2022-01-20 03:31:49,124] {processor.py:632} INFO - DAG(s) dict_keys(['example_skip_dag']) retrieved from /home/airflow/.local/lib/python3.7/site-packages/airflow/example_dags/example_skip_dag.py
[2022-01-20 03:31:49,160] {logging_mixin.py:109} INFO - [2022-01-20 03:31:49,160] {dag.py:2389} INFO - Sync 1 DAGs
[2022-01-20 03:31:49,204] {logging_mixin.py:109} INFO - [2022-01-20 03:31:49,203] {dag.py:2914} INFO - Setting next_dagrun for example_skip_dag to 2022-01-19T03:31:49.202389+00:00
[2022-01-20 03:31:49,230] {processor.py:171} INFO - Processing /home/airflow/.local/lib/python3.7/site-packages/airflow/example_dags/example_skip_dag.py took 0.180 seconds
[2022-01-20 03:32:19,626] {processor.py:163} INFO - Started process (PID=2703) to work on /home/airflow/.local/lib/python3.7/site-packages/airflow/example_dags/example_skip_dag.py
[2022-01-20 03:32:19,631] {processor.py:620} INFO - Processing file /home/airflow/.local/lib/python3.7/site-packages/airflow/example_dags/example_skip_dag.py for tasks to queue
[2022-01-20 03:32:19,635] {logging_mixin.py:109} INFO - [2022-01-20 03:32:19,634] {dagbag.py:500} INFO - Filling up the DagBag from /home/airflow/.local/lib/python3.7/site-packages/airflow/example_dags/example_skip_dag.py
[2022-01-20 03:32:19,702] {processor.py:632} INFO - DAG(s) dict_keys(['example_skip_dag']) retrieved from /home/airflow/.local/lib/python3.7/site-packages/airflow/example_dags/example_skip_dag.py
[2022-01-20 03:32:19,754] {logging_mixin.py:109} INFO - [2022-01-20 03:32:19,754] {dag.py:2389} INFO - Sync 1 DAGs
[2022-01-20 03:32:19,929] {logging_mixin.py:109} INFO - [2022-01-20 03:32:19,928] {dag.py:2914} INFO - Setting next_dagrun for example_skip_dag to 2022-01-19T03:32:19.926973+00:00
[2022-01-20 03:32:19,974] {processor.py:171} INFO - Processing /home/airflow/.local/lib/python3.7/site-packages/airflow/example_dags/example_skip_dag.py took 0.354 seconds
[2022-01-20 03:32:50,351] {processor.py:163} INFO - Started process (PID=2798) to work on /home/airflow/.local/lib/python3.7/site-packages/airflow/example_dags/example_skip_dag.py
[2022-01-20 03:32:50,356] {processor.py:620} INFO - Processing file /home/airflow/.local/lib/python3.7/site-packages/airflow/example_dags/example_skip_dag.py for tasks to queue
[2022-01-20 03:32:50,359] {logging_mixin.py:109} INFO - [2022-01-20 03:32:50,359] {dagbag.py:500} INFO - Filling up the DagBag from /home/airflow/.local/lib/python3.7/site-packages/airflow/example_dags/example_skip_dag.py
[2022-01-20 03:32:50,416] {processor.py:632} INFO - DAG(s) dict_keys(['example_skip_dag']) retrieved from /home/airflow/.local/lib/python3.7/site-packages/airflow/example_dags/example_skip_dag.py
[2022-01-20 03:32:50,459] {logging_mixin.py:109} INFO - [2022-01-20 03:32:50,459] {dag.py:2389} INFO - Sync 1 DAGs
[2022-01-20 03:32:50,628] {logging_mixin.py:109} INFO - [2022-01-20 03:32:50,627] {dag.py:2914} INFO - Setting next_dagrun for example_skip_dag to 2022-01-19T03:32:50.626160+00:00
[2022-01-20 03:32:50,655] {processor.py:171} INFO - Processing /home/airflow/.local/lib/python3.7/site-packages/airflow/example_dags/example_skip_dag.py took 0.311 seconds
[2022-01-20 03:33:21,628] {processor.py:163} INFO - Started process (PID=2913) to work on /home/airflow/.local/lib/python3.7/site-packages/airflow/example_dags/example_skip_dag.py
[2022-01-20 03:33:21,641] {processor.py:620} INFO - Processing file /home/airflow/.local/lib/python3.7/site-packages/airflow/example_dags/example_skip_dag.py for tasks to queue
[2022-01-20 03:33:21,644] {logging_mixin.py:109} INFO - [2022-01-20 03:33:21,644] {dagbag.py:500} INFO - Filling up the DagBag from /home/airflow/.local/lib/python3.7/site-packages/airflow/example_dags/example_skip_dag.py
[2022-01-20 03:33:21,724] {processor.py:632} INFO - DAG(s) dict_keys(['example_skip_dag']) retrieved from /home/airflow/.local/lib/python3.7/site-packages/airflow/example_dags/example_skip_dag.py
[2022-01-20 03:33:21,776] {logging_mixin.py:109} INFO - [2022-01-20 03:33:21,775] {dag.py:2389} INFO - Sync 1 DAGs
[2022-01-20 03:33:21,967] {logging_mixin.py:109} INFO - [2022-01-20 03:33:21,967] {dag.py:2914} INFO - Setting next_dagrun for example_skip_dag to 2022-01-19T03:33:21.965464+00:00
[2022-01-20 03:33:21,996] {processor.py:171} INFO - Processing /home/airflow/.local/lib/python3.7/site-packages/airflow/example_dags/example_skip_dag.py took 0.374 seconds
[2022-01-20 03:33:53,072] {processor.py:163} INFO - Started process (PID=3026) to work on /home/airflow/.local/lib/python3.7/site-packages/airflow/example_dags/example_skip_dag.py
[2022-01-20 03:33:53,077] {processor.py:620} INFO - Processing file /home/airflow/.local/lib/python3.7/site-packages/airflow/example_dags/example_skip_dag.py for tasks to queue
[2022-01-20 03:33:53,081] {logging_mixin.py:109} INFO - [2022-01-20 03:33:53,080] {dagbag.py:500} INFO - Filling up the DagBag from /home/airflow/.local/lib/python3.7/site-packages/airflow/example_dags/example_skip_dag.py
[2022-01-20 03:33:53,167] {processor.py:632} INFO - DAG(s) dict_keys(['example_skip_dag']) retrieved from /home/airflow/.local/lib/python3.7/site-packages/airflow/example_dags/example_skip_dag.py
[2022-01-20 03:33:53,345] {logging_mixin.py:109} INFO - [2022-01-20 03:33:53,344] {dag.py:2389} INFO - Sync 1 DAGs
[2022-01-20 03:33:53,402] {logging_mixin.py:109} INFO - [2022-01-20 03:33:53,401] {dag.py:2914} INFO - Setting next_dagrun for example_skip_dag to 2022-01-19T03:33:53.400137+00:00
[2022-01-20 03:33:53,433] {processor.py:171} INFO - Processing /home/airflow/.local/lib/python3.7/site-packages/airflow/example_dags/example_skip_dag.py took 0.370 seconds
[2022-01-20 03:34:24,336] {processor.py:163} INFO - Started process (PID=3122) to work on /home/airflow/.local/lib/python3.7/site-packages/airflow/example_dags/example_skip_dag.py
[2022-01-20 03:34:24,340] {processor.py:620} INFO - Processing file /home/airflow/.local/lib/python3.7/site-packages/airflow/example_dags/example_skip_dag.py for tasks to queue
[2022-01-20 03:34:24,343] {logging_mixin.py:109} INFO - [2022-01-20 03:34:24,343] {dagbag.py:500} INFO - Filling up the DagBag from /home/airflow/.local/lib/python3.7/site-packages/airflow/example_dags/example_skip_dag.py
[2022-01-20 03:34:24,416] {processor.py:632} INFO - DAG(s) dict_keys(['example_skip_dag']) retrieved from /home/airflow/.local/lib/python3.7/site-packages/airflow/example_dags/example_skip_dag.py
[2022-01-20 03:34:24,573] {logging_mixin.py:109} INFO - [2022-01-20 03:34:24,573] {dag.py:2389} INFO - Sync 1 DAGs
[2022-01-20 03:34:24,626] {logging_mixin.py:109} INFO - [2022-01-20 03:34:24,625] {dag.py:2914} INFO - Setting next_dagrun for example_skip_dag to 2022-01-19T03:34:24.624112+00:00
[2022-01-20 03:34:24,656] {processor.py:171} INFO - Processing /home/airflow/.local/lib/python3.7/site-packages/airflow/example_dags/example_skip_dag.py took 0.327 seconds
[2022-01-20 03:34:55,431] {processor.py:163} INFO - Started process (PID=3234) to work on /home/airflow/.local/lib/python3.7/site-packages/airflow/example_dags/example_skip_dag.py
[2022-01-20 03:34:55,445] {processor.py:620} INFO - Processing file /home/airflow/.local/lib/python3.7/site-packages/airflow/example_dags/example_skip_dag.py for tasks to queue
[2022-01-20 03:34:55,449] {logging_mixin.py:109} INFO - [2022-01-20 03:34:55,448] {dagbag.py:500} INFO - Filling up the DagBag from /home/airflow/.local/lib/python3.7/site-packages/airflow/example_dags/example_skip_dag.py
[2022-01-20 03:34:55,681] {processor.py:632} INFO - DAG(s) dict_keys(['example_skip_dag']) retrieved from /home/airflow/.local/lib/python3.7/site-packages/airflow/example_dags/example_skip_dag.py
[2022-01-20 03:34:55,737] {logging_mixin.py:109} INFO - [2022-01-20 03:34:55,736] {dag.py:2389} INFO - Sync 1 DAGs
[2022-01-20 03:34:55,791] {logging_mixin.py:109} INFO - [2022-01-20 03:34:55,791] {dag.py:2914} INFO - Setting next_dagrun for example_skip_dag to 2022-01-19T03:34:55.789415+00:00
[2022-01-20 03:34:55,820] {processor.py:171} INFO - Processing /home/airflow/.local/lib/python3.7/site-packages/airflow/example_dags/example_skip_dag.py took 0.397 seconds
[2022-01-20 03:35:26,052] {processor.py:163} INFO - Started process (PID=3328) to work on /home/airflow/.local/lib/python3.7/site-packages/airflow/example_dags/example_skip_dag.py
[2022-01-20 03:35:26,056] {processor.py:620} INFO - Processing file /home/airflow/.local/lib/python3.7/site-packages/airflow/example_dags/example_skip_dag.py for tasks to queue
[2022-01-20 03:35:26,060] {logging_mixin.py:109} INFO - [2022-01-20 03:35:26,059] {dagbag.py:500} INFO - Filling up the DagBag from /home/airflow/.local/lib/python3.7/site-packages/airflow/example_dags/example_skip_dag.py
[2022-01-20 03:35:26,257] {processor.py:632} INFO - DAG(s) dict_keys(['example_skip_dag']) retrieved from /home/airflow/.local/lib/python3.7/site-packages/airflow/example_dags/example_skip_dag.py
[2022-01-20 03:35:26,306] {logging_mixin.py:109} INFO - [2022-01-20 03:35:26,305] {dag.py:2389} INFO - Sync 1 DAGs
[2022-01-20 03:35:26,364] {logging_mixin.py:109} INFO - [2022-01-20 03:35:26,364] {dag.py:2914} INFO - Setting next_dagrun for example_skip_dag to 2022-01-19T03:35:26.361754+00:00
[2022-01-20 03:35:26,395] {processor.py:171} INFO - Processing /home/airflow/.local/lib/python3.7/site-packages/airflow/example_dags/example_skip_dag.py took 0.351 seconds
[2022-01-20 03:35:56,937] {processor.py:163} INFO - Started process (PID=3440) to work on /home/airflow/.local/lib/python3.7/site-packages/airflow/example_dags/example_skip_dag.py
[2022-01-20 03:35:56,941] {processor.py:620} INFO - Processing file /home/airflow/.local/lib/python3.7/site-packages/airflow/example_dags/example_skip_dag.py for tasks to queue
[2022-01-20 03:35:56,944] {logging_mixin.py:109} INFO - [2022-01-20 03:35:56,944] {dagbag.py:500} INFO - Filling up the DagBag from /home/airflow/.local/lib/python3.7/site-packages/airflow/example_dags/example_skip_dag.py
[2022-01-20 03:35:57,019] {processor.py:632} INFO - DAG(s) dict_keys(['example_skip_dag']) retrieved from /home/airflow/.local/lib/python3.7/site-packages/airflow/example_dags/example_skip_dag.py
[2022-01-20 03:35:57,076] {logging_mixin.py:109} INFO - [2022-01-20 03:35:57,075] {dag.py:2389} INFO - Sync 1 DAGs
[2022-01-20 03:35:57,133] {logging_mixin.py:109} INFO - [2022-01-20 03:35:57,133] {dag.py:2914} INFO - Setting next_dagrun for example_skip_dag to 2022-01-19T03:35:57.131478+00:00
[2022-01-20 03:35:57,168] {processor.py:171} INFO - Processing /home/airflow/.local/lib/python3.7/site-packages/airflow/example_dags/example_skip_dag.py took 0.239 seconds
[2022-01-20 03:36:27,256] {processor.py:163} INFO - Started process (PID=3534) to work on /home/airflow/.local/lib/python3.7/site-packages/airflow/example_dags/example_skip_dag.py
[2022-01-20 03:36:27,259] {processor.py:620} INFO - Processing file /home/airflow/.local/lib/python3.7/site-packages/airflow/example_dags/example_skip_dag.py for tasks to queue
[2022-01-20 03:36:27,261] {logging_mixin.py:109} INFO - [2022-01-20 03:36:27,261] {dagbag.py:500} INFO - Filling up the DagBag from /home/airflow/.local/lib/python3.7/site-packages/airflow/example_dags/example_skip_dag.py
[2022-01-20 03:36:27,314] {processor.py:632} INFO - DAG(s) dict_keys(['example_skip_dag']) retrieved from /home/airflow/.local/lib/python3.7/site-packages/airflow/example_dags/example_skip_dag.py
[2022-01-20 03:36:27,352] {logging_mixin.py:109} INFO - [2022-01-20 03:36:27,352] {dag.py:2389} INFO - Sync 1 DAGs
[2022-01-20 03:36:27,400] {logging_mixin.py:109} INFO - [2022-01-20 03:36:27,399] {dag.py:2914} INFO - Setting next_dagrun for example_skip_dag to 2022-01-19T03:36:27.398294+00:00
[2022-01-20 03:36:27,424] {processor.py:171} INFO - Processing /home/airflow/.local/lib/python3.7/site-packages/airflow/example_dags/example_skip_dag.py took 0.174 seconds
[2022-01-20 03:36:57,629] {processor.py:163} INFO - Started process (PID=3644) to work on /home/airflow/.local/lib/python3.7/site-packages/airflow/example_dags/example_skip_dag.py
[2022-01-20 03:36:57,635] {processor.py:620} INFO - Processing file /home/airflow/.local/lib/python3.7/site-packages/airflow/example_dags/example_skip_dag.py for tasks to queue
[2022-01-20 03:36:57,637] {logging_mixin.py:109} INFO - [2022-01-20 03:36:57,637] {dagbag.py:500} INFO - Filling up the DagBag from /home/airflow/.local/lib/python3.7/site-packages/airflow/example_dags/example_skip_dag.py
[2022-01-20 03:36:57,733] {processor.py:632} INFO - DAG(s) dict_keys(['example_skip_dag']) retrieved from /home/airflow/.local/lib/python3.7/site-packages/airflow/example_dags/example_skip_dag.py
[2022-01-20 03:36:57,788] {logging_mixin.py:109} INFO - [2022-01-20 03:36:57,787] {dag.py:2389} INFO - Sync 1 DAGs
[2022-01-20 03:36:57,853] {logging_mixin.py:109} INFO - [2022-01-20 03:36:57,853] {dag.py:2914} INFO - Setting next_dagrun for example_skip_dag to 2022-01-19T03:36:57.851116+00:00
[2022-01-20 03:36:57,886] {processor.py:171} INFO - Processing /home/airflow/.local/lib/python3.7/site-packages/airflow/example_dags/example_skip_dag.py took 0.266 seconds
[2022-01-20 03:37:28,831] {processor.py:163} INFO - Started process (PID=3743) to work on /home/airflow/.local/lib/python3.7/site-packages/airflow/example_dags/example_skip_dag.py
[2022-01-20 03:37:28,834] {processor.py:620} INFO - Processing file /home/airflow/.local/lib/python3.7/site-packages/airflow/example_dags/example_skip_dag.py for tasks to queue
[2022-01-20 03:37:28,837] {logging_mixin.py:109} INFO - [2022-01-20 03:37:28,837] {dagbag.py:500} INFO - Filling up the DagBag from /home/airflow/.local/lib/python3.7/site-packages/airflow/example_dags/example_skip_dag.py
[2022-01-20 03:37:28,918] {processor.py:632} INFO - DAG(s) dict_keys(['example_skip_dag']) retrieved from /home/airflow/.local/lib/python3.7/site-packages/airflow/example_dags/example_skip_dag.py
[2022-01-20 03:37:28,967] {logging_mixin.py:109} INFO - [2022-01-20 03:37:28,967] {dag.py:2389} INFO - Sync 1 DAGs
[2022-01-20 03:37:29,023] {logging_mixin.py:109} INFO - [2022-01-20 03:37:29,023] {dag.py:2914} INFO - Setting next_dagrun for example_skip_dag to 2022-01-19T03:37:29.021276+00:00
[2022-01-20 03:37:29,050] {processor.py:171} INFO - Processing /home/airflow/.local/lib/python3.7/site-packages/airflow/example_dags/example_skip_dag.py took 0.226 seconds
[2022-01-20 03:38:00,224] {processor.py:163} INFO - Started process (PID=3858) to work on /home/airflow/.local/lib/python3.7/site-packages/airflow/example_dags/example_skip_dag.py
[2022-01-20 03:38:00,228] {processor.py:620} INFO - Processing file /home/airflow/.local/lib/python3.7/site-packages/airflow/example_dags/example_skip_dag.py for tasks to queue
[2022-01-20 03:38:00,231] {logging_mixin.py:109} INFO - [2022-01-20 03:38:00,231] {dagbag.py:500} INFO - Filling up the DagBag from /home/airflow/.local/lib/python3.7/site-packages/airflow/example_dags/example_skip_dag.py
[2022-01-20 03:38:00,305] {processor.py:632} INFO - DAG(s) dict_keys(['example_skip_dag']) retrieved from /home/airflow/.local/lib/python3.7/site-packages/airflow/example_dags/example_skip_dag.py
[2022-01-20 03:38:00,356] {logging_mixin.py:109} INFO - [2022-01-20 03:38:00,356] {dag.py:2389} INFO - Sync 1 DAGs
[2022-01-20 03:38:00,413] {logging_mixin.py:109} INFO - [2022-01-20 03:38:00,413] {dag.py:2914} INFO - Setting next_dagrun for example_skip_dag to 2022-01-19T03:38:00.411312+00:00
[2022-01-20 03:38:00,446] {processor.py:171} INFO - Processing /home/airflow/.local/lib/python3.7/site-packages/airflow/example_dags/example_skip_dag.py took 0.229 seconds
[2022-01-20 03:38:31,915] {processor.py:163} INFO - Started process (PID=3968) to work on /home/airflow/.local/lib/python3.7/site-packages/airflow/example_dags/example_skip_dag.py
[2022-01-20 03:38:31,919] {processor.py:620} INFO - Processing file /home/airflow/.local/lib/python3.7/site-packages/airflow/example_dags/example_skip_dag.py for tasks to queue
[2022-01-20 03:38:31,921] {logging_mixin.py:109} INFO - [2022-01-20 03:38:31,921] {dagbag.py:500} INFO - Filling up the DagBag from /home/airflow/.local/lib/python3.7/site-packages/airflow/example_dags/example_skip_dag.py
[2022-01-20 03:38:31,992] {processor.py:632} INFO - DAG(s) dict_keys(['example_skip_dag']) retrieved from /home/airflow/.local/lib/python3.7/site-packages/airflow/example_dags/example_skip_dag.py
[2022-01-20 03:38:32,037] {logging_mixin.py:109} INFO - [2022-01-20 03:38:32,037] {dag.py:2389} INFO - Sync 1 DAGs
[2022-01-20 03:38:32,093] {logging_mixin.py:109} INFO - [2022-01-20 03:38:32,092] {dag.py:2914} INFO - Setting next_dagrun for example_skip_dag to 2022-01-19T03:38:32.091124+00:00
[2022-01-20 03:38:32,122] {processor.py:171} INFO - Processing /home/airflow/.local/lib/python3.7/site-packages/airflow/example_dags/example_skip_dag.py took 0.214 seconds
[2022-01-20 03:39:04,146] {processor.py:163} INFO - Started process (PID=4070) to work on /home/airflow/.local/lib/python3.7/site-packages/airflow/example_dags/example_skip_dag.py
[2022-01-20 03:39:04,150] {processor.py:620} INFO - Processing file /home/airflow/.local/lib/python3.7/site-packages/airflow/example_dags/example_skip_dag.py for tasks to queue
[2022-01-20 03:39:04,153] {logging_mixin.py:109} INFO - [2022-01-20 03:39:04,153] {dagbag.py:500} INFO - Filling up the DagBag from /home/airflow/.local/lib/python3.7/site-packages/airflow/example_dags/example_skip_dag.py
[2022-01-20 03:39:04,220] {processor.py:632} INFO - DAG(s) dict_keys(['example_skip_dag']) retrieved from /home/airflow/.local/lib/python3.7/site-packages/airflow/example_dags/example_skip_dag.py
[2022-01-20 03:39:04,265] {logging_mixin.py:109} INFO - [2022-01-20 03:39:04,264] {dag.py:2389} INFO - Sync 1 DAGs
[2022-01-20 03:39:04,319] {logging_mixin.py:109} INFO - [2022-01-20 03:39:04,319] {dag.py:2914} INFO - Setting next_dagrun for example_skip_dag to 2022-01-19T03:39:04.317228+00:00
[2022-01-20 03:39:04,348] {processor.py:171} INFO - Processing /home/airflow/.local/lib/python3.7/site-packages/airflow/example_dags/example_skip_dag.py took 0.209 seconds
[2022-01-20 03:39:36,390] {processor.py:163} INFO - Started process (PID=4180) to work on /home/airflow/.local/lib/python3.7/site-packages/airflow/example_dags/example_skip_dag.py
[2022-01-20 03:39:36,394] {processor.py:620} INFO - Processing file /home/airflow/.local/lib/python3.7/site-packages/airflow/example_dags/example_skip_dag.py for tasks to queue
[2022-01-20 03:39:36,398] {logging_mixin.py:109} INFO - [2022-01-20 03:39:36,397] {dagbag.py:500} INFO - Filling up the DagBag from /home/airflow/.local/lib/python3.7/site-packages/airflow/example_dags/example_skip_dag.py
[2022-01-20 03:39:36,474] {processor.py:632} INFO - DAG(s) dict_keys(['example_skip_dag']) retrieved from /home/airflow/.local/lib/python3.7/site-packages/airflow/example_dags/example_skip_dag.py
[2022-01-20 03:39:36,521] {logging_mixin.py:109} INFO - [2022-01-20 03:39:36,520] {dag.py:2389} INFO - Sync 1 DAGs
[2022-01-20 03:39:36,578] {logging_mixin.py:109} INFO - [2022-01-20 03:39:36,577] {dag.py:2914} INFO - Setting next_dagrun for example_skip_dag to 2022-01-19T03:39:36.575932+00:00
[2022-01-20 03:39:36,636] {processor.py:171} INFO - Processing /home/airflow/.local/lib/python3.7/site-packages/airflow/example_dags/example_skip_dag.py took 0.253 seconds
[2022-01-20 03:40:07,441] {processor.py:163} INFO - Started process (PID=4276) to work on /home/airflow/.local/lib/python3.7/site-packages/airflow/example_dags/example_skip_dag.py
[2022-01-20 03:40:07,445] {processor.py:620} INFO - Processing file /home/airflow/.local/lib/python3.7/site-packages/airflow/example_dags/example_skip_dag.py for tasks to queue
[2022-01-20 03:40:07,447] {logging_mixin.py:109} INFO - [2022-01-20 03:40:07,447] {dagbag.py:500} INFO - Filling up the DagBag from /home/airflow/.local/lib/python3.7/site-packages/airflow/example_dags/example_skip_dag.py
[2022-01-20 03:40:07,506] {processor.py:632} INFO - DAG(s) dict_keys(['example_skip_dag']) retrieved from /home/airflow/.local/lib/python3.7/site-packages/airflow/example_dags/example_skip_dag.py
[2022-01-20 03:40:07,545] {logging_mixin.py:109} INFO - [2022-01-20 03:40:07,544] {dag.py:2389} INFO - Sync 1 DAGs
[2022-01-20 03:40:07,589] {logging_mixin.py:109} INFO - [2022-01-20 03:40:07,588] {dag.py:2914} INFO - Setting next_dagrun for example_skip_dag to 2022-01-19T03:40:07.587365+00:00
[2022-01-20 03:40:07,613] {processor.py:171} INFO - Processing /home/airflow/.local/lib/python3.7/site-packages/airflow/example_dags/example_skip_dag.py took 0.179 seconds
[2022-01-20 03:40:37,978] {processor.py:163} INFO - Started process (PID=4389) to work on /home/airflow/.local/lib/python3.7/site-packages/airflow/example_dags/example_skip_dag.py
[2022-01-20 03:40:37,993] {processor.py:620} INFO - Processing file /home/airflow/.local/lib/python3.7/site-packages/airflow/example_dags/example_skip_dag.py for tasks to queue
[2022-01-20 03:40:37,996] {logging_mixin.py:109} INFO - [2022-01-20 03:40:37,996] {dagbag.py:500} INFO - Filling up the DagBag from /home/airflow/.local/lib/python3.7/site-packages/airflow/example_dags/example_skip_dag.py
[2022-01-20 03:40:38,097] {processor.py:632} INFO - DAG(s) dict_keys(['example_skip_dag']) retrieved from /home/airflow/.local/lib/python3.7/site-packages/airflow/example_dags/example_skip_dag.py
[2022-01-20 03:40:38,145] {logging_mixin.py:109} INFO - [2022-01-20 03:40:38,145] {dag.py:2389} INFO - Sync 1 DAGs
[2022-01-20 03:40:38,237] {logging_mixin.py:109} INFO - [2022-01-20 03:40:38,237] {dag.py:2914} INFO - Setting next_dagrun for example_skip_dag to 2022-01-19T03:40:38.235861+00:00
[2022-01-20 03:40:38,270] {processor.py:171} INFO - Processing /home/airflow/.local/lib/python3.7/site-packages/airflow/example_dags/example_skip_dag.py took 0.301 seconds
[2022-01-20 03:41:08,736] {processor.py:163} INFO - Started process (PID=4489) to work on /home/airflow/.local/lib/python3.7/site-packages/airflow/example_dags/example_skip_dag.py
[2022-01-20 03:41:08,752] {processor.py:620} INFO - Processing file /home/airflow/.local/lib/python3.7/site-packages/airflow/example_dags/example_skip_dag.py for tasks to queue
[2022-01-20 03:41:08,754] {logging_mixin.py:109} INFO - [2022-01-20 03:41:08,754] {dagbag.py:500} INFO - Filling up the DagBag from /home/airflow/.local/lib/python3.7/site-packages/airflow/example_dags/example_skip_dag.py
[2022-01-20 03:41:08,810] {processor.py:632} INFO - DAG(s) dict_keys(['example_skip_dag']) retrieved from /home/airflow/.local/lib/python3.7/site-packages/airflow/example_dags/example_skip_dag.py
[2022-01-20 03:41:08,855] {logging_mixin.py:109} INFO - [2022-01-20 03:41:08,855] {dag.py:2389} INFO - Sync 1 DAGs
[2022-01-20 03:41:08,900] {logging_mixin.py:109} INFO - [2022-01-20 03:41:08,900] {dag.py:2914} INFO - Setting next_dagrun for example_skip_dag to 2022-01-19T03:41:08.898751+00:00
[2022-01-20 03:41:08,926] {processor.py:171} INFO - Processing /home/airflow/.local/lib/python3.7/site-packages/airflow/example_dags/example_skip_dag.py took 0.197 seconds
[2022-01-20 03:41:39,187] {processor.py:163} INFO - Started process (PID=4602) to work on /home/airflow/.local/lib/python3.7/site-packages/airflow/example_dags/example_skip_dag.py
[2022-01-20 03:41:39,191] {processor.py:620} INFO - Processing file /home/airflow/.local/lib/python3.7/site-packages/airflow/example_dags/example_skip_dag.py for tasks to queue
[2022-01-20 03:41:39,194] {logging_mixin.py:109} INFO - [2022-01-20 03:41:39,194] {dagbag.py:500} INFO - Filling up the DagBag from /home/airflow/.local/lib/python3.7/site-packages/airflow/example_dags/example_skip_dag.py
[2022-01-20 03:41:39,265] {processor.py:632} INFO - DAG(s) dict_keys(['example_skip_dag']) retrieved from /home/airflow/.local/lib/python3.7/site-packages/airflow/example_dags/example_skip_dag.py
[2022-01-20 03:41:39,318] {logging_mixin.py:109} INFO - [2022-01-20 03:41:39,318] {dag.py:2389} INFO - Sync 1 DAGs
[2022-01-20 03:41:39,374] {logging_mixin.py:109} INFO - [2022-01-20 03:41:39,374] {dag.py:2914} INFO - Setting next_dagrun for example_skip_dag to 2022-01-19T03:41:39.371245+00:00
[2022-01-20 03:41:39,410] {processor.py:171} INFO - Processing /home/airflow/.local/lib/python3.7/site-packages/airflow/example_dags/example_skip_dag.py took 0.231 seconds
[2022-01-20 03:42:09,722] {processor.py:163} INFO - Started process (PID=4699) to work on /home/airflow/.local/lib/python3.7/site-packages/airflow/example_dags/example_skip_dag.py
[2022-01-20 03:42:09,732] {processor.py:620} INFO - Processing file /home/airflow/.local/lib/python3.7/site-packages/airflow/example_dags/example_skip_dag.py for tasks to queue
[2022-01-20 03:42:09,739] {logging_mixin.py:109} INFO - [2022-01-20 03:42:09,738] {dagbag.py:500} INFO - Filling up the DagBag from /home/airflow/.local/lib/python3.7/site-packages/airflow/example_dags/example_skip_dag.py
[2022-01-20 03:42:09,804] {processor.py:632} INFO - DAG(s) dict_keys(['example_skip_dag']) retrieved from /home/airflow/.local/lib/python3.7/site-packages/airflow/example_dags/example_skip_dag.py
[2022-01-20 03:42:09,844] {logging_mixin.py:109} INFO - [2022-01-20 03:42:09,843] {dag.py:2389} INFO - Sync 1 DAGs
[2022-01-20 03:42:09,892] {logging_mixin.py:109} INFO - [2022-01-20 03:42:09,891] {dag.py:2914} INFO - Setting next_dagrun for example_skip_dag to 2022-01-19T03:42:09.890468+00:00
[2022-01-20 03:42:09,914] {processor.py:171} INFO - Processing /home/airflow/.local/lib/python3.7/site-packages/airflow/example_dags/example_skip_dag.py took 0.201 seconds
[2022-01-20 03:42:40,408] {processor.py:163} INFO - Started process (PID=4810) to work on /home/airflow/.local/lib/python3.7/site-packages/airflow/example_dags/example_skip_dag.py
[2022-01-20 03:42:40,413] {processor.py:620} INFO - Processing file /home/airflow/.local/lib/python3.7/site-packages/airflow/example_dags/example_skip_dag.py for tasks to queue
[2022-01-20 03:42:40,421] {logging_mixin.py:109} INFO - [2022-01-20 03:42:40,421] {dagbag.py:500} INFO - Filling up the DagBag from /home/airflow/.local/lib/python3.7/site-packages/airflow/example_dags/example_skip_dag.py
[2022-01-20 03:42:40,499] {processor.py:632} INFO - DAG(s) dict_keys(['example_skip_dag']) retrieved from /home/airflow/.local/lib/python3.7/site-packages/airflow/example_dags/example_skip_dag.py
[2022-01-20 03:42:40,563] {logging_mixin.py:109} INFO - [2022-01-20 03:42:40,563] {dag.py:2389} INFO - Sync 1 DAGs
[2022-01-20 03:42:40,623] {logging_mixin.py:109} INFO - [2022-01-20 03:42:40,622] {dag.py:2914} INFO - Setting next_dagrun for example_skip_dag to 2022-01-19T03:42:40.620646+00:00
[2022-01-20 03:42:40,665] {processor.py:171} INFO - Processing /home/airflow/.local/lib/python3.7/site-packages/airflow/example_dags/example_skip_dag.py took 0.264 seconds
[2022-01-20 03:43:10,840] {processor.py:163} INFO - Started process (PID=4907) to work on /home/airflow/.local/lib/python3.7/site-packages/airflow/example_dags/example_skip_dag.py
[2022-01-20 03:43:10,845] {processor.py:620} INFO - Processing file /home/airflow/.local/lib/python3.7/site-packages/airflow/example_dags/example_skip_dag.py for tasks to queue
[2022-01-20 03:43:10,848] {logging_mixin.py:109} INFO - [2022-01-20 03:43:10,848] {dagbag.py:500} INFO - Filling up the DagBag from /home/airflow/.local/lib/python3.7/site-packages/airflow/example_dags/example_skip_dag.py
[2022-01-20 03:43:10,941] {processor.py:632} INFO - DAG(s) dict_keys(['example_skip_dag']) retrieved from /home/airflow/.local/lib/python3.7/site-packages/airflow/example_dags/example_skip_dag.py
[2022-01-20 03:43:10,991] {logging_mixin.py:109} INFO - [2022-01-20 03:43:10,991] {dag.py:2389} INFO - Sync 1 DAGs
[2022-01-20 03:43:11,080] {logging_mixin.py:109} INFO - [2022-01-20 03:43:11,079] {dag.py:2914} INFO - Setting next_dagrun for example_skip_dag to 2022-01-19T03:43:11.077516+00:00
[2022-01-20 03:43:11,153] {processor.py:171} INFO - Processing /home/airflow/.local/lib/python3.7/site-packages/airflow/example_dags/example_skip_dag.py took 0.325 seconds
[2022-01-20 03:43:41,280] {processor.py:163} INFO - Started process (PID=5028) to work on /home/airflow/.local/lib/python3.7/site-packages/airflow/example_dags/example_skip_dag.py
[2022-01-20 03:43:41,285] {processor.py:620} INFO - Processing file /home/airflow/.local/lib/python3.7/site-packages/airflow/example_dags/example_skip_dag.py for tasks to queue
[2022-01-20 03:43:41,289] {logging_mixin.py:109} INFO - [2022-01-20 03:43:41,289] {dagbag.py:500} INFO - Filling up the DagBag from /home/airflow/.local/lib/python3.7/site-packages/airflow/example_dags/example_skip_dag.py
[2022-01-20 03:43:41,366] {processor.py:632} INFO - DAG(s) dict_keys(['example_skip_dag']) retrieved from /home/airflow/.local/lib/python3.7/site-packages/airflow/example_dags/example_skip_dag.py
[2022-01-20 03:43:41,417] {logging_mixin.py:109} INFO - [2022-01-20 03:43:41,416] {dag.py:2389} INFO - Sync 1 DAGs
[2022-01-20 03:43:41,475] {logging_mixin.py:109} INFO - [2022-01-20 03:43:41,474] {dag.py:2914} INFO - Setting next_dagrun for example_skip_dag to 2022-01-19T03:43:41.472991+00:00
[2022-01-20 03:43:41,507] {processor.py:171} INFO - Processing /home/airflow/.local/lib/python3.7/site-packages/airflow/example_dags/example_skip_dag.py took 0.235 seconds
[2022-01-20 03:44:11,656] {processor.py:163} INFO - Started process (PID=5134) to work on /home/airflow/.local/lib/python3.7/site-packages/airflow/example_dags/example_skip_dag.py
[2022-01-20 03:44:11,662] {processor.py:620} INFO - Processing file /home/airflow/.local/lib/python3.7/site-packages/airflow/example_dags/example_skip_dag.py for tasks to queue
[2022-01-20 03:44:11,675] {logging_mixin.py:109} INFO - [2022-01-20 03:44:11,674] {dagbag.py:500} INFO - Filling up the DagBag from /home/airflow/.local/lib/python3.7/site-packages/airflow/example_dags/example_skip_dag.py
[2022-01-20 03:44:11,752] {processor.py:632} INFO - DAG(s) dict_keys(['example_skip_dag']) retrieved from /home/airflow/.local/lib/python3.7/site-packages/airflow/example_dags/example_skip_dag.py
[2022-01-20 03:44:11,821] {logging_mixin.py:109} INFO - [2022-01-20 03:44:11,820] {dag.py:2389} INFO - Sync 1 DAGs
[2022-01-20 03:44:11,888] {logging_mixin.py:109} INFO - [2022-01-20 03:44:11,886] {dag.py:2914} INFO - Setting next_dagrun for example_skip_dag to 2022-01-19T03:44:11.884233+00:00
[2022-01-20 03:44:11,925] {processor.py:171} INFO - Processing /home/airflow/.local/lib/python3.7/site-packages/airflow/example_dags/example_skip_dag.py took 0.280 seconds
[2022-01-20 03:44:42,104] {processor.py:163} INFO - Started process (PID=5235) to work on /home/airflow/.local/lib/python3.7/site-packages/airflow/example_dags/example_skip_dag.py
[2022-01-20 03:44:42,109] {processor.py:620} INFO - Processing file /home/airflow/.local/lib/python3.7/site-packages/airflow/example_dags/example_skip_dag.py for tasks to queue
[2022-01-20 03:44:42,114] {logging_mixin.py:109} INFO - [2022-01-20 03:44:42,113] {dagbag.py:500} INFO - Filling up the DagBag from /home/airflow/.local/lib/python3.7/site-packages/airflow/example_dags/example_skip_dag.py
[2022-01-20 03:44:42,198] {processor.py:632} INFO - DAG(s) dict_keys(['example_skip_dag']) retrieved from /home/airflow/.local/lib/python3.7/site-packages/airflow/example_dags/example_skip_dag.py
[2022-01-20 03:44:42,249] {logging_mixin.py:109} INFO - [2022-01-20 03:44:42,248] {dag.py:2389} INFO - Sync 1 DAGs
[2022-01-20 03:44:42,306] {logging_mixin.py:109} INFO - [2022-01-20 03:44:42,306] {dag.py:2914} INFO - Setting next_dagrun for example_skip_dag to 2022-01-19T03:44:42.304352+00:00
[2022-01-20 03:44:42,338] {processor.py:171} INFO - Processing /home/airflow/.local/lib/python3.7/site-packages/airflow/example_dags/example_skip_dag.py took 0.242 seconds
[2022-01-20 03:45:12,803] {processor.py:163} INFO - Started process (PID=5341) to work on /home/airflow/.local/lib/python3.7/site-packages/airflow/example_dags/example_skip_dag.py
[2022-01-20 03:45:12,808] {processor.py:620} INFO - Processing file /home/airflow/.local/lib/python3.7/site-packages/airflow/example_dags/example_skip_dag.py for tasks to queue
[2022-01-20 03:45:12,813] {logging_mixin.py:109} INFO - [2022-01-20 03:45:12,812] {dagbag.py:500} INFO - Filling up the DagBag from /home/airflow/.local/lib/python3.7/site-packages/airflow/example_dags/example_skip_dag.py
[2022-01-20 03:45:12,906] {processor.py:632} INFO - DAG(s) dict_keys(['example_skip_dag']) retrieved from /home/airflow/.local/lib/python3.7/site-packages/airflow/example_dags/example_skip_dag.py
[2022-01-20 03:45:12,955] {logging_mixin.py:109} INFO - [2022-01-20 03:45:12,955] {dag.py:2389} INFO - Sync 1 DAGs
[2022-01-20 03:45:13,025] {logging_mixin.py:109} INFO - [2022-01-20 03:45:13,024] {dag.py:2914} INFO - Setting next_dagrun for example_skip_dag to 2022-01-19T03:45:13.022993+00:00
[2022-01-20 03:45:13,061] {processor.py:171} INFO - Processing /home/airflow/.local/lib/python3.7/site-packages/airflow/example_dags/example_skip_dag.py took 0.281 seconds
[2022-01-20 03:45:44,282] {processor.py:163} INFO - Started process (PID=5444) to work on /home/airflow/.local/lib/python3.7/site-packages/airflow/example_dags/example_skip_dag.py
[2022-01-20 03:45:44,286] {processor.py:620} INFO - Processing file /home/airflow/.local/lib/python3.7/site-packages/airflow/example_dags/example_skip_dag.py for tasks to queue
[2022-01-20 03:45:44,290] {logging_mixin.py:109} INFO - [2022-01-20 03:45:44,289] {dagbag.py:500} INFO - Filling up the DagBag from /home/airflow/.local/lib/python3.7/site-packages/airflow/example_dags/example_skip_dag.py
[2022-01-20 03:45:44,359] {processor.py:632} INFO - DAG(s) dict_keys(['example_skip_dag']) retrieved from /home/airflow/.local/lib/python3.7/site-packages/airflow/example_dags/example_skip_dag.py
[2022-01-20 03:45:44,412] {logging_mixin.py:109} INFO - [2022-01-20 03:45:44,411] {dag.py:2389} INFO - Sync 1 DAGs
[2022-01-20 03:45:44,473] {logging_mixin.py:109} INFO - [2022-01-20 03:45:44,472] {dag.py:2914} INFO - Setting next_dagrun for example_skip_dag to 2022-01-19T03:45:44.470201+00:00
[2022-01-20 03:45:44,503] {processor.py:171} INFO - Processing /home/airflow/.local/lib/python3.7/site-packages/airflow/example_dags/example_skip_dag.py took 0.230 seconds
[2022-01-20 03:46:17,492] {processor.py:163} INFO - Started process (PID=5559) to work on /home/airflow/.local/lib/python3.7/site-packages/airflow/example_dags/example_skip_dag.py
[2022-01-20 03:46:17,498] {processor.py:620} INFO - Processing file /home/airflow/.local/lib/python3.7/site-packages/airflow/example_dags/example_skip_dag.py for tasks to queue
[2022-01-20 03:46:17,501] {logging_mixin.py:109} INFO - [2022-01-20 03:46:17,501] {dagbag.py:500} INFO - Filling up the DagBag from /home/airflow/.local/lib/python3.7/site-packages/airflow/example_dags/example_skip_dag.py
[2022-01-20 03:46:17,578] {processor.py:632} INFO - DAG(s) dict_keys(['example_skip_dag']) retrieved from /home/airflow/.local/lib/python3.7/site-packages/airflow/example_dags/example_skip_dag.py
[2022-01-20 03:46:17,629] {logging_mixin.py:109} INFO - [2022-01-20 03:46:17,628] {dag.py:2389} INFO - Sync 1 DAGs
[2022-01-20 03:46:17,690] {logging_mixin.py:109} INFO - [2022-01-20 03:46:17,690] {dag.py:2914} INFO - Setting next_dagrun for example_skip_dag to 2022-01-19T03:46:17.688530+00:00
[2022-01-20 03:46:17,731] {processor.py:171} INFO - Processing /home/airflow/.local/lib/python3.7/site-packages/airflow/example_dags/example_skip_dag.py took 0.248 seconds
[2022-01-20 03:46:49,286] {processor.py:163} INFO - Started process (PID=5660) to work on /home/airflow/.local/lib/python3.7/site-packages/airflow/example_dags/example_skip_dag.py
[2022-01-20 03:46:49,290] {processor.py:620} INFO - Processing file /home/airflow/.local/lib/python3.7/site-packages/airflow/example_dags/example_skip_dag.py for tasks to queue
[2022-01-20 03:46:49,293] {logging_mixin.py:109} INFO - [2022-01-20 03:46:49,293] {dagbag.py:500} INFO - Filling up the DagBag from /home/airflow/.local/lib/python3.7/site-packages/airflow/example_dags/example_skip_dag.py
[2022-01-20 03:46:49,357] {processor.py:632} INFO - DAG(s) dict_keys(['example_skip_dag']) retrieved from /home/airflow/.local/lib/python3.7/site-packages/airflow/example_dags/example_skip_dag.py
[2022-01-20 03:46:49,403] {logging_mixin.py:109} INFO - [2022-01-20 03:46:49,402] {dag.py:2389} INFO - Sync 1 DAGs
[2022-01-20 03:46:49,455] {logging_mixin.py:109} INFO - [2022-01-20 03:46:49,455] {dag.py:2914} INFO - Setting next_dagrun for example_skip_dag to 2022-01-19T03:46:49.453604+00:00
[2022-01-20 03:46:49,480] {processor.py:171} INFO - Processing /home/airflow/.local/lib/python3.7/site-packages/airflow/example_dags/example_skip_dag.py took 0.201 seconds
[2022-01-20 03:47:20,591] {processor.py:163} INFO - Started process (PID=5778) to work on /home/airflow/.local/lib/python3.7/site-packages/airflow/example_dags/example_skip_dag.py
[2022-01-20 03:47:20,596] {processor.py:620} INFO - Processing file /home/airflow/.local/lib/python3.7/site-packages/airflow/example_dags/example_skip_dag.py for tasks to queue
[2022-01-20 03:47:20,599] {logging_mixin.py:109} INFO - [2022-01-20 03:47:20,599] {dagbag.py:500} INFO - Filling up the DagBag from /home/airflow/.local/lib/python3.7/site-packages/airflow/example_dags/example_skip_dag.py
[2022-01-20 03:47:20,671] {processor.py:632} INFO - DAG(s) dict_keys(['example_skip_dag']) retrieved from /home/airflow/.local/lib/python3.7/site-packages/airflow/example_dags/example_skip_dag.py
[2022-01-20 03:47:20,720] {logging_mixin.py:109} INFO - [2022-01-20 03:47:20,719] {dag.py:2389} INFO - Sync 1 DAGs
[2022-01-20 03:47:20,777] {logging_mixin.py:109} INFO - [2022-01-20 03:47:20,776] {dag.py:2914} INFO - Setting next_dagrun for example_skip_dag to 2022-01-19T03:47:20.774884+00:00
[2022-01-20 03:47:20,809] {processor.py:171} INFO - Processing /home/airflow/.local/lib/python3.7/site-packages/airflow/example_dags/example_skip_dag.py took 0.226 seconds
[2022-01-20 03:47:50,947] {processor.py:163} INFO - Started process (PID=5870) to work on /home/airflow/.local/lib/python3.7/site-packages/airflow/example_dags/example_skip_dag.py
[2022-01-20 03:47:50,954] {processor.py:620} INFO - Processing file /home/airflow/.local/lib/python3.7/site-packages/airflow/example_dags/example_skip_dag.py for tasks to queue
[2022-01-20 03:47:50,958] {logging_mixin.py:109} INFO - [2022-01-20 03:47:50,958] {dagbag.py:500} INFO - Filling up the DagBag from /home/airflow/.local/lib/python3.7/site-packages/airflow/example_dags/example_skip_dag.py
[2022-01-20 03:47:51,042] {processor.py:632} INFO - DAG(s) dict_keys(['example_skip_dag']) retrieved from /home/airflow/.local/lib/python3.7/site-packages/airflow/example_dags/example_skip_dag.py
[2022-01-20 03:47:51,089] {logging_mixin.py:109} INFO - [2022-01-20 03:47:51,089] {dag.py:2389} INFO - Sync 1 DAGs
[2022-01-20 03:47:51,150] {logging_mixin.py:109} INFO - [2022-01-20 03:47:51,149] {dag.py:2914} INFO - Setting next_dagrun for example_skip_dag to 2022-01-19T03:47:51.147515+00:00
[2022-01-20 03:47:51,183] {processor.py:171} INFO - Processing /home/airflow/.local/lib/python3.7/site-packages/airflow/example_dags/example_skip_dag.py took 0.243 seconds
[2022-01-20 03:48:22,074] {processor.py:163} INFO - Started process (PID=5978) to work on /home/airflow/.local/lib/python3.7/site-packages/airflow/example_dags/example_skip_dag.py
[2022-01-20 03:48:22,079] {processor.py:620} INFO - Processing file /home/airflow/.local/lib/python3.7/site-packages/airflow/example_dags/example_skip_dag.py for tasks to queue
[2022-01-20 03:48:22,082] {logging_mixin.py:109} INFO - [2022-01-20 03:48:22,081] {dagbag.py:500} INFO - Filling up the DagBag from /home/airflow/.local/lib/python3.7/site-packages/airflow/example_dags/example_skip_dag.py
[2022-01-20 03:48:22,154] {processor.py:632} INFO - DAG(s) dict_keys(['example_skip_dag']) retrieved from /home/airflow/.local/lib/python3.7/site-packages/airflow/example_dags/example_skip_dag.py
[2022-01-20 03:48:22,201] {logging_mixin.py:109} INFO - [2022-01-20 03:48:22,200] {dag.py:2389} INFO - Sync 1 DAGs
[2022-01-20 03:48:22,254] {logging_mixin.py:109} INFO - [2022-01-20 03:48:22,253] {dag.py:2914} INFO - Setting next_dagrun for example_skip_dag to 2022-01-19T03:48:22.251886+00:00
[2022-01-20 03:48:22,281] {processor.py:171} INFO - Processing /home/airflow/.local/lib/python3.7/site-packages/airflow/example_dags/example_skip_dag.py took 0.216 seconds
[2022-01-20 03:48:52,713] {processor.py:163} INFO - Started process (PID=6079) to work on /home/airflow/.local/lib/python3.7/site-packages/airflow/example_dags/example_skip_dag.py
[2022-01-20 03:48:52,719] {processor.py:620} INFO - Processing file /home/airflow/.local/lib/python3.7/site-packages/airflow/example_dags/example_skip_dag.py for tasks to queue
[2022-01-20 03:48:52,723] {logging_mixin.py:109} INFO - [2022-01-20 03:48:52,722] {dagbag.py:500} INFO - Filling up the DagBag from /home/airflow/.local/lib/python3.7/site-packages/airflow/example_dags/example_skip_dag.py
[2022-01-20 03:48:52,800] {processor.py:632} INFO - DAG(s) dict_keys(['example_skip_dag']) retrieved from /home/airflow/.local/lib/python3.7/site-packages/airflow/example_dags/example_skip_dag.py
[2022-01-20 03:48:52,849] {logging_mixin.py:109} INFO - [2022-01-20 03:48:52,848] {dag.py:2389} INFO - Sync 1 DAGs
[2022-01-20 03:48:52,906] {logging_mixin.py:109} INFO - [2022-01-20 03:48:52,905] {dag.py:2914} INFO - Setting next_dagrun for example_skip_dag to 2022-01-19T03:48:52.903728+00:00
[2022-01-20 03:48:52,936] {processor.py:171} INFO - Processing /home/airflow/.local/lib/python3.7/site-packages/airflow/example_dags/example_skip_dag.py took 0.231 seconds
[2022-01-20 03:49:23,037] {processor.py:163} INFO - Started process (PID=6181) to work on /home/airflow/.local/lib/python3.7/site-packages/airflow/example_dags/example_skip_dag.py
[2022-01-20 03:49:23,042] {processor.py:620} INFO - Processing file /home/airflow/.local/lib/python3.7/site-packages/airflow/example_dags/example_skip_dag.py for tasks to queue
[2022-01-20 03:49:23,045] {logging_mixin.py:109} INFO - [2022-01-20 03:49:23,045] {dagbag.py:500} INFO - Filling up the DagBag from /home/airflow/.local/lib/python3.7/site-packages/airflow/example_dags/example_skip_dag.py
[2022-01-20 03:49:23,116] {processor.py:632} INFO - DAG(s) dict_keys(['example_skip_dag']) retrieved from /home/airflow/.local/lib/python3.7/site-packages/airflow/example_dags/example_skip_dag.py
[2022-01-20 03:49:23,178] {logging_mixin.py:109} INFO - [2022-01-20 03:49:23,177] {dag.py:2389} INFO - Sync 1 DAGs
[2022-01-20 03:49:23,238] {logging_mixin.py:109} INFO - [2022-01-20 03:49:23,238] {dag.py:2914} INFO - Setting next_dagrun for example_skip_dag to 2022-01-19T03:49:23.236194+00:00
[2022-01-20 03:49:23,268] {processor.py:171} INFO - Processing /home/airflow/.local/lib/python3.7/site-packages/airflow/example_dags/example_skip_dag.py took 0.237 seconds
[2022-01-20 03:49:53,372] {processor.py:163} INFO - Started process (PID=6294) to work on /home/airflow/.local/lib/python3.7/site-packages/airflow/example_dags/example_skip_dag.py
[2022-01-20 03:49:53,378] {processor.py:620} INFO - Processing file /home/airflow/.local/lib/python3.7/site-packages/airflow/example_dags/example_skip_dag.py for tasks to queue
[2022-01-20 03:49:53,382] {logging_mixin.py:109} INFO - [2022-01-20 03:49:53,381] {dagbag.py:500} INFO - Filling up the DagBag from /home/airflow/.local/lib/python3.7/site-packages/airflow/example_dags/example_skip_dag.py
[2022-01-20 03:49:53,459] {processor.py:632} INFO - DAG(s) dict_keys(['example_skip_dag']) retrieved from /home/airflow/.local/lib/python3.7/site-packages/airflow/example_dags/example_skip_dag.py
[2022-01-20 03:49:53,509] {logging_mixin.py:109} INFO - [2022-01-20 03:49:53,508] {dag.py:2389} INFO - Sync 1 DAGs
[2022-01-20 03:49:53,565] {logging_mixin.py:109} INFO - [2022-01-20 03:49:53,565] {dag.py:2914} INFO - Setting next_dagrun for example_skip_dag to 2022-01-19T03:49:53.562949+00:00
[2022-01-20 03:49:53,596] {processor.py:171} INFO - Processing /home/airflow/.local/lib/python3.7/site-packages/airflow/example_dags/example_skip_dag.py took 0.233 seconds
[2022-01-20 03:50:24,379] {processor.py:163} INFO - Started process (PID=6390) to work on /home/airflow/.local/lib/python3.7/site-packages/airflow/example_dags/example_skip_dag.py
[2022-01-20 03:50:24,383] {processor.py:620} INFO - Processing file /home/airflow/.local/lib/python3.7/site-packages/airflow/example_dags/example_skip_dag.py for tasks to queue
[2022-01-20 03:50:24,386] {logging_mixin.py:109} INFO - [2022-01-20 03:50:24,385] {dagbag.py:500} INFO - Filling up the DagBag from /home/airflow/.local/lib/python3.7/site-packages/airflow/example_dags/example_skip_dag.py
[2022-01-20 03:50:24,451] {processor.py:632} INFO - DAG(s) dict_keys(['example_skip_dag']) retrieved from /home/airflow/.local/lib/python3.7/site-packages/airflow/example_dags/example_skip_dag.py
[2022-01-20 03:50:24,497] {logging_mixin.py:109} INFO - [2022-01-20 03:50:24,496] {dag.py:2389} INFO - Sync 1 DAGs
[2022-01-20 03:50:24,552] {logging_mixin.py:109} INFO - [2022-01-20 03:50:24,551] {dag.py:2914} INFO - Setting next_dagrun for example_skip_dag to 2022-01-19T03:50:24.549950+00:00
[2022-01-20 03:50:24,586] {processor.py:171} INFO - Processing /home/airflow/.local/lib/python3.7/site-packages/airflow/example_dags/example_skip_dag.py took 0.214 seconds
[2022-01-20 03:50:55,002] {processor.py:163} INFO - Started process (PID=6502) to work on /home/airflow/.local/lib/python3.7/site-packages/airflow/example_dags/example_skip_dag.py
[2022-01-20 03:50:55,007] {processor.py:620} INFO - Processing file /home/airflow/.local/lib/python3.7/site-packages/airflow/example_dags/example_skip_dag.py for tasks to queue
[2022-01-20 03:50:55,009] {logging_mixin.py:109} INFO - [2022-01-20 03:50:55,009] {dagbag.py:500} INFO - Filling up the DagBag from /home/airflow/.local/lib/python3.7/site-packages/airflow/example_dags/example_skip_dag.py
[2022-01-20 03:50:55,083] {processor.py:632} INFO - DAG(s) dict_keys(['example_skip_dag']) retrieved from /home/airflow/.local/lib/python3.7/site-packages/airflow/example_dags/example_skip_dag.py
[2022-01-20 03:50:55,129] {logging_mixin.py:109} INFO - [2022-01-20 03:50:55,129] {dag.py:2389} INFO - Sync 1 DAGs
[2022-01-20 03:50:55,188] {logging_mixin.py:109} INFO - [2022-01-20 03:50:55,187] {dag.py:2914} INFO - Setting next_dagrun for example_skip_dag to 2022-01-19T03:50:55.185706+00:00
[2022-01-20 03:50:55,218] {processor.py:171} INFO - Processing /home/airflow/.local/lib/python3.7/site-packages/airflow/example_dags/example_skip_dag.py took 0.225 seconds
[2022-01-20 03:51:25,915] {processor.py:163} INFO - Started process (PID=6604) to work on /home/airflow/.local/lib/python3.7/site-packages/airflow/example_dags/example_skip_dag.py
[2022-01-20 03:51:25,918] {processor.py:620} INFO - Processing file /home/airflow/.local/lib/python3.7/site-packages/airflow/example_dags/example_skip_dag.py for tasks to queue
[2022-01-20 03:51:25,937] {logging_mixin.py:109} INFO - [2022-01-20 03:51:25,936] {dagbag.py:500} INFO - Filling up the DagBag from /home/airflow/.local/lib/python3.7/site-packages/airflow/example_dags/example_skip_dag.py
[2022-01-20 03:51:26,003] {processor.py:632} INFO - DAG(s) dict_keys(['example_skip_dag']) retrieved from /home/airflow/.local/lib/python3.7/site-packages/airflow/example_dags/example_skip_dag.py
[2022-01-20 03:51:26,045] {logging_mixin.py:109} INFO - [2022-01-20 03:51:26,044] {dag.py:2389} INFO - Sync 1 DAGs
[2022-01-20 03:51:26,093] {logging_mixin.py:109} INFO - [2022-01-20 03:51:26,092] {dag.py:2914} INFO - Setting next_dagrun for example_skip_dag to 2022-01-19T03:51:26.091311+00:00
[2022-01-20 03:51:26,120] {processor.py:171} INFO - Processing /home/airflow/.local/lib/python3.7/site-packages/airflow/example_dags/example_skip_dag.py took 0.212 seconds
