[2022-01-20 03:20:21,859] {processor.py:163} INFO - Started process (PID=259) to work on /home/airflow/.local/lib/python3.7/site-packages/airflow/example_dags/example_python_operator.py
[2022-01-20 03:20:21,866] {processor.py:620} INFO - Processing file /home/airflow/.local/lib/python3.7/site-packages/airflow/example_dags/example_python_operator.py for tasks to queue
[2022-01-20 03:20:21,876] {logging_mixin.py:109} INFO - [2022-01-20 03:20:21,876] {dagbag.py:500} INFO - Filling up the DagBag from /home/airflow/.local/lib/python3.7/site-packages/airflow/example_dags/example_python_operator.py
[2022-01-20 03:20:22,074] {processor.py:632} INFO - DAG(s) dict_keys(['example_python_operator']) retrieved from /home/airflow/.local/lib/python3.7/site-packages/airflow/example_dags/example_python_operator.py
[2022-01-20 03:20:22,200] {logging_mixin.py:109} INFO - [2022-01-20 03:20:22,199] {dag.py:2389} INFO - Sync 1 DAGs
[2022-01-20 03:20:22,314] {logging_mixin.py:109} INFO - [2022-01-20 03:20:22,313] {dag.py:2914} INFO - Setting next_dagrun for example_python_operator to None
[2022-01-20 03:20:22,375] {processor.py:171} INFO - Processing /home/airflow/.local/lib/python3.7/site-packages/airflow/example_dags/example_python_operator.py took 0.534 seconds
[2022-01-20 03:20:53,279] {processor.py:163} INFO - Started process (PID=367) to work on /home/airflow/.local/lib/python3.7/site-packages/airflow/example_dags/example_python_operator.py
[2022-01-20 03:20:53,287] {processor.py:620} INFO - Processing file /home/airflow/.local/lib/python3.7/site-packages/airflow/example_dags/example_python_operator.py for tasks to queue
[2022-01-20 03:20:53,294] {logging_mixin.py:109} INFO - [2022-01-20 03:20:53,293] {dagbag.py:500} INFO - Filling up the DagBag from /home/airflow/.local/lib/python3.7/site-packages/airflow/example_dags/example_python_operator.py
[2022-01-20 03:20:53,450] {processor.py:632} INFO - DAG(s) dict_keys(['example_python_operator']) retrieved from /home/airflow/.local/lib/python3.7/site-packages/airflow/example_dags/example_python_operator.py
[2022-01-20 03:20:53,515] {logging_mixin.py:109} INFO - [2022-01-20 03:20:53,514] {dag.py:2389} INFO - Sync 1 DAGs
[2022-01-20 03:20:53,586] {logging_mixin.py:109} INFO - [2022-01-20 03:20:53,585] {dag.py:2914} INFO - Setting next_dagrun for example_python_operator to None
[2022-01-20 03:20:53,628] {processor.py:171} INFO - Processing /home/airflow/.local/lib/python3.7/site-packages/airflow/example_dags/example_python_operator.py took 0.361 seconds
[2022-01-20 03:21:23,735] {processor.py:163} INFO - Started process (PID=467) to work on /home/airflow/.local/lib/python3.7/site-packages/airflow/example_dags/example_python_operator.py
[2022-01-20 03:21:23,747] {processor.py:620} INFO - Processing file /home/airflow/.local/lib/python3.7/site-packages/airflow/example_dags/example_python_operator.py for tasks to queue
[2022-01-20 03:21:23,751] {logging_mixin.py:109} INFO - [2022-01-20 03:21:23,750] {dagbag.py:500} INFO - Filling up the DagBag from /home/airflow/.local/lib/python3.7/site-packages/airflow/example_dags/example_python_operator.py
[2022-01-20 03:21:23,836] {processor.py:632} INFO - DAG(s) dict_keys(['example_python_operator']) retrieved from /home/airflow/.local/lib/python3.7/site-packages/airflow/example_dags/example_python_operator.py
[2022-01-20 03:21:23,925] {logging_mixin.py:109} INFO - [2022-01-20 03:21:23,924] {dag.py:2389} INFO - Sync 1 DAGs
[2022-01-20 03:21:24,008] {logging_mixin.py:109} INFO - [2022-01-20 03:21:24,008] {dag.py:2914} INFO - Setting next_dagrun for example_python_operator to None
[2022-01-20 03:21:24,036] {processor.py:171} INFO - Processing /home/airflow/.local/lib/python3.7/site-packages/airflow/example_dags/example_python_operator.py took 0.308 seconds
[2022-01-20 03:21:54,419] {processor.py:163} INFO - Started process (PID=575) to work on /home/airflow/.local/lib/python3.7/site-packages/airflow/example_dags/example_python_operator.py
[2022-01-20 03:21:54,424] {processor.py:620} INFO - Processing file /home/airflow/.local/lib/python3.7/site-packages/airflow/example_dags/example_python_operator.py for tasks to queue
[2022-01-20 03:21:54,429] {logging_mixin.py:109} INFO - [2022-01-20 03:21:54,428] {dagbag.py:500} INFO - Filling up the DagBag from /home/airflow/.local/lib/python3.7/site-packages/airflow/example_dags/example_python_operator.py
[2022-01-20 03:21:54,508] {processor.py:632} INFO - DAG(s) dict_keys(['example_python_operator']) retrieved from /home/airflow/.local/lib/python3.7/site-packages/airflow/example_dags/example_python_operator.py
[2022-01-20 03:21:54,555] {logging_mixin.py:109} INFO - [2022-01-20 03:21:54,554] {dag.py:2389} INFO - Sync 1 DAGs
[2022-01-20 03:21:54,614] {logging_mixin.py:109} INFO - [2022-01-20 03:21:54,614] {dag.py:2914} INFO - Setting next_dagrun for example_python_operator to None
[2022-01-20 03:21:54,646] {processor.py:171} INFO - Processing /home/airflow/.local/lib/python3.7/site-packages/airflow/example_dags/example_python_operator.py took 0.234 seconds
[2022-01-20 03:22:24,907] {processor.py:163} INFO - Started process (PID=667) to work on /home/airflow/.local/lib/python3.7/site-packages/airflow/example_dags/example_python_operator.py
[2022-01-20 03:22:24,911] {processor.py:620} INFO - Processing file /home/airflow/.local/lib/python3.7/site-packages/airflow/example_dags/example_python_operator.py for tasks to queue
[2022-01-20 03:22:24,914] {logging_mixin.py:109} INFO - [2022-01-20 03:22:24,914] {dagbag.py:500} INFO - Filling up the DagBag from /home/airflow/.local/lib/python3.7/site-packages/airflow/example_dags/example_python_operator.py
[2022-01-20 03:22:24,982] {processor.py:632} INFO - DAG(s) dict_keys(['example_python_operator']) retrieved from /home/airflow/.local/lib/python3.7/site-packages/airflow/example_dags/example_python_operator.py
[2022-01-20 03:22:25,021] {logging_mixin.py:109} INFO - [2022-01-20 03:22:25,020] {dag.py:2389} INFO - Sync 1 DAGs
[2022-01-20 03:22:25,068] {logging_mixin.py:109} INFO - [2022-01-20 03:22:25,067] {dag.py:2914} INFO - Setting next_dagrun for example_python_operator to None
[2022-01-20 03:22:25,097] {processor.py:171} INFO - Processing /home/airflow/.local/lib/python3.7/site-packages/airflow/example_dags/example_python_operator.py took 0.196 seconds
[2022-01-20 03:22:55,246] {processor.py:163} INFO - Started process (PID=781) to work on /home/airflow/.local/lib/python3.7/site-packages/airflow/example_dags/example_python_operator.py
[2022-01-20 03:22:55,251] {processor.py:620} INFO - Processing file /home/airflow/.local/lib/python3.7/site-packages/airflow/example_dags/example_python_operator.py for tasks to queue
[2022-01-20 03:22:55,254] {logging_mixin.py:109} INFO - [2022-01-20 03:22:55,253] {dagbag.py:500} INFO - Filling up the DagBag from /home/airflow/.local/lib/python3.7/site-packages/airflow/example_dags/example_python_operator.py
[2022-01-20 03:22:55,330] {processor.py:632} INFO - DAG(s) dict_keys(['example_python_operator']) retrieved from /home/airflow/.local/lib/python3.7/site-packages/airflow/example_dags/example_python_operator.py
[2022-01-20 03:22:55,404] {logging_mixin.py:109} INFO - [2022-01-20 03:22:55,404] {dag.py:2389} INFO - Sync 1 DAGs
[2022-01-20 03:22:55,470] {logging_mixin.py:109} INFO - [2022-01-20 03:22:55,469] {dag.py:2914} INFO - Setting next_dagrun for example_python_operator to None
[2022-01-20 03:22:55,498] {processor.py:171} INFO - Processing /home/airflow/.local/lib/python3.7/site-packages/airflow/example_dags/example_python_operator.py took 0.274 seconds
[2022-01-20 03:23:25,601] {processor.py:163} INFO - Started process (PID=878) to work on /home/airflow/.local/lib/python3.7/site-packages/airflow/example_dags/example_python_operator.py
[2022-01-20 03:23:25,604] {processor.py:620} INFO - Processing file /home/airflow/.local/lib/python3.7/site-packages/airflow/example_dags/example_python_operator.py for tasks to queue
[2022-01-20 03:23:25,607] {logging_mixin.py:109} INFO - [2022-01-20 03:23:25,607] {dagbag.py:500} INFO - Filling up the DagBag from /home/airflow/.local/lib/python3.7/site-packages/airflow/example_dags/example_python_operator.py
[2022-01-20 03:23:25,682] {processor.py:632} INFO - DAG(s) dict_keys(['example_python_operator']) retrieved from /home/airflow/.local/lib/python3.7/site-packages/airflow/example_dags/example_python_operator.py
[2022-01-20 03:23:25,725] {logging_mixin.py:109} INFO - [2022-01-20 03:23:25,725] {dag.py:2389} INFO - Sync 1 DAGs
[2022-01-20 03:23:25,774] {logging_mixin.py:109} INFO - [2022-01-20 03:23:25,774] {dag.py:2914} INFO - Setting next_dagrun for example_python_operator to None
[2022-01-20 03:23:25,803] {processor.py:171} INFO - Processing /home/airflow/.local/lib/python3.7/site-packages/airflow/example_dags/example_python_operator.py took 0.210 seconds
[2022-01-20 03:23:56,551] {processor.py:163} INFO - Started process (PID=990) to work on /home/airflow/.local/lib/python3.7/site-packages/airflow/example_dags/example_python_operator.py
[2022-01-20 03:23:56,557] {processor.py:620} INFO - Processing file /home/airflow/.local/lib/python3.7/site-packages/airflow/example_dags/example_python_operator.py for tasks to queue
[2022-01-20 03:23:56,560] {logging_mixin.py:109} INFO - [2022-01-20 03:23:56,560] {dagbag.py:500} INFO - Filling up the DagBag from /home/airflow/.local/lib/python3.7/site-packages/airflow/example_dags/example_python_operator.py
[2022-01-20 03:23:56,664] {processor.py:632} INFO - DAG(s) dict_keys(['example_python_operator']) retrieved from /home/airflow/.local/lib/python3.7/site-packages/airflow/example_dags/example_python_operator.py
[2022-01-20 03:23:56,721] {logging_mixin.py:109} INFO - [2022-01-20 03:23:56,720] {dag.py:2389} INFO - Sync 1 DAGs
[2022-01-20 03:23:56,801] {logging_mixin.py:109} INFO - [2022-01-20 03:23:56,800] {dag.py:2914} INFO - Setting next_dagrun for example_python_operator to None
[2022-01-20 03:23:56,833] {processor.py:171} INFO - Processing /home/airflow/.local/lib/python3.7/site-packages/airflow/example_dags/example_python_operator.py took 0.291 seconds
[2022-01-20 03:24:27,022] {processor.py:163} INFO - Started process (PID=1088) to work on /home/airflow/.local/lib/python3.7/site-packages/airflow/example_dags/example_python_operator.py
[2022-01-20 03:24:27,026] {processor.py:620} INFO - Processing file /home/airflow/.local/lib/python3.7/site-packages/airflow/example_dags/example_python_operator.py for tasks to queue
[2022-01-20 03:24:27,028] {logging_mixin.py:109} INFO - [2022-01-20 03:24:27,028] {dagbag.py:500} INFO - Filling up the DagBag from /home/airflow/.local/lib/python3.7/site-packages/airflow/example_dags/example_python_operator.py
[2022-01-20 03:24:27,086] {processor.py:632} INFO - DAG(s) dict_keys(['example_python_operator']) retrieved from /home/airflow/.local/lib/python3.7/site-packages/airflow/example_dags/example_python_operator.py
[2022-01-20 03:24:27,123] {logging_mixin.py:109} INFO - [2022-01-20 03:24:27,122] {dag.py:2389} INFO - Sync 1 DAGs
[2022-01-20 03:24:27,165] {logging_mixin.py:109} INFO - [2022-01-20 03:24:27,165] {dag.py:2914} INFO - Setting next_dagrun for example_python_operator to None
[2022-01-20 03:24:27,190] {processor.py:171} INFO - Processing /home/airflow/.local/lib/python3.7/site-packages/airflow/example_dags/example_python_operator.py took 0.174 seconds
[2022-01-20 03:24:57,272] {processor.py:163} INFO - Started process (PID=1202) to work on /home/airflow/.local/lib/python3.7/site-packages/airflow/example_dags/example_python_operator.py
[2022-01-20 03:24:57,276] {processor.py:620} INFO - Processing file /home/airflow/.local/lib/python3.7/site-packages/airflow/example_dags/example_python_operator.py for tasks to queue
[2022-01-20 03:24:57,279] {logging_mixin.py:109} INFO - [2022-01-20 03:24:57,278] {dagbag.py:500} INFO - Filling up the DagBag from /home/airflow/.local/lib/python3.7/site-packages/airflow/example_dags/example_python_operator.py
[2022-01-20 03:24:57,358] {processor.py:632} INFO - DAG(s) dict_keys(['example_python_operator']) retrieved from /home/airflow/.local/lib/python3.7/site-packages/airflow/example_dags/example_python_operator.py
[2022-01-20 03:24:57,401] {logging_mixin.py:109} INFO - [2022-01-20 03:24:57,401] {dag.py:2389} INFO - Sync 1 DAGs
[2022-01-20 03:24:57,453] {logging_mixin.py:109} INFO - [2022-01-20 03:24:57,453] {dag.py:2914} INFO - Setting next_dagrun for example_python_operator to None
[2022-01-20 03:24:57,487] {processor.py:171} INFO - Processing /home/airflow/.local/lib/python3.7/site-packages/airflow/example_dags/example_python_operator.py took 0.222 seconds
[2022-01-20 03:25:28,209] {processor.py:163} INFO - Started process (PID=1299) to work on /home/airflow/.local/lib/python3.7/site-packages/airflow/example_dags/example_python_operator.py
[2022-01-20 03:25:28,215] {processor.py:620} INFO - Processing file /home/airflow/.local/lib/python3.7/site-packages/airflow/example_dags/example_python_operator.py for tasks to queue
[2022-01-20 03:25:28,219] {logging_mixin.py:109} INFO - [2022-01-20 03:25:28,218] {dagbag.py:500} INFO - Filling up the DagBag from /home/airflow/.local/lib/python3.7/site-packages/airflow/example_dags/example_python_operator.py
[2022-01-20 03:25:28,284] {processor.py:632} INFO - DAG(s) dict_keys(['example_python_operator']) retrieved from /home/airflow/.local/lib/python3.7/site-packages/airflow/example_dags/example_python_operator.py
[2022-01-20 03:25:28,322] {logging_mixin.py:109} INFO - [2022-01-20 03:25:28,322] {dag.py:2389} INFO - Sync 1 DAGs
[2022-01-20 03:25:28,367] {logging_mixin.py:109} INFO - [2022-01-20 03:25:28,367] {dag.py:2914} INFO - Setting next_dagrun for example_python_operator to None
[2022-01-20 03:25:28,394] {processor.py:171} INFO - Processing /home/airflow/.local/lib/python3.7/site-packages/airflow/example_dags/example_python_operator.py took 0.193 seconds
[2022-01-20 03:25:58,572] {processor.py:163} INFO - Started process (PID=1417) to work on /home/airflow/.local/lib/python3.7/site-packages/airflow/example_dags/example_python_operator.py
[2022-01-20 03:25:58,588] {processor.py:620} INFO - Processing file /home/airflow/.local/lib/python3.7/site-packages/airflow/example_dags/example_python_operator.py for tasks to queue
[2022-01-20 03:25:58,591] {logging_mixin.py:109} INFO - [2022-01-20 03:25:58,591] {dagbag.py:500} INFO - Filling up the DagBag from /home/airflow/.local/lib/python3.7/site-packages/airflow/example_dags/example_python_operator.py
[2022-01-20 03:25:58,701] {processor.py:632} INFO - DAG(s) dict_keys(['example_python_operator']) retrieved from /home/airflow/.local/lib/python3.7/site-packages/airflow/example_dags/example_python_operator.py
[2022-01-20 03:25:58,746] {logging_mixin.py:109} INFO - [2022-01-20 03:25:58,745] {dag.py:2389} INFO - Sync 1 DAGs
[2022-01-20 03:25:58,813] {logging_mixin.py:109} INFO - [2022-01-20 03:25:58,813] {dag.py:2914} INFO - Setting next_dagrun for example_python_operator to None
[2022-01-20 03:25:58,846] {processor.py:171} INFO - Processing /home/airflow/.local/lib/python3.7/site-packages/airflow/example_dags/example_python_operator.py took 0.287 seconds
[2022-01-20 03:26:29,315] {processor.py:163} INFO - Started process (PID=1515) to work on /home/airflow/.local/lib/python3.7/site-packages/airflow/example_dags/example_python_operator.py
[2022-01-20 03:26:29,319] {processor.py:620} INFO - Processing file /home/airflow/.local/lib/python3.7/site-packages/airflow/example_dags/example_python_operator.py for tasks to queue
[2022-01-20 03:26:29,322] {logging_mixin.py:109} INFO - [2022-01-20 03:26:29,322] {dagbag.py:500} INFO - Filling up the DagBag from /home/airflow/.local/lib/python3.7/site-packages/airflow/example_dags/example_python_operator.py
[2022-01-20 03:26:29,391] {processor.py:632} INFO - DAG(s) dict_keys(['example_python_operator']) retrieved from /home/airflow/.local/lib/python3.7/site-packages/airflow/example_dags/example_python_operator.py
[2022-01-20 03:26:29,433] {logging_mixin.py:109} INFO - [2022-01-20 03:26:29,432] {dag.py:2389} INFO - Sync 1 DAGs
[2022-01-20 03:26:29,479] {logging_mixin.py:109} INFO - [2022-01-20 03:26:29,479] {dag.py:2914} INFO - Setting next_dagrun for example_python_operator to None
[2022-01-20 03:26:29,504] {processor.py:171} INFO - Processing /home/airflow/.local/lib/python3.7/site-packages/airflow/example_dags/example_python_operator.py took 0.197 seconds
[2022-01-20 03:27:01,201] {processor.py:163} INFO - Started process (PID=1625) to work on /home/airflow/.local/lib/python3.7/site-packages/airflow/example_dags/example_python_operator.py
[2022-01-20 03:27:01,205] {processor.py:620} INFO - Processing file /home/airflow/.local/lib/python3.7/site-packages/airflow/example_dags/example_python_operator.py for tasks to queue
[2022-01-20 03:27:01,209] {logging_mixin.py:109} INFO - [2022-01-20 03:27:01,208] {dagbag.py:500} INFO - Filling up the DagBag from /home/airflow/.local/lib/python3.7/site-packages/airflow/example_dags/example_python_operator.py
[2022-01-20 03:27:01,294] {processor.py:632} INFO - DAG(s) dict_keys(['example_python_operator']) retrieved from /home/airflow/.local/lib/python3.7/site-packages/airflow/example_dags/example_python_operator.py
[2022-01-20 03:27:01,355] {logging_mixin.py:109} INFO - [2022-01-20 03:27:01,354] {dag.py:2389} INFO - Sync 1 DAGs
[2022-01-20 03:27:01,413] {logging_mixin.py:109} INFO - [2022-01-20 03:27:01,412] {dag.py:2914} INFO - Setting next_dagrun for example_python_operator to None
[2022-01-20 03:27:01,472] {processor.py:171} INFO - Processing /home/airflow/.local/lib/python3.7/site-packages/airflow/example_dags/example_python_operator.py took 0.277 seconds
[2022-01-20 03:27:33,169] {processor.py:163} INFO - Started process (PID=1742) to work on /home/airflow/.local/lib/python3.7/site-packages/airflow/example_dags/example_python_operator.py
[2022-01-20 03:27:33,174] {processor.py:620} INFO - Processing file /home/airflow/.local/lib/python3.7/site-packages/airflow/example_dags/example_python_operator.py for tasks to queue
[2022-01-20 03:27:33,182] {logging_mixin.py:109} INFO - [2022-01-20 03:27:33,181] {dagbag.py:500} INFO - Filling up the DagBag from /home/airflow/.local/lib/python3.7/site-packages/airflow/example_dags/example_python_operator.py
[2022-01-20 03:27:33,281] {processor.py:632} INFO - DAG(s) dict_keys(['example_python_operator']) retrieved from /home/airflow/.local/lib/python3.7/site-packages/airflow/example_dags/example_python_operator.py
[2022-01-20 03:27:33,333] {logging_mixin.py:109} INFO - [2022-01-20 03:27:33,332] {dag.py:2389} INFO - Sync 1 DAGs
[2022-01-20 03:27:33,400] {logging_mixin.py:109} INFO - [2022-01-20 03:27:33,400] {dag.py:2914} INFO - Setting next_dagrun for example_python_operator to None
[2022-01-20 03:27:33,433] {processor.py:171} INFO - Processing /home/airflow/.local/lib/python3.7/site-packages/airflow/example_dags/example_python_operator.py took 0.281 seconds
[2022-01-20 03:28:05,781] {processor.py:163} INFO - Started process (PID=1838) to work on /home/airflow/.local/lib/python3.7/site-packages/airflow/example_dags/example_python_operator.py
[2022-01-20 03:28:05,785] {processor.py:620} INFO - Processing file /home/airflow/.local/lib/python3.7/site-packages/airflow/example_dags/example_python_operator.py for tasks to queue
[2022-01-20 03:28:05,789] {logging_mixin.py:109} INFO - [2022-01-20 03:28:05,788] {dagbag.py:500} INFO - Filling up the DagBag from /home/airflow/.local/lib/python3.7/site-packages/airflow/example_dags/example_python_operator.py
[2022-01-20 03:28:05,878] {processor.py:632} INFO - DAG(s) dict_keys(['example_python_operator']) retrieved from /home/airflow/.local/lib/python3.7/site-packages/airflow/example_dags/example_python_operator.py
[2022-01-20 03:28:05,924] {logging_mixin.py:109} INFO - [2022-01-20 03:28:05,923] {dag.py:2389} INFO - Sync 1 DAGs
[2022-01-20 03:28:05,977] {logging_mixin.py:109} INFO - [2022-01-20 03:28:05,977] {dag.py:2914} INFO - Setting next_dagrun for example_python_operator to None
[2022-01-20 03:28:06,007] {processor.py:171} INFO - Processing /home/airflow/.local/lib/python3.7/site-packages/airflow/example_dags/example_python_operator.py took 0.233 seconds
[2022-01-20 03:28:37,958] {processor.py:163} INFO - Started process (PID=1941) to work on /home/airflow/.local/lib/python3.7/site-packages/airflow/example_dags/example_python_operator.py
[2022-01-20 03:28:37,963] {processor.py:620} INFO - Processing file /home/airflow/.local/lib/python3.7/site-packages/airflow/example_dags/example_python_operator.py for tasks to queue
[2022-01-20 03:28:37,967] {logging_mixin.py:109} INFO - [2022-01-20 03:28:37,966] {dagbag.py:500} INFO - Filling up the DagBag from /home/airflow/.local/lib/python3.7/site-packages/airflow/example_dags/example_python_operator.py
[2022-01-20 03:28:38,051] {processor.py:632} INFO - DAG(s) dict_keys(['example_python_operator']) retrieved from /home/airflow/.local/lib/python3.7/site-packages/airflow/example_dags/example_python_operator.py
[2022-01-20 03:28:38,139] {logging_mixin.py:109} INFO - [2022-01-20 03:28:38,139] {dag.py:2389} INFO - Sync 1 DAGs
[2022-01-20 03:28:38,200] {logging_mixin.py:109} INFO - [2022-01-20 03:28:38,200] {dag.py:2914} INFO - Setting next_dagrun for example_python_operator to None
[2022-01-20 03:28:38,226] {processor.py:171} INFO - Processing /home/airflow/.local/lib/python3.7/site-packages/airflow/example_dags/example_python_operator.py took 0.276 seconds
[2022-01-20 03:29:09,124] {processor.py:163} INFO - Started process (PID=2037) to work on /home/airflow/.local/lib/python3.7/site-packages/airflow/example_dags/example_python_operator.py
[2022-01-20 03:29:09,127] {processor.py:620} INFO - Processing file /home/airflow/.local/lib/python3.7/site-packages/airflow/example_dags/example_python_operator.py for tasks to queue
[2022-01-20 03:29:09,130] {logging_mixin.py:109} INFO - [2022-01-20 03:29:09,129] {dagbag.py:500} INFO - Filling up the DagBag from /home/airflow/.local/lib/python3.7/site-packages/airflow/example_dags/example_python_operator.py
[2022-01-20 03:29:09,194] {processor.py:632} INFO - DAG(s) dict_keys(['example_python_operator']) retrieved from /home/airflow/.local/lib/python3.7/site-packages/airflow/example_dags/example_python_operator.py
[2022-01-20 03:29:09,230] {logging_mixin.py:109} INFO - [2022-01-20 03:29:09,230] {dag.py:2389} INFO - Sync 1 DAGs
[2022-01-20 03:29:09,273] {logging_mixin.py:109} INFO - [2022-01-20 03:29:09,273] {dag.py:2914} INFO - Setting next_dagrun for example_python_operator to None
[2022-01-20 03:29:09,295] {processor.py:171} INFO - Processing /home/airflow/.local/lib/python3.7/site-packages/airflow/example_dags/example_python_operator.py took 0.178 seconds
[2022-01-20 03:29:40,903] {processor.py:163} INFO - Started process (PID=2148) to work on /home/airflow/.local/lib/python3.7/site-packages/airflow/example_dags/example_python_operator.py
[2022-01-20 03:29:40,909] {processor.py:620} INFO - Processing file /home/airflow/.local/lib/python3.7/site-packages/airflow/example_dags/example_python_operator.py for tasks to queue
[2022-01-20 03:29:40,922] {logging_mixin.py:109} INFO - [2022-01-20 03:29:40,922] {dagbag.py:500} INFO - Filling up the DagBag from /home/airflow/.local/lib/python3.7/site-packages/airflow/example_dags/example_python_operator.py
[2022-01-20 03:29:41,051] {processor.py:632} INFO - DAG(s) dict_keys(['example_python_operator']) retrieved from /home/airflow/.local/lib/python3.7/site-packages/airflow/example_dags/example_python_operator.py
[2022-01-20 03:29:41,094] {logging_mixin.py:109} INFO - [2022-01-20 03:29:41,093] {dag.py:2389} INFO - Sync 1 DAGs
[2022-01-20 03:29:41,147] {logging_mixin.py:109} INFO - [2022-01-20 03:29:41,147] {dag.py:2914} INFO - Setting next_dagrun for example_python_operator to None
[2022-01-20 03:29:41,203] {processor.py:171} INFO - Processing /home/airflow/.local/lib/python3.7/site-packages/airflow/example_dags/example_python_operator.py took 0.308 seconds
[2022-01-20 03:30:11,488] {processor.py:163} INFO - Started process (PID=2248) to work on /home/airflow/.local/lib/python3.7/site-packages/airflow/example_dags/example_python_operator.py
[2022-01-20 03:30:11,493] {processor.py:620} INFO - Processing file /home/airflow/.local/lib/python3.7/site-packages/airflow/example_dags/example_python_operator.py for tasks to queue
[2022-01-20 03:30:11,496] {logging_mixin.py:109} INFO - [2022-01-20 03:30:11,496] {dagbag.py:500} INFO - Filling up the DagBag from /home/airflow/.local/lib/python3.7/site-packages/airflow/example_dags/example_python_operator.py
[2022-01-20 03:30:11,585] {processor.py:632} INFO - DAG(s) dict_keys(['example_python_operator']) retrieved from /home/airflow/.local/lib/python3.7/site-packages/airflow/example_dags/example_python_operator.py
[2022-01-20 03:30:11,655] {logging_mixin.py:109} INFO - [2022-01-20 03:30:11,655] {dag.py:2389} INFO - Sync 1 DAGs
[2022-01-20 03:30:11,714] {logging_mixin.py:109} INFO - [2022-01-20 03:30:11,714] {dag.py:2914} INFO - Setting next_dagrun for example_python_operator to None
[2022-01-20 03:30:11,750] {processor.py:171} INFO - Processing /home/airflow/.local/lib/python3.7/site-packages/airflow/example_dags/example_python_operator.py took 0.272 seconds
[2022-01-20 03:30:41,932] {processor.py:163} INFO - Started process (PID=2351) to work on /home/airflow/.local/lib/python3.7/site-packages/airflow/example_dags/example_python_operator.py
[2022-01-20 03:30:41,936] {processor.py:620} INFO - Processing file /home/airflow/.local/lib/python3.7/site-packages/airflow/example_dags/example_python_operator.py for tasks to queue
[2022-01-20 03:30:41,939] {logging_mixin.py:109} INFO - [2022-01-20 03:30:41,938] {dagbag.py:500} INFO - Filling up the DagBag from /home/airflow/.local/lib/python3.7/site-packages/airflow/example_dags/example_python_operator.py
[2022-01-20 03:30:42,014] {processor.py:632} INFO - DAG(s) dict_keys(['example_python_operator']) retrieved from /home/airflow/.local/lib/python3.7/site-packages/airflow/example_dags/example_python_operator.py
[2022-01-20 03:30:42,061] {logging_mixin.py:109} INFO - [2022-01-20 03:30:42,060] {dag.py:2389} INFO - Sync 1 DAGs
[2022-01-20 03:30:42,122] {logging_mixin.py:109} INFO - [2022-01-20 03:30:42,121] {dag.py:2914} INFO - Setting next_dagrun for example_python_operator to None
[2022-01-20 03:30:42,153] {processor.py:171} INFO - Processing /home/airflow/.local/lib/python3.7/site-packages/airflow/example_dags/example_python_operator.py took 0.229 seconds
[2022-01-20 03:31:12,785] {processor.py:163} INFO - Started process (PID=2466) to work on /home/airflow/.local/lib/python3.7/site-packages/airflow/example_dags/example_python_operator.py
[2022-01-20 03:31:12,798] {processor.py:620} INFO - Processing file /home/airflow/.local/lib/python3.7/site-packages/airflow/example_dags/example_python_operator.py for tasks to queue
[2022-01-20 03:31:12,803] {logging_mixin.py:109} INFO - [2022-01-20 03:31:12,803] {dagbag.py:500} INFO - Filling up the DagBag from /home/airflow/.local/lib/python3.7/site-packages/airflow/example_dags/example_python_operator.py
[2022-01-20 03:31:12,894] {processor.py:632} INFO - DAG(s) dict_keys(['example_python_operator']) retrieved from /home/airflow/.local/lib/python3.7/site-packages/airflow/example_dags/example_python_operator.py
[2022-01-20 03:31:12,946] {logging_mixin.py:109} INFO - [2022-01-20 03:31:12,945] {dag.py:2389} INFO - Sync 1 DAGs
[2022-01-20 03:31:13,005] {logging_mixin.py:109} INFO - [2022-01-20 03:31:13,005] {dag.py:2914} INFO - Setting next_dagrun for example_python_operator to None
[2022-01-20 03:31:13,160] {processor.py:171} INFO - Processing /home/airflow/.local/lib/python3.7/site-packages/airflow/example_dags/example_python_operator.py took 0.383 seconds
[2022-01-20 03:31:43,387] {processor.py:163} INFO - Started process (PID=2559) to work on /home/airflow/.local/lib/python3.7/site-packages/airflow/example_dags/example_python_operator.py
[2022-01-20 03:31:43,391] {processor.py:620} INFO - Processing file /home/airflow/.local/lib/python3.7/site-packages/airflow/example_dags/example_python_operator.py for tasks to queue
[2022-01-20 03:31:43,394] {logging_mixin.py:109} INFO - [2022-01-20 03:31:43,394] {dagbag.py:500} INFO - Filling up the DagBag from /home/airflow/.local/lib/python3.7/site-packages/airflow/example_dags/example_python_operator.py
[2022-01-20 03:31:43,482] {processor.py:632} INFO - DAG(s) dict_keys(['example_python_operator']) retrieved from /home/airflow/.local/lib/python3.7/site-packages/airflow/example_dags/example_python_operator.py
[2022-01-20 03:31:43,530] {logging_mixin.py:109} INFO - [2022-01-20 03:31:43,529] {dag.py:2389} INFO - Sync 1 DAGs
[2022-01-20 03:31:43,724] {logging_mixin.py:109} INFO - [2022-01-20 03:31:43,724] {dag.py:2914} INFO - Setting next_dagrun for example_python_operator to None
[2022-01-20 03:31:43,768] {processor.py:171} INFO - Processing /home/airflow/.local/lib/python3.7/site-packages/airflow/example_dags/example_python_operator.py took 0.389 seconds
[2022-01-20 03:32:14,252] {processor.py:163} INFO - Started process (PID=2673) to work on /home/airflow/.local/lib/python3.7/site-packages/airflow/example_dags/example_python_operator.py
[2022-01-20 03:32:14,261] {processor.py:620} INFO - Processing file /home/airflow/.local/lib/python3.7/site-packages/airflow/example_dags/example_python_operator.py for tasks to queue
[2022-01-20 03:32:14,265] {logging_mixin.py:109} INFO - [2022-01-20 03:32:14,264] {dagbag.py:500} INFO - Filling up the DagBag from /home/airflow/.local/lib/python3.7/site-packages/airflow/example_dags/example_python_operator.py
[2022-01-20 03:32:14,354] {processor.py:632} INFO - DAG(s) dict_keys(['example_python_operator']) retrieved from /home/airflow/.local/lib/python3.7/site-packages/airflow/example_dags/example_python_operator.py
[2022-01-20 03:32:14,401] {logging_mixin.py:109} INFO - [2022-01-20 03:32:14,401] {dag.py:2389} INFO - Sync 1 DAGs
[2022-01-20 03:32:14,588] {logging_mixin.py:109} INFO - [2022-01-20 03:32:14,588] {dag.py:2914} INFO - Setting next_dagrun for example_python_operator to None
[2022-01-20 03:32:14,614] {processor.py:171} INFO - Processing /home/airflow/.local/lib/python3.7/site-packages/airflow/example_dags/example_python_operator.py took 0.370 seconds
[2022-01-20 03:32:44,865] {processor.py:163} INFO - Started process (PID=2769) to work on /home/airflow/.local/lib/python3.7/site-packages/airflow/example_dags/example_python_operator.py
[2022-01-20 03:32:44,878] {processor.py:620} INFO - Processing file /home/airflow/.local/lib/python3.7/site-packages/airflow/example_dags/example_python_operator.py for tasks to queue
[2022-01-20 03:32:44,881] {logging_mixin.py:109} INFO - [2022-01-20 03:32:44,881] {dagbag.py:500} INFO - Filling up the DagBag from /home/airflow/.local/lib/python3.7/site-packages/airflow/example_dags/example_python_operator.py
[2022-01-20 03:32:44,956] {processor.py:632} INFO - DAG(s) dict_keys(['example_python_operator']) retrieved from /home/airflow/.local/lib/python3.7/site-packages/airflow/example_dags/example_python_operator.py
[2022-01-20 03:32:44,996] {logging_mixin.py:109} INFO - [2022-01-20 03:32:44,995] {dag.py:2389} INFO - Sync 1 DAGs
[2022-01-20 03:32:45,158] {logging_mixin.py:109} INFO - [2022-01-20 03:32:45,158] {dag.py:2914} INFO - Setting next_dagrun for example_python_operator to None
[2022-01-20 03:32:45,184] {processor.py:171} INFO - Processing /home/airflow/.local/lib/python3.7/site-packages/airflow/example_dags/example_python_operator.py took 0.326 seconds
[2022-01-20 03:33:15,599] {processor.py:163} INFO - Started process (PID=2884) to work on /home/airflow/.local/lib/python3.7/site-packages/airflow/example_dags/example_python_operator.py
[2022-01-20 03:33:15,605] {processor.py:620} INFO - Processing file /home/airflow/.local/lib/python3.7/site-packages/airflow/example_dags/example_python_operator.py for tasks to queue
[2022-01-20 03:33:15,607] {logging_mixin.py:109} INFO - [2022-01-20 03:33:15,607] {dagbag.py:500} INFO - Filling up the DagBag from /home/airflow/.local/lib/python3.7/site-packages/airflow/example_dags/example_python_operator.py
[2022-01-20 03:33:15,718] {processor.py:632} INFO - DAG(s) dict_keys(['example_python_operator']) retrieved from /home/airflow/.local/lib/python3.7/site-packages/airflow/example_dags/example_python_operator.py
[2022-01-20 03:33:15,781] {logging_mixin.py:109} INFO - [2022-01-20 03:33:15,781] {dag.py:2389} INFO - Sync 1 DAGs
[2022-01-20 03:33:15,969] {logging_mixin.py:109} INFO - [2022-01-20 03:33:15,966] {dag.py:2914} INFO - Setting next_dagrun for example_python_operator to None
[2022-01-20 03:33:16,002] {processor.py:171} INFO - Processing /home/airflow/.local/lib/python3.7/site-packages/airflow/example_dags/example_python_operator.py took 0.412 seconds
[2022-01-20 03:33:46,564] {processor.py:163} INFO - Started process (PID=2981) to work on /home/airflow/.local/lib/python3.7/site-packages/airflow/example_dags/example_python_operator.py
[2022-01-20 03:33:46,568] {processor.py:620} INFO - Processing file /home/airflow/.local/lib/python3.7/site-packages/airflow/example_dags/example_python_operator.py for tasks to queue
[2022-01-20 03:33:46,571] {logging_mixin.py:109} INFO - [2022-01-20 03:33:46,570] {dagbag.py:500} INFO - Filling up the DagBag from /home/airflow/.local/lib/python3.7/site-packages/airflow/example_dags/example_python_operator.py
[2022-01-20 03:33:46,766] {processor.py:632} INFO - DAG(s) dict_keys(['example_python_operator']) retrieved from /home/airflow/.local/lib/python3.7/site-packages/airflow/example_dags/example_python_operator.py
[2022-01-20 03:33:46,807] {logging_mixin.py:109} INFO - [2022-01-20 03:33:46,807] {dag.py:2389} INFO - Sync 1 DAGs
[2022-01-20 03:33:46,856] {logging_mixin.py:109} INFO - [2022-01-20 03:33:46,856] {dag.py:2914} INFO - Setting next_dagrun for example_python_operator to None
[2022-01-20 03:33:46,884] {processor.py:171} INFO - Processing /home/airflow/.local/lib/python3.7/site-packages/airflow/example_dags/example_python_operator.py took 0.327 seconds
[2022-01-20 03:34:17,099] {processor.py:163} INFO - Started process (PID=3094) to work on /home/airflow/.local/lib/python3.7/site-packages/airflow/example_dags/example_python_operator.py
[2022-01-20 03:34:17,104] {processor.py:620} INFO - Processing file /home/airflow/.local/lib/python3.7/site-packages/airflow/example_dags/example_python_operator.py for tasks to queue
[2022-01-20 03:34:17,114] {logging_mixin.py:109} INFO - [2022-01-20 03:34:17,114] {dagbag.py:500} INFO - Filling up the DagBag from /home/airflow/.local/lib/python3.7/site-packages/airflow/example_dags/example_python_operator.py
[2022-01-20 03:34:17,309] {processor.py:632} INFO - DAG(s) dict_keys(['example_python_operator']) retrieved from /home/airflow/.local/lib/python3.7/site-packages/airflow/example_dags/example_python_operator.py
[2022-01-20 03:34:17,374] {logging_mixin.py:109} INFO - [2022-01-20 03:34:17,374] {dag.py:2389} INFO - Sync 1 DAGs
[2022-01-20 03:34:17,466] {logging_mixin.py:109} INFO - [2022-01-20 03:34:17,466] {dag.py:2914} INFO - Setting next_dagrun for example_python_operator to None
[2022-01-20 03:34:17,505] {processor.py:171} INFO - Processing /home/airflow/.local/lib/python3.7/site-packages/airflow/example_dags/example_python_operator.py took 0.412 seconds
[2022-01-20 03:34:48,213] {processor.py:163} INFO - Started process (PID=3190) to work on /home/airflow/.local/lib/python3.7/site-packages/airflow/example_dags/example_python_operator.py
[2022-01-20 03:34:48,217] {processor.py:620} INFO - Processing file /home/airflow/.local/lib/python3.7/site-packages/airflow/example_dags/example_python_operator.py for tasks to queue
[2022-01-20 03:34:48,220] {logging_mixin.py:109} INFO - [2022-01-20 03:34:48,220] {dagbag.py:500} INFO - Filling up the DagBag from /home/airflow/.local/lib/python3.7/site-packages/airflow/example_dags/example_python_operator.py
[2022-01-20 03:34:48,393] {processor.py:632} INFO - DAG(s) dict_keys(['example_python_operator']) retrieved from /home/airflow/.local/lib/python3.7/site-packages/airflow/example_dags/example_python_operator.py
[2022-01-20 03:34:48,429] {logging_mixin.py:109} INFO - [2022-01-20 03:34:48,429] {dag.py:2389} INFO - Sync 1 DAGs
[2022-01-20 03:34:48,472] {logging_mixin.py:109} INFO - [2022-01-20 03:34:48,472] {dag.py:2914} INFO - Setting next_dagrun for example_python_operator to None
[2022-01-20 03:34:48,494] {processor.py:171} INFO - Processing /home/airflow/.local/lib/python3.7/site-packages/airflow/example_dags/example_python_operator.py took 0.289 seconds
[2022-01-20 03:35:19,242] {processor.py:163} INFO - Started process (PID=3300) to work on /home/airflow/.local/lib/python3.7/site-packages/airflow/example_dags/example_python_operator.py
[2022-01-20 03:35:19,247] {processor.py:620} INFO - Processing file /home/airflow/.local/lib/python3.7/site-packages/airflow/example_dags/example_python_operator.py for tasks to queue
[2022-01-20 03:35:19,251] {logging_mixin.py:109} INFO - [2022-01-20 03:35:19,250] {dagbag.py:500} INFO - Filling up the DagBag from /home/airflow/.local/lib/python3.7/site-packages/airflow/example_dags/example_python_operator.py
[2022-01-20 03:35:19,444] {processor.py:632} INFO - DAG(s) dict_keys(['example_python_operator']) retrieved from /home/airflow/.local/lib/python3.7/site-packages/airflow/example_dags/example_python_operator.py
[2022-01-20 03:35:19,488] {logging_mixin.py:109} INFO - [2022-01-20 03:35:19,488] {dag.py:2389} INFO - Sync 1 DAGs
[2022-01-20 03:35:19,539] {logging_mixin.py:109} INFO - [2022-01-20 03:35:19,539] {dag.py:2914} INFO - Setting next_dagrun for example_python_operator to None
[2022-01-20 03:35:19,567] {processor.py:171} INFO - Processing /home/airflow/.local/lib/python3.7/site-packages/airflow/example_dags/example_python_operator.py took 0.333 seconds
[2022-01-20 03:35:49,831] {processor.py:163} INFO - Started process (PID=3396) to work on /home/airflow/.local/lib/python3.7/site-packages/airflow/example_dags/example_python_operator.py
[2022-01-20 03:35:49,837] {processor.py:620} INFO - Processing file /home/airflow/.local/lib/python3.7/site-packages/airflow/example_dags/example_python_operator.py for tasks to queue
[2022-01-20 03:35:49,841] {logging_mixin.py:109} INFO - [2022-01-20 03:35:49,840] {dagbag.py:500} INFO - Filling up the DagBag from /home/airflow/.local/lib/python3.7/site-packages/airflow/example_dags/example_python_operator.py
[2022-01-20 03:35:49,912] {processor.py:632} INFO - DAG(s) dict_keys(['example_python_operator']) retrieved from /home/airflow/.local/lib/python3.7/site-packages/airflow/example_dags/example_python_operator.py
[2022-01-20 03:35:49,952] {logging_mixin.py:109} INFO - [2022-01-20 03:35:49,952] {dag.py:2389} INFO - Sync 1 DAGs
[2022-01-20 03:35:49,999] {logging_mixin.py:109} INFO - [2022-01-20 03:35:49,999] {dag.py:2914} INFO - Setting next_dagrun for example_python_operator to None
[2022-01-20 03:35:50,024] {processor.py:171} INFO - Processing /home/airflow/.local/lib/python3.7/site-packages/airflow/example_dags/example_python_operator.py took 0.203 seconds
[2022-01-20 03:36:20,819] {processor.py:163} INFO - Started process (PID=3508) to work on /home/airflow/.local/lib/python3.7/site-packages/airflow/example_dags/example_python_operator.py
[2022-01-20 03:36:20,824] {processor.py:620} INFO - Processing file /home/airflow/.local/lib/python3.7/site-packages/airflow/example_dags/example_python_operator.py for tasks to queue
[2022-01-20 03:36:20,827] {logging_mixin.py:109} INFO - [2022-01-20 03:36:20,827] {dagbag.py:500} INFO - Filling up the DagBag from /home/airflow/.local/lib/python3.7/site-packages/airflow/example_dags/example_python_operator.py
[2022-01-20 03:36:20,907] {processor.py:632} INFO - DAG(s) dict_keys(['example_python_operator']) retrieved from /home/airflow/.local/lib/python3.7/site-packages/airflow/example_dags/example_python_operator.py
[2022-01-20 03:36:20,952] {logging_mixin.py:109} INFO - [2022-01-20 03:36:20,951] {dag.py:2389} INFO - Sync 1 DAGs
[2022-01-20 03:36:21,035] {logging_mixin.py:109} INFO - [2022-01-20 03:36:21,035] {dag.py:2914} INFO - Setting next_dagrun for example_python_operator to None
[2022-01-20 03:36:21,102] {processor.py:171} INFO - Processing /home/airflow/.local/lib/python3.7/site-packages/airflow/example_dags/example_python_operator.py took 0.292 seconds
[2022-01-20 03:36:51,689] {processor.py:163} INFO - Started process (PID=3612) to work on /home/airflow/.local/lib/python3.7/site-packages/airflow/example_dags/example_python_operator.py
[2022-01-20 03:36:51,693] {processor.py:620} INFO - Processing file /home/airflow/.local/lib/python3.7/site-packages/airflow/example_dags/example_python_operator.py for tasks to queue
[2022-01-20 03:36:51,697] {logging_mixin.py:109} INFO - [2022-01-20 03:36:51,696] {dagbag.py:500} INFO - Filling up the DagBag from /home/airflow/.local/lib/python3.7/site-packages/airflow/example_dags/example_python_operator.py
[2022-01-20 03:36:51,790] {processor.py:632} INFO - DAG(s) dict_keys(['example_python_operator']) retrieved from /home/airflow/.local/lib/python3.7/site-packages/airflow/example_dags/example_python_operator.py
[2022-01-20 03:36:51,845] {logging_mixin.py:109} INFO - [2022-01-20 03:36:51,845] {dag.py:2389} INFO - Sync 1 DAGs
[2022-01-20 03:36:51,919] {logging_mixin.py:109} INFO - [2022-01-20 03:36:51,919] {dag.py:2914} INFO - Setting next_dagrun for example_python_operator to None
[2022-01-20 03:36:51,982] {processor.py:171} INFO - Processing /home/airflow/.local/lib/python3.7/site-packages/airflow/example_dags/example_python_operator.py took 0.301 seconds
[2022-01-20 03:37:22,733] {processor.py:163} INFO - Started process (PID=3709) to work on /home/airflow/.local/lib/python3.7/site-packages/airflow/example_dags/example_python_operator.py
[2022-01-20 03:37:22,738] {processor.py:620} INFO - Processing file /home/airflow/.local/lib/python3.7/site-packages/airflow/example_dags/example_python_operator.py for tasks to queue
[2022-01-20 03:37:22,742] {logging_mixin.py:109} INFO - [2022-01-20 03:37:22,742] {dagbag.py:500} INFO - Filling up the DagBag from /home/airflow/.local/lib/python3.7/site-packages/airflow/example_dags/example_python_operator.py
[2022-01-20 03:37:22,826] {processor.py:632} INFO - DAG(s) dict_keys(['example_python_operator']) retrieved from /home/airflow/.local/lib/python3.7/site-packages/airflow/example_dags/example_python_operator.py
[2022-01-20 03:37:22,869] {logging_mixin.py:109} INFO - [2022-01-20 03:37:22,868] {dag.py:2389} INFO - Sync 1 DAGs
[2022-01-20 03:37:22,921] {logging_mixin.py:109} INFO - [2022-01-20 03:37:22,921] {dag.py:2914} INFO - Setting next_dagrun for example_python_operator to None
[2022-01-20 03:37:22,949] {processor.py:171} INFO - Processing /home/airflow/.local/lib/python3.7/site-packages/airflow/example_dags/example_python_operator.py took 0.224 seconds
[2022-01-20 03:37:53,026] {processor.py:163} INFO - Started process (PID=3818) to work on /home/airflow/.local/lib/python3.7/site-packages/airflow/example_dags/example_python_operator.py
[2022-01-20 03:37:53,031] {processor.py:620} INFO - Processing file /home/airflow/.local/lib/python3.7/site-packages/airflow/example_dags/example_python_operator.py for tasks to queue
[2022-01-20 03:37:53,035] {logging_mixin.py:109} INFO - [2022-01-20 03:37:53,034] {dagbag.py:500} INFO - Filling up the DagBag from /home/airflow/.local/lib/python3.7/site-packages/airflow/example_dags/example_python_operator.py
[2022-01-20 03:37:53,121] {processor.py:632} INFO - DAG(s) dict_keys(['example_python_operator']) retrieved from /home/airflow/.local/lib/python3.7/site-packages/airflow/example_dags/example_python_operator.py
[2022-01-20 03:37:53,176] {logging_mixin.py:109} INFO - [2022-01-20 03:37:53,175] {dag.py:2389} INFO - Sync 1 DAGs
[2022-01-20 03:37:53,235] {logging_mixin.py:109} INFO - [2022-01-20 03:37:53,234] {dag.py:2914} INFO - Setting next_dagrun for example_python_operator to None
[2022-01-20 03:37:53,273] {processor.py:171} INFO - Processing /home/airflow/.local/lib/python3.7/site-packages/airflow/example_dags/example_python_operator.py took 0.255 seconds
[2022-01-20 03:38:23,526] {processor.py:163} INFO - Started process (PID=3917) to work on /home/airflow/.local/lib/python3.7/site-packages/airflow/example_dags/example_python_operator.py
[2022-01-20 03:38:23,530] {processor.py:620} INFO - Processing file /home/airflow/.local/lib/python3.7/site-packages/airflow/example_dags/example_python_operator.py for tasks to queue
[2022-01-20 03:38:23,532] {logging_mixin.py:109} INFO - [2022-01-20 03:38:23,532] {dagbag.py:500} INFO - Filling up the DagBag from /home/airflow/.local/lib/python3.7/site-packages/airflow/example_dags/example_python_operator.py
[2022-01-20 03:38:23,625] {processor.py:632} INFO - DAG(s) dict_keys(['example_python_operator']) retrieved from /home/airflow/.local/lib/python3.7/site-packages/airflow/example_dags/example_python_operator.py
[2022-01-20 03:38:23,673] {logging_mixin.py:109} INFO - [2022-01-20 03:38:23,672] {dag.py:2389} INFO - Sync 1 DAGs
[2022-01-20 03:38:23,730] {logging_mixin.py:109} INFO - [2022-01-20 03:38:23,729] {dag.py:2914} INFO - Setting next_dagrun for example_python_operator to None
[2022-01-20 03:38:23,789] {processor.py:171} INFO - Processing /home/airflow/.local/lib/python3.7/site-packages/airflow/example_dags/example_python_operator.py took 0.270 seconds
[2022-01-20 03:38:54,336] {processor.py:163} INFO - Started process (PID=4030) to work on /home/airflow/.local/lib/python3.7/site-packages/airflow/example_dags/example_python_operator.py
[2022-01-20 03:38:54,340] {processor.py:620} INFO - Processing file /home/airflow/.local/lib/python3.7/site-packages/airflow/example_dags/example_python_operator.py for tasks to queue
[2022-01-20 03:38:54,343] {logging_mixin.py:109} INFO - [2022-01-20 03:38:54,342] {dagbag.py:500} INFO - Filling up the DagBag from /home/airflow/.local/lib/python3.7/site-packages/airflow/example_dags/example_python_operator.py
[2022-01-20 03:38:54,431] {processor.py:632} INFO - DAG(s) dict_keys(['example_python_operator']) retrieved from /home/airflow/.local/lib/python3.7/site-packages/airflow/example_dags/example_python_operator.py
[2022-01-20 03:38:54,480] {logging_mixin.py:109} INFO - [2022-01-20 03:38:54,480] {dag.py:2389} INFO - Sync 1 DAGs
[2022-01-20 03:38:54,538] {logging_mixin.py:109} INFO - [2022-01-20 03:38:54,537] {dag.py:2914} INFO - Setting next_dagrun for example_python_operator to None
[2022-01-20 03:38:54,587] {processor.py:171} INFO - Processing /home/airflow/.local/lib/python3.7/site-packages/airflow/example_dags/example_python_operator.py took 0.258 seconds
[2022-01-20 03:39:25,088] {processor.py:163} INFO - Started process (PID=4129) to work on /home/airflow/.local/lib/python3.7/site-packages/airflow/example_dags/example_python_operator.py
[2022-01-20 03:39:25,092] {processor.py:620} INFO - Processing file /home/airflow/.local/lib/python3.7/site-packages/airflow/example_dags/example_python_operator.py for tasks to queue
[2022-01-20 03:39:25,095] {logging_mixin.py:109} INFO - [2022-01-20 03:39:25,095] {dagbag.py:500} INFO - Filling up the DagBag from /home/airflow/.local/lib/python3.7/site-packages/airflow/example_dags/example_python_operator.py
[2022-01-20 03:39:25,169] {processor.py:632} INFO - DAG(s) dict_keys(['example_python_operator']) retrieved from /home/airflow/.local/lib/python3.7/site-packages/airflow/example_dags/example_python_operator.py
[2022-01-20 03:39:25,221] {logging_mixin.py:109} INFO - [2022-01-20 03:39:25,221] {dag.py:2389} INFO - Sync 1 DAGs
[2022-01-20 03:39:25,278] {logging_mixin.py:109} INFO - [2022-01-20 03:39:25,278] {dag.py:2914} INFO - Setting next_dagrun for example_python_operator to None
[2022-01-20 03:39:25,306] {processor.py:171} INFO - Processing /home/airflow/.local/lib/python3.7/site-packages/airflow/example_dags/example_python_operator.py took 0.224 seconds
[2022-01-20 03:39:56,183] {processor.py:163} INFO - Started process (PID=4241) to work on /home/airflow/.local/lib/python3.7/site-packages/airflow/example_dags/example_python_operator.py
[2022-01-20 03:39:56,192] {processor.py:620} INFO - Processing file /home/airflow/.local/lib/python3.7/site-packages/airflow/example_dags/example_python_operator.py for tasks to queue
[2022-01-20 03:39:56,196] {logging_mixin.py:109} INFO - [2022-01-20 03:39:56,196] {dagbag.py:500} INFO - Filling up the DagBag from /home/airflow/.local/lib/python3.7/site-packages/airflow/example_dags/example_python_operator.py
[2022-01-20 03:39:56,285] {processor.py:632} INFO - DAG(s) dict_keys(['example_python_operator']) retrieved from /home/airflow/.local/lib/python3.7/site-packages/airflow/example_dags/example_python_operator.py
[2022-01-20 03:39:56,334] {logging_mixin.py:109} INFO - [2022-01-20 03:39:56,333] {dag.py:2389} INFO - Sync 1 DAGs
[2022-01-20 03:39:56,386] {logging_mixin.py:109} INFO - [2022-01-20 03:39:56,386] {dag.py:2914} INFO - Setting next_dagrun for example_python_operator to None
[2022-01-20 03:39:56,415] {processor.py:171} INFO - Processing /home/airflow/.local/lib/python3.7/site-packages/airflow/example_dags/example_python_operator.py took 0.256 seconds
[2022-01-20 03:40:27,058] {processor.py:163} INFO - Started process (PID=4342) to work on /home/airflow/.local/lib/python3.7/site-packages/airflow/example_dags/example_python_operator.py
[2022-01-20 03:40:27,062] {processor.py:620} INFO - Processing file /home/airflow/.local/lib/python3.7/site-packages/airflow/example_dags/example_python_operator.py for tasks to queue
[2022-01-20 03:40:27,065] {logging_mixin.py:109} INFO - [2022-01-20 03:40:27,064] {dagbag.py:500} INFO - Filling up the DagBag from /home/airflow/.local/lib/python3.7/site-packages/airflow/example_dags/example_python_operator.py
[2022-01-20 03:40:27,138] {processor.py:632} INFO - DAG(s) dict_keys(['example_python_operator']) retrieved from /home/airflow/.local/lib/python3.7/site-packages/airflow/example_dags/example_python_operator.py
[2022-01-20 03:40:27,181] {logging_mixin.py:109} INFO - [2022-01-20 03:40:27,180] {dag.py:2389} INFO - Sync 1 DAGs
[2022-01-20 03:40:27,227] {logging_mixin.py:109} INFO - [2022-01-20 03:40:27,227] {dag.py:2914} INFO - Setting next_dagrun for example_python_operator to None
[2022-01-20 03:40:27,256] {processor.py:171} INFO - Processing /home/airflow/.local/lib/python3.7/site-packages/airflow/example_dags/example_python_operator.py took 0.205 seconds
[2022-01-20 03:40:57,535] {processor.py:163} INFO - Started process (PID=4456) to work on /home/airflow/.local/lib/python3.7/site-packages/airflow/example_dags/example_python_operator.py
[2022-01-20 03:40:57,539] {processor.py:620} INFO - Processing file /home/airflow/.local/lib/python3.7/site-packages/airflow/example_dags/example_python_operator.py for tasks to queue
[2022-01-20 03:40:57,548] {logging_mixin.py:109} INFO - [2022-01-20 03:40:57,547] {dagbag.py:500} INFO - Filling up the DagBag from /home/airflow/.local/lib/python3.7/site-packages/airflow/example_dags/example_python_operator.py
[2022-01-20 03:40:57,657] {processor.py:632} INFO - DAG(s) dict_keys(['example_python_operator']) retrieved from /home/airflow/.local/lib/python3.7/site-packages/airflow/example_dags/example_python_operator.py
[2022-01-20 03:40:57,706] {logging_mixin.py:109} INFO - [2022-01-20 03:40:57,705] {dag.py:2389} INFO - Sync 1 DAGs
[2022-01-20 03:40:57,788] {logging_mixin.py:109} INFO - [2022-01-20 03:40:57,787] {dag.py:2914} INFO - Setting next_dagrun for example_python_operator to None
[2022-01-20 03:40:57,829] {processor.py:171} INFO - Processing /home/airflow/.local/lib/python3.7/site-packages/airflow/example_dags/example_python_operator.py took 0.304 seconds
[2022-01-20 03:41:27,956] {processor.py:163} INFO - Started process (PID=4554) to work on /home/airflow/.local/lib/python3.7/site-packages/airflow/example_dags/example_python_operator.py
[2022-01-20 03:41:27,959] {processor.py:620} INFO - Processing file /home/airflow/.local/lib/python3.7/site-packages/airflow/example_dags/example_python_operator.py for tasks to queue
[2022-01-20 03:41:27,961] {logging_mixin.py:109} INFO - [2022-01-20 03:41:27,961] {dagbag.py:500} INFO - Filling up the DagBag from /home/airflow/.local/lib/python3.7/site-packages/airflow/example_dags/example_python_operator.py
[2022-01-20 03:41:28,023] {processor.py:632} INFO - DAG(s) dict_keys(['example_python_operator']) retrieved from /home/airflow/.local/lib/python3.7/site-packages/airflow/example_dags/example_python_operator.py
[2022-01-20 03:41:28,059] {logging_mixin.py:109} INFO - [2022-01-20 03:41:28,059] {dag.py:2389} INFO - Sync 1 DAGs
[2022-01-20 03:41:28,103] {logging_mixin.py:109} INFO - [2022-01-20 03:41:28,102] {dag.py:2914} INFO - Setting next_dagrun for example_python_operator to None
[2022-01-20 03:41:28,128] {processor.py:171} INFO - Processing /home/airflow/.local/lib/python3.7/site-packages/airflow/example_dags/example_python_operator.py took 0.179 seconds
[2022-01-20 03:41:58,965] {processor.py:163} INFO - Started process (PID=4667) to work on /home/airflow/.local/lib/python3.7/site-packages/airflow/example_dags/example_python_operator.py
[2022-01-20 03:41:58,970] {processor.py:620} INFO - Processing file /home/airflow/.local/lib/python3.7/site-packages/airflow/example_dags/example_python_operator.py for tasks to queue
[2022-01-20 03:41:58,977] {logging_mixin.py:109} INFO - [2022-01-20 03:41:58,977] {dagbag.py:500} INFO - Filling up the DagBag from /home/airflow/.local/lib/python3.7/site-packages/airflow/example_dags/example_python_operator.py
[2022-01-20 03:41:59,109] {processor.py:632} INFO - DAG(s) dict_keys(['example_python_operator']) retrieved from /home/airflow/.local/lib/python3.7/site-packages/airflow/example_dags/example_python_operator.py
[2022-01-20 03:41:59,214] {logging_mixin.py:109} INFO - [2022-01-20 03:41:59,214] {dag.py:2389} INFO - Sync 1 DAGs
[2022-01-20 03:41:59,282] {logging_mixin.py:109} INFO - [2022-01-20 03:41:59,282] {dag.py:2914} INFO - Setting next_dagrun for example_python_operator to None
[2022-01-20 03:41:59,314] {processor.py:171} INFO - Processing /home/airflow/.local/lib/python3.7/site-packages/airflow/example_dags/example_python_operator.py took 0.359 seconds
[2022-01-20 03:42:29,720] {processor.py:163} INFO - Started process (PID=4766) to work on /home/airflow/.local/lib/python3.7/site-packages/airflow/example_dags/example_python_operator.py
[2022-01-20 03:42:29,724] {processor.py:620} INFO - Processing file /home/airflow/.local/lib/python3.7/site-packages/airflow/example_dags/example_python_operator.py for tasks to queue
[2022-01-20 03:42:29,726] {logging_mixin.py:109} INFO - [2022-01-20 03:42:29,726] {dagbag.py:500} INFO - Filling up the DagBag from /home/airflow/.local/lib/python3.7/site-packages/airflow/example_dags/example_python_operator.py
[2022-01-20 03:42:29,788] {processor.py:632} INFO - DAG(s) dict_keys(['example_python_operator']) retrieved from /home/airflow/.local/lib/python3.7/site-packages/airflow/example_dags/example_python_operator.py
[2022-01-20 03:42:29,831] {logging_mixin.py:109} INFO - [2022-01-20 03:42:29,830] {dag.py:2389} INFO - Sync 1 DAGs
[2022-01-20 03:42:29,884] {logging_mixin.py:109} INFO - [2022-01-20 03:42:29,884] {dag.py:2914} INFO - Setting next_dagrun for example_python_operator to None
[2022-01-20 03:42:29,908] {processor.py:171} INFO - Processing /home/airflow/.local/lib/python3.7/site-packages/airflow/example_dags/example_python_operator.py took 0.194 seconds
[2022-01-20 03:43:00,590] {processor.py:163} INFO - Started process (PID=4877) to work on /home/airflow/.local/lib/python3.7/site-packages/airflow/example_dags/example_python_operator.py
[2022-01-20 03:43:00,604] {processor.py:620} INFO - Processing file /home/airflow/.local/lib/python3.7/site-packages/airflow/example_dags/example_python_operator.py for tasks to queue
[2022-01-20 03:43:00,609] {logging_mixin.py:109} INFO - [2022-01-20 03:43:00,608] {dagbag.py:500} INFO - Filling up the DagBag from /home/airflow/.local/lib/python3.7/site-packages/airflow/example_dags/example_python_operator.py
[2022-01-20 03:43:00,698] {processor.py:632} INFO - DAG(s) dict_keys(['example_python_operator']) retrieved from /home/airflow/.local/lib/python3.7/site-packages/airflow/example_dags/example_python_operator.py
[2022-01-20 03:43:00,766] {logging_mixin.py:109} INFO - [2022-01-20 03:43:00,766] {dag.py:2389} INFO - Sync 1 DAGs
[2022-01-20 03:43:00,868] {logging_mixin.py:109} INFO - [2022-01-20 03:43:00,868] {dag.py:2914} INFO - Setting next_dagrun for example_python_operator to None
[2022-01-20 03:43:00,905] {processor.py:171} INFO - Processing /home/airflow/.local/lib/python3.7/site-packages/airflow/example_dags/example_python_operator.py took 0.324 seconds
[2022-01-20 03:43:32,579] {processor.py:163} INFO - Started process (PID=4990) to work on /home/airflow/.local/lib/python3.7/site-packages/airflow/example_dags/example_python_operator.py
[2022-01-20 03:43:32,583] {processor.py:620} INFO - Processing file /home/airflow/.local/lib/python3.7/site-packages/airflow/example_dags/example_python_operator.py for tasks to queue
[2022-01-20 03:43:32,586] {logging_mixin.py:109} INFO - [2022-01-20 03:43:32,585] {dagbag.py:500} INFO - Filling up the DagBag from /home/airflow/.local/lib/python3.7/site-packages/airflow/example_dags/example_python_operator.py
[2022-01-20 03:43:32,664] {processor.py:632} INFO - DAG(s) dict_keys(['example_python_operator']) retrieved from /home/airflow/.local/lib/python3.7/site-packages/airflow/example_dags/example_python_operator.py
[2022-01-20 03:43:32,712] {logging_mixin.py:109} INFO - [2022-01-20 03:43:32,712] {dag.py:2389} INFO - Sync 1 DAGs
[2022-01-20 03:43:32,769] {logging_mixin.py:109} INFO - [2022-01-20 03:43:32,768] {dag.py:2914} INFO - Setting next_dagrun for example_python_operator to None
[2022-01-20 03:43:32,798] {processor.py:171} INFO - Processing /home/airflow/.local/lib/python3.7/site-packages/airflow/example_dags/example_python_operator.py took 0.227 seconds
[2022-01-20 03:44:04,077] {processor.py:163} INFO - Started process (PID=5089) to work on /home/airflow/.local/lib/python3.7/site-packages/airflow/example_dags/example_python_operator.py
[2022-01-20 03:44:04,083] {processor.py:620} INFO - Processing file /home/airflow/.local/lib/python3.7/site-packages/airflow/example_dags/example_python_operator.py for tasks to queue
[2022-01-20 03:44:04,088] {logging_mixin.py:109} INFO - [2022-01-20 03:44:04,087] {dagbag.py:500} INFO - Filling up the DagBag from /home/airflow/.local/lib/python3.7/site-packages/airflow/example_dags/example_python_operator.py
[2022-01-20 03:44:04,209] {processor.py:632} INFO - DAG(s) dict_keys(['example_python_operator']) retrieved from /home/airflow/.local/lib/python3.7/site-packages/airflow/example_dags/example_python_operator.py
[2022-01-20 03:44:04,258] {logging_mixin.py:109} INFO - [2022-01-20 03:44:04,258] {dag.py:2389} INFO - Sync 1 DAGs
[2022-01-20 03:44:04,315] {logging_mixin.py:109} INFO - [2022-01-20 03:44:04,314] {dag.py:2914} INFO - Setting next_dagrun for example_python_operator to None
[2022-01-20 03:44:04,355] {processor.py:171} INFO - Processing /home/airflow/.local/lib/python3.7/site-packages/airflow/example_dags/example_python_operator.py took 0.289 seconds
[2022-01-20 03:44:35,794] {processor.py:163} INFO - Started process (PID=5201) to work on /home/airflow/.local/lib/python3.7/site-packages/airflow/example_dags/example_python_operator.py
[2022-01-20 03:44:35,807] {processor.py:620} INFO - Processing file /home/airflow/.local/lib/python3.7/site-packages/airflow/example_dags/example_python_operator.py for tasks to queue
[2022-01-20 03:44:35,811] {logging_mixin.py:109} INFO - [2022-01-20 03:44:35,811] {dagbag.py:500} INFO - Filling up the DagBag from /home/airflow/.local/lib/python3.7/site-packages/airflow/example_dags/example_python_operator.py
[2022-01-20 03:44:35,886] {processor.py:632} INFO - DAG(s) dict_keys(['example_python_operator']) retrieved from /home/airflow/.local/lib/python3.7/site-packages/airflow/example_dags/example_python_operator.py
[2022-01-20 03:44:35,932] {logging_mixin.py:109} INFO - [2022-01-20 03:44:35,932] {dag.py:2389} INFO - Sync 1 DAGs
[2022-01-20 03:44:35,987] {logging_mixin.py:109} INFO - [2022-01-20 03:44:35,987] {dag.py:2914} INFO - Setting next_dagrun for example_python_operator to None
[2022-01-20 03:44:36,017] {processor.py:171} INFO - Processing /home/airflow/.local/lib/python3.7/site-packages/airflow/example_dags/example_python_operator.py took 0.231 seconds
[2022-01-20 03:45:06,238] {processor.py:163} INFO - Started process (PID=5292) to work on /home/airflow/.local/lib/python3.7/site-packages/airflow/example_dags/example_python_operator.py
[2022-01-20 03:45:06,242] {processor.py:620} INFO - Processing file /home/airflow/.local/lib/python3.7/site-packages/airflow/example_dags/example_python_operator.py for tasks to queue
[2022-01-20 03:45:06,244] {logging_mixin.py:109} INFO - [2022-01-20 03:45:06,244] {dagbag.py:500} INFO - Filling up the DagBag from /home/airflow/.local/lib/python3.7/site-packages/airflow/example_dags/example_python_operator.py
[2022-01-20 03:45:06,311] {processor.py:632} INFO - DAG(s) dict_keys(['example_python_operator']) retrieved from /home/airflow/.local/lib/python3.7/site-packages/airflow/example_dags/example_python_operator.py
[2022-01-20 03:45:06,355] {logging_mixin.py:109} INFO - [2022-01-20 03:45:06,355] {dag.py:2389} INFO - Sync 1 DAGs
[2022-01-20 03:45:06,406] {logging_mixin.py:109} INFO - [2022-01-20 03:45:06,406] {dag.py:2914} INFO - Setting next_dagrun for example_python_operator to None
[2022-01-20 03:45:06,433] {processor.py:171} INFO - Processing /home/airflow/.local/lib/python3.7/site-packages/airflow/example_dags/example_python_operator.py took 0.202 seconds
[2022-01-20 03:45:37,426] {processor.py:163} INFO - Started process (PID=5402) to work on /home/airflow/.local/lib/python3.7/site-packages/airflow/example_dags/example_python_operator.py
[2022-01-20 03:45:37,441] {processor.py:620} INFO - Processing file /home/airflow/.local/lib/python3.7/site-packages/airflow/example_dags/example_python_operator.py for tasks to queue
[2022-01-20 03:45:37,445] {logging_mixin.py:109} INFO - [2022-01-20 03:45:37,445] {dagbag.py:500} INFO - Filling up the DagBag from /home/airflow/.local/lib/python3.7/site-packages/airflow/example_dags/example_python_operator.py
[2022-01-20 03:45:37,535] {processor.py:632} INFO - DAG(s) dict_keys(['example_python_operator']) retrieved from /home/airflow/.local/lib/python3.7/site-packages/airflow/example_dags/example_python_operator.py
[2022-01-20 03:45:37,583] {logging_mixin.py:109} INFO - [2022-01-20 03:45:37,583] {dag.py:2389} INFO - Sync 1 DAGs
[2022-01-20 03:45:37,641] {logging_mixin.py:109} INFO - [2022-01-20 03:45:37,641] {dag.py:2914} INFO - Setting next_dagrun for example_python_operator to None
[2022-01-20 03:45:37,671] {processor.py:171} INFO - Processing /home/airflow/.local/lib/python3.7/site-packages/airflow/example_dags/example_python_operator.py took 0.252 seconds
[2022-01-20 03:46:08,242] {processor.py:163} INFO - Started process (PID=5492) to work on /home/airflow/.local/lib/python3.7/site-packages/airflow/example_dags/example_python_operator.py
[2022-01-20 03:46:08,246] {processor.py:620} INFO - Processing file /home/airflow/.local/lib/python3.7/site-packages/airflow/example_dags/example_python_operator.py for tasks to queue
[2022-01-20 03:46:08,248] {logging_mixin.py:109} INFO - [2022-01-20 03:46:08,248] {dagbag.py:500} INFO - Filling up the DagBag from /home/airflow/.local/lib/python3.7/site-packages/airflow/example_dags/example_python_operator.py
[2022-01-20 03:46:08,313] {processor.py:632} INFO - DAG(s) dict_keys(['example_python_operator']) retrieved from /home/airflow/.local/lib/python3.7/site-packages/airflow/example_dags/example_python_operator.py
[2022-01-20 03:46:08,350] {logging_mixin.py:109} INFO - [2022-01-20 03:46:08,349] {dag.py:2389} INFO - Sync 1 DAGs
[2022-01-20 03:46:08,397] {logging_mixin.py:109} INFO - [2022-01-20 03:46:08,397] {dag.py:2914} INFO - Setting next_dagrun for example_python_operator to None
[2022-01-20 03:46:08,423] {processor.py:171} INFO - Processing /home/airflow/.local/lib/python3.7/site-packages/airflow/example_dags/example_python_operator.py took 0.187 seconds
[2022-01-20 03:46:38,531] {processor.py:163} INFO - Started process (PID=5606) to work on /home/airflow/.local/lib/python3.7/site-packages/airflow/example_dags/example_python_operator.py
[2022-01-20 03:46:38,540] {processor.py:620} INFO - Processing file /home/airflow/.local/lib/python3.7/site-packages/airflow/example_dags/example_python_operator.py for tasks to queue
[2022-01-20 03:46:38,544] {logging_mixin.py:109} INFO - [2022-01-20 03:46:38,543] {dagbag.py:500} INFO - Filling up the DagBag from /home/airflow/.local/lib/python3.7/site-packages/airflow/example_dags/example_python_operator.py
[2022-01-20 03:46:38,633] {processor.py:632} INFO - DAG(s) dict_keys(['example_python_operator']) retrieved from /home/airflow/.local/lib/python3.7/site-packages/airflow/example_dags/example_python_operator.py
[2022-01-20 03:46:38,722] {logging_mixin.py:109} INFO - [2022-01-20 03:46:38,721] {dag.py:2389} INFO - Sync 1 DAGs
[2022-01-20 03:46:38,807] {logging_mixin.py:109} INFO - [2022-01-20 03:46:38,806] {dag.py:2914} INFO - Setting next_dagrun for example_python_operator to None
[2022-01-20 03:46:38,841] {processor.py:171} INFO - Processing /home/airflow/.local/lib/python3.7/site-packages/airflow/example_dags/example_python_operator.py took 0.317 seconds
[2022-01-20 03:47:09,113] {processor.py:163} INFO - Started process (PID=5706) to work on /home/airflow/.local/lib/python3.7/site-packages/airflow/example_dags/example_python_operator.py
[2022-01-20 03:47:09,118] {processor.py:620} INFO - Processing file /home/airflow/.local/lib/python3.7/site-packages/airflow/example_dags/example_python_operator.py for tasks to queue
[2022-01-20 03:47:09,120] {logging_mixin.py:109} INFO - [2022-01-20 03:47:09,120] {dagbag.py:500} INFO - Filling up the DagBag from /home/airflow/.local/lib/python3.7/site-packages/airflow/example_dags/example_python_operator.py
[2022-01-20 03:47:09,190] {processor.py:632} INFO - DAG(s) dict_keys(['example_python_operator']) retrieved from /home/airflow/.local/lib/python3.7/site-packages/airflow/example_dags/example_python_operator.py
[2022-01-20 03:47:09,230] {logging_mixin.py:109} INFO - [2022-01-20 03:47:09,230] {dag.py:2389} INFO - Sync 1 DAGs
[2022-01-20 03:47:09,276] {logging_mixin.py:109} INFO - [2022-01-20 03:47:09,275] {dag.py:2914} INFO - Setting next_dagrun for example_python_operator to None
[2022-01-20 03:47:09,302] {processor.py:171} INFO - Processing /home/airflow/.local/lib/python3.7/site-packages/airflow/example_dags/example_python_operator.py took 0.196 seconds
[2022-01-20 03:47:39,500] {processor.py:163} INFO - Started process (PID=5820) to work on /home/airflow/.local/lib/python3.7/site-packages/airflow/example_dags/example_python_operator.py
[2022-01-20 03:47:39,504] {processor.py:620} INFO - Processing file /home/airflow/.local/lib/python3.7/site-packages/airflow/example_dags/example_python_operator.py for tasks to queue
[2022-01-20 03:47:39,507] {logging_mixin.py:109} INFO - [2022-01-20 03:47:39,507] {dagbag.py:500} INFO - Filling up the DagBag from /home/airflow/.local/lib/python3.7/site-packages/airflow/example_dags/example_python_operator.py
[2022-01-20 03:47:39,588] {processor.py:632} INFO - DAG(s) dict_keys(['example_python_operator']) retrieved from /home/airflow/.local/lib/python3.7/site-packages/airflow/example_dags/example_python_operator.py
[2022-01-20 03:47:39,645] {logging_mixin.py:109} INFO - [2022-01-20 03:47:39,644] {dag.py:2389} INFO - Sync 1 DAGs
[2022-01-20 03:47:39,743] {logging_mixin.py:109} INFO - [2022-01-20 03:47:39,743] {dag.py:2914} INFO - Setting next_dagrun for example_python_operator to None
[2022-01-20 03:47:39,786] {processor.py:171} INFO - Processing /home/airflow/.local/lib/python3.7/site-packages/airflow/example_dags/example_python_operator.py took 0.293 seconds
[2022-01-20 03:48:09,935] {processor.py:163} INFO - Started process (PID=5915) to work on /home/airflow/.local/lib/python3.7/site-packages/airflow/example_dags/example_python_operator.py
[2022-01-20 03:48:09,939] {processor.py:620} INFO - Processing file /home/airflow/.local/lib/python3.7/site-packages/airflow/example_dags/example_python_operator.py for tasks to queue
[2022-01-20 03:48:09,942] {logging_mixin.py:109} INFO - [2022-01-20 03:48:09,942] {dagbag.py:500} INFO - Filling up the DagBag from /home/airflow/.local/lib/python3.7/site-packages/airflow/example_dags/example_python_operator.py
[2022-01-20 03:48:10,013] {processor.py:632} INFO - DAG(s) dict_keys(['example_python_operator']) retrieved from /home/airflow/.local/lib/python3.7/site-packages/airflow/example_dags/example_python_operator.py
[2022-01-20 03:48:10,052] {logging_mixin.py:109} INFO - [2022-01-20 03:48:10,052] {dag.py:2389} INFO - Sync 1 DAGs
[2022-01-20 03:48:10,105] {logging_mixin.py:109} INFO - [2022-01-20 03:48:10,105] {dag.py:2914} INFO - Setting next_dagrun for example_python_operator to None
[2022-01-20 03:48:10,135] {processor.py:171} INFO - Processing /home/airflow/.local/lib/python3.7/site-packages/airflow/example_dags/example_python_operator.py took 0.206 seconds
[2022-01-20 03:48:40,648] {processor.py:163} INFO - Started process (PID=6027) to work on /home/airflow/.local/lib/python3.7/site-packages/airflow/example_dags/example_python_operator.py
[2022-01-20 03:48:40,654] {processor.py:620} INFO - Processing file /home/airflow/.local/lib/python3.7/site-packages/airflow/example_dags/example_python_operator.py for tasks to queue
[2022-01-20 03:48:40,657] {logging_mixin.py:109} INFO - [2022-01-20 03:48:40,657] {dagbag.py:500} INFO - Filling up the DagBag from /home/airflow/.local/lib/python3.7/site-packages/airflow/example_dags/example_python_operator.py
[2022-01-20 03:48:40,747] {processor.py:632} INFO - DAG(s) dict_keys(['example_python_operator']) retrieved from /home/airflow/.local/lib/python3.7/site-packages/airflow/example_dags/example_python_operator.py
[2022-01-20 03:48:40,801] {logging_mixin.py:109} INFO - [2022-01-20 03:48:40,800] {dag.py:2389} INFO - Sync 1 DAGs
[2022-01-20 03:48:40,854] {logging_mixin.py:109} INFO - [2022-01-20 03:48:40,853] {dag.py:2914} INFO - Setting next_dagrun for example_python_operator to None
[2022-01-20 03:48:40,887] {processor.py:171} INFO - Processing /home/airflow/.local/lib/python3.7/site-packages/airflow/example_dags/example_python_operator.py took 0.246 seconds
[2022-01-20 03:49:11,113] {processor.py:163} INFO - Started process (PID=6135) to work on /home/airflow/.local/lib/python3.7/site-packages/airflow/example_dags/example_python_operator.py
[2022-01-20 03:49:11,117] {processor.py:620} INFO - Processing file /home/airflow/.local/lib/python3.7/site-packages/airflow/example_dags/example_python_operator.py for tasks to queue
[2022-01-20 03:49:11,121] {logging_mixin.py:109} INFO - [2022-01-20 03:49:11,121] {dagbag.py:500} INFO - Filling up the DagBag from /home/airflow/.local/lib/python3.7/site-packages/airflow/example_dags/example_python_operator.py
[2022-01-20 03:49:11,206] {processor.py:632} INFO - DAG(s) dict_keys(['example_python_operator']) retrieved from /home/airflow/.local/lib/python3.7/site-packages/airflow/example_dags/example_python_operator.py
[2022-01-20 03:49:11,249] {logging_mixin.py:109} INFO - [2022-01-20 03:49:11,249] {dag.py:2389} INFO - Sync 1 DAGs
[2022-01-20 03:49:11,303] {logging_mixin.py:109} INFO - [2022-01-20 03:49:11,302] {dag.py:2914} INFO - Setting next_dagrun for example_python_operator to None
[2022-01-20 03:49:11,333] {processor.py:171} INFO - Processing /home/airflow/.local/lib/python3.7/site-packages/airflow/example_dags/example_python_operator.py took 0.227 seconds
[2022-01-20 03:49:41,742] {processor.py:163} INFO - Started process (PID=6237) to work on /home/airflow/.local/lib/python3.7/site-packages/airflow/example_dags/example_python_operator.py
[2022-01-20 03:49:41,748] {processor.py:620} INFO - Processing file /home/airflow/.local/lib/python3.7/site-packages/airflow/example_dags/example_python_operator.py for tasks to queue
[2022-01-20 03:49:41,751] {logging_mixin.py:109} INFO - [2022-01-20 03:49:41,751] {dagbag.py:500} INFO - Filling up the DagBag from /home/airflow/.local/lib/python3.7/site-packages/airflow/example_dags/example_python_operator.py
[2022-01-20 03:49:41,848] {processor.py:632} INFO - DAG(s) dict_keys(['example_python_operator']) retrieved from /home/airflow/.local/lib/python3.7/site-packages/airflow/example_dags/example_python_operator.py
[2022-01-20 03:49:41,896] {logging_mixin.py:109} INFO - [2022-01-20 03:49:41,895] {dag.py:2389} INFO - Sync 1 DAGs
[2022-01-20 03:49:42,006] {logging_mixin.py:109} INFO - [2022-01-20 03:49:42,005] {dag.py:2914} INFO - Setting next_dagrun for example_python_operator to None
[2022-01-20 03:49:42,044] {processor.py:171} INFO - Processing /home/airflow/.local/lib/python3.7/site-packages/airflow/example_dags/example_python_operator.py took 0.313 seconds
[2022-01-20 03:50:12,116] {processor.py:163} INFO - Started process (PID=6344) to work on /home/airflow/.local/lib/python3.7/site-packages/airflow/example_dags/example_python_operator.py
[2022-01-20 03:50:12,120] {processor.py:620} INFO - Processing file /home/airflow/.local/lib/python3.7/site-packages/airflow/example_dags/example_python_operator.py for tasks to queue
[2022-01-20 03:50:12,125] {logging_mixin.py:109} INFO - [2022-01-20 03:50:12,124] {dagbag.py:500} INFO - Filling up the DagBag from /home/airflow/.local/lib/python3.7/site-packages/airflow/example_dags/example_python_operator.py
[2022-01-20 03:50:12,202] {processor.py:632} INFO - DAG(s) dict_keys(['example_python_operator']) retrieved from /home/airflow/.local/lib/python3.7/site-packages/airflow/example_dags/example_python_operator.py
[2022-01-20 03:50:12,247] {logging_mixin.py:109} INFO - [2022-01-20 03:50:12,247] {dag.py:2389} INFO - Sync 1 DAGs
[2022-01-20 03:50:12,302] {logging_mixin.py:109} INFO - [2022-01-20 03:50:12,301] {dag.py:2914} INFO - Setting next_dagrun for example_python_operator to None
[2022-01-20 03:50:12,330] {processor.py:171} INFO - Processing /home/airflow/.local/lib/python3.7/site-packages/airflow/example_dags/example_python_operator.py took 0.221 seconds
[2022-01-20 03:50:43,129] {processor.py:163} INFO - Started process (PID=6446) to work on /home/airflow/.local/lib/python3.7/site-packages/airflow/example_dags/example_python_operator.py
[2022-01-20 03:50:43,133] {processor.py:620} INFO - Processing file /home/airflow/.local/lib/python3.7/site-packages/airflow/example_dags/example_python_operator.py for tasks to queue
[2022-01-20 03:50:43,136] {logging_mixin.py:109} INFO - [2022-01-20 03:50:43,135] {dagbag.py:500} INFO - Filling up the DagBag from /home/airflow/.local/lib/python3.7/site-packages/airflow/example_dags/example_python_operator.py
[2022-01-20 03:50:43,216] {processor.py:632} INFO - DAG(s) dict_keys(['example_python_operator']) retrieved from /home/airflow/.local/lib/python3.7/site-packages/airflow/example_dags/example_python_operator.py
[2022-01-20 03:50:43,262] {logging_mixin.py:109} INFO - [2022-01-20 03:50:43,262] {dag.py:2389} INFO - Sync 1 DAGs
[2022-01-20 03:50:43,320] {logging_mixin.py:109} INFO - [2022-01-20 03:50:43,319] {dag.py:2914} INFO - Setting next_dagrun for example_python_operator to None
[2022-01-20 03:50:43,352] {processor.py:171} INFO - Processing /home/airflow/.local/lib/python3.7/site-packages/airflow/example_dags/example_python_operator.py took 0.230 seconds
[2022-01-20 03:51:13,542] {processor.py:163} INFO - Started process (PID=6564) to work on /home/airflow/.local/lib/python3.7/site-packages/airflow/example_dags/example_python_operator.py
[2022-01-20 03:51:13,547] {processor.py:620} INFO - Processing file /home/airflow/.local/lib/python3.7/site-packages/airflow/example_dags/example_python_operator.py for tasks to queue
[2022-01-20 03:51:13,551] {logging_mixin.py:109} INFO - [2022-01-20 03:51:13,550] {dagbag.py:500} INFO - Filling up the DagBag from /home/airflow/.local/lib/python3.7/site-packages/airflow/example_dags/example_python_operator.py
[2022-01-20 03:51:13,640] {processor.py:632} INFO - DAG(s) dict_keys(['example_python_operator']) retrieved from /home/airflow/.local/lib/python3.7/site-packages/airflow/example_dags/example_python_operator.py
[2022-01-20 03:51:13,729] {logging_mixin.py:109} INFO - [2022-01-20 03:51:13,729] {dag.py:2389} INFO - Sync 1 DAGs
[2022-01-20 03:51:13,782] {logging_mixin.py:109} INFO - [2022-01-20 03:51:13,781] {dag.py:2914} INFO - Setting next_dagrun for example_python_operator to None
[2022-01-20 03:51:13,818] {processor.py:171} INFO - Processing /home/airflow/.local/lib/python3.7/site-packages/airflow/example_dags/example_python_operator.py took 0.284 seconds
