[2022-01-20 03:20:25,603] {processor.py:163} INFO - Started process (PID=273) to work on /home/airflow/.local/lib/python3.7/site-packages/airflow/example_dags/example_task_group.py
[2022-01-20 03:20:25,610] {processor.py:620} INFO - Processing file /home/airflow/.local/lib/python3.7/site-packages/airflow/example_dags/example_task_group.py for tasks to queue
[2022-01-20 03:20:25,618] {logging_mixin.py:109} INFO - [2022-01-20 03:20:25,617] {dagbag.py:500} INFO - Filling up the DagBag from /home/airflow/.local/lib/python3.7/site-packages/airflow/example_dags/example_task_group.py
[2022-01-20 03:20:25,852] {processor.py:632} INFO - DAG(s) dict_keys(['example_task_group']) retrieved from /home/airflow/.local/lib/python3.7/site-packages/airflow/example_dags/example_task_group.py
[2022-01-20 03:20:25,979] {logging_mixin.py:109} INFO - [2022-01-20 03:20:25,978] {dag.py:2389} INFO - Sync 1 DAGs
[2022-01-20 03:20:26,144] {logging_mixin.py:109} INFO - [2022-01-20 03:20:26,143] {dag.py:2914} INFO - Setting next_dagrun for example_task_group to 2022-01-19T03:20:26.134733+00:00
[2022-01-20 03:20:26,221] {processor.py:171} INFO - Processing /home/airflow/.local/lib/python3.7/site-packages/airflow/example_dags/example_task_group.py took 0.638 seconds
[2022-01-20 03:20:57,108] {processor.py:163} INFO - Started process (PID=387) to work on /home/airflow/.local/lib/python3.7/site-packages/airflow/example_dags/example_task_group.py
[2022-01-20 03:20:57,122] {processor.py:620} INFO - Processing file /home/airflow/.local/lib/python3.7/site-packages/airflow/example_dags/example_task_group.py for tasks to queue
[2022-01-20 03:20:57,132] {logging_mixin.py:109} INFO - [2022-01-20 03:20:57,132] {dagbag.py:500} INFO - Filling up the DagBag from /home/airflow/.local/lib/python3.7/site-packages/airflow/example_dags/example_task_group.py
[2022-01-20 03:20:57,296] {processor.py:632} INFO - DAG(s) dict_keys(['example_task_group']) retrieved from /home/airflow/.local/lib/python3.7/site-packages/airflow/example_dags/example_task_group.py
[2022-01-20 03:20:57,387] {logging_mixin.py:109} INFO - [2022-01-20 03:20:57,387] {dag.py:2389} INFO - Sync 1 DAGs
[2022-01-20 03:20:57,479] {logging_mixin.py:109} INFO - [2022-01-20 03:20:57,476] {dag.py:2914} INFO - Setting next_dagrun for example_task_group to 2022-01-19T03:20:57.474175+00:00
[2022-01-20 03:20:57,532] {processor.py:171} INFO - Processing /home/airflow/.local/lib/python3.7/site-packages/airflow/example_dags/example_task_group.py took 0.445 seconds
[2022-01-20 03:21:27,818] {processor.py:163} INFO - Started process (PID=481) to work on /home/airflow/.local/lib/python3.7/site-packages/airflow/example_dags/example_task_group.py
[2022-01-20 03:21:27,826] {processor.py:620} INFO - Processing file /home/airflow/.local/lib/python3.7/site-packages/airflow/example_dags/example_task_group.py for tasks to queue
[2022-01-20 03:21:27,829] {logging_mixin.py:109} INFO - [2022-01-20 03:21:27,829] {dagbag.py:500} INFO - Filling up the DagBag from /home/airflow/.local/lib/python3.7/site-packages/airflow/example_dags/example_task_group.py
[2022-01-20 03:21:27,923] {processor.py:632} INFO - DAG(s) dict_keys(['example_task_group']) retrieved from /home/airflow/.local/lib/python3.7/site-packages/airflow/example_dags/example_task_group.py
[2022-01-20 03:21:27,992] {logging_mixin.py:109} INFO - [2022-01-20 03:21:27,991] {dag.py:2389} INFO - Sync 1 DAGs
[2022-01-20 03:21:28,052] {logging_mixin.py:109} INFO - [2022-01-20 03:21:28,051] {dag.py:2914} INFO - Setting next_dagrun for example_task_group to 2022-01-19T03:21:28.049624+00:00
[2022-01-20 03:21:28,086] {processor.py:171} INFO - Processing /home/airflow/.local/lib/python3.7/site-packages/airflow/example_dags/example_task_group.py took 0.275 seconds
[2022-01-20 03:21:58,211] {processor.py:163} INFO - Started process (PID=593) to work on /home/airflow/.local/lib/python3.7/site-packages/airflow/example_dags/example_task_group.py
[2022-01-20 03:21:58,215] {processor.py:620} INFO - Processing file /home/airflow/.local/lib/python3.7/site-packages/airflow/example_dags/example_task_group.py for tasks to queue
[2022-01-20 03:21:58,220] {logging_mixin.py:109} INFO - [2022-01-20 03:21:58,220] {dagbag.py:500} INFO - Filling up the DagBag from /home/airflow/.local/lib/python3.7/site-packages/airflow/example_dags/example_task_group.py
[2022-01-20 03:21:58,299] {processor.py:632} INFO - DAG(s) dict_keys(['example_task_group']) retrieved from /home/airflow/.local/lib/python3.7/site-packages/airflow/example_dags/example_task_group.py
[2022-01-20 03:21:58,345] {logging_mixin.py:109} INFO - [2022-01-20 03:21:58,344] {dag.py:2389} INFO - Sync 1 DAGs
[2022-01-20 03:21:58,398] {logging_mixin.py:109} INFO - [2022-01-20 03:21:58,397] {dag.py:2914} INFO - Setting next_dagrun for example_task_group to 2022-01-19T03:21:58.396060+00:00
[2022-01-20 03:21:58,427] {processor.py:171} INFO - Processing /home/airflow/.local/lib/python3.7/site-packages/airflow/example_dags/example_task_group.py took 0.223 seconds
[2022-01-20 03:22:29,364] {processor.py:163} INFO - Started process (PID=691) to work on /home/airflow/.local/lib/python3.7/site-packages/airflow/example_dags/example_task_group.py
[2022-01-20 03:22:29,368] {processor.py:620} INFO - Processing file /home/airflow/.local/lib/python3.7/site-packages/airflow/example_dags/example_task_group.py for tasks to queue
[2022-01-20 03:22:29,372] {logging_mixin.py:109} INFO - [2022-01-20 03:22:29,372] {dagbag.py:500} INFO - Filling up the DagBag from /home/airflow/.local/lib/python3.7/site-packages/airflow/example_dags/example_task_group.py
[2022-01-20 03:22:29,443] {processor.py:632} INFO - DAG(s) dict_keys(['example_task_group']) retrieved from /home/airflow/.local/lib/python3.7/site-packages/airflow/example_dags/example_task_group.py
[2022-01-20 03:22:29,487] {logging_mixin.py:109} INFO - [2022-01-20 03:22:29,487] {dag.py:2389} INFO - Sync 1 DAGs
[2022-01-20 03:22:29,541] {logging_mixin.py:109} INFO - [2022-01-20 03:22:29,541] {dag.py:2914} INFO - Setting next_dagrun for example_task_group to 2022-01-19T03:22:29.539766+00:00
[2022-01-20 03:22:29,570] {processor.py:171} INFO - Processing /home/airflow/.local/lib/python3.7/site-packages/airflow/example_dags/example_task_group.py took 0.214 seconds
[2022-01-20 03:23:00,009] {processor.py:163} INFO - Started process (PID=799) to work on /home/airflow/.local/lib/python3.7/site-packages/airflow/example_dags/example_task_group.py
[2022-01-20 03:23:00,013] {processor.py:620} INFO - Processing file /home/airflow/.local/lib/python3.7/site-packages/airflow/example_dags/example_task_group.py for tasks to queue
[2022-01-20 03:23:00,017] {logging_mixin.py:109} INFO - [2022-01-20 03:23:00,016] {dagbag.py:500} INFO - Filling up the DagBag from /home/airflow/.local/lib/python3.7/site-packages/airflow/example_dags/example_task_group.py
[2022-01-20 03:23:00,117] {processor.py:632} INFO - DAG(s) dict_keys(['example_task_group']) retrieved from /home/airflow/.local/lib/python3.7/site-packages/airflow/example_dags/example_task_group.py
[2022-01-20 03:23:00,198] {logging_mixin.py:109} INFO - [2022-01-20 03:23:00,197] {dag.py:2389} INFO - Sync 1 DAGs
[2022-01-20 03:23:00,257] {logging_mixin.py:109} INFO - [2022-01-20 03:23:00,257] {dag.py:2914} INFO - Setting next_dagrun for example_task_group to 2022-01-19T03:23:00.255074+00:00
[2022-01-20 03:23:00,287] {processor.py:171} INFO - Processing /home/airflow/.local/lib/python3.7/site-packages/airflow/example_dags/example_task_group.py took 0.286 seconds
[2022-01-20 03:23:30,664] {processor.py:163} INFO - Started process (PID=900) to work on /home/airflow/.local/lib/python3.7/site-packages/airflow/example_dags/example_task_group.py
[2022-01-20 03:23:30,669] {processor.py:620} INFO - Processing file /home/airflow/.local/lib/python3.7/site-packages/airflow/example_dags/example_task_group.py for tasks to queue
[2022-01-20 03:23:30,673] {logging_mixin.py:109} INFO - [2022-01-20 03:23:30,672] {dagbag.py:500} INFO - Filling up the DagBag from /home/airflow/.local/lib/python3.7/site-packages/airflow/example_dags/example_task_group.py
[2022-01-20 03:23:30,784] {processor.py:632} INFO - DAG(s) dict_keys(['example_task_group']) retrieved from /home/airflow/.local/lib/python3.7/site-packages/airflow/example_dags/example_task_group.py
[2022-01-20 03:23:30,838] {logging_mixin.py:109} INFO - [2022-01-20 03:23:30,837] {dag.py:2389} INFO - Sync 1 DAGs
[2022-01-20 03:23:30,907] {logging_mixin.py:109} INFO - [2022-01-20 03:23:30,907] {dag.py:2914} INFO - Setting next_dagrun for example_task_group to 2022-01-19T03:23:30.905212+00:00
[2022-01-20 03:23:30,941] {processor.py:171} INFO - Processing /home/airflow/.local/lib/python3.7/site-packages/airflow/example_dags/example_task_group.py took 0.287 seconds
[2022-01-20 03:24:01,433] {processor.py:163} INFO - Started process (PID=1002) to work on /home/airflow/.local/lib/python3.7/site-packages/airflow/example_dags/example_task_group.py
[2022-01-20 03:24:01,438] {processor.py:620} INFO - Processing file /home/airflow/.local/lib/python3.7/site-packages/airflow/example_dags/example_task_group.py for tasks to queue
[2022-01-20 03:24:01,441] {logging_mixin.py:109} INFO - [2022-01-20 03:24:01,440] {dagbag.py:500} INFO - Filling up the DagBag from /home/airflow/.local/lib/python3.7/site-packages/airflow/example_dags/example_task_group.py
[2022-01-20 03:24:01,516] {processor.py:632} INFO - DAG(s) dict_keys(['example_task_group']) retrieved from /home/airflow/.local/lib/python3.7/site-packages/airflow/example_dags/example_task_group.py
[2022-01-20 03:24:01,566] {logging_mixin.py:109} INFO - [2022-01-20 03:24:01,565] {dag.py:2389} INFO - Sync 1 DAGs
[2022-01-20 03:24:01,630] {logging_mixin.py:109} INFO - [2022-01-20 03:24:01,629] {dag.py:2914} INFO - Setting next_dagrun for example_task_group to 2022-01-19T03:24:01.627787+00:00
[2022-01-20 03:24:01,658] {processor.py:171} INFO - Processing /home/airflow/.local/lib/python3.7/site-packages/airflow/example_dags/example_task_group.py took 0.233 seconds
[2022-01-20 03:24:31,950] {processor.py:163} INFO - Started process (PID=1112) to work on /home/airflow/.local/lib/python3.7/site-packages/airflow/example_dags/example_task_group.py
[2022-01-20 03:24:31,954] {processor.py:620} INFO - Processing file /home/airflow/.local/lib/python3.7/site-packages/airflow/example_dags/example_task_group.py for tasks to queue
[2022-01-20 03:24:31,957] {logging_mixin.py:109} INFO - [2022-01-20 03:24:31,957] {dagbag.py:500} INFO - Filling up the DagBag from /home/airflow/.local/lib/python3.7/site-packages/airflow/example_dags/example_task_group.py
[2022-01-20 03:24:32,039] {processor.py:632} INFO - DAG(s) dict_keys(['example_task_group']) retrieved from /home/airflow/.local/lib/python3.7/site-packages/airflow/example_dags/example_task_group.py
[2022-01-20 03:24:32,088] {logging_mixin.py:109} INFO - [2022-01-20 03:24:32,087] {dag.py:2389} INFO - Sync 1 DAGs
[2022-01-20 03:24:32,143] {logging_mixin.py:109} INFO - [2022-01-20 03:24:32,142] {dag.py:2914} INFO - Setting next_dagrun for example_task_group to 2022-01-19T03:24:32.140822+00:00
[2022-01-20 03:24:32,175] {processor.py:171} INFO - Processing /home/airflow/.local/lib/python3.7/site-packages/airflow/example_dags/example_task_group.py took 0.233 seconds
[2022-01-20 03:25:02,307] {processor.py:163} INFO - Started process (PID=1214) to work on /home/airflow/.local/lib/python3.7/site-packages/airflow/example_dags/example_task_group.py
[2022-01-20 03:25:02,311] {processor.py:620} INFO - Processing file /home/airflow/.local/lib/python3.7/site-packages/airflow/example_dags/example_task_group.py for tasks to queue
[2022-01-20 03:25:02,314] {logging_mixin.py:109} INFO - [2022-01-20 03:25:02,314] {dagbag.py:500} INFO - Filling up the DagBag from /home/airflow/.local/lib/python3.7/site-packages/airflow/example_dags/example_task_group.py
[2022-01-20 03:25:02,392] {processor.py:632} INFO - DAG(s) dict_keys(['example_task_group']) retrieved from /home/airflow/.local/lib/python3.7/site-packages/airflow/example_dags/example_task_group.py
[2022-01-20 03:25:02,437] {logging_mixin.py:109} INFO - [2022-01-20 03:25:02,437] {dag.py:2389} INFO - Sync 1 DAGs
[2022-01-20 03:25:02,491] {logging_mixin.py:109} INFO - [2022-01-20 03:25:02,490] {dag.py:2914} INFO - Setting next_dagrun for example_task_group to 2022-01-19T03:25:02.488790+00:00
[2022-01-20 03:25:02,519] {processor.py:171} INFO - Processing /home/airflow/.local/lib/python3.7/site-packages/airflow/example_dags/example_task_group.py took 0.219 seconds
[2022-01-20 03:25:33,047] {processor.py:163} INFO - Started process (PID=1330) to work on /home/airflow/.local/lib/python3.7/site-packages/airflow/example_dags/example_task_group.py
[2022-01-20 03:25:33,052] {processor.py:620} INFO - Processing file /home/airflow/.local/lib/python3.7/site-packages/airflow/example_dags/example_task_group.py for tasks to queue
[2022-01-20 03:25:33,056] {logging_mixin.py:109} INFO - [2022-01-20 03:25:33,055] {dagbag.py:500} INFO - Filling up the DagBag from /home/airflow/.local/lib/python3.7/site-packages/airflow/example_dags/example_task_group.py
[2022-01-20 03:25:33,141] {processor.py:632} INFO - DAG(s) dict_keys(['example_task_group']) retrieved from /home/airflow/.local/lib/python3.7/site-packages/airflow/example_dags/example_task_group.py
[2022-01-20 03:25:33,191] {logging_mixin.py:109} INFO - [2022-01-20 03:25:33,191] {dag.py:2389} INFO - Sync 1 DAGs
[2022-01-20 03:25:33,248] {logging_mixin.py:109} INFO - [2022-01-20 03:25:33,247] {dag.py:2914} INFO - Setting next_dagrun for example_task_group to 2022-01-19T03:25:33.245250+00:00
[2022-01-20 03:25:33,276] {processor.py:171} INFO - Processing /home/airflow/.local/lib/python3.7/site-packages/airflow/example_dags/example_task_group.py took 0.245 seconds
[2022-01-20 03:26:03,514] {processor.py:163} INFO - Started process (PID=1430) to work on /home/airflow/.local/lib/python3.7/site-packages/airflow/example_dags/example_task_group.py
[2022-01-20 03:26:03,518] {processor.py:620} INFO - Processing file /home/airflow/.local/lib/python3.7/site-packages/airflow/example_dags/example_task_group.py for tasks to queue
[2022-01-20 03:26:03,521] {logging_mixin.py:109} INFO - [2022-01-20 03:26:03,521] {dagbag.py:500} INFO - Filling up the DagBag from /home/airflow/.local/lib/python3.7/site-packages/airflow/example_dags/example_task_group.py
[2022-01-20 03:26:03,607] {processor.py:632} INFO - DAG(s) dict_keys(['example_task_group']) retrieved from /home/airflow/.local/lib/python3.7/site-packages/airflow/example_dags/example_task_group.py
[2022-01-20 03:26:03,657] {logging_mixin.py:109} INFO - [2022-01-20 03:26:03,656] {dag.py:2389} INFO - Sync 1 DAGs
[2022-01-20 03:26:03,715] {logging_mixin.py:109} INFO - [2022-01-20 03:26:03,715] {dag.py:2914} INFO - Setting next_dagrun for example_task_group to 2022-01-19T03:26:03.713470+00:00
[2022-01-20 03:26:03,747] {processor.py:171} INFO - Processing /home/airflow/.local/lib/python3.7/site-packages/airflow/example_dags/example_task_group.py took 0.240 seconds
[2022-01-20 03:26:33,988] {processor.py:163} INFO - Started process (PID=1544) to work on /home/airflow/.local/lib/python3.7/site-packages/airflow/example_dags/example_task_group.py
[2022-01-20 03:26:33,992] {processor.py:620} INFO - Processing file /home/airflow/.local/lib/python3.7/site-packages/airflow/example_dags/example_task_group.py for tasks to queue
[2022-01-20 03:26:33,995] {logging_mixin.py:109} INFO - [2022-01-20 03:26:33,995] {dagbag.py:500} INFO - Filling up the DagBag from /home/airflow/.local/lib/python3.7/site-packages/airflow/example_dags/example_task_group.py
[2022-01-20 03:26:34,079] {processor.py:632} INFO - DAG(s) dict_keys(['example_task_group']) retrieved from /home/airflow/.local/lib/python3.7/site-packages/airflow/example_dags/example_task_group.py
[2022-01-20 03:26:34,128] {logging_mixin.py:109} INFO - [2022-01-20 03:26:34,128] {dag.py:2389} INFO - Sync 1 DAGs
[2022-01-20 03:26:34,186] {logging_mixin.py:109} INFO - [2022-01-20 03:26:34,185] {dag.py:2914} INFO - Setting next_dagrun for example_task_group to 2022-01-19T03:26:34.183984+00:00
[2022-01-20 03:26:34,235] {processor.py:171} INFO - Processing /home/airflow/.local/lib/python3.7/site-packages/airflow/example_dags/example_task_group.py took 0.263 seconds
[2022-01-20 03:27:04,488] {processor.py:163} INFO - Started process (PID=1641) to work on /home/airflow/.local/lib/python3.7/site-packages/airflow/example_dags/example_task_group.py
[2022-01-20 03:27:04,493] {processor.py:620} INFO - Processing file /home/airflow/.local/lib/python3.7/site-packages/airflow/example_dags/example_task_group.py for tasks to queue
[2022-01-20 03:27:04,497] {logging_mixin.py:109} INFO - [2022-01-20 03:27:04,496] {dagbag.py:500} INFO - Filling up the DagBag from /home/airflow/.local/lib/python3.7/site-packages/airflow/example_dags/example_task_group.py
[2022-01-20 03:27:04,584] {processor.py:632} INFO - DAG(s) dict_keys(['example_task_group']) retrieved from /home/airflow/.local/lib/python3.7/site-packages/airflow/example_dags/example_task_group.py
[2022-01-20 03:27:04,634] {logging_mixin.py:109} INFO - [2022-01-20 03:27:04,633] {dag.py:2389} INFO - Sync 1 DAGs
[2022-01-20 03:27:04,693] {logging_mixin.py:109} INFO - [2022-01-20 03:27:04,692] {dag.py:2914} INFO - Setting next_dagrun for example_task_group to 2022-01-19T03:27:04.690972+00:00
[2022-01-20 03:27:04,722] {processor.py:171} INFO - Processing /home/airflow/.local/lib/python3.7/site-packages/airflow/example_dags/example_task_group.py took 0.241 seconds
[2022-01-20 03:27:35,712] {processor.py:163} INFO - Started process (PID=1758) to work on /home/airflow/.local/lib/python3.7/site-packages/airflow/example_dags/example_task_group.py
[2022-01-20 03:27:35,716] {processor.py:620} INFO - Processing file /home/airflow/.local/lib/python3.7/site-packages/airflow/example_dags/example_task_group.py for tasks to queue
[2022-01-20 03:27:35,719] {logging_mixin.py:109} INFO - [2022-01-20 03:27:35,719] {dagbag.py:500} INFO - Filling up the DagBag from /home/airflow/.local/lib/python3.7/site-packages/airflow/example_dags/example_task_group.py
[2022-01-20 03:27:35,811] {processor.py:632} INFO - DAG(s) dict_keys(['example_task_group']) retrieved from /home/airflow/.local/lib/python3.7/site-packages/airflow/example_dags/example_task_group.py
[2022-01-20 03:27:35,861] {logging_mixin.py:109} INFO - [2022-01-20 03:27:35,861] {dag.py:2389} INFO - Sync 1 DAGs
[2022-01-20 03:27:35,916] {logging_mixin.py:109} INFO - [2022-01-20 03:27:35,916] {dag.py:2914} INFO - Setting next_dagrun for example_task_group to 2022-01-19T03:27:35.914675+00:00
[2022-01-20 03:27:35,944] {processor.py:171} INFO - Processing /home/airflow/.local/lib/python3.7/site-packages/airflow/example_dags/example_task_group.py took 0.240 seconds
[2022-01-20 03:28:06,803] {processor.py:163} INFO - Started process (PID=1852) to work on /home/airflow/.local/lib/python3.7/site-packages/airflow/example_dags/example_task_group.py
[2022-01-20 03:28:06,807] {processor.py:620} INFO - Processing file /home/airflow/.local/lib/python3.7/site-packages/airflow/example_dags/example_task_group.py for tasks to queue
[2022-01-20 03:28:06,810] {logging_mixin.py:109} INFO - [2022-01-20 03:28:06,809] {dagbag.py:500} INFO - Filling up the DagBag from /home/airflow/.local/lib/python3.7/site-packages/airflow/example_dags/example_task_group.py
[2022-01-20 03:28:06,893] {processor.py:632} INFO - DAG(s) dict_keys(['example_task_group']) retrieved from /home/airflow/.local/lib/python3.7/site-packages/airflow/example_dags/example_task_group.py
[2022-01-20 03:28:06,945] {logging_mixin.py:109} INFO - [2022-01-20 03:28:06,944] {dag.py:2389} INFO - Sync 1 DAGs
[2022-01-20 03:28:07,002] {logging_mixin.py:109} INFO - [2022-01-20 03:28:07,001] {dag.py:2914} INFO - Setting next_dagrun for example_task_group to 2022-01-19T03:28:07.000014+00:00
[2022-01-20 03:28:07,032] {processor.py:171} INFO - Processing /home/airflow/.local/lib/python3.7/site-packages/airflow/example_dags/example_task_group.py took 0.236 seconds
[2022-01-20 03:28:38,867] {processor.py:163} INFO - Started process (PID=1953) to work on /home/airflow/.local/lib/python3.7/site-packages/airflow/example_dags/example_task_group.py
[2022-01-20 03:28:38,870] {processor.py:620} INFO - Processing file /home/airflow/.local/lib/python3.7/site-packages/airflow/example_dags/example_task_group.py for tasks to queue
[2022-01-20 03:28:38,874] {logging_mixin.py:109} INFO - [2022-01-20 03:28:38,873] {dagbag.py:500} INFO - Filling up the DagBag from /home/airflow/.local/lib/python3.7/site-packages/airflow/example_dags/example_task_group.py
[2022-01-20 03:28:38,954] {processor.py:632} INFO - DAG(s) dict_keys(['example_task_group']) retrieved from /home/airflow/.local/lib/python3.7/site-packages/airflow/example_dags/example_task_group.py
[2022-01-20 03:28:39,018] {logging_mixin.py:109} INFO - [2022-01-20 03:28:39,017] {dag.py:2389} INFO - Sync 1 DAGs
[2022-01-20 03:28:39,076] {logging_mixin.py:109} INFO - [2022-01-20 03:28:39,076] {dag.py:2914} INFO - Setting next_dagrun for example_task_group to 2022-01-19T03:28:39.073981+00:00
[2022-01-20 03:28:39,108] {processor.py:171} INFO - Processing /home/airflow/.local/lib/python3.7/site-packages/airflow/example_dags/example_task_group.py took 0.250 seconds
[2022-01-20 03:29:10,455] {processor.py:163} INFO - Started process (PID=2049) to work on /home/airflow/.local/lib/python3.7/site-packages/airflow/example_dags/example_task_group.py
[2022-01-20 03:29:10,459] {processor.py:620} INFO - Processing file /home/airflow/.local/lib/python3.7/site-packages/airflow/example_dags/example_task_group.py for tasks to queue
[2022-01-20 03:29:10,461] {logging_mixin.py:109} INFO - [2022-01-20 03:29:10,461] {dagbag.py:500} INFO - Filling up the DagBag from /home/airflow/.local/lib/python3.7/site-packages/airflow/example_dags/example_task_group.py
[2022-01-20 03:29:10,544] {processor.py:632} INFO - DAG(s) dict_keys(['example_task_group']) retrieved from /home/airflow/.local/lib/python3.7/site-packages/airflow/example_dags/example_task_group.py
[2022-01-20 03:29:10,609] {logging_mixin.py:109} INFO - [2022-01-20 03:29:10,608] {dag.py:2389} INFO - Sync 1 DAGs
[2022-01-20 03:29:10,669] {logging_mixin.py:109} INFO - [2022-01-20 03:29:10,668] {dag.py:2914} INFO - Setting next_dagrun for example_task_group to 2022-01-19T03:29:10.665922+00:00
[2022-01-20 03:29:10,698] {processor.py:171} INFO - Processing /home/airflow/.local/lib/python3.7/site-packages/airflow/example_dags/example_task_group.py took 0.251 seconds
[2022-01-20 03:29:42,449] {processor.py:163} INFO - Started process (PID=2168) to work on /home/airflow/.local/lib/python3.7/site-packages/airflow/example_dags/example_task_group.py
[2022-01-20 03:29:42,454] {processor.py:620} INFO - Processing file /home/airflow/.local/lib/python3.7/site-packages/airflow/example_dags/example_task_group.py for tasks to queue
[2022-01-20 03:29:42,457] {logging_mixin.py:109} INFO - [2022-01-20 03:29:42,456] {dagbag.py:500} INFO - Filling up the DagBag from /home/airflow/.local/lib/python3.7/site-packages/airflow/example_dags/example_task_group.py
[2022-01-20 03:29:42,534] {processor.py:632} INFO - DAG(s) dict_keys(['example_task_group']) retrieved from /home/airflow/.local/lib/python3.7/site-packages/airflow/example_dags/example_task_group.py
[2022-01-20 03:29:42,584] {logging_mixin.py:109} INFO - [2022-01-20 03:29:42,583] {dag.py:2389} INFO - Sync 1 DAGs
[2022-01-20 03:29:42,644] {logging_mixin.py:109} INFO - [2022-01-20 03:29:42,644] {dag.py:2914} INFO - Setting next_dagrun for example_task_group to 2022-01-19T03:29:42.641996+00:00
[2022-01-20 03:29:42,672] {processor.py:171} INFO - Processing /home/airflow/.local/lib/python3.7/site-packages/airflow/example_dags/example_task_group.py took 0.230 seconds
[2022-01-20 03:30:13,844] {processor.py:163} INFO - Started process (PID=2274) to work on /home/airflow/.local/lib/python3.7/site-packages/airflow/example_dags/example_task_group.py
[2022-01-20 03:30:13,849] {processor.py:620} INFO - Processing file /home/airflow/.local/lib/python3.7/site-packages/airflow/example_dags/example_task_group.py for tasks to queue
[2022-01-20 03:30:13,853] {logging_mixin.py:109} INFO - [2022-01-20 03:30:13,852] {dagbag.py:500} INFO - Filling up the DagBag from /home/airflow/.local/lib/python3.7/site-packages/airflow/example_dags/example_task_group.py
[2022-01-20 03:30:13,935] {processor.py:632} INFO - DAG(s) dict_keys(['example_task_group']) retrieved from /home/airflow/.local/lib/python3.7/site-packages/airflow/example_dags/example_task_group.py
[2022-01-20 03:30:13,988] {logging_mixin.py:109} INFO - [2022-01-20 03:30:13,987] {dag.py:2389} INFO - Sync 1 DAGs
[2022-01-20 03:30:14,065] {logging_mixin.py:109} INFO - [2022-01-20 03:30:14,064] {dag.py:2914} INFO - Setting next_dagrun for example_task_group to 2022-01-19T03:30:14.063135+00:00
[2022-01-20 03:30:14,096] {processor.py:171} INFO - Processing /home/airflow/.local/lib/python3.7/site-packages/airflow/example_dags/example_task_group.py took 0.260 seconds
[2022-01-20 03:30:44,867] {processor.py:163} INFO - Started process (PID=2367) to work on /home/airflow/.local/lib/python3.7/site-packages/airflow/example_dags/example_task_group.py
[2022-01-20 03:30:44,874] {processor.py:620} INFO - Processing file /home/airflow/.local/lib/python3.7/site-packages/airflow/example_dags/example_task_group.py for tasks to queue
[2022-01-20 03:30:44,877] {logging_mixin.py:109} INFO - [2022-01-20 03:30:44,877] {dagbag.py:500} INFO - Filling up the DagBag from /home/airflow/.local/lib/python3.7/site-packages/airflow/example_dags/example_task_group.py
[2022-01-20 03:30:44,977] {processor.py:632} INFO - DAG(s) dict_keys(['example_task_group']) retrieved from /home/airflow/.local/lib/python3.7/site-packages/airflow/example_dags/example_task_group.py
[2022-01-20 03:30:45,073] {logging_mixin.py:109} INFO - [2022-01-20 03:30:45,073] {dag.py:2389} INFO - Sync 1 DAGs
[2022-01-20 03:30:45,177] {logging_mixin.py:109} INFO - [2022-01-20 03:30:45,176] {dag.py:2914} INFO - Setting next_dagrun for example_task_group to 2022-01-19T03:30:45.174820+00:00
[2022-01-20 03:30:45,317] {processor.py:171} INFO - Processing /home/airflow/.local/lib/python3.7/site-packages/airflow/example_dags/example_task_group.py took 0.457 seconds
[2022-01-20 03:31:15,519] {processor.py:163} INFO - Started process (PID=2482) to work on /home/airflow/.local/lib/python3.7/site-packages/airflow/example_dags/example_task_group.py
[2022-01-20 03:31:15,533] {processor.py:620} INFO - Processing file /home/airflow/.local/lib/python3.7/site-packages/airflow/example_dags/example_task_group.py for tasks to queue
[2022-01-20 03:31:15,537] {logging_mixin.py:109} INFO - [2022-01-20 03:31:15,536] {dagbag.py:500} INFO - Filling up the DagBag from /home/airflow/.local/lib/python3.7/site-packages/airflow/example_dags/example_task_group.py
[2022-01-20 03:31:15,618] {processor.py:632} INFO - DAG(s) dict_keys(['example_task_group']) retrieved from /home/airflow/.local/lib/python3.7/site-packages/airflow/example_dags/example_task_group.py
[2022-01-20 03:31:15,666] {logging_mixin.py:109} INFO - [2022-01-20 03:31:15,665] {dag.py:2389} INFO - Sync 1 DAGs
[2022-01-20 03:31:15,721] {logging_mixin.py:109} INFO - [2022-01-20 03:31:15,721] {dag.py:2914} INFO - Setting next_dagrun for example_task_group to 2022-01-19T03:31:15.719645+00:00
[2022-01-20 03:31:15,863] {processor.py:171} INFO - Processing /home/airflow/.local/lib/python3.7/site-packages/airflow/example_dags/example_task_group.py took 0.352 seconds
[2022-01-20 03:31:46,288] {processor.py:163} INFO - Started process (PID=2577) to work on /home/airflow/.local/lib/python3.7/site-packages/airflow/example_dags/example_task_group.py
[2022-01-20 03:31:46,292] {processor.py:620} INFO - Processing file /home/airflow/.local/lib/python3.7/site-packages/airflow/example_dags/example_task_group.py for tasks to queue
[2022-01-20 03:31:46,295] {logging_mixin.py:109} INFO - [2022-01-20 03:31:46,294] {dagbag.py:500} INFO - Filling up the DagBag from /home/airflow/.local/lib/python3.7/site-packages/airflow/example_dags/example_task_group.py
[2022-01-20 03:31:46,371] {processor.py:632} INFO - DAG(s) dict_keys(['example_task_group']) retrieved from /home/airflow/.local/lib/python3.7/site-packages/airflow/example_dags/example_task_group.py
[2022-01-20 03:31:46,419] {logging_mixin.py:109} INFO - [2022-01-20 03:31:46,419] {dag.py:2389} INFO - Sync 1 DAGs
[2022-01-20 03:31:46,586] {logging_mixin.py:109} INFO - [2022-01-20 03:31:46,586] {dag.py:2914} INFO - Setting next_dagrun for example_task_group to 2022-01-19T03:31:46.584743+00:00
[2022-01-20 03:31:46,618] {processor.py:171} INFO - Processing /home/airflow/.local/lib/python3.7/site-packages/airflow/example_dags/example_task_group.py took 0.337 seconds
[2022-01-20 03:32:17,437] {processor.py:163} INFO - Started process (PID=2687) to work on /home/airflow/.local/lib/python3.7/site-packages/airflow/example_dags/example_task_group.py
[2022-01-20 03:32:17,442] {processor.py:620} INFO - Processing file /home/airflow/.local/lib/python3.7/site-packages/airflow/example_dags/example_task_group.py for tasks to queue
[2022-01-20 03:32:17,445] {logging_mixin.py:109} INFO - [2022-01-20 03:32:17,445] {dagbag.py:500} INFO - Filling up the DagBag from /home/airflow/.local/lib/python3.7/site-packages/airflow/example_dags/example_task_group.py
[2022-01-20 03:32:17,535] {processor.py:632} INFO - DAG(s) dict_keys(['example_task_group']) retrieved from /home/airflow/.local/lib/python3.7/site-packages/airflow/example_dags/example_task_group.py
[2022-01-20 03:32:17,602] {logging_mixin.py:109} INFO - [2022-01-20 03:32:17,601] {dag.py:2389} INFO - Sync 1 DAGs
[2022-01-20 03:32:17,804] {logging_mixin.py:109} INFO - [2022-01-20 03:32:17,803] {dag.py:2914} INFO - Setting next_dagrun for example_task_group to 2022-01-19T03:32:17.801675+00:00
[2022-01-20 03:32:17,838] {processor.py:171} INFO - Processing /home/airflow/.local/lib/python3.7/site-packages/airflow/example_dags/example_task_group.py took 0.411 seconds
[2022-01-20 03:32:48,669] {processor.py:163} INFO - Started process (PID=2784) to work on /home/airflow/.local/lib/python3.7/site-packages/airflow/example_dags/example_task_group.py
[2022-01-20 03:32:48,674] {processor.py:620} INFO - Processing file /home/airflow/.local/lib/python3.7/site-packages/airflow/example_dags/example_task_group.py for tasks to queue
[2022-01-20 03:32:48,677] {logging_mixin.py:109} INFO - [2022-01-20 03:32:48,677] {dagbag.py:500} INFO - Filling up the DagBag from /home/airflow/.local/lib/python3.7/site-packages/airflow/example_dags/example_task_group.py
[2022-01-20 03:32:48,747] {processor.py:632} INFO - DAG(s) dict_keys(['example_task_group']) retrieved from /home/airflow/.local/lib/python3.7/site-packages/airflow/example_dags/example_task_group.py
[2022-01-20 03:32:48,788] {logging_mixin.py:109} INFO - [2022-01-20 03:32:48,788] {dag.py:2389} INFO - Sync 1 DAGs
[2022-01-20 03:32:48,942] {logging_mixin.py:109} INFO - [2022-01-20 03:32:48,941] {dag.py:2914} INFO - Setting next_dagrun for example_task_group to 2022-01-19T03:32:48.940516+00:00
[2022-01-20 03:32:48,965] {processor.py:171} INFO - Processing /home/airflow/.local/lib/python3.7/site-packages/airflow/example_dags/example_task_group.py took 0.303 seconds
[2022-01-20 03:33:19,327] {processor.py:163} INFO - Started process (PID=2899) to work on /home/airflow/.local/lib/python3.7/site-packages/airflow/example_dags/example_task_group.py
[2022-01-20 03:33:19,339] {processor.py:620} INFO - Processing file /home/airflow/.local/lib/python3.7/site-packages/airflow/example_dags/example_task_group.py for tasks to queue
[2022-01-20 03:33:19,343] {logging_mixin.py:109} INFO - [2022-01-20 03:33:19,343] {dagbag.py:500} INFO - Filling up the DagBag from /home/airflow/.local/lib/python3.7/site-packages/airflow/example_dags/example_task_group.py
[2022-01-20 03:33:19,434] {processor.py:632} INFO - DAG(s) dict_keys(['example_task_group']) retrieved from /home/airflow/.local/lib/python3.7/site-packages/airflow/example_dags/example_task_group.py
[2022-01-20 03:33:19,498] {logging_mixin.py:109} INFO - [2022-01-20 03:33:19,498] {dag.py:2389} INFO - Sync 1 DAGs
[2022-01-20 03:33:19,696] {logging_mixin.py:109} INFO - [2022-01-20 03:33:19,695] {dag.py:2914} INFO - Setting next_dagrun for example_task_group to 2022-01-19T03:33:19.694016+00:00
[2022-01-20 03:33:19,725] {processor.py:171} INFO - Processing /home/airflow/.local/lib/python3.7/site-packages/airflow/example_dags/example_task_group.py took 0.405 seconds
[2022-01-20 03:33:50,436] {processor.py:163} INFO - Started process (PID=2993) to work on /home/airflow/.local/lib/python3.7/site-packages/airflow/example_dags/example_task_group.py
[2022-01-20 03:33:50,443] {processor.py:620} INFO - Processing file /home/airflow/.local/lib/python3.7/site-packages/airflow/example_dags/example_task_group.py for tasks to queue
[2022-01-20 03:33:50,449] {logging_mixin.py:109} INFO - [2022-01-20 03:33:50,448] {dagbag.py:500} INFO - Filling up the DagBag from /home/airflow/.local/lib/python3.7/site-packages/airflow/example_dags/example_task_group.py
[2022-01-20 03:33:50,671] {processor.py:632} INFO - DAG(s) dict_keys(['example_task_group']) retrieved from /home/airflow/.local/lib/python3.7/site-packages/airflow/example_dags/example_task_group.py
[2022-01-20 03:33:50,723] {logging_mixin.py:109} INFO - [2022-01-20 03:33:50,722] {dag.py:2389} INFO - Sync 1 DAGs
[2022-01-20 03:33:50,790] {logging_mixin.py:109} INFO - [2022-01-20 03:33:50,789] {dag.py:2914} INFO - Setting next_dagrun for example_task_group to 2022-01-19T03:33:50.787560+00:00
[2022-01-20 03:33:50,822] {processor.py:171} INFO - Processing /home/airflow/.local/lib/python3.7/site-packages/airflow/example_dags/example_task_group.py took 0.397 seconds
[2022-01-20 03:34:21,803] {processor.py:163} INFO - Started process (PID=3106) to work on /home/airflow/.local/lib/python3.7/site-packages/airflow/example_dags/example_task_group.py
[2022-01-20 03:34:21,808] {processor.py:620} INFO - Processing file /home/airflow/.local/lib/python3.7/site-packages/airflow/example_dags/example_task_group.py for tasks to queue
[2022-01-20 03:34:21,811] {logging_mixin.py:109} INFO - [2022-01-20 03:34:21,811] {dagbag.py:500} INFO - Filling up the DagBag from /home/airflow/.local/lib/python3.7/site-packages/airflow/example_dags/example_task_group.py
[2022-01-20 03:34:22,005] {processor.py:632} INFO - DAG(s) dict_keys(['example_task_group']) retrieved from /home/airflow/.local/lib/python3.7/site-packages/airflow/example_dags/example_task_group.py
[2022-01-20 03:34:22,054] {logging_mixin.py:109} INFO - [2022-01-20 03:34:22,053] {dag.py:2389} INFO - Sync 1 DAGs
[2022-01-20 03:34:22,110] {logging_mixin.py:109} INFO - [2022-01-20 03:34:22,109] {dag.py:2914} INFO - Setting next_dagrun for example_task_group to 2022-01-19T03:34:22.108144+00:00
[2022-01-20 03:34:22,139] {processor.py:171} INFO - Processing /home/airflow/.local/lib/python3.7/site-packages/airflow/example_dags/example_task_group.py took 0.346 seconds
[2022-01-20 03:34:52,694] {processor.py:163} INFO - Started process (PID=3218) to work on /home/airflow/.local/lib/python3.7/site-packages/airflow/example_dags/example_task_group.py
[2022-01-20 03:34:52,698] {processor.py:620} INFO - Processing file /home/airflow/.local/lib/python3.7/site-packages/airflow/example_dags/example_task_group.py for tasks to queue
[2022-01-20 03:34:52,701] {logging_mixin.py:109} INFO - [2022-01-20 03:34:52,701] {dagbag.py:500} INFO - Filling up the DagBag from /home/airflow/.local/lib/python3.7/site-packages/airflow/example_dags/example_task_group.py
[2022-01-20 03:34:52,908] {processor.py:632} INFO - DAG(s) dict_keys(['example_task_group']) retrieved from /home/airflow/.local/lib/python3.7/site-packages/airflow/example_dags/example_task_group.py
[2022-01-20 03:34:52,956] {logging_mixin.py:109} INFO - [2022-01-20 03:34:52,955] {dag.py:2389} INFO - Sync 1 DAGs
[2022-01-20 03:34:53,006] {logging_mixin.py:109} INFO - [2022-01-20 03:34:53,005] {dag.py:2914} INFO - Setting next_dagrun for example_task_group to 2022-01-19T03:34:53.004202+00:00
[2022-01-20 03:34:53,037] {processor.py:171} INFO - Processing /home/airflow/.local/lib/python3.7/site-packages/airflow/example_dags/example_task_group.py took 0.351 seconds
[2022-01-20 03:35:23,537] {processor.py:163} INFO - Started process (PID=3314) to work on /home/airflow/.local/lib/python3.7/site-packages/airflow/example_dags/example_task_group.py
[2022-01-20 03:35:23,541] {processor.py:620} INFO - Processing file /home/airflow/.local/lib/python3.7/site-packages/airflow/example_dags/example_task_group.py for tasks to queue
[2022-01-20 03:35:23,544] {logging_mixin.py:109} INFO - [2022-01-20 03:35:23,544] {dagbag.py:500} INFO - Filling up the DagBag from /home/airflow/.local/lib/python3.7/site-packages/airflow/example_dags/example_task_group.py
[2022-01-20 03:35:23,750] {processor.py:632} INFO - DAG(s) dict_keys(['example_task_group']) retrieved from /home/airflow/.local/lib/python3.7/site-packages/airflow/example_dags/example_task_group.py
[2022-01-20 03:35:23,795] {logging_mixin.py:109} INFO - [2022-01-20 03:35:23,795] {dag.py:2389} INFO - Sync 1 DAGs
[2022-01-20 03:35:23,847] {logging_mixin.py:109} INFO - [2022-01-20 03:35:23,847] {dag.py:2914} INFO - Setting next_dagrun for example_task_group to 2022-01-19T03:35:23.845715+00:00
[2022-01-20 03:35:23,876] {processor.py:171} INFO - Processing /home/airflow/.local/lib/python3.7/site-packages/airflow/example_dags/example_task_group.py took 0.348 seconds
[2022-01-20 03:35:53,967] {processor.py:163} INFO - Started process (PID=3426) to work on /home/airflow/.local/lib/python3.7/site-packages/airflow/example_dags/example_task_group.py
[2022-01-20 03:35:53,973] {processor.py:620} INFO - Processing file /home/airflow/.local/lib/python3.7/site-packages/airflow/example_dags/example_task_group.py for tasks to queue
[2022-01-20 03:35:53,975] {logging_mixin.py:109} INFO - [2022-01-20 03:35:53,975] {dagbag.py:500} INFO - Filling up the DagBag from /home/airflow/.local/lib/python3.7/site-packages/airflow/example_dags/example_task_group.py
[2022-01-20 03:35:54,057] {processor.py:632} INFO - DAG(s) dict_keys(['example_task_group']) retrieved from /home/airflow/.local/lib/python3.7/site-packages/airflow/example_dags/example_task_group.py
[2022-01-20 03:35:54,143] {logging_mixin.py:109} INFO - [2022-01-20 03:35:54,143] {dag.py:2389} INFO - Sync 1 DAGs
[2022-01-20 03:35:54,242] {logging_mixin.py:109} INFO - [2022-01-20 03:35:54,241] {dag.py:2914} INFO - Setting next_dagrun for example_task_group to 2022-01-19T03:35:54.239357+00:00
[2022-01-20 03:35:54,271] {processor.py:171} INFO - Processing /home/airflow/.local/lib/python3.7/site-packages/airflow/example_dags/example_task_group.py took 0.312 seconds
[2022-01-20 03:36:24,429] {processor.py:163} INFO - Started process (PID=3522) to work on /home/airflow/.local/lib/python3.7/site-packages/airflow/example_dags/example_task_group.py
[2022-01-20 03:36:24,433] {processor.py:620} INFO - Processing file /home/airflow/.local/lib/python3.7/site-packages/airflow/example_dags/example_task_group.py for tasks to queue
[2022-01-20 03:36:24,436] {logging_mixin.py:109} INFO - [2022-01-20 03:36:24,436] {dagbag.py:500} INFO - Filling up the DagBag from /home/airflow/.local/lib/python3.7/site-packages/airflow/example_dags/example_task_group.py
[2022-01-20 03:36:24,511] {processor.py:632} INFO - DAG(s) dict_keys(['example_task_group']) retrieved from /home/airflow/.local/lib/python3.7/site-packages/airflow/example_dags/example_task_group.py
[2022-01-20 03:36:24,559] {logging_mixin.py:109} INFO - [2022-01-20 03:36:24,558] {dag.py:2389} INFO - Sync 1 DAGs
[2022-01-20 03:36:24,627] {logging_mixin.py:109} INFO - [2022-01-20 03:36:24,626] {dag.py:2914} INFO - Setting next_dagrun for example_task_group to 2022-01-19T03:36:24.624782+00:00
[2022-01-20 03:36:24,656] {processor.py:171} INFO - Processing /home/airflow/.local/lib/python3.7/site-packages/airflow/example_dags/example_task_group.py took 0.235 seconds
[2022-01-20 03:36:54,922] {processor.py:163} INFO - Started process (PID=3632) to work on /home/airflow/.local/lib/python3.7/site-packages/airflow/example_dags/example_task_group.py
[2022-01-20 03:36:54,926] {processor.py:620} INFO - Processing file /home/airflow/.local/lib/python3.7/site-packages/airflow/example_dags/example_task_group.py for tasks to queue
[2022-01-20 03:36:54,930] {logging_mixin.py:109} INFO - [2022-01-20 03:36:54,929] {dagbag.py:500} INFO - Filling up the DagBag from /home/airflow/.local/lib/python3.7/site-packages/airflow/example_dags/example_task_group.py
[2022-01-20 03:36:55,021] {processor.py:632} INFO - DAG(s) dict_keys(['example_task_group']) retrieved from /home/airflow/.local/lib/python3.7/site-packages/airflow/example_dags/example_task_group.py
[2022-01-20 03:36:55,073] {logging_mixin.py:109} INFO - [2022-01-20 03:36:55,072] {dag.py:2389} INFO - Sync 1 DAGs
[2022-01-20 03:36:55,129] {logging_mixin.py:109} INFO - [2022-01-20 03:36:55,128] {dag.py:2914} INFO - Setting next_dagrun for example_task_group to 2022-01-19T03:36:55.127174+00:00
[2022-01-20 03:36:55,160] {processor.py:171} INFO - Processing /home/airflow/.local/lib/python3.7/site-packages/airflow/example_dags/example_task_group.py took 0.247 seconds
[2022-01-20 03:37:25,613] {processor.py:163} INFO - Started process (PID=3727) to work on /home/airflow/.local/lib/python3.7/site-packages/airflow/example_dags/example_task_group.py
[2022-01-20 03:37:25,617] {processor.py:620} INFO - Processing file /home/airflow/.local/lib/python3.7/site-packages/airflow/example_dags/example_task_group.py for tasks to queue
[2022-01-20 03:37:25,620] {logging_mixin.py:109} INFO - [2022-01-20 03:37:25,620] {dagbag.py:500} INFO - Filling up the DagBag from /home/airflow/.local/lib/python3.7/site-packages/airflow/example_dags/example_task_group.py
[2022-01-20 03:37:25,698] {processor.py:632} INFO - DAG(s) dict_keys(['example_task_group']) retrieved from /home/airflow/.local/lib/python3.7/site-packages/airflow/example_dags/example_task_group.py
[2022-01-20 03:37:25,745] {logging_mixin.py:109} INFO - [2022-01-20 03:37:25,744] {dag.py:2389} INFO - Sync 1 DAGs
[2022-01-20 03:37:25,798] {logging_mixin.py:109} INFO - [2022-01-20 03:37:25,798] {dag.py:2914} INFO - Setting next_dagrun for example_task_group to 2022-01-19T03:37:25.796451+00:00
[2022-01-20 03:37:25,825] {processor.py:171} INFO - Processing /home/airflow/.local/lib/python3.7/site-packages/airflow/example_dags/example_task_group.py took 0.219 seconds
[2022-01-20 03:37:57,396] {processor.py:163} INFO - Started process (PID=3842) to work on /home/airflow/.local/lib/python3.7/site-packages/airflow/example_dags/example_task_group.py
[2022-01-20 03:37:57,401] {processor.py:620} INFO - Processing file /home/airflow/.local/lib/python3.7/site-packages/airflow/example_dags/example_task_group.py for tasks to queue
[2022-01-20 03:37:57,404] {logging_mixin.py:109} INFO - [2022-01-20 03:37:57,404] {dagbag.py:500} INFO - Filling up the DagBag from /home/airflow/.local/lib/python3.7/site-packages/airflow/example_dags/example_task_group.py
[2022-01-20 03:37:57,504] {processor.py:632} INFO - DAG(s) dict_keys(['example_task_group']) retrieved from /home/airflow/.local/lib/python3.7/site-packages/airflow/example_dags/example_task_group.py
[2022-01-20 03:37:57,573] {logging_mixin.py:109} INFO - [2022-01-20 03:37:57,572] {dag.py:2389} INFO - Sync 1 DAGs
[2022-01-20 03:37:57,640] {logging_mixin.py:109} INFO - [2022-01-20 03:37:57,639] {dag.py:2914} INFO - Setting next_dagrun for example_task_group to 2022-01-19T03:37:57.637717+00:00
[2022-01-20 03:37:57,712] {processor.py:171} INFO - Processing /home/airflow/.local/lib/python3.7/site-packages/airflow/example_dags/example_task_group.py took 0.323 seconds
[2022-01-20 03:38:27,858] {processor.py:163} INFO - Started process (PID=3935) to work on /home/airflow/.local/lib/python3.7/site-packages/airflow/example_dags/example_task_group.py
[2022-01-20 03:38:27,862] {processor.py:620} INFO - Processing file /home/airflow/.local/lib/python3.7/site-packages/airflow/example_dags/example_task_group.py for tasks to queue
[2022-01-20 03:38:27,865] {logging_mixin.py:109} INFO - [2022-01-20 03:38:27,864] {dagbag.py:500} INFO - Filling up the DagBag from /home/airflow/.local/lib/python3.7/site-packages/airflow/example_dags/example_task_group.py
[2022-01-20 03:38:27,933] {processor.py:632} INFO - DAG(s) dict_keys(['example_task_group']) retrieved from /home/airflow/.local/lib/python3.7/site-packages/airflow/example_dags/example_task_group.py
[2022-01-20 03:38:27,974] {logging_mixin.py:109} INFO - [2022-01-20 03:38:27,974] {dag.py:2389} INFO - Sync 1 DAGs
[2022-01-20 03:38:28,019] {logging_mixin.py:109} INFO - [2022-01-20 03:38:28,018] {dag.py:2914} INFO - Setting next_dagrun for example_task_group to 2022-01-19T03:38:28.017362+00:00
[2022-01-20 03:38:28,044] {processor.py:171} INFO - Processing /home/airflow/.local/lib/python3.7/site-packages/airflow/example_dags/example_task_group.py took 0.192 seconds
[2022-01-20 03:38:58,308] {processor.py:163} INFO - Started process (PID=4042) to work on /home/airflow/.local/lib/python3.7/site-packages/airflow/example_dags/example_task_group.py
[2022-01-20 03:38:58,313] {processor.py:620} INFO - Processing file /home/airflow/.local/lib/python3.7/site-packages/airflow/example_dags/example_task_group.py for tasks to queue
[2022-01-20 03:38:58,315] {logging_mixin.py:109} INFO - [2022-01-20 03:38:58,315] {dagbag.py:500} INFO - Filling up the DagBag from /home/airflow/.local/lib/python3.7/site-packages/airflow/example_dags/example_task_group.py
[2022-01-20 03:38:58,399] {processor.py:632} INFO - DAG(s) dict_keys(['example_task_group']) retrieved from /home/airflow/.local/lib/python3.7/site-packages/airflow/example_dags/example_task_group.py
[2022-01-20 03:38:58,453] {logging_mixin.py:109} INFO - [2022-01-20 03:38:58,452] {dag.py:2389} INFO - Sync 1 DAGs
[2022-01-20 03:38:58,508] {logging_mixin.py:109} INFO - [2022-01-20 03:38:58,507] {dag.py:2914} INFO - Setting next_dagrun for example_task_group to 2022-01-19T03:38:58.505899+00:00
[2022-01-20 03:38:58,539] {processor.py:171} INFO - Processing /home/airflow/.local/lib/python3.7/site-packages/airflow/example_dags/example_task_group.py took 0.240 seconds
[2022-01-20 03:39:28,919] {processor.py:163} INFO - Started process (PID=4141) to work on /home/airflow/.local/lib/python3.7/site-packages/airflow/example_dags/example_task_group.py
[2022-01-20 03:39:28,923] {processor.py:620} INFO - Processing file /home/airflow/.local/lib/python3.7/site-packages/airflow/example_dags/example_task_group.py for tasks to queue
[2022-01-20 03:39:28,926] {logging_mixin.py:109} INFO - [2022-01-20 03:39:28,925] {dagbag.py:500} INFO - Filling up the DagBag from /home/airflow/.local/lib/python3.7/site-packages/airflow/example_dags/example_task_group.py
[2022-01-20 03:39:28,990] {processor.py:632} INFO - DAG(s) dict_keys(['example_task_group']) retrieved from /home/airflow/.local/lib/python3.7/site-packages/airflow/example_dags/example_task_group.py
[2022-01-20 03:39:29,029] {logging_mixin.py:109} INFO - [2022-01-20 03:39:29,028] {dag.py:2389} INFO - Sync 1 DAGs
[2022-01-20 03:39:29,077] {logging_mixin.py:109} INFO - [2022-01-20 03:39:29,076] {dag.py:2914} INFO - Setting next_dagrun for example_task_group to 2022-01-19T03:39:29.075225+00:00
[2022-01-20 03:39:29,099] {processor.py:171} INFO - Processing /home/airflow/.local/lib/python3.7/site-packages/airflow/example_dags/example_task_group.py took 0.187 seconds
[2022-01-20 03:39:59,363] {processor.py:163} INFO - Started process (PID=4254) to work on /home/airflow/.local/lib/python3.7/site-packages/airflow/example_dags/example_task_group.py
[2022-01-20 03:39:59,368] {processor.py:620} INFO - Processing file /home/airflow/.local/lib/python3.7/site-packages/airflow/example_dags/example_task_group.py for tasks to queue
[2022-01-20 03:39:59,373] {logging_mixin.py:109} INFO - [2022-01-20 03:39:59,372] {dagbag.py:500} INFO - Filling up the DagBag from /home/airflow/.local/lib/python3.7/site-packages/airflow/example_dags/example_task_group.py
[2022-01-20 03:39:59,461] {processor.py:632} INFO - DAG(s) dict_keys(['example_task_group']) retrieved from /home/airflow/.local/lib/python3.7/site-packages/airflow/example_dags/example_task_group.py
[2022-01-20 03:39:59,513] {logging_mixin.py:109} INFO - [2022-01-20 03:39:59,512] {dag.py:2389} INFO - Sync 1 DAGs
[2022-01-20 03:39:59,566] {logging_mixin.py:109} INFO - [2022-01-20 03:39:59,565] {dag.py:2914} INFO - Setting next_dagrun for example_task_group to 2022-01-19T03:39:59.563792+00:00
[2022-01-20 03:39:59,594] {processor.py:171} INFO - Processing /home/airflow/.local/lib/python3.7/site-packages/airflow/example_dags/example_task_group.py took 0.240 seconds
[2022-01-20 03:40:29,790] {processor.py:163} INFO - Started process (PID=4354) to work on /home/airflow/.local/lib/python3.7/site-packages/airflow/example_dags/example_task_group.py
[2022-01-20 03:40:29,794] {processor.py:620} INFO - Processing file /home/airflow/.local/lib/python3.7/site-packages/airflow/example_dags/example_task_group.py for tasks to queue
[2022-01-20 03:40:29,797] {logging_mixin.py:109} INFO - [2022-01-20 03:40:29,797] {dagbag.py:500} INFO - Filling up the DagBag from /home/airflow/.local/lib/python3.7/site-packages/airflow/example_dags/example_task_group.py
[2022-01-20 03:40:29,858] {processor.py:632} INFO - DAG(s) dict_keys(['example_task_group']) retrieved from /home/airflow/.local/lib/python3.7/site-packages/airflow/example_dags/example_task_group.py
[2022-01-20 03:40:29,906] {logging_mixin.py:109} INFO - [2022-01-20 03:40:29,906] {dag.py:2389} INFO - Sync 1 DAGs
[2022-01-20 03:40:29,950] {logging_mixin.py:109} INFO - [2022-01-20 03:40:29,949] {dag.py:2914} INFO - Setting next_dagrun for example_task_group to 2022-01-19T03:40:29.948337+00:00
[2022-01-20 03:40:29,975] {processor.py:171} INFO - Processing /home/airflow/.local/lib/python3.7/site-packages/airflow/example_dags/example_task_group.py took 0.192 seconds
[2022-01-20 03:41:00,485] {processor.py:163} INFO - Started process (PID=4469) to work on /home/airflow/.local/lib/python3.7/site-packages/airflow/example_dags/example_task_group.py
[2022-01-20 03:41:00,490] {processor.py:620} INFO - Processing file /home/airflow/.local/lib/python3.7/site-packages/airflow/example_dags/example_task_group.py for tasks to queue
[2022-01-20 03:41:00,493] {logging_mixin.py:109} INFO - [2022-01-20 03:41:00,493] {dagbag.py:500} INFO - Filling up the DagBag from /home/airflow/.local/lib/python3.7/site-packages/airflow/example_dags/example_task_group.py
[2022-01-20 03:41:00,577] {processor.py:632} INFO - DAG(s) dict_keys(['example_task_group']) retrieved from /home/airflow/.local/lib/python3.7/site-packages/airflow/example_dags/example_task_group.py
[2022-01-20 03:41:00,634] {logging_mixin.py:109} INFO - [2022-01-20 03:41:00,633] {dag.py:2389} INFO - Sync 1 DAGs
[2022-01-20 03:41:00,690] {logging_mixin.py:109} INFO - [2022-01-20 03:41:00,690] {dag.py:2914} INFO - Setting next_dagrun for example_task_group to 2022-01-19T03:41:00.688481+00:00
[2022-01-20 03:41:00,719] {processor.py:171} INFO - Processing /home/airflow/.local/lib/python3.7/site-packages/airflow/example_dags/example_task_group.py took 0.243 seconds
[2022-01-20 03:41:31,744] {processor.py:163} INFO - Started process (PID=4578) to work on /home/airflow/.local/lib/python3.7/site-packages/airflow/example_dags/example_task_group.py
[2022-01-20 03:41:31,747] {processor.py:620} INFO - Processing file /home/airflow/.local/lib/python3.7/site-packages/airflow/example_dags/example_task_group.py for tasks to queue
[2022-01-20 03:41:31,750] {logging_mixin.py:109} INFO - [2022-01-20 03:41:31,750] {dagbag.py:500} INFO - Filling up the DagBag from /home/airflow/.local/lib/python3.7/site-packages/airflow/example_dags/example_task_group.py
[2022-01-20 03:41:31,829] {processor.py:632} INFO - DAG(s) dict_keys(['example_task_group']) retrieved from /home/airflow/.local/lib/python3.7/site-packages/airflow/example_dags/example_task_group.py
[2022-01-20 03:41:31,878] {logging_mixin.py:109} INFO - [2022-01-20 03:41:31,877] {dag.py:2389} INFO - Sync 1 DAGs
[2022-01-20 03:41:31,936] {logging_mixin.py:109} INFO - [2022-01-20 03:41:31,936] {dag.py:2914} INFO - Setting next_dagrun for example_task_group to 2022-01-19T03:41:31.934578+00:00
[2022-01-20 03:41:31,965] {processor.py:171} INFO - Processing /home/airflow/.local/lib/python3.7/site-packages/airflow/example_dags/example_task_group.py took 0.229 seconds
[2022-01-20 03:42:02,829] {processor.py:163} INFO - Started process (PID=4679) to work on /home/airflow/.local/lib/python3.7/site-packages/airflow/example_dags/example_task_group.py
[2022-01-20 03:42:02,834] {processor.py:620} INFO - Processing file /home/airflow/.local/lib/python3.7/site-packages/airflow/example_dags/example_task_group.py for tasks to queue
[2022-01-20 03:42:02,837] {logging_mixin.py:109} INFO - [2022-01-20 03:42:02,837] {dagbag.py:500} INFO - Filling up the DagBag from /home/airflow/.local/lib/python3.7/site-packages/airflow/example_dags/example_task_group.py
[2022-01-20 03:42:02,923] {processor.py:632} INFO - DAG(s) dict_keys(['example_task_group']) retrieved from /home/airflow/.local/lib/python3.7/site-packages/airflow/example_dags/example_task_group.py
[2022-01-20 03:42:02,969] {logging_mixin.py:109} INFO - [2022-01-20 03:42:02,968] {dag.py:2389} INFO - Sync 1 DAGs
[2022-01-20 03:42:03,025] {logging_mixin.py:109} INFO - [2022-01-20 03:42:03,025] {dag.py:2914} INFO - Setting next_dagrun for example_task_group to 2022-01-19T03:42:03.023408+00:00
[2022-01-20 03:42:03,053] {processor.py:171} INFO - Processing /home/airflow/.local/lib/python3.7/site-packages/airflow/example_dags/example_task_group.py took 0.231 seconds
[2022-01-20 03:42:33,530] {processor.py:163} INFO - Started process (PID=4794) to work on /home/airflow/.local/lib/python3.7/site-packages/airflow/example_dags/example_task_group.py
[2022-01-20 03:42:33,542] {processor.py:620} INFO - Processing file /home/airflow/.local/lib/python3.7/site-packages/airflow/example_dags/example_task_group.py for tasks to queue
[2022-01-20 03:42:33,554] {logging_mixin.py:109} INFO - [2022-01-20 03:42:33,554] {dagbag.py:500} INFO - Filling up the DagBag from /home/airflow/.local/lib/python3.7/site-packages/airflow/example_dags/example_task_group.py
[2022-01-20 03:42:33,643] {processor.py:632} INFO - DAG(s) dict_keys(['example_task_group']) retrieved from /home/airflow/.local/lib/python3.7/site-packages/airflow/example_dags/example_task_group.py
[2022-01-20 03:42:33,693] {logging_mixin.py:109} INFO - [2022-01-20 03:42:33,692] {dag.py:2389} INFO - Sync 1 DAGs
[2022-01-20 03:42:33,750] {logging_mixin.py:109} INFO - [2022-01-20 03:42:33,750] {dag.py:2914} INFO - Setting next_dagrun for example_task_group to 2022-01-19T03:42:33.747906+00:00
[2022-01-20 03:42:33,781] {processor.py:171} INFO - Processing /home/airflow/.local/lib/python3.7/site-packages/airflow/example_dags/example_task_group.py took 0.258 seconds
[2022-01-20 03:43:03,876] {processor.py:163} INFO - Started process (PID=4891) to work on /home/airflow/.local/lib/python3.7/site-packages/airflow/example_dags/example_task_group.py
[2022-01-20 03:43:03,880] {processor.py:620} INFO - Processing file /home/airflow/.local/lib/python3.7/site-packages/airflow/example_dags/example_task_group.py for tasks to queue
[2022-01-20 03:43:03,882] {logging_mixin.py:109} INFO - [2022-01-20 03:43:03,882] {dagbag.py:500} INFO - Filling up the DagBag from /home/airflow/.local/lib/python3.7/site-packages/airflow/example_dags/example_task_group.py
[2022-01-20 03:43:03,961] {processor.py:632} INFO - DAG(s) dict_keys(['example_task_group']) retrieved from /home/airflow/.local/lib/python3.7/site-packages/airflow/example_dags/example_task_group.py
[2022-01-20 03:43:04,010] {logging_mixin.py:109} INFO - [2022-01-20 03:43:04,010] {dag.py:2389} INFO - Sync 1 DAGs
[2022-01-20 03:43:04,065] {logging_mixin.py:109} INFO - [2022-01-20 03:43:04,064] {dag.py:2914} INFO - Setting next_dagrun for example_task_group to 2022-01-19T03:43:04.062795+00:00
[2022-01-20 03:43:04,093] {processor.py:171} INFO - Processing /home/airflow/.local/lib/python3.7/site-packages/airflow/example_dags/example_task_group.py took 0.224 seconds
[2022-01-20 03:43:35,063] {processor.py:163} INFO - Started process (PID=5012) to work on /home/airflow/.local/lib/python3.7/site-packages/airflow/example_dags/example_task_group.py
[2022-01-20 03:43:35,067] {processor.py:620} INFO - Processing file /home/airflow/.local/lib/python3.7/site-packages/airflow/example_dags/example_task_group.py for tasks to queue
[2022-01-20 03:43:35,071] {logging_mixin.py:109} INFO - [2022-01-20 03:43:35,070] {dagbag.py:500} INFO - Filling up the DagBag from /home/airflow/.local/lib/python3.7/site-packages/airflow/example_dags/example_task_group.py
[2022-01-20 03:43:35,171] {processor.py:632} INFO - DAG(s) dict_keys(['example_task_group']) retrieved from /home/airflow/.local/lib/python3.7/site-packages/airflow/example_dags/example_task_group.py
[2022-01-20 03:43:35,221] {logging_mixin.py:109} INFO - [2022-01-20 03:43:35,220] {dag.py:2389} INFO - Sync 1 DAGs
[2022-01-20 03:43:35,304] {logging_mixin.py:109} INFO - [2022-01-20 03:43:35,304] {dag.py:2914} INFO - Setting next_dagrun for example_task_group to 2022-01-19T03:43:35.302266+00:00
[2022-01-20 03:43:35,343] {processor.py:171} INFO - Processing /home/airflow/.local/lib/python3.7/site-packages/airflow/example_dags/example_task_group.py took 0.290 seconds
[2022-01-20 03:44:06,769] {processor.py:163} INFO - Started process (PID=5109) to work on /home/airflow/.local/lib/python3.7/site-packages/airflow/example_dags/example_task_group.py
[2022-01-20 03:44:06,773] {processor.py:620} INFO - Processing file /home/airflow/.local/lib/python3.7/site-packages/airflow/example_dags/example_task_group.py for tasks to queue
[2022-01-20 03:44:06,777] {logging_mixin.py:109} INFO - [2022-01-20 03:44:06,776] {dagbag.py:500} INFO - Filling up the DagBag from /home/airflow/.local/lib/python3.7/site-packages/airflow/example_dags/example_task_group.py
[2022-01-20 03:44:06,856] {processor.py:632} INFO - DAG(s) dict_keys(['example_task_group']) retrieved from /home/airflow/.local/lib/python3.7/site-packages/airflow/example_dags/example_task_group.py
[2022-01-20 03:44:06,901] {logging_mixin.py:109} INFO - [2022-01-20 03:44:06,901] {dag.py:2389} INFO - Sync 1 DAGs
[2022-01-20 03:44:06,954] {logging_mixin.py:109} INFO - [2022-01-20 03:44:06,954] {dag.py:2914} INFO - Setting next_dagrun for example_task_group to 2022-01-19T03:44:06.952351+00:00
[2022-01-20 03:44:06,981] {processor.py:171} INFO - Processing /home/airflow/.local/lib/python3.7/site-packages/airflow/example_dags/example_task_group.py took 0.219 seconds
[2022-01-20 03:44:38,024] {processor.py:163} INFO - Started process (PID=5219) to work on /home/airflow/.local/lib/python3.7/site-packages/airflow/example_dags/example_task_group.py
[2022-01-20 03:44:38,029] {processor.py:620} INFO - Processing file /home/airflow/.local/lib/python3.7/site-packages/airflow/example_dags/example_task_group.py for tasks to queue
[2022-01-20 03:44:38,032] {logging_mixin.py:109} INFO - [2022-01-20 03:44:38,031] {dagbag.py:500} INFO - Filling up the DagBag from /home/airflow/.local/lib/python3.7/site-packages/airflow/example_dags/example_task_group.py
[2022-01-20 03:44:38,113] {processor.py:632} INFO - DAG(s) dict_keys(['example_task_group']) retrieved from /home/airflow/.local/lib/python3.7/site-packages/airflow/example_dags/example_task_group.py
[2022-01-20 03:44:38,163] {logging_mixin.py:109} INFO - [2022-01-20 03:44:38,162] {dag.py:2389} INFO - Sync 1 DAGs
[2022-01-20 03:44:38,217] {logging_mixin.py:109} INFO - [2022-01-20 03:44:38,217] {dag.py:2914} INFO - Setting next_dagrun for example_task_group to 2022-01-19T03:44:38.215171+00:00
[2022-01-20 03:44:38,264] {processor.py:171} INFO - Processing /home/airflow/.local/lib/python3.7/site-packages/airflow/example_dags/example_task_group.py took 0.250 seconds
[2022-01-20 03:45:09,037] {processor.py:163} INFO - Started process (PID=5312) to work on /home/airflow/.local/lib/python3.7/site-packages/airflow/example_dags/example_task_group.py
[2022-01-20 03:45:09,041] {processor.py:620} INFO - Processing file /home/airflow/.local/lib/python3.7/site-packages/airflow/example_dags/example_task_group.py for tasks to queue
[2022-01-20 03:45:09,043] {logging_mixin.py:109} INFO - [2022-01-20 03:45:09,043] {dagbag.py:500} INFO - Filling up the DagBag from /home/airflow/.local/lib/python3.7/site-packages/airflow/example_dags/example_task_group.py
[2022-01-20 03:45:09,114] {processor.py:632} INFO - DAG(s) dict_keys(['example_task_group']) retrieved from /home/airflow/.local/lib/python3.7/site-packages/airflow/example_dags/example_task_group.py
[2022-01-20 03:45:09,156] {logging_mixin.py:109} INFO - [2022-01-20 03:45:09,155] {dag.py:2389} INFO - Sync 1 DAGs
[2022-01-20 03:45:09,209] {logging_mixin.py:109} INFO - [2022-01-20 03:45:09,208] {dag.py:2914} INFO - Setting next_dagrun for example_task_group to 2022-01-19T03:45:09.206930+00:00
[2022-01-20 03:45:09,236] {processor.py:171} INFO - Processing /home/airflow/.local/lib/python3.7/site-packages/airflow/example_dags/example_task_group.py took 0.206 seconds
[2022-01-20 03:45:40,645] {processor.py:163} INFO - Started process (PID=5418) to work on /home/airflow/.local/lib/python3.7/site-packages/airflow/example_dags/example_task_group.py
[2022-01-20 03:45:40,648] {processor.py:620} INFO - Processing file /home/airflow/.local/lib/python3.7/site-packages/airflow/example_dags/example_task_group.py for tasks to queue
[2022-01-20 03:45:40,652] {logging_mixin.py:109} INFO - [2022-01-20 03:45:40,651] {dagbag.py:500} INFO - Filling up the DagBag from /home/airflow/.local/lib/python3.7/site-packages/airflow/example_dags/example_task_group.py
[2022-01-20 03:45:40,733] {processor.py:632} INFO - DAG(s) dict_keys(['example_task_group']) retrieved from /home/airflow/.local/lib/python3.7/site-packages/airflow/example_dags/example_task_group.py
[2022-01-20 03:45:40,784] {logging_mixin.py:109} INFO - [2022-01-20 03:45:40,784] {dag.py:2389} INFO - Sync 1 DAGs
[2022-01-20 03:45:40,840] {logging_mixin.py:109} INFO - [2022-01-20 03:45:40,840] {dag.py:2914} INFO - Setting next_dagrun for example_task_group to 2022-01-19T03:45:40.838377+00:00
[2022-01-20 03:45:40,871] {processor.py:171} INFO - Processing /home/airflow/.local/lib/python3.7/site-packages/airflow/example_dags/example_task_group.py took 0.234 seconds
[2022-01-20 03:46:11,867] {processor.py:163} INFO - Started process (PID=5525) to work on /home/airflow/.local/lib/python3.7/site-packages/airflow/example_dags/example_task_group.py
[2022-01-20 03:46:11,871] {processor.py:620} INFO - Processing file /home/airflow/.local/lib/python3.7/site-packages/airflow/example_dags/example_task_group.py for tasks to queue
[2022-01-20 03:46:11,876] {logging_mixin.py:109} INFO - [2022-01-20 03:46:11,874] {dagbag.py:500} INFO - Filling up the DagBag from /home/airflow/.local/lib/python3.7/site-packages/airflow/example_dags/example_task_group.py
[2022-01-20 03:46:11,959] {processor.py:632} INFO - DAG(s) dict_keys(['example_task_group']) retrieved from /home/airflow/.local/lib/python3.7/site-packages/airflow/example_dags/example_task_group.py
[2022-01-20 03:46:12,009] {logging_mixin.py:109} INFO - [2022-01-20 03:46:12,008] {dag.py:2389} INFO - Sync 1 DAGs
[2022-01-20 03:46:12,068] {logging_mixin.py:109} INFO - [2022-01-20 03:46:12,068] {dag.py:2914} INFO - Setting next_dagrun for example_task_group to 2022-01-19T03:46:12.066274+00:00
[2022-01-20 03:46:12,098] {processor.py:171} INFO - Processing /home/airflow/.local/lib/python3.7/site-packages/airflow/example_dags/example_task_group.py took 0.239 seconds
[2022-01-20 03:46:42,449] {processor.py:163} INFO - Started process (PID=5624) to work on /home/airflow/.local/lib/python3.7/site-packages/airflow/example_dags/example_task_group.py
[2022-01-20 03:46:42,454] {processor.py:620} INFO - Processing file /home/airflow/.local/lib/python3.7/site-packages/airflow/example_dags/example_task_group.py for tasks to queue
[2022-01-20 03:46:42,457] {logging_mixin.py:109} INFO - [2022-01-20 03:46:42,456] {dagbag.py:500} INFO - Filling up the DagBag from /home/airflow/.local/lib/python3.7/site-packages/airflow/example_dags/example_task_group.py
[2022-01-20 03:46:42,546] {processor.py:632} INFO - DAG(s) dict_keys(['example_task_group']) retrieved from /home/airflow/.local/lib/python3.7/site-packages/airflow/example_dags/example_task_group.py
[2022-01-20 03:46:42,597] {logging_mixin.py:109} INFO - [2022-01-20 03:46:42,596] {dag.py:2389} INFO - Sync 1 DAGs
[2022-01-20 03:46:42,665] {logging_mixin.py:109} INFO - [2022-01-20 03:46:42,664] {dag.py:2914} INFO - Setting next_dagrun for example_task_group to 2022-01-19T03:46:42.662622+00:00
[2022-01-20 03:46:42,697] {processor.py:171} INFO - Processing /home/airflow/.local/lib/python3.7/site-packages/airflow/example_dags/example_task_group.py took 0.255 seconds
[2022-01-20 03:47:12,982] {processor.py:163} INFO - Started process (PID=5740) to work on /home/airflow/.local/lib/python3.7/site-packages/airflow/example_dags/example_task_group.py
[2022-01-20 03:47:12,987] {processor.py:620} INFO - Processing file /home/airflow/.local/lib/python3.7/site-packages/airflow/example_dags/example_task_group.py for tasks to queue
[2022-01-20 03:47:12,991] {logging_mixin.py:109} INFO - [2022-01-20 03:47:12,991] {dagbag.py:500} INFO - Filling up the DagBag from /home/airflow/.local/lib/python3.7/site-packages/airflow/example_dags/example_task_group.py
[2022-01-20 03:47:13,075] {processor.py:632} INFO - DAG(s) dict_keys(['example_task_group']) retrieved from /home/airflow/.local/lib/python3.7/site-packages/airflow/example_dags/example_task_group.py
[2022-01-20 03:47:13,124] {logging_mixin.py:109} INFO - [2022-01-20 03:47:13,123] {dag.py:2389} INFO - Sync 1 DAGs
[2022-01-20 03:47:13,183] {logging_mixin.py:109} INFO - [2022-01-20 03:47:13,183] {dag.py:2914} INFO - Setting next_dagrun for example_task_group to 2022-01-19T03:47:13.181575+00:00
[2022-01-20 03:47:13,214] {processor.py:171} INFO - Processing /home/airflow/.local/lib/python3.7/site-packages/airflow/example_dags/example_task_group.py took 0.241 seconds
[2022-01-20 03:47:43,578] {processor.py:163} INFO - Started process (PID=5836) to work on /home/airflow/.local/lib/python3.7/site-packages/airflow/example_dags/example_task_group.py
[2022-01-20 03:47:43,582] {processor.py:620} INFO - Processing file /home/airflow/.local/lib/python3.7/site-packages/airflow/example_dags/example_task_group.py for tasks to queue
[2022-01-20 03:47:43,586] {logging_mixin.py:109} INFO - [2022-01-20 03:47:43,585] {dagbag.py:500} INFO - Filling up the DagBag from /home/airflow/.local/lib/python3.7/site-packages/airflow/example_dags/example_task_group.py
[2022-01-20 03:47:43,665] {processor.py:632} INFO - DAG(s) dict_keys(['example_task_group']) retrieved from /home/airflow/.local/lib/python3.7/site-packages/airflow/example_dags/example_task_group.py
[2022-01-20 03:47:43,710] {logging_mixin.py:109} INFO - [2022-01-20 03:47:43,710] {dag.py:2389} INFO - Sync 1 DAGs
[2022-01-20 03:47:43,764] {logging_mixin.py:109} INFO - [2022-01-20 03:47:43,764] {dag.py:2914} INFO - Setting next_dagrun for example_task_group to 2022-01-19T03:47:43.762351+00:00
[2022-01-20 03:47:43,798] {processor.py:171} INFO - Processing /home/airflow/.local/lib/python3.7/site-packages/airflow/example_dags/example_task_group.py took 0.227 seconds
[2022-01-20 03:48:14,337] {processor.py:163} INFO - Started process (PID=5946) to work on /home/airflow/.local/lib/python3.7/site-packages/airflow/example_dags/example_task_group.py
[2022-01-20 03:48:14,342] {processor.py:620} INFO - Processing file /home/airflow/.local/lib/python3.7/site-packages/airflow/example_dags/example_task_group.py for tasks to queue
[2022-01-20 03:48:14,346] {logging_mixin.py:109} INFO - [2022-01-20 03:48:14,346] {dagbag.py:500} INFO - Filling up the DagBag from /home/airflow/.local/lib/python3.7/site-packages/airflow/example_dags/example_task_group.py
[2022-01-20 03:48:14,431] {processor.py:632} INFO - DAG(s) dict_keys(['example_task_group']) retrieved from /home/airflow/.local/lib/python3.7/site-packages/airflow/example_dags/example_task_group.py
[2022-01-20 03:48:14,482] {logging_mixin.py:109} INFO - [2022-01-20 03:48:14,482] {dag.py:2389} INFO - Sync 1 DAGs
[2022-01-20 03:48:14,538] {logging_mixin.py:109} INFO - [2022-01-20 03:48:14,538] {dag.py:2914} INFO - Setting next_dagrun for example_task_group to 2022-01-19T03:48:14.536385+00:00
[2022-01-20 03:48:14,567] {processor.py:171} INFO - Processing /home/airflow/.local/lib/python3.7/site-packages/airflow/example_dags/example_task_group.py took 0.237 seconds
[2022-01-20 03:48:44,681] {processor.py:163} INFO - Started process (PID=6041) to work on /home/airflow/.local/lib/python3.7/site-packages/airflow/example_dags/example_task_group.py
[2022-01-20 03:48:44,685] {processor.py:620} INFO - Processing file /home/airflow/.local/lib/python3.7/site-packages/airflow/example_dags/example_task_group.py for tasks to queue
[2022-01-20 03:48:44,688] {logging_mixin.py:109} INFO - [2022-01-20 03:48:44,688] {dagbag.py:500} INFO - Filling up the DagBag from /home/airflow/.local/lib/python3.7/site-packages/airflow/example_dags/example_task_group.py
[2022-01-20 03:48:44,757] {processor.py:632} INFO - DAG(s) dict_keys(['example_task_group']) retrieved from /home/airflow/.local/lib/python3.7/site-packages/airflow/example_dags/example_task_group.py
[2022-01-20 03:48:44,798] {logging_mixin.py:109} INFO - [2022-01-20 03:48:44,798] {dag.py:2389} INFO - Sync 1 DAGs
[2022-01-20 03:48:44,843] {logging_mixin.py:109} INFO - [2022-01-20 03:48:44,843] {dag.py:2914} INFO - Setting next_dagrun for example_task_group to 2022-01-19T03:48:44.841671+00:00
[2022-01-20 03:48:44,870] {processor.py:171} INFO - Processing /home/airflow/.local/lib/python3.7/site-packages/airflow/example_dags/example_task_group.py took 0.195 seconds
[2022-01-20 03:49:15,132] {processor.py:163} INFO - Started process (PID=6155) to work on /home/airflow/.local/lib/python3.7/site-packages/airflow/example_dags/example_task_group.py
[2022-01-20 03:49:15,136] {processor.py:620} INFO - Processing file /home/airflow/.local/lib/python3.7/site-packages/airflow/example_dags/example_task_group.py for tasks to queue
[2022-01-20 03:49:15,139] {logging_mixin.py:109} INFO - [2022-01-20 03:49:15,139] {dagbag.py:500} INFO - Filling up the DagBag from /home/airflow/.local/lib/python3.7/site-packages/airflow/example_dags/example_task_group.py
[2022-01-20 03:49:15,220] {processor.py:632} INFO - DAG(s) dict_keys(['example_task_group']) retrieved from /home/airflow/.local/lib/python3.7/site-packages/airflow/example_dags/example_task_group.py
[2022-01-20 03:49:15,269] {logging_mixin.py:109} INFO - [2022-01-20 03:49:15,268] {dag.py:2389} INFO - Sync 1 DAGs
[2022-01-20 03:49:15,324] {logging_mixin.py:109} INFO - [2022-01-20 03:49:15,323] {dag.py:2914} INFO - Setting next_dagrun for example_task_group to 2022-01-19T03:49:15.322062+00:00
[2022-01-20 03:49:15,352] {processor.py:171} INFO - Processing /home/airflow/.local/lib/python3.7/site-packages/airflow/example_dags/example_task_group.py took 0.227 seconds
[2022-01-20 03:49:45,729] {processor.py:163} INFO - Started process (PID=6252) to work on /home/airflow/.local/lib/python3.7/site-packages/airflow/example_dags/example_task_group.py
[2022-01-20 03:49:45,733] {processor.py:620} INFO - Processing file /home/airflow/.local/lib/python3.7/site-packages/airflow/example_dags/example_task_group.py for tasks to queue
[2022-01-20 03:49:45,737] {logging_mixin.py:109} INFO - [2022-01-20 03:49:45,736] {dagbag.py:500} INFO - Filling up the DagBag from /home/airflow/.local/lib/python3.7/site-packages/airflow/example_dags/example_task_group.py
[2022-01-20 03:49:45,821] {processor.py:632} INFO - DAG(s) dict_keys(['example_task_group']) retrieved from /home/airflow/.local/lib/python3.7/site-packages/airflow/example_dags/example_task_group.py
[2022-01-20 03:49:45,868] {logging_mixin.py:109} INFO - [2022-01-20 03:49:45,867] {dag.py:2389} INFO - Sync 1 DAGs
[2022-01-20 03:49:45,915] {logging_mixin.py:109} INFO - [2022-01-20 03:49:45,915] {dag.py:2914} INFO - Setting next_dagrun for example_task_group to 2022-01-19T03:49:45.913249+00:00
[2022-01-20 03:49:45,945] {processor.py:171} INFO - Processing /home/airflow/.local/lib/python3.7/site-packages/airflow/example_dags/example_task_group.py took 0.224 seconds
[2022-01-20 03:50:16,434] {processor.py:163} INFO - Started process (PID=6364) to work on /home/airflow/.local/lib/python3.7/site-packages/airflow/example_dags/example_task_group.py
[2022-01-20 03:50:16,439] {processor.py:620} INFO - Processing file /home/airflow/.local/lib/python3.7/site-packages/airflow/example_dags/example_task_group.py for tasks to queue
[2022-01-20 03:50:16,442] {logging_mixin.py:109} INFO - [2022-01-20 03:50:16,442] {dagbag.py:500} INFO - Filling up the DagBag from /home/airflow/.local/lib/python3.7/site-packages/airflow/example_dags/example_task_group.py
[2022-01-20 03:50:16,537] {processor.py:632} INFO - DAG(s) dict_keys(['example_task_group']) retrieved from /home/airflow/.local/lib/python3.7/site-packages/airflow/example_dags/example_task_group.py
[2022-01-20 03:50:16,589] {logging_mixin.py:109} INFO - [2022-01-20 03:50:16,588] {dag.py:2389} INFO - Sync 1 DAGs
[2022-01-20 03:50:16,679] {logging_mixin.py:109} INFO - [2022-01-20 03:50:16,679] {dag.py:2914} INFO - Setting next_dagrun for example_task_group to 2022-01-19T03:50:16.677229+00:00
[2022-01-20 03:50:16,709] {processor.py:171} INFO - Processing /home/airflow/.local/lib/python3.7/site-packages/airflow/example_dags/example_task_group.py took 0.281 seconds
[2022-01-20 03:50:46,944] {processor.py:163} INFO - Started process (PID=6458) to work on /home/airflow/.local/lib/python3.7/site-packages/airflow/example_dags/example_task_group.py
[2022-01-20 03:50:46,948] {processor.py:620} INFO - Processing file /home/airflow/.local/lib/python3.7/site-packages/airflow/example_dags/example_task_group.py for tasks to queue
[2022-01-20 03:50:46,952] {logging_mixin.py:109} INFO - [2022-01-20 03:50:46,951] {dagbag.py:500} INFO - Filling up the DagBag from /home/airflow/.local/lib/python3.7/site-packages/airflow/example_dags/example_task_group.py
[2022-01-20 03:50:47,042] {processor.py:632} INFO - DAG(s) dict_keys(['example_task_group']) retrieved from /home/airflow/.local/lib/python3.7/site-packages/airflow/example_dags/example_task_group.py
[2022-01-20 03:50:47,094] {logging_mixin.py:109} INFO - [2022-01-20 03:50:47,093] {dag.py:2389} INFO - Sync 1 DAGs
[2022-01-20 03:50:47,153] {logging_mixin.py:109} INFO - [2022-01-20 03:50:47,152] {dag.py:2914} INFO - Setting next_dagrun for example_task_group to 2022-01-19T03:50:47.150638+00:00
[2022-01-20 03:50:47,181] {processor.py:171} INFO - Processing /home/airflow/.local/lib/python3.7/site-packages/airflow/example_dags/example_task_group.py took 0.244 seconds
[2022-01-20 03:51:17,634] {processor.py:163} INFO - Started process (PID=6578) to work on /home/airflow/.local/lib/python3.7/site-packages/airflow/example_dags/example_task_group.py
[2022-01-20 03:51:17,640] {processor.py:620} INFO - Processing file /home/airflow/.local/lib/python3.7/site-packages/airflow/example_dags/example_task_group.py for tasks to queue
[2022-01-20 03:51:17,643] {logging_mixin.py:109} INFO - [2022-01-20 03:51:17,642] {dagbag.py:500} INFO - Filling up the DagBag from /home/airflow/.local/lib/python3.7/site-packages/airflow/example_dags/example_task_group.py
[2022-01-20 03:51:17,749] {processor.py:632} INFO - DAG(s) dict_keys(['example_task_group']) retrieved from /home/airflow/.local/lib/python3.7/site-packages/airflow/example_dags/example_task_group.py
[2022-01-20 03:51:17,801] {logging_mixin.py:109} INFO - [2022-01-20 03:51:17,800] {dag.py:2389} INFO - Sync 1 DAGs
[2022-01-20 03:51:17,858] {logging_mixin.py:109} INFO - [2022-01-20 03:51:17,857] {dag.py:2914} INFO - Setting next_dagrun for example_task_group to 2022-01-19T03:51:17.855983+00:00
[2022-01-20 03:51:17,917] {processor.py:171} INFO - Processing /home/airflow/.local/lib/python3.7/site-packages/airflow/example_dags/example_task_group.py took 0.290 seconds
