[2022-01-20 03:20:23,788] {processor.py:163} INFO - Started process (PID=267) to work on /home/airflow/.local/lib/python3.7/site-packages/airflow/example_dags/tutorial.py
[2022-01-20 03:20:23,799] {processor.py:620} INFO - Processing file /home/airflow/.local/lib/python3.7/site-packages/airflow/example_dags/tutorial.py for tasks to queue
[2022-01-20 03:20:23,803] {logging_mixin.py:109} INFO - [2022-01-20 03:20:23,802] {dagbag.py:500} INFO - Filling up the DagBag from /home/airflow/.local/lib/python3.7/site-packages/airflow/example_dags/tutorial.py
[2022-01-20 03:20:23,939] {processor.py:632} INFO - DAG(s) dict_keys(['tutorial']) retrieved from /home/airflow/.local/lib/python3.7/site-packages/airflow/example_dags/tutorial.py
[2022-01-20 03:20:24,033] {logging_mixin.py:109} INFO - [2022-01-20 03:20:24,033] {dag.py:2389} INFO - Sync 1 DAGs
[2022-01-20 03:20:24,141] {logging_mixin.py:109} INFO - [2022-01-20 03:20:24,141] {dag.py:2914} INFO - Setting next_dagrun for tutorial to 2022-01-19T03:20:24.139698+00:00
[2022-01-20 03:20:24,206] {processor.py:171} INFO - Processing /home/airflow/.local/lib/python3.7/site-packages/airflow/example_dags/tutorial.py took 0.438 seconds
[2022-01-20 03:20:55,006] {processor.py:163} INFO - Started process (PID=379) to work on /home/airflow/.local/lib/python3.7/site-packages/airflow/example_dags/tutorial.py
[2022-01-20 03:20:55,014] {processor.py:620} INFO - Processing file /home/airflow/.local/lib/python3.7/site-packages/airflow/example_dags/tutorial.py for tasks to queue
[2022-01-20 03:20:55,018] {logging_mixin.py:109} INFO - [2022-01-20 03:20:55,017] {dagbag.py:500} INFO - Filling up the DagBag from /home/airflow/.local/lib/python3.7/site-packages/airflow/example_dags/tutorial.py
[2022-01-20 03:20:55,188] {processor.py:632} INFO - DAG(s) dict_keys(['tutorial']) retrieved from /home/airflow/.local/lib/python3.7/site-packages/airflow/example_dags/tutorial.py
[2022-01-20 03:20:55,293] {logging_mixin.py:109} INFO - [2022-01-20 03:20:55,292] {dag.py:2389} INFO - Sync 1 DAGs
[2022-01-20 03:20:55,428] {logging_mixin.py:109} INFO - [2022-01-20 03:20:55,427] {dag.py:2914} INFO - Setting next_dagrun for tutorial to 2022-01-19T03:20:55.425861+00:00
[2022-01-20 03:20:55,507] {processor.py:171} INFO - Processing /home/airflow/.local/lib/python3.7/site-packages/airflow/example_dags/tutorial.py took 0.516 seconds
[2022-01-20 03:21:26,174] {processor.py:163} INFO - Started process (PID=473) to work on /home/airflow/.local/lib/python3.7/site-packages/airflow/example_dags/tutorial.py
[2022-01-20 03:21:26,179] {processor.py:620} INFO - Processing file /home/airflow/.local/lib/python3.7/site-packages/airflow/example_dags/tutorial.py for tasks to queue
[2022-01-20 03:21:26,183] {logging_mixin.py:109} INFO - [2022-01-20 03:21:26,182] {dagbag.py:500} INFO - Filling up the DagBag from /home/airflow/.local/lib/python3.7/site-packages/airflow/example_dags/tutorial.py
[2022-01-20 03:21:26,262] {processor.py:632} INFO - DAG(s) dict_keys(['tutorial']) retrieved from /home/airflow/.local/lib/python3.7/site-packages/airflow/example_dags/tutorial.py
[2022-01-20 03:21:26,306] {logging_mixin.py:109} INFO - [2022-01-20 03:21:26,305] {dag.py:2389} INFO - Sync 1 DAGs
[2022-01-20 03:21:26,370] {logging_mixin.py:109} INFO - [2022-01-20 03:21:26,369] {dag.py:2914} INFO - Setting next_dagrun for tutorial to 2022-01-19T03:21:26.368009+00:00
[2022-01-20 03:21:26,410] {processor.py:171} INFO - Processing /home/airflow/.local/lib/python3.7/site-packages/airflow/example_dags/tutorial.py took 0.244 seconds
[2022-01-20 03:21:57,317] {processor.py:163} INFO - Started process (PID=587) to work on /home/airflow/.local/lib/python3.7/site-packages/airflow/example_dags/tutorial.py
[2022-01-20 03:21:57,322] {processor.py:620} INFO - Processing file /home/airflow/.local/lib/python3.7/site-packages/airflow/example_dags/tutorial.py for tasks to queue
[2022-01-20 03:21:57,326] {logging_mixin.py:109} INFO - [2022-01-20 03:21:57,325] {dagbag.py:500} INFO - Filling up the DagBag from /home/airflow/.local/lib/python3.7/site-packages/airflow/example_dags/tutorial.py
[2022-01-20 03:21:57,403] {processor.py:632} INFO - DAG(s) dict_keys(['tutorial']) retrieved from /home/airflow/.local/lib/python3.7/site-packages/airflow/example_dags/tutorial.py
[2022-01-20 03:21:57,460] {logging_mixin.py:109} INFO - [2022-01-20 03:21:57,460] {dag.py:2389} INFO - Sync 1 DAGs
[2022-01-20 03:21:57,549] {logging_mixin.py:109} INFO - [2022-01-20 03:21:57,549] {dag.py:2914} INFO - Setting next_dagrun for tutorial to 2022-01-19T03:21:57.547717+00:00
[2022-01-20 03:21:57,592] {processor.py:171} INFO - Processing /home/airflow/.local/lib/python3.7/site-packages/airflow/example_dags/tutorial.py took 0.283 seconds
[2022-01-20 03:22:27,637] {processor.py:163} INFO - Started process (PID=679) to work on /home/airflow/.local/lib/python3.7/site-packages/airflow/example_dags/tutorial.py
[2022-01-20 03:22:27,641] {processor.py:620} INFO - Processing file /home/airflow/.local/lib/python3.7/site-packages/airflow/example_dags/tutorial.py for tasks to queue
[2022-01-20 03:22:27,644] {logging_mixin.py:109} INFO - [2022-01-20 03:22:27,643] {dagbag.py:500} INFO - Filling up the DagBag from /home/airflow/.local/lib/python3.7/site-packages/airflow/example_dags/tutorial.py
[2022-01-20 03:22:27,708] {processor.py:632} INFO - DAG(s) dict_keys(['tutorial']) retrieved from /home/airflow/.local/lib/python3.7/site-packages/airflow/example_dags/tutorial.py
[2022-01-20 03:22:27,744] {logging_mixin.py:109} INFO - [2022-01-20 03:22:27,743] {dag.py:2389} INFO - Sync 1 DAGs
[2022-01-20 03:22:27,788] {logging_mixin.py:109} INFO - [2022-01-20 03:22:27,788] {dag.py:2914} INFO - Setting next_dagrun for tutorial to 2022-01-19T03:22:27.786809+00:00
[2022-01-20 03:22:27,812] {processor.py:171} INFO - Processing /home/airflow/.local/lib/python3.7/site-packages/airflow/example_dags/tutorial.py took 0.182 seconds
[2022-01-20 03:22:58,038] {processor.py:163} INFO - Started process (PID=787) to work on /home/airflow/.local/lib/python3.7/site-packages/airflow/example_dags/tutorial.py
[2022-01-20 03:22:58,042] {processor.py:620} INFO - Processing file /home/airflow/.local/lib/python3.7/site-packages/airflow/example_dags/tutorial.py for tasks to queue
[2022-01-20 03:22:58,045] {logging_mixin.py:109} INFO - [2022-01-20 03:22:58,045] {dagbag.py:500} INFO - Filling up the DagBag from /home/airflow/.local/lib/python3.7/site-packages/airflow/example_dags/tutorial.py
[2022-01-20 03:22:58,127] {processor.py:632} INFO - DAG(s) dict_keys(['tutorial']) retrieved from /home/airflow/.local/lib/python3.7/site-packages/airflow/example_dags/tutorial.py
[2022-01-20 03:22:58,172] {logging_mixin.py:109} INFO - [2022-01-20 03:22:58,172] {dag.py:2389} INFO - Sync 1 DAGs
[2022-01-20 03:22:58,229] {logging_mixin.py:109} INFO - [2022-01-20 03:22:58,228] {dag.py:2914} INFO - Setting next_dagrun for tutorial to 2022-01-19T03:22:58.226327+00:00
[2022-01-20 03:22:58,258] {processor.py:171} INFO - Processing /home/airflow/.local/lib/python3.7/site-packages/airflow/example_dags/tutorial.py took 0.227 seconds
[2022-01-20 03:23:28,329] {processor.py:163} INFO - Started process (PID=884) to work on /home/airflow/.local/lib/python3.7/site-packages/airflow/example_dags/tutorial.py
[2022-01-20 03:23:28,333] {processor.py:620} INFO - Processing file /home/airflow/.local/lib/python3.7/site-packages/airflow/example_dags/tutorial.py for tasks to queue
[2022-01-20 03:23:28,336] {logging_mixin.py:109} INFO - [2022-01-20 03:23:28,336] {dagbag.py:500} INFO - Filling up the DagBag from /home/airflow/.local/lib/python3.7/site-packages/airflow/example_dags/tutorial.py
[2022-01-20 03:23:28,401] {processor.py:632} INFO - DAG(s) dict_keys(['tutorial']) retrieved from /home/airflow/.local/lib/python3.7/site-packages/airflow/example_dags/tutorial.py
[2022-01-20 03:23:28,437] {logging_mixin.py:109} INFO - [2022-01-20 03:23:28,436] {dag.py:2389} INFO - Sync 1 DAGs
[2022-01-20 03:23:28,483] {logging_mixin.py:109} INFO - [2022-01-20 03:23:28,483] {dag.py:2914} INFO - Setting next_dagrun for tutorial to 2022-01-19T03:23:28.481321+00:00
[2022-01-20 03:23:28,509] {processor.py:171} INFO - Processing /home/airflow/.local/lib/python3.7/site-packages/airflow/example_dags/tutorial.py took 0.187 seconds
[2022-01-20 03:23:59,107] {processor.py:163} INFO - Started process (PID=996) to work on /home/airflow/.local/lib/python3.7/site-packages/airflow/example_dags/tutorial.py
[2022-01-20 03:23:59,111] {processor.py:620} INFO - Processing file /home/airflow/.local/lib/python3.7/site-packages/airflow/example_dags/tutorial.py for tasks to queue
[2022-01-20 03:23:59,115] {logging_mixin.py:109} INFO - [2022-01-20 03:23:59,115] {dagbag.py:500} INFO - Filling up the DagBag from /home/airflow/.local/lib/python3.7/site-packages/airflow/example_dags/tutorial.py
[2022-01-20 03:23:59,191] {processor.py:632} INFO - DAG(s) dict_keys(['tutorial']) retrieved from /home/airflow/.local/lib/python3.7/site-packages/airflow/example_dags/tutorial.py
[2022-01-20 03:23:59,232] {logging_mixin.py:109} INFO - [2022-01-20 03:23:59,232] {dag.py:2389} INFO - Sync 1 DAGs
[2022-01-20 03:23:59,288] {logging_mixin.py:109} INFO - [2022-01-20 03:23:59,287] {dag.py:2914} INFO - Setting next_dagrun for tutorial to 2022-01-19T03:23:59.285744+00:00
[2022-01-20 03:23:59,317] {processor.py:171} INFO - Processing /home/airflow/.local/lib/python3.7/site-packages/airflow/example_dags/tutorial.py took 0.218 seconds
[2022-01-20 03:24:29,551] {processor.py:163} INFO - Started process (PID=1094) to work on /home/airflow/.local/lib/python3.7/site-packages/airflow/example_dags/tutorial.py
[2022-01-20 03:24:29,555] {processor.py:620} INFO - Processing file /home/airflow/.local/lib/python3.7/site-packages/airflow/example_dags/tutorial.py for tasks to queue
[2022-01-20 03:24:29,558] {logging_mixin.py:109} INFO - [2022-01-20 03:24:29,557] {dagbag.py:500} INFO - Filling up the DagBag from /home/airflow/.local/lib/python3.7/site-packages/airflow/example_dags/tutorial.py
[2022-01-20 03:24:29,626] {processor.py:632} INFO - DAG(s) dict_keys(['tutorial']) retrieved from /home/airflow/.local/lib/python3.7/site-packages/airflow/example_dags/tutorial.py
[2022-01-20 03:24:29,662] {logging_mixin.py:109} INFO - [2022-01-20 03:24:29,662] {dag.py:2389} INFO - Sync 1 DAGs
[2022-01-20 03:24:29,711] {logging_mixin.py:109} INFO - [2022-01-20 03:24:29,710] {dag.py:2914} INFO - Setting next_dagrun for tutorial to 2022-01-19T03:24:29.709177+00:00
[2022-01-20 03:24:29,737] {processor.py:171} INFO - Processing /home/airflow/.local/lib/python3.7/site-packages/airflow/example_dags/tutorial.py took 0.194 seconds
[2022-01-20 03:25:00,772] {processor.py:163} INFO - Started process (PID=1208) to work on /home/airflow/.local/lib/python3.7/site-packages/airflow/example_dags/tutorial.py
[2022-01-20 03:25:00,776] {processor.py:620} INFO - Processing file /home/airflow/.local/lib/python3.7/site-packages/airflow/example_dags/tutorial.py for tasks to queue
[2022-01-20 03:25:00,779] {logging_mixin.py:109} INFO - [2022-01-20 03:25:00,779] {dagbag.py:500} INFO - Filling up the DagBag from /home/airflow/.local/lib/python3.7/site-packages/airflow/example_dags/tutorial.py
[2022-01-20 03:25:00,856] {processor.py:632} INFO - DAG(s) dict_keys(['tutorial']) retrieved from /home/airflow/.local/lib/python3.7/site-packages/airflow/example_dags/tutorial.py
[2022-01-20 03:25:00,896] {logging_mixin.py:109} INFO - [2022-01-20 03:25:00,896] {dag.py:2389} INFO - Sync 1 DAGs
[2022-01-20 03:25:00,960] {logging_mixin.py:109} INFO - [2022-01-20 03:25:00,959] {dag.py:2914} INFO - Setting next_dagrun for tutorial to 2022-01-19T03:25:00.954614+00:00
[2022-01-20 03:25:01,017] {processor.py:171} INFO - Processing /home/airflow/.local/lib/python3.7/site-packages/airflow/example_dags/tutorial.py took 0.252 seconds
[2022-01-20 03:25:31,724] {processor.py:163} INFO - Started process (PID=1318) to work on /home/airflow/.local/lib/python3.7/site-packages/airflow/example_dags/tutorial.py
[2022-01-20 03:25:31,730] {processor.py:620} INFO - Processing file /home/airflow/.local/lib/python3.7/site-packages/airflow/example_dags/tutorial.py for tasks to queue
[2022-01-20 03:25:31,735] {logging_mixin.py:109} INFO - [2022-01-20 03:25:31,735] {dagbag.py:500} INFO - Filling up the DagBag from /home/airflow/.local/lib/python3.7/site-packages/airflow/example_dags/tutorial.py
[2022-01-20 03:25:31,812] {processor.py:632} INFO - DAG(s) dict_keys(['tutorial']) retrieved from /home/airflow/.local/lib/python3.7/site-packages/airflow/example_dags/tutorial.py
[2022-01-20 03:25:31,854] {logging_mixin.py:109} INFO - [2022-01-20 03:25:31,854] {dag.py:2389} INFO - Sync 1 DAGs
[2022-01-20 03:25:31,911] {logging_mixin.py:109} INFO - [2022-01-20 03:25:31,910] {dag.py:2914} INFO - Setting next_dagrun for tutorial to 2022-01-19T03:25:31.908991+00:00
[2022-01-20 03:25:31,939] {processor.py:171} INFO - Processing /home/airflow/.local/lib/python3.7/site-packages/airflow/example_dags/tutorial.py took 0.223 seconds
[2022-01-20 03:26:02,174] {processor.py:163} INFO - Started process (PID=1424) to work on /home/airflow/.local/lib/python3.7/site-packages/airflow/example_dags/tutorial.py
[2022-01-20 03:26:02,178] {processor.py:620} INFO - Processing file /home/airflow/.local/lib/python3.7/site-packages/airflow/example_dags/tutorial.py for tasks to queue
[2022-01-20 03:26:02,182] {logging_mixin.py:109} INFO - [2022-01-20 03:26:02,181] {dagbag.py:500} INFO - Filling up the DagBag from /home/airflow/.local/lib/python3.7/site-packages/airflow/example_dags/tutorial.py
[2022-01-20 03:26:02,273] {processor.py:632} INFO - DAG(s) dict_keys(['tutorial']) retrieved from /home/airflow/.local/lib/python3.7/site-packages/airflow/example_dags/tutorial.py
[2022-01-20 03:26:02,318] {logging_mixin.py:109} INFO - [2022-01-20 03:26:02,317] {dag.py:2389} INFO - Sync 1 DAGs
[2022-01-20 03:26:02,376] {logging_mixin.py:109} INFO - [2022-01-20 03:26:02,375] {dag.py:2914} INFO - Setting next_dagrun for tutorial to 2022-01-19T03:26:02.373643+00:00
[2022-01-20 03:26:02,407] {processor.py:171} INFO - Processing /home/airflow/.local/lib/python3.7/site-packages/airflow/example_dags/tutorial.py took 0.241 seconds
[2022-01-20 03:26:32,653] {processor.py:163} INFO - Started process (PID=1538) to work on /home/airflow/.local/lib/python3.7/site-packages/airflow/example_dags/tutorial.py
[2022-01-20 03:26:32,659] {processor.py:620} INFO - Processing file /home/airflow/.local/lib/python3.7/site-packages/airflow/example_dags/tutorial.py for tasks to queue
[2022-01-20 03:26:32,662] {logging_mixin.py:109} INFO - [2022-01-20 03:26:32,662] {dagbag.py:500} INFO - Filling up the DagBag from /home/airflow/.local/lib/python3.7/site-packages/airflow/example_dags/tutorial.py
[2022-01-20 03:26:32,739] {processor.py:632} INFO - DAG(s) dict_keys(['tutorial']) retrieved from /home/airflow/.local/lib/python3.7/site-packages/airflow/example_dags/tutorial.py
[2022-01-20 03:26:32,780] {logging_mixin.py:109} INFO - [2022-01-20 03:26:32,780] {dag.py:2389} INFO - Sync 1 DAGs
[2022-01-20 03:26:32,840] {logging_mixin.py:109} INFO - [2022-01-20 03:26:32,839] {dag.py:2914} INFO - Setting next_dagrun for tutorial to 2022-01-19T03:26:32.837594+00:00
[2022-01-20 03:26:32,871] {processor.py:171} INFO - Processing /home/airflow/.local/lib/python3.7/site-packages/airflow/example_dags/tutorial.py took 0.228 seconds
[2022-01-20 03:27:03,066] {processor.py:163} INFO - Started process (PID=1635) to work on /home/airflow/.local/lib/python3.7/site-packages/airflow/example_dags/tutorial.py
[2022-01-20 03:27:03,070] {processor.py:620} INFO - Processing file /home/airflow/.local/lib/python3.7/site-packages/airflow/example_dags/tutorial.py for tasks to queue
[2022-01-20 03:27:03,072] {logging_mixin.py:109} INFO - [2022-01-20 03:27:03,072] {dagbag.py:500} INFO - Filling up the DagBag from /home/airflow/.local/lib/python3.7/site-packages/airflow/example_dags/tutorial.py
[2022-01-20 03:27:03,145] {processor.py:632} INFO - DAG(s) dict_keys(['tutorial']) retrieved from /home/airflow/.local/lib/python3.7/site-packages/airflow/example_dags/tutorial.py
[2022-01-20 03:27:03,186] {logging_mixin.py:109} INFO - [2022-01-20 03:27:03,185] {dag.py:2389} INFO - Sync 1 DAGs
[2022-01-20 03:27:03,242] {logging_mixin.py:109} INFO - [2022-01-20 03:27:03,241] {dag.py:2914} INFO - Setting next_dagrun for tutorial to 2022-01-19T03:27:03.239967+00:00
[2022-01-20 03:27:03,272] {processor.py:171} INFO - Processing /home/airflow/.local/lib/python3.7/site-packages/airflow/example_dags/tutorial.py took 0.214 seconds
[2022-01-20 03:27:34,773] {processor.py:163} INFO - Started process (PID=1750) to work on /home/airflow/.local/lib/python3.7/site-packages/airflow/example_dags/tutorial.py
[2022-01-20 03:27:34,777] {processor.py:620} INFO - Processing file /home/airflow/.local/lib/python3.7/site-packages/airflow/example_dags/tutorial.py for tasks to queue
[2022-01-20 03:27:34,781] {logging_mixin.py:109} INFO - [2022-01-20 03:27:34,781] {dagbag.py:500} INFO - Filling up the DagBag from /home/airflow/.local/lib/python3.7/site-packages/airflow/example_dags/tutorial.py
[2022-01-20 03:27:34,877] {processor.py:632} INFO - DAG(s) dict_keys(['tutorial']) retrieved from /home/airflow/.local/lib/python3.7/site-packages/airflow/example_dags/tutorial.py
[2022-01-20 03:27:34,930] {logging_mixin.py:109} INFO - [2022-01-20 03:27:34,929] {dag.py:2389} INFO - Sync 1 DAGs
[2022-01-20 03:27:34,987] {logging_mixin.py:109} INFO - [2022-01-20 03:27:34,986] {dag.py:2914} INFO - Setting next_dagrun for tutorial to 2022-01-19T03:27:34.984825+00:00
[2022-01-20 03:27:35,042] {processor.py:171} INFO - Processing /home/airflow/.local/lib/python3.7/site-packages/airflow/example_dags/tutorial.py took 0.277 seconds
[2022-01-20 03:28:06,069] {processor.py:163} INFO - Started process (PID=1844) to work on /home/airflow/.local/lib/python3.7/site-packages/airflow/example_dags/tutorial.py
[2022-01-20 03:28:06,073] {processor.py:620} INFO - Processing file /home/airflow/.local/lib/python3.7/site-packages/airflow/example_dags/tutorial.py for tasks to queue
[2022-01-20 03:28:06,077] {logging_mixin.py:109} INFO - [2022-01-20 03:28:06,076] {dagbag.py:500} INFO - Filling up the DagBag from /home/airflow/.local/lib/python3.7/site-packages/airflow/example_dags/tutorial.py
[2022-01-20 03:28:06,147] {processor.py:632} INFO - DAG(s) dict_keys(['tutorial']) retrieved from /home/airflow/.local/lib/python3.7/site-packages/airflow/example_dags/tutorial.py
[2022-01-20 03:28:06,185] {logging_mixin.py:109} INFO - [2022-01-20 03:28:06,184] {dag.py:2389} INFO - Sync 1 DAGs
[2022-01-20 03:28:06,237] {logging_mixin.py:109} INFO - [2022-01-20 03:28:06,236] {dag.py:2914} INFO - Setting next_dagrun for tutorial to 2022-01-19T03:28:06.234716+00:00
[2022-01-20 03:28:06,272] {processor.py:171} INFO - Processing /home/airflow/.local/lib/python3.7/site-packages/airflow/example_dags/tutorial.py took 0.210 seconds
[2022-01-20 03:28:38,453] {processor.py:163} INFO - Started process (PID=1947) to work on /home/airflow/.local/lib/python3.7/site-packages/airflow/example_dags/tutorial.py
[2022-01-20 03:28:38,457] {processor.py:620} INFO - Processing file /home/airflow/.local/lib/python3.7/site-packages/airflow/example_dags/tutorial.py for tasks to queue
[2022-01-20 03:28:38,461] {logging_mixin.py:109} INFO - [2022-01-20 03:28:38,460] {dagbag.py:500} INFO - Filling up the DagBag from /home/airflow/.local/lib/python3.7/site-packages/airflow/example_dags/tutorial.py
[2022-01-20 03:28:38,536] {processor.py:632} INFO - DAG(s) dict_keys(['tutorial']) retrieved from /home/airflow/.local/lib/python3.7/site-packages/airflow/example_dags/tutorial.py
[2022-01-20 03:28:38,584] {logging_mixin.py:109} INFO - [2022-01-20 03:28:38,583] {dag.py:2389} INFO - Sync 1 DAGs
[2022-01-20 03:28:38,641] {logging_mixin.py:109} INFO - [2022-01-20 03:28:38,640] {dag.py:2914} INFO - Setting next_dagrun for tutorial to 2022-01-19T03:28:38.638282+00:00
[2022-01-20 03:28:38,670] {processor.py:171} INFO - Processing /home/airflow/.local/lib/python3.7/site-packages/airflow/example_dags/tutorial.py took 0.224 seconds
[2022-01-20 03:29:09,770] {processor.py:163} INFO - Started process (PID=2043) to work on /home/airflow/.local/lib/python3.7/site-packages/airflow/example_dags/tutorial.py
[2022-01-20 03:29:09,774] {processor.py:620} INFO - Processing file /home/airflow/.local/lib/python3.7/site-packages/airflow/example_dags/tutorial.py for tasks to queue
[2022-01-20 03:29:09,777] {logging_mixin.py:109} INFO - [2022-01-20 03:29:09,777] {dagbag.py:500} INFO - Filling up the DagBag from /home/airflow/.local/lib/python3.7/site-packages/airflow/example_dags/tutorial.py
[2022-01-20 03:29:09,839] {processor.py:632} INFO - DAG(s) dict_keys(['tutorial']) retrieved from /home/airflow/.local/lib/python3.7/site-packages/airflow/example_dags/tutorial.py
[2022-01-20 03:29:09,874] {logging_mixin.py:109} INFO - [2022-01-20 03:29:09,874] {dag.py:2389} INFO - Sync 1 DAGs
[2022-01-20 03:29:09,919] {logging_mixin.py:109} INFO - [2022-01-20 03:29:09,918] {dag.py:2914} INFO - Setting next_dagrun for tutorial to 2022-01-19T03:29:09.917058+00:00
[2022-01-20 03:29:09,944] {processor.py:171} INFO - Processing /home/airflow/.local/lib/python3.7/site-packages/airflow/example_dags/tutorial.py took 0.181 seconds
[2022-01-20 03:29:41,575] {processor.py:163} INFO - Started process (PID=2154) to work on /home/airflow/.local/lib/python3.7/site-packages/airflow/example_dags/tutorial.py
[2022-01-20 03:29:41,579] {processor.py:620} INFO - Processing file /home/airflow/.local/lib/python3.7/site-packages/airflow/example_dags/tutorial.py for tasks to queue
[2022-01-20 03:29:41,582] {logging_mixin.py:109} INFO - [2022-01-20 03:29:41,582] {dagbag.py:500} INFO - Filling up the DagBag from /home/airflow/.local/lib/python3.7/site-packages/airflow/example_dags/tutorial.py
[2022-01-20 03:29:41,651] {processor.py:632} INFO - DAG(s) dict_keys(['tutorial']) retrieved from /home/airflow/.local/lib/python3.7/site-packages/airflow/example_dags/tutorial.py
[2022-01-20 03:29:41,692] {logging_mixin.py:109} INFO - [2022-01-20 03:29:41,691] {dag.py:2389} INFO - Sync 1 DAGs
[2022-01-20 03:29:41,746] {logging_mixin.py:109} INFO - [2022-01-20 03:29:41,746] {dag.py:2914} INFO - Setting next_dagrun for tutorial to 2022-01-19T03:29:41.744253+00:00
[2022-01-20 03:29:41,773] {processor.py:171} INFO - Processing /home/airflow/.local/lib/python3.7/site-packages/airflow/example_dags/tutorial.py took 0.205 seconds
[2022-01-20 03:30:12,687] {processor.py:163} INFO - Started process (PID=2260) to work on /home/airflow/.local/lib/python3.7/site-packages/airflow/example_dags/tutorial.py
[2022-01-20 03:30:12,692] {processor.py:620} INFO - Processing file /home/airflow/.local/lib/python3.7/site-packages/airflow/example_dags/tutorial.py for tasks to queue
[2022-01-20 03:30:12,696] {logging_mixin.py:109} INFO - [2022-01-20 03:30:12,696] {dagbag.py:500} INFO - Filling up the DagBag from /home/airflow/.local/lib/python3.7/site-packages/airflow/example_dags/tutorial.py
[2022-01-20 03:30:12,782] {processor.py:632} INFO - DAG(s) dict_keys(['tutorial']) retrieved from /home/airflow/.local/lib/python3.7/site-packages/airflow/example_dags/tutorial.py
[2022-01-20 03:30:12,830] {logging_mixin.py:109} INFO - [2022-01-20 03:30:12,829] {dag.py:2389} INFO - Sync 1 DAGs
[2022-01-20 03:30:12,889] {logging_mixin.py:109} INFO - [2022-01-20 03:30:12,889] {dag.py:2914} INFO - Setting next_dagrun for tutorial to 2022-01-19T03:30:12.887464+00:00
[2022-01-20 03:30:12,929] {processor.py:171} INFO - Processing /home/airflow/.local/lib/python3.7/site-packages/airflow/example_dags/tutorial.py took 0.250 seconds
[2022-01-20 03:30:43,295] {processor.py:163} INFO - Started process (PID=2357) to work on /home/airflow/.local/lib/python3.7/site-packages/airflow/example_dags/tutorial.py
[2022-01-20 03:30:43,305] {processor.py:620} INFO - Processing file /home/airflow/.local/lib/python3.7/site-packages/airflow/example_dags/tutorial.py for tasks to queue
[2022-01-20 03:30:43,310] {logging_mixin.py:109} INFO - [2022-01-20 03:30:43,309] {dagbag.py:500} INFO - Filling up the DagBag from /home/airflow/.local/lib/python3.7/site-packages/airflow/example_dags/tutorial.py
[2022-01-20 03:30:43,404] {processor.py:632} INFO - DAG(s) dict_keys(['tutorial']) retrieved from /home/airflow/.local/lib/python3.7/site-packages/airflow/example_dags/tutorial.py
[2022-01-20 03:30:43,459] {logging_mixin.py:109} INFO - [2022-01-20 03:30:43,458] {dag.py:2389} INFO - Sync 1 DAGs
[2022-01-20 03:30:43,513] {logging_mixin.py:109} INFO - [2022-01-20 03:30:43,512] {dag.py:2914} INFO - Setting next_dagrun for tutorial to 2022-01-19T03:30:43.510861+00:00
[2022-01-20 03:30:43,549] {processor.py:171} INFO - Processing /home/airflow/.local/lib/python3.7/site-packages/airflow/example_dags/tutorial.py took 0.261 seconds
[2022-01-20 03:31:14,330] {processor.py:163} INFO - Started process (PID=2474) to work on /home/airflow/.local/lib/python3.7/site-packages/airflow/example_dags/tutorial.py
[2022-01-20 03:31:14,335] {processor.py:620} INFO - Processing file /home/airflow/.local/lib/python3.7/site-packages/airflow/example_dags/tutorial.py for tasks to queue
[2022-01-20 03:31:14,339] {logging_mixin.py:109} INFO - [2022-01-20 03:31:14,338] {dagbag.py:500} INFO - Filling up the DagBag from /home/airflow/.local/lib/python3.7/site-packages/airflow/example_dags/tutorial.py
[2022-01-20 03:31:14,446] {processor.py:632} INFO - DAG(s) dict_keys(['tutorial']) retrieved from /home/airflow/.local/lib/python3.7/site-packages/airflow/example_dags/tutorial.py
[2022-01-20 03:31:14,488] {logging_mixin.py:109} INFO - [2022-01-20 03:31:14,488] {dag.py:2389} INFO - Sync 1 DAGs
[2022-01-20 03:31:14,548] {logging_mixin.py:109} INFO - [2022-01-20 03:31:14,547] {dag.py:2914} INFO - Setting next_dagrun for tutorial to 2022-01-19T03:31:14.545883+00:00
[2022-01-20 03:31:14,574] {processor.py:171} INFO - Processing /home/airflow/.local/lib/python3.7/site-packages/airflow/example_dags/tutorial.py took 0.251 seconds
[2022-01-20 03:31:45,249] {processor.py:163} INFO - Started process (PID=2567) to work on /home/airflow/.local/lib/python3.7/site-packages/airflow/example_dags/tutorial.py
[2022-01-20 03:31:45,254] {processor.py:620} INFO - Processing file /home/airflow/.local/lib/python3.7/site-packages/airflow/example_dags/tutorial.py for tasks to queue
[2022-01-20 03:31:45,257] {logging_mixin.py:109} INFO - [2022-01-20 03:31:45,256] {dagbag.py:500} INFO - Filling up the DagBag from /home/airflow/.local/lib/python3.7/site-packages/airflow/example_dags/tutorial.py
[2022-01-20 03:31:45,337] {processor.py:632} INFO - DAG(s) dict_keys(['tutorial']) retrieved from /home/airflow/.local/lib/python3.7/site-packages/airflow/example_dags/tutorial.py
[2022-01-20 03:31:45,379] {logging_mixin.py:109} INFO - [2022-01-20 03:31:45,379] {dag.py:2389} INFO - Sync 1 DAGs
[2022-01-20 03:31:45,445] {logging_mixin.py:109} INFO - [2022-01-20 03:31:45,444] {dag.py:2914} INFO - Setting next_dagrun for tutorial to 2022-01-19T03:31:45.442338+00:00
[2022-01-20 03:31:45,596] {processor.py:171} INFO - Processing /home/airflow/.local/lib/python3.7/site-packages/airflow/example_dags/tutorial.py took 0.353 seconds
[2022-01-20 03:32:16,347] {processor.py:163} INFO - Started process (PID=2681) to work on /home/airflow/.local/lib/python3.7/site-packages/airflow/example_dags/tutorial.py
[2022-01-20 03:32:16,353] {processor.py:620} INFO - Processing file /home/airflow/.local/lib/python3.7/site-packages/airflow/example_dags/tutorial.py for tasks to queue
[2022-01-20 03:32:16,357] {logging_mixin.py:109} INFO - [2022-01-20 03:32:16,356] {dagbag.py:500} INFO - Filling up the DagBag from /home/airflow/.local/lib/python3.7/site-packages/airflow/example_dags/tutorial.py
[2022-01-20 03:32:16,436] {processor.py:632} INFO - DAG(s) dict_keys(['tutorial']) retrieved from /home/airflow/.local/lib/python3.7/site-packages/airflow/example_dags/tutorial.py
[2022-01-20 03:32:16,480] {logging_mixin.py:109} INFO - [2022-01-20 03:32:16,479] {dag.py:2389} INFO - Sync 1 DAGs
[2022-01-20 03:32:16,704] {logging_mixin.py:109} INFO - [2022-01-20 03:32:16,703] {dag.py:2914} INFO - Setting next_dagrun for tutorial to 2022-01-19T03:32:16.702012+00:00
[2022-01-20 03:32:16,761] {processor.py:171} INFO - Processing /home/airflow/.local/lib/python3.7/site-packages/airflow/example_dags/tutorial.py took 0.423 seconds
[2022-01-20 03:32:46,934] {processor.py:163} INFO - Started process (PID=2776) to work on /home/airflow/.local/lib/python3.7/site-packages/airflow/example_dags/tutorial.py
[2022-01-20 03:32:46,938] {processor.py:620} INFO - Processing file /home/airflow/.local/lib/python3.7/site-packages/airflow/example_dags/tutorial.py for tasks to queue
[2022-01-20 03:32:46,941] {logging_mixin.py:109} INFO - [2022-01-20 03:32:46,941] {dagbag.py:500} INFO - Filling up the DagBag from /home/airflow/.local/lib/python3.7/site-packages/airflow/example_dags/tutorial.py
[2022-01-20 03:32:47,007] {processor.py:632} INFO - DAG(s) dict_keys(['tutorial']) retrieved from /home/airflow/.local/lib/python3.7/site-packages/airflow/example_dags/tutorial.py
[2022-01-20 03:32:47,043] {logging_mixin.py:109} INFO - [2022-01-20 03:32:47,043] {dag.py:2389} INFO - Sync 1 DAGs
[2022-01-20 03:32:47,199] {logging_mixin.py:109} INFO - [2022-01-20 03:32:47,198] {dag.py:2914} INFO - Setting next_dagrun for tutorial to 2022-01-19T03:32:47.197437+00:00
[2022-01-20 03:32:47,225] {processor.py:171} INFO - Processing /home/airflow/.local/lib/python3.7/site-packages/airflow/example_dags/tutorial.py took 0.298 seconds
[2022-01-20 03:33:17,467] {processor.py:163} INFO - Started process (PID=2891) to work on /home/airflow/.local/lib/python3.7/site-packages/airflow/example_dags/tutorial.py
[2022-01-20 03:33:17,472] {processor.py:620} INFO - Processing file /home/airflow/.local/lib/python3.7/site-packages/airflow/example_dags/tutorial.py for tasks to queue
[2022-01-20 03:33:17,476] {logging_mixin.py:109} INFO - [2022-01-20 03:33:17,475] {dagbag.py:500} INFO - Filling up the DagBag from /home/airflow/.local/lib/python3.7/site-packages/airflow/example_dags/tutorial.py
[2022-01-20 03:33:17,569] {processor.py:632} INFO - DAG(s) dict_keys(['tutorial']) retrieved from /home/airflow/.local/lib/python3.7/site-packages/airflow/example_dags/tutorial.py
[2022-01-20 03:33:17,613] {logging_mixin.py:109} INFO - [2022-01-20 03:33:17,613] {dag.py:2389} INFO - Sync 1 DAGs
[2022-01-20 03:33:17,788] {logging_mixin.py:109} INFO - [2022-01-20 03:33:17,788] {dag.py:2914} INFO - Setting next_dagrun for tutorial to 2022-01-19T03:33:17.786515+00:00
[2022-01-20 03:33:17,825] {processor.py:171} INFO - Processing /home/airflow/.local/lib/python3.7/site-packages/airflow/example_dags/tutorial.py took 0.370 seconds
[2022-01-20 03:33:47,959] {processor.py:163} INFO - Started process (PID=2987) to work on /home/airflow/.local/lib/python3.7/site-packages/airflow/example_dags/tutorial.py
[2022-01-20 03:33:47,963] {processor.py:620} INFO - Processing file /home/airflow/.local/lib/python3.7/site-packages/airflow/example_dags/tutorial.py for tasks to queue
[2022-01-20 03:33:47,968] {logging_mixin.py:109} INFO - [2022-01-20 03:33:47,968] {dagbag.py:500} INFO - Filling up the DagBag from /home/airflow/.local/lib/python3.7/site-packages/airflow/example_dags/tutorial.py
[2022-01-20 03:33:48,052] {processor.py:632} INFO - DAG(s) dict_keys(['tutorial']) retrieved from /home/airflow/.local/lib/python3.7/site-packages/airflow/example_dags/tutorial.py
[2022-01-20 03:33:48,212] {logging_mixin.py:109} INFO - [2022-01-20 03:33:48,211] {dag.py:2389} INFO - Sync 1 DAGs
[2022-01-20 03:33:48,263] {logging_mixin.py:109} INFO - [2022-01-20 03:33:48,263] {dag.py:2914} INFO - Setting next_dagrun for tutorial to 2022-01-19T03:33:48.261642+00:00
[2022-01-20 03:33:48,292] {processor.py:171} INFO - Processing /home/airflow/.local/lib/python3.7/site-packages/airflow/example_dags/tutorial.py took 0.343 seconds
[2022-01-20 03:34:18,961] {processor.py:163} INFO - Started process (PID=3100) to work on /home/airflow/.local/lib/python3.7/site-packages/airflow/example_dags/tutorial.py
[2022-01-20 03:34:18,965] {processor.py:620} INFO - Processing file /home/airflow/.local/lib/python3.7/site-packages/airflow/example_dags/tutorial.py for tasks to queue
[2022-01-20 03:34:18,968] {logging_mixin.py:109} INFO - [2022-01-20 03:34:18,967] {dagbag.py:500} INFO - Filling up the DagBag from /home/airflow/.local/lib/python3.7/site-packages/airflow/example_dags/tutorial.py
[2022-01-20 03:34:19,170] {processor.py:632} INFO - DAG(s) dict_keys(['tutorial']) retrieved from /home/airflow/.local/lib/python3.7/site-packages/airflow/example_dags/tutorial.py
[2022-01-20 03:34:19,210] {logging_mixin.py:109} INFO - [2022-01-20 03:34:19,210] {dag.py:2389} INFO - Sync 1 DAGs
[2022-01-20 03:34:19,266] {logging_mixin.py:109} INFO - [2022-01-20 03:34:19,266] {dag.py:2914} INFO - Setting next_dagrun for tutorial to 2022-01-19T03:34:19.264615+00:00
[2022-01-20 03:34:19,299] {processor.py:171} INFO - Processing /home/airflow/.local/lib/python3.7/site-packages/airflow/example_dags/tutorial.py took 0.345 seconds
[2022-01-20 03:34:49,918] {processor.py:163} INFO - Started process (PID=3196) to work on /home/airflow/.local/lib/python3.7/site-packages/airflow/example_dags/tutorial.py
[2022-01-20 03:34:49,922] {processor.py:620} INFO - Processing file /home/airflow/.local/lib/python3.7/site-packages/airflow/example_dags/tutorial.py for tasks to queue
[2022-01-20 03:34:49,925] {logging_mixin.py:109} INFO - [2022-01-20 03:34:49,925] {dagbag.py:500} INFO - Filling up the DagBag from /home/airflow/.local/lib/python3.7/site-packages/airflow/example_dags/tutorial.py
[2022-01-20 03:34:50,095] {processor.py:632} INFO - DAG(s) dict_keys(['tutorial']) retrieved from /home/airflow/.local/lib/python3.7/site-packages/airflow/example_dags/tutorial.py
[2022-01-20 03:34:50,131] {logging_mixin.py:109} INFO - [2022-01-20 03:34:50,130] {dag.py:2389} INFO - Sync 1 DAGs
[2022-01-20 03:34:50,174] {logging_mixin.py:109} INFO - [2022-01-20 03:34:50,173] {dag.py:2914} INFO - Setting next_dagrun for tutorial to 2022-01-19T03:34:50.172356+00:00
[2022-01-20 03:34:50,197] {processor.py:171} INFO - Processing /home/airflow/.local/lib/python3.7/site-packages/airflow/example_dags/tutorial.py took 0.289 seconds
[2022-01-20 03:35:20,944] {processor.py:163} INFO - Started process (PID=3308) to work on /home/airflow/.local/lib/python3.7/site-packages/airflow/example_dags/tutorial.py
[2022-01-20 03:35:20,949] {processor.py:620} INFO - Processing file /home/airflow/.local/lib/python3.7/site-packages/airflow/example_dags/tutorial.py for tasks to queue
[2022-01-20 03:35:20,953] {logging_mixin.py:109} INFO - [2022-01-20 03:35:20,953] {dagbag.py:500} INFO - Filling up the DagBag from /home/airflow/.local/lib/python3.7/site-packages/airflow/example_dags/tutorial.py
[2022-01-20 03:35:21,147] {processor.py:632} INFO - DAG(s) dict_keys(['tutorial']) retrieved from /home/airflow/.local/lib/python3.7/site-packages/airflow/example_dags/tutorial.py
[2022-01-20 03:35:21,186] {logging_mixin.py:109} INFO - [2022-01-20 03:35:21,185] {dag.py:2389} INFO - Sync 1 DAGs
[2022-01-20 03:35:21,242] {logging_mixin.py:109} INFO - [2022-01-20 03:35:21,241] {dag.py:2914} INFO - Setting next_dagrun for tutorial to 2022-01-19T03:35:21.240052+00:00
[2022-01-20 03:35:21,270] {processor.py:171} INFO - Processing /home/airflow/.local/lib/python3.7/site-packages/airflow/example_dags/tutorial.py took 0.332 seconds
[2022-01-20 03:35:51,393] {processor.py:163} INFO - Started process (PID=3414) to work on /home/airflow/.local/lib/python3.7/site-packages/airflow/example_dags/tutorial.py
[2022-01-20 03:35:51,397] {processor.py:620} INFO - Processing file /home/airflow/.local/lib/python3.7/site-packages/airflow/example_dags/tutorial.py for tasks to queue
[2022-01-20 03:35:51,400] {logging_mixin.py:109} INFO - [2022-01-20 03:35:51,400] {dagbag.py:500} INFO - Filling up the DagBag from /home/airflow/.local/lib/python3.7/site-packages/airflow/example_dags/tutorial.py
[2022-01-20 03:35:51,484] {processor.py:632} INFO - DAG(s) dict_keys(['tutorial']) retrieved from /home/airflow/.local/lib/python3.7/site-packages/airflow/example_dags/tutorial.py
[2022-01-20 03:35:51,531] {logging_mixin.py:109} INFO - [2022-01-20 03:35:51,531] {dag.py:2389} INFO - Sync 1 DAGs
[2022-01-20 03:35:51,588] {logging_mixin.py:109} INFO - [2022-01-20 03:35:51,588] {dag.py:2914} INFO - Setting next_dagrun for tutorial to 2022-01-19T03:35:51.586317+00:00
[2022-01-20 03:35:51,619] {processor.py:171} INFO - Processing /home/airflow/.local/lib/python3.7/site-packages/airflow/example_dags/tutorial.py took 0.234 seconds
[2022-01-20 03:36:22,115] {processor.py:163} INFO - Started process (PID=3514) to work on /home/airflow/.local/lib/python3.7/site-packages/airflow/example_dags/tutorial.py
[2022-01-20 03:36:22,120] {processor.py:620} INFO - Processing file /home/airflow/.local/lib/python3.7/site-packages/airflow/example_dags/tutorial.py for tasks to queue
[2022-01-20 03:36:22,124] {logging_mixin.py:109} INFO - [2022-01-20 03:36:22,123] {dagbag.py:500} INFO - Filling up the DagBag from /home/airflow/.local/lib/python3.7/site-packages/airflow/example_dags/tutorial.py
[2022-01-20 03:36:22,199] {processor.py:632} INFO - DAG(s) dict_keys(['tutorial']) retrieved from /home/airflow/.local/lib/python3.7/site-packages/airflow/example_dags/tutorial.py
[2022-01-20 03:36:22,239] {logging_mixin.py:109} INFO - [2022-01-20 03:36:22,239] {dag.py:2389} INFO - Sync 1 DAGs
[2022-01-20 03:36:22,295] {logging_mixin.py:109} INFO - [2022-01-20 03:36:22,295] {dag.py:2914} INFO - Setting next_dagrun for tutorial to 2022-01-19T03:36:22.293358+00:00
[2022-01-20 03:36:22,334] {processor.py:171} INFO - Processing /home/airflow/.local/lib/python3.7/site-packages/airflow/example_dags/tutorial.py took 0.229 seconds
[2022-01-20 03:36:53,407] {processor.py:163} INFO - Started process (PID=3624) to work on /home/airflow/.local/lib/python3.7/site-packages/airflow/example_dags/tutorial.py
[2022-01-20 03:36:53,412] {processor.py:620} INFO - Processing file /home/airflow/.local/lib/python3.7/site-packages/airflow/example_dags/tutorial.py for tasks to queue
[2022-01-20 03:36:53,416] {logging_mixin.py:109} INFO - [2022-01-20 03:36:53,415] {dagbag.py:500} INFO - Filling up the DagBag from /home/airflow/.local/lib/python3.7/site-packages/airflow/example_dags/tutorial.py
[2022-01-20 03:36:53,528] {processor.py:632} INFO - DAG(s) dict_keys(['tutorial']) retrieved from /home/airflow/.local/lib/python3.7/site-packages/airflow/example_dags/tutorial.py
[2022-01-20 03:36:53,613] {logging_mixin.py:109} INFO - [2022-01-20 03:36:53,613] {dag.py:2389} INFO - Sync 1 DAGs
[2022-01-20 03:36:53,699] {logging_mixin.py:109} INFO - [2022-01-20 03:36:53,698] {dag.py:2914} INFO - Setting next_dagrun for tutorial to 2022-01-19T03:36:53.696436+00:00
[2022-01-20 03:36:53,760] {processor.py:171} INFO - Processing /home/airflow/.local/lib/python3.7/site-packages/airflow/example_dags/tutorial.py took 0.362 seconds
[2022-01-20 03:37:24,899] {processor.py:163} INFO - Started process (PID=3721) to work on /home/airflow/.local/lib/python3.7/site-packages/airflow/example_dags/tutorial.py
[2022-01-20 03:37:24,903] {processor.py:620} INFO - Processing file /home/airflow/.local/lib/python3.7/site-packages/airflow/example_dags/tutorial.py for tasks to queue
[2022-01-20 03:37:24,907] {logging_mixin.py:109} INFO - [2022-01-20 03:37:24,906] {dagbag.py:500} INFO - Filling up the DagBag from /home/airflow/.local/lib/python3.7/site-packages/airflow/example_dags/tutorial.py
[2022-01-20 03:37:24,979] {processor.py:632} INFO - DAG(s) dict_keys(['tutorial']) retrieved from /home/airflow/.local/lib/python3.7/site-packages/airflow/example_dags/tutorial.py
[2022-01-20 03:37:25,017] {logging_mixin.py:109} INFO - [2022-01-20 03:37:25,017] {dag.py:2389} INFO - Sync 1 DAGs
[2022-01-20 03:37:25,067] {logging_mixin.py:109} INFO - [2022-01-20 03:37:25,067] {dag.py:2914} INFO - Setting next_dagrun for tutorial to 2022-01-19T03:37:25.065199+00:00
[2022-01-20 03:37:25,097] {processor.py:171} INFO - Processing /home/airflow/.local/lib/python3.7/site-packages/airflow/example_dags/tutorial.py took 0.206 seconds
[2022-01-20 03:37:55,701] {processor.py:163} INFO - Started process (PID=3830) to work on /home/airflow/.local/lib/python3.7/site-packages/airflow/example_dags/tutorial.py
[2022-01-20 03:37:55,706] {processor.py:620} INFO - Processing file /home/airflow/.local/lib/python3.7/site-packages/airflow/example_dags/tutorial.py for tasks to queue
[2022-01-20 03:37:55,709] {logging_mixin.py:109} INFO - [2022-01-20 03:37:55,709] {dagbag.py:500} INFO - Filling up the DagBag from /home/airflow/.local/lib/python3.7/site-packages/airflow/example_dags/tutorial.py
[2022-01-20 03:37:55,785] {processor.py:632} INFO - DAG(s) dict_keys(['tutorial']) retrieved from /home/airflow/.local/lib/python3.7/site-packages/airflow/example_dags/tutorial.py
[2022-01-20 03:37:55,830] {logging_mixin.py:109} INFO - [2022-01-20 03:37:55,830] {dag.py:2389} INFO - Sync 1 DAGs
[2022-01-20 03:37:55,887] {logging_mixin.py:109} INFO - [2022-01-20 03:37:55,886] {dag.py:2914} INFO - Setting next_dagrun for tutorial to 2022-01-19T03:37:55.884984+00:00
[2022-01-20 03:37:55,956] {processor.py:171} INFO - Processing /home/airflow/.local/lib/python3.7/site-packages/airflow/example_dags/tutorial.py took 0.263 seconds
[2022-01-20 03:38:26,097] {processor.py:163} INFO - Started process (PID=3923) to work on /home/airflow/.local/lib/python3.7/site-packages/airflow/example_dags/tutorial.py
[2022-01-20 03:38:26,101] {processor.py:620} INFO - Processing file /home/airflow/.local/lib/python3.7/site-packages/airflow/example_dags/tutorial.py for tasks to queue
[2022-01-20 03:38:26,104] {logging_mixin.py:109} INFO - [2022-01-20 03:38:26,104] {dagbag.py:500} INFO - Filling up the DagBag from /home/airflow/.local/lib/python3.7/site-packages/airflow/example_dags/tutorial.py
[2022-01-20 03:38:26,174] {processor.py:632} INFO - DAG(s) dict_keys(['tutorial']) retrieved from /home/airflow/.local/lib/python3.7/site-packages/airflow/example_dags/tutorial.py
[2022-01-20 03:38:26,211] {logging_mixin.py:109} INFO - [2022-01-20 03:38:26,211] {dag.py:2389} INFO - Sync 1 DAGs
[2022-01-20 03:38:26,259] {logging_mixin.py:109} INFO - [2022-01-20 03:38:26,259] {dag.py:2914} INFO - Setting next_dagrun for tutorial to 2022-01-19T03:38:26.257529+00:00
[2022-01-20 03:38:26,286] {processor.py:171} INFO - Processing /home/airflow/.local/lib/python3.7/site-packages/airflow/example_dags/tutorial.py took 0.195 seconds
[2022-01-20 03:38:56,709] {processor.py:163} INFO - Started process (PID=4036) to work on /home/airflow/.local/lib/python3.7/site-packages/airflow/example_dags/tutorial.py
[2022-01-20 03:38:56,714] {processor.py:620} INFO - Processing file /home/airflow/.local/lib/python3.7/site-packages/airflow/example_dags/tutorial.py for tasks to queue
[2022-01-20 03:38:56,719] {logging_mixin.py:109} INFO - [2022-01-20 03:38:56,718] {dagbag.py:500} INFO - Filling up the DagBag from /home/airflow/.local/lib/python3.7/site-packages/airflow/example_dags/tutorial.py
[2022-01-20 03:38:56,806] {processor.py:632} INFO - DAG(s) dict_keys(['tutorial']) retrieved from /home/airflow/.local/lib/python3.7/site-packages/airflow/example_dags/tutorial.py
[2022-01-20 03:38:56,852] {logging_mixin.py:109} INFO - [2022-01-20 03:38:56,852] {dag.py:2389} INFO - Sync 1 DAGs
[2022-01-20 03:38:56,911] {logging_mixin.py:109} INFO - [2022-01-20 03:38:56,910] {dag.py:2914} INFO - Setting next_dagrun for tutorial to 2022-01-19T03:38:56.908440+00:00
[2022-01-20 03:38:56,945] {processor.py:171} INFO - Processing /home/airflow/.local/lib/python3.7/site-packages/airflow/example_dags/tutorial.py took 0.244 seconds
[2022-01-20 03:39:27,423] {processor.py:163} INFO - Started process (PID=4135) to work on /home/airflow/.local/lib/python3.7/site-packages/airflow/example_dags/tutorial.py
[2022-01-20 03:39:27,428] {processor.py:620} INFO - Processing file /home/airflow/.local/lib/python3.7/site-packages/airflow/example_dags/tutorial.py for tasks to queue
[2022-01-20 03:39:27,431] {logging_mixin.py:109} INFO - [2022-01-20 03:39:27,430] {dagbag.py:500} INFO - Filling up the DagBag from /home/airflow/.local/lib/python3.7/site-packages/airflow/example_dags/tutorial.py
[2022-01-20 03:39:27,496] {processor.py:632} INFO - DAG(s) dict_keys(['tutorial']) retrieved from /home/airflow/.local/lib/python3.7/site-packages/airflow/example_dags/tutorial.py
[2022-01-20 03:39:27,531] {logging_mixin.py:109} INFO - [2022-01-20 03:39:27,530] {dag.py:2389} INFO - Sync 1 DAGs
[2022-01-20 03:39:27,577] {logging_mixin.py:109} INFO - [2022-01-20 03:39:27,576] {dag.py:2914} INFO - Setting next_dagrun for tutorial to 2022-01-19T03:39:27.575172+00:00
[2022-01-20 03:39:27,600] {processor.py:171} INFO - Processing /home/airflow/.local/lib/python3.7/site-packages/airflow/example_dags/tutorial.py took 0.184 seconds
[2022-01-20 03:39:57,744] {processor.py:163} INFO - Started process (PID=4247) to work on /home/airflow/.local/lib/python3.7/site-packages/airflow/example_dags/tutorial.py
[2022-01-20 03:39:57,751] {processor.py:620} INFO - Processing file /home/airflow/.local/lib/python3.7/site-packages/airflow/example_dags/tutorial.py for tasks to queue
[2022-01-20 03:39:57,756] {logging_mixin.py:109} INFO - [2022-01-20 03:39:57,755] {dagbag.py:500} INFO - Filling up the DagBag from /home/airflow/.local/lib/python3.7/site-packages/airflow/example_dags/tutorial.py
[2022-01-20 03:39:57,905] {processor.py:632} INFO - DAG(s) dict_keys(['tutorial']) retrieved from /home/airflow/.local/lib/python3.7/site-packages/airflow/example_dags/tutorial.py
[2022-01-20 03:39:57,973] {logging_mixin.py:109} INFO - [2022-01-20 03:39:57,973] {dag.py:2389} INFO - Sync 1 DAGs
[2022-01-20 03:39:58,031] {logging_mixin.py:109} INFO - [2022-01-20 03:39:58,030] {dag.py:2914} INFO - Setting next_dagrun for tutorial to 2022-01-19T03:39:58.029054+00:00
[2022-01-20 03:39:58,057] {processor.py:171} INFO - Processing /home/airflow/.local/lib/python3.7/site-packages/airflow/example_dags/tutorial.py took 0.330 seconds
[2022-01-20 03:40:28,323] {processor.py:163} INFO - Started process (PID=4348) to work on /home/airflow/.local/lib/python3.7/site-packages/airflow/example_dags/tutorial.py
[2022-01-20 03:40:28,328] {processor.py:620} INFO - Processing file /home/airflow/.local/lib/python3.7/site-packages/airflow/example_dags/tutorial.py for tasks to queue
[2022-01-20 03:40:28,331] {logging_mixin.py:109} INFO - [2022-01-20 03:40:28,331] {dagbag.py:500} INFO - Filling up the DagBag from /home/airflow/.local/lib/python3.7/site-packages/airflow/example_dags/tutorial.py
[2022-01-20 03:40:28,402] {processor.py:632} INFO - DAG(s) dict_keys(['tutorial']) retrieved from /home/airflow/.local/lib/python3.7/site-packages/airflow/example_dags/tutorial.py
[2022-01-20 03:40:28,437] {logging_mixin.py:109} INFO - [2022-01-20 03:40:28,436] {dag.py:2389} INFO - Sync 1 DAGs
[2022-01-20 03:40:28,482] {logging_mixin.py:109} INFO - [2022-01-20 03:40:28,482] {dag.py:2914} INFO - Setting next_dagrun for tutorial to 2022-01-19T03:40:28.480778+00:00
[2022-01-20 03:40:28,506] {processor.py:171} INFO - Processing /home/airflow/.local/lib/python3.7/site-packages/airflow/example_dags/tutorial.py took 0.193 seconds
[2022-01-20 03:40:58,897] {processor.py:163} INFO - Started process (PID=4463) to work on /home/airflow/.local/lib/python3.7/site-packages/airflow/example_dags/tutorial.py
[2022-01-20 03:40:58,901] {processor.py:620} INFO - Processing file /home/airflow/.local/lib/python3.7/site-packages/airflow/example_dags/tutorial.py for tasks to queue
[2022-01-20 03:40:58,904] {logging_mixin.py:109} INFO - [2022-01-20 03:40:58,903] {dagbag.py:500} INFO - Filling up the DagBag from /home/airflow/.local/lib/python3.7/site-packages/airflow/example_dags/tutorial.py
[2022-01-20 03:40:58,976] {processor.py:632} INFO - DAG(s) dict_keys(['tutorial']) retrieved from /home/airflow/.local/lib/python3.7/site-packages/airflow/example_dags/tutorial.py
[2022-01-20 03:40:59,018] {logging_mixin.py:109} INFO - [2022-01-20 03:40:59,017] {dag.py:2389} INFO - Sync 1 DAGs
[2022-01-20 03:40:59,072] {logging_mixin.py:109} INFO - [2022-01-20 03:40:59,072] {dag.py:2914} INFO - Setting next_dagrun for tutorial to 2022-01-19T03:40:59.070341+00:00
[2022-01-20 03:40:59,102] {processor.py:171} INFO - Processing /home/airflow/.local/lib/python3.7/site-packages/airflow/example_dags/tutorial.py took 0.212 seconds
[2022-01-20 03:41:29,196] {processor.py:163} INFO - Started process (PID=4560) to work on /home/airflow/.local/lib/python3.7/site-packages/airflow/example_dags/tutorial.py
[2022-01-20 03:41:29,200] {processor.py:620} INFO - Processing file /home/airflow/.local/lib/python3.7/site-packages/airflow/example_dags/tutorial.py for tasks to queue
[2022-01-20 03:41:29,203] {logging_mixin.py:109} INFO - [2022-01-20 03:41:29,202] {dagbag.py:500} INFO - Filling up the DagBag from /home/airflow/.local/lib/python3.7/site-packages/airflow/example_dags/tutorial.py
[2022-01-20 03:41:29,266] {processor.py:632} INFO - DAG(s) dict_keys(['tutorial']) retrieved from /home/airflow/.local/lib/python3.7/site-packages/airflow/example_dags/tutorial.py
[2022-01-20 03:41:29,303] {logging_mixin.py:109} INFO - [2022-01-20 03:41:29,302] {dag.py:2389} INFO - Sync 1 DAGs
[2022-01-20 03:41:29,347] {logging_mixin.py:109} INFO - [2022-01-20 03:41:29,346] {dag.py:2914} INFO - Setting next_dagrun for tutorial to 2022-01-19T03:41:29.345159+00:00
[2022-01-20 03:41:29,372] {processor.py:171} INFO - Processing /home/airflow/.local/lib/python3.7/site-packages/airflow/example_dags/tutorial.py took 0.184 seconds
[2022-01-20 03:42:00,306] {processor.py:163} INFO - Started process (PID=4673) to work on /home/airflow/.local/lib/python3.7/site-packages/airflow/example_dags/tutorial.py
[2022-01-20 03:42:00,313] {processor.py:620} INFO - Processing file /home/airflow/.local/lib/python3.7/site-packages/airflow/example_dags/tutorial.py for tasks to queue
[2022-01-20 03:42:00,316] {logging_mixin.py:109} INFO - [2022-01-20 03:42:00,316] {dagbag.py:500} INFO - Filling up the DagBag from /home/airflow/.local/lib/python3.7/site-packages/airflow/example_dags/tutorial.py
[2022-01-20 03:42:00,414] {processor.py:632} INFO - DAG(s) dict_keys(['tutorial']) retrieved from /home/airflow/.local/lib/python3.7/site-packages/airflow/example_dags/tutorial.py
[2022-01-20 03:42:00,455] {logging_mixin.py:109} INFO - [2022-01-20 03:42:00,455] {dag.py:2389} INFO - Sync 1 DAGs
[2022-01-20 03:42:00,515] {logging_mixin.py:109} INFO - [2022-01-20 03:42:00,514] {dag.py:2914} INFO - Setting next_dagrun for tutorial to 2022-01-19T03:42:00.512946+00:00
[2022-01-20 03:42:00,543] {processor.py:171} INFO - Processing /home/airflow/.local/lib/python3.7/site-packages/airflow/example_dags/tutorial.py took 0.246 seconds
[2022-01-20 03:42:30,972] {processor.py:163} INFO - Started process (PID=4782) to work on /home/airflow/.local/lib/python3.7/site-packages/airflow/example_dags/tutorial.py
[2022-01-20 03:42:30,979] {processor.py:620} INFO - Processing file /home/airflow/.local/lib/python3.7/site-packages/airflow/example_dags/tutorial.py for tasks to queue
[2022-01-20 03:42:30,982] {logging_mixin.py:109} INFO - [2022-01-20 03:42:30,982] {dagbag.py:500} INFO - Filling up the DagBag from /home/airflow/.local/lib/python3.7/site-packages/airflow/example_dags/tutorial.py
[2022-01-20 03:42:31,061] {processor.py:632} INFO - DAG(s) dict_keys(['tutorial']) retrieved from /home/airflow/.local/lib/python3.7/site-packages/airflow/example_dags/tutorial.py
[2022-01-20 03:42:31,101] {logging_mixin.py:109} INFO - [2022-01-20 03:42:31,100] {dag.py:2389} INFO - Sync 1 DAGs
[2022-01-20 03:42:31,157] {logging_mixin.py:109} INFO - [2022-01-20 03:42:31,156] {dag.py:2914} INFO - Setting next_dagrun for tutorial to 2022-01-19T03:42:31.154366+00:00
[2022-01-20 03:42:31,187] {processor.py:171} INFO - Processing /home/airflow/.local/lib/python3.7/site-packages/airflow/example_dags/tutorial.py took 0.222 seconds
[2022-01-20 03:43:02,350] {processor.py:163} INFO - Started process (PID=4885) to work on /home/airflow/.local/lib/python3.7/site-packages/airflow/example_dags/tutorial.py
[2022-01-20 03:43:02,356] {processor.py:620} INFO - Processing file /home/airflow/.local/lib/python3.7/site-packages/airflow/example_dags/tutorial.py for tasks to queue
[2022-01-20 03:43:02,362] {logging_mixin.py:109} INFO - [2022-01-20 03:43:02,361] {dagbag.py:500} INFO - Filling up the DagBag from /home/airflow/.local/lib/python3.7/site-packages/airflow/example_dags/tutorial.py
[2022-01-20 03:43:02,443] {processor.py:632} INFO - DAG(s) dict_keys(['tutorial']) retrieved from /home/airflow/.local/lib/python3.7/site-packages/airflow/example_dags/tutorial.py
[2022-01-20 03:43:02,487] {logging_mixin.py:109} INFO - [2022-01-20 03:43:02,487] {dag.py:2389} INFO - Sync 1 DAGs
[2022-01-20 03:43:02,550] {logging_mixin.py:109} INFO - [2022-01-20 03:43:02,550] {dag.py:2914} INFO - Setting next_dagrun for tutorial to 2022-01-19T03:43:02.548324+00:00
[2022-01-20 03:43:02,582] {processor.py:171} INFO - Processing /home/airflow/.local/lib/python3.7/site-packages/airflow/example_dags/tutorial.py took 0.240 seconds
[2022-01-20 03:43:33,518] {processor.py:163} INFO - Started process (PID=5004) to work on /home/airflow/.local/lib/python3.7/site-packages/airflow/example_dags/tutorial.py
[2022-01-20 03:43:33,526] {processor.py:620} INFO - Processing file /home/airflow/.local/lib/python3.7/site-packages/airflow/example_dags/tutorial.py for tasks to queue
[2022-01-20 03:43:33,532] {logging_mixin.py:109} INFO - [2022-01-20 03:43:33,531] {dagbag.py:500} INFO - Filling up the DagBag from /home/airflow/.local/lib/python3.7/site-packages/airflow/example_dags/tutorial.py
[2022-01-20 03:43:33,635] {processor.py:632} INFO - DAG(s) dict_keys(['tutorial']) retrieved from /home/airflow/.local/lib/python3.7/site-packages/airflow/example_dags/tutorial.py
[2022-01-20 03:43:33,683] {logging_mixin.py:109} INFO - [2022-01-20 03:43:33,682] {dag.py:2389} INFO - Sync 1 DAGs
[2022-01-20 03:43:33,783] {logging_mixin.py:109} INFO - [2022-01-20 03:43:33,782] {dag.py:2914} INFO - Setting next_dagrun for tutorial to 2022-01-19T03:43:33.780731+00:00
[2022-01-20 03:43:33,815] {processor.py:171} INFO - Processing /home/airflow/.local/lib/python3.7/site-packages/airflow/example_dags/tutorial.py took 0.309 seconds
[2022-01-20 03:44:04,653] {processor.py:163} INFO - Started process (PID=5097) to work on /home/airflow/.local/lib/python3.7/site-packages/airflow/example_dags/tutorial.py
[2022-01-20 03:44:04,657] {processor.py:620} INFO - Processing file /home/airflow/.local/lib/python3.7/site-packages/airflow/example_dags/tutorial.py for tasks to queue
[2022-01-20 03:44:04,661] {logging_mixin.py:109} INFO - [2022-01-20 03:44:04,661] {dagbag.py:500} INFO - Filling up the DagBag from /home/airflow/.local/lib/python3.7/site-packages/airflow/example_dags/tutorial.py
[2022-01-20 03:44:04,739] {processor.py:632} INFO - DAG(s) dict_keys(['tutorial']) retrieved from /home/airflow/.local/lib/python3.7/site-packages/airflow/example_dags/tutorial.py
[2022-01-20 03:44:04,781] {logging_mixin.py:109} INFO - [2022-01-20 03:44:04,780] {dag.py:2389} INFO - Sync 1 DAGs
[2022-01-20 03:44:04,833] {logging_mixin.py:109} INFO - [2022-01-20 03:44:04,833] {dag.py:2914} INFO - Setting next_dagrun for tutorial to 2022-01-19T03:44:04.831630+00:00
[2022-01-20 03:44:04,864] {processor.py:171} INFO - Processing /home/airflow/.local/lib/python3.7/site-packages/airflow/example_dags/tutorial.py took 0.220 seconds
[2022-01-20 03:44:37,074] {processor.py:163} INFO - Started process (PID=5209) to work on /home/airflow/.local/lib/python3.7/site-packages/airflow/example_dags/tutorial.py
[2022-01-20 03:44:37,089] {processor.py:620} INFO - Processing file /home/airflow/.local/lib/python3.7/site-packages/airflow/example_dags/tutorial.py for tasks to queue
[2022-01-20 03:44:37,096] {logging_mixin.py:109} INFO - [2022-01-20 03:44:37,096] {dagbag.py:500} INFO - Filling up the DagBag from /home/airflow/.local/lib/python3.7/site-packages/airflow/example_dags/tutorial.py
[2022-01-20 03:44:37,207] {processor.py:632} INFO - DAG(s) dict_keys(['tutorial']) retrieved from /home/airflow/.local/lib/python3.7/site-packages/airflow/example_dags/tutorial.py
[2022-01-20 03:44:37,291] {logging_mixin.py:109} INFO - [2022-01-20 03:44:37,291] {dag.py:2389} INFO - Sync 1 DAGs
[2022-01-20 03:44:37,363] {logging_mixin.py:109} INFO - [2022-01-20 03:44:37,362] {dag.py:2914} INFO - Setting next_dagrun for tutorial to 2022-01-19T03:44:37.361077+00:00
[2022-01-20 03:44:37,391] {processor.py:171} INFO - Processing /home/airflow/.local/lib/python3.7/site-packages/airflow/example_dags/tutorial.py took 0.325 seconds
[2022-01-20 03:45:08,385] {processor.py:163} INFO - Started process (PID=5306) to work on /home/airflow/.local/lib/python3.7/site-packages/airflow/example_dags/tutorial.py
[2022-01-20 03:45:08,389] {processor.py:620} INFO - Processing file /home/airflow/.local/lib/python3.7/site-packages/airflow/example_dags/tutorial.py for tasks to queue
[2022-01-20 03:45:08,392] {logging_mixin.py:109} INFO - [2022-01-20 03:45:08,392] {dagbag.py:500} INFO - Filling up the DagBag from /home/airflow/.local/lib/python3.7/site-packages/airflow/example_dags/tutorial.py
[2022-01-20 03:45:08,460] {processor.py:632} INFO - DAG(s) dict_keys(['tutorial']) retrieved from /home/airflow/.local/lib/python3.7/site-packages/airflow/example_dags/tutorial.py
[2022-01-20 03:45:08,499] {logging_mixin.py:109} INFO - [2022-01-20 03:45:08,499] {dag.py:2389} INFO - Sync 1 DAGs
[2022-01-20 03:45:08,552] {logging_mixin.py:109} INFO - [2022-01-20 03:45:08,551] {dag.py:2914} INFO - Setting next_dagrun for tutorial to 2022-01-19T03:45:08.549767+00:00
[2022-01-20 03:45:08,578] {processor.py:171} INFO - Processing /home/airflow/.local/lib/python3.7/site-packages/airflow/example_dags/tutorial.py took 0.199 seconds
[2022-01-20 03:45:40,027] {processor.py:163} INFO - Started process (PID=5412) to work on /home/airflow/.local/lib/python3.7/site-packages/airflow/example_dags/tutorial.py
[2022-01-20 03:45:40,036] {processor.py:620} INFO - Processing file /home/airflow/.local/lib/python3.7/site-packages/airflow/example_dags/tutorial.py for tasks to queue
[2022-01-20 03:45:40,040] {logging_mixin.py:109} INFO - [2022-01-20 03:45:40,040] {dagbag.py:500} INFO - Filling up the DagBag from /home/airflow/.local/lib/python3.7/site-packages/airflow/example_dags/tutorial.py
[2022-01-20 03:45:40,165] {processor.py:632} INFO - DAG(s) dict_keys(['tutorial']) retrieved from /home/airflow/.local/lib/python3.7/site-packages/airflow/example_dags/tutorial.py
[2022-01-20 03:45:40,208] {logging_mixin.py:109} INFO - [2022-01-20 03:45:40,207] {dag.py:2389} INFO - Sync 1 DAGs
[2022-01-20 03:45:40,296] {logging_mixin.py:109} INFO - [2022-01-20 03:45:40,295] {dag.py:2914} INFO - Setting next_dagrun for tutorial to 2022-01-19T03:45:40.293501+00:00
[2022-01-20 03:45:40,324] {processor.py:171} INFO - Processing /home/airflow/.local/lib/python3.7/site-packages/airflow/example_dags/tutorial.py took 0.304 seconds
[2022-01-20 03:46:10,627] {processor.py:163} INFO - Started process (PID=5502) to work on /home/airflow/.local/lib/python3.7/site-packages/airflow/example_dags/tutorial.py
[2022-01-20 03:46:10,630] {processor.py:620} INFO - Processing file /home/airflow/.local/lib/python3.7/site-packages/airflow/example_dags/tutorial.py for tasks to queue
[2022-01-20 03:46:10,633] {logging_mixin.py:109} INFO - [2022-01-20 03:46:10,632] {dagbag.py:500} INFO - Filling up the DagBag from /home/airflow/.local/lib/python3.7/site-packages/airflow/example_dags/tutorial.py
[2022-01-20 03:46:10,701] {processor.py:632} INFO - DAG(s) dict_keys(['tutorial']) retrieved from /home/airflow/.local/lib/python3.7/site-packages/airflow/example_dags/tutorial.py
[2022-01-20 03:46:10,738] {logging_mixin.py:109} INFO - [2022-01-20 03:46:10,738] {dag.py:2389} INFO - Sync 1 DAGs
[2022-01-20 03:46:10,838] {logging_mixin.py:109} INFO - [2022-01-20 03:46:10,838] {dag.py:2914} INFO - Setting next_dagrun for tutorial to 2022-01-19T03:46:10.836271+00:00
[2022-01-20 03:46:10,897] {processor.py:171} INFO - Processing /home/airflow/.local/lib/python3.7/site-packages/airflow/example_dags/tutorial.py took 0.276 seconds
[2022-01-20 03:46:41,279] {processor.py:163} INFO - Started process (PID=5614) to work on /home/airflow/.local/lib/python3.7/site-packages/airflow/example_dags/tutorial.py
[2022-01-20 03:46:41,284] {processor.py:620} INFO - Processing file /home/airflow/.local/lib/python3.7/site-packages/airflow/example_dags/tutorial.py for tasks to queue
[2022-01-20 03:46:41,287] {logging_mixin.py:109} INFO - [2022-01-20 03:46:41,286] {dagbag.py:500} INFO - Filling up the DagBag from /home/airflow/.local/lib/python3.7/site-packages/airflow/example_dags/tutorial.py
[2022-01-20 03:46:41,367] {processor.py:632} INFO - DAG(s) dict_keys(['tutorial']) retrieved from /home/airflow/.local/lib/python3.7/site-packages/airflow/example_dags/tutorial.py
[2022-01-20 03:46:41,414] {logging_mixin.py:109} INFO - [2022-01-20 03:46:41,413] {dag.py:2389} INFO - Sync 1 DAGs
[2022-01-20 03:46:41,473] {logging_mixin.py:109} INFO - [2022-01-20 03:46:41,472] {dag.py:2914} INFO - Setting next_dagrun for tutorial to 2022-01-19T03:46:41.470870+00:00
[2022-01-20 03:46:41,506] {processor.py:171} INFO - Processing /home/airflow/.local/lib/python3.7/site-packages/airflow/example_dags/tutorial.py took 0.239 seconds
[2022-01-20 03:47:11,819] {processor.py:163} INFO - Started process (PID=5724) to work on /home/airflow/.local/lib/python3.7/site-packages/airflow/example_dags/tutorial.py
[2022-01-20 03:47:11,824] {processor.py:620} INFO - Processing file /home/airflow/.local/lib/python3.7/site-packages/airflow/example_dags/tutorial.py for tasks to queue
[2022-01-20 03:47:11,827] {logging_mixin.py:109} INFO - [2022-01-20 03:47:11,826] {dagbag.py:500} INFO - Filling up the DagBag from /home/airflow/.local/lib/python3.7/site-packages/airflow/example_dags/tutorial.py
[2022-01-20 03:47:11,906] {processor.py:632} INFO - DAG(s) dict_keys(['tutorial']) retrieved from /home/airflow/.local/lib/python3.7/site-packages/airflow/example_dags/tutorial.py
[2022-01-20 03:47:11,952] {logging_mixin.py:109} INFO - [2022-01-20 03:47:11,952] {dag.py:2389} INFO - Sync 1 DAGs
[2022-01-20 03:47:12,009] {logging_mixin.py:109} INFO - [2022-01-20 03:47:12,008] {dag.py:2914} INFO - Setting next_dagrun for tutorial to 2022-01-19T03:47:12.006685+00:00
[2022-01-20 03:47:12,041] {processor.py:171} INFO - Processing /home/airflow/.local/lib/python3.7/site-packages/airflow/example_dags/tutorial.py took 0.230 seconds
[2022-01-20 03:47:42,157] {processor.py:163} INFO - Started process (PID=5826) to work on /home/airflow/.local/lib/python3.7/site-packages/airflow/example_dags/tutorial.py
[2022-01-20 03:47:42,161] {processor.py:620} INFO - Processing file /home/airflow/.local/lib/python3.7/site-packages/airflow/example_dags/tutorial.py for tasks to queue
[2022-01-20 03:47:42,164] {logging_mixin.py:109} INFO - [2022-01-20 03:47:42,164] {dagbag.py:500} INFO - Filling up the DagBag from /home/airflow/.local/lib/python3.7/site-packages/airflow/example_dags/tutorial.py
[2022-01-20 03:47:42,243] {processor.py:632} INFO - DAG(s) dict_keys(['tutorial']) retrieved from /home/airflow/.local/lib/python3.7/site-packages/airflow/example_dags/tutorial.py
[2022-01-20 03:47:42,283] {logging_mixin.py:109} INFO - [2022-01-20 03:47:42,283] {dag.py:2389} INFO - Sync 1 DAGs
[2022-01-20 03:47:42,336] {logging_mixin.py:109} INFO - [2022-01-20 03:47:42,336] {dag.py:2914} INFO - Setting next_dagrun for tutorial to 2022-01-19T03:47:42.334208+00:00
[2022-01-20 03:47:42,365] {processor.py:171} INFO - Processing /home/airflow/.local/lib/python3.7/site-packages/airflow/example_dags/tutorial.py took 0.217 seconds
[2022-01-20 03:48:12,436] {processor.py:163} INFO - Started process (PID=5932) to work on /home/airflow/.local/lib/python3.7/site-packages/airflow/example_dags/tutorial.py
[2022-01-20 03:48:12,440] {processor.py:620} INFO - Processing file /home/airflow/.local/lib/python3.7/site-packages/airflow/example_dags/tutorial.py for tasks to queue
[2022-01-20 03:48:12,443] {logging_mixin.py:109} INFO - [2022-01-20 03:48:12,443] {dagbag.py:500} INFO - Filling up the DagBag from /home/airflow/.local/lib/python3.7/site-packages/airflow/example_dags/tutorial.py
[2022-01-20 03:48:12,518] {processor.py:632} INFO - DAG(s) dict_keys(['tutorial']) retrieved from /home/airflow/.local/lib/python3.7/site-packages/airflow/example_dags/tutorial.py
[2022-01-20 03:48:12,560] {logging_mixin.py:109} INFO - [2022-01-20 03:48:12,559] {dag.py:2389} INFO - Sync 1 DAGs
[2022-01-20 03:48:12,616] {logging_mixin.py:109} INFO - [2022-01-20 03:48:12,616] {dag.py:2914} INFO - Setting next_dagrun for tutorial to 2022-01-19T03:48:12.614444+00:00
[2022-01-20 03:48:12,644] {processor.py:171} INFO - Processing /home/airflow/.local/lib/python3.7/site-packages/airflow/example_dags/tutorial.py took 0.216 seconds
[2022-01-20 03:48:43,257] {processor.py:163} INFO - Started process (PID=6035) to work on /home/airflow/.local/lib/python3.7/site-packages/airflow/example_dags/tutorial.py
[2022-01-20 03:48:43,261] {processor.py:620} INFO - Processing file /home/airflow/.local/lib/python3.7/site-packages/airflow/example_dags/tutorial.py for tasks to queue
[2022-01-20 03:48:43,265] {logging_mixin.py:109} INFO - [2022-01-20 03:48:43,265] {dagbag.py:500} INFO - Filling up the DagBag from /home/airflow/.local/lib/python3.7/site-packages/airflow/example_dags/tutorial.py
[2022-01-20 03:48:43,334] {processor.py:632} INFO - DAG(s) dict_keys(['tutorial']) retrieved from /home/airflow/.local/lib/python3.7/site-packages/airflow/example_dags/tutorial.py
[2022-01-20 03:48:43,371] {logging_mixin.py:109} INFO - [2022-01-20 03:48:43,371] {dag.py:2389} INFO - Sync 1 DAGs
[2022-01-20 03:48:43,423] {logging_mixin.py:109} INFO - [2022-01-20 03:48:43,422] {dag.py:2914} INFO - Setting next_dagrun for tutorial to 2022-01-19T03:48:43.421125+00:00
[2022-01-20 03:48:43,450] {processor.py:171} INFO - Processing /home/airflow/.local/lib/python3.7/site-packages/airflow/example_dags/tutorial.py took 0.200 seconds
[2022-01-20 03:49:13,785] {processor.py:163} INFO - Started process (PID=6149) to work on /home/airflow/.local/lib/python3.7/site-packages/airflow/example_dags/tutorial.py
[2022-01-20 03:49:13,796] {processor.py:620} INFO - Processing file /home/airflow/.local/lib/python3.7/site-packages/airflow/example_dags/tutorial.py for tasks to queue
[2022-01-20 03:49:13,799] {logging_mixin.py:109} INFO - [2022-01-20 03:49:13,799] {dagbag.py:500} INFO - Filling up the DagBag from /home/airflow/.local/lib/python3.7/site-packages/airflow/example_dags/tutorial.py
[2022-01-20 03:49:13,891] {processor.py:632} INFO - DAG(s) dict_keys(['tutorial']) retrieved from /home/airflow/.local/lib/python3.7/site-packages/airflow/example_dags/tutorial.py
[2022-01-20 03:49:13,934] {logging_mixin.py:109} INFO - [2022-01-20 03:49:13,933] {dag.py:2389} INFO - Sync 1 DAGs
[2022-01-20 03:49:13,991] {logging_mixin.py:109} INFO - [2022-01-20 03:49:13,990] {dag.py:2914} INFO - Setting next_dagrun for tutorial to 2022-01-19T03:49:13.989081+00:00
[2022-01-20 03:49:14,021] {processor.py:171} INFO - Processing /home/airflow/.local/lib/python3.7/site-packages/airflow/example_dags/tutorial.py took 0.244 seconds
[2022-01-20 03:49:44,306] {processor.py:163} INFO - Started process (PID=6246) to work on /home/airflow/.local/lib/python3.7/site-packages/airflow/example_dags/tutorial.py
[2022-01-20 03:49:44,310] {processor.py:620} INFO - Processing file /home/airflow/.local/lib/python3.7/site-packages/airflow/example_dags/tutorial.py for tasks to queue
[2022-01-20 03:49:44,313] {logging_mixin.py:109} INFO - [2022-01-20 03:49:44,313] {dagbag.py:500} INFO - Filling up the DagBag from /home/airflow/.local/lib/python3.7/site-packages/airflow/example_dags/tutorial.py
[2022-01-20 03:49:44,395] {processor.py:632} INFO - DAG(s) dict_keys(['tutorial']) retrieved from /home/airflow/.local/lib/python3.7/site-packages/airflow/example_dags/tutorial.py
[2022-01-20 03:49:44,435] {logging_mixin.py:109} INFO - [2022-01-20 03:49:44,435] {dag.py:2389} INFO - Sync 1 DAGs
[2022-01-20 03:49:44,489] {logging_mixin.py:109} INFO - [2022-01-20 03:49:44,489] {dag.py:2914} INFO - Setting next_dagrun for tutorial to 2022-01-19T03:49:44.487698+00:00
[2022-01-20 03:49:44,518] {processor.py:171} INFO - Processing /home/airflow/.local/lib/python3.7/site-packages/airflow/example_dags/tutorial.py took 0.221 seconds
[2022-01-20 03:50:14,610] {processor.py:163} INFO - Started process (PID=6356) to work on /home/airflow/.local/lib/python3.7/site-packages/airflow/example_dags/tutorial.py
[2022-01-20 03:50:14,614] {processor.py:620} INFO - Processing file /home/airflow/.local/lib/python3.7/site-packages/airflow/example_dags/tutorial.py for tasks to queue
[2022-01-20 03:50:14,618] {logging_mixin.py:109} INFO - [2022-01-20 03:50:14,617] {dagbag.py:500} INFO - Filling up the DagBag from /home/airflow/.local/lib/python3.7/site-packages/airflow/example_dags/tutorial.py
[2022-01-20 03:50:14,696] {processor.py:632} INFO - DAG(s) dict_keys(['tutorial']) retrieved from /home/airflow/.local/lib/python3.7/site-packages/airflow/example_dags/tutorial.py
[2022-01-20 03:50:14,741] {logging_mixin.py:109} INFO - [2022-01-20 03:50:14,741] {dag.py:2389} INFO - Sync 1 DAGs
[2022-01-20 03:50:14,802] {logging_mixin.py:109} INFO - [2022-01-20 03:50:14,801] {dag.py:2914} INFO - Setting next_dagrun for tutorial to 2022-01-19T03:50:14.799562+00:00
[2022-01-20 03:50:14,838] {processor.py:171} INFO - Processing /home/airflow/.local/lib/python3.7/site-packages/airflow/example_dags/tutorial.py took 0.236 seconds
[2022-01-20 03:50:45,649] {processor.py:163} INFO - Started process (PID=6452) to work on /home/airflow/.local/lib/python3.7/site-packages/airflow/example_dags/tutorial.py
[2022-01-20 03:50:45,654] {processor.py:620} INFO - Processing file /home/airflow/.local/lib/python3.7/site-packages/airflow/example_dags/tutorial.py for tasks to queue
[2022-01-20 03:50:45,657] {logging_mixin.py:109} INFO - [2022-01-20 03:50:45,657] {dagbag.py:500} INFO - Filling up the DagBag from /home/airflow/.local/lib/python3.7/site-packages/airflow/example_dags/tutorial.py
[2022-01-20 03:50:45,738] {processor.py:632} INFO - DAG(s) dict_keys(['tutorial']) retrieved from /home/airflow/.local/lib/python3.7/site-packages/airflow/example_dags/tutorial.py
[2022-01-20 03:50:45,786] {logging_mixin.py:109} INFO - [2022-01-20 03:50:45,785] {dag.py:2389} INFO - Sync 1 DAGs
[2022-01-20 03:50:45,844] {logging_mixin.py:109} INFO - [2022-01-20 03:50:45,844] {dag.py:2914} INFO - Setting next_dagrun for tutorial to 2022-01-19T03:50:45.842435+00:00
[2022-01-20 03:50:45,879] {processor.py:171} INFO - Processing /home/airflow/.local/lib/python3.7/site-packages/airflow/example_dags/tutorial.py took 0.237 seconds
[2022-01-20 03:51:16,137] {processor.py:163} INFO - Started process (PID=6570) to work on /home/airflow/.local/lib/python3.7/site-packages/airflow/example_dags/tutorial.py
[2022-01-20 03:51:16,140] {processor.py:620} INFO - Processing file /home/airflow/.local/lib/python3.7/site-packages/airflow/example_dags/tutorial.py for tasks to queue
[2022-01-20 03:51:16,143] {logging_mixin.py:109} INFO - [2022-01-20 03:51:16,143] {dagbag.py:500} INFO - Filling up the DagBag from /home/airflow/.local/lib/python3.7/site-packages/airflow/example_dags/tutorial.py
[2022-01-20 03:51:16,215] {processor.py:632} INFO - DAG(s) dict_keys(['tutorial']) retrieved from /home/airflow/.local/lib/python3.7/site-packages/airflow/example_dags/tutorial.py
[2022-01-20 03:51:16,254] {logging_mixin.py:109} INFO - [2022-01-20 03:51:16,253] {dag.py:2389} INFO - Sync 1 DAGs
[2022-01-20 03:51:16,305] {logging_mixin.py:109} INFO - [2022-01-20 03:51:16,304] {dag.py:2914} INFO - Setting next_dagrun for tutorial to 2022-01-19T03:51:16.303144+00:00
[2022-01-20 03:51:16,334] {processor.py:171} INFO - Processing /home/airflow/.local/lib/python3.7/site-packages/airflow/example_dags/tutorial.py took 0.205 seconds
