[2022-01-20 03:20:16,463] {processor.py:163} INFO - Started process (PID=249) to work on /home/airflow/.local/lib/python3.7/site-packages/airflow/example_dags/tutorial_taskflow_api_etl.py
[2022-01-20 03:20:16,483] {processor.py:620} INFO - Processing file /home/airflow/.local/lib/python3.7/site-packages/airflow/example_dags/tutorial_taskflow_api_etl.py for tasks to queue
[2022-01-20 03:20:16,497] {logging_mixin.py:109} INFO - [2022-01-20 03:20:16,496] {dagbag.py:500} INFO - Filling up the DagBag from /home/airflow/.local/lib/python3.7/site-packages/airflow/example_dags/tutorial_taskflow_api_etl.py
[2022-01-20 03:20:17,000] {processor.py:632} INFO - DAG(s) dict_keys(['tutorial_taskflow_api_etl']) retrieved from /home/airflow/.local/lib/python3.7/site-packages/airflow/example_dags/tutorial_taskflow_api_etl.py
[2022-01-20 03:20:21,709] {logging_mixin.py:109} INFO - [2022-01-20 03:20:21,708] {dag.py:2389} INFO - Sync 1 DAGs
[2022-01-20 03:20:21,945] {logging_mixin.py:109} INFO - [2022-01-20 03:20:21,944] {dag.py:2914} INFO - Setting next_dagrun for tutorial_taskflow_api_etl to None
[2022-01-20 03:20:22,061] {processor.py:171} INFO - Processing /home/airflow/.local/lib/python3.7/site-packages/airflow/example_dags/tutorial_taskflow_api_etl.py took 5.628 seconds
[2022-01-20 03:20:52,669] {processor.py:163} INFO - Started process (PID=363) to work on /home/airflow/.local/lib/python3.7/site-packages/airflow/example_dags/tutorial_taskflow_api_etl.py
[2022-01-20 03:20:52,679] {processor.py:620} INFO - Processing file /home/airflow/.local/lib/python3.7/site-packages/airflow/example_dags/tutorial_taskflow_api_etl.py for tasks to queue
[2022-01-20 03:20:52,688] {logging_mixin.py:109} INFO - [2022-01-20 03:20:52,687] {dagbag.py:500} INFO - Filling up the DagBag from /home/airflow/.local/lib/python3.7/site-packages/airflow/example_dags/tutorial_taskflow_api_etl.py
[2022-01-20 03:20:52,912] {processor.py:632} INFO - DAG(s) dict_keys(['tutorial_taskflow_api_etl']) retrieved from /home/airflow/.local/lib/python3.7/site-packages/airflow/example_dags/tutorial_taskflow_api_etl.py
[2022-01-20 03:20:56,149] {logging_mixin.py:109} INFO - [2022-01-20 03:20:56,148] {dag.py:2389} INFO - Sync 1 DAGs
[2022-01-20 03:20:56,299] {logging_mixin.py:109} INFO - [2022-01-20 03:20:56,299] {dag.py:2914} INFO - Setting next_dagrun for tutorial_taskflow_api_etl to None
[2022-01-20 03:20:56,408] {processor.py:171} INFO - Processing /home/airflow/.local/lib/python3.7/site-packages/airflow/example_dags/tutorial_taskflow_api_etl.py took 3.754 seconds
[2022-01-20 03:21:26,721] {processor.py:163} INFO - Started process (PID=477) to work on /home/airflow/.local/lib/python3.7/site-packages/airflow/example_dags/tutorial_taskflow_api_etl.py
[2022-01-20 03:21:26,726] {processor.py:620} INFO - Processing file /home/airflow/.local/lib/python3.7/site-packages/airflow/example_dags/tutorial_taskflow_api_etl.py for tasks to queue
[2022-01-20 03:21:26,730] {logging_mixin.py:109} INFO - [2022-01-20 03:21:26,729] {dagbag.py:500} INFO - Filling up the DagBag from /home/airflow/.local/lib/python3.7/site-packages/airflow/example_dags/tutorial_taskflow_api_etl.py
[2022-01-20 03:21:26,831] {processor.py:632} INFO - DAG(s) dict_keys(['tutorial_taskflow_api_etl']) retrieved from /home/airflow/.local/lib/python3.7/site-packages/airflow/example_dags/tutorial_taskflow_api_etl.py
[2022-01-20 03:21:28,056] {logging_mixin.py:109} INFO - [2022-01-20 03:21:28,056] {dag.py:2389} INFO - Sync 1 DAGs
[2022-01-20 03:21:28,118] {logging_mixin.py:109} INFO - [2022-01-20 03:21:28,117] {dag.py:2914} INFO - Setting next_dagrun for tutorial_taskflow_api_etl to None
[2022-01-20 03:21:28,166] {processor.py:171} INFO - Processing /home/airflow/.local/lib/python3.7/site-packages/airflow/example_dags/tutorial_taskflow_api_etl.py took 1.455 seconds
[2022-01-20 03:21:58,479] {processor.py:163} INFO - Started process (PID=595) to work on /home/airflow/.local/lib/python3.7/site-packages/airflow/example_dags/tutorial_taskflow_api_etl.py
[2022-01-20 03:21:58,483] {processor.py:620} INFO - Processing file /home/airflow/.local/lib/python3.7/site-packages/airflow/example_dags/tutorial_taskflow_api_etl.py for tasks to queue
[2022-01-20 03:21:58,487] {logging_mixin.py:109} INFO - [2022-01-20 03:21:58,487] {dagbag.py:500} INFO - Filling up the DagBag from /home/airflow/.local/lib/python3.7/site-packages/airflow/example_dags/tutorial_taskflow_api_etl.py
[2022-01-20 03:21:58,574] {processor.py:632} INFO - DAG(s) dict_keys(['tutorial_taskflow_api_etl']) retrieved from /home/airflow/.local/lib/python3.7/site-packages/airflow/example_dags/tutorial_taskflow_api_etl.py
[2022-01-20 03:21:59,772] {logging_mixin.py:109} INFO - [2022-01-20 03:21:59,772] {dag.py:2389} INFO - Sync 1 DAGs
[2022-01-20 03:21:59,854] {logging_mixin.py:109} INFO - [2022-01-20 03:21:59,854] {dag.py:2914} INFO - Setting next_dagrun for tutorial_taskflow_api_etl to None
[2022-01-20 03:21:59,964] {processor.py:171} INFO - Processing /home/airflow/.local/lib/python3.7/site-packages/airflow/example_dags/tutorial_taskflow_api_etl.py took 1.496 seconds
[2022-01-20 03:22:30,083] {processor.py:163} INFO - Started process (PID=697) to work on /home/airflow/.local/lib/python3.7/site-packages/airflow/example_dags/tutorial_taskflow_api_etl.py
[2022-01-20 03:22:30,087] {processor.py:620} INFO - Processing file /home/airflow/.local/lib/python3.7/site-packages/airflow/example_dags/tutorial_taskflow_api_etl.py for tasks to queue
[2022-01-20 03:22:30,090] {logging_mixin.py:109} INFO - [2022-01-20 03:22:30,090] {dagbag.py:500} INFO - Filling up the DagBag from /home/airflow/.local/lib/python3.7/site-packages/airflow/example_dags/tutorial_taskflow_api_etl.py
[2022-01-20 03:22:30,169] {processor.py:632} INFO - DAG(s) dict_keys(['tutorial_taskflow_api_etl']) retrieved from /home/airflow/.local/lib/python3.7/site-packages/airflow/example_dags/tutorial_taskflow_api_etl.py
[2022-01-20 03:22:31,426] {logging_mixin.py:109} INFO - [2022-01-20 03:22:31,425] {dag.py:2389} INFO - Sync 1 DAGs
[2022-01-20 03:22:31,476] {logging_mixin.py:109} INFO - [2022-01-20 03:22:31,475] {dag.py:2914} INFO - Setting next_dagrun for tutorial_taskflow_api_etl to None
[2022-01-20 03:22:31,512] {processor.py:171} INFO - Processing /home/airflow/.local/lib/python3.7/site-packages/airflow/example_dags/tutorial_taskflow_api_etl.py took 1.435 seconds
[2022-01-20 03:23:03,050] {processor.py:163} INFO - Started process (PID=811) to work on /home/airflow/.local/lib/python3.7/site-packages/airflow/example_dags/tutorial_taskflow_api_etl.py
[2022-01-20 03:23:03,055] {processor.py:620} INFO - Processing file /home/airflow/.local/lib/python3.7/site-packages/airflow/example_dags/tutorial_taskflow_api_etl.py for tasks to queue
[2022-01-20 03:23:03,059] {logging_mixin.py:109} INFO - [2022-01-20 03:23:03,058] {dagbag.py:500} INFO - Filling up the DagBag from /home/airflow/.local/lib/python3.7/site-packages/airflow/example_dags/tutorial_taskflow_api_etl.py
[2022-01-20 03:23:03,154] {processor.py:632} INFO - DAG(s) dict_keys(['tutorial_taskflow_api_etl']) retrieved from /home/airflow/.local/lib/python3.7/site-packages/airflow/example_dags/tutorial_taskflow_api_etl.py
[2022-01-20 03:23:04,326] {logging_mixin.py:109} INFO - [2022-01-20 03:23:04,326] {dag.py:2389} INFO - Sync 1 DAGs
[2022-01-20 03:23:04,375] {logging_mixin.py:109} INFO - [2022-01-20 03:23:04,375] {dag.py:2914} INFO - Setting next_dagrun for tutorial_taskflow_api_etl to None
[2022-01-20 03:23:04,415] {processor.py:171} INFO - Processing /home/airflow/.local/lib/python3.7/site-packages/airflow/example_dags/tutorial_taskflow_api_etl.py took 1.373 seconds
[2022-01-20 03:23:36,232] {processor.py:163} INFO - Started process (PID=928) to work on /home/airflow/.local/lib/python3.7/site-packages/airflow/example_dags/tutorial_taskflow_api_etl.py
[2022-01-20 03:23:36,247] {processor.py:620} INFO - Processing file /home/airflow/.local/lib/python3.7/site-packages/airflow/example_dags/tutorial_taskflow_api_etl.py for tasks to queue
[2022-01-20 03:23:36,251] {logging_mixin.py:109} INFO - [2022-01-20 03:23:36,250] {dagbag.py:500} INFO - Filling up the DagBag from /home/airflow/.local/lib/python3.7/site-packages/airflow/example_dags/tutorial_taskflow_api_etl.py
[2022-01-20 03:23:36,364] {processor.py:632} INFO - DAG(s) dict_keys(['tutorial_taskflow_api_etl']) retrieved from /home/airflow/.local/lib/python3.7/site-packages/airflow/example_dags/tutorial_taskflow_api_etl.py
[2022-01-20 03:23:37,689] {logging_mixin.py:109} INFO - [2022-01-20 03:23:37,688] {dag.py:2389} INFO - Sync 1 DAGs
[2022-01-20 03:23:37,778] {logging_mixin.py:109} INFO - [2022-01-20 03:23:37,778] {dag.py:2914} INFO - Setting next_dagrun for tutorial_taskflow_api_etl to None
[2022-01-20 03:23:37,861] {processor.py:171} INFO - Processing /home/airflow/.local/lib/python3.7/site-packages/airflow/example_dags/tutorial_taskflow_api_etl.py took 1.637 seconds
[2022-01-20 03:24:08,444] {processor.py:163} INFO - Started process (PID=1024) to work on /home/airflow/.local/lib/python3.7/site-packages/airflow/example_dags/tutorial_taskflow_api_etl.py
[2022-01-20 03:24:08,448] {processor.py:620} INFO - Processing file /home/airflow/.local/lib/python3.7/site-packages/airflow/example_dags/tutorial_taskflow_api_etl.py for tasks to queue
[2022-01-20 03:24:08,451] {logging_mixin.py:109} INFO - [2022-01-20 03:24:08,450] {dagbag.py:500} INFO - Filling up the DagBag from /home/airflow/.local/lib/python3.7/site-packages/airflow/example_dags/tutorial_taskflow_api_etl.py
[2022-01-20 03:24:08,525] {processor.py:632} INFO - DAG(s) dict_keys(['tutorial_taskflow_api_etl']) retrieved from /home/airflow/.local/lib/python3.7/site-packages/airflow/example_dags/tutorial_taskflow_api_etl.py
[2022-01-20 03:24:09,465] {logging_mixin.py:109} INFO - [2022-01-20 03:24:09,464] {dag.py:2389} INFO - Sync 1 DAGs
[2022-01-20 03:24:09,509] {logging_mixin.py:109} INFO - [2022-01-20 03:24:09,509] {dag.py:2914} INFO - Setting next_dagrun for tutorial_taskflow_api_etl to None
[2022-01-20 03:24:09,536] {processor.py:171} INFO - Processing /home/airflow/.local/lib/python3.7/site-packages/airflow/example_dags/tutorial_taskflow_api_etl.py took 1.098 seconds
[2022-01-20 03:24:41,095] {processor.py:163} INFO - Started process (PID=1140) to work on /home/airflow/.local/lib/python3.7/site-packages/airflow/example_dags/tutorial_taskflow_api_etl.py
[2022-01-20 03:24:41,099] {processor.py:620} INFO - Processing file /home/airflow/.local/lib/python3.7/site-packages/airflow/example_dags/tutorial_taskflow_api_etl.py for tasks to queue
[2022-01-20 03:24:41,102] {logging_mixin.py:109} INFO - [2022-01-20 03:24:41,102] {dagbag.py:500} INFO - Filling up the DagBag from /home/airflow/.local/lib/python3.7/site-packages/airflow/example_dags/tutorial_taskflow_api_etl.py
[2022-01-20 03:24:41,197] {processor.py:632} INFO - DAG(s) dict_keys(['tutorial_taskflow_api_etl']) retrieved from /home/airflow/.local/lib/python3.7/site-packages/airflow/example_dags/tutorial_taskflow_api_etl.py
[2022-01-20 03:24:42,312] {logging_mixin.py:109} INFO - [2022-01-20 03:24:42,312] {dag.py:2389} INFO - Sync 1 DAGs
[2022-01-20 03:24:42,363] {logging_mixin.py:109} INFO - [2022-01-20 03:24:42,362] {dag.py:2914} INFO - Setting next_dagrun for tutorial_taskflow_api_etl to None
[2022-01-20 03:24:42,399] {processor.py:171} INFO - Processing /home/airflow/.local/lib/python3.7/site-packages/airflow/example_dags/tutorial_taskflow_api_etl.py took 1.312 seconds
[2022-01-20 03:25:14,935] {processor.py:163} INFO - Started process (PID=1253) to work on /home/airflow/.local/lib/python3.7/site-packages/airflow/example_dags/tutorial_taskflow_api_etl.py
[2022-01-20 03:25:14,940] {processor.py:620} INFO - Processing file /home/airflow/.local/lib/python3.7/site-packages/airflow/example_dags/tutorial_taskflow_api_etl.py for tasks to queue
[2022-01-20 03:25:14,943] {logging_mixin.py:109} INFO - [2022-01-20 03:25:14,943] {dagbag.py:500} INFO - Filling up the DagBag from /home/airflow/.local/lib/python3.7/site-packages/airflow/example_dags/tutorial_taskflow_api_etl.py
[2022-01-20 03:25:15,032] {processor.py:632} INFO - DAG(s) dict_keys(['tutorial_taskflow_api_etl']) retrieved from /home/airflow/.local/lib/python3.7/site-packages/airflow/example_dags/tutorial_taskflow_api_etl.py
[2022-01-20 03:25:16,293] {logging_mixin.py:109} INFO - [2022-01-20 03:25:16,293] {dag.py:2389} INFO - Sync 1 DAGs
[2022-01-20 03:25:16,348] {logging_mixin.py:109} INFO - [2022-01-20 03:25:16,347] {dag.py:2914} INFO - Setting next_dagrun for tutorial_taskflow_api_etl to None
[2022-01-20 03:25:16,382] {processor.py:171} INFO - Processing /home/airflow/.local/lib/python3.7/site-packages/airflow/example_dags/tutorial_taskflow_api_etl.py took 1.454 seconds
[2022-01-20 03:25:48,113] {processor.py:163} INFO - Started process (PID=1352) to work on /home/airflow/.local/lib/python3.7/site-packages/airflow/example_dags/tutorial_taskflow_api_etl.py
[2022-01-20 03:25:48,121] {processor.py:620} INFO - Processing file /home/airflow/.local/lib/python3.7/site-packages/airflow/example_dags/tutorial_taskflow_api_etl.py for tasks to queue
[2022-01-20 03:25:48,124] {logging_mixin.py:109} INFO - [2022-01-20 03:25:48,124] {dagbag.py:500} INFO - Filling up the DagBag from /home/airflow/.local/lib/python3.7/site-packages/airflow/example_dags/tutorial_taskflow_api_etl.py
[2022-01-20 03:25:48,206] {processor.py:632} INFO - DAG(s) dict_keys(['tutorial_taskflow_api_etl']) retrieved from /home/airflow/.local/lib/python3.7/site-packages/airflow/example_dags/tutorial_taskflow_api_etl.py
[2022-01-20 03:25:49,161] {logging_mixin.py:109} INFO - [2022-01-20 03:25:49,160] {dag.py:2389} INFO - Sync 1 DAGs
[2022-01-20 03:25:49,206] {logging_mixin.py:109} INFO - [2022-01-20 03:25:49,206] {dag.py:2914} INFO - Setting next_dagrun for tutorial_taskflow_api_etl to None
[2022-01-20 03:25:49,236] {processor.py:171} INFO - Processing /home/airflow/.local/lib/python3.7/site-packages/airflow/example_dags/tutorial_taskflow_api_etl.py took 1.139 seconds
[2022-01-20 03:26:19,434] {processor.py:163} INFO - Started process (PID=1463) to work on /home/airflow/.local/lib/python3.7/site-packages/airflow/example_dags/tutorial_taskflow_api_etl.py
[2022-01-20 03:26:19,441] {processor.py:620} INFO - Processing file /home/airflow/.local/lib/python3.7/site-packages/airflow/example_dags/tutorial_taskflow_api_etl.py for tasks to queue
[2022-01-20 03:26:19,458] {logging_mixin.py:109} INFO - [2022-01-20 03:26:19,447] {dagbag.py:500} INFO - Filling up the DagBag from /home/airflow/.local/lib/python3.7/site-packages/airflow/example_dags/tutorial_taskflow_api_etl.py
[2022-01-20 03:26:19,566] {processor.py:632} INFO - DAG(s) dict_keys(['tutorial_taskflow_api_etl']) retrieved from /home/airflow/.local/lib/python3.7/site-packages/airflow/example_dags/tutorial_taskflow_api_etl.py
[2022-01-20 03:26:21,001] {logging_mixin.py:109} INFO - [2022-01-20 03:26:21,000] {dag.py:2389} INFO - Sync 1 DAGs
[2022-01-20 03:26:21,055] {logging_mixin.py:109} INFO - [2022-01-20 03:26:21,055] {dag.py:2914} INFO - Setting next_dagrun for tutorial_taskflow_api_etl to None
[2022-01-20 03:26:21,090] {processor.py:171} INFO - Processing /home/airflow/.local/lib/python3.7/site-packages/airflow/example_dags/tutorial_taskflow_api_etl.py took 1.665 seconds
[2022-01-20 03:26:51,884] {processor.py:163} INFO - Started process (PID=1565) to work on /home/airflow/.local/lib/python3.7/site-packages/airflow/example_dags/tutorial_taskflow_api_etl.py
[2022-01-20 03:26:51,888] {processor.py:620} INFO - Processing file /home/airflow/.local/lib/python3.7/site-packages/airflow/example_dags/tutorial_taskflow_api_etl.py for tasks to queue
[2022-01-20 03:26:51,891] {logging_mixin.py:109} INFO - [2022-01-20 03:26:51,890] {dagbag.py:500} INFO - Filling up the DagBag from /home/airflow/.local/lib/python3.7/site-packages/airflow/example_dags/tutorial_taskflow_api_etl.py
[2022-01-20 03:26:51,983] {processor.py:632} INFO - DAG(s) dict_keys(['tutorial_taskflow_api_etl']) retrieved from /home/airflow/.local/lib/python3.7/site-packages/airflow/example_dags/tutorial_taskflow_api_etl.py
[2022-01-20 03:26:53,236] {logging_mixin.py:109} INFO - [2022-01-20 03:26:53,236] {dag.py:2389} INFO - Sync 1 DAGs
[2022-01-20 03:26:53,315] {logging_mixin.py:109} INFO - [2022-01-20 03:26:53,315] {dag.py:2914} INFO - Setting next_dagrun for tutorial_taskflow_api_etl to None
[2022-01-20 03:26:53,354] {processor.py:171} INFO - Processing /home/airflow/.local/lib/python3.7/site-packages/airflow/example_dags/tutorial_taskflow_api_etl.py took 1.478 seconds
[2022-01-20 03:27:24,332] {processor.py:163} INFO - Started process (PID=1670) to work on /home/airflow/.local/lib/python3.7/site-packages/airflow/example_dags/tutorial_taskflow_api_etl.py
[2022-01-20 03:27:24,335] {processor.py:620} INFO - Processing file /home/airflow/.local/lib/python3.7/site-packages/airflow/example_dags/tutorial_taskflow_api_etl.py for tasks to queue
[2022-01-20 03:27:24,337] {logging_mixin.py:109} INFO - [2022-01-20 03:27:24,337] {dagbag.py:500} INFO - Filling up the DagBag from /home/airflow/.local/lib/python3.7/site-packages/airflow/example_dags/tutorial_taskflow_api_etl.py
[2022-01-20 03:27:24,421] {processor.py:632} INFO - DAG(s) dict_keys(['tutorial_taskflow_api_etl']) retrieved from /home/airflow/.local/lib/python3.7/site-packages/airflow/example_dags/tutorial_taskflow_api_etl.py
[2022-01-20 03:27:25,444] {logging_mixin.py:109} INFO - [2022-01-20 03:27:25,443] {dag.py:2389} INFO - Sync 1 DAGs
[2022-01-20 03:27:25,488] {logging_mixin.py:109} INFO - [2022-01-20 03:27:25,488] {dag.py:2914} INFO - Setting next_dagrun for tutorial_taskflow_api_etl to None
[2022-01-20 03:27:25,521] {processor.py:171} INFO - Processing /home/airflow/.local/lib/python3.7/site-packages/airflow/example_dags/tutorial_taskflow_api_etl.py took 1.195 seconds
[2022-01-20 03:27:56,371] {processor.py:163} INFO - Started process (PID=1788) to work on /home/airflow/.local/lib/python3.7/site-packages/airflow/example_dags/tutorial_taskflow_api_etl.py
[2022-01-20 03:27:56,375] {processor.py:620} INFO - Processing file /home/airflow/.local/lib/python3.7/site-packages/airflow/example_dags/tutorial_taskflow_api_etl.py for tasks to queue
[2022-01-20 03:27:56,379] {logging_mixin.py:109} INFO - [2022-01-20 03:27:56,379] {dagbag.py:500} INFO - Filling up the DagBag from /home/airflow/.local/lib/python3.7/site-packages/airflow/example_dags/tutorial_taskflow_api_etl.py
[2022-01-20 03:27:56,473] {processor.py:632} INFO - DAG(s) dict_keys(['tutorial_taskflow_api_etl']) retrieved from /home/airflow/.local/lib/python3.7/site-packages/airflow/example_dags/tutorial_taskflow_api_etl.py
[2022-01-20 03:27:57,716] {logging_mixin.py:109} INFO - [2022-01-20 03:27:57,715] {dag.py:2389} INFO - Sync 1 DAGs
[2022-01-20 03:27:57,771] {logging_mixin.py:109} INFO - [2022-01-20 03:27:57,770] {dag.py:2914} INFO - Setting next_dagrun for tutorial_taskflow_api_etl to None
[2022-01-20 03:27:57,810] {processor.py:171} INFO - Processing /home/airflow/.local/lib/python3.7/site-packages/airflow/example_dags/tutorial_taskflow_api_etl.py took 1.451 seconds
[2022-01-20 03:28:28,434] {processor.py:163} INFO - Started process (PID=1888) to work on /home/airflow/.local/lib/python3.7/site-packages/airflow/example_dags/tutorial_taskflow_api_etl.py
[2022-01-20 03:28:28,438] {processor.py:620} INFO - Processing file /home/airflow/.local/lib/python3.7/site-packages/airflow/example_dags/tutorial_taskflow_api_etl.py for tasks to queue
[2022-01-20 03:28:28,441] {logging_mixin.py:109} INFO - [2022-01-20 03:28:28,440] {dagbag.py:500} INFO - Filling up the DagBag from /home/airflow/.local/lib/python3.7/site-packages/airflow/example_dags/tutorial_taskflow_api_etl.py
[2022-01-20 03:28:28,520] {processor.py:632} INFO - DAG(s) dict_keys(['tutorial_taskflow_api_etl']) retrieved from /home/airflow/.local/lib/python3.7/site-packages/airflow/example_dags/tutorial_taskflow_api_etl.py
[2022-01-20 03:28:29,473] {logging_mixin.py:109} INFO - [2022-01-20 03:28:29,473] {dag.py:2389} INFO - Sync 1 DAGs
[2022-01-20 03:28:29,512] {logging_mixin.py:109} INFO - [2022-01-20 03:28:29,512] {dag.py:2914} INFO - Setting next_dagrun for tutorial_taskflow_api_etl to None
[2022-01-20 03:28:29,537] {processor.py:171} INFO - Processing /home/airflow/.local/lib/python3.7/site-packages/airflow/example_dags/tutorial_taskflow_api_etl.py took 1.110 seconds
[2022-01-20 03:28:59,605] {processor.py:163} INFO - Started process (PID=2007) to work on /home/airflow/.local/lib/python3.7/site-packages/airflow/example_dags/tutorial_taskflow_api_etl.py
[2022-01-20 03:28:59,611] {processor.py:620} INFO - Processing file /home/airflow/.local/lib/python3.7/site-packages/airflow/example_dags/tutorial_taskflow_api_etl.py for tasks to queue
[2022-01-20 03:28:59,614] {logging_mixin.py:109} INFO - [2022-01-20 03:28:59,614] {dagbag.py:500} INFO - Filling up the DagBag from /home/airflow/.local/lib/python3.7/site-packages/airflow/example_dags/tutorial_taskflow_api_etl.py
[2022-01-20 03:28:59,713] {processor.py:632} INFO - DAG(s) dict_keys(['tutorial_taskflow_api_etl']) retrieved from /home/airflow/.local/lib/python3.7/site-packages/airflow/example_dags/tutorial_taskflow_api_etl.py
[2022-01-20 03:29:00,879] {logging_mixin.py:109} INFO - [2022-01-20 03:29:00,879] {dag.py:2389} INFO - Sync 1 DAGs
[2022-01-20 03:29:00,943] {logging_mixin.py:109} INFO - [2022-01-20 03:29:00,943] {dag.py:2914} INFO - Setting next_dagrun for tutorial_taskflow_api_etl to None
[2022-01-20 03:29:00,982] {processor.py:171} INFO - Processing /home/airflow/.local/lib/python3.7/site-packages/airflow/example_dags/tutorial_taskflow_api_etl.py took 1.385 seconds
[2022-01-20 03:29:31,209] {processor.py:163} INFO - Started process (PID=2120) to work on /home/airflow/.local/lib/python3.7/site-packages/airflow/example_dags/tutorial_taskflow_api_etl.py
[2022-01-20 03:29:31,213] {processor.py:620} INFO - Processing file /home/airflow/.local/lib/python3.7/site-packages/airflow/example_dags/tutorial_taskflow_api_etl.py for tasks to queue
[2022-01-20 03:29:31,216] {logging_mixin.py:109} INFO - [2022-01-20 03:29:31,216] {dagbag.py:500} INFO - Filling up the DagBag from /home/airflow/.local/lib/python3.7/site-packages/airflow/example_dags/tutorial_taskflow_api_etl.py
[2022-01-20 03:29:31,306] {processor.py:632} INFO - DAG(s) dict_keys(['tutorial_taskflow_api_etl']) retrieved from /home/airflow/.local/lib/python3.7/site-packages/airflow/example_dags/tutorial_taskflow_api_etl.py
[2022-01-20 03:29:32,465] {logging_mixin.py:109} INFO - [2022-01-20 03:29:32,465] {dag.py:2389} INFO - Sync 1 DAGs
[2022-01-20 03:29:32,527] {logging_mixin.py:109} INFO - [2022-01-20 03:29:32,526] {dag.py:2914} INFO - Setting next_dagrun for tutorial_taskflow_api_etl to None
[2022-01-20 03:29:32,565] {processor.py:171} INFO - Processing /home/airflow/.local/lib/python3.7/site-packages/airflow/example_dags/tutorial_taskflow_api_etl.py took 1.363 seconds
[2022-01-20 03:30:03,033] {processor.py:163} INFO - Started process (PID=2222) to work on /home/airflow/.local/lib/python3.7/site-packages/airflow/example_dags/tutorial_taskflow_api_etl.py
[2022-01-20 03:30:03,038] {processor.py:620} INFO - Processing file /home/airflow/.local/lib/python3.7/site-packages/airflow/example_dags/tutorial_taskflow_api_etl.py for tasks to queue
[2022-01-20 03:30:03,042] {logging_mixin.py:109} INFO - [2022-01-20 03:30:03,041] {dagbag.py:500} INFO - Filling up the DagBag from /home/airflow/.local/lib/python3.7/site-packages/airflow/example_dags/tutorial_taskflow_api_etl.py
[2022-01-20 03:30:03,142] {processor.py:632} INFO - DAG(s) dict_keys(['tutorial_taskflow_api_etl']) retrieved from /home/airflow/.local/lib/python3.7/site-packages/airflow/example_dags/tutorial_taskflow_api_etl.py
[2022-01-20 03:30:04,257] {logging_mixin.py:109} INFO - [2022-01-20 03:30:04,257] {dag.py:2389} INFO - Sync 1 DAGs
[2022-01-20 03:30:04,308] {logging_mixin.py:109} INFO - [2022-01-20 03:30:04,308] {dag.py:2914} INFO - Setting next_dagrun for tutorial_taskflow_api_etl to None
[2022-01-20 03:30:04,341] {processor.py:171} INFO - Processing /home/airflow/.local/lib/python3.7/site-packages/airflow/example_dags/tutorial_taskflow_api_etl.py took 1.316 seconds
[2022-01-20 03:30:34,723] {processor.py:163} INFO - Started process (PID=2337) to work on /home/airflow/.local/lib/python3.7/site-packages/airflow/example_dags/tutorial_taskflow_api_etl.py
[2022-01-20 03:30:34,727] {processor.py:620} INFO - Processing file /home/airflow/.local/lib/python3.7/site-packages/airflow/example_dags/tutorial_taskflow_api_etl.py for tasks to queue
[2022-01-20 03:30:34,731] {logging_mixin.py:109} INFO - [2022-01-20 03:30:34,730] {dagbag.py:500} INFO - Filling up the DagBag from /home/airflow/.local/lib/python3.7/site-packages/airflow/example_dags/tutorial_taskflow_api_etl.py
[2022-01-20 03:30:34,828] {processor.py:632} INFO - DAG(s) dict_keys(['tutorial_taskflow_api_etl']) retrieved from /home/airflow/.local/lib/python3.7/site-packages/airflow/example_dags/tutorial_taskflow_api_etl.py
[2022-01-20 03:30:35,955] {logging_mixin.py:109} INFO - [2022-01-20 03:30:35,955] {dag.py:2389} INFO - Sync 1 DAGs
[2022-01-20 03:30:36,009] {logging_mixin.py:109} INFO - [2022-01-20 03:30:36,008] {dag.py:2914} INFO - Setting next_dagrun for tutorial_taskflow_api_etl to None
[2022-01-20 03:30:36,046] {processor.py:171} INFO - Processing /home/airflow/.local/lib/python3.7/site-packages/airflow/example_dags/tutorial_taskflow_api_etl.py took 1.330 seconds
[2022-01-20 03:31:06,238] {processor.py:163} INFO - Started process (PID=2436) to work on /home/airflow/.local/lib/python3.7/site-packages/airflow/example_dags/tutorial_taskflow_api_etl.py
[2022-01-20 03:31:06,242] {processor.py:620} INFO - Processing file /home/airflow/.local/lib/python3.7/site-packages/airflow/example_dags/tutorial_taskflow_api_etl.py for tasks to queue
[2022-01-20 03:31:06,244] {logging_mixin.py:109} INFO - [2022-01-20 03:31:06,244] {dagbag.py:500} INFO - Filling up the DagBag from /home/airflow/.local/lib/python3.7/site-packages/airflow/example_dags/tutorial_taskflow_api_etl.py
[2022-01-20 03:31:06,316] {processor.py:632} INFO - DAG(s) dict_keys(['tutorial_taskflow_api_etl']) retrieved from /home/airflow/.local/lib/python3.7/site-packages/airflow/example_dags/tutorial_taskflow_api_etl.py
[2022-01-20 03:31:07,139] {logging_mixin.py:109} INFO - [2022-01-20 03:31:07,139] {dag.py:2389} INFO - Sync 1 DAGs
[2022-01-20 03:31:07,177] {logging_mixin.py:109} INFO - [2022-01-20 03:31:07,177] {dag.py:2914} INFO - Setting next_dagrun for tutorial_taskflow_api_etl to None
[2022-01-20 03:31:07,206] {processor.py:171} INFO - Processing /home/airflow/.local/lib/python3.7/site-packages/airflow/example_dags/tutorial_taskflow_api_etl.py took 0.973 seconds
[2022-01-20 03:31:37,600] {processor.py:163} INFO - Started process (PID=2549) to work on /home/airflow/.local/lib/python3.7/site-packages/airflow/example_dags/tutorial_taskflow_api_etl.py
[2022-01-20 03:31:37,605] {processor.py:620} INFO - Processing file /home/airflow/.local/lib/python3.7/site-packages/airflow/example_dags/tutorial_taskflow_api_etl.py for tasks to queue
[2022-01-20 03:31:37,608] {logging_mixin.py:109} INFO - [2022-01-20 03:31:37,608] {dagbag.py:500} INFO - Filling up the DagBag from /home/airflow/.local/lib/python3.7/site-packages/airflow/example_dags/tutorial_taskflow_api_etl.py
[2022-01-20 03:31:37,707] {processor.py:632} INFO - DAG(s) dict_keys(['tutorial_taskflow_api_etl']) retrieved from /home/airflow/.local/lib/python3.7/site-packages/airflow/example_dags/tutorial_taskflow_api_etl.py
[2022-01-20 03:31:39,053] {logging_mixin.py:109} INFO - [2022-01-20 03:31:39,052] {dag.py:2389} INFO - Sync 1 DAGs
[2022-01-20 03:31:39,110] {logging_mixin.py:109} INFO - [2022-01-20 03:31:39,110] {dag.py:2914} INFO - Setting next_dagrun for tutorial_taskflow_api_etl to None
[2022-01-20 03:31:39,151] {processor.py:171} INFO - Processing /home/airflow/.local/lib/python3.7/site-packages/airflow/example_dags/tutorial_taskflow_api_etl.py took 1.559 seconds
[2022-01-20 03:32:09,780] {processor.py:163} INFO - Started process (PID=2649) to work on /home/airflow/.local/lib/python3.7/site-packages/airflow/example_dags/tutorial_taskflow_api_etl.py
[2022-01-20 03:32:09,785] {processor.py:620} INFO - Processing file /home/airflow/.local/lib/python3.7/site-packages/airflow/example_dags/tutorial_taskflow_api_etl.py for tasks to queue
[2022-01-20 03:32:09,788] {logging_mixin.py:109} INFO - [2022-01-20 03:32:09,787] {dagbag.py:500} INFO - Filling up the DagBag from /home/airflow/.local/lib/python3.7/site-packages/airflow/example_dags/tutorial_taskflow_api_etl.py
[2022-01-20 03:32:09,870] {processor.py:632} INFO - DAG(s) dict_keys(['tutorial_taskflow_api_etl']) retrieved from /home/airflow/.local/lib/python3.7/site-packages/airflow/example_dags/tutorial_taskflow_api_etl.py
[2022-01-20 03:32:10,773] {logging_mixin.py:109} INFO - [2022-01-20 03:32:10,772] {dag.py:2389} INFO - Sync 1 DAGs
[2022-01-20 03:32:10,829] {logging_mixin.py:109} INFO - [2022-01-20 03:32:10,828] {dag.py:2914} INFO - Setting next_dagrun for tutorial_taskflow_api_etl to None
[2022-01-20 03:32:10,863] {processor.py:171} INFO - Processing /home/airflow/.local/lib/python3.7/site-packages/airflow/example_dags/tutorial_taskflow_api_etl.py took 1.090 seconds
[2022-01-20 03:32:41,098] {processor.py:163} INFO - Started process (PID=2762) to work on /home/airflow/.local/lib/python3.7/site-packages/airflow/example_dags/tutorial_taskflow_api_etl.py
[2022-01-20 03:32:41,101] {processor.py:620} INFO - Processing file /home/airflow/.local/lib/python3.7/site-packages/airflow/example_dags/tutorial_taskflow_api_etl.py for tasks to queue
[2022-01-20 03:32:41,105] {logging_mixin.py:109} INFO - [2022-01-20 03:32:41,104] {dagbag.py:500} INFO - Filling up the DagBag from /home/airflow/.local/lib/python3.7/site-packages/airflow/example_dags/tutorial_taskflow_api_etl.py
[2022-01-20 03:32:41,195] {processor.py:632} INFO - DAG(s) dict_keys(['tutorial_taskflow_api_etl']) retrieved from /home/airflow/.local/lib/python3.7/site-packages/airflow/example_dags/tutorial_taskflow_api_etl.py
[2022-01-20 03:32:42,296] {logging_mixin.py:109} INFO - [2022-01-20 03:32:42,296] {dag.py:2389} INFO - Sync 1 DAGs
[2022-01-20 03:32:42,355] {logging_mixin.py:109} INFO - [2022-01-20 03:32:42,354] {dag.py:2914} INFO - Setting next_dagrun for tutorial_taskflow_api_etl to None
[2022-01-20 03:32:42,396] {processor.py:171} INFO - Processing /home/airflow/.local/lib/python3.7/site-packages/airflow/example_dags/tutorial_taskflow_api_etl.py took 1.306 seconds
[2022-01-20 03:33:13,035] {processor.py:163} INFO - Started process (PID=2877) to work on /home/airflow/.local/lib/python3.7/site-packages/airflow/example_dags/tutorial_taskflow_api_etl.py
[2022-01-20 03:33:13,040] {processor.py:620} INFO - Processing file /home/airflow/.local/lib/python3.7/site-packages/airflow/example_dags/tutorial_taskflow_api_etl.py for tasks to queue
[2022-01-20 03:33:13,043] {logging_mixin.py:109} INFO - [2022-01-20 03:33:13,043] {dagbag.py:500} INFO - Filling up the DagBag from /home/airflow/.local/lib/python3.7/site-packages/airflow/example_dags/tutorial_taskflow_api_etl.py
[2022-01-20 03:33:13,154] {processor.py:632} INFO - DAG(s) dict_keys(['tutorial_taskflow_api_etl']) retrieved from /home/airflow/.local/lib/python3.7/site-packages/airflow/example_dags/tutorial_taskflow_api_etl.py
[2022-01-20 03:33:14,404] {logging_mixin.py:109} INFO - [2022-01-20 03:33:14,403] {dag.py:2389} INFO - Sync 1 DAGs
[2022-01-20 03:33:14,462] {logging_mixin.py:109} INFO - [2022-01-20 03:33:14,461] {dag.py:2914} INFO - Setting next_dagrun for tutorial_taskflow_api_etl to None
[2022-01-20 03:33:14,502] {processor.py:171} INFO - Processing /home/airflow/.local/lib/python3.7/site-packages/airflow/example_dags/tutorial_taskflow_api_etl.py took 1.475 seconds
[2022-01-20 03:33:44,797] {processor.py:163} INFO - Started process (PID=2975) to work on /home/airflow/.local/lib/python3.7/site-packages/airflow/example_dags/tutorial_taskflow_api_etl.py
[2022-01-20 03:33:44,801] {processor.py:620} INFO - Processing file /home/airflow/.local/lib/python3.7/site-packages/airflow/example_dags/tutorial_taskflow_api_etl.py for tasks to queue
[2022-01-20 03:33:44,804] {logging_mixin.py:109} INFO - [2022-01-20 03:33:44,804] {dagbag.py:500} INFO - Filling up the DagBag from /home/airflow/.local/lib/python3.7/site-packages/airflow/example_dags/tutorial_taskflow_api_etl.py
[2022-01-20 03:33:45,031] {processor.py:632} INFO - DAG(s) dict_keys(['tutorial_taskflow_api_etl']) retrieved from /home/airflow/.local/lib/python3.7/site-packages/airflow/example_dags/tutorial_taskflow_api_etl.py
[2022-01-20 03:33:46,072] {logging_mixin.py:109} INFO - [2022-01-20 03:33:46,071] {dag.py:2389} INFO - Sync 1 DAGs
[2022-01-20 03:33:46,141] {logging_mixin.py:109} INFO - [2022-01-20 03:33:46,141] {dag.py:2914} INFO - Setting next_dagrun for tutorial_taskflow_api_etl to None
[2022-01-20 03:33:46,175] {processor.py:171} INFO - Processing /home/airflow/.local/lib/python3.7/site-packages/airflow/example_dags/tutorial_taskflow_api_etl.py took 1.386 seconds
[2022-01-20 03:34:16,691] {processor.py:163} INFO - Started process (PID=3090) to work on /home/airflow/.local/lib/python3.7/site-packages/airflow/example_dags/tutorial_taskflow_api_etl.py
[2022-01-20 03:34:16,697] {processor.py:620} INFO - Processing file /home/airflow/.local/lib/python3.7/site-packages/airflow/example_dags/tutorial_taskflow_api_etl.py for tasks to queue
[2022-01-20 03:34:16,702] {logging_mixin.py:109} INFO - [2022-01-20 03:34:16,701] {dagbag.py:500} INFO - Filling up the DagBag from /home/airflow/.local/lib/python3.7/site-packages/airflow/example_dags/tutorial_taskflow_api_etl.py
[2022-01-20 03:34:16,922] {processor.py:632} INFO - DAG(s) dict_keys(['tutorial_taskflow_api_etl']) retrieved from /home/airflow/.local/lib/python3.7/site-packages/airflow/example_dags/tutorial_taskflow_api_etl.py
[2022-01-20 03:34:17,982] {logging_mixin.py:109} INFO - [2022-01-20 03:34:17,981] {dag.py:2389} INFO - Sync 1 DAGs
[2022-01-20 03:34:18,035] {logging_mixin.py:109} INFO - [2022-01-20 03:34:18,035] {dag.py:2914} INFO - Setting next_dagrun for tutorial_taskflow_api_etl to None
[2022-01-20 03:34:18,078] {processor.py:171} INFO - Processing /home/airflow/.local/lib/python3.7/site-packages/airflow/example_dags/tutorial_taskflow_api_etl.py took 1.394 seconds
[2022-01-20 03:34:48,205] {processor.py:163} INFO - Started process (PID=3188) to work on /home/airflow/.local/lib/python3.7/site-packages/airflow/example_dags/tutorial_taskflow_api_etl.py
[2022-01-20 03:34:48,209] {processor.py:620} INFO - Processing file /home/airflow/.local/lib/python3.7/site-packages/airflow/example_dags/tutorial_taskflow_api_etl.py for tasks to queue
[2022-01-20 03:34:48,211] {logging_mixin.py:109} INFO - [2022-01-20 03:34:48,211] {dagbag.py:500} INFO - Filling up the DagBag from /home/airflow/.local/lib/python3.7/site-packages/airflow/example_dags/tutorial_taskflow_api_etl.py
[2022-01-20 03:34:48,398] {processor.py:632} INFO - DAG(s) dict_keys(['tutorial_taskflow_api_etl']) retrieved from /home/airflow/.local/lib/python3.7/site-packages/airflow/example_dags/tutorial_taskflow_api_etl.py
[2022-01-20 03:34:49,215] {logging_mixin.py:109} INFO - [2022-01-20 03:34:49,214] {dag.py:2389} INFO - Sync 1 DAGs
[2022-01-20 03:34:49,262] {logging_mixin.py:109} INFO - [2022-01-20 03:34:49,261] {dag.py:2914} INFO - Setting next_dagrun for tutorial_taskflow_api_etl to None
[2022-01-20 03:34:49,291] {processor.py:171} INFO - Processing /home/airflow/.local/lib/python3.7/site-packages/airflow/example_dags/tutorial_taskflow_api_etl.py took 1.094 seconds
[2022-01-20 03:35:19,610] {processor.py:163} INFO - Started process (PID=3304) to work on /home/airflow/.local/lib/python3.7/site-packages/airflow/example_dags/tutorial_taskflow_api_etl.py
[2022-01-20 03:35:19,614] {processor.py:620} INFO - Processing file /home/airflow/.local/lib/python3.7/site-packages/airflow/example_dags/tutorial_taskflow_api_etl.py for tasks to queue
[2022-01-20 03:35:19,617] {logging_mixin.py:109} INFO - [2022-01-20 03:35:19,617] {dagbag.py:500} INFO - Filling up the DagBag from /home/airflow/.local/lib/python3.7/site-packages/airflow/example_dags/tutorial_taskflow_api_etl.py
[2022-01-20 03:35:19,826] {processor.py:632} INFO - DAG(s) dict_keys(['tutorial_taskflow_api_etl']) retrieved from /home/airflow/.local/lib/python3.7/site-packages/airflow/example_dags/tutorial_taskflow_api_etl.py
[2022-01-20 03:35:20,894] {logging_mixin.py:109} INFO - [2022-01-20 03:35:20,893] {dag.py:2389} INFO - Sync 1 DAGs
[2022-01-20 03:35:20,960] {logging_mixin.py:109} INFO - [2022-01-20 03:35:20,960] {dag.py:2914} INFO - Setting next_dagrun for tutorial_taskflow_api_etl to None
[2022-01-20 03:35:21,056] {processor.py:171} INFO - Processing /home/airflow/.local/lib/python3.7/site-packages/airflow/example_dags/tutorial_taskflow_api_etl.py took 1.452 seconds
[2022-01-20 03:35:51,391] {processor.py:163} INFO - Started process (PID=3412) to work on /home/airflow/.local/lib/python3.7/site-packages/airflow/example_dags/tutorial_taskflow_api_etl.py
[2022-01-20 03:35:51,397] {processor.py:620} INFO - Processing file /home/airflow/.local/lib/python3.7/site-packages/airflow/example_dags/tutorial_taskflow_api_etl.py for tasks to queue
[2022-01-20 03:35:51,402] {logging_mixin.py:109} INFO - [2022-01-20 03:35:51,402] {dagbag.py:500} INFO - Filling up the DagBag from /home/airflow/.local/lib/python3.7/site-packages/airflow/example_dags/tutorial_taskflow_api_etl.py
[2022-01-20 03:35:51,510] {processor.py:632} INFO - DAG(s) dict_keys(['tutorial_taskflow_api_etl']) retrieved from /home/airflow/.local/lib/python3.7/site-packages/airflow/example_dags/tutorial_taskflow_api_etl.py
[2022-01-20 03:35:52,566] {logging_mixin.py:109} INFO - [2022-01-20 03:35:52,566] {dag.py:2389} INFO - Sync 1 DAGs
[2022-01-20 03:35:52,621] {logging_mixin.py:109} INFO - [2022-01-20 03:35:52,621] {dag.py:2914} INFO - Setting next_dagrun for tutorial_taskflow_api_etl to None
[2022-01-20 03:35:52,655] {processor.py:171} INFO - Processing /home/airflow/.local/lib/python3.7/site-packages/airflow/example_dags/tutorial_taskflow_api_etl.py took 1.275 seconds
[2022-01-20 03:36:23,180] {processor.py:163} INFO - Started process (PID=3516) to work on /home/airflow/.local/lib/python3.7/site-packages/airflow/example_dags/tutorial_taskflow_api_etl.py
[2022-01-20 03:36:23,184] {processor.py:620} INFO - Processing file /home/airflow/.local/lib/python3.7/site-packages/airflow/example_dags/tutorial_taskflow_api_etl.py for tasks to queue
[2022-01-20 03:36:23,188] {logging_mixin.py:109} INFO - [2022-01-20 03:36:23,188] {dagbag.py:500} INFO - Filling up the DagBag from /home/airflow/.local/lib/python3.7/site-packages/airflow/example_dags/tutorial_taskflow_api_etl.py
[2022-01-20 03:36:23,278] {processor.py:632} INFO - DAG(s) dict_keys(['tutorial_taskflow_api_etl']) retrieved from /home/airflow/.local/lib/python3.7/site-packages/airflow/example_dags/tutorial_taskflow_api_etl.py
[2022-01-20 03:36:24,301] {logging_mixin.py:109} INFO - [2022-01-20 03:36:24,300] {dag.py:2389} INFO - Sync 1 DAGs
[2022-01-20 03:36:24,350] {logging_mixin.py:109} INFO - [2022-01-20 03:36:24,350] {dag.py:2914} INFO - Setting next_dagrun for tutorial_taskflow_api_etl to None
[2022-01-20 03:36:24,384] {processor.py:171} INFO - Processing /home/airflow/.local/lib/python3.7/site-packages/airflow/example_dags/tutorial_taskflow_api_etl.py took 1.212 seconds
[2022-01-20 03:36:54,889] {processor.py:163} INFO - Started process (PID=3630) to work on /home/airflow/.local/lib/python3.7/site-packages/airflow/example_dags/tutorial_taskflow_api_etl.py
[2022-01-20 03:36:54,897] {processor.py:620} INFO - Processing file /home/airflow/.local/lib/python3.7/site-packages/airflow/example_dags/tutorial_taskflow_api_etl.py for tasks to queue
[2022-01-20 03:36:54,900] {logging_mixin.py:109} INFO - [2022-01-20 03:36:54,900] {dagbag.py:500} INFO - Filling up the DagBag from /home/airflow/.local/lib/python3.7/site-packages/airflow/example_dags/tutorial_taskflow_api_etl.py
[2022-01-20 03:36:55,001] {processor.py:632} INFO - DAG(s) dict_keys(['tutorial_taskflow_api_etl']) retrieved from /home/airflow/.local/lib/python3.7/site-packages/airflow/example_dags/tutorial_taskflow_api_etl.py
[2022-01-20 03:36:56,159] {logging_mixin.py:109} INFO - [2022-01-20 03:36:56,159] {dag.py:2389} INFO - Sync 1 DAGs
[2022-01-20 03:36:56,214] {logging_mixin.py:109} INFO - [2022-01-20 03:36:56,214] {dag.py:2914} INFO - Setting next_dagrun for tutorial_taskflow_api_etl to None
[2022-01-20 03:36:56,255] {processor.py:171} INFO - Processing /home/airflow/.local/lib/python3.7/site-packages/airflow/example_dags/tutorial_taskflow_api_etl.py took 1.373 seconds
[2022-01-20 03:37:26,352] {processor.py:163} INFO - Started process (PID=3735) to work on /home/airflow/.local/lib/python3.7/site-packages/airflow/example_dags/tutorial_taskflow_api_etl.py
[2022-01-20 03:37:26,357] {processor.py:620} INFO - Processing file /home/airflow/.local/lib/python3.7/site-packages/airflow/example_dags/tutorial_taskflow_api_etl.py for tasks to queue
[2022-01-20 03:37:26,360] {logging_mixin.py:109} INFO - [2022-01-20 03:37:26,359] {dagbag.py:500} INFO - Filling up the DagBag from /home/airflow/.local/lib/python3.7/site-packages/airflow/example_dags/tutorial_taskflow_api_etl.py
[2022-01-20 03:37:26,438] {processor.py:632} INFO - DAG(s) dict_keys(['tutorial_taskflow_api_etl']) retrieved from /home/airflow/.local/lib/python3.7/site-packages/airflow/example_dags/tutorial_taskflow_api_etl.py
[2022-01-20 03:37:27,392] {logging_mixin.py:109} INFO - [2022-01-20 03:37:27,392] {dag.py:2389} INFO - Sync 1 DAGs
[2022-01-20 03:37:27,448] {logging_mixin.py:109} INFO - [2022-01-20 03:37:27,447] {dag.py:2914} INFO - Setting next_dagrun for tutorial_taskflow_api_etl to None
[2022-01-20 03:37:27,480] {processor.py:171} INFO - Processing /home/airflow/.local/lib/python3.7/site-packages/airflow/example_dags/tutorial_taskflow_api_etl.py took 1.135 seconds
[2022-01-20 03:37:57,768] {processor.py:163} INFO - Started process (PID=3844) to work on /home/airflow/.local/lib/python3.7/site-packages/airflow/example_dags/tutorial_taskflow_api_etl.py
[2022-01-20 03:37:57,773] {processor.py:620} INFO - Processing file /home/airflow/.local/lib/python3.7/site-packages/airflow/example_dags/tutorial_taskflow_api_etl.py for tasks to queue
[2022-01-20 03:37:57,777] {logging_mixin.py:109} INFO - [2022-01-20 03:37:57,776] {dagbag.py:500} INFO - Filling up the DagBag from /home/airflow/.local/lib/python3.7/site-packages/airflow/example_dags/tutorial_taskflow_api_etl.py
[2022-01-20 03:37:57,864] {processor.py:632} INFO - DAG(s) dict_keys(['tutorial_taskflow_api_etl']) retrieved from /home/airflow/.local/lib/python3.7/site-packages/airflow/example_dags/tutorial_taskflow_api_etl.py
[2022-01-20 03:37:58,990] {logging_mixin.py:109} INFO - [2022-01-20 03:37:58,990] {dag.py:2389} INFO - Sync 1 DAGs
[2022-01-20 03:37:59,043] {logging_mixin.py:109} INFO - [2022-01-20 03:37:59,043] {dag.py:2914} INFO - Setting next_dagrun for tutorial_taskflow_api_etl to None
[2022-01-20 03:37:59,080] {processor.py:171} INFO - Processing /home/airflow/.local/lib/python3.7/site-packages/airflow/example_dags/tutorial_taskflow_api_etl.py took 1.319 seconds
[2022-01-20 03:38:29,687] {processor.py:163} INFO - Started process (PID=3939) to work on /home/airflow/.local/lib/python3.7/site-packages/airflow/example_dags/tutorial_taskflow_api_etl.py
[2022-01-20 03:38:29,690] {processor.py:620} INFO - Processing file /home/airflow/.local/lib/python3.7/site-packages/airflow/example_dags/tutorial_taskflow_api_etl.py for tasks to queue
[2022-01-20 03:38:29,694] {logging_mixin.py:109} INFO - [2022-01-20 03:38:29,694] {dagbag.py:500} INFO - Filling up the DagBag from /home/airflow/.local/lib/python3.7/site-packages/airflow/example_dags/tutorial_taskflow_api_etl.py
[2022-01-20 03:38:29,795] {processor.py:632} INFO - DAG(s) dict_keys(['tutorial_taskflow_api_etl']) retrieved from /home/airflow/.local/lib/python3.7/site-packages/airflow/example_dags/tutorial_taskflow_api_etl.py
[2022-01-20 03:38:30,685] {logging_mixin.py:109} INFO - [2022-01-20 03:38:30,685] {dag.py:2389} INFO - Sync 1 DAGs
[2022-01-20 03:38:30,742] {logging_mixin.py:109} INFO - [2022-01-20 03:38:30,741] {dag.py:2914} INFO - Setting next_dagrun for tutorial_taskflow_api_etl to None
[2022-01-20 03:38:30,774] {processor.py:171} INFO - Processing /home/airflow/.local/lib/python3.7/site-packages/airflow/example_dags/tutorial_taskflow_api_etl.py took 1.094 seconds
[2022-01-20 03:39:01,439] {processor.py:163} INFO - Started process (PID=4050) to work on /home/airflow/.local/lib/python3.7/site-packages/airflow/example_dags/tutorial_taskflow_api_etl.py
[2022-01-20 03:39:01,444] {processor.py:620} INFO - Processing file /home/airflow/.local/lib/python3.7/site-packages/airflow/example_dags/tutorial_taskflow_api_etl.py for tasks to queue
[2022-01-20 03:39:01,449] {logging_mixin.py:109} INFO - [2022-01-20 03:39:01,448] {dagbag.py:500} INFO - Filling up the DagBag from /home/airflow/.local/lib/python3.7/site-packages/airflow/example_dags/tutorial_taskflow_api_etl.py
[2022-01-20 03:39:01,539] {processor.py:632} INFO - DAG(s) dict_keys(['tutorial_taskflow_api_etl']) retrieved from /home/airflow/.local/lib/python3.7/site-packages/airflow/example_dags/tutorial_taskflow_api_etl.py
[2022-01-20 03:39:02,596] {logging_mixin.py:109} INFO - [2022-01-20 03:39:02,596] {dag.py:2389} INFO - Sync 1 DAGs
[2022-01-20 03:39:02,647] {logging_mixin.py:109} INFO - [2022-01-20 03:39:02,646] {dag.py:2914} INFO - Setting next_dagrun for tutorial_taskflow_api_etl to None
[2022-01-20 03:39:02,681] {processor.py:171} INFO - Processing /home/airflow/.local/lib/python3.7/site-packages/airflow/example_dags/tutorial_taskflow_api_etl.py took 1.250 seconds
[2022-01-20 03:39:33,023] {processor.py:163} INFO - Started process (PID=4162) to work on /home/airflow/.local/lib/python3.7/site-packages/airflow/example_dags/tutorial_taskflow_api_etl.py
[2022-01-20 03:39:33,027] {processor.py:620} INFO - Processing file /home/airflow/.local/lib/python3.7/site-packages/airflow/example_dags/tutorial_taskflow_api_etl.py for tasks to queue
[2022-01-20 03:39:33,032] {logging_mixin.py:109} INFO - [2022-01-20 03:39:33,031] {dagbag.py:500} INFO - Filling up the DagBag from /home/airflow/.local/lib/python3.7/site-packages/airflow/example_dags/tutorial_taskflow_api_etl.py
[2022-01-20 03:39:33,190] {processor.py:632} INFO - DAG(s) dict_keys(['tutorial_taskflow_api_etl']) retrieved from /home/airflow/.local/lib/python3.7/site-packages/airflow/example_dags/tutorial_taskflow_api_etl.py
[2022-01-20 03:39:34,366] {logging_mixin.py:109} INFO - [2022-01-20 03:39:34,366] {dag.py:2389} INFO - Sync 1 DAGs
[2022-01-20 03:39:34,419] {logging_mixin.py:109} INFO - [2022-01-20 03:39:34,418] {dag.py:2914} INFO - Setting next_dagrun for tutorial_taskflow_api_etl to None
[2022-01-20 03:39:34,456] {processor.py:171} INFO - Processing /home/airflow/.local/lib/python3.7/site-packages/airflow/example_dags/tutorial_taskflow_api_etl.py took 1.441 seconds
[2022-01-20 03:40:04,902] {processor.py:163} INFO - Started process (PID=4256) to work on /home/airflow/.local/lib/python3.7/site-packages/airflow/example_dags/tutorial_taskflow_api_etl.py
[2022-01-20 03:40:04,906] {processor.py:620} INFO - Processing file /home/airflow/.local/lib/python3.7/site-packages/airflow/example_dags/tutorial_taskflow_api_etl.py for tasks to queue
[2022-01-20 03:40:04,909] {logging_mixin.py:109} INFO - [2022-01-20 03:40:04,909] {dagbag.py:500} INFO - Filling up the DagBag from /home/airflow/.local/lib/python3.7/site-packages/airflow/example_dags/tutorial_taskflow_api_etl.py
[2022-01-20 03:40:04,991] {processor.py:632} INFO - DAG(s) dict_keys(['tutorial_taskflow_api_etl']) retrieved from /home/airflow/.local/lib/python3.7/site-packages/airflow/example_dags/tutorial_taskflow_api_etl.py
[2022-01-20 03:40:05,949] {logging_mixin.py:109} INFO - [2022-01-20 03:40:05,949] {dag.py:2389} INFO - Sync 1 DAGs
[2022-01-20 03:40:05,995] {logging_mixin.py:109} INFO - [2022-01-20 03:40:05,994] {dag.py:2914} INFO - Setting next_dagrun for tutorial_taskflow_api_etl to None
[2022-01-20 03:40:06,024] {processor.py:171} INFO - Processing /home/airflow/.local/lib/python3.7/site-packages/airflow/example_dags/tutorial_taskflow_api_etl.py took 1.129 seconds
[2022-01-20 03:40:36,292] {processor.py:163} INFO - Started process (PID=4379) to work on /home/airflow/.local/lib/python3.7/site-packages/airflow/example_dags/tutorial_taskflow_api_etl.py
[2022-01-20 03:40:36,297] {processor.py:620} INFO - Processing file /home/airflow/.local/lib/python3.7/site-packages/airflow/example_dags/tutorial_taskflow_api_etl.py for tasks to queue
[2022-01-20 03:40:36,300] {logging_mixin.py:109} INFO - [2022-01-20 03:40:36,299] {dagbag.py:500} INFO - Filling up the DagBag from /home/airflow/.local/lib/python3.7/site-packages/airflow/example_dags/tutorial_taskflow_api_etl.py
[2022-01-20 03:40:36,400] {processor.py:632} INFO - DAG(s) dict_keys(['tutorial_taskflow_api_etl']) retrieved from /home/airflow/.local/lib/python3.7/site-packages/airflow/example_dags/tutorial_taskflow_api_etl.py
[2022-01-20 03:40:37,482] {logging_mixin.py:109} INFO - [2022-01-20 03:40:37,482] {dag.py:2389} INFO - Sync 1 DAGs
[2022-01-20 03:40:37,531] {logging_mixin.py:109} INFO - [2022-01-20 03:40:37,531] {dag.py:2914} INFO - Setting next_dagrun for tutorial_taskflow_api_etl to None
[2022-01-20 03:40:37,565] {processor.py:171} INFO - Processing /home/airflow/.local/lib/python3.7/site-packages/airflow/example_dags/tutorial_taskflow_api_etl.py took 1.281 seconds
[2022-01-20 03:41:08,237] {processor.py:163} INFO - Started process (PID=4483) to work on /home/airflow/.local/lib/python3.7/site-packages/airflow/example_dags/tutorial_taskflow_api_etl.py
[2022-01-20 03:41:08,241] {processor.py:620} INFO - Processing file /home/airflow/.local/lib/python3.7/site-packages/airflow/example_dags/tutorial_taskflow_api_etl.py for tasks to queue
[2022-01-20 03:41:08,245] {logging_mixin.py:109} INFO - [2022-01-20 03:41:08,244] {dagbag.py:500} INFO - Filling up the DagBag from /home/airflow/.local/lib/python3.7/site-packages/airflow/example_dags/tutorial_taskflow_api_etl.py
[2022-01-20 03:41:08,336] {processor.py:632} INFO - DAG(s) dict_keys(['tutorial_taskflow_api_etl']) retrieved from /home/airflow/.local/lib/python3.7/site-packages/airflow/example_dags/tutorial_taskflow_api_etl.py
[2022-01-20 03:41:09,225] {logging_mixin.py:109} INFO - [2022-01-20 03:41:09,225] {dag.py:2389} INFO - Sync 1 DAGs
[2022-01-20 03:41:09,264] {logging_mixin.py:109} INFO - [2022-01-20 03:41:09,264] {dag.py:2914} INFO - Setting next_dagrun for tutorial_taskflow_api_etl to None
[2022-01-20 03:41:09,290] {processor.py:171} INFO - Processing /home/airflow/.local/lib/python3.7/site-packages/airflow/example_dags/tutorial_taskflow_api_etl.py took 1.060 seconds
[2022-01-20 03:41:39,404] {processor.py:163} INFO - Started process (PID=4606) to work on /home/airflow/.local/lib/python3.7/site-packages/airflow/example_dags/tutorial_taskflow_api_etl.py
[2022-01-20 03:41:39,408] {processor.py:620} INFO - Processing file /home/airflow/.local/lib/python3.7/site-packages/airflow/example_dags/tutorial_taskflow_api_etl.py for tasks to queue
[2022-01-20 03:41:39,421] {logging_mixin.py:109} INFO - [2022-01-20 03:41:39,411] {dagbag.py:500} INFO - Filling up the DagBag from /home/airflow/.local/lib/python3.7/site-packages/airflow/example_dags/tutorial_taskflow_api_etl.py
[2022-01-20 03:41:39,509] {processor.py:632} INFO - DAG(s) dict_keys(['tutorial_taskflow_api_etl']) retrieved from /home/airflow/.local/lib/python3.7/site-packages/airflow/example_dags/tutorial_taskflow_api_etl.py
[2022-01-20 03:41:40,504] {logging_mixin.py:109} INFO - [2022-01-20 03:41:40,504] {dag.py:2389} INFO - Sync 1 DAGs
[2022-01-20 03:41:40,559] {logging_mixin.py:109} INFO - [2022-01-20 03:41:40,558] {dag.py:2914} INFO - Setting next_dagrun for tutorial_taskflow_api_etl to None
[2022-01-20 03:41:40,594] {processor.py:171} INFO - Processing /home/airflow/.local/lib/python3.7/site-packages/airflow/example_dags/tutorial_taskflow_api_etl.py took 1.197 seconds
[2022-01-20 03:42:10,790] {processor.py:163} INFO - Started process (PID=4701) to work on /home/airflow/.local/lib/python3.7/site-packages/airflow/example_dags/tutorial_taskflow_api_etl.py
[2022-01-20 03:42:10,795] {processor.py:620} INFO - Processing file /home/airflow/.local/lib/python3.7/site-packages/airflow/example_dags/tutorial_taskflow_api_etl.py for tasks to queue
[2022-01-20 03:42:10,799] {logging_mixin.py:109} INFO - [2022-01-20 03:42:10,799] {dagbag.py:500} INFO - Filling up the DagBag from /home/airflow/.local/lib/python3.7/site-packages/airflow/example_dags/tutorial_taskflow_api_etl.py
[2022-01-20 03:42:10,900] {processor.py:632} INFO - DAG(s) dict_keys(['tutorial_taskflow_api_etl']) retrieved from /home/airflow/.local/lib/python3.7/site-packages/airflow/example_dags/tutorial_taskflow_api_etl.py
[2022-01-20 03:42:11,954] {logging_mixin.py:109} INFO - [2022-01-20 03:42:11,954] {dag.py:2389} INFO - Sync 1 DAGs
[2022-01-20 03:42:12,007] {logging_mixin.py:109} INFO - [2022-01-20 03:42:12,006] {dag.py:2914} INFO - Setting next_dagrun for tutorial_taskflow_api_etl to None
[2022-01-20 03:42:12,049] {processor.py:171} INFO - Processing /home/airflow/.local/lib/python3.7/site-packages/airflow/example_dags/tutorial_taskflow_api_etl.py took 1.269 seconds
[2022-01-20 03:42:42,786] {processor.py:163} INFO - Started process (PID=4816) to work on /home/airflow/.local/lib/python3.7/site-packages/airflow/example_dags/tutorial_taskflow_api_etl.py
[2022-01-20 03:42:42,808] {processor.py:620} INFO - Processing file /home/airflow/.local/lib/python3.7/site-packages/airflow/example_dags/tutorial_taskflow_api_etl.py for tasks to queue
[2022-01-20 03:42:42,811] {logging_mixin.py:109} INFO - [2022-01-20 03:42:42,811] {dagbag.py:500} INFO - Filling up the DagBag from /home/airflow/.local/lib/python3.7/site-packages/airflow/example_dags/tutorial_taskflow_api_etl.py
[2022-01-20 03:42:42,894] {processor.py:632} INFO - DAG(s) dict_keys(['tutorial_taskflow_api_etl']) retrieved from /home/airflow/.local/lib/python3.7/site-packages/airflow/example_dags/tutorial_taskflow_api_etl.py
[2022-01-20 03:42:43,830] {logging_mixin.py:109} INFO - [2022-01-20 03:42:43,830] {dag.py:2389} INFO - Sync 1 DAGs
[2022-01-20 03:42:43,881] {logging_mixin.py:109} INFO - [2022-01-20 03:42:43,880] {dag.py:2914} INFO - Setting next_dagrun for tutorial_taskflow_api_etl to None
[2022-01-20 03:42:43,913] {processor.py:171} INFO - Processing /home/airflow/.local/lib/python3.7/site-packages/airflow/example_dags/tutorial_taskflow_api_etl.py took 1.134 seconds
[2022-01-20 03:43:14,351] {processor.py:163} INFO - Started process (PID=4933) to work on /home/airflow/.local/lib/python3.7/site-packages/airflow/example_dags/tutorial_taskflow_api_etl.py
[2022-01-20 03:43:14,355] {processor.py:620} INFO - Processing file /home/airflow/.local/lib/python3.7/site-packages/airflow/example_dags/tutorial_taskflow_api_etl.py for tasks to queue
[2022-01-20 03:43:14,358] {logging_mixin.py:109} INFO - [2022-01-20 03:43:14,358] {dagbag.py:500} INFO - Filling up the DagBag from /home/airflow/.local/lib/python3.7/site-packages/airflow/example_dags/tutorial_taskflow_api_etl.py
[2022-01-20 03:43:14,448] {processor.py:632} INFO - DAG(s) dict_keys(['tutorial_taskflow_api_etl']) retrieved from /home/airflow/.local/lib/python3.7/site-packages/airflow/example_dags/tutorial_taskflow_api_etl.py
[2022-01-20 03:43:15,469] {logging_mixin.py:109} INFO - [2022-01-20 03:43:15,468] {dag.py:2389} INFO - Sync 1 DAGs
[2022-01-20 03:43:15,532] {logging_mixin.py:109} INFO - [2022-01-20 03:43:15,531] {dag.py:2914} INFO - Setting next_dagrun for tutorial_taskflow_api_etl to None
[2022-01-20 03:43:15,596] {processor.py:171} INFO - Processing /home/airflow/.local/lib/python3.7/site-packages/airflow/example_dags/tutorial_taskflow_api_etl.py took 1.253 seconds
[2022-01-20 03:43:45,850] {processor.py:163} INFO - Started process (PID=5036) to work on /home/airflow/.local/lib/python3.7/site-packages/airflow/example_dags/tutorial_taskflow_api_etl.py
[2022-01-20 03:43:45,854] {processor.py:620} INFO - Processing file /home/airflow/.local/lib/python3.7/site-packages/airflow/example_dags/tutorial_taskflow_api_etl.py for tasks to queue
[2022-01-20 03:43:45,857] {logging_mixin.py:109} INFO - [2022-01-20 03:43:45,856] {dagbag.py:500} INFO - Filling up the DagBag from /home/airflow/.local/lib/python3.7/site-packages/airflow/example_dags/tutorial_taskflow_api_etl.py
[2022-01-20 03:43:45,933] {processor.py:632} INFO - DAG(s) dict_keys(['tutorial_taskflow_api_etl']) retrieved from /home/airflow/.local/lib/python3.7/site-packages/airflow/example_dags/tutorial_taskflow_api_etl.py
[2022-01-20 03:43:46,818] {logging_mixin.py:109} INFO - [2022-01-20 03:43:46,818] {dag.py:2389} INFO - Sync 1 DAGs
[2022-01-20 03:43:46,863] {logging_mixin.py:109} INFO - [2022-01-20 03:43:46,863] {dag.py:2914} INFO - Setting next_dagrun for tutorial_taskflow_api_etl to None
[2022-01-20 03:43:46,900] {processor.py:171} INFO - Processing /home/airflow/.local/lib/python3.7/site-packages/airflow/example_dags/tutorial_taskflow_api_etl.py took 1.056 seconds
[2022-01-20 03:44:17,316] {processor.py:163} INFO - Started process (PID=5150) to work on /home/airflow/.local/lib/python3.7/site-packages/airflow/example_dags/tutorial_taskflow_api_etl.py
[2022-01-20 03:44:17,321] {processor.py:620} INFO - Processing file /home/airflow/.local/lib/python3.7/site-packages/airflow/example_dags/tutorial_taskflow_api_etl.py for tasks to queue
[2022-01-20 03:44:17,324] {logging_mixin.py:109} INFO - [2022-01-20 03:44:17,324] {dagbag.py:500} INFO - Filling up the DagBag from /home/airflow/.local/lib/python3.7/site-packages/airflow/example_dags/tutorial_taskflow_api_etl.py
[2022-01-20 03:44:17,420] {processor.py:632} INFO - DAG(s) dict_keys(['tutorial_taskflow_api_etl']) retrieved from /home/airflow/.local/lib/python3.7/site-packages/airflow/example_dags/tutorial_taskflow_api_etl.py
[2022-01-20 03:44:18,436] {logging_mixin.py:109} INFO - [2022-01-20 03:44:18,436] {dag.py:2389} INFO - Sync 1 DAGs
[2022-01-20 03:44:18,491] {logging_mixin.py:109} INFO - [2022-01-20 03:44:18,491] {dag.py:2914} INFO - Setting next_dagrun for tutorial_taskflow_api_etl to None
[2022-01-20 03:44:18,523] {processor.py:171} INFO - Processing /home/airflow/.local/lib/python3.7/site-packages/airflow/example_dags/tutorial_taskflow_api_etl.py took 1.214 seconds
[2022-01-20 03:44:48,880] {processor.py:163} INFO - Started process (PID=5245) to work on /home/airflow/.local/lib/python3.7/site-packages/airflow/example_dags/tutorial_taskflow_api_etl.py
[2022-01-20 03:44:48,884] {processor.py:620} INFO - Processing file /home/airflow/.local/lib/python3.7/site-packages/airflow/example_dags/tutorial_taskflow_api_etl.py for tasks to queue
[2022-01-20 03:44:48,887] {logging_mixin.py:109} INFO - [2022-01-20 03:44:48,887] {dagbag.py:500} INFO - Filling up the DagBag from /home/airflow/.local/lib/python3.7/site-packages/airflow/example_dags/tutorial_taskflow_api_etl.py
[2022-01-20 03:44:48,958] {processor.py:632} INFO - DAG(s) dict_keys(['tutorial_taskflow_api_etl']) retrieved from /home/airflow/.local/lib/python3.7/site-packages/airflow/example_dags/tutorial_taskflow_api_etl.py
[2022-01-20 03:44:49,737] {logging_mixin.py:109} INFO - [2022-01-20 03:44:49,737] {dag.py:2389} INFO - Sync 1 DAGs
[2022-01-20 03:44:49,780] {logging_mixin.py:109} INFO - [2022-01-20 03:44:49,780] {dag.py:2914} INFO - Setting next_dagrun for tutorial_taskflow_api_etl to None
[2022-01-20 03:44:49,807] {processor.py:171} INFO - Processing /home/airflow/.local/lib/python3.7/site-packages/airflow/example_dags/tutorial_taskflow_api_etl.py took 0.934 seconds
[2022-01-20 03:45:20,505] {processor.py:163} INFO - Started process (PID=5357) to work on /home/airflow/.local/lib/python3.7/site-packages/airflow/example_dags/tutorial_taskflow_api_etl.py
[2022-01-20 03:45:20,510] {processor.py:620} INFO - Processing file /home/airflow/.local/lib/python3.7/site-packages/airflow/example_dags/tutorial_taskflow_api_etl.py for tasks to queue
[2022-01-20 03:45:20,513] {logging_mixin.py:109} INFO - [2022-01-20 03:45:20,513] {dagbag.py:500} INFO - Filling up the DagBag from /home/airflow/.local/lib/python3.7/site-packages/airflow/example_dags/tutorial_taskflow_api_etl.py
[2022-01-20 03:45:20,602] {processor.py:632} INFO - DAG(s) dict_keys(['tutorial_taskflow_api_etl']) retrieved from /home/airflow/.local/lib/python3.7/site-packages/airflow/example_dags/tutorial_taskflow_api_etl.py
[2022-01-20 03:45:21,610] {logging_mixin.py:109} INFO - [2022-01-20 03:45:21,609] {dag.py:2389} INFO - Sync 1 DAGs
[2022-01-20 03:45:21,663] {logging_mixin.py:109} INFO - [2022-01-20 03:45:21,662] {dag.py:2914} INFO - Setting next_dagrun for tutorial_taskflow_api_etl to None
[2022-01-20 03:45:21,697] {processor.py:171} INFO - Processing /home/airflow/.local/lib/python3.7/site-packages/airflow/example_dags/tutorial_taskflow_api_etl.py took 1.199 seconds
[2022-01-20 03:45:51,772] {processor.py:163} INFO - Started process (PID=5464) to work on /home/airflow/.local/lib/python3.7/site-packages/airflow/example_dags/tutorial_taskflow_api_etl.py
[2022-01-20 03:45:51,783] {processor.py:620} INFO - Processing file /home/airflow/.local/lib/python3.7/site-packages/airflow/example_dags/tutorial_taskflow_api_etl.py for tasks to queue
[2022-01-20 03:45:51,787] {logging_mixin.py:109} INFO - [2022-01-20 03:45:51,786] {dagbag.py:500} INFO - Filling up the DagBag from /home/airflow/.local/lib/python3.7/site-packages/airflow/example_dags/tutorial_taskflow_api_etl.py
[2022-01-20 03:45:51,887] {processor.py:632} INFO - DAG(s) dict_keys(['tutorial_taskflow_api_etl']) retrieved from /home/airflow/.local/lib/python3.7/site-packages/airflow/example_dags/tutorial_taskflow_api_etl.py
[2022-01-20 03:45:52,920] {logging_mixin.py:109} INFO - [2022-01-20 03:45:52,919] {dag.py:2389} INFO - Sync 1 DAGs
[2022-01-20 03:45:52,989] {logging_mixin.py:109} INFO - [2022-01-20 03:45:52,989] {dag.py:2914} INFO - Setting next_dagrun for tutorial_taskflow_api_etl to None
[2022-01-20 03:45:53,029] {processor.py:171} INFO - Processing /home/airflow/.local/lib/python3.7/site-packages/airflow/example_dags/tutorial_taskflow_api_etl.py took 1.265 seconds
[2022-01-20 03:46:23,415] {processor.py:163} INFO - Started process (PID=5569) to work on /home/airflow/.local/lib/python3.7/site-packages/airflow/example_dags/tutorial_taskflow_api_etl.py
[2022-01-20 03:46:23,420] {processor.py:620} INFO - Processing file /home/airflow/.local/lib/python3.7/site-packages/airflow/example_dags/tutorial_taskflow_api_etl.py for tasks to queue
[2022-01-20 03:46:23,423] {logging_mixin.py:109} INFO - [2022-01-20 03:46:23,423] {dagbag.py:500} INFO - Filling up the DagBag from /home/airflow/.local/lib/python3.7/site-packages/airflow/example_dags/tutorial_taskflow_api_etl.py
[2022-01-20 03:46:23,513] {processor.py:632} INFO - DAG(s) dict_keys(['tutorial_taskflow_api_etl']) retrieved from /home/airflow/.local/lib/python3.7/site-packages/airflow/example_dags/tutorial_taskflow_api_etl.py
[2022-01-20 03:46:24,543] {logging_mixin.py:109} INFO - [2022-01-20 03:46:24,542] {dag.py:2389} INFO - Sync 1 DAGs
[2022-01-20 03:46:24,601] {logging_mixin.py:109} INFO - [2022-01-20 03:46:24,600] {dag.py:2914} INFO - Setting next_dagrun for tutorial_taskflow_api_etl to None
[2022-01-20 03:46:24,635] {processor.py:171} INFO - Processing /home/airflow/.local/lib/python3.7/site-packages/airflow/example_dags/tutorial_taskflow_api_etl.py took 1.228 seconds
[2022-01-20 03:46:54,856] {processor.py:163} INFO - Started process (PID=5690) to work on /home/airflow/.local/lib/python3.7/site-packages/airflow/example_dags/tutorial_taskflow_api_etl.py
[2022-01-20 03:46:54,860] {processor.py:620} INFO - Processing file /home/airflow/.local/lib/python3.7/site-packages/airflow/example_dags/tutorial_taskflow_api_etl.py for tasks to queue
[2022-01-20 03:46:54,864] {logging_mixin.py:109} INFO - [2022-01-20 03:46:54,863] {dagbag.py:500} INFO - Filling up the DagBag from /home/airflow/.local/lib/python3.7/site-packages/airflow/example_dags/tutorial_taskflow_api_etl.py
[2022-01-20 03:46:54,959] {processor.py:632} INFO - DAG(s) dict_keys(['tutorial_taskflow_api_etl']) retrieved from /home/airflow/.local/lib/python3.7/site-packages/airflow/example_dags/tutorial_taskflow_api_etl.py
[2022-01-20 03:46:55,987] {logging_mixin.py:109} INFO - [2022-01-20 03:46:55,986] {dag.py:2389} INFO - Sync 1 DAGs
[2022-01-20 03:46:56,046] {logging_mixin.py:109} INFO - [2022-01-20 03:46:56,046] {dag.py:2914} INFO - Setting next_dagrun for tutorial_taskflow_api_etl to None
[2022-01-20 03:46:56,093] {processor.py:171} INFO - Processing /home/airflow/.local/lib/python3.7/site-packages/airflow/example_dags/tutorial_taskflow_api_etl.py took 1.247 seconds
[2022-01-20 03:47:26,236] {processor.py:163} INFO - Started process (PID=5786) to work on /home/airflow/.local/lib/python3.7/site-packages/airflow/example_dags/tutorial_taskflow_api_etl.py
[2022-01-20 03:47:26,240] {processor.py:620} INFO - Processing file /home/airflow/.local/lib/python3.7/site-packages/airflow/example_dags/tutorial_taskflow_api_etl.py for tasks to queue
[2022-01-20 03:47:26,243] {logging_mixin.py:109} INFO - [2022-01-20 03:47:26,243] {dagbag.py:500} INFO - Filling up the DagBag from /home/airflow/.local/lib/python3.7/site-packages/airflow/example_dags/tutorial_taskflow_api_etl.py
[2022-01-20 03:47:26,329] {processor.py:632} INFO - DAG(s) dict_keys(['tutorial_taskflow_api_etl']) retrieved from /home/airflow/.local/lib/python3.7/site-packages/airflow/example_dags/tutorial_taskflow_api_etl.py
[2022-01-20 03:47:27,239] {logging_mixin.py:109} INFO - [2022-01-20 03:47:27,238] {dag.py:2389} INFO - Sync 1 DAGs
[2022-01-20 03:47:27,288] {logging_mixin.py:109} INFO - [2022-01-20 03:47:27,287] {dag.py:2914} INFO - Setting next_dagrun for tutorial_taskflow_api_etl to None
[2022-01-20 03:47:27,318] {processor.py:171} INFO - Processing /home/airflow/.local/lib/python3.7/site-packages/airflow/example_dags/tutorial_taskflow_api_etl.py took 1.091 seconds
[2022-01-20 03:47:58,109] {processor.py:163} INFO - Started process (PID=5899) to work on /home/airflow/.local/lib/python3.7/site-packages/airflow/example_dags/tutorial_taskflow_api_etl.py
[2022-01-20 03:47:58,113] {processor.py:620} INFO - Processing file /home/airflow/.local/lib/python3.7/site-packages/airflow/example_dags/tutorial_taskflow_api_etl.py for tasks to queue
[2022-01-20 03:47:58,116] {logging_mixin.py:109} INFO - [2022-01-20 03:47:58,116] {dagbag.py:500} INFO - Filling up the DagBag from /home/airflow/.local/lib/python3.7/site-packages/airflow/example_dags/tutorial_taskflow_api_etl.py
[2022-01-20 03:47:58,205] {processor.py:632} INFO - DAG(s) dict_keys(['tutorial_taskflow_api_etl']) retrieved from /home/airflow/.local/lib/python3.7/site-packages/airflow/example_dags/tutorial_taskflow_api_etl.py
[2022-01-20 03:47:59,305] {logging_mixin.py:109} INFO - [2022-01-20 03:47:59,305] {dag.py:2389} INFO - Sync 1 DAGs
[2022-01-20 03:47:59,367] {logging_mixin.py:109} INFO - [2022-01-20 03:47:59,366] {dag.py:2914} INFO - Setting next_dagrun for tutorial_taskflow_api_etl to None
[2022-01-20 03:47:59,414] {processor.py:171} INFO - Processing /home/airflow/.local/lib/python3.7/site-packages/airflow/example_dags/tutorial_taskflow_api_etl.py took 1.311 seconds
[2022-01-20 03:48:30,130] {processor.py:163} INFO - Started process (PID=5996) to work on /home/airflow/.local/lib/python3.7/site-packages/airflow/example_dags/tutorial_taskflow_api_etl.py
[2022-01-20 03:48:30,135] {processor.py:620} INFO - Processing file /home/airflow/.local/lib/python3.7/site-packages/airflow/example_dags/tutorial_taskflow_api_etl.py for tasks to queue
[2022-01-20 03:48:30,138] {logging_mixin.py:109} INFO - [2022-01-20 03:48:30,137] {dagbag.py:500} INFO - Filling up the DagBag from /home/airflow/.local/lib/python3.7/site-packages/airflow/example_dags/tutorial_taskflow_api_etl.py
[2022-01-20 03:48:30,206] {processor.py:632} INFO - DAG(s) dict_keys(['tutorial_taskflow_api_etl']) retrieved from /home/airflow/.local/lib/python3.7/site-packages/airflow/example_dags/tutorial_taskflow_api_etl.py
[2022-01-20 03:48:31,054] {logging_mixin.py:109} INFO - [2022-01-20 03:48:31,054] {dag.py:2389} INFO - Sync 1 DAGs
[2022-01-20 03:48:31,104] {logging_mixin.py:109} INFO - [2022-01-20 03:48:31,104] {dag.py:2914} INFO - Setting next_dagrun for tutorial_taskflow_api_etl to None
[2022-01-20 03:48:31,138] {processor.py:171} INFO - Processing /home/airflow/.local/lib/python3.7/site-packages/airflow/example_dags/tutorial_taskflow_api_etl.py took 1.015 seconds
[2022-01-20 03:49:01,201] {processor.py:163} INFO - Started process (PID=6109) to work on /home/airflow/.local/lib/python3.7/site-packages/airflow/example_dags/tutorial_taskflow_api_etl.py
[2022-01-20 03:49:01,205] {processor.py:620} INFO - Processing file /home/airflow/.local/lib/python3.7/site-packages/airflow/example_dags/tutorial_taskflow_api_etl.py for tasks to queue
[2022-01-20 03:49:01,208] {logging_mixin.py:109} INFO - [2022-01-20 03:49:01,208] {dagbag.py:500} INFO - Filling up the DagBag from /home/airflow/.local/lib/python3.7/site-packages/airflow/example_dags/tutorial_taskflow_api_etl.py
[2022-01-20 03:49:01,308] {processor.py:632} INFO - DAG(s) dict_keys(['tutorial_taskflow_api_etl']) retrieved from /home/airflow/.local/lib/python3.7/site-packages/airflow/example_dags/tutorial_taskflow_api_etl.py
[2022-01-20 03:49:02,281] {logging_mixin.py:109} INFO - [2022-01-20 03:49:02,281] {dag.py:2389} INFO - Sync 1 DAGs
[2022-01-20 03:49:02,329] {logging_mixin.py:109} INFO - [2022-01-20 03:49:02,329] {dag.py:2914} INFO - Setting next_dagrun for tutorial_taskflow_api_etl to None
[2022-01-20 03:49:02,362] {processor.py:171} INFO - Processing /home/airflow/.local/lib/python3.7/site-packages/airflow/example_dags/tutorial_taskflow_api_etl.py took 1.169 seconds
[2022-01-20 03:49:32,520] {processor.py:163} INFO - Started process (PID=6218) to work on /home/airflow/.local/lib/python3.7/site-packages/airflow/example_dags/tutorial_taskflow_api_etl.py
[2022-01-20 03:49:32,525] {processor.py:620} INFO - Processing file /home/airflow/.local/lib/python3.7/site-packages/airflow/example_dags/tutorial_taskflow_api_etl.py for tasks to queue
[2022-01-20 03:49:32,528] {logging_mixin.py:109} INFO - [2022-01-20 03:49:32,528] {dagbag.py:500} INFO - Filling up the DagBag from /home/airflow/.local/lib/python3.7/site-packages/airflow/example_dags/tutorial_taskflow_api_etl.py
[2022-01-20 03:49:32,620] {processor.py:632} INFO - DAG(s) dict_keys(['tutorial_taskflow_api_etl']) retrieved from /home/airflow/.local/lib/python3.7/site-packages/airflow/example_dags/tutorial_taskflow_api_etl.py
[2022-01-20 03:49:33,826] {logging_mixin.py:109} INFO - [2022-01-20 03:49:33,825] {dag.py:2389} INFO - Sync 1 DAGs
[2022-01-20 03:49:33,884] {logging_mixin.py:109} INFO - [2022-01-20 03:49:33,883] {dag.py:2914} INFO - Setting next_dagrun for tutorial_taskflow_api_etl to None
[2022-01-20 03:49:33,922] {processor.py:171} INFO - Processing /home/airflow/.local/lib/python3.7/site-packages/airflow/example_dags/tutorial_taskflow_api_etl.py took 1.409 seconds
[2022-01-20 03:50:04,529] {processor.py:163} INFO - Started process (PID=6316) to work on /home/airflow/.local/lib/python3.7/site-packages/airflow/example_dags/tutorial_taskflow_api_etl.py
[2022-01-20 03:50:04,532] {processor.py:620} INFO - Processing file /home/airflow/.local/lib/python3.7/site-packages/airflow/example_dags/tutorial_taskflow_api_etl.py for tasks to queue
[2022-01-20 03:50:04,535] {logging_mixin.py:109} INFO - [2022-01-20 03:50:04,534] {dagbag.py:500} INFO - Filling up the DagBag from /home/airflow/.local/lib/python3.7/site-packages/airflow/example_dags/tutorial_taskflow_api_etl.py
[2022-01-20 03:50:04,621] {processor.py:632} INFO - DAG(s) dict_keys(['tutorial_taskflow_api_etl']) retrieved from /home/airflow/.local/lib/python3.7/site-packages/airflow/example_dags/tutorial_taskflow_api_etl.py
[2022-01-20 03:50:05,797] {logging_mixin.py:109} INFO - [2022-01-20 03:50:05,796] {dag.py:2389} INFO - Sync 1 DAGs
[2022-01-20 03:50:05,848] {logging_mixin.py:109} INFO - [2022-01-20 03:50:05,848] {dag.py:2914} INFO - Setting next_dagrun for tutorial_taskflow_api_etl to None
[2022-01-20 03:50:05,883] {processor.py:171} INFO - Processing /home/airflow/.local/lib/python3.7/site-packages/airflow/example_dags/tutorial_taskflow_api_etl.py took 1.361 seconds
[2022-01-20 03:50:35,958] {processor.py:163} INFO - Started process (PID=6426) to work on /home/airflow/.local/lib/python3.7/site-packages/airflow/example_dags/tutorial_taskflow_api_etl.py
[2022-01-20 03:50:35,962] {processor.py:620} INFO - Processing file /home/airflow/.local/lib/python3.7/site-packages/airflow/example_dags/tutorial_taskflow_api_etl.py for tasks to queue
[2022-01-20 03:50:35,965] {logging_mixin.py:109} INFO - [2022-01-20 03:50:35,964] {dagbag.py:500} INFO - Filling up the DagBag from /home/airflow/.local/lib/python3.7/site-packages/airflow/example_dags/tutorial_taskflow_api_etl.py
[2022-01-20 03:50:36,052] {processor.py:632} INFO - DAG(s) dict_keys(['tutorial_taskflow_api_etl']) retrieved from /home/airflow/.local/lib/python3.7/site-packages/airflow/example_dags/tutorial_taskflow_api_etl.py
[2022-01-20 03:50:37,134] {logging_mixin.py:109} INFO - [2022-01-20 03:50:37,133] {dag.py:2389} INFO - Sync 1 DAGs
[2022-01-20 03:50:37,186] {logging_mixin.py:109} INFO - [2022-01-20 03:50:37,186] {dag.py:2914} INFO - Setting next_dagrun for tutorial_taskflow_api_etl to None
[2022-01-20 03:50:37,258] {processor.py:171} INFO - Processing /home/airflow/.local/lib/python3.7/site-packages/airflow/example_dags/tutorial_taskflow_api_etl.py took 1.308 seconds
[2022-01-20 03:51:07,318] {processor.py:163} INFO - Started process (PID=6526) to work on /home/airflow/.local/lib/python3.7/site-packages/airflow/example_dags/tutorial_taskflow_api_etl.py
[2022-01-20 03:51:07,321] {processor.py:620} INFO - Processing file /home/airflow/.local/lib/python3.7/site-packages/airflow/example_dags/tutorial_taskflow_api_etl.py for tasks to queue
[2022-01-20 03:51:07,323] {logging_mixin.py:109} INFO - [2022-01-20 03:51:07,323] {dagbag.py:500} INFO - Filling up the DagBag from /home/airflow/.local/lib/python3.7/site-packages/airflow/example_dags/tutorial_taskflow_api_etl.py
[2022-01-20 03:51:07,407] {processor.py:632} INFO - DAG(s) dict_keys(['tutorial_taskflow_api_etl']) retrieved from /home/airflow/.local/lib/python3.7/site-packages/airflow/example_dags/tutorial_taskflow_api_etl.py
[2022-01-20 03:51:08,191] {logging_mixin.py:109} INFO - [2022-01-20 03:51:08,190] {dag.py:2389} INFO - Sync 1 DAGs
[2022-01-20 03:51:08,237] {logging_mixin.py:109} INFO - [2022-01-20 03:51:08,237] {dag.py:2914} INFO - Setting next_dagrun for tutorial_taskflow_api_etl to None
[2022-01-20 03:51:08,267] {processor.py:171} INFO - Processing /home/airflow/.local/lib/python3.7/site-packages/airflow/example_dags/tutorial_taskflow_api_etl.py took 0.956 seconds
