[2022-01-20 03:20:36,100] {processor.py:163} INFO - Started process (PID=310) to work on /home/airflow/.local/lib/python3.7/site-packages/airflow/example_dags/tutorial_taskflow_api_etl_virtualenv.py
[2022-01-20 03:20:36,105] {processor.py:620} INFO - Processing file /home/airflow/.local/lib/python3.7/site-packages/airflow/example_dags/tutorial_taskflow_api_etl_virtualenv.py for tasks to queue
[2022-01-20 03:20:36,122] {logging_mixin.py:109} INFO - [2022-01-20 03:20:36,122] {dagbag.py:500} INFO - Filling up the DagBag from /home/airflow/.local/lib/python3.7/site-packages/airflow/example_dags/tutorial_taskflow_api_etl_virtualenv.py
[2022-01-20 03:20:36,454] {processor.py:632} INFO - DAG(s) dict_keys(['tutorial_taskflow_api_etl_virtualenv']) retrieved from /home/airflow/.local/lib/python3.7/site-packages/airflow/example_dags/tutorial_taskflow_api_etl_virtualenv.py
[2022-01-20 03:20:38,983] {logging_mixin.py:109} INFO - [2022-01-20 03:20:38,983] {dag.py:2389} INFO - Sync 1 DAGs
[2022-01-20 03:20:39,127] {logging_mixin.py:109} INFO - [2022-01-20 03:20:39,126] {dag.py:2914} INFO - Setting next_dagrun for tutorial_taskflow_api_etl_virtualenv to None
[2022-01-20 03:20:39,236] {processor.py:171} INFO - Processing /home/airflow/.local/lib/python3.7/site-packages/airflow/example_dags/tutorial_taskflow_api_etl_virtualenv.py took 3.164 seconds
[2022-01-20 03:21:09,469] {processor.py:163} INFO - Started process (PID=417) to work on /home/airflow/.local/lib/python3.7/site-packages/airflow/example_dags/tutorial_taskflow_api_etl_virtualenv.py
[2022-01-20 03:21:09,482] {processor.py:620} INFO - Processing file /home/airflow/.local/lib/python3.7/site-packages/airflow/example_dags/tutorial_taskflow_api_etl_virtualenv.py for tasks to queue
[2022-01-20 03:21:09,486] {logging_mixin.py:109} INFO - [2022-01-20 03:21:09,485] {dagbag.py:500} INFO - Filling up the DagBag from /home/airflow/.local/lib/python3.7/site-packages/airflow/example_dags/tutorial_taskflow_api_etl_virtualenv.py
[2022-01-20 03:21:09,745] {processor.py:632} INFO - DAG(s) dict_keys(['tutorial_taskflow_api_etl_virtualenv']) retrieved from /home/airflow/.local/lib/python3.7/site-packages/airflow/example_dags/tutorial_taskflow_api_etl_virtualenv.py
[2022-01-20 03:21:11,747] {logging_mixin.py:109} INFO - [2022-01-20 03:21:11,746] {dag.py:2389} INFO - Sync 1 DAGs
[2022-01-20 03:21:11,888] {logging_mixin.py:109} INFO - [2022-01-20 03:21:11,887] {dag.py:2914} INFO - Setting next_dagrun for tutorial_taskflow_api_etl_virtualenv to None
[2022-01-20 03:21:11,996] {processor.py:171} INFO - Processing /home/airflow/.local/lib/python3.7/site-packages/airflow/example_dags/tutorial_taskflow_api_etl_virtualenv.py took 2.536 seconds
[2022-01-20 03:21:42,443] {processor.py:163} INFO - Started process (PID=535) to work on /home/airflow/.local/lib/python3.7/site-packages/airflow/example_dags/tutorial_taskflow_api_etl_virtualenv.py
[2022-01-20 03:21:42,447] {processor.py:620} INFO - Processing file /home/airflow/.local/lib/python3.7/site-packages/airflow/example_dags/tutorial_taskflow_api_etl_virtualenv.py for tasks to queue
[2022-01-20 03:21:42,450] {logging_mixin.py:109} INFO - [2022-01-20 03:21:42,450] {dagbag.py:500} INFO - Filling up the DagBag from /home/airflow/.local/lib/python3.7/site-packages/airflow/example_dags/tutorial_taskflow_api_etl_virtualenv.py
[2022-01-20 03:21:42,533] {processor.py:632} INFO - DAG(s) dict_keys(['tutorial_taskflow_api_etl_virtualenv']) retrieved from /home/airflow/.local/lib/python3.7/site-packages/airflow/example_dags/tutorial_taskflow_api_etl_virtualenv.py
[2022-01-20 03:21:43,652] {logging_mixin.py:109} INFO - [2022-01-20 03:21:43,652] {dag.py:2389} INFO - Sync 1 DAGs
[2022-01-20 03:21:43,705] {logging_mixin.py:109} INFO - [2022-01-20 03:21:43,704] {dag.py:2914} INFO - Setting next_dagrun for tutorial_taskflow_api_etl_virtualenv to None
[2022-01-20 03:21:43,740] {processor.py:171} INFO - Processing /home/airflow/.local/lib/python3.7/site-packages/airflow/example_dags/tutorial_taskflow_api_etl_virtualenv.py took 1.304 seconds
[2022-01-20 03:22:14,084] {processor.py:163} INFO - Started process (PID=654) to work on /home/airflow/.local/lib/python3.7/site-packages/airflow/example_dags/tutorial_taskflow_api_etl_virtualenv.py
[2022-01-20 03:22:14,096] {processor.py:620} INFO - Processing file /home/airflow/.local/lib/python3.7/site-packages/airflow/example_dags/tutorial_taskflow_api_etl_virtualenv.py for tasks to queue
[2022-01-20 03:22:14,101] {logging_mixin.py:109} INFO - [2022-01-20 03:22:14,100] {dagbag.py:500} INFO - Filling up the DagBag from /home/airflow/.local/lib/python3.7/site-packages/airflow/example_dags/tutorial_taskflow_api_etl_virtualenv.py
[2022-01-20 03:22:14,204] {processor.py:632} INFO - DAG(s) dict_keys(['tutorial_taskflow_api_etl_virtualenv']) retrieved from /home/airflow/.local/lib/python3.7/site-packages/airflow/example_dags/tutorial_taskflow_api_etl_virtualenv.py
[2022-01-20 03:22:15,355] {logging_mixin.py:109} INFO - [2022-01-20 03:22:15,355] {dag.py:2389} INFO - Sync 1 DAGs
[2022-01-20 03:22:15,409] {logging_mixin.py:109} INFO - [2022-01-20 03:22:15,408] {dag.py:2914} INFO - Setting next_dagrun for tutorial_taskflow_api_etl_virtualenv to None
[2022-01-20 03:22:15,444] {processor.py:171} INFO - Processing /home/airflow/.local/lib/python3.7/site-packages/airflow/example_dags/tutorial_taskflow_api_etl_virtualenv.py took 1.368 seconds
[2022-01-20 03:22:45,604] {processor.py:163} INFO - Started process (PID=751) to work on /home/airflow/.local/lib/python3.7/site-packages/airflow/example_dags/tutorial_taskflow_api_etl_virtualenv.py
[2022-01-20 03:22:45,608] {processor.py:620} INFO - Processing file /home/airflow/.local/lib/python3.7/site-packages/airflow/example_dags/tutorial_taskflow_api_etl_virtualenv.py for tasks to queue
[2022-01-20 03:22:45,611] {logging_mixin.py:109} INFO - [2022-01-20 03:22:45,611] {dagbag.py:500} INFO - Filling up the DagBag from /home/airflow/.local/lib/python3.7/site-packages/airflow/example_dags/tutorial_taskflow_api_etl_virtualenv.py
[2022-01-20 03:22:45,693] {processor.py:632} INFO - DAG(s) dict_keys(['tutorial_taskflow_api_etl_virtualenv']) retrieved from /home/airflow/.local/lib/python3.7/site-packages/airflow/example_dags/tutorial_taskflow_api_etl_virtualenv.py
[2022-01-20 03:22:46,699] {logging_mixin.py:109} INFO - [2022-01-20 03:22:46,698] {dag.py:2389} INFO - Sync 1 DAGs
[2022-01-20 03:22:46,745] {logging_mixin.py:109} INFO - [2022-01-20 03:22:46,744] {dag.py:2914} INFO - Setting next_dagrun for tutorial_taskflow_api_etl_virtualenv to None
[2022-01-20 03:22:46,772] {processor.py:171} INFO - Processing /home/airflow/.local/lib/python3.7/site-packages/airflow/example_dags/tutorial_taskflow_api_etl_virtualenv.py took 1.175 seconds
[2022-01-20 03:23:16,901] {processor.py:163} INFO - Started process (PID=866) to work on /home/airflow/.local/lib/python3.7/site-packages/airflow/example_dags/tutorial_taskflow_api_etl_virtualenv.py
[2022-01-20 03:23:16,906] {processor.py:620} INFO - Processing file /home/airflow/.local/lib/python3.7/site-packages/airflow/example_dags/tutorial_taskflow_api_etl_virtualenv.py for tasks to queue
[2022-01-20 03:23:16,910] {logging_mixin.py:109} INFO - [2022-01-20 03:23:16,909] {dagbag.py:500} INFO - Filling up the DagBag from /home/airflow/.local/lib/python3.7/site-packages/airflow/example_dags/tutorial_taskflow_api_etl_virtualenv.py
[2022-01-20 03:23:17,004] {processor.py:632} INFO - DAG(s) dict_keys(['tutorial_taskflow_api_etl_virtualenv']) retrieved from /home/airflow/.local/lib/python3.7/site-packages/airflow/example_dags/tutorial_taskflow_api_etl_virtualenv.py
[2022-01-20 03:23:18,244] {logging_mixin.py:109} INFO - [2022-01-20 03:23:18,244] {dag.py:2389} INFO - Sync 1 DAGs
[2022-01-20 03:23:18,304] {logging_mixin.py:109} INFO - [2022-01-20 03:23:18,303] {dag.py:2914} INFO - Setting next_dagrun for tutorial_taskflow_api_etl_virtualenv to None
[2022-01-20 03:23:18,365] {processor.py:171} INFO - Processing /home/airflow/.local/lib/python3.7/site-packages/airflow/example_dags/tutorial_taskflow_api_etl_virtualenv.py took 1.471 seconds
[2022-01-20 03:23:49,220] {processor.py:163} INFO - Started process (PID=966) to work on /home/airflow/.local/lib/python3.7/site-packages/airflow/example_dags/tutorial_taskflow_api_etl_virtualenv.py
[2022-01-20 03:23:49,224] {processor.py:620} INFO - Processing file /home/airflow/.local/lib/python3.7/site-packages/airflow/example_dags/tutorial_taskflow_api_etl_virtualenv.py for tasks to queue
[2022-01-20 03:23:49,227] {logging_mixin.py:109} INFO - [2022-01-20 03:23:49,227] {dagbag.py:500} INFO - Filling up the DagBag from /home/airflow/.local/lib/python3.7/site-packages/airflow/example_dags/tutorial_taskflow_api_etl_virtualenv.py
[2022-01-20 03:23:49,303] {processor.py:632} INFO - DAG(s) dict_keys(['tutorial_taskflow_api_etl_virtualenv']) retrieved from /home/airflow/.local/lib/python3.7/site-packages/airflow/example_dags/tutorial_taskflow_api_etl_virtualenv.py
[2022-01-20 03:23:50,159] {logging_mixin.py:109} INFO - [2022-01-20 03:23:50,158] {dag.py:2389} INFO - Sync 1 DAGs
[2022-01-20 03:23:50,200] {logging_mixin.py:109} INFO - [2022-01-20 03:23:50,200] {dag.py:2914} INFO - Setting next_dagrun for tutorial_taskflow_api_etl_virtualenv to None
[2022-01-20 03:23:50,230] {processor.py:171} INFO - Processing /home/airflow/.local/lib/python3.7/site-packages/airflow/example_dags/tutorial_taskflow_api_etl_virtualenv.py took 1.018 seconds
[2022-01-20 03:24:21,255] {processor.py:163} INFO - Started process (PID=1082) to work on /home/airflow/.local/lib/python3.7/site-packages/airflow/example_dags/tutorial_taskflow_api_etl_virtualenv.py
[2022-01-20 03:24:21,259] {processor.py:620} INFO - Processing file /home/airflow/.local/lib/python3.7/site-packages/airflow/example_dags/tutorial_taskflow_api_etl_virtualenv.py for tasks to queue
[2022-01-20 03:24:21,263] {logging_mixin.py:109} INFO - [2022-01-20 03:24:21,262] {dagbag.py:500} INFO - Filling up the DagBag from /home/airflow/.local/lib/python3.7/site-packages/airflow/example_dags/tutorial_taskflow_api_etl_virtualenv.py
[2022-01-20 03:24:21,362] {processor.py:632} INFO - DAG(s) dict_keys(['tutorial_taskflow_api_etl_virtualenv']) retrieved from /home/airflow/.local/lib/python3.7/site-packages/airflow/example_dags/tutorial_taskflow_api_etl_virtualenv.py
[2022-01-20 03:24:22,452] {logging_mixin.py:109} INFO - [2022-01-20 03:24:22,451] {dag.py:2389} INFO - Sync 1 DAGs
[2022-01-20 03:24:22,500] {logging_mixin.py:109} INFO - [2022-01-20 03:24:22,499] {dag.py:2914} INFO - Setting next_dagrun for tutorial_taskflow_api_etl_virtualenv to None
[2022-01-20 03:24:22,534] {processor.py:171} INFO - Processing /home/airflow/.local/lib/python3.7/site-packages/airflow/example_dags/tutorial_taskflow_api_etl_virtualenv.py took 1.288 seconds
[2022-01-20 03:24:52,905] {processor.py:163} INFO - Started process (PID=1196) to work on /home/airflow/.local/lib/python3.7/site-packages/airflow/example_dags/tutorial_taskflow_api_etl_virtualenv.py
[2022-01-20 03:24:52,910] {processor.py:620} INFO - Processing file /home/airflow/.local/lib/python3.7/site-packages/airflow/example_dags/tutorial_taskflow_api_etl_virtualenv.py for tasks to queue
[2022-01-20 03:24:52,917] {logging_mixin.py:109} INFO - [2022-01-20 03:24:52,917] {dagbag.py:500} INFO - Filling up the DagBag from /home/airflow/.local/lib/python3.7/site-packages/airflow/example_dags/tutorial_taskflow_api_etl_virtualenv.py
[2022-01-20 03:24:53,009] {processor.py:632} INFO - DAG(s) dict_keys(['tutorial_taskflow_api_etl_virtualenv']) retrieved from /home/airflow/.local/lib/python3.7/site-packages/airflow/example_dags/tutorial_taskflow_api_etl_virtualenv.py
[2022-01-20 03:24:54,148] {logging_mixin.py:109} INFO - [2022-01-20 03:24:54,148] {dag.py:2389} INFO - Sync 1 DAGs
[2022-01-20 03:24:54,198] {logging_mixin.py:109} INFO - [2022-01-20 03:24:54,198] {dag.py:2914} INFO - Setting next_dagrun for tutorial_taskflow_api_etl_virtualenv to None
[2022-01-20 03:24:54,230] {processor.py:171} INFO - Processing /home/airflow/.local/lib/python3.7/site-packages/airflow/example_dags/tutorial_taskflow_api_etl_virtualenv.py took 1.334 seconds
[2022-01-20 03:25:24,876] {processor.py:163} INFO - Started process (PID=1293) to work on /home/airflow/.local/lib/python3.7/site-packages/airflow/example_dags/tutorial_taskflow_api_etl_virtualenv.py
[2022-01-20 03:25:24,882] {processor.py:620} INFO - Processing file /home/airflow/.local/lib/python3.7/site-packages/airflow/example_dags/tutorial_taskflow_api_etl_virtualenv.py for tasks to queue
[2022-01-20 03:25:24,885] {logging_mixin.py:109} INFO - [2022-01-20 03:25:24,884] {dagbag.py:500} INFO - Filling up the DagBag from /home/airflow/.local/lib/python3.7/site-packages/airflow/example_dags/tutorial_taskflow_api_etl_virtualenv.py
[2022-01-20 03:25:24,970] {processor.py:632} INFO - DAG(s) dict_keys(['tutorial_taskflow_api_etl_virtualenv']) retrieved from /home/airflow/.local/lib/python3.7/site-packages/airflow/example_dags/tutorial_taskflow_api_etl_virtualenv.py
[2022-01-20 03:25:26,073] {logging_mixin.py:109} INFO - [2022-01-20 03:25:26,072] {dag.py:2389} INFO - Sync 1 DAGs
[2022-01-20 03:25:26,129] {logging_mixin.py:109} INFO - [2022-01-20 03:25:26,129] {dag.py:2914} INFO - Setting next_dagrun for tutorial_taskflow_api_etl_virtualenv to None
[2022-01-20 03:25:26,166] {processor.py:171} INFO - Processing /home/airflow/.local/lib/python3.7/site-packages/airflow/example_dags/tutorial_taskflow_api_etl_virtualenv.py took 1.298 seconds
[2022-01-20 03:25:56,282] {processor.py:163} INFO - Started process (PID=1414) to work on /home/airflow/.local/lib/python3.7/site-packages/airflow/example_dags/tutorial_taskflow_api_etl_virtualenv.py
[2022-01-20 03:25:56,286] {processor.py:620} INFO - Processing file /home/airflow/.local/lib/python3.7/site-packages/airflow/example_dags/tutorial_taskflow_api_etl_virtualenv.py for tasks to queue
[2022-01-20 03:25:56,289] {logging_mixin.py:109} INFO - [2022-01-20 03:25:56,289] {dagbag.py:500} INFO - Filling up the DagBag from /home/airflow/.local/lib/python3.7/site-packages/airflow/example_dags/tutorial_taskflow_api_etl_virtualenv.py
[2022-01-20 03:25:56,376] {processor.py:632} INFO - DAG(s) dict_keys(['tutorial_taskflow_api_etl_virtualenv']) retrieved from /home/airflow/.local/lib/python3.7/site-packages/airflow/example_dags/tutorial_taskflow_api_etl_virtualenv.py
[2022-01-20 03:25:57,581] {logging_mixin.py:109} INFO - [2022-01-20 03:25:57,581] {dag.py:2389} INFO - Sync 1 DAGs
[2022-01-20 03:25:57,639] {logging_mixin.py:109} INFO - [2022-01-20 03:25:57,638] {dag.py:2914} INFO - Setting next_dagrun for tutorial_taskflow_api_etl_virtualenv to None
[2022-01-20 03:25:57,674] {processor.py:171} INFO - Processing /home/airflow/.local/lib/python3.7/site-packages/airflow/example_dags/tutorial_taskflow_api_etl_virtualenv.py took 1.399 seconds
[2022-01-20 03:26:27,966] {processor.py:163} INFO - Started process (PID=1511) to work on /home/airflow/.local/lib/python3.7/site-packages/airflow/example_dags/tutorial_taskflow_api_etl_virtualenv.py
[2022-01-20 03:26:27,970] {processor.py:620} INFO - Processing file /home/airflow/.local/lib/python3.7/site-packages/airflow/example_dags/tutorial_taskflow_api_etl_virtualenv.py for tasks to queue
[2022-01-20 03:26:27,973] {logging_mixin.py:109} INFO - [2022-01-20 03:26:27,973] {dagbag.py:500} INFO - Filling up the DagBag from /home/airflow/.local/lib/python3.7/site-packages/airflow/example_dags/tutorial_taskflow_api_etl_virtualenv.py
[2022-01-20 03:26:28,065] {processor.py:632} INFO - DAG(s) dict_keys(['tutorial_taskflow_api_etl_virtualenv']) retrieved from /home/airflow/.local/lib/python3.7/site-packages/airflow/example_dags/tutorial_taskflow_api_etl_virtualenv.py
[2022-01-20 03:26:29,172] {logging_mixin.py:109} INFO - [2022-01-20 03:26:29,171] {dag.py:2389} INFO - Sync 1 DAGs
[2022-01-20 03:26:29,225] {logging_mixin.py:109} INFO - [2022-01-20 03:26:29,225] {dag.py:2914} INFO - Setting next_dagrun for tutorial_taskflow_api_etl_virtualenv to None
[2022-01-20 03:26:29,268] {processor.py:171} INFO - Processing /home/airflow/.local/lib/python3.7/site-packages/airflow/example_dags/tutorial_taskflow_api_etl_virtualenv.py took 1.310 seconds
[2022-01-20 03:27:01,552] {processor.py:163} INFO - Started process (PID=1629) to work on /home/airflow/.local/lib/python3.7/site-packages/airflow/example_dags/tutorial_taskflow_api_etl_virtualenv.py
[2022-01-20 03:27:01,558] {processor.py:620} INFO - Processing file /home/airflow/.local/lib/python3.7/site-packages/airflow/example_dags/tutorial_taskflow_api_etl_virtualenv.py for tasks to queue
[2022-01-20 03:27:01,561] {logging_mixin.py:109} INFO - [2022-01-20 03:27:01,561] {dagbag.py:500} INFO - Filling up the DagBag from /home/airflow/.local/lib/python3.7/site-packages/airflow/example_dags/tutorial_taskflow_api_etl_virtualenv.py
[2022-01-20 03:27:01,655] {processor.py:632} INFO - DAG(s) dict_keys(['tutorial_taskflow_api_etl_virtualenv']) retrieved from /home/airflow/.local/lib/python3.7/site-packages/airflow/example_dags/tutorial_taskflow_api_etl_virtualenv.py
[2022-01-20 03:27:02,794] {logging_mixin.py:109} INFO - [2022-01-20 03:27:02,794] {dag.py:2389} INFO - Sync 1 DAGs
[2022-01-20 03:27:02,852] {logging_mixin.py:109} INFO - [2022-01-20 03:27:02,851] {dag.py:2914} INFO - Setting next_dagrun for tutorial_taskflow_api_etl_virtualenv to None
[2022-01-20 03:27:02,897] {processor.py:171} INFO - Processing /home/airflow/.local/lib/python3.7/site-packages/airflow/example_dags/tutorial_taskflow_api_etl_virtualenv.py took 1.360 seconds
[2022-01-20 03:27:35,039] {processor.py:163} INFO - Started process (PID=1752) to work on /home/airflow/.local/lib/python3.7/site-packages/airflow/example_dags/tutorial_taskflow_api_etl_virtualenv.py
[2022-01-20 03:27:35,049] {processor.py:620} INFO - Processing file /home/airflow/.local/lib/python3.7/site-packages/airflow/example_dags/tutorial_taskflow_api_etl_virtualenv.py for tasks to queue
[2022-01-20 03:27:35,053] {logging_mixin.py:109} INFO - [2022-01-20 03:27:35,053] {dagbag.py:500} INFO - Filling up the DagBag from /home/airflow/.local/lib/python3.7/site-packages/airflow/example_dags/tutorial_taskflow_api_etl_virtualenv.py
[2022-01-20 03:27:35,168] {processor.py:632} INFO - DAG(s) dict_keys(['tutorial_taskflow_api_etl_virtualenv']) retrieved from /home/airflow/.local/lib/python3.7/site-packages/airflow/example_dags/tutorial_taskflow_api_etl_virtualenv.py
[2022-01-20 03:27:36,505] {logging_mixin.py:109} INFO - [2022-01-20 03:27:36,504] {dag.py:2389} INFO - Sync 1 DAGs
[2022-01-20 03:27:36,558] {logging_mixin.py:109} INFO - [2022-01-20 03:27:36,558] {dag.py:2914} INFO - Setting next_dagrun for tutorial_taskflow_api_etl_virtualenv to None
[2022-01-20 03:27:36,593] {processor.py:171} INFO - Processing /home/airflow/.local/lib/python3.7/site-packages/airflow/example_dags/tutorial_taskflow_api_etl_virtualenv.py took 1.562 seconds
[2022-01-20 03:28:07,551] {processor.py:163} INFO - Started process (PID=1858) to work on /home/airflow/.local/lib/python3.7/site-packages/airflow/example_dags/tutorial_taskflow_api_etl_virtualenv.py
[2022-01-20 03:28:07,556] {processor.py:620} INFO - Processing file /home/airflow/.local/lib/python3.7/site-packages/airflow/example_dags/tutorial_taskflow_api_etl_virtualenv.py for tasks to queue
[2022-01-20 03:28:07,559] {logging_mixin.py:109} INFO - [2022-01-20 03:28:07,558] {dagbag.py:500} INFO - Filling up the DagBag from /home/airflow/.local/lib/python3.7/site-packages/airflow/example_dags/tutorial_taskflow_api_etl_virtualenv.py
[2022-01-20 03:28:07,644] {processor.py:632} INFO - DAG(s) dict_keys(['tutorial_taskflow_api_etl_virtualenv']) retrieved from /home/airflow/.local/lib/python3.7/site-packages/airflow/example_dags/tutorial_taskflow_api_etl_virtualenv.py
[2022-01-20 03:28:08,567] {logging_mixin.py:109} INFO - [2022-01-20 03:28:08,566] {dag.py:2389} INFO - Sync 1 DAGs
[2022-01-20 03:28:08,607] {logging_mixin.py:109} INFO - [2022-01-20 03:28:08,607] {dag.py:2914} INFO - Setting next_dagrun for tutorial_taskflow_api_etl_virtualenv to None
[2022-01-20 03:28:08,634] {processor.py:171} INFO - Processing /home/airflow/.local/lib/python3.7/site-packages/airflow/example_dags/tutorial_taskflow_api_etl_virtualenv.py took 1.089 seconds
[2022-01-20 03:28:41,067] {processor.py:163} INFO - Started process (PID=1971) to work on /home/airflow/.local/lib/python3.7/site-packages/airflow/example_dags/tutorial_taskflow_api_etl_virtualenv.py
[2022-01-20 03:28:41,075] {processor.py:620} INFO - Processing file /home/airflow/.local/lib/python3.7/site-packages/airflow/example_dags/tutorial_taskflow_api_etl_virtualenv.py for tasks to queue
[2022-01-20 03:28:41,078] {logging_mixin.py:109} INFO - [2022-01-20 03:28:41,078] {dagbag.py:500} INFO - Filling up the DagBag from /home/airflow/.local/lib/python3.7/site-packages/airflow/example_dags/tutorial_taskflow_api_etl_virtualenv.py
[2022-01-20 03:28:41,170] {processor.py:632} INFO - DAG(s) dict_keys(['tutorial_taskflow_api_etl_virtualenv']) retrieved from /home/airflow/.local/lib/python3.7/site-packages/airflow/example_dags/tutorial_taskflow_api_etl_virtualenv.py
[2022-01-20 03:28:42,425] {logging_mixin.py:109} INFO - [2022-01-20 03:28:42,425] {dag.py:2389} INFO - Sync 1 DAGs
[2022-01-20 03:28:42,474] {logging_mixin.py:109} INFO - [2022-01-20 03:28:42,474] {dag.py:2914} INFO - Setting next_dagrun for tutorial_taskflow_api_etl_virtualenv to None
[2022-01-20 03:28:42,506] {processor.py:171} INFO - Processing /home/airflow/.local/lib/python3.7/site-packages/airflow/example_dags/tutorial_taskflow_api_etl_virtualenv.py took 1.446 seconds
[2022-01-20 03:29:13,741] {processor.py:163} INFO - Started process (PID=2091) to work on /home/airflow/.local/lib/python3.7/site-packages/airflow/example_dags/tutorial_taskflow_api_etl_virtualenv.py
[2022-01-20 03:29:13,746] {processor.py:620} INFO - Processing file /home/airflow/.local/lib/python3.7/site-packages/airflow/example_dags/tutorial_taskflow_api_etl_virtualenv.py for tasks to queue
[2022-01-20 03:29:13,750] {logging_mixin.py:109} INFO - [2022-01-20 03:29:13,750] {dagbag.py:500} INFO - Filling up the DagBag from /home/airflow/.local/lib/python3.7/site-packages/airflow/example_dags/tutorial_taskflow_api_etl_virtualenv.py
[2022-01-20 03:29:13,870] {processor.py:632} INFO - DAG(s) dict_keys(['tutorial_taskflow_api_etl_virtualenv']) retrieved from /home/airflow/.local/lib/python3.7/site-packages/airflow/example_dags/tutorial_taskflow_api_etl_virtualenv.py
[2022-01-20 03:29:15,070] {logging_mixin.py:109} INFO - [2022-01-20 03:29:15,069] {dag.py:2389} INFO - Sync 1 DAGs
[2022-01-20 03:29:15,131] {logging_mixin.py:109} INFO - [2022-01-20 03:29:15,131] {dag.py:2914} INFO - Setting next_dagrun for tutorial_taskflow_api_etl_virtualenv to None
[2022-01-20 03:29:15,173] {processor.py:171} INFO - Processing /home/airflow/.local/lib/python3.7/site-packages/airflow/example_dags/tutorial_taskflow_api_etl_virtualenv.py took 1.450 seconds
[2022-01-20 03:29:46,011] {processor.py:163} INFO - Started process (PID=2190) to work on /home/airflow/.local/lib/python3.7/site-packages/airflow/example_dags/tutorial_taskflow_api_etl_virtualenv.py
[2022-01-20 03:29:46,015] {processor.py:620} INFO - Processing file /home/airflow/.local/lib/python3.7/site-packages/airflow/example_dags/tutorial_taskflow_api_etl_virtualenv.py for tasks to queue
[2022-01-20 03:29:46,018] {logging_mixin.py:109} INFO - [2022-01-20 03:29:46,017] {dagbag.py:500} INFO - Filling up the DagBag from /home/airflow/.local/lib/python3.7/site-packages/airflow/example_dags/tutorial_taskflow_api_etl_virtualenv.py
[2022-01-20 03:29:46,093] {processor.py:632} INFO - DAG(s) dict_keys(['tutorial_taskflow_api_etl_virtualenv']) retrieved from /home/airflow/.local/lib/python3.7/site-packages/airflow/example_dags/tutorial_taskflow_api_etl_virtualenv.py
[2022-01-20 03:29:47,051] {logging_mixin.py:109} INFO - [2022-01-20 03:29:47,050] {dag.py:2389} INFO - Sync 1 DAGs
[2022-01-20 03:29:47,097] {logging_mixin.py:109} INFO - [2022-01-20 03:29:47,096] {dag.py:2914} INFO - Setting next_dagrun for tutorial_taskflow_api_etl_virtualenv to None
[2022-01-20 03:29:47,128] {processor.py:171} INFO - Processing /home/airflow/.local/lib/python3.7/site-packages/airflow/example_dags/tutorial_taskflow_api_etl_virtualenv.py took 1.124 seconds
[2022-01-20 03:30:18,337] {processor.py:163} INFO - Started process (PID=2298) to work on /home/airflow/.local/lib/python3.7/site-packages/airflow/example_dags/tutorial_taskflow_api_etl_virtualenv.py
[2022-01-20 03:30:18,342] {processor.py:620} INFO - Processing file /home/airflow/.local/lib/python3.7/site-packages/airflow/example_dags/tutorial_taskflow_api_etl_virtualenv.py for tasks to queue
[2022-01-20 03:30:18,349] {logging_mixin.py:109} INFO - [2022-01-20 03:30:18,348] {dagbag.py:500} INFO - Filling up the DagBag from /home/airflow/.local/lib/python3.7/site-packages/airflow/example_dags/tutorial_taskflow_api_etl_virtualenv.py
[2022-01-20 03:30:18,456] {processor.py:632} INFO - DAG(s) dict_keys(['tutorial_taskflow_api_etl_virtualenv']) retrieved from /home/airflow/.local/lib/python3.7/site-packages/airflow/example_dags/tutorial_taskflow_api_etl_virtualenv.py
[2022-01-20 03:30:19,651] {logging_mixin.py:109} INFO - [2022-01-20 03:30:19,651] {dag.py:2389} INFO - Sync 1 DAGs
[2022-01-20 03:30:19,703] {logging_mixin.py:109} INFO - [2022-01-20 03:30:19,703] {dag.py:2914} INFO - Setting next_dagrun for tutorial_taskflow_api_etl_virtualenv to None
[2022-01-20 03:30:19,735] {processor.py:171} INFO - Processing /home/airflow/.local/lib/python3.7/site-packages/airflow/example_dags/tutorial_taskflow_api_etl_virtualenv.py took 1.407 seconds
[2022-01-20 03:30:50,501] {processor.py:163} INFO - Started process (PID=2395) to work on /home/airflow/.local/lib/python3.7/site-packages/airflow/example_dags/tutorial_taskflow_api_etl_virtualenv.py
[2022-01-20 03:30:50,505] {processor.py:620} INFO - Processing file /home/airflow/.local/lib/python3.7/site-packages/airflow/example_dags/tutorial_taskflow_api_etl_virtualenv.py for tasks to queue
[2022-01-20 03:30:50,514] {logging_mixin.py:109} INFO - [2022-01-20 03:30:50,514] {dagbag.py:500} INFO - Filling up the DagBag from /home/airflow/.local/lib/python3.7/site-packages/airflow/example_dags/tutorial_taskflow_api_etl_virtualenv.py
[2022-01-20 03:30:50,623] {processor.py:632} INFO - DAG(s) dict_keys(['tutorial_taskflow_api_etl_virtualenv']) retrieved from /home/airflow/.local/lib/python3.7/site-packages/airflow/example_dags/tutorial_taskflow_api_etl_virtualenv.py
[2022-01-20 03:30:51,828] {logging_mixin.py:109} INFO - [2022-01-20 03:30:51,828] {dag.py:2389} INFO - Sync 1 DAGs
[2022-01-20 03:30:51,884] {logging_mixin.py:109} INFO - [2022-01-20 03:30:51,884] {dag.py:2914} INFO - Setting next_dagrun for tutorial_taskflow_api_etl_virtualenv to None
[2022-01-20 03:30:51,920] {processor.py:171} INFO - Processing /home/airflow/.local/lib/python3.7/site-packages/airflow/example_dags/tutorial_taskflow_api_etl_virtualenv.py took 1.427 seconds
[2022-01-20 03:31:22,868] {processor.py:163} INFO - Started process (PID=2516) to work on /home/airflow/.local/lib/python3.7/site-packages/airflow/example_dags/tutorial_taskflow_api_etl_virtualenv.py
[2022-01-20 03:31:22,874] {processor.py:620} INFO - Processing file /home/airflow/.local/lib/python3.7/site-packages/airflow/example_dags/tutorial_taskflow_api_etl_virtualenv.py for tasks to queue
[2022-01-20 03:31:22,878] {logging_mixin.py:109} INFO - [2022-01-20 03:31:22,877] {dagbag.py:500} INFO - Filling up the DagBag from /home/airflow/.local/lib/python3.7/site-packages/airflow/example_dags/tutorial_taskflow_api_etl_virtualenv.py
[2022-01-20 03:31:22,969] {processor.py:632} INFO - DAG(s) dict_keys(['tutorial_taskflow_api_etl_virtualenv']) retrieved from /home/airflow/.local/lib/python3.7/site-packages/airflow/example_dags/tutorial_taskflow_api_etl_virtualenv.py
[2022-01-20 03:31:24,076] {logging_mixin.py:109} INFO - [2022-01-20 03:31:24,075] {dag.py:2389} INFO - Sync 1 DAGs
[2022-01-20 03:31:24,128] {logging_mixin.py:109} INFO - [2022-01-20 03:31:24,128] {dag.py:2914} INFO - Setting next_dagrun for tutorial_taskflow_api_etl_virtualenv to None
[2022-01-20 03:31:24,165] {processor.py:171} INFO - Processing /home/airflow/.local/lib/python3.7/site-packages/airflow/example_dags/tutorial_taskflow_api_etl_virtualenv.py took 1.305 seconds
[2022-01-20 03:31:54,585] {processor.py:163} INFO - Started process (PID=2629) to work on /home/airflow/.local/lib/python3.7/site-packages/airflow/example_dags/tutorial_taskflow_api_etl_virtualenv.py
[2022-01-20 03:31:54,593] {processor.py:620} INFO - Processing file /home/airflow/.local/lib/python3.7/site-packages/airflow/example_dags/tutorial_taskflow_api_etl_virtualenv.py for tasks to queue
[2022-01-20 03:31:54,597] {logging_mixin.py:109} INFO - [2022-01-20 03:31:54,597] {dagbag.py:500} INFO - Filling up the DagBag from /home/airflow/.local/lib/python3.7/site-packages/airflow/example_dags/tutorial_taskflow_api_etl_virtualenv.py
[2022-01-20 03:31:54,710] {processor.py:632} INFO - DAG(s) dict_keys(['tutorial_taskflow_api_etl_virtualenv']) retrieved from /home/airflow/.local/lib/python3.7/site-packages/airflow/example_dags/tutorial_taskflow_api_etl_virtualenv.py
[2022-01-20 03:31:56,113] {logging_mixin.py:109} INFO - [2022-01-20 03:31:56,113] {dag.py:2389} INFO - Sync 1 DAGs
[2022-01-20 03:31:56,171] {logging_mixin.py:109} INFO - [2022-01-20 03:31:56,170] {dag.py:2914} INFO - Setting next_dagrun for tutorial_taskflow_api_etl_virtualenv to None
[2022-01-20 03:31:56,204] {processor.py:171} INFO - Processing /home/airflow/.local/lib/python3.7/site-packages/airflow/example_dags/tutorial_taskflow_api_etl_virtualenv.py took 1.628 seconds
[2022-01-20 03:32:27,077] {processor.py:163} INFO - Started process (PID=2719) to work on /home/airflow/.local/lib/python3.7/site-packages/airflow/example_dags/tutorial_taskflow_api_etl_virtualenv.py
[2022-01-20 03:32:27,081] {processor.py:620} INFO - Processing file /home/airflow/.local/lib/python3.7/site-packages/airflow/example_dags/tutorial_taskflow_api_etl_virtualenv.py for tasks to queue
[2022-01-20 03:32:27,083] {logging_mixin.py:109} INFO - [2022-01-20 03:32:27,083] {dagbag.py:500} INFO - Filling up the DagBag from /home/airflow/.local/lib/python3.7/site-packages/airflow/example_dags/tutorial_taskflow_api_etl_virtualenv.py
[2022-01-20 03:32:27,165] {processor.py:632} INFO - DAG(s) dict_keys(['tutorial_taskflow_api_etl_virtualenv']) retrieved from /home/airflow/.local/lib/python3.7/site-packages/airflow/example_dags/tutorial_taskflow_api_etl_virtualenv.py
[2022-01-20 03:32:28,059] {logging_mixin.py:109} INFO - [2022-01-20 03:32:28,059] {dag.py:2389} INFO - Sync 1 DAGs
[2022-01-20 03:32:28,116] {logging_mixin.py:109} INFO - [2022-01-20 03:32:28,116] {dag.py:2914} INFO - Setting next_dagrun for tutorial_taskflow_api_etl_virtualenv to None
[2022-01-20 03:32:28,153] {processor.py:171} INFO - Processing /home/airflow/.local/lib/python3.7/site-packages/airflow/example_dags/tutorial_taskflow_api_etl_virtualenv.py took 1.084 seconds
[2022-01-20 03:32:58,652] {processor.py:163} INFO - Started process (PID=2834) to work on /home/airflow/.local/lib/python3.7/site-packages/airflow/example_dags/tutorial_taskflow_api_etl_virtualenv.py
[2022-01-20 03:32:58,666] {processor.py:620} INFO - Processing file /home/airflow/.local/lib/python3.7/site-packages/airflow/example_dags/tutorial_taskflow_api_etl_virtualenv.py for tasks to queue
[2022-01-20 03:32:58,669] {logging_mixin.py:109} INFO - [2022-01-20 03:32:58,669] {dagbag.py:500} INFO - Filling up the DagBag from /home/airflow/.local/lib/python3.7/site-packages/airflow/example_dags/tutorial_taskflow_api_etl_virtualenv.py
[2022-01-20 03:32:58,770] {processor.py:632} INFO - DAG(s) dict_keys(['tutorial_taskflow_api_etl_virtualenv']) retrieved from /home/airflow/.local/lib/python3.7/site-packages/airflow/example_dags/tutorial_taskflow_api_etl_virtualenv.py
[2022-01-20 03:32:59,943] {logging_mixin.py:109} INFO - [2022-01-20 03:32:59,942] {dag.py:2389} INFO - Sync 1 DAGs
[2022-01-20 03:32:59,997] {logging_mixin.py:109} INFO - [2022-01-20 03:32:59,996] {dag.py:2914} INFO - Setting next_dagrun for tutorial_taskflow_api_etl_virtualenv to None
[2022-01-20 03:33:00,033] {processor.py:171} INFO - Processing /home/airflow/.local/lib/python3.7/site-packages/airflow/example_dags/tutorial_taskflow_api_etl_virtualenv.py took 1.387 seconds
[2022-01-20 03:33:30,329] {processor.py:163} INFO - Started process (PID=2927) to work on /home/airflow/.local/lib/python3.7/site-packages/airflow/example_dags/tutorial_taskflow_api_etl_virtualenv.py
[2022-01-20 03:33:30,333] {processor.py:620} INFO - Processing file /home/airflow/.local/lib/python3.7/site-packages/airflow/example_dags/tutorial_taskflow_api_etl_virtualenv.py for tasks to queue
[2022-01-20 03:33:30,338] {logging_mixin.py:109} INFO - [2022-01-20 03:33:30,338] {dagbag.py:500} INFO - Filling up the DagBag from /home/airflow/.local/lib/python3.7/site-packages/airflow/example_dags/tutorial_taskflow_api_etl_virtualenv.py
[2022-01-20 03:33:30,538] {processor.py:632} INFO - DAG(s) dict_keys(['tutorial_taskflow_api_etl_virtualenv']) retrieved from /home/airflow/.local/lib/python3.7/site-packages/airflow/example_dags/tutorial_taskflow_api_etl_virtualenv.py
[2022-01-20 03:33:31,780] {logging_mixin.py:109} INFO - [2022-01-20 03:33:31,780] {dag.py:2389} INFO - Sync 1 DAGs
[2022-01-20 03:33:31,834] {logging_mixin.py:109} INFO - [2022-01-20 03:33:31,833] {dag.py:2914} INFO - Setting next_dagrun for tutorial_taskflow_api_etl_virtualenv to None
[2022-01-20 03:33:31,867] {processor.py:171} INFO - Processing /home/airflow/.local/lib/python3.7/site-packages/airflow/example_dags/tutorial_taskflow_api_etl_virtualenv.py took 1.547 seconds
[2022-01-20 03:34:01,932] {processor.py:163} INFO - Started process (PID=3040) to work on /home/airflow/.local/lib/python3.7/site-packages/airflow/example_dags/tutorial_taskflow_api_etl_virtualenv.py
[2022-01-20 03:34:01,937] {processor.py:620} INFO - Processing file /home/airflow/.local/lib/python3.7/site-packages/airflow/example_dags/tutorial_taskflow_api_etl_virtualenv.py for tasks to queue
[2022-01-20 03:34:01,940] {logging_mixin.py:109} INFO - [2022-01-20 03:34:01,939] {dagbag.py:500} INFO - Filling up the DagBag from /home/airflow/.local/lib/python3.7/site-packages/airflow/example_dags/tutorial_taskflow_api_etl_virtualenv.py
[2022-01-20 03:34:02,135] {processor.py:632} INFO - DAG(s) dict_keys(['tutorial_taskflow_api_etl_virtualenv']) retrieved from /home/airflow/.local/lib/python3.7/site-packages/airflow/example_dags/tutorial_taskflow_api_etl_virtualenv.py
[2022-01-20 03:34:03,141] {logging_mixin.py:109} INFO - [2022-01-20 03:34:03,140] {dag.py:2389} INFO - Sync 1 DAGs
[2022-01-20 03:34:03,193] {logging_mixin.py:109} INFO - [2022-01-20 03:34:03,193] {dag.py:2914} INFO - Setting next_dagrun for tutorial_taskflow_api_etl_virtualenv to None
[2022-01-20 03:34:03,231] {processor.py:171} INFO - Processing /home/airflow/.local/lib/python3.7/site-packages/airflow/example_dags/tutorial_taskflow_api_etl_virtualenv.py took 1.306 seconds
[2022-01-20 03:34:33,630] {processor.py:163} INFO - Started process (PID=3152) to work on /home/airflow/.local/lib/python3.7/site-packages/airflow/example_dags/tutorial_taskflow_api_etl_virtualenv.py
[2022-01-20 03:34:33,635] {processor.py:620} INFO - Processing file /home/airflow/.local/lib/python3.7/site-packages/airflow/example_dags/tutorial_taskflow_api_etl_virtualenv.py for tasks to queue
[2022-01-20 03:34:33,640] {logging_mixin.py:109} INFO - [2022-01-20 03:34:33,639] {dagbag.py:500} INFO - Filling up the DagBag from /home/airflow/.local/lib/python3.7/site-packages/airflow/example_dags/tutorial_taskflow_api_etl_virtualenv.py
[2022-01-20 03:34:33,869] {processor.py:632} INFO - DAG(s) dict_keys(['tutorial_taskflow_api_etl_virtualenv']) retrieved from /home/airflow/.local/lib/python3.7/site-packages/airflow/example_dags/tutorial_taskflow_api_etl_virtualenv.py
[2022-01-20 03:34:34,999] {logging_mixin.py:109} INFO - [2022-01-20 03:34:34,999] {dag.py:2389} INFO - Sync 1 DAGs
[2022-01-20 03:34:35,054] {logging_mixin.py:109} INFO - [2022-01-20 03:34:35,053] {dag.py:2914} INFO - Setting next_dagrun for tutorial_taskflow_api_etl_virtualenv to None
[2022-01-20 03:34:35,092] {processor.py:171} INFO - Processing /home/airflow/.local/lib/python3.7/site-packages/airflow/example_dags/tutorial_taskflow_api_etl_virtualenv.py took 1.472 seconds
[2022-01-20 03:35:05,743] {processor.py:163} INFO - Started process (PID=3248) to work on /home/airflow/.local/lib/python3.7/site-packages/airflow/example_dags/tutorial_taskflow_api_etl_virtualenv.py
[2022-01-20 03:35:05,747] {processor.py:620} INFO - Processing file /home/airflow/.local/lib/python3.7/site-packages/airflow/example_dags/tutorial_taskflow_api_etl_virtualenv.py for tasks to queue
[2022-01-20 03:35:05,751] {logging_mixin.py:109} INFO - [2022-01-20 03:35:05,750] {dagbag.py:500} INFO - Filling up the DagBag from /home/airflow/.local/lib/python3.7/site-packages/airflow/example_dags/tutorial_taskflow_api_etl_virtualenv.py
[2022-01-20 03:35:05,929] {processor.py:632} INFO - DAG(s) dict_keys(['tutorial_taskflow_api_etl_virtualenv']) retrieved from /home/airflow/.local/lib/python3.7/site-packages/airflow/example_dags/tutorial_taskflow_api_etl_virtualenv.py
[2022-01-20 03:35:06,746] {logging_mixin.py:109} INFO - [2022-01-20 03:35:06,746] {dag.py:2389} INFO - Sync 1 DAGs
[2022-01-20 03:35:06,798] {logging_mixin.py:109} INFO - [2022-01-20 03:35:06,798] {dag.py:2914} INFO - Setting next_dagrun for tutorial_taskflow_api_etl_virtualenv to None
[2022-01-20 03:35:06,834] {processor.py:171} INFO - Processing /home/airflow/.local/lib/python3.7/site-packages/airflow/example_dags/tutorial_taskflow_api_etl_virtualenv.py took 1.098 seconds
[2022-01-20 03:35:37,667] {processor.py:163} INFO - Started process (PID=3364) to work on /home/airflow/.local/lib/python3.7/site-packages/airflow/example_dags/tutorial_taskflow_api_etl_virtualenv.py
[2022-01-20 03:35:37,671] {processor.py:620} INFO - Processing file /home/airflow/.local/lib/python3.7/site-packages/airflow/example_dags/tutorial_taskflow_api_etl_virtualenv.py for tasks to queue
[2022-01-20 03:35:37,674] {logging_mixin.py:109} INFO - [2022-01-20 03:35:37,674] {dagbag.py:500} INFO - Filling up the DagBag from /home/airflow/.local/lib/python3.7/site-packages/airflow/example_dags/tutorial_taskflow_api_etl_virtualenv.py
[2022-01-20 03:35:37,802] {processor.py:632} INFO - DAG(s) dict_keys(['tutorial_taskflow_api_etl_virtualenv']) retrieved from /home/airflow/.local/lib/python3.7/site-packages/airflow/example_dags/tutorial_taskflow_api_etl_virtualenv.py
[2022-01-20 03:35:38,868] {logging_mixin.py:109} INFO - [2022-01-20 03:35:38,868] {dag.py:2389} INFO - Sync 1 DAGs
[2022-01-20 03:35:38,930] {logging_mixin.py:109} INFO - [2022-01-20 03:35:38,929] {dag.py:2914} INFO - Setting next_dagrun for tutorial_taskflow_api_etl_virtualenv to None
[2022-01-20 03:35:38,973] {processor.py:171} INFO - Processing /home/airflow/.local/lib/python3.7/site-packages/airflow/example_dags/tutorial_taskflow_api_etl_virtualenv.py took 1.322 seconds
[2022-01-20 03:36:09,158] {processor.py:163} INFO - Started process (PID=3464) to work on /home/airflow/.local/lib/python3.7/site-packages/airflow/example_dags/tutorial_taskflow_api_etl_virtualenv.py
[2022-01-20 03:36:09,162] {processor.py:620} INFO - Processing file /home/airflow/.local/lib/python3.7/site-packages/airflow/example_dags/tutorial_taskflow_api_etl_virtualenv.py for tasks to queue
[2022-01-20 03:36:09,164] {logging_mixin.py:109} INFO - [2022-01-20 03:36:09,164] {dagbag.py:500} INFO - Filling up the DagBag from /home/airflow/.local/lib/python3.7/site-packages/airflow/example_dags/tutorial_taskflow_api_etl_virtualenv.py
[2022-01-20 03:36:09,237] {processor.py:632} INFO - DAG(s) dict_keys(['tutorial_taskflow_api_etl_virtualenv']) retrieved from /home/airflow/.local/lib/python3.7/site-packages/airflow/example_dags/tutorial_taskflow_api_etl_virtualenv.py
[2022-01-20 03:36:10,042] {logging_mixin.py:109} INFO - [2022-01-20 03:36:10,041] {dag.py:2389} INFO - Sync 1 DAGs
[2022-01-20 03:36:10,082] {logging_mixin.py:109} INFO - [2022-01-20 03:36:10,082] {dag.py:2914} INFO - Setting next_dagrun for tutorial_taskflow_api_etl_virtualenv to None
[2022-01-20 03:36:10,109] {processor.py:171} INFO - Processing /home/airflow/.local/lib/python3.7/site-packages/airflow/example_dags/tutorial_taskflow_api_etl_virtualenv.py took 0.957 seconds
[2022-01-20 03:36:40,832] {processor.py:163} INFO - Started process (PID=3577) to work on /home/airflow/.local/lib/python3.7/site-packages/airflow/example_dags/tutorial_taskflow_api_etl_virtualenv.py
[2022-01-20 03:36:40,836] {processor.py:620} INFO - Processing file /home/airflow/.local/lib/python3.7/site-packages/airflow/example_dags/tutorial_taskflow_api_etl_virtualenv.py for tasks to queue
[2022-01-20 03:36:40,840] {logging_mixin.py:109} INFO - [2022-01-20 03:36:40,840] {dagbag.py:500} INFO - Filling up the DagBag from /home/airflow/.local/lib/python3.7/site-packages/airflow/example_dags/tutorial_taskflow_api_etl_virtualenv.py
[2022-01-20 03:36:40,928] {processor.py:632} INFO - DAG(s) dict_keys(['tutorial_taskflow_api_etl_virtualenv']) retrieved from /home/airflow/.local/lib/python3.7/site-packages/airflow/example_dags/tutorial_taskflow_api_etl_virtualenv.py
[2022-01-20 03:36:41,944] {logging_mixin.py:109} INFO - [2022-01-20 03:36:41,943] {dag.py:2389} INFO - Sync 1 DAGs
[2022-01-20 03:36:41,996] {logging_mixin.py:109} INFO - [2022-01-20 03:36:41,996] {dag.py:2914} INFO - Setting next_dagrun for tutorial_taskflow_api_etl_virtualenv to None
[2022-01-20 03:36:42,030] {processor.py:171} INFO - Processing /home/airflow/.local/lib/python3.7/site-packages/airflow/example_dags/tutorial_taskflow_api_etl_virtualenv.py took 1.205 seconds
[2022-01-20 03:37:12,345] {processor.py:163} INFO - Started process (PID=3683) to work on /home/airflow/.local/lib/python3.7/site-packages/airflow/example_dags/tutorial_taskflow_api_etl_virtualenv.py
[2022-01-20 03:37:12,359] {processor.py:620} INFO - Processing file /home/airflow/.local/lib/python3.7/site-packages/airflow/example_dags/tutorial_taskflow_api_etl_virtualenv.py for tasks to queue
[2022-01-20 03:37:12,366] {logging_mixin.py:109} INFO - [2022-01-20 03:37:12,366] {dagbag.py:500} INFO - Filling up the DagBag from /home/airflow/.local/lib/python3.7/site-packages/airflow/example_dags/tutorial_taskflow_api_etl_virtualenv.py
[2022-01-20 03:37:12,467] {processor.py:632} INFO - DAG(s) dict_keys(['tutorial_taskflow_api_etl_virtualenv']) retrieved from /home/airflow/.local/lib/python3.7/site-packages/airflow/example_dags/tutorial_taskflow_api_etl_virtualenv.py
[2022-01-20 03:37:13,603] {logging_mixin.py:109} INFO - [2022-01-20 03:37:13,602] {dag.py:2389} INFO - Sync 1 DAGs
[2022-01-20 03:37:13,657] {logging_mixin.py:109} INFO - [2022-01-20 03:37:13,657] {dag.py:2914} INFO - Setting next_dagrun for tutorial_taskflow_api_etl_virtualenv to None
[2022-01-20 03:37:13,700] {processor.py:171} INFO - Processing /home/airflow/.local/lib/python3.7/site-packages/airflow/example_dags/tutorial_taskflow_api_etl_virtualenv.py took 1.363 seconds
[2022-01-20 03:37:44,004] {processor.py:163} INFO - Started process (PID=3787) to work on /home/airflow/.local/lib/python3.7/site-packages/airflow/example_dags/tutorial_taskflow_api_etl_virtualenv.py
[2022-01-20 03:37:44,016] {processor.py:620} INFO - Processing file /home/airflow/.local/lib/python3.7/site-packages/airflow/example_dags/tutorial_taskflow_api_etl_virtualenv.py for tasks to queue
[2022-01-20 03:37:44,019] {logging_mixin.py:109} INFO - [2022-01-20 03:37:44,019] {dagbag.py:500} INFO - Filling up the DagBag from /home/airflow/.local/lib/python3.7/site-packages/airflow/example_dags/tutorial_taskflow_api_etl_virtualenv.py
[2022-01-20 03:37:44,105] {processor.py:632} INFO - DAG(s) dict_keys(['tutorial_taskflow_api_etl_virtualenv']) retrieved from /home/airflow/.local/lib/python3.7/site-packages/airflow/example_dags/tutorial_taskflow_api_etl_virtualenv.py
[2022-01-20 03:37:45,020] {logging_mixin.py:109} INFO - [2022-01-20 03:37:45,019] {dag.py:2389} INFO - Sync 1 DAGs
[2022-01-20 03:37:45,066] {logging_mixin.py:109} INFO - [2022-01-20 03:37:45,066] {dag.py:2914} INFO - Setting next_dagrun for tutorial_taskflow_api_etl_virtualenv to None
[2022-01-20 03:37:45,098] {processor.py:171} INFO - Processing /home/airflow/.local/lib/python3.7/site-packages/airflow/example_dags/tutorial_taskflow_api_etl_virtualenv.py took 1.104 seconds
[2022-01-20 03:38:15,508] {processor.py:163} INFO - Started process (PID=3907) to work on /home/airflow/.local/lib/python3.7/site-packages/airflow/example_dags/tutorial_taskflow_api_etl_virtualenv.py
[2022-01-20 03:38:15,513] {processor.py:620} INFO - Processing file /home/airflow/.local/lib/python3.7/site-packages/airflow/example_dags/tutorial_taskflow_api_etl_virtualenv.py for tasks to queue
[2022-01-20 03:38:15,517] {logging_mixin.py:109} INFO - [2022-01-20 03:38:15,517] {dagbag.py:500} INFO - Filling up the DagBag from /home/airflow/.local/lib/python3.7/site-packages/airflow/example_dags/tutorial_taskflow_api_etl_virtualenv.py
[2022-01-20 03:38:15,607] {processor.py:632} INFO - DAG(s) dict_keys(['tutorial_taskflow_api_etl_virtualenv']) retrieved from /home/airflow/.local/lib/python3.7/site-packages/airflow/example_dags/tutorial_taskflow_api_etl_virtualenv.py
[2022-01-20 03:38:16,755] {logging_mixin.py:109} INFO - [2022-01-20 03:38:16,755] {dag.py:2389} INFO - Sync 1 DAGs
[2022-01-20 03:38:16,809] {logging_mixin.py:109} INFO - [2022-01-20 03:38:16,809] {dag.py:2914} INFO - Setting next_dagrun for tutorial_taskflow_api_etl_virtualenv to None
[2022-01-20 03:38:16,847] {processor.py:171} INFO - Processing /home/airflow/.local/lib/python3.7/site-packages/airflow/example_dags/tutorial_taskflow_api_etl_virtualenv.py took 1.347 seconds
[2022-01-20 03:38:46,980] {processor.py:163} INFO - Started process (PID=4004) to work on /home/airflow/.local/lib/python3.7/site-packages/airflow/example_dags/tutorial_taskflow_api_etl_virtualenv.py
[2022-01-20 03:38:46,984] {processor.py:620} INFO - Processing file /home/airflow/.local/lib/python3.7/site-packages/airflow/example_dags/tutorial_taskflow_api_etl_virtualenv.py for tasks to queue
[2022-01-20 03:38:46,987] {logging_mixin.py:109} INFO - [2022-01-20 03:38:46,987] {dagbag.py:500} INFO - Filling up the DagBag from /home/airflow/.local/lib/python3.7/site-packages/airflow/example_dags/tutorial_taskflow_api_etl_virtualenv.py
[2022-01-20 03:38:47,056] {processor.py:632} INFO - DAG(s) dict_keys(['tutorial_taskflow_api_etl_virtualenv']) retrieved from /home/airflow/.local/lib/python3.7/site-packages/airflow/example_dags/tutorial_taskflow_api_etl_virtualenv.py
[2022-01-20 03:38:47,827] {logging_mixin.py:109} INFO - [2022-01-20 03:38:47,827] {dag.py:2389} INFO - Sync 1 DAGs
[2022-01-20 03:38:47,871] {logging_mixin.py:109} INFO - [2022-01-20 03:38:47,871] {dag.py:2914} INFO - Setting next_dagrun for tutorial_taskflow_api_etl_virtualenv to None
[2022-01-20 03:38:47,898] {processor.py:171} INFO - Processing /home/airflow/.local/lib/python3.7/site-packages/airflow/example_dags/tutorial_taskflow_api_etl_virtualenv.py took 0.925 seconds
[2022-01-20 03:39:18,405] {processor.py:163} INFO - Started process (PID=4119) to work on /home/airflow/.local/lib/python3.7/site-packages/airflow/example_dags/tutorial_taskflow_api_etl_virtualenv.py
[2022-01-20 03:39:18,410] {processor.py:620} INFO - Processing file /home/airflow/.local/lib/python3.7/site-packages/airflow/example_dags/tutorial_taskflow_api_etl_virtualenv.py for tasks to queue
[2022-01-20 03:39:18,414] {logging_mixin.py:109} INFO - [2022-01-20 03:39:18,413] {dagbag.py:500} INFO - Filling up the DagBag from /home/airflow/.local/lib/python3.7/site-packages/airflow/example_dags/tutorial_taskflow_api_etl_virtualenv.py
[2022-01-20 03:39:18,503] {processor.py:632} INFO - DAG(s) dict_keys(['tutorial_taskflow_api_etl_virtualenv']) retrieved from /home/airflow/.local/lib/python3.7/site-packages/airflow/example_dags/tutorial_taskflow_api_etl_virtualenv.py
[2022-01-20 03:39:19,581] {logging_mixin.py:109} INFO - [2022-01-20 03:39:19,580] {dag.py:2389} INFO - Sync 1 DAGs
[2022-01-20 03:39:19,630] {logging_mixin.py:109} INFO - [2022-01-20 03:39:19,630] {dag.py:2914} INFO - Setting next_dagrun for tutorial_taskflow_api_etl_virtualenv to None
[2022-01-20 03:39:19,670] {processor.py:171} INFO - Processing /home/airflow/.local/lib/python3.7/site-packages/airflow/example_dags/tutorial_taskflow_api_etl_virtualenv.py took 1.273 seconds
[2022-01-20 03:39:50,616] {processor.py:163} INFO - Started process (PID=4218) to work on /home/airflow/.local/lib/python3.7/site-packages/airflow/example_dags/tutorial_taskflow_api_etl_virtualenv.py
[2022-01-20 03:39:50,624] {processor.py:620} INFO - Processing file /home/airflow/.local/lib/python3.7/site-packages/airflow/example_dags/tutorial_taskflow_api_etl_virtualenv.py for tasks to queue
[2022-01-20 03:39:50,629] {logging_mixin.py:109} INFO - [2022-01-20 03:39:50,628] {dagbag.py:500} INFO - Filling up the DagBag from /home/airflow/.local/lib/python3.7/site-packages/airflow/example_dags/tutorial_taskflow_api_etl_virtualenv.py
[2022-01-20 03:39:50,721] {processor.py:632} INFO - DAG(s) dict_keys(['tutorial_taskflow_api_etl_virtualenv']) retrieved from /home/airflow/.local/lib/python3.7/site-packages/airflow/example_dags/tutorial_taskflow_api_etl_virtualenv.py
[2022-01-20 03:39:51,742] {logging_mixin.py:109} INFO - [2022-01-20 03:39:51,741] {dag.py:2389} INFO - Sync 1 DAGs
[2022-01-20 03:39:51,793] {logging_mixin.py:109} INFO - [2022-01-20 03:39:51,792] {dag.py:2914} INFO - Setting next_dagrun for tutorial_taskflow_api_etl_virtualenv to None
[2022-01-20 03:39:51,826] {processor.py:171} INFO - Processing /home/airflow/.local/lib/python3.7/site-packages/airflow/example_dags/tutorial_taskflow_api_etl_virtualenv.py took 1.218 seconds
[2022-01-20 03:40:22,674] {processor.py:163} INFO - Started process (PID=4334) to work on /home/airflow/.local/lib/python3.7/site-packages/airflow/example_dags/tutorial_taskflow_api_etl_virtualenv.py
[2022-01-20 03:40:22,678] {processor.py:620} INFO - Processing file /home/airflow/.local/lib/python3.7/site-packages/airflow/example_dags/tutorial_taskflow_api_etl_virtualenv.py for tasks to queue
[2022-01-20 03:40:22,681] {logging_mixin.py:109} INFO - [2022-01-20 03:40:22,680] {dagbag.py:500} INFO - Filling up the DagBag from /home/airflow/.local/lib/python3.7/site-packages/airflow/example_dags/tutorial_taskflow_api_etl_virtualenv.py
[2022-01-20 03:40:22,767] {processor.py:632} INFO - DAG(s) dict_keys(['tutorial_taskflow_api_etl_virtualenv']) retrieved from /home/airflow/.local/lib/python3.7/site-packages/airflow/example_dags/tutorial_taskflow_api_etl_virtualenv.py
[2022-01-20 03:40:23,715] {logging_mixin.py:109} INFO - [2022-01-20 03:40:23,714] {dag.py:2389} INFO - Sync 1 DAGs
[2022-01-20 03:40:23,766] {logging_mixin.py:109} INFO - [2022-01-20 03:40:23,766] {dag.py:2914} INFO - Setting next_dagrun for tutorial_taskflow_api_etl_virtualenv to None
[2022-01-20 03:40:23,801] {processor.py:171} INFO - Processing /home/airflow/.local/lib/python3.7/site-packages/airflow/example_dags/tutorial_taskflow_api_etl_virtualenv.py took 1.135 seconds
[2022-01-20 03:40:53,932] {processor.py:163} INFO - Started process (PID=4449) to work on /home/airflow/.local/lib/python3.7/site-packages/airflow/example_dags/tutorial_taskflow_api_etl_virtualenv.py
[2022-01-20 03:40:53,936] {processor.py:620} INFO - Processing file /home/airflow/.local/lib/python3.7/site-packages/airflow/example_dags/tutorial_taskflow_api_etl_virtualenv.py for tasks to queue
[2022-01-20 03:40:53,940] {logging_mixin.py:109} INFO - [2022-01-20 03:40:53,939] {dagbag.py:500} INFO - Filling up the DagBag from /home/airflow/.local/lib/python3.7/site-packages/airflow/example_dags/tutorial_taskflow_api_etl_virtualenv.py
[2022-01-20 03:40:54,030] {processor.py:632} INFO - DAG(s) dict_keys(['tutorial_taskflow_api_etl_virtualenv']) retrieved from /home/airflow/.local/lib/python3.7/site-packages/airflow/example_dags/tutorial_taskflow_api_etl_virtualenv.py
[2022-01-20 03:40:55,072] {logging_mixin.py:109} INFO - [2022-01-20 03:40:55,071] {dag.py:2389} INFO - Sync 1 DAGs
[2022-01-20 03:40:55,123] {logging_mixin.py:109} INFO - [2022-01-20 03:40:55,122] {dag.py:2914} INFO - Setting next_dagrun for tutorial_taskflow_api_etl_virtualenv to None
[2022-01-20 03:40:55,184] {processor.py:171} INFO - Processing /home/airflow/.local/lib/python3.7/site-packages/airflow/example_dags/tutorial_taskflow_api_etl_virtualenv.py took 1.260 seconds
[2022-01-20 03:41:25,882] {processor.py:163} INFO - Started process (PID=4550) to work on /home/airflow/.local/lib/python3.7/site-packages/airflow/example_dags/tutorial_taskflow_api_etl_virtualenv.py
[2022-01-20 03:41:25,885] {processor.py:620} INFO - Processing file /home/airflow/.local/lib/python3.7/site-packages/airflow/example_dags/tutorial_taskflow_api_etl_virtualenv.py for tasks to queue
[2022-01-20 03:41:25,888] {logging_mixin.py:109} INFO - [2022-01-20 03:41:25,888] {dagbag.py:500} INFO - Filling up the DagBag from /home/airflow/.local/lib/python3.7/site-packages/airflow/example_dags/tutorial_taskflow_api_etl_virtualenv.py
[2022-01-20 03:41:25,968] {processor.py:632} INFO - DAG(s) dict_keys(['tutorial_taskflow_api_etl_virtualenv']) retrieved from /home/airflow/.local/lib/python3.7/site-packages/airflow/example_dags/tutorial_taskflow_api_etl_virtualenv.py
[2022-01-20 03:41:26,812] {logging_mixin.py:109} INFO - [2022-01-20 03:41:26,811] {dag.py:2389} INFO - Sync 1 DAGs
[2022-01-20 03:41:26,869] {logging_mixin.py:109} INFO - [2022-01-20 03:41:26,869] {dag.py:2914} INFO - Setting next_dagrun for tutorial_taskflow_api_etl_virtualenv to None
[2022-01-20 03:41:26,901] {processor.py:171} INFO - Processing /home/airflow/.local/lib/python3.7/site-packages/airflow/example_dags/tutorial_taskflow_api_etl_virtualenv.py took 1.028 seconds
[2022-01-20 03:41:57,727] {processor.py:163} INFO - Started process (PID=4663) to work on /home/airflow/.local/lib/python3.7/site-packages/airflow/example_dags/tutorial_taskflow_api_etl_virtualenv.py
[2022-01-20 03:41:57,731] {processor.py:620} INFO - Processing file /home/airflow/.local/lib/python3.7/site-packages/airflow/example_dags/tutorial_taskflow_api_etl_virtualenv.py for tasks to queue
[2022-01-20 03:41:57,734] {logging_mixin.py:109} INFO - [2022-01-20 03:41:57,733] {dagbag.py:500} INFO - Filling up the DagBag from /home/airflow/.local/lib/python3.7/site-packages/airflow/example_dags/tutorial_taskflow_api_etl_virtualenv.py
[2022-01-20 03:41:57,821] {processor.py:632} INFO - DAG(s) dict_keys(['tutorial_taskflow_api_etl_virtualenv']) retrieved from /home/airflow/.local/lib/python3.7/site-packages/airflow/example_dags/tutorial_taskflow_api_etl_virtualenv.py
[2022-01-20 03:41:58,831] {logging_mixin.py:109} INFO - [2022-01-20 03:41:58,831] {dag.py:2389} INFO - Sync 1 DAGs
[2022-01-20 03:41:58,883] {logging_mixin.py:109} INFO - [2022-01-20 03:41:58,882] {dag.py:2914} INFO - Setting next_dagrun for tutorial_taskflow_api_etl_virtualenv to None
[2022-01-20 03:41:58,917] {processor.py:171} INFO - Processing /home/airflow/.local/lib/python3.7/site-packages/airflow/example_dags/tutorial_taskflow_api_etl_virtualenv.py took 1.197 seconds
[2022-01-20 03:42:29,302] {processor.py:163} INFO - Started process (PID=4762) to work on /home/airflow/.local/lib/python3.7/site-packages/airflow/example_dags/tutorial_taskflow_api_etl_virtualenv.py
[2022-01-20 03:42:29,306] {processor.py:620} INFO - Processing file /home/airflow/.local/lib/python3.7/site-packages/airflow/example_dags/tutorial_taskflow_api_etl_virtualenv.py for tasks to queue
[2022-01-20 03:42:29,309] {logging_mixin.py:109} INFO - [2022-01-20 03:42:29,309] {dagbag.py:500} INFO - Filling up the DagBag from /home/airflow/.local/lib/python3.7/site-packages/airflow/example_dags/tutorial_taskflow_api_etl_virtualenv.py
[2022-01-20 03:42:29,389] {processor.py:632} INFO - DAG(s) dict_keys(['tutorial_taskflow_api_etl_virtualenv']) retrieved from /home/airflow/.local/lib/python3.7/site-packages/airflow/example_dags/tutorial_taskflow_api_etl_virtualenv.py
[2022-01-20 03:42:30,248] {logging_mixin.py:109} INFO - [2022-01-20 03:42:30,248] {dag.py:2389} INFO - Sync 1 DAGs
[2022-01-20 03:42:30,288] {logging_mixin.py:109} INFO - [2022-01-20 03:42:30,287] {dag.py:2914} INFO - Setting next_dagrun for tutorial_taskflow_api_etl_virtualenv to None
[2022-01-20 03:42:30,313] {processor.py:171} INFO - Processing /home/airflow/.local/lib/python3.7/site-packages/airflow/example_dags/tutorial_taskflow_api_etl_virtualenv.py took 1.017 seconds
[2022-01-20 03:43:00,952] {processor.py:163} INFO - Started process (PID=4881) to work on /home/airflow/.local/lib/python3.7/site-packages/airflow/example_dags/tutorial_taskflow_api_etl_virtualenv.py
[2022-01-20 03:43:00,957] {processor.py:620} INFO - Processing file /home/airflow/.local/lib/python3.7/site-packages/airflow/example_dags/tutorial_taskflow_api_etl_virtualenv.py for tasks to queue
[2022-01-20 03:43:00,962] {logging_mixin.py:109} INFO - [2022-01-20 03:43:00,961] {dagbag.py:500} INFO - Filling up the DagBag from /home/airflow/.local/lib/python3.7/site-packages/airflow/example_dags/tutorial_taskflow_api_etl_virtualenv.py
[2022-01-20 03:43:01,069] {processor.py:632} INFO - DAG(s) dict_keys(['tutorial_taskflow_api_etl_virtualenv']) retrieved from /home/airflow/.local/lib/python3.7/site-packages/airflow/example_dags/tutorial_taskflow_api_etl_virtualenv.py
[2022-01-20 03:43:02,197] {logging_mixin.py:109} INFO - [2022-01-20 03:43:02,197] {dag.py:2389} INFO - Sync 1 DAGs
[2022-01-20 03:43:02,298] {logging_mixin.py:109} INFO - [2022-01-20 03:43:02,298] {dag.py:2914} INFO - Setting next_dagrun for tutorial_taskflow_api_etl_virtualenv to None
[2022-01-20 03:43:02,346] {processor.py:171} INFO - Processing /home/airflow/.local/lib/python3.7/site-packages/airflow/example_dags/tutorial_taskflow_api_etl_virtualenv.py took 1.403 seconds
[2022-01-20 03:43:33,732] {processor.py:163} INFO - Started process (PID=5006) to work on /home/airflow/.local/lib/python3.7/site-packages/airflow/example_dags/tutorial_taskflow_api_etl_virtualenv.py
[2022-01-20 03:43:33,748] {processor.py:620} INFO - Processing file /home/airflow/.local/lib/python3.7/site-packages/airflow/example_dags/tutorial_taskflow_api_etl_virtualenv.py for tasks to queue
[2022-01-20 03:43:33,752] {logging_mixin.py:109} INFO - [2022-01-20 03:43:33,751] {dagbag.py:500} INFO - Filling up the DagBag from /home/airflow/.local/lib/python3.7/site-packages/airflow/example_dags/tutorial_taskflow_api_etl_virtualenv.py
[2022-01-20 03:43:33,857] {processor.py:632} INFO - DAG(s) dict_keys(['tutorial_taskflow_api_etl_virtualenv']) retrieved from /home/airflow/.local/lib/python3.7/site-packages/airflow/example_dags/tutorial_taskflow_api_etl_virtualenv.py
[2022-01-20 03:43:34,886] {logging_mixin.py:109} INFO - [2022-01-20 03:43:34,885] {dag.py:2389} INFO - Sync 1 DAGs
[2022-01-20 03:43:34,944] {logging_mixin.py:109} INFO - [2022-01-20 03:43:34,943] {dag.py:2914} INFO - Setting next_dagrun for tutorial_taskflow_api_etl_virtualenv to None
[2022-01-20 03:43:34,995] {processor.py:171} INFO - Processing /home/airflow/.local/lib/python3.7/site-packages/airflow/example_dags/tutorial_taskflow_api_etl_virtualenv.py took 1.275 seconds
[2022-01-20 03:44:05,547] {processor.py:163} INFO - Started process (PID=5105) to work on /home/airflow/.local/lib/python3.7/site-packages/airflow/example_dags/tutorial_taskflow_api_etl_virtualenv.py
[2022-01-20 03:44:05,551] {processor.py:620} INFO - Processing file /home/airflow/.local/lib/python3.7/site-packages/airflow/example_dags/tutorial_taskflow_api_etl_virtualenv.py for tasks to queue
[2022-01-20 03:44:05,554] {logging_mixin.py:109} INFO - [2022-01-20 03:44:05,554] {dagbag.py:500} INFO - Filling up the DagBag from /home/airflow/.local/lib/python3.7/site-packages/airflow/example_dags/tutorial_taskflow_api_etl_virtualenv.py
[2022-01-20 03:44:05,652] {processor.py:632} INFO - DAG(s) dict_keys(['tutorial_taskflow_api_etl_virtualenv']) retrieved from /home/airflow/.local/lib/python3.7/site-packages/airflow/example_dags/tutorial_taskflow_api_etl_virtualenv.py
[2022-01-20 03:44:06,671] {logging_mixin.py:109} INFO - [2022-01-20 03:44:06,670] {dag.py:2389} INFO - Sync 1 DAGs
[2022-01-20 03:44:06,720] {logging_mixin.py:109} INFO - [2022-01-20 03:44:06,719] {dag.py:2914} INFO - Setting next_dagrun for tutorial_taskflow_api_etl_virtualenv to None
[2022-01-20 03:44:06,754] {processor.py:171} INFO - Processing /home/airflow/.local/lib/python3.7/site-packages/airflow/example_dags/tutorial_taskflow_api_etl_virtualenv.py took 1.215 seconds
[2022-01-20 03:44:38,317] {processor.py:163} INFO - Started process (PID=5221) to work on /home/airflow/.local/lib/python3.7/site-packages/airflow/example_dags/tutorial_taskflow_api_etl_virtualenv.py
[2022-01-20 03:44:38,331] {processor.py:620} INFO - Processing file /home/airflow/.local/lib/python3.7/site-packages/airflow/example_dags/tutorial_taskflow_api_etl_virtualenv.py for tasks to queue
[2022-01-20 03:44:38,335] {logging_mixin.py:109} INFO - [2022-01-20 03:44:38,335] {dagbag.py:500} INFO - Filling up the DagBag from /home/airflow/.local/lib/python3.7/site-packages/airflow/example_dags/tutorial_taskflow_api_etl_virtualenv.py
[2022-01-20 03:44:38,425] {processor.py:632} INFO - DAG(s) dict_keys(['tutorial_taskflow_api_etl_virtualenv']) retrieved from /home/airflow/.local/lib/python3.7/site-packages/airflow/example_dags/tutorial_taskflow_api_etl_virtualenv.py
[2022-01-20 03:44:39,422] {logging_mixin.py:109} INFO - [2022-01-20 03:44:39,421] {dag.py:2389} INFO - Sync 1 DAGs
[2022-01-20 03:44:39,476] {logging_mixin.py:109} INFO - [2022-01-20 03:44:39,475] {dag.py:2914} INFO - Setting next_dagrun for tutorial_taskflow_api_etl_virtualenv to None
[2022-01-20 03:44:39,510] {processor.py:171} INFO - Processing /home/airflow/.local/lib/python3.7/site-packages/airflow/example_dags/tutorial_taskflow_api_etl_virtualenv.py took 1.200 seconds
[2022-01-20 03:45:10,073] {processor.py:163} INFO - Started process (PID=5318) to work on /home/airflow/.local/lib/python3.7/site-packages/airflow/example_dags/tutorial_taskflow_api_etl_virtualenv.py
[2022-01-20 03:45:10,077] {processor.py:620} INFO - Processing file /home/airflow/.local/lib/python3.7/site-packages/airflow/example_dags/tutorial_taskflow_api_etl_virtualenv.py for tasks to queue
[2022-01-20 03:45:10,080] {logging_mixin.py:109} INFO - [2022-01-20 03:45:10,079] {dagbag.py:500} INFO - Filling up the DagBag from /home/airflow/.local/lib/python3.7/site-packages/airflow/example_dags/tutorial_taskflow_api_etl_virtualenv.py
[2022-01-20 03:45:10,163] {processor.py:632} INFO - DAG(s) dict_keys(['tutorial_taskflow_api_etl_virtualenv']) retrieved from /home/airflow/.local/lib/python3.7/site-packages/airflow/example_dags/tutorial_taskflow_api_etl_virtualenv.py
[2022-01-20 03:45:11,095] {logging_mixin.py:109} INFO - [2022-01-20 03:45:11,094] {dag.py:2389} INFO - Sync 1 DAGs
[2022-01-20 03:45:11,146] {logging_mixin.py:109} INFO - [2022-01-20 03:45:11,146] {dag.py:2914} INFO - Setting next_dagrun for tutorial_taskflow_api_etl_virtualenv to None
[2022-01-20 03:45:11,180] {processor.py:171} INFO - Processing /home/airflow/.local/lib/python3.7/site-packages/airflow/example_dags/tutorial_taskflow_api_etl_virtualenv.py took 1.113 seconds
[2022-01-20 03:45:42,508] {processor.py:163} INFO - Started process (PID=5430) to work on /home/airflow/.local/lib/python3.7/site-packages/airflow/example_dags/tutorial_taskflow_api_etl_virtualenv.py
[2022-01-20 03:45:42,513] {processor.py:620} INFO - Processing file /home/airflow/.local/lib/python3.7/site-packages/airflow/example_dags/tutorial_taskflow_api_etl_virtualenv.py for tasks to queue
[2022-01-20 03:45:42,516] {logging_mixin.py:109} INFO - [2022-01-20 03:45:42,516] {dagbag.py:500} INFO - Filling up the DagBag from /home/airflow/.local/lib/python3.7/site-packages/airflow/example_dags/tutorial_taskflow_api_etl_virtualenv.py
[2022-01-20 03:45:42,620] {processor.py:632} INFO - DAG(s) dict_keys(['tutorial_taskflow_api_etl_virtualenv']) retrieved from /home/airflow/.local/lib/python3.7/site-packages/airflow/example_dags/tutorial_taskflow_api_etl_virtualenv.py
[2022-01-20 03:45:43,654] {logging_mixin.py:109} INFO - [2022-01-20 03:45:43,653] {dag.py:2389} INFO - Sync 1 DAGs
[2022-01-20 03:45:43,708] {logging_mixin.py:109} INFO - [2022-01-20 03:45:43,708] {dag.py:2914} INFO - Setting next_dagrun for tutorial_taskflow_api_etl_virtualenv to None
[2022-01-20 03:45:43,747] {processor.py:171} INFO - Processing /home/airflow/.local/lib/python3.7/site-packages/airflow/example_dags/tutorial_taskflow_api_etl_virtualenv.py took 1.246 seconds
[2022-01-20 03:46:14,890] {processor.py:163} INFO - Started process (PID=5547) to work on /home/airflow/.local/lib/python3.7/site-packages/airflow/example_dags/tutorial_taskflow_api_etl_virtualenv.py
[2022-01-20 03:46:14,897] {processor.py:620} INFO - Processing file /home/airflow/.local/lib/python3.7/site-packages/airflow/example_dags/tutorial_taskflow_api_etl_virtualenv.py for tasks to queue
[2022-01-20 03:46:14,901] {logging_mixin.py:109} INFO - [2022-01-20 03:46:14,901] {dagbag.py:500} INFO - Filling up the DagBag from /home/airflow/.local/lib/python3.7/site-packages/airflow/example_dags/tutorial_taskflow_api_etl_virtualenv.py
[2022-01-20 03:46:15,004] {processor.py:632} INFO - DAG(s) dict_keys(['tutorial_taskflow_api_etl_virtualenv']) retrieved from /home/airflow/.local/lib/python3.7/site-packages/airflow/example_dags/tutorial_taskflow_api_etl_virtualenv.py
[2022-01-20 03:46:16,244] {logging_mixin.py:109} INFO - [2022-01-20 03:46:16,244] {dag.py:2389} INFO - Sync 1 DAGs
[2022-01-20 03:46:16,350] {logging_mixin.py:109} INFO - [2022-01-20 03:46:16,350] {dag.py:2914} INFO - Setting next_dagrun for tutorial_taskflow_api_etl_virtualenv to None
[2022-01-20 03:46:16,386] {processor.py:171} INFO - Processing /home/airflow/.local/lib/python3.7/site-packages/airflow/example_dags/tutorial_taskflow_api_etl_virtualenv.py took 1.504 seconds
[2022-01-20 03:46:46,918] {processor.py:163} INFO - Started process (PID=5642) to work on /home/airflow/.local/lib/python3.7/site-packages/airflow/example_dags/tutorial_taskflow_api_etl_virtualenv.py
[2022-01-20 03:46:46,922] {processor.py:620} INFO - Processing file /home/airflow/.local/lib/python3.7/site-packages/airflow/example_dags/tutorial_taskflow_api_etl_virtualenv.py for tasks to queue
[2022-01-20 03:46:46,924] {logging_mixin.py:109} INFO - [2022-01-20 03:46:46,924] {dagbag.py:500} INFO - Filling up the DagBag from /home/airflow/.local/lib/python3.7/site-packages/airflow/example_dags/tutorial_taskflow_api_etl_virtualenv.py
[2022-01-20 03:46:47,007] {processor.py:632} INFO - DAG(s) dict_keys(['tutorial_taskflow_api_etl_virtualenv']) retrieved from /home/airflow/.local/lib/python3.7/site-packages/airflow/example_dags/tutorial_taskflow_api_etl_virtualenv.py
[2022-01-20 03:46:48,069] {logging_mixin.py:109} INFO - [2022-01-20 03:46:48,068] {dag.py:2389} INFO - Sync 1 DAGs
[2022-01-20 03:46:48,122] {logging_mixin.py:109} INFO - [2022-01-20 03:46:48,121] {dag.py:2914} INFO - Setting next_dagrun for tutorial_taskflow_api_etl_virtualenv to None
[2022-01-20 03:46:48,155] {processor.py:171} INFO - Processing /home/airflow/.local/lib/python3.7/site-packages/airflow/example_dags/tutorial_taskflow_api_etl_virtualenv.py took 1.243 seconds
[2022-01-20 03:47:18,488] {processor.py:163} INFO - Started process (PID=5762) to work on /home/airflow/.local/lib/python3.7/site-packages/airflow/example_dags/tutorial_taskflow_api_etl_virtualenv.py
[2022-01-20 03:47:18,492] {processor.py:620} INFO - Processing file /home/airflow/.local/lib/python3.7/site-packages/airflow/example_dags/tutorial_taskflow_api_etl_virtualenv.py for tasks to queue
[2022-01-20 03:47:18,507] {logging_mixin.py:109} INFO - [2022-01-20 03:47:18,498] {dagbag.py:500} INFO - Filling up the DagBag from /home/airflow/.local/lib/python3.7/site-packages/airflow/example_dags/tutorial_taskflow_api_etl_virtualenv.py
[2022-01-20 03:47:18,599] {processor.py:632} INFO - DAG(s) dict_keys(['tutorial_taskflow_api_etl_virtualenv']) retrieved from /home/airflow/.local/lib/python3.7/site-packages/airflow/example_dags/tutorial_taskflow_api_etl_virtualenv.py
[2022-01-20 03:47:19,887] {logging_mixin.py:109} INFO - [2022-01-20 03:47:19,886] {dag.py:2389} INFO - Sync 1 DAGs
[2022-01-20 03:47:19,950] {logging_mixin.py:109} INFO - [2022-01-20 03:47:19,950] {dag.py:2914} INFO - Setting next_dagrun for tutorial_taskflow_api_etl_virtualenv to None
[2022-01-20 03:47:20,033] {processor.py:171} INFO - Processing /home/airflow/.local/lib/python3.7/site-packages/airflow/example_dags/tutorial_taskflow_api_etl_virtualenv.py took 1.552 seconds
[2022-01-20 03:47:50,532] {processor.py:163} INFO - Started process (PID=5864) to work on /home/airflow/.local/lib/python3.7/site-packages/airflow/example_dags/tutorial_taskflow_api_etl_virtualenv.py
[2022-01-20 03:47:50,536] {processor.py:620} INFO - Processing file /home/airflow/.local/lib/python3.7/site-packages/airflow/example_dags/tutorial_taskflow_api_etl_virtualenv.py for tasks to queue
[2022-01-20 03:47:50,539] {logging_mixin.py:109} INFO - [2022-01-20 03:47:50,539] {dagbag.py:500} INFO - Filling up the DagBag from /home/airflow/.local/lib/python3.7/site-packages/airflow/example_dags/tutorial_taskflow_api_etl_virtualenv.py
[2022-01-20 03:47:50,615] {processor.py:632} INFO - DAG(s) dict_keys(['tutorial_taskflow_api_etl_virtualenv']) retrieved from /home/airflow/.local/lib/python3.7/site-packages/airflow/example_dags/tutorial_taskflow_api_etl_virtualenv.py
[2022-01-20 03:47:51,658] {logging_mixin.py:109} INFO - [2022-01-20 03:47:51,657] {dag.py:2389} INFO - Sync 1 DAGs
[2022-01-20 03:47:51,716] {logging_mixin.py:109} INFO - [2022-01-20 03:47:51,715] {dag.py:2914} INFO - Setting next_dagrun for tutorial_taskflow_api_etl_virtualenv to None
[2022-01-20 03:47:51,752] {processor.py:171} INFO - Processing /home/airflow/.local/lib/python3.7/site-packages/airflow/example_dags/tutorial_taskflow_api_etl_virtualenv.py took 1.226 seconds
[2022-01-20 03:48:22,535] {processor.py:163} INFO - Started process (PID=5984) to work on /home/airflow/.local/lib/python3.7/site-packages/airflow/example_dags/tutorial_taskflow_api_etl_virtualenv.py
[2022-01-20 03:48:22,540] {processor.py:620} INFO - Processing file /home/airflow/.local/lib/python3.7/site-packages/airflow/example_dags/tutorial_taskflow_api_etl_virtualenv.py for tasks to queue
[2022-01-20 03:48:22,543] {logging_mixin.py:109} INFO - [2022-01-20 03:48:22,543] {dagbag.py:500} INFO - Filling up the DagBag from /home/airflow/.local/lib/python3.7/site-packages/airflow/example_dags/tutorial_taskflow_api_etl_virtualenv.py
[2022-01-20 03:48:22,634] {processor.py:632} INFO - DAG(s) dict_keys(['tutorial_taskflow_api_etl_virtualenv']) retrieved from /home/airflow/.local/lib/python3.7/site-packages/airflow/example_dags/tutorial_taskflow_api_etl_virtualenv.py
[2022-01-20 03:48:23,591] {logging_mixin.py:109} INFO - [2022-01-20 03:48:23,590] {dag.py:2389} INFO - Sync 1 DAGs
[2022-01-20 03:48:23,639] {logging_mixin.py:109} INFO - [2022-01-20 03:48:23,639] {dag.py:2914} INFO - Setting next_dagrun for tutorial_taskflow_api_etl_virtualenv to None
[2022-01-20 03:48:23,670] {processor.py:171} INFO - Processing /home/airflow/.local/lib/python3.7/site-packages/airflow/example_dags/tutorial_taskflow_api_etl_virtualenv.py took 1.143 seconds
[2022-01-20 03:48:54,220] {processor.py:163} INFO - Started process (PID=6097) to work on /home/airflow/.local/lib/python3.7/site-packages/airflow/example_dags/tutorial_taskflow_api_etl_virtualenv.py
[2022-01-20 03:48:54,224] {processor.py:620} INFO - Processing file /home/airflow/.local/lib/python3.7/site-packages/airflow/example_dags/tutorial_taskflow_api_etl_virtualenv.py for tasks to queue
[2022-01-20 03:48:54,228] {logging_mixin.py:109} INFO - [2022-01-20 03:48:54,227] {dagbag.py:500} INFO - Filling up the DagBag from /home/airflow/.local/lib/python3.7/site-packages/airflow/example_dags/tutorial_taskflow_api_etl_virtualenv.py
[2022-01-20 03:48:54,318] {processor.py:632} INFO - DAG(s) dict_keys(['tutorial_taskflow_api_etl_virtualenv']) retrieved from /home/airflow/.local/lib/python3.7/site-packages/airflow/example_dags/tutorial_taskflow_api_etl_virtualenv.py
[2022-01-20 03:48:55,405] {logging_mixin.py:109} INFO - [2022-01-20 03:48:55,405] {dag.py:2389} INFO - Sync 1 DAGs
[2022-01-20 03:48:55,465] {logging_mixin.py:109} INFO - [2022-01-20 03:48:55,465] {dag.py:2914} INFO - Setting next_dagrun for tutorial_taskflow_api_etl_virtualenv to None
[2022-01-20 03:48:55,499] {processor.py:171} INFO - Processing /home/airflow/.local/lib/python3.7/site-packages/airflow/example_dags/tutorial_taskflow_api_etl_virtualenv.py took 1.285 seconds
[2022-01-20 03:49:26,413] {processor.py:163} INFO - Started process (PID=6189) to work on /home/airflow/.local/lib/python3.7/site-packages/airflow/example_dags/tutorial_taskflow_api_etl_virtualenv.py
[2022-01-20 03:49:26,417] {processor.py:620} INFO - Processing file /home/airflow/.local/lib/python3.7/site-packages/airflow/example_dags/tutorial_taskflow_api_etl_virtualenv.py for tasks to queue
[2022-01-20 03:49:26,420] {logging_mixin.py:109} INFO - [2022-01-20 03:49:26,419] {dagbag.py:500} INFO - Filling up the DagBag from /home/airflow/.local/lib/python3.7/site-packages/airflow/example_dags/tutorial_taskflow_api_etl_virtualenv.py
[2022-01-20 03:49:26,501] {processor.py:632} INFO - DAG(s) dict_keys(['tutorial_taskflow_api_etl_virtualenv']) retrieved from /home/airflow/.local/lib/python3.7/site-packages/airflow/example_dags/tutorial_taskflow_api_etl_virtualenv.py
[2022-01-20 03:49:27,400] {logging_mixin.py:109} INFO - [2022-01-20 03:49:27,400] {dag.py:2389} INFO - Sync 1 DAGs
[2022-01-20 03:49:27,443] {logging_mixin.py:109} INFO - [2022-01-20 03:49:27,443] {dag.py:2914} INFO - Setting next_dagrun for tutorial_taskflow_api_etl_virtualenv to None
[2022-01-20 03:49:27,472] {processor.py:171} INFO - Processing /home/airflow/.local/lib/python3.7/site-packages/airflow/example_dags/tutorial_taskflow_api_etl_virtualenv.py took 1.066 seconds
[2022-01-20 03:49:57,962] {processor.py:163} INFO - Started process (PID=6302) to work on /home/airflow/.local/lib/python3.7/site-packages/airflow/example_dags/tutorial_taskflow_api_etl_virtualenv.py
[2022-01-20 03:49:57,967] {processor.py:620} INFO - Processing file /home/airflow/.local/lib/python3.7/site-packages/airflow/example_dags/tutorial_taskflow_api_etl_virtualenv.py for tasks to queue
[2022-01-20 03:49:57,975] {logging_mixin.py:109} INFO - [2022-01-20 03:49:57,975] {dagbag.py:500} INFO - Filling up the DagBag from /home/airflow/.local/lib/python3.7/site-packages/airflow/example_dags/tutorial_taskflow_api_etl_virtualenv.py
[2022-01-20 03:49:58,077] {processor.py:632} INFO - DAG(s) dict_keys(['tutorial_taskflow_api_etl_virtualenv']) retrieved from /home/airflow/.local/lib/python3.7/site-packages/airflow/example_dags/tutorial_taskflow_api_etl_virtualenv.py
[2022-01-20 03:49:59,468] {logging_mixin.py:109} INFO - [2022-01-20 03:49:59,467] {dag.py:2389} INFO - Sync 1 DAGs
[2022-01-20 03:49:59,527] {logging_mixin.py:109} INFO - [2022-01-20 03:49:59,526] {dag.py:2914} INFO - Setting next_dagrun for tutorial_taskflow_api_etl_virtualenv to None
[2022-01-20 03:49:59,565] {processor.py:171} INFO - Processing /home/airflow/.local/lib/python3.7/site-packages/airflow/example_dags/tutorial_taskflow_api_etl_virtualenv.py took 1.619 seconds
[2022-01-20 03:50:29,815] {processor.py:163} INFO - Started process (PID=6398) to work on /home/airflow/.local/lib/python3.7/site-packages/airflow/example_dags/tutorial_taskflow_api_etl_virtualenv.py
[2022-01-20 03:50:29,819] {processor.py:620} INFO - Processing file /home/airflow/.local/lib/python3.7/site-packages/airflow/example_dags/tutorial_taskflow_api_etl_virtualenv.py for tasks to queue
[2022-01-20 03:50:29,821] {logging_mixin.py:109} INFO - [2022-01-20 03:50:29,821] {dagbag.py:500} INFO - Filling up the DagBag from /home/airflow/.local/lib/python3.7/site-packages/airflow/example_dags/tutorial_taskflow_api_etl_virtualenv.py
[2022-01-20 03:50:29,891] {processor.py:632} INFO - DAG(s) dict_keys(['tutorial_taskflow_api_etl_virtualenv']) retrieved from /home/airflow/.local/lib/python3.7/site-packages/airflow/example_dags/tutorial_taskflow_api_etl_virtualenv.py
[2022-01-20 03:50:30,632] {logging_mixin.py:109} INFO - [2022-01-20 03:50:30,632] {dag.py:2389} INFO - Sync 1 DAGs
[2022-01-20 03:50:30,672] {logging_mixin.py:109} INFO - [2022-01-20 03:50:30,671] {dag.py:2914} INFO - Setting next_dagrun for tutorial_taskflow_api_etl_virtualenv to None
[2022-01-20 03:50:30,698] {processor.py:171} INFO - Processing /home/airflow/.local/lib/python3.7/site-packages/airflow/example_dags/tutorial_taskflow_api_etl_virtualenv.py took 0.891 seconds
[2022-01-20 03:51:01,866] {processor.py:163} INFO - Started process (PID=6514) to work on /home/airflow/.local/lib/python3.7/site-packages/airflow/example_dags/tutorial_taskflow_api_etl_virtualenv.py
[2022-01-20 03:51:01,870] {processor.py:620} INFO - Processing file /home/airflow/.local/lib/python3.7/site-packages/airflow/example_dags/tutorial_taskflow_api_etl_virtualenv.py for tasks to queue
[2022-01-20 03:51:01,873] {logging_mixin.py:109} INFO - [2022-01-20 03:51:01,872] {dagbag.py:500} INFO - Filling up the DagBag from /home/airflow/.local/lib/python3.7/site-packages/airflow/example_dags/tutorial_taskflow_api_etl_virtualenv.py
[2022-01-20 03:51:01,965] {processor.py:632} INFO - DAG(s) dict_keys(['tutorial_taskflow_api_etl_virtualenv']) retrieved from /home/airflow/.local/lib/python3.7/site-packages/airflow/example_dags/tutorial_taskflow_api_etl_virtualenv.py
[2022-01-20 03:51:02,916] {logging_mixin.py:109} INFO - [2022-01-20 03:51:02,915] {dag.py:2389} INFO - Sync 1 DAGs
[2022-01-20 03:51:02,965] {logging_mixin.py:109} INFO - [2022-01-20 03:51:02,965] {dag.py:2914} INFO - Setting next_dagrun for tutorial_taskflow_api_etl_virtualenv to None
[2022-01-20 03:51:02,998] {processor.py:171} INFO - Processing /home/airflow/.local/lib/python3.7/site-packages/airflow/example_dags/tutorial_taskflow_api_etl_virtualenv.py took 1.139 seconds
