[2022-01-20 03:20:03,380] {processor.py:163} INFO - Started process (PID=211) to work on /opt/airflow/dags/MySQL_to_CSV.py
[2022-01-20 03:20:03,395] {processor.py:620} INFO - Processing file /opt/airflow/dags/MySQL_to_CSV.py for tasks to queue
[2022-01-20 03:20:03,399] {logging_mixin.py:109} INFO - [2022-01-20 03:20:03,398] {dagbag.py:500} INFO - Filling up the DagBag from /opt/airflow/dags/MySQL_to_CSV.py
[2022-01-20 03:20:10,839] {processor.py:632} INFO - DAG(s) dict_keys(['MySQLTOCsv']) retrieved from /opt/airflow/dags/MySQL_to_CSV.py
[2022-01-20 03:20:11,027] {logging_mixin.py:109} INFO - [2022-01-20 03:20:11,025] {dag.py:2389} INFO - Sync 1 DAGs
[2022-01-20 03:20:11,372] {logging_mixin.py:109} INFO - [2022-01-20 03:20:11,371] {dag.py:2914} INFO - Setting next_dagrun for MySQLTOCsv to 2022-01-19T17:20:00+00:00
[2022-01-20 03:20:11,523] {processor.py:171} INFO - Processing /opt/airflow/dags/MySQL_to_CSV.py took 8.176 seconds
[2022-01-20 03:20:42,121] {processor.py:163} INFO - Started process (PID=328) to work on /opt/airflow/dags/MySQL_to_CSV.py
[2022-01-20 03:20:42,134] {processor.py:620} INFO - Processing file /opt/airflow/dags/MySQL_to_CSV.py for tasks to queue
[2022-01-20 03:20:42,138] {logging_mixin.py:109} INFO - [2022-01-20 03:20:42,138] {dagbag.py:500} INFO - Filling up the DagBag from /opt/airflow/dags/MySQL_to_CSV.py
[2022-01-20 03:20:46,109] {processor.py:632} INFO - DAG(s) dict_keys(['MySQLTOCsv']) retrieved from /opt/airflow/dags/MySQL_to_CSV.py
[2022-01-20 03:20:48,698] {logging_mixin.py:109} INFO - [2022-01-20 03:20:48,696] {dag.py:2389} INFO - Sync 1 DAGs
[2022-01-20 03:20:48,805] {logging_mixin.py:109} INFO - [2022-01-20 03:20:48,801] {dag.py:2914} INFO - Setting next_dagrun for MySQLTOCsv to 2022-01-20T03:20:00+00:00
[2022-01-20 03:20:48,854] {processor.py:171} INFO - Processing /opt/airflow/dags/MySQL_to_CSV.py took 6.749 seconds
[2022-01-20 03:21:19,080] {processor.py:163} INFO - Started process (PID=451) to work on /opt/airflow/dags/MySQL_to_CSV.py
[2022-01-20 03:21:19,090] {processor.py:620} INFO - Processing file /opt/airflow/dags/MySQL_to_CSV.py for tasks to queue
[2022-01-20 03:21:19,098] {logging_mixin.py:109} INFO - [2022-01-20 03:21:19,097] {dagbag.py:500} INFO - Filling up the DagBag from /opt/airflow/dags/MySQL_to_CSV.py
[2022-01-20 03:21:22,127] {processor.py:632} INFO - DAG(s) dict_keys(['MySQLTOCsv']) retrieved from /opt/airflow/dags/MySQL_to_CSV.py
[2022-01-20 03:21:22,209] {logging_mixin.py:109} INFO - [2022-01-20 03:21:22,207] {dag.py:2389} INFO - Sync 1 DAGs
[2022-01-20 03:21:22,349] {logging_mixin.py:109} INFO - [2022-01-20 03:21:22,348] {dag.py:2914} INFO - Setting next_dagrun for MySQLTOCsv to 2022-01-20T03:20:00+00:00
[2022-01-20 03:21:22,401] {processor.py:171} INFO - Processing /opt/airflow/dags/MySQL_to_CSV.py took 3.334 seconds
[2022-01-20 03:21:53,146] {processor.py:163} INFO - Started process (PID=567) to work on /opt/airflow/dags/MySQL_to_CSV.py
[2022-01-20 03:21:53,151] {processor.py:620} INFO - Processing file /opt/airflow/dags/MySQL_to_CSV.py for tasks to queue
[2022-01-20 03:21:53,154] {logging_mixin.py:109} INFO - [2022-01-20 03:21:53,154] {dagbag.py:500} INFO - Filling up the DagBag from /opt/airflow/dags/MySQL_to_CSV.py
[2022-01-20 03:21:55,171] {processor.py:632} INFO - DAG(s) dict_keys(['MySQLTOCsv']) retrieved from /opt/airflow/dags/MySQL_to_CSV.py
[2022-01-20 03:21:56,514] {logging_mixin.py:109} INFO - [2022-01-20 03:21:56,513] {dag.py:2389} INFO - Sync 1 DAGs
[2022-01-20 03:21:56,581] {logging_mixin.py:109} INFO - [2022-01-20 03:21:56,580] {dag.py:2914} INFO - Setting next_dagrun for MySQLTOCsv to 2022-01-20T03:20:00+00:00
[2022-01-20 03:21:56,622] {processor.py:171} INFO - Processing /opt/airflow/dags/MySQL_to_CSV.py took 3.485 seconds
[2022-01-20 03:22:27,138] {processor.py:163} INFO - Started process (PID=669) to work on /opt/airflow/dags/MySQL_to_CSV.py
[2022-01-20 03:22:27,142] {processor.py:620} INFO - Processing file /opt/airflow/dags/MySQL_to_CSV.py for tasks to queue
[2022-01-20 03:22:27,144] {logging_mixin.py:109} INFO - [2022-01-20 03:22:27,144] {dagbag.py:500} INFO - Filling up the DagBag from /opt/airflow/dags/MySQL_to_CSV.py
[2022-01-20 03:22:28,788] {processor.py:632} INFO - DAG(s) dict_keys(['MySQLTOCsv']) retrieved from /opt/airflow/dags/MySQL_to_CSV.py
[2022-01-20 03:22:28,816] {logging_mixin.py:109} INFO - [2022-01-20 03:22:28,815] {dag.py:2389} INFO - Sync 1 DAGs
[2022-01-20 03:22:28,869] {logging_mixin.py:109} INFO - [2022-01-20 03:22:28,869] {dag.py:2914} INFO - Setting next_dagrun for MySQLTOCsv to 2022-01-20T03:20:00+00:00
[2022-01-20 03:22:28,891] {processor.py:171} INFO - Processing /opt/airflow/dags/MySQL_to_CSV.py took 1.760 seconds
[2022-01-20 03:22:59,049] {processor.py:163} INFO - Started process (PID=789) to work on /opt/airflow/dags/MySQL_to_CSV.py
[2022-01-20 03:22:59,054] {processor.py:620} INFO - Processing file /opt/airflow/dags/MySQL_to_CSV.py for tasks to queue
[2022-01-20 03:22:59,057] {logging_mixin.py:109} INFO - [2022-01-20 03:22:59,057] {dagbag.py:500} INFO - Filling up the DagBag from /opt/airflow/dags/MySQL_to_CSV.py
[2022-01-20 03:23:01,458] {processor.py:632} INFO - DAG(s) dict_keys(['MySQLTOCsv']) retrieved from /opt/airflow/dags/MySQL_to_CSV.py
[2022-01-20 03:23:02,642] {logging_mixin.py:109} INFO - [2022-01-20 03:23:02,641] {dag.py:2389} INFO - Sync 1 DAGs
[2022-01-20 03:23:02,711] {logging_mixin.py:109} INFO - [2022-01-20 03:23:02,710] {dag.py:2914} INFO - Setting next_dagrun for MySQLTOCsv to 2022-01-20T03:20:00+00:00
[2022-01-20 03:23:02,743] {processor.py:171} INFO - Processing /opt/airflow/dags/MySQL_to_CSV.py took 3.701 seconds
[2022-01-20 03:23:33,163] {processor.py:163} INFO - Started process (PID=912) to work on /opt/airflow/dags/MySQL_to_CSV.py
[2022-01-20 03:23:33,167] {processor.py:620} INFO - Processing file /opt/airflow/dags/MySQL_to_CSV.py for tasks to queue
[2022-01-20 03:23:33,170] {logging_mixin.py:109} INFO - [2022-01-20 03:23:33,170] {dagbag.py:500} INFO - Filling up the DagBag from /opt/airflow/dags/MySQL_to_CSV.py
[2022-01-20 03:23:35,321] {processor.py:632} INFO - DAG(s) dict_keys(['MySQLTOCsv']) retrieved from /opt/airflow/dags/MySQL_to_CSV.py
[2022-01-20 03:23:35,360] {logging_mixin.py:109} INFO - [2022-01-20 03:23:35,359] {dag.py:2389} INFO - Sync 1 DAGs
[2022-01-20 03:23:35,425] {logging_mixin.py:109} INFO - [2022-01-20 03:23:35,424] {dag.py:2914} INFO - Setting next_dagrun for MySQLTOCsv to 2022-01-20T03:20:00+00:00
[2022-01-20 03:23:35,452] {processor.py:171} INFO - Processing /opt/airflow/dags/MySQL_to_CSV.py took 2.297 seconds
[2022-01-20 03:24:05,733] {processor.py:163} INFO - Started process (PID=1008) to work on /opt/airflow/dags/MySQL_to_CSV.py
[2022-01-20 03:24:05,736] {processor.py:620} INFO - Processing file /opt/airflow/dags/MySQL_to_CSV.py for tasks to queue
[2022-01-20 03:24:05,739] {logging_mixin.py:109} INFO - [2022-01-20 03:24:05,738] {dagbag.py:500} INFO - Filling up the DagBag from /opt/airflow/dags/MySQL_to_CSV.py
[2022-01-20 03:24:07,356] {processor.py:632} INFO - DAG(s) dict_keys(['MySQLTOCsv']) retrieved from /opt/airflow/dags/MySQL_to_CSV.py
[2022-01-20 03:24:08,307] {logging_mixin.py:109} INFO - [2022-01-20 03:24:08,306] {dag.py:2389} INFO - Sync 1 DAGs
[2022-01-20 03:24:08,361] {logging_mixin.py:109} INFO - [2022-01-20 03:24:08,360] {dag.py:2914} INFO - Setting next_dagrun for MySQLTOCsv to 2022-01-20T03:20:00+00:00
[2022-01-20 03:24:08,394] {processor.py:171} INFO - Processing /opt/airflow/dags/MySQL_to_CSV.py took 2.667 seconds
[2022-01-20 03:24:38,525] {processor.py:163} INFO - Started process (PID=1128) to work on /opt/airflow/dags/MySQL_to_CSV.py
[2022-01-20 03:24:38,529] {processor.py:620} INFO - Processing file /opt/airflow/dags/MySQL_to_CSV.py for tasks to queue
[2022-01-20 03:24:38,533] {logging_mixin.py:109} INFO - [2022-01-20 03:24:38,532] {dagbag.py:500} INFO - Filling up the DagBag from /opt/airflow/dags/MySQL_to_CSV.py
[2022-01-20 03:24:40,817] {processor.py:632} INFO - DAG(s) dict_keys(['MySQLTOCsv']) retrieved from /opt/airflow/dags/MySQL_to_CSV.py
[2022-01-20 03:24:40,893] {logging_mixin.py:109} INFO - [2022-01-20 03:24:40,889] {dag.py:2389} INFO - Sync 1 DAGs
[2022-01-20 03:24:41,017] {logging_mixin.py:109} INFO - [2022-01-20 03:24:41,016] {dag.py:2914} INFO - Setting next_dagrun for MySQLTOCsv to 2022-01-20T03:20:00+00:00
[2022-01-20 03:24:41,045] {processor.py:171} INFO - Processing /opt/airflow/dags/MySQL_to_CSV.py took 2.528 seconds
[2022-01-20 03:25:11,423] {processor.py:163} INFO - Started process (PID=1235) to work on /opt/airflow/dags/MySQL_to_CSV.py
[2022-01-20 03:25:11,428] {processor.py:620} INFO - Processing file /opt/airflow/dags/MySQL_to_CSV.py for tasks to queue
[2022-01-20 03:25:11,431] {logging_mixin.py:109} INFO - [2022-01-20 03:25:11,430] {dagbag.py:500} INFO - Filling up the DagBag from /opt/airflow/dags/MySQL_to_CSV.py
[2022-01-20 03:25:13,391] {processor.py:632} INFO - DAG(s) dict_keys(['MySQLTOCsv']) retrieved from /opt/airflow/dags/MySQL_to_CSV.py
[2022-01-20 03:25:14,769] {logging_mixin.py:109} INFO - [2022-01-20 03:25:14,767] {dag.py:2389} INFO - Sync 1 DAGs
[2022-01-20 03:25:14,849] {logging_mixin.py:109} INFO - [2022-01-20 03:25:14,849] {dag.py:2914} INFO - Setting next_dagrun for MySQLTOCsv to 2022-01-20T03:20:00+00:00
[2022-01-20 03:25:14,881] {processor.py:171} INFO - Processing /opt/airflow/dags/MySQL_to_CSV.py took 3.465 seconds
[2022-01-20 03:25:45,894] {processor.py:163} INFO - Started process (PID=1340) to work on /opt/airflow/dags/MySQL_to_CSV.py
[2022-01-20 03:25:45,898] {processor.py:620} INFO - Processing file /opt/airflow/dags/MySQL_to_CSV.py for tasks to queue
[2022-01-20 03:25:45,901] {logging_mixin.py:109} INFO - [2022-01-20 03:25:45,901] {dagbag.py:500} INFO - Filling up the DagBag from /opt/airflow/dags/MySQL_to_CSV.py
[2022-01-20 03:25:47,943] {processor.py:632} INFO - DAG(s) dict_keys(['MySQLTOCsv']) retrieved from /opt/airflow/dags/MySQL_to_CSV.py
[2022-01-20 03:25:47,974] {logging_mixin.py:109} INFO - [2022-01-20 03:25:47,972] {dag.py:2389} INFO - Sync 1 DAGs
[2022-01-20 03:25:48,030] {logging_mixin.py:109} INFO - [2022-01-20 03:25:48,030] {dag.py:2914} INFO - Setting next_dagrun for MySQLTOCsv to 2022-01-20T03:20:00+00:00
[2022-01-20 03:25:48,054] {processor.py:171} INFO - Processing /opt/airflow/dags/MySQL_to_CSV.py took 2.168 seconds
[2022-01-20 03:26:18,377] {processor.py:163} INFO - Started process (PID=1457) to work on /opt/airflow/dags/MySQL_to_CSV.py
[2022-01-20 03:26:18,399] {processor.py:620} INFO - Processing file /opt/airflow/dags/MySQL_to_CSV.py for tasks to queue
[2022-01-20 03:26:18,403] {logging_mixin.py:109} INFO - [2022-01-20 03:26:18,402] {dagbag.py:500} INFO - Filling up the DagBag from /opt/airflow/dags/MySQL_to_CSV.py
[2022-01-20 03:26:20,803] {processor.py:632} INFO - DAG(s) dict_keys(['MySQLTOCsv']) retrieved from /opt/airflow/dags/MySQL_to_CSV.py
[2022-01-20 03:26:22,140] {logging_mixin.py:109} INFO - [2022-01-20 03:26:22,139] {dag.py:2389} INFO - Sync 1 DAGs
[2022-01-20 03:26:22,203] {logging_mixin.py:109} INFO - [2022-01-20 03:26:22,202] {dag.py:2914} INFO - Setting next_dagrun for MySQLTOCsv to 2022-01-20T03:20:00+00:00
[2022-01-20 03:26:22,238] {processor.py:171} INFO - Processing /opt/airflow/dags/MySQL_to_CSV.py took 3.869 seconds
[2022-01-20 03:26:52,902] {processor.py:163} INFO - Started process (PID=1573) to work on /opt/airflow/dags/MySQL_to_CSV.py
[2022-01-20 03:26:52,907] {processor.py:620} INFO - Processing file /opt/airflow/dags/MySQL_to_CSV.py for tasks to queue
[2022-01-20 03:26:52,913] {logging_mixin.py:109} INFO - [2022-01-20 03:26:52,913] {dagbag.py:500} INFO - Filling up the DagBag from /opt/airflow/dags/MySQL_to_CSV.py
[2022-01-20 03:26:55,287] {processor.py:632} INFO - DAG(s) dict_keys(['MySQLTOCsv']) retrieved from /opt/airflow/dags/MySQL_to_CSV.py
[2022-01-20 03:26:55,332] {logging_mixin.py:109} INFO - [2022-01-20 03:26:55,330] {dag.py:2389} INFO - Sync 1 DAGs
[2022-01-20 03:26:55,402] {logging_mixin.py:109} INFO - [2022-01-20 03:26:55,401] {dag.py:2914} INFO - Setting next_dagrun for MySQLTOCsv to 2022-01-20T03:20:00+00:00
[2022-01-20 03:26:55,430] {processor.py:171} INFO - Processing /opt/airflow/dags/MySQL_to_CSV.py took 2.543 seconds
[2022-01-20 03:27:25,563] {processor.py:163} INFO - Started process (PID=1674) to work on /opt/airflow/dags/MySQL_to_CSV.py
[2022-01-20 03:27:25,567] {processor.py:620} INFO - Processing file /opt/airflow/dags/MySQL_to_CSV.py for tasks to queue
[2022-01-20 03:27:25,570] {logging_mixin.py:109} INFO - [2022-01-20 03:27:25,569] {dagbag.py:500} INFO - Filling up the DagBag from /opt/airflow/dags/MySQL_to_CSV.py
[2022-01-20 03:27:27,189] {processor.py:632} INFO - DAG(s) dict_keys(['MySQLTOCsv']) retrieved from /opt/airflow/dags/MySQL_to_CSV.py
[2022-01-20 03:27:28,101] {logging_mixin.py:109} INFO - [2022-01-20 03:27:28,100] {dag.py:2389} INFO - Sync 1 DAGs
[2022-01-20 03:27:28,156] {logging_mixin.py:109} INFO - [2022-01-20 03:27:28,155] {dag.py:2914} INFO - Setting next_dagrun for MySQLTOCsv to 2022-01-20T03:20:00+00:00
[2022-01-20 03:27:28,181] {processor.py:171} INFO - Processing /opt/airflow/dags/MySQL_to_CSV.py took 2.625 seconds
[2022-01-20 03:27:58,405] {processor.py:163} INFO - Started process (PID=1800) to work on /opt/airflow/dags/MySQL_to_CSV.py
[2022-01-20 03:27:58,409] {processor.py:620} INFO - Processing file /opt/airflow/dags/MySQL_to_CSV.py for tasks to queue
[2022-01-20 03:27:58,413] {logging_mixin.py:109} INFO - [2022-01-20 03:27:58,412] {dagbag.py:500} INFO - Filling up the DagBag from /opt/airflow/dags/MySQL_to_CSV.py
[2022-01-20 03:28:00,471] {processor.py:632} INFO - DAG(s) dict_keys(['MySQLTOCsv']) retrieved from /opt/airflow/dags/MySQL_to_CSV.py
[2022-01-20 03:28:00,510] {logging_mixin.py:109} INFO - [2022-01-20 03:28:00,509] {dag.py:2389} INFO - Sync 1 DAGs
[2022-01-20 03:28:00,665] {logging_mixin.py:109} INFO - [2022-01-20 03:28:00,664] {dag.py:2914} INFO - Setting next_dagrun for MySQLTOCsv to 2022-01-20T03:20:00+00:00
[2022-01-20 03:28:00,760] {processor.py:171} INFO - Processing /opt/airflow/dags/MySQL_to_CSV.py took 2.362 seconds
[2022-01-20 03:28:31,304] {processor.py:163} INFO - Started process (PID=1907) to work on /opt/airflow/dags/MySQL_to_CSV.py
[2022-01-20 03:28:31,307] {processor.py:620} INFO - Processing file /opt/airflow/dags/MySQL_to_CSV.py for tasks to queue
[2022-01-20 03:28:31,310] {logging_mixin.py:109} INFO - [2022-01-20 03:28:31,310] {dagbag.py:500} INFO - Filling up the DagBag from /opt/airflow/dags/MySQL_to_CSV.py
[2022-01-20 03:28:33,321] {processor.py:632} INFO - DAG(s) dict_keys(['MySQLTOCsv']) retrieved from /opt/airflow/dags/MySQL_to_CSV.py
[2022-01-20 03:28:34,684] {logging_mixin.py:109} INFO - [2022-01-20 03:28:34,682] {dag.py:2389} INFO - Sync 1 DAGs
[2022-01-20 03:28:34,754] {logging_mixin.py:109} INFO - [2022-01-20 03:28:34,753] {dag.py:2914} INFO - Setting next_dagrun for MySQLTOCsv to 2022-01-20T03:20:00+00:00
[2022-01-20 03:28:34,791] {processor.py:171} INFO - Processing /opt/airflow/dags/MySQL_to_CSV.py took 3.496 seconds
[2022-01-20 03:29:05,081] {processor.py:163} INFO - Started process (PID=2011) to work on /opt/airflow/dags/MySQL_to_CSV.py
[2022-01-20 03:29:05,085] {processor.py:620} INFO - Processing file /opt/airflow/dags/MySQL_to_CSV.py for tasks to queue
[2022-01-20 03:29:05,088] {logging_mixin.py:109} INFO - [2022-01-20 03:29:05,087] {dagbag.py:500} INFO - Filling up the DagBag from /opt/airflow/dags/MySQL_to_CSV.py
[2022-01-20 03:29:06,962] {processor.py:632} INFO - DAG(s) dict_keys(['MySQLTOCsv']) retrieved from /opt/airflow/dags/MySQL_to_CSV.py
[2022-01-20 03:29:06,987] {logging_mixin.py:109} INFO - [2022-01-20 03:29:06,986] {dag.py:2389} INFO - Sync 1 DAGs
[2022-01-20 03:29:07,038] {logging_mixin.py:109} INFO - [2022-01-20 03:29:07,037] {dag.py:2914} INFO - Setting next_dagrun for MySQLTOCsv to 2022-01-20T03:20:00+00:00
[2022-01-20 03:29:07,056] {processor.py:171} INFO - Processing /opt/airflow/dags/MySQL_to_CSV.py took 1.983 seconds
[2022-01-20 03:29:37,921] {processor.py:163} INFO - Started process (PID=2134) to work on /opt/airflow/dags/MySQL_to_CSV.py
[2022-01-20 03:29:37,926] {processor.py:620} INFO - Processing file /opt/airflow/dags/MySQL_to_CSV.py for tasks to queue
[2022-01-20 03:29:37,930] {logging_mixin.py:109} INFO - [2022-01-20 03:29:37,929] {dagbag.py:500} INFO - Filling up the DagBag from /opt/airflow/dags/MySQL_to_CSV.py
[2022-01-20 03:29:40,041] {processor.py:632} INFO - DAG(s) dict_keys(['MySQLTOCsv']) retrieved from /opt/airflow/dags/MySQL_to_CSV.py
[2022-01-20 03:29:41,303] {logging_mixin.py:109} INFO - [2022-01-20 03:29:41,302] {dag.py:2389} INFO - Sync 1 DAGs
[2022-01-20 03:29:41,377] {logging_mixin.py:109} INFO - [2022-01-20 03:29:41,377] {dag.py:2914} INFO - Setting next_dagrun for MySQLTOCsv to 2022-01-20T03:20:00+00:00
[2022-01-20 03:29:41,411] {processor.py:171} INFO - Processing /opt/airflow/dags/MySQL_to_CSV.py took 3.497 seconds
[2022-01-20 03:30:11,654] {processor.py:163} INFO - Started process (PID=2250) to work on /opt/airflow/dags/MySQL_to_CSV.py
[2022-01-20 03:30:11,663] {processor.py:620} INFO - Processing file /opt/airflow/dags/MySQL_to_CSV.py for tasks to queue
[2022-01-20 03:30:11,670] {logging_mixin.py:109} INFO - [2022-01-20 03:30:11,669] {dagbag.py:500} INFO - Filling up the DagBag from /opt/airflow/dags/MySQL_to_CSV.py
[2022-01-20 03:30:14,049] {processor.py:632} INFO - DAG(s) dict_keys(['MySQLTOCsv']) retrieved from /opt/airflow/dags/MySQL_to_CSV.py
[2022-01-20 03:30:14,085] {logging_mixin.py:109} INFO - [2022-01-20 03:30:14,083] {dag.py:2389} INFO - Sync 1 DAGs
[2022-01-20 03:30:14,160] {logging_mixin.py:109} INFO - [2022-01-20 03:30:14,159] {dag.py:2914} INFO - Setting next_dagrun for MySQLTOCsv to 2022-01-20T03:20:00+00:00
[2022-01-20 03:30:14,187] {processor.py:171} INFO - Processing /opt/airflow/dags/MySQL_to_CSV.py took 2.545 seconds
[2022-01-20 03:30:44,861] {processor.py:163} INFO - Started process (PID=2365) to work on /opt/airflow/dags/MySQL_to_CSV.py
[2022-01-20 03:30:44,865] {processor.py:620} INFO - Processing file /opt/airflow/dags/MySQL_to_CSV.py for tasks to queue
[2022-01-20 03:30:44,867] {logging_mixin.py:109} INFO - [2022-01-20 03:30:44,867] {dagbag.py:500} INFO - Filling up the DagBag from /opt/airflow/dags/MySQL_to_CSV.py
[2022-01-20 03:30:46,598] {processor.py:632} INFO - DAG(s) dict_keys(['MySQLTOCsv']) retrieved from /opt/airflow/dags/MySQL_to_CSV.py
[2022-01-20 03:30:46,612] {logging_mixin.py:109} INFO - [2022-01-20 03:30:46,610] {dag.py:2389} INFO - Sync 1 DAGs
[2022-01-20 03:30:46,676] {logging_mixin.py:109} INFO - [2022-01-20 03:30:46,675] {dag.py:2914} INFO - Setting next_dagrun for MySQLTOCsv to 2022-01-20T03:20:00+00:00
[2022-01-20 03:30:46,700] {processor.py:171} INFO - Processing /opt/airflow/dags/MySQL_to_CSV.py took 1.847 seconds
[2022-01-20 03:31:16,842] {processor.py:163} INFO - Started process (PID=2492) to work on /opt/airflow/dags/MySQL_to_CSV.py
[2022-01-20 03:31:16,846] {processor.py:620} INFO - Processing file /opt/airflow/dags/MySQL_to_CSV.py for tasks to queue
[2022-01-20 03:31:16,849] {logging_mixin.py:109} INFO - [2022-01-20 03:31:16,848] {dagbag.py:500} INFO - Filling up the DagBag from /opt/airflow/dags/MySQL_to_CSV.py
[2022-01-20 03:31:19,013] {processor.py:632} INFO - DAG(s) dict_keys(['MySQLTOCsv']) retrieved from /opt/airflow/dags/MySQL_to_CSV.py
[2022-01-20 03:31:20,211] {logging_mixin.py:109} INFO - [2022-01-20 03:31:20,210] {dag.py:2389} INFO - Sync 1 DAGs
[2022-01-20 03:31:20,276] {logging_mixin.py:109} INFO - [2022-01-20 03:31:20,275] {dag.py:2914} INFO - Setting next_dagrun for MySQLTOCsv to 2022-01-20T03:20:00+00:00
[2022-01-20 03:31:20,311] {processor.py:171} INFO - Processing /opt/airflow/dags/MySQL_to_CSV.py took 3.478 seconds
[2022-01-20 03:31:51,083] {processor.py:163} INFO - Started process (PID=2603) to work on /opt/airflow/dags/MySQL_to_CSV.py
[2022-01-20 03:31:51,088] {processor.py:620} INFO - Processing file /opt/airflow/dags/MySQL_to_CSV.py for tasks to queue
[2022-01-20 03:31:51,095] {logging_mixin.py:109} INFO - [2022-01-20 03:31:51,094] {dagbag.py:500} INFO - Filling up the DagBag from /opt/airflow/dags/MySQL_to_CSV.py
[2022-01-20 03:31:53,316] {processor.py:632} INFO - DAG(s) dict_keys(['MySQLTOCsv']) retrieved from /opt/airflow/dags/MySQL_to_CSV.py
[2022-01-20 03:31:53,362] {logging_mixin.py:109} INFO - [2022-01-20 03:31:53,361] {dag.py:2389} INFO - Sync 1 DAGs
[2022-01-20 03:31:53,435] {logging_mixin.py:109} INFO - [2022-01-20 03:31:53,434] {dag.py:2914} INFO - Setting next_dagrun for MySQLTOCsv to 2022-01-20T03:20:00+00:00
[2022-01-20 03:31:53,466] {processor.py:171} INFO - Processing /opt/airflow/dags/MySQL_to_CSV.py took 2.391 seconds
[2022-01-20 03:32:24,069] {processor.py:163} INFO - Started process (PID=2707) to work on /opt/airflow/dags/MySQL_to_CSV.py
[2022-01-20 03:32:24,073] {processor.py:620} INFO - Processing file /opt/airflow/dags/MySQL_to_CSV.py for tasks to queue
[2022-01-20 03:32:24,076] {logging_mixin.py:109} INFO - [2022-01-20 03:32:24,076] {dagbag.py:500} INFO - Filling up the DagBag from /opt/airflow/dags/MySQL_to_CSV.py
[2022-01-20 03:32:26,032] {processor.py:632} INFO - DAG(s) dict_keys(['MySQLTOCsv']) retrieved from /opt/airflow/dags/MySQL_to_CSV.py
[2022-01-20 03:32:26,043] {logging_mixin.py:109} INFO - [2022-01-20 03:32:26,042] {dag.py:2389} INFO - Sync 1 DAGs
[2022-01-20 03:32:26,097] {logging_mixin.py:109} INFO - [2022-01-20 03:32:26,096] {dag.py:2914} INFO - Setting next_dagrun for MySQLTOCsv to 2022-01-20T03:20:00+00:00
[2022-01-20 03:32:26,119] {processor.py:171} INFO - Processing /opt/airflow/dags/MySQL_to_CSV.py took 2.056 seconds
[2022-01-20 03:32:56,946] {processor.py:163} INFO - Started process (PID=2828) to work on /opt/airflow/dags/MySQL_to_CSV.py
[2022-01-20 03:32:56,951] {processor.py:620} INFO - Processing file /opt/airflow/dags/MySQL_to_CSV.py for tasks to queue
[2022-01-20 03:32:56,954] {logging_mixin.py:109} INFO - [2022-01-20 03:32:56,954] {dagbag.py:500} INFO - Filling up the DagBag from /opt/airflow/dags/MySQL_to_CSV.py
[2022-01-20 03:32:58,995] {processor.py:632} INFO - DAG(s) dict_keys(['MySQLTOCsv']) retrieved from /opt/airflow/dags/MySQL_to_CSV.py
[2022-01-20 03:33:00,183] {logging_mixin.py:109} INFO - [2022-01-20 03:33:00,181] {dag.py:2389} INFO - Sync 1 DAGs
[2022-01-20 03:33:00,289] {logging_mixin.py:109} INFO - [2022-01-20 03:33:00,289] {dag.py:2914} INFO - Setting next_dagrun for MySQLTOCsv to 2022-01-20T03:20:00+00:00
[2022-01-20 03:33:00,324] {processor.py:171} INFO - Processing /opt/airflow/dags/MySQL_to_CSV.py took 3.385 seconds
[2022-01-20 03:33:30,445] {processor.py:163} INFO - Started process (PID=2929) to work on /opt/airflow/dags/MySQL_to_CSV.py
[2022-01-20 03:33:30,450] {processor.py:620} INFO - Processing file /opt/airflow/dags/MySQL_to_CSV.py for tasks to queue
[2022-01-20 03:33:30,454] {logging_mixin.py:109} INFO - [2022-01-20 03:33:30,453] {dagbag.py:500} INFO - Filling up the DagBag from /opt/airflow/dags/MySQL_to_CSV.py
[2022-01-20 03:33:32,649] {processor.py:632} INFO - DAG(s) dict_keys(['MySQLTOCsv']) retrieved from /opt/airflow/dags/MySQL_to_CSV.py
[2022-01-20 03:33:32,686] {logging_mixin.py:109} INFO - [2022-01-20 03:33:32,684] {dag.py:2389} INFO - Sync 1 DAGs
[2022-01-20 03:33:32,821] {logging_mixin.py:109} INFO - [2022-01-20 03:33:32,820] {dag.py:2914} INFO - Setting next_dagrun for MySQLTOCsv to 2022-01-20T03:20:00+00:00
[2022-01-20 03:33:32,896] {processor.py:171} INFO - Processing /opt/airflow/dags/MySQL_to_CSV.py took 2.459 seconds
[2022-01-20 03:34:03,285] {processor.py:163} INFO - Started process (PID=3042) to work on /opt/airflow/dags/MySQL_to_CSV.py
[2022-01-20 03:34:03,290] {processor.py:620} INFO - Processing file /opt/airflow/dags/MySQL_to_CSV.py for tasks to queue
[2022-01-20 03:34:03,293] {logging_mixin.py:109} INFO - [2022-01-20 03:34:03,292] {dagbag.py:500} INFO - Filling up the DagBag from /opt/airflow/dags/MySQL_to_CSV.py
[2022-01-20 03:34:05,288] {processor.py:632} INFO - DAG(s) dict_keys(['MySQLTOCsv']) retrieved from /opt/airflow/dags/MySQL_to_CSV.py
[2022-01-20 03:34:06,502] {logging_mixin.py:109} INFO - [2022-01-20 03:34:06,501] {dag.py:2389} INFO - Sync 1 DAGs
[2022-01-20 03:34:06,571] {logging_mixin.py:109} INFO - [2022-01-20 03:34:06,570] {dag.py:2914} INFO - Setting next_dagrun for MySQLTOCsv to 2022-01-20T03:20:00+00:00
[2022-01-20 03:34:06,608] {processor.py:171} INFO - Processing /opt/airflow/dags/MySQL_to_CSV.py took 3.331 seconds
[2022-01-20 03:34:36,952] {processor.py:163} INFO - Started process (PID=3160) to work on /opt/airflow/dags/MySQL_to_CSV.py
[2022-01-20 03:34:36,957] {processor.py:620} INFO - Processing file /opt/airflow/dags/MySQL_to_CSV.py for tasks to queue
[2022-01-20 03:34:36,961] {logging_mixin.py:109} INFO - [2022-01-20 03:34:36,960] {dagbag.py:500} INFO - Filling up the DagBag from /opt/airflow/dags/MySQL_to_CSV.py
[2022-01-20 03:34:39,396] {processor.py:632} INFO - DAG(s) dict_keys(['MySQLTOCsv']) retrieved from /opt/airflow/dags/MySQL_to_CSV.py
[2022-01-20 03:34:39,444] {logging_mixin.py:109} INFO - [2022-01-20 03:34:39,443] {dag.py:2389} INFO - Sync 1 DAGs
[2022-01-20 03:34:39,515] {logging_mixin.py:109} INFO - [2022-01-20 03:34:39,515] {dag.py:2914} INFO - Setting next_dagrun for MySQLTOCsv to 2022-01-20T03:20:00+00:00
[2022-01-20 03:34:39,545] {processor.py:171} INFO - Processing /opt/airflow/dags/MySQL_to_CSV.py took 2.601 seconds
[2022-01-20 03:35:09,649] {processor.py:163} INFO - Started process (PID=3260) to work on /opt/airflow/dags/MySQL_to_CSV.py
[2022-01-20 03:35:09,654] {processor.py:620} INFO - Processing file /opt/airflow/dags/MySQL_to_CSV.py for tasks to queue
[2022-01-20 03:35:09,657] {logging_mixin.py:109} INFO - [2022-01-20 03:35:09,656] {dagbag.py:500} INFO - Filling up the DagBag from /opt/airflow/dags/MySQL_to_CSV.py
[2022-01-20 03:35:11,611] {processor.py:632} INFO - DAG(s) dict_keys(['MySQLTOCsv']) retrieved from /opt/airflow/dags/MySQL_to_CSV.py
[2022-01-20 03:35:13,020] {logging_mixin.py:109} INFO - [2022-01-20 03:35:13,019] {dag.py:2389} INFO - Sync 1 DAGs
[2022-01-20 03:35:13,090] {logging_mixin.py:109} INFO - [2022-01-20 03:35:13,089] {dag.py:2914} INFO - Setting next_dagrun for MySQLTOCsv to 2022-01-20T03:20:00+00:00
[2022-01-20 03:35:13,128] {processor.py:171} INFO - Processing /opt/airflow/dags/MySQL_to_CSV.py took 3.486 seconds
[2022-01-20 03:35:43,332] {processor.py:163} INFO - Started process (PID=3376) to work on /opt/airflow/dags/MySQL_to_CSV.py
[2022-01-20 03:35:43,336] {processor.py:620} INFO - Processing file /opt/airflow/dags/MySQL_to_CSV.py for tasks to queue
[2022-01-20 03:35:43,339] {logging_mixin.py:109} INFO - [2022-01-20 03:35:43,339] {dagbag.py:500} INFO - Filling up the DagBag from /opt/airflow/dags/MySQL_to_CSV.py
[2022-01-20 03:35:45,165] {processor.py:632} INFO - DAG(s) dict_keys(['MySQLTOCsv']) retrieved from /opt/airflow/dags/MySQL_to_CSV.py
[2022-01-20 03:35:45,202] {logging_mixin.py:109} INFO - [2022-01-20 03:35:45,200] {dag.py:2389} INFO - Sync 1 DAGs
[2022-01-20 03:35:45,271] {logging_mixin.py:109} INFO - [2022-01-20 03:35:45,270] {dag.py:2914} INFO - Setting next_dagrun for MySQLTOCsv to 2022-01-20T03:20:00+00:00
[2022-01-20 03:35:45,297] {processor.py:171} INFO - Processing /opt/airflow/dags/MySQL_to_CSV.py took 1.972 seconds
[2022-01-20 03:36:15,503] {processor.py:163} INFO - Started process (PID=3490) to work on /opt/airflow/dags/MySQL_to_CSV.py
[2022-01-20 03:36:15,507] {processor.py:620} INFO - Processing file /opt/airflow/dags/MySQL_to_CSV.py for tasks to queue
[2022-01-20 03:36:15,510] {logging_mixin.py:109} INFO - [2022-01-20 03:36:15,510] {dagbag.py:500} INFO - Filling up the DagBag from /opt/airflow/dags/MySQL_to_CSV.py
[2022-01-20 03:36:17,469] {processor.py:632} INFO - DAG(s) dict_keys(['MySQLTOCsv']) retrieved from /opt/airflow/dags/MySQL_to_CSV.py
[2022-01-20 03:36:18,821] {logging_mixin.py:109} INFO - [2022-01-20 03:36:18,820] {dag.py:2389} INFO - Sync 1 DAGs
[2022-01-20 03:36:18,883] {logging_mixin.py:109} INFO - [2022-01-20 03:36:18,883] {dag.py:2914} INFO - Setting next_dagrun for MySQLTOCsv to 2022-01-20T03:20:00+00:00
[2022-01-20 03:36:18,918] {processor.py:171} INFO - Processing /opt/airflow/dags/MySQL_to_CSV.py took 3.430 seconds
[2022-01-20 03:36:49,478] {processor.py:163} INFO - Started process (PID=3585) to work on /opt/airflow/dags/MySQL_to_CSV.py
[2022-01-20 03:36:49,483] {processor.py:620} INFO - Processing file /opt/airflow/dags/MySQL_to_CSV.py for tasks to queue
[2022-01-20 03:36:49,487] {logging_mixin.py:109} INFO - [2022-01-20 03:36:49,486] {dagbag.py:500} INFO - Filling up the DagBag from /opt/airflow/dags/MySQL_to_CSV.py
[2022-01-20 03:36:51,138] {processor.py:632} INFO - DAG(s) dict_keys(['MySQLTOCsv']) retrieved from /opt/airflow/dags/MySQL_to_CSV.py
[2022-01-20 03:36:51,176] {logging_mixin.py:109} INFO - [2022-01-20 03:36:51,174] {dag.py:2389} INFO - Sync 1 DAGs
[2022-01-20 03:36:51,256] {logging_mixin.py:109} INFO - [2022-01-20 03:36:51,255] {dag.py:2914} INFO - Setting next_dagrun for MySQLTOCsv to 2022-01-20T03:20:00+00:00
[2022-01-20 03:36:51,307] {processor.py:171} INFO - Processing /opt/airflow/dags/MySQL_to_CSV.py took 1.839 seconds
[2022-01-20 03:37:21,456] {processor.py:163} INFO - Started process (PID=3701) to work on /opt/airflow/dags/MySQL_to_CSV.py
[2022-01-20 03:37:21,460] {processor.py:620} INFO - Processing file /opt/airflow/dags/MySQL_to_CSV.py for tasks to queue
[2022-01-20 03:37:21,463] {logging_mixin.py:109} INFO - [2022-01-20 03:37:21,463] {dagbag.py:500} INFO - Filling up the DagBag from /opt/airflow/dags/MySQL_to_CSV.py
[2022-01-20 03:37:23,283] {processor.py:632} INFO - DAG(s) dict_keys(['MySQLTOCsv']) retrieved from /opt/airflow/dags/MySQL_to_CSV.py
[2022-01-20 03:37:24,435] {logging_mixin.py:109} INFO - [2022-01-20 03:37:24,433] {dag.py:2389} INFO - Sync 1 DAGs
[2022-01-20 03:37:24,512] {logging_mixin.py:109} INFO - [2022-01-20 03:37:24,511] {dag.py:2914} INFO - Setting next_dagrun for MySQLTOCsv to 2022-01-20T03:20:00+00:00
[2022-01-20 03:37:24,547] {processor.py:171} INFO - Processing /opt/airflow/dags/MySQL_to_CSV.py took 3.099 seconds
[2022-01-20 03:37:54,612] {processor.py:163} INFO - Started process (PID=3822) to work on /opt/airflow/dags/MySQL_to_CSV.py
[2022-01-20 03:37:54,616] {processor.py:620} INFO - Processing file /opt/airflow/dags/MySQL_to_CSV.py for tasks to queue
[2022-01-20 03:37:54,620] {logging_mixin.py:109} INFO - [2022-01-20 03:37:54,619] {dagbag.py:500} INFO - Filling up the DagBag from /opt/airflow/dags/MySQL_to_CSV.py
[2022-01-20 03:37:56,634] {processor.py:632} INFO - DAG(s) dict_keys(['MySQLTOCsv']) retrieved from /opt/airflow/dags/MySQL_to_CSV.py
[2022-01-20 03:37:56,671] {logging_mixin.py:109} INFO - [2022-01-20 03:37:56,669] {dag.py:2389} INFO - Sync 1 DAGs
[2022-01-20 03:37:56,791] {logging_mixin.py:109} INFO - [2022-01-20 03:37:56,791] {dag.py:2914} INFO - Setting next_dagrun for MySQLTOCsv to 2022-01-20T03:20:00+00:00
[2022-01-20 03:37:56,819] {processor.py:171} INFO - Processing /opt/airflow/dags/MySQL_to_CSV.py took 2.214 seconds
[2022-01-20 03:38:27,110] {processor.py:163} INFO - Started process (PID=3925) to work on /opt/airflow/dags/MySQL_to_CSV.py
[2022-01-20 03:38:27,114] {processor.py:620} INFO - Processing file /opt/airflow/dags/MySQL_to_CSV.py for tasks to queue
[2022-01-20 03:38:27,117] {logging_mixin.py:109} INFO - [2022-01-20 03:38:27,117] {dagbag.py:500} INFO - Filling up the DagBag from /opt/airflow/dags/MySQL_to_CSV.py
[2022-01-20 03:38:28,652] {processor.py:632} INFO - DAG(s) dict_keys(['MySQLTOCsv']) retrieved from /opt/airflow/dags/MySQL_to_CSV.py
[2022-01-20 03:38:29,536] {logging_mixin.py:109} INFO - [2022-01-20 03:38:29,535] {dag.py:2389} INFO - Sync 1 DAGs
[2022-01-20 03:38:29,602] {logging_mixin.py:109} INFO - [2022-01-20 03:38:29,601] {dag.py:2914} INFO - Setting next_dagrun for MySQLTOCsv to 2022-01-20T03:20:00+00:00
[2022-01-20 03:38:29,629] {processor.py:171} INFO - Processing /opt/airflow/dags/MySQL_to_CSV.py took 2.526 seconds
[2022-01-20 03:39:00,352] {processor.py:163} INFO - Started process (PID=4044) to work on /opt/airflow/dags/MySQL_to_CSV.py
[2022-01-20 03:39:00,357] {processor.py:620} INFO - Processing file /opt/airflow/dags/MySQL_to_CSV.py for tasks to queue
[2022-01-20 03:39:00,361] {logging_mixin.py:109} INFO - [2022-01-20 03:39:00,360] {dagbag.py:500} INFO - Filling up the DagBag from /opt/airflow/dags/MySQL_to_CSV.py
[2022-01-20 03:39:02,402] {processor.py:632} INFO - DAG(s) dict_keys(['MySQLTOCsv']) retrieved from /opt/airflow/dags/MySQL_to_CSV.py
[2022-01-20 03:39:02,442] {logging_mixin.py:109} INFO - [2022-01-20 03:39:02,440] {dag.py:2389} INFO - Sync 1 DAGs
[2022-01-20 03:39:02,504] {logging_mixin.py:109} INFO - [2022-01-20 03:39:02,503] {dag.py:2914} INFO - Setting next_dagrun for MySQLTOCsv to 2022-01-20T03:20:00+00:00
[2022-01-20 03:39:02,533] {processor.py:171} INFO - Processing /opt/airflow/dags/MySQL_to_CSV.py took 2.189 seconds
[2022-01-20 03:39:33,021] {processor.py:163} INFO - Started process (PID=4160) to work on /opt/airflow/dags/MySQL_to_CSV.py
[2022-01-20 03:39:33,026] {processor.py:620} INFO - Processing file /opt/airflow/dags/MySQL_to_CSV.py for tasks to queue
[2022-01-20 03:39:33,029] {logging_mixin.py:109} INFO - [2022-01-20 03:39:33,029] {dagbag.py:500} INFO - Filling up the DagBag from /opt/airflow/dags/MySQL_to_CSV.py
[2022-01-20 03:39:35,142] {processor.py:632} INFO - DAG(s) dict_keys(['MySQLTOCsv']) retrieved from /opt/airflow/dags/MySQL_to_CSV.py
[2022-01-20 03:39:36,535] {logging_mixin.py:109} INFO - [2022-01-20 03:39:36,534] {dag.py:2389} INFO - Sync 1 DAGs
[2022-01-20 03:39:36,653] {logging_mixin.py:109} INFO - [2022-01-20 03:39:36,652] {dag.py:2914} INFO - Setting next_dagrun for MySQLTOCsv to 2022-01-20T03:20:00+00:00
[2022-01-20 03:39:36,723] {processor.py:171} INFO - Processing /opt/airflow/dags/MySQL_to_CSV.py took 3.712 seconds
[2022-01-20 03:40:07,084] {processor.py:163} INFO - Started process (PID=4268) to work on /opt/airflow/dags/MySQL_to_CSV.py
[2022-01-20 03:40:07,090] {processor.py:620} INFO - Processing file /opt/airflow/dags/MySQL_to_CSV.py for tasks to queue
[2022-01-20 03:40:07,094] {logging_mixin.py:109} INFO - [2022-01-20 03:40:07,094] {dagbag.py:500} INFO - Filling up the DagBag from /opt/airflow/dags/MySQL_to_CSV.py
[2022-01-20 03:40:08,591] {processor.py:632} INFO - DAG(s) dict_keys(['MySQLTOCsv']) retrieved from /opt/airflow/dags/MySQL_to_CSV.py
[2022-01-20 03:40:08,626] {logging_mixin.py:109} INFO - [2022-01-20 03:40:08,624] {dag.py:2389} INFO - Sync 1 DAGs
[2022-01-20 03:40:08,684] {logging_mixin.py:109} INFO - [2022-01-20 03:40:08,683] {dag.py:2914} INFO - Setting next_dagrun for MySQLTOCsv to 2022-01-20T03:20:00+00:00
[2022-01-20 03:40:08,708] {processor.py:171} INFO - Processing /opt/airflow/dags/MySQL_to_CSV.py took 1.631 seconds
[2022-01-20 03:40:39,211] {processor.py:163} INFO - Started process (PID=4395) to work on /opt/airflow/dags/MySQL_to_CSV.py
[2022-01-20 03:40:39,215] {processor.py:620} INFO - Processing file /opt/airflow/dags/MySQL_to_CSV.py for tasks to queue
[2022-01-20 03:40:39,218] {logging_mixin.py:109} INFO - [2022-01-20 03:40:39,217] {dagbag.py:500} INFO - Filling up the DagBag from /opt/airflow/dags/MySQL_to_CSV.py
[2022-01-20 03:40:41,194] {processor.py:632} INFO - DAG(s) dict_keys(['MySQLTOCsv']) retrieved from /opt/airflow/dags/MySQL_to_CSV.py
[2022-01-20 03:40:42,273] {logging_mixin.py:109} INFO - [2022-01-20 03:40:42,272] {dag.py:2389} INFO - Sync 1 DAGs
[2022-01-20 03:40:42,353] {logging_mixin.py:109} INFO - [2022-01-20 03:40:42,352] {dag.py:2914} INFO - Setting next_dagrun for MySQLTOCsv to 2022-01-20T03:20:00+00:00
[2022-01-20 03:40:42,415] {processor.py:171} INFO - Processing /opt/airflow/dags/MySQL_to_CSV.py took 3.212 seconds
[2022-01-20 03:41:13,097] {processor.py:163} INFO - Started process (PID=4510) to work on /opt/airflow/dags/MySQL_to_CSV.py
[2022-01-20 03:41:13,102] {processor.py:620} INFO - Processing file /opt/airflow/dags/MySQL_to_CSV.py for tasks to queue
[2022-01-20 03:41:13,105] {logging_mixin.py:109} INFO - [2022-01-20 03:41:13,105] {dagbag.py:500} INFO - Filling up the DagBag from /opt/airflow/dags/MySQL_to_CSV.py
[2022-01-20 03:41:15,176] {processor.py:632} INFO - DAG(s) dict_keys(['MySQLTOCsv']) retrieved from /opt/airflow/dags/MySQL_to_CSV.py
[2022-01-20 03:41:15,220] {logging_mixin.py:109} INFO - [2022-01-20 03:41:15,219] {dag.py:2389} INFO - Sync 1 DAGs
[2022-01-20 03:41:15,287] {logging_mixin.py:109} INFO - [2022-01-20 03:41:15,287] {dag.py:2914} INFO - Setting next_dagrun for MySQLTOCsv to 2022-01-20T03:20:00+00:00
[2022-01-20 03:41:15,313] {processor.py:171} INFO - Processing /opt/airflow/dags/MySQL_to_CSV.py took 2.233 seconds
[2022-01-20 03:41:45,670] {processor.py:163} INFO - Started process (PID=4610) to work on /opt/airflow/dags/MySQL_to_CSV.py
[2022-01-20 03:41:45,675] {processor.py:620} INFO - Processing file /opt/airflow/dags/MySQL_to_CSV.py for tasks to queue
[2022-01-20 03:41:45,679] {logging_mixin.py:109} INFO - [2022-01-20 03:41:45,678] {dagbag.py:500} INFO - Filling up the DagBag from /opt/airflow/dags/MySQL_to_CSV.py
[2022-01-20 03:41:47,201] {processor.py:632} INFO - DAG(s) dict_keys(['MySQLTOCsv']) retrieved from /opt/airflow/dags/MySQL_to_CSV.py
[2022-01-20 03:41:48,223] {logging_mixin.py:109} INFO - [2022-01-20 03:41:48,222] {dag.py:2389} INFO - Sync 1 DAGs
[2022-01-20 03:41:48,277] {logging_mixin.py:109} INFO - [2022-01-20 03:41:48,276] {dag.py:2914} INFO - Setting next_dagrun for MySQLTOCsv to 2022-01-20T03:20:00+00:00
[2022-01-20 03:41:48,303] {processor.py:171} INFO - Processing /opt/airflow/dags/MySQL_to_CSV.py took 2.640 seconds
[2022-01-20 03:42:19,202] {processor.py:163} INFO - Started process (PID=4722) to work on /opt/airflow/dags/MySQL_to_CSV.py
[2022-01-20 03:42:19,207] {processor.py:620} INFO - Processing file /opt/airflow/dags/MySQL_to_CSV.py for tasks to queue
[2022-01-20 03:42:19,211] {logging_mixin.py:109} INFO - [2022-01-20 03:42:19,211] {dagbag.py:500} INFO - Filling up the DagBag from /opt/airflow/dags/MySQL_to_CSV.py
[2022-01-20 03:42:21,453] {processor.py:632} INFO - DAG(s) dict_keys(['MySQLTOCsv']) retrieved from /opt/airflow/dags/MySQL_to_CSV.py
[2022-01-20 03:42:21,492] {logging_mixin.py:109} INFO - [2022-01-20 03:42:21,491] {dag.py:2389} INFO - Sync 1 DAGs
[2022-01-20 03:42:21,562] {logging_mixin.py:109} INFO - [2022-01-20 03:42:21,561] {dag.py:2914} INFO - Setting next_dagrun for MySQLTOCsv to 2022-01-20T03:20:00+00:00
[2022-01-20 03:42:21,592] {processor.py:171} INFO - Processing /opt/airflow/dags/MySQL_to_CSV.py took 2.398 seconds
[2022-01-20 03:42:52,320] {processor.py:163} INFO - Started process (PID=4835) to work on /opt/airflow/dags/MySQL_to_CSV.py
[2022-01-20 03:42:52,325] {processor.py:620} INFO - Processing file /opt/airflow/dags/MySQL_to_CSV.py for tasks to queue
[2022-01-20 03:42:52,329] {logging_mixin.py:109} INFO - [2022-01-20 03:42:52,329] {dagbag.py:500} INFO - Filling up the DagBag from /opt/airflow/dags/MySQL_to_CSV.py
[2022-01-20 03:42:54,483] {processor.py:632} INFO - DAG(s) dict_keys(['MySQLTOCsv']) retrieved from /opt/airflow/dags/MySQL_to_CSV.py
[2022-01-20 03:42:55,757] {logging_mixin.py:109} INFO - [2022-01-20 03:42:55,756] {dag.py:2389} INFO - Sync 1 DAGs
[2022-01-20 03:42:55,825] {logging_mixin.py:109} INFO - [2022-01-20 03:42:55,824] {dag.py:2914} INFO - Setting next_dagrun for MySQLTOCsv to 2022-01-20T03:20:00+00:00
[2022-01-20 03:42:55,868] {processor.py:171} INFO - Processing /opt/airflow/dags/MySQL_to_CSV.py took 3.555 seconds
[2022-01-20 03:43:26,068] {processor.py:163} INFO - Started process (PID=4943) to work on /opt/airflow/dags/MySQL_to_CSV.py
[2022-01-20 03:43:26,072] {processor.py:620} INFO - Processing file /opt/airflow/dags/MySQL_to_CSV.py for tasks to queue
[2022-01-20 03:43:26,075] {logging_mixin.py:109} INFO - [2022-01-20 03:43:26,075] {dagbag.py:500} INFO - Filling up the DagBag from /opt/airflow/dags/MySQL_to_CSV.py
[2022-01-20 03:43:27,681] {processor.py:632} INFO - DAG(s) dict_keys(['MySQLTOCsv']) retrieved from /opt/airflow/dags/MySQL_to_CSV.py
[2022-01-20 03:43:27,716] {logging_mixin.py:109} INFO - [2022-01-20 03:43:27,714] {dag.py:2389} INFO - Sync 1 DAGs
[2022-01-20 03:43:27,775] {logging_mixin.py:109} INFO - [2022-01-20 03:43:27,774] {dag.py:2914} INFO - Setting next_dagrun for MySQLTOCsv to 2022-01-20T03:20:00+00:00
[2022-01-20 03:43:27,797] {processor.py:171} INFO - Processing /opt/airflow/dags/MySQL_to_CSV.py took 1.736 seconds
[2022-01-20 03:43:57,880] {processor.py:163} INFO - Started process (PID=5065) to work on /opt/airflow/dags/MySQL_to_CSV.py
[2022-01-20 03:43:57,888] {processor.py:620} INFO - Processing file /opt/airflow/dags/MySQL_to_CSV.py for tasks to queue
[2022-01-20 03:43:57,898] {logging_mixin.py:109} INFO - [2022-01-20 03:43:57,898] {dagbag.py:500} INFO - Filling up the DagBag from /opt/airflow/dags/MySQL_to_CSV.py
[2022-01-20 03:43:59,852] {processor.py:632} INFO - DAG(s) dict_keys(['MySQLTOCsv']) retrieved from /opt/airflow/dags/MySQL_to_CSV.py
[2022-01-20 03:43:59,880] {logging_mixin.py:109} INFO - [2022-01-20 03:43:59,878] {dag.py:2389} INFO - Sync 1 DAGs
[2022-01-20 03:43:59,954] {logging_mixin.py:109} INFO - [2022-01-20 03:43:59,954] {dag.py:2914} INFO - Setting next_dagrun for MySQLTOCsv to 2022-01-20T03:20:00+00:00
[2022-01-20 03:43:59,984] {processor.py:171} INFO - Processing /opt/airflow/dags/MySQL_to_CSV.py took 2.111 seconds
[2022-01-20 03:44:30,236] {processor.py:163} INFO - Started process (PID=5164) to work on /opt/airflow/dags/MySQL_to_CSV.py
[2022-01-20 03:44:30,241] {processor.py:620} INFO - Processing file /opt/airflow/dags/MySQL_to_CSV.py for tasks to queue
[2022-01-20 03:44:30,244] {logging_mixin.py:109} INFO - [2022-01-20 03:44:30,244] {dagbag.py:500} INFO - Filling up the DagBag from /opt/airflow/dags/MySQL_to_CSV.py
[2022-01-20 03:44:32,034] {processor.py:632} INFO - DAG(s) dict_keys(['MySQLTOCsv']) retrieved from /opt/airflow/dags/MySQL_to_CSV.py
[2022-01-20 03:44:33,493] {logging_mixin.py:109} INFO - [2022-01-20 03:44:33,492] {dag.py:2389} INFO - Sync 1 DAGs
[2022-01-20 03:44:33,567] {logging_mixin.py:109} INFO - [2022-01-20 03:44:33,566] {dag.py:2914} INFO - Setting next_dagrun for MySQLTOCsv to 2022-01-20T03:20:00+00:00
[2022-01-20 03:44:33,602] {processor.py:171} INFO - Processing /opt/airflow/dags/MySQL_to_CSV.py took 3.374 seconds
[2022-01-20 03:45:04,153] {processor.py:163} INFO - Started process (PID=5280) to work on /opt/airflow/dags/MySQL_to_CSV.py
[2022-01-20 03:45:04,161] {processor.py:620} INFO - Processing file /opt/airflow/dags/MySQL_to_CSV.py for tasks to queue
[2022-01-20 03:45:04,164] {logging_mixin.py:109} INFO - [2022-01-20 03:45:04,164] {dagbag.py:500} INFO - Filling up the DagBag from /opt/airflow/dags/MySQL_to_CSV.py
[2022-01-20 03:45:05,856] {processor.py:632} INFO - DAG(s) dict_keys(['MySQLTOCsv']) retrieved from /opt/airflow/dags/MySQL_to_CSV.py
[2022-01-20 03:45:05,887] {logging_mixin.py:109} INFO - [2022-01-20 03:45:05,885] {dag.py:2389} INFO - Sync 1 DAGs
[2022-01-20 03:45:05,948] {logging_mixin.py:109} INFO - [2022-01-20 03:45:05,948] {dag.py:2914} INFO - Setting next_dagrun for MySQLTOCsv to 2022-01-20T03:20:00+00:00
[2022-01-20 03:45:05,974] {processor.py:171} INFO - Processing /opt/airflow/dags/MySQL_to_CSV.py took 1.832 seconds
[2022-01-20 03:45:36,770] {processor.py:163} INFO - Started process (PID=5394) to work on /opt/airflow/dags/MySQL_to_CSV.py
[2022-01-20 03:45:36,775] {processor.py:620} INFO - Processing file /opt/airflow/dags/MySQL_to_CSV.py for tasks to queue
[2022-01-20 03:45:36,779] {logging_mixin.py:109} INFO - [2022-01-20 03:45:36,779] {dagbag.py:500} INFO - Filling up the DagBag from /opt/airflow/dags/MySQL_to_CSV.py
[2022-01-20 03:45:38,897] {processor.py:632} INFO - DAG(s) dict_keys(['MySQLTOCsv']) retrieved from /opt/airflow/dags/MySQL_to_CSV.py
[2022-01-20 03:45:40,164] {logging_mixin.py:109} INFO - [2022-01-20 03:45:40,162] {dag.py:2389} INFO - Sync 1 DAGs
[2022-01-20 03:45:40,270] {logging_mixin.py:109} INFO - [2022-01-20 03:45:40,269] {dag.py:2914} INFO - Setting next_dagrun for MySQLTOCsv to 2022-01-20T03:20:00+00:00
[2022-01-20 03:45:40,325] {processor.py:171} INFO - Processing /opt/airflow/dags/MySQL_to_CSV.py took 3.563 seconds
[2022-01-20 03:46:10,624] {processor.py:163} INFO - Started process (PID=5500) to work on /opt/airflow/dags/MySQL_to_CSV.py
[2022-01-20 03:46:10,628] {processor.py:620} INFO - Processing file /opt/airflow/dags/MySQL_to_CSV.py for tasks to queue
[2022-01-20 03:46:10,631] {logging_mixin.py:109} INFO - [2022-01-20 03:46:10,630] {dagbag.py:500} INFO - Filling up the DagBag from /opt/airflow/dags/MySQL_to_CSV.py
[2022-01-20 03:46:12,735] {processor.py:632} INFO - DAG(s) dict_keys(['MySQLTOCsv']) retrieved from /opt/airflow/dags/MySQL_to_CSV.py
[2022-01-20 03:46:12,771] {logging_mixin.py:109} INFO - [2022-01-20 03:46:12,770] {dag.py:2389} INFO - Sync 1 DAGs
[2022-01-20 03:46:12,837] {logging_mixin.py:109} INFO - [2022-01-20 03:46:12,837] {dag.py:2914} INFO - Setting next_dagrun for MySQLTOCsv to 2022-01-20T03:20:00+00:00
[2022-01-20 03:46:12,864] {processor.py:171} INFO - Processing /opt/airflow/dags/MySQL_to_CSV.py took 2.245 seconds
[2022-01-20 03:46:42,924] {processor.py:163} INFO - Started process (PID=5628) to work on /opt/airflow/dags/MySQL_to_CSV.py
[2022-01-20 03:46:42,927] {processor.py:620} INFO - Processing file /opt/airflow/dags/MySQL_to_CSV.py for tasks to queue
[2022-01-20 03:46:42,930] {logging_mixin.py:109} INFO - [2022-01-20 03:46:42,930] {dagbag.py:500} INFO - Filling up the DagBag from /opt/airflow/dags/MySQL_to_CSV.py
[2022-01-20 03:46:44,639] {processor.py:632} INFO - DAG(s) dict_keys(['MySQLTOCsv']) retrieved from /opt/airflow/dags/MySQL_to_CSV.py
[2022-01-20 03:46:44,655] {logging_mixin.py:109} INFO - [2022-01-20 03:46:44,653] {dag.py:2389} INFO - Sync 1 DAGs
[2022-01-20 03:46:44,720] {logging_mixin.py:109} INFO - [2022-01-20 03:46:44,720] {dag.py:2914} INFO - Setting next_dagrun for MySQLTOCsv to 2022-01-20T03:20:00+00:00
[2022-01-20 03:46:44,751] {processor.py:171} INFO - Processing /opt/airflow/dags/MySQL_to_CSV.py took 1.834 seconds
[2022-01-20 03:47:15,097] {processor.py:163} INFO - Started process (PID=5744) to work on /opt/airflow/dags/MySQL_to_CSV.py
[2022-01-20 03:47:15,102] {processor.py:620} INFO - Processing file /opt/airflow/dags/MySQL_to_CSV.py for tasks to queue
[2022-01-20 03:47:15,104] {logging_mixin.py:109} INFO - [2022-01-20 03:47:15,104] {dagbag.py:500} INFO - Filling up the DagBag from /opt/airflow/dags/MySQL_to_CSV.py
[2022-01-20 03:47:17,086] {processor.py:632} INFO - DAG(s) dict_keys(['MySQLTOCsv']) retrieved from /opt/airflow/dags/MySQL_to_CSV.py
[2022-01-20 03:47:18,327] {logging_mixin.py:109} INFO - [2022-01-20 03:47:18,326] {dag.py:2389} INFO - Sync 1 DAGs
[2022-01-20 03:47:18,395] {logging_mixin.py:109} INFO - [2022-01-20 03:47:18,395] {dag.py:2914} INFO - Setting next_dagrun for MySQLTOCsv to 2022-01-20T03:20:00+00:00
[2022-01-20 03:47:18,431] {processor.py:171} INFO - Processing /opt/airflow/dags/MySQL_to_CSV.py took 3.343 seconds
[2022-01-20 03:47:48,695] {processor.py:163} INFO - Started process (PID=5852) to work on /opt/airflow/dags/MySQL_to_CSV.py
[2022-01-20 03:47:48,699] {processor.py:620} INFO - Processing file /opt/airflow/dags/MySQL_to_CSV.py for tasks to queue
[2022-01-20 03:47:48,702] {logging_mixin.py:109} INFO - [2022-01-20 03:47:48,701] {dagbag.py:500} INFO - Filling up the DagBag from /opt/airflow/dags/MySQL_to_CSV.py
[2022-01-20 03:47:50,376] {processor.py:632} INFO - DAG(s) dict_keys(['MySQLTOCsv']) retrieved from /opt/airflow/dags/MySQL_to_CSV.py
[2022-01-20 03:47:50,408] {logging_mixin.py:109} INFO - [2022-01-20 03:47:50,406] {dag.py:2389} INFO - Sync 1 DAGs
[2022-01-20 03:47:50,462] {logging_mixin.py:109} INFO - [2022-01-20 03:47:50,462] {dag.py:2914} INFO - Setting next_dagrun for MySQLTOCsv to 2022-01-20T03:20:00+00:00
[2022-01-20 03:47:50,484] {processor.py:171} INFO - Processing /opt/airflow/dags/MySQL_to_CSV.py took 1.795 seconds
[2022-01-20 03:48:20,721] {processor.py:163} INFO - Started process (PID=5970) to work on /opt/airflow/dags/MySQL_to_CSV.py
[2022-01-20 03:48:20,729] {processor.py:620} INFO - Processing file /opt/airflow/dags/MySQL_to_CSV.py for tasks to queue
[2022-01-20 03:48:20,743] {logging_mixin.py:109} INFO - [2022-01-20 03:48:20,743] {dagbag.py:500} INFO - Filling up the DagBag from /opt/airflow/dags/MySQL_to_CSV.py
[2022-01-20 03:48:22,869] {processor.py:632} INFO - DAG(s) dict_keys(['MySQLTOCsv']) retrieved from /opt/airflow/dags/MySQL_to_CSV.py
[2022-01-20 03:48:22,883] {logging_mixin.py:109} INFO - [2022-01-20 03:48:22,881] {dag.py:2389} INFO - Sync 1 DAGs
[2022-01-20 03:48:22,947] {logging_mixin.py:109} INFO - [2022-01-20 03:48:22,946] {dag.py:2914} INFO - Setting next_dagrun for MySQLTOCsv to 2022-01-20T03:20:00+00:00
[2022-01-20 03:48:22,971] {processor.py:171} INFO - Processing /opt/airflow/dags/MySQL_to_CSV.py took 2.269 seconds
[2022-01-20 03:48:53,213] {processor.py:163} INFO - Started process (PID=6091) to work on /opt/airflow/dags/MySQL_to_CSV.py
[2022-01-20 03:48:53,218] {processor.py:620} INFO - Processing file /opt/airflow/dags/MySQL_to_CSV.py for tasks to queue
[2022-01-20 03:48:53,223] {logging_mixin.py:109} INFO - [2022-01-20 03:48:53,222] {dagbag.py:500} INFO - Filling up the DagBag from /opt/airflow/dags/MySQL_to_CSV.py
[2022-01-20 03:48:55,136] {processor.py:632} INFO - DAG(s) dict_keys(['MySQLTOCsv']) retrieved from /opt/airflow/dags/MySQL_to_CSV.py
[2022-01-20 03:48:56,296] {logging_mixin.py:109} INFO - [2022-01-20 03:48:56,295] {dag.py:2389} INFO - Sync 1 DAGs
[2022-01-20 03:48:56,360] {logging_mixin.py:109} INFO - [2022-01-20 03:48:56,359] {dag.py:2914} INFO - Setting next_dagrun for MySQLTOCsv to 2022-01-20T03:20:00+00:00
[2022-01-20 03:48:56,392] {processor.py:171} INFO - Processing /opt/airflow/dags/MySQL_to_CSV.py took 3.187 seconds
[2022-01-20 03:49:26,526] {processor.py:163} INFO - Started process (PID=6191) to work on /opt/airflow/dags/MySQL_to_CSV.py
[2022-01-20 03:49:26,529] {processor.py:620} INFO - Processing file /opt/airflow/dags/MySQL_to_CSV.py for tasks to queue
[2022-01-20 03:49:26,533] {logging_mixin.py:109} INFO - [2022-01-20 03:49:26,532] {dagbag.py:500} INFO - Filling up the DagBag from /opt/airflow/dags/MySQL_to_CSV.py
[2022-01-20 03:49:28,073] {processor.py:632} INFO - DAG(s) dict_keys(['MySQLTOCsv']) retrieved from /opt/airflow/dags/MySQL_to_CSV.py
[2022-01-20 03:49:28,100] {logging_mixin.py:109} INFO - [2022-01-20 03:49:28,099] {dag.py:2389} INFO - Sync 1 DAGs
[2022-01-20 03:49:28,150] {logging_mixin.py:109} INFO - [2022-01-20 03:49:28,149] {dag.py:2914} INFO - Setting next_dagrun for MySQLTOCsv to 2022-01-20T03:20:00+00:00
[2022-01-20 03:49:28,170] {processor.py:171} INFO - Processing /opt/airflow/dags/MySQL_to_CSV.py took 1.651 seconds
[2022-01-20 03:49:58,284] {processor.py:163} INFO - Started process (PID=6304) to work on /opt/airflow/dags/MySQL_to_CSV.py
[2022-01-20 03:49:58,289] {processor.py:620} INFO - Processing file /opt/airflow/dags/MySQL_to_CSV.py for tasks to queue
[2022-01-20 03:49:58,293] {logging_mixin.py:109} INFO - [2022-01-20 03:49:58,292] {dagbag.py:500} INFO - Filling up the DagBag from /opt/airflow/dags/MySQL_to_CSV.py
[2022-01-20 03:50:00,441] {processor.py:632} INFO - DAG(s) dict_keys(['MySQLTOCsv']) retrieved from /opt/airflow/dags/MySQL_to_CSV.py
[2022-01-20 03:50:00,475] {logging_mixin.py:109} INFO - [2022-01-20 03:50:00,473] {dag.py:2389} INFO - Sync 1 DAGs
[2022-01-20 03:50:00,548] {logging_mixin.py:109} INFO - [2022-01-20 03:50:00,547] {dag.py:2914} INFO - Setting next_dagrun for MySQLTOCsv to 2022-01-20T03:20:00+00:00
[2022-01-20 03:50:00,581] {processor.py:171} INFO - Processing /opt/airflow/dags/MySQL_to_CSV.py took 2.306 seconds
[2022-01-20 03:50:30,739] {processor.py:163} INFO - Started process (PID=6400) to work on /opt/airflow/dags/MySQL_to_CSV.py
[2022-01-20 03:50:30,742] {processor.py:620} INFO - Processing file /opt/airflow/dags/MySQL_to_CSV.py for tasks to queue
[2022-01-20 03:50:30,745] {logging_mixin.py:109} INFO - [2022-01-20 03:50:30,744] {dagbag.py:500} INFO - Filling up the DagBag from /opt/airflow/dags/MySQL_to_CSV.py
[2022-01-20 03:50:32,637] {processor.py:632} INFO - DAG(s) dict_keys(['MySQLTOCsv']) retrieved from /opt/airflow/dags/MySQL_to_CSV.py
[2022-01-20 03:50:33,776] {logging_mixin.py:109} INFO - [2022-01-20 03:50:33,775] {dag.py:2389} INFO - Sync 1 DAGs
[2022-01-20 03:50:33,856] {logging_mixin.py:109} INFO - [2022-01-20 03:50:33,855] {dag.py:2914} INFO - Setting next_dagrun for MySQLTOCsv to 2022-01-20T03:20:00+00:00
[2022-01-20 03:50:33,888] {processor.py:171} INFO - Processing /opt/airflow/dags/MySQL_to_CSV.py took 3.156 seconds
[2022-01-20 03:51:04,047] {processor.py:163} INFO - Started process (PID=6516) to work on /opt/airflow/dags/MySQL_to_CSV.py
[2022-01-20 03:51:04,051] {processor.py:620} INFO - Processing file /opt/airflow/dags/MySQL_to_CSV.py for tasks to queue
[2022-01-20 03:51:04,055] {logging_mixin.py:109} INFO - [2022-01-20 03:51:04,054] {dagbag.py:500} INFO - Filling up the DagBag from /opt/airflow/dags/MySQL_to_CSV.py
[2022-01-20 03:51:05,726] {processor.py:632} INFO - DAG(s) dict_keys(['MySQLTOCsv']) retrieved from /opt/airflow/dags/MySQL_to_CSV.py
[2022-01-20 03:51:05,757] {logging_mixin.py:109} INFO - [2022-01-20 03:51:05,755] {dag.py:2389} INFO - Sync 1 DAGs
[2022-01-20 03:51:05,810] {logging_mixin.py:109} INFO - [2022-01-20 03:51:05,809] {dag.py:2914} INFO - Setting next_dagrun for MySQLTOCsv to 2022-01-20T03:20:00+00:00
[2022-01-20 03:51:05,834] {processor.py:171} INFO - Processing /opt/airflow/dags/MySQL_to_CSV.py took 1.794 seconds
