[2022-01-20 03:20:03,382] {processor.py:163} INFO - Started process (PID=212) to work on /opt/airflow/dags/.ipynb_checkpoints/MySQL_to_CSV-checkpoint.py
[2022-01-20 03:20:03,394] {processor.py:620} INFO - Processing file /opt/airflow/dags/.ipynb_checkpoints/MySQL_to_CSV-checkpoint.py for tasks to queue
[2022-01-20 03:20:03,401] {logging_mixin.py:109} INFO - [2022-01-20 03:20:03,401] {dagbag.py:500} INFO - Filling up the DagBag from /opt/airflow/dags/.ipynb_checkpoints/MySQL_to_CSV-checkpoint.py
[2022-01-20 03:20:10,809] {processor.py:632} INFO - DAG(s) dict_keys(['MySQLTOCsv']) retrieved from /opt/airflow/dags/.ipynb_checkpoints/MySQL_to_CSV-checkpoint.py
[2022-01-20 03:20:15,319] {logging_mixin.py:109} INFO - [2022-01-20 03:20:15,313] {dag.py:2389} INFO - Sync 1 DAGs
[2022-01-20 03:20:16,111] {logging_mixin.py:109} INFO - [2022-01-20 03:20:16,080] {dag.py:2914} INFO - Setting next_dagrun for MySQLTOCsv to 2022-01-19T18:20:00+00:00
[2022-01-20 03:20:16,259] {processor.py:171} INFO - Processing /opt/airflow/dags/.ipynb_checkpoints/MySQL_to_CSV-checkpoint.py took 12.904 seconds
[2022-01-20 03:20:46,403] {processor.py:163} INFO - Started process (PID=342) to work on /opt/airflow/dags/.ipynb_checkpoints/MySQL_to_CSV-checkpoint.py
[2022-01-20 03:20:46,415] {processor.py:620} INFO - Processing file /opt/airflow/dags/.ipynb_checkpoints/MySQL_to_CSV-checkpoint.py for tasks to queue
[2022-01-20 03:20:46,420] {logging_mixin.py:109} INFO - [2022-01-20 03:20:46,420] {dagbag.py:500} INFO - Filling up the DagBag from /opt/airflow/dags/.ipynb_checkpoints/MySQL_to_CSV-checkpoint.py
[2022-01-20 03:20:50,289] {processor.py:632} INFO - DAG(s) dict_keys(['MySQLTOCsv']) retrieved from /opt/airflow/dags/.ipynb_checkpoints/MySQL_to_CSV-checkpoint.py
[2022-01-20 03:20:50,317] {logging_mixin.py:109} INFO - [2022-01-20 03:20:50,315] {dag.py:2389} INFO - Sync 1 DAGs
[2022-01-20 03:20:50,491] {logging_mixin.py:109} INFO - [2022-01-20 03:20:50,491] {dag.py:2914} INFO - Setting next_dagrun for MySQLTOCsv to 2022-01-20T03:20:00+00:00
[2022-01-20 03:20:50,576] {processor.py:171} INFO - Processing /opt/airflow/dags/.ipynb_checkpoints/MySQL_to_CSV-checkpoint.py took 4.186 seconds
[2022-01-20 03:21:21,116] {processor.py:163} INFO - Started process (PID=459) to work on /opt/airflow/dags/.ipynb_checkpoints/MySQL_to_CSV-checkpoint.py
[2022-01-20 03:21:21,133] {processor.py:620} INFO - Processing file /opt/airflow/dags/.ipynb_checkpoints/MySQL_to_CSV-checkpoint.py for tasks to queue
[2022-01-20 03:21:21,137] {logging_mixin.py:109} INFO - [2022-01-20 03:21:21,136] {dagbag.py:500} INFO - Filling up the DagBag from /opt/airflow/dags/.ipynb_checkpoints/MySQL_to_CSV-checkpoint.py
[2022-01-20 03:21:23,840] {processor.py:632} INFO - DAG(s) dict_keys(['MySQLTOCsv']) retrieved from /opt/airflow/dags/.ipynb_checkpoints/MySQL_to_CSV-checkpoint.py
[2022-01-20 03:21:24,995] {logging_mixin.py:109} INFO - [2022-01-20 03:21:24,994] {dag.py:2389} INFO - Sync 1 DAGs
[2022-01-20 03:21:25,069] {logging_mixin.py:109} INFO - [2022-01-20 03:21:25,068] {dag.py:2914} INFO - Setting next_dagrun for MySQLTOCsv to 2022-01-20T03:20:00+00:00
[2022-01-20 03:21:25,105] {processor.py:171} INFO - Processing /opt/airflow/dags/.ipynb_checkpoints/MySQL_to_CSV-checkpoint.py took 4.006 seconds
[2022-01-20 03:21:55,432] {processor.py:163} INFO - Started process (PID=577) to work on /opt/airflow/dags/.ipynb_checkpoints/MySQL_to_CSV-checkpoint.py
[2022-01-20 03:21:55,437] {processor.py:620} INFO - Processing file /opt/airflow/dags/.ipynb_checkpoints/MySQL_to_CSV-checkpoint.py for tasks to queue
[2022-01-20 03:21:55,440] {logging_mixin.py:109} INFO - [2022-01-20 03:21:55,440] {dagbag.py:500} INFO - Filling up the DagBag from /opt/airflow/dags/.ipynb_checkpoints/MySQL_to_CSV-checkpoint.py
[2022-01-20 03:21:57,594] {processor.py:632} INFO - DAG(s) dict_keys(['MySQLTOCsv']) retrieved from /opt/airflow/dags/.ipynb_checkpoints/MySQL_to_CSV-checkpoint.py
[2022-01-20 03:21:57,616] {logging_mixin.py:109} INFO - [2022-01-20 03:21:57,615] {dag.py:2389} INFO - Sync 1 DAGs
[2022-01-20 03:21:57,697] {logging_mixin.py:109} INFO - [2022-01-20 03:21:57,697] {dag.py:2914} INFO - Setting next_dagrun for MySQLTOCsv to 2022-01-20T03:20:00+00:00
[2022-01-20 03:21:57,726] {processor.py:171} INFO - Processing /opt/airflow/dags/.ipynb_checkpoints/MySQL_to_CSV-checkpoint.py took 2.302 seconds
[2022-01-20 03:22:27,851] {processor.py:163} INFO - Started process (PID=681) to work on /opt/airflow/dags/.ipynb_checkpoints/MySQL_to_CSV-checkpoint.py
[2022-01-20 03:22:27,855] {processor.py:620} INFO - Processing file /opt/airflow/dags/.ipynb_checkpoints/MySQL_to_CSV-checkpoint.py for tasks to queue
[2022-01-20 03:22:27,858] {logging_mixin.py:109} INFO - [2022-01-20 03:22:27,858] {dagbag.py:500} INFO - Filling up the DagBag from /opt/airflow/dags/.ipynb_checkpoints/MySQL_to_CSV-checkpoint.py
[2022-01-20 03:22:29,591] {processor.py:632} INFO - DAG(s) dict_keys(['MySQLTOCsv']) retrieved from /opt/airflow/dags/.ipynb_checkpoints/MySQL_to_CSV-checkpoint.py
[2022-01-20 03:22:30,608] {logging_mixin.py:109} INFO - [2022-01-20 03:22:30,607] {dag.py:2389} INFO - Sync 1 DAGs
[2022-01-20 03:22:30,711] {logging_mixin.py:109} INFO - [2022-01-20 03:22:30,710] {dag.py:2914} INFO - Setting next_dagrun for MySQLTOCsv to 2022-01-20T03:20:00+00:00
[2022-01-20 03:22:30,775] {processor.py:171} INFO - Processing /opt/airflow/dags/.ipynb_checkpoints/MySQL_to_CSV-checkpoint.py took 2.930 seconds
[2022-01-20 03:23:01,042] {processor.py:163} INFO - Started process (PID=805) to work on /opt/airflow/dags/.ipynb_checkpoints/MySQL_to_CSV-checkpoint.py
[2022-01-20 03:23:01,047] {processor.py:620} INFO - Processing file /opt/airflow/dags/.ipynb_checkpoints/MySQL_to_CSV-checkpoint.py for tasks to queue
[2022-01-20 03:23:01,051] {logging_mixin.py:109} INFO - [2022-01-20 03:23:01,050] {dagbag.py:500} INFO - Filling up the DagBag from /opt/airflow/dags/.ipynb_checkpoints/MySQL_to_CSV-checkpoint.py
[2022-01-20 03:23:03,207] {processor.py:632} INFO - DAG(s) dict_keys(['MySQLTOCsv']) retrieved from /opt/airflow/dags/.ipynb_checkpoints/MySQL_to_CSV-checkpoint.py
[2022-01-20 03:23:03,221] {logging_mixin.py:109} INFO - [2022-01-20 03:23:03,220] {dag.py:2389} INFO - Sync 1 DAGs
[2022-01-20 03:23:03,288] {logging_mixin.py:109} INFO - [2022-01-20 03:23:03,287] {dag.py:2914} INFO - Setting next_dagrun for MySQLTOCsv to 2022-01-20T03:20:00+00:00
[2022-01-20 03:23:03,315] {processor.py:171} INFO - Processing /opt/airflow/dags/.ipynb_checkpoints/MySQL_to_CSV-checkpoint.py took 2.281 seconds
[2022-01-20 03:23:33,498] {processor.py:163} INFO - Started process (PID=918) to work on /opt/airflow/dags/.ipynb_checkpoints/MySQL_to_CSV-checkpoint.py
[2022-01-20 03:23:33,510] {processor.py:620} INFO - Processing file /opt/airflow/dags/.ipynb_checkpoints/MySQL_to_CSV-checkpoint.py for tasks to queue
[2022-01-20 03:23:33,520] {logging_mixin.py:109} INFO - [2022-01-20 03:23:33,520] {dagbag.py:500} INFO - Filling up the DagBag from /opt/airflow/dags/.ipynb_checkpoints/MySQL_to_CSV-checkpoint.py
[2022-01-20 03:23:35,928] {processor.py:632} INFO - DAG(s) dict_keys(['MySQLTOCsv']) retrieved from /opt/airflow/dags/.ipynb_checkpoints/MySQL_to_CSV-checkpoint.py
[2022-01-20 03:23:37,203] {logging_mixin.py:109} INFO - [2022-01-20 03:23:37,202] {dag.py:2389} INFO - Sync 1 DAGs
[2022-01-20 03:23:37,332] {logging_mixin.py:109} INFO - [2022-01-20 03:23:37,331] {dag.py:2914} INFO - Setting next_dagrun for MySQLTOCsv to 2022-01-20T03:20:00+00:00
[2022-01-20 03:23:37,375] {processor.py:171} INFO - Processing /opt/airflow/dags/.ipynb_checkpoints/MySQL_to_CSV-checkpoint.py took 3.900 seconds
[2022-01-20 03:24:07,491] {processor.py:163} INFO - Started process (PID=1018) to work on /opt/airflow/dags/.ipynb_checkpoints/MySQL_to_CSV-checkpoint.py
[2022-01-20 03:24:07,495] {processor.py:620} INFO - Processing file /opt/airflow/dags/.ipynb_checkpoints/MySQL_to_CSV-checkpoint.py for tasks to queue
[2022-01-20 03:24:07,498] {logging_mixin.py:109} INFO - [2022-01-20 03:24:07,498] {dagbag.py:500} INFO - Filling up the DagBag from /opt/airflow/dags/.ipynb_checkpoints/MySQL_to_CSV-checkpoint.py
[2022-01-20 03:24:09,221] {processor.py:632} INFO - DAG(s) dict_keys(['MySQLTOCsv']) retrieved from /opt/airflow/dags/.ipynb_checkpoints/MySQL_to_CSV-checkpoint.py
[2022-01-20 03:24:09,235] {logging_mixin.py:109} INFO - [2022-01-20 03:24:09,234] {dag.py:2389} INFO - Sync 1 DAGs
[2022-01-20 03:24:09,292] {logging_mixin.py:109} INFO - [2022-01-20 03:24:09,291] {dag.py:2914} INFO - Setting next_dagrun for MySQLTOCsv to 2022-01-20T03:20:00+00:00
[2022-01-20 03:24:09,315] {processor.py:171} INFO - Processing /opt/airflow/dags/.ipynb_checkpoints/MySQL_to_CSV-checkpoint.py took 1.831 seconds
[2022-01-20 03:24:39,604] {processor.py:163} INFO - Started process (PID=1134) to work on /opt/airflow/dags/.ipynb_checkpoints/MySQL_to_CSV-checkpoint.py
[2022-01-20 03:24:39,616] {processor.py:620} INFO - Processing file /opt/airflow/dags/.ipynb_checkpoints/MySQL_to_CSV-checkpoint.py for tasks to queue
[2022-01-20 03:24:39,628] {logging_mixin.py:109} INFO - [2022-01-20 03:24:39,627] {dagbag.py:500} INFO - Filling up the DagBag from /opt/airflow/dags/.ipynb_checkpoints/MySQL_to_CSV-checkpoint.py
[2022-01-20 03:24:41,795] {processor.py:632} INFO - DAG(s) dict_keys(['MySQLTOCsv']) retrieved from /opt/airflow/dags/.ipynb_checkpoints/MySQL_to_CSV-checkpoint.py
[2022-01-20 03:24:42,907] {logging_mixin.py:109} INFO - [2022-01-20 03:24:42,906] {dag.py:2389} INFO - Sync 1 DAGs
[2022-01-20 03:24:42,968] {logging_mixin.py:109} INFO - [2022-01-20 03:24:42,968] {dag.py:2914} INFO - Setting next_dagrun for MySQLTOCsv to 2022-01-20T03:20:00+00:00
[2022-01-20 03:24:43,009] {processor.py:171} INFO - Processing /opt/airflow/dags/.ipynb_checkpoints/MySQL_to_CSV-checkpoint.py took 3.412 seconds
[2022-01-20 03:25:13,491] {processor.py:163} INFO - Started process (PID=1247) to work on /opt/airflow/dags/.ipynb_checkpoints/MySQL_to_CSV-checkpoint.py
[2022-01-20 03:25:13,495] {processor.py:620} INFO - Processing file /opt/airflow/dags/.ipynb_checkpoints/MySQL_to_CSV-checkpoint.py for tasks to queue
[2022-01-20 03:25:13,498] {logging_mixin.py:109} INFO - [2022-01-20 03:25:13,498] {dagbag.py:500} INFO - Filling up the DagBag from /opt/airflow/dags/.ipynb_checkpoints/MySQL_to_CSV-checkpoint.py
[2022-01-20 03:25:15,699] {processor.py:632} INFO - DAG(s) dict_keys(['MySQLTOCsv']) retrieved from /opt/airflow/dags/.ipynb_checkpoints/MySQL_to_CSV-checkpoint.py
[2022-01-20 03:25:15,724] {logging_mixin.py:109} INFO - [2022-01-20 03:25:15,723] {dag.py:2389} INFO - Sync 1 DAGs
[2022-01-20 03:25:15,873] {logging_mixin.py:109} INFO - [2022-01-20 03:25:15,872] {dag.py:2914} INFO - Setting next_dagrun for MySQLTOCsv to 2022-01-20T03:20:00+00:00
[2022-01-20 03:25:15,920] {processor.py:171} INFO - Processing /opt/airflow/dags/.ipynb_checkpoints/MySQL_to_CSV-checkpoint.py took 2.437 seconds
[2022-01-20 03:25:46,908] {processor.py:163} INFO - Started process (PID=1346) to work on /opt/airflow/dags/.ipynb_checkpoints/MySQL_to_CSV-checkpoint.py
[2022-01-20 03:25:46,914] {processor.py:620} INFO - Processing file /opt/airflow/dags/.ipynb_checkpoints/MySQL_to_CSV-checkpoint.py for tasks to queue
[2022-01-20 03:25:46,917] {logging_mixin.py:109} INFO - [2022-01-20 03:25:46,917] {dagbag.py:500} INFO - Filling up the DagBag from /opt/airflow/dags/.ipynb_checkpoints/MySQL_to_CSV-checkpoint.py
[2022-01-20 03:25:48,765] {processor.py:632} INFO - DAG(s) dict_keys(['MySQLTOCsv']) retrieved from /opt/airflow/dags/.ipynb_checkpoints/MySQL_to_CSV-checkpoint.py
[2022-01-20 03:25:49,729] {logging_mixin.py:109} INFO - [2022-01-20 03:25:49,728] {dag.py:2389} INFO - Sync 1 DAGs
[2022-01-20 03:25:49,792] {logging_mixin.py:109} INFO - [2022-01-20 03:25:49,791] {dag.py:2914} INFO - Setting next_dagrun for MySQLTOCsv to 2022-01-20T03:20:00+00:00
[2022-01-20 03:25:49,823] {processor.py:171} INFO - Processing /opt/airflow/dags/.ipynb_checkpoints/MySQL_to_CSV-checkpoint.py took 2.923 seconds
[2022-01-20 03:26:21,141] {processor.py:163} INFO - Started process (PID=1465) to work on /opt/airflow/dags/.ipynb_checkpoints/MySQL_to_CSV-checkpoint.py
[2022-01-20 03:26:21,153] {processor.py:620} INFO - Processing file /opt/airflow/dags/.ipynb_checkpoints/MySQL_to_CSV-checkpoint.py for tasks to queue
[2022-01-20 03:26:21,166] {logging_mixin.py:109} INFO - [2022-01-20 03:26:21,165] {dagbag.py:500} INFO - Filling up the DagBag from /opt/airflow/dags/.ipynb_checkpoints/MySQL_to_CSV-checkpoint.py
[2022-01-20 03:26:23,375] {processor.py:632} INFO - DAG(s) dict_keys(['MySQLTOCsv']) retrieved from /opt/airflow/dags/.ipynb_checkpoints/MySQL_to_CSV-checkpoint.py
[2022-01-20 03:26:23,393] {logging_mixin.py:109} INFO - [2022-01-20 03:26:23,391] {dag.py:2389} INFO - Sync 1 DAGs
[2022-01-20 03:26:23,493] {logging_mixin.py:109} INFO - [2022-01-20 03:26:23,493] {dag.py:2914} INFO - Setting next_dagrun for MySQLTOCsv to 2022-01-20T03:20:00+00:00
[2022-01-20 03:26:23,520] {processor.py:171} INFO - Processing /opt/airflow/dags/.ipynb_checkpoints/MySQL_to_CSV-checkpoint.py took 2.386 seconds
[2022-01-20 03:26:53,995] {processor.py:163} INFO - Started process (PID=1583) to work on /opt/airflow/dags/.ipynb_checkpoints/MySQL_to_CSV-checkpoint.py
[2022-01-20 03:26:54,004] {processor.py:620} INFO - Processing file /opt/airflow/dags/.ipynb_checkpoints/MySQL_to_CSV-checkpoint.py for tasks to queue
[2022-01-20 03:26:54,008] {logging_mixin.py:109} INFO - [2022-01-20 03:26:54,008] {dagbag.py:500} INFO - Filling up the DagBag from /opt/airflow/dags/.ipynb_checkpoints/MySQL_to_CSV-checkpoint.py
[2022-01-20 03:26:56,392] {processor.py:632} INFO - DAG(s) dict_keys(['MySQLTOCsv']) retrieved from /opt/airflow/dags/.ipynb_checkpoints/MySQL_to_CSV-checkpoint.py
[2022-01-20 03:26:57,569] {logging_mixin.py:109} INFO - [2022-01-20 03:26:57,568] {dag.py:2389} INFO - Sync 1 DAGs
[2022-01-20 03:26:57,637] {logging_mixin.py:109} INFO - [2022-01-20 03:26:57,636] {dag.py:2914} INFO - Setting next_dagrun for MySQLTOCsv to 2022-01-20T03:20:00+00:00
[2022-01-20 03:26:57,675] {processor.py:171} INFO - Processing /opt/airflow/dags/.ipynb_checkpoints/MySQL_to_CSV-checkpoint.py took 3.702 seconds
[2022-01-20 03:27:28,236] {processor.py:163} INFO - Started process (PID=1690) to work on /opt/airflow/dags/.ipynb_checkpoints/MySQL_to_CSV-checkpoint.py
[2022-01-20 03:27:28,240] {processor.py:620} INFO - Processing file /opt/airflow/dags/.ipynb_checkpoints/MySQL_to_CSV-checkpoint.py for tasks to queue
[2022-01-20 03:27:28,243] {logging_mixin.py:109} INFO - [2022-01-20 03:27:28,243] {dagbag.py:500} INFO - Filling up the DagBag from /opt/airflow/dags/.ipynb_checkpoints/MySQL_to_CSV-checkpoint.py
[2022-01-20 03:27:29,789] {processor.py:632} INFO - DAG(s) dict_keys(['MySQLTOCsv']) retrieved from /opt/airflow/dags/.ipynb_checkpoints/MySQL_to_CSV-checkpoint.py
[2022-01-20 03:27:29,801] {logging_mixin.py:109} INFO - [2022-01-20 03:27:29,800] {dag.py:2389} INFO - Sync 1 DAGs
[2022-01-20 03:27:29,853] {logging_mixin.py:109} INFO - [2022-01-20 03:27:29,852] {dag.py:2914} INFO - Setting next_dagrun for MySQLTOCsv to 2022-01-20T03:20:00+00:00
[2022-01-20 03:27:29,879] {processor.py:171} INFO - Processing /opt/airflow/dags/.ipynb_checkpoints/MySQL_to_CSV-checkpoint.py took 1.649 seconds
[2022-01-20 03:28:00,431] {processor.py:163} INFO - Started process (PID=1806) to work on /opt/airflow/dags/.ipynb_checkpoints/MySQL_to_CSV-checkpoint.py
[2022-01-20 03:28:00,439] {processor.py:620} INFO - Processing file /opt/airflow/dags/.ipynb_checkpoints/MySQL_to_CSV-checkpoint.py for tasks to queue
[2022-01-20 03:28:00,442] {logging_mixin.py:109} INFO - [2022-01-20 03:28:00,442] {dagbag.py:500} INFO - Filling up the DagBag from /opt/airflow/dags/.ipynb_checkpoints/MySQL_to_CSV-checkpoint.py
[2022-01-20 03:28:02,605] {processor.py:632} INFO - DAG(s) dict_keys(['MySQLTOCsv']) retrieved from /opt/airflow/dags/.ipynb_checkpoints/MySQL_to_CSV-checkpoint.py
[2022-01-20 03:28:03,706] {logging_mixin.py:109} INFO - [2022-01-20 03:28:03,705] {dag.py:2389} INFO - Sync 1 DAGs
[2022-01-20 03:28:03,776] {logging_mixin.py:109} INFO - [2022-01-20 03:28:03,775] {dag.py:2914} INFO - Setting next_dagrun for MySQLTOCsv to 2022-01-20T03:20:00+00:00
[2022-01-20 03:28:03,812] {processor.py:171} INFO - Processing /opt/airflow/dags/.ipynb_checkpoints/MySQL_to_CSV-checkpoint.py took 3.388 seconds
[2022-01-20 03:28:35,207] {processor.py:163} INFO - Started process (PID=1925) to work on /opt/airflow/dags/.ipynb_checkpoints/MySQL_to_CSV-checkpoint.py
[2022-01-20 03:28:35,212] {processor.py:620} INFO - Processing file /opt/airflow/dags/.ipynb_checkpoints/MySQL_to_CSV-checkpoint.py for tasks to queue
[2022-01-20 03:28:35,216] {logging_mixin.py:109} INFO - [2022-01-20 03:28:35,215] {dagbag.py:500} INFO - Filling up the DagBag from /opt/airflow/dags/.ipynb_checkpoints/MySQL_to_CSV-checkpoint.py
[2022-01-20 03:28:37,724] {processor.py:632} INFO - DAG(s) dict_keys(['MySQLTOCsv']) retrieved from /opt/airflow/dags/.ipynb_checkpoints/MySQL_to_CSV-checkpoint.py
[2022-01-20 03:28:37,739] {logging_mixin.py:109} INFO - [2022-01-20 03:28:37,738] {dag.py:2389} INFO - Sync 1 DAGs
[2022-01-20 03:28:37,811] {logging_mixin.py:109} INFO - [2022-01-20 03:28:37,810] {dag.py:2914} INFO - Setting next_dagrun for MySQLTOCsv to 2022-01-20T03:20:00+00:00
[2022-01-20 03:28:37,838] {processor.py:171} INFO - Processing /opt/airflow/dags/.ipynb_checkpoints/MySQL_to_CSV-checkpoint.py took 2.639 seconds
[2022-01-20 03:29:07,952] {processor.py:163} INFO - Started process (PID=2023) to work on /opt/airflow/dags/.ipynb_checkpoints/MySQL_to_CSV-checkpoint.py
[2022-01-20 03:29:07,955] {processor.py:620} INFO - Processing file /opt/airflow/dags/.ipynb_checkpoints/MySQL_to_CSV-checkpoint.py for tasks to queue
[2022-01-20 03:29:07,958] {logging_mixin.py:109} INFO - [2022-01-20 03:29:07,957] {dagbag.py:500} INFO - Filling up the DagBag from /opt/airflow/dags/.ipynb_checkpoints/MySQL_to_CSV-checkpoint.py
[2022-01-20 03:29:09,675] {processor.py:632} INFO - DAG(s) dict_keys(['MySQLTOCsv']) retrieved from /opt/airflow/dags/.ipynb_checkpoints/MySQL_to_CSV-checkpoint.py
[2022-01-20 03:29:10,686] {logging_mixin.py:109} INFO - [2022-01-20 03:29:10,685] {dag.py:2389} INFO - Sync 1 DAGs
[2022-01-20 03:29:10,753] {logging_mixin.py:109} INFO - [2022-01-20 03:29:10,752] {dag.py:2914} INFO - Setting next_dagrun for MySQLTOCsv to 2022-01-20T03:20:00+00:00
[2022-01-20 03:29:10,792] {processor.py:171} INFO - Processing /opt/airflow/dags/.ipynb_checkpoints/MySQL_to_CSV-checkpoint.py took 2.846 seconds
[2022-01-20 03:29:42,007] {processor.py:163} INFO - Started process (PID=2160) to work on /opt/airflow/dags/.ipynb_checkpoints/MySQL_to_CSV-checkpoint.py
[2022-01-20 03:29:42,017] {processor.py:620} INFO - Processing file /opt/airflow/dags/.ipynb_checkpoints/MySQL_to_CSV-checkpoint.py for tasks to queue
[2022-01-20 03:29:42,022] {logging_mixin.py:109} INFO - [2022-01-20 03:29:42,020] {dagbag.py:500} INFO - Filling up the DagBag from /opt/airflow/dags/.ipynb_checkpoints/MySQL_to_CSV-checkpoint.py
[2022-01-20 03:29:43,961] {processor.py:632} INFO - DAG(s) dict_keys(['MySQLTOCsv']) retrieved from /opt/airflow/dags/.ipynb_checkpoints/MySQL_to_CSV-checkpoint.py
[2022-01-20 03:29:43,978] {logging_mixin.py:109} INFO - [2022-01-20 03:29:43,977] {dag.py:2389} INFO - Sync 1 DAGs
[2022-01-20 03:29:44,044] {logging_mixin.py:109} INFO - [2022-01-20 03:29:44,043] {dag.py:2914} INFO - Setting next_dagrun for MySQLTOCsv to 2022-01-20T03:20:00+00:00
[2022-01-20 03:29:44,069] {processor.py:171} INFO - Processing /opt/airflow/dags/.ipynb_checkpoints/MySQL_to_CSV-checkpoint.py took 2.069 seconds
[2022-01-20 03:30:14,463] {processor.py:163} INFO - Started process (PID=2280) to work on /opt/airflow/dags/.ipynb_checkpoints/MySQL_to_CSV-checkpoint.py
[2022-01-20 03:30:14,469] {processor.py:620} INFO - Processing file /opt/airflow/dags/.ipynb_checkpoints/MySQL_to_CSV-checkpoint.py for tasks to queue
[2022-01-20 03:30:14,473] {logging_mixin.py:109} INFO - [2022-01-20 03:30:14,473] {dagbag.py:500} INFO - Filling up the DagBag from /opt/airflow/dags/.ipynb_checkpoints/MySQL_to_CSV-checkpoint.py
[2022-01-20 03:30:16,810] {processor.py:632} INFO - DAG(s) dict_keys(['MySQLTOCsv']) retrieved from /opt/airflow/dags/.ipynb_checkpoints/MySQL_to_CSV-checkpoint.py
[2022-01-20 03:30:18,144] {logging_mixin.py:109} INFO - [2022-01-20 03:30:18,143] {dag.py:2389} INFO - Sync 1 DAGs
[2022-01-20 03:30:18,224] {logging_mixin.py:109} INFO - [2022-01-20 03:30:18,224] {dag.py:2914} INFO - Setting next_dagrun for MySQLTOCsv to 2022-01-20T03:20:00+00:00
[2022-01-20 03:30:18,273] {processor.py:171} INFO - Processing /opt/airflow/dags/.ipynb_checkpoints/MySQL_to_CSV-checkpoint.py took 3.818 seconds
[2022-01-20 03:30:48,842] {processor.py:163} INFO - Started process (PID=2387) to work on /opt/airflow/dags/.ipynb_checkpoints/MySQL_to_CSV-checkpoint.py
[2022-01-20 03:30:48,846] {processor.py:620} INFO - Processing file /opt/airflow/dags/.ipynb_checkpoints/MySQL_to_CSV-checkpoint.py for tasks to queue
[2022-01-20 03:30:48,849] {logging_mixin.py:109} INFO - [2022-01-20 03:30:48,848] {dagbag.py:500} INFO - Filling up the DagBag from /opt/airflow/dags/.ipynb_checkpoints/MySQL_to_CSV-checkpoint.py
[2022-01-20 03:30:50,339] {processor.py:632} INFO - DAG(s) dict_keys(['MySQLTOCsv']) retrieved from /opt/airflow/dags/.ipynb_checkpoints/MySQL_to_CSV-checkpoint.py
[2022-01-20 03:30:50,367] {logging_mixin.py:109} INFO - [2022-01-20 03:30:50,365] {dag.py:2389} INFO - Sync 1 DAGs
[2022-01-20 03:30:50,429] {logging_mixin.py:109} INFO - [2022-01-20 03:30:50,428] {dag.py:2914} INFO - Setting next_dagrun for MySQLTOCsv to 2022-01-20T03:20:00+00:00
[2022-01-20 03:30:50,453] {processor.py:171} INFO - Processing /opt/airflow/dags/.ipynb_checkpoints/MySQL_to_CSV-checkpoint.py took 1.617 seconds
[2022-01-20 03:31:20,810] {processor.py:163} INFO - Started process (PID=2504) to work on /opt/airflow/dags/.ipynb_checkpoints/MySQL_to_CSV-checkpoint.py
[2022-01-20 03:31:20,822] {processor.py:620} INFO - Processing file /opt/airflow/dags/.ipynb_checkpoints/MySQL_to_CSV-checkpoint.py for tasks to queue
[2022-01-20 03:31:20,825] {logging_mixin.py:109} INFO - [2022-01-20 03:31:20,825] {dagbag.py:500} INFO - Filling up the DagBag from /opt/airflow/dags/.ipynb_checkpoints/MySQL_to_CSV-checkpoint.py
[2022-01-20 03:31:22,959] {processor.py:632} INFO - DAG(s) dict_keys(['MySQLTOCsv']) retrieved from /opt/airflow/dags/.ipynb_checkpoints/MySQL_to_CSV-checkpoint.py
[2022-01-20 03:31:22,975] {logging_mixin.py:109} INFO - [2022-01-20 03:31:22,973] {dag.py:2389} INFO - Sync 1 DAGs
[2022-01-20 03:31:23,040] {logging_mixin.py:109} INFO - [2022-01-20 03:31:23,040] {dag.py:2914} INFO - Setting next_dagrun for MySQLTOCsv to 2022-01-20T03:20:00+00:00
[2022-01-20 03:31:23,068] {processor.py:171} INFO - Processing /opt/airflow/dags/.ipynb_checkpoints/MySQL_to_CSV-checkpoint.py took 2.272 seconds
[2022-01-20 03:31:53,743] {processor.py:163} INFO - Started process (PID=2623) to work on /opt/airflow/dags/.ipynb_checkpoints/MySQL_to_CSV-checkpoint.py
[2022-01-20 03:31:53,749] {processor.py:620} INFO - Processing file /opt/airflow/dags/.ipynb_checkpoints/MySQL_to_CSV-checkpoint.py for tasks to queue
[2022-01-20 03:31:53,752] {logging_mixin.py:109} INFO - [2022-01-20 03:31:53,752] {dagbag.py:500} INFO - Filling up the DagBag from /opt/airflow/dags/.ipynb_checkpoints/MySQL_to_CSV-checkpoint.py
[2022-01-20 03:31:56,157] {processor.py:632} INFO - DAG(s) dict_keys(['MySQLTOCsv']) retrieved from /opt/airflow/dags/.ipynb_checkpoints/MySQL_to_CSV-checkpoint.py
[2022-01-20 03:31:57,311] {logging_mixin.py:109} INFO - [2022-01-20 03:31:57,310] {dag.py:2389} INFO - Sync 1 DAGs
[2022-01-20 03:31:57,374] {logging_mixin.py:109} INFO - [2022-01-20 03:31:57,374] {dag.py:2914} INFO - Setting next_dagrun for MySQLTOCsv to 2022-01-20T03:20:00+00:00
[2022-01-20 03:31:57,407] {processor.py:171} INFO - Processing /opt/airflow/dags/.ipynb_checkpoints/MySQL_to_CSV-checkpoint.py took 3.672 seconds
[2022-01-20 03:32:28,089] {processor.py:163} INFO - Started process (PID=2721) to work on /opt/airflow/dags/.ipynb_checkpoints/MySQL_to_CSV-checkpoint.py
[2022-01-20 03:32:28,094] {processor.py:620} INFO - Processing file /opt/airflow/dags/.ipynb_checkpoints/MySQL_to_CSV-checkpoint.py for tasks to queue
[2022-01-20 03:32:28,097] {logging_mixin.py:109} INFO - [2022-01-20 03:32:28,097] {dagbag.py:500} INFO - Filling up the DagBag from /opt/airflow/dags/.ipynb_checkpoints/MySQL_to_CSV-checkpoint.py
[2022-01-20 03:32:29,744] {processor.py:632} INFO - DAG(s) dict_keys(['MySQLTOCsv']) retrieved from /opt/airflow/dags/.ipynb_checkpoints/MySQL_to_CSV-checkpoint.py
[2022-01-20 03:32:29,782] {logging_mixin.py:109} INFO - [2022-01-20 03:32:29,781] {dag.py:2389} INFO - Sync 1 DAGs
[2022-01-20 03:32:29,839] {logging_mixin.py:109} INFO - [2022-01-20 03:32:29,839] {dag.py:2914} INFO - Setting next_dagrun for MySQLTOCsv to 2022-01-20T03:20:00+00:00
[2022-01-20 03:32:29,861] {processor.py:171} INFO - Processing /opt/airflow/dags/.ipynb_checkpoints/MySQL_to_CSV-checkpoint.py took 1.780 seconds
[2022-01-20 03:33:00,266] {processor.py:163} INFO - Started process (PID=2838) to work on /opt/airflow/dags/.ipynb_checkpoints/MySQL_to_CSV-checkpoint.py
[2022-01-20 03:33:00,277] {processor.py:620} INFO - Processing file /opt/airflow/dags/.ipynb_checkpoints/MySQL_to_CSV-checkpoint.py for tasks to queue
[2022-01-20 03:33:00,280] {logging_mixin.py:109} INFO - [2022-01-20 03:33:00,280] {dagbag.py:500} INFO - Filling up the DagBag from /opt/airflow/dags/.ipynb_checkpoints/MySQL_to_CSV-checkpoint.py
[2022-01-20 03:33:02,165] {processor.py:632} INFO - DAG(s) dict_keys(['MySQLTOCsv']) retrieved from /opt/airflow/dags/.ipynb_checkpoints/MySQL_to_CSV-checkpoint.py
[2022-01-20 03:33:02,179] {logging_mixin.py:109} INFO - [2022-01-20 03:33:02,178] {dag.py:2389} INFO - Sync 1 DAGs
[2022-01-20 03:33:02,252] {logging_mixin.py:109} INFO - [2022-01-20 03:33:02,251] {dag.py:2914} INFO - Setting next_dagrun for MySQLTOCsv to 2022-01-20T03:20:00+00:00
[2022-01-20 03:33:02,276] {processor.py:171} INFO - Processing /opt/airflow/dags/.ipynb_checkpoints/MySQL_to_CSV-checkpoint.py took 2.022 seconds
[2022-01-20 03:33:32,466] {processor.py:163} INFO - Started process (PID=2945) to work on /opt/airflow/dags/.ipynb_checkpoints/MySQL_to_CSV-checkpoint.py
[2022-01-20 03:33:32,470] {processor.py:620} INFO - Processing file /opt/airflow/dags/.ipynb_checkpoints/MySQL_to_CSV-checkpoint.py for tasks to queue
[2022-01-20 03:33:32,474] {logging_mixin.py:109} INFO - [2022-01-20 03:33:32,473] {dagbag.py:500} INFO - Filling up the DagBag from /opt/airflow/dags/.ipynb_checkpoints/MySQL_to_CSV-checkpoint.py
[2022-01-20 03:33:34,697] {processor.py:632} INFO - DAG(s) dict_keys(['MySQLTOCsv']) retrieved from /opt/airflow/dags/.ipynb_checkpoints/MySQL_to_CSV-checkpoint.py
[2022-01-20 03:33:35,915] {logging_mixin.py:109} INFO - [2022-01-20 03:33:35,913] {dag.py:2389} INFO - Sync 1 DAGs
[2022-01-20 03:33:36,007] {logging_mixin.py:109} INFO - [2022-01-20 03:33:36,007] {dag.py:2914} INFO - Setting next_dagrun for MySQLTOCsv to 2022-01-20T03:20:00+00:00
[2022-01-20 03:33:36,043] {processor.py:171} INFO - Processing /opt/airflow/dags/.ipynb_checkpoints/MySQL_to_CSV-checkpoint.py took 3.584 seconds
[2022-01-20 03:34:06,178] {processor.py:163} INFO - Started process (PID=3054) to work on /opt/airflow/dags/.ipynb_checkpoints/MySQL_to_CSV-checkpoint.py
[2022-01-20 03:34:06,182] {processor.py:620} INFO - Processing file /opt/airflow/dags/.ipynb_checkpoints/MySQL_to_CSV-checkpoint.py for tasks to queue
[2022-01-20 03:34:06,186] {logging_mixin.py:109} INFO - [2022-01-20 03:34:06,186] {dagbag.py:500} INFO - Filling up the DagBag from /opt/airflow/dags/.ipynb_checkpoints/MySQL_to_CSV-checkpoint.py
[2022-01-20 03:34:08,100] {processor.py:632} INFO - DAG(s) dict_keys(['MySQLTOCsv']) retrieved from /opt/airflow/dags/.ipynb_checkpoints/MySQL_to_CSV-checkpoint.py
[2022-01-20 03:34:08,113] {logging_mixin.py:109} INFO - [2022-01-20 03:34:08,111] {dag.py:2389} INFO - Sync 1 DAGs
[2022-01-20 03:34:08,177] {logging_mixin.py:109} INFO - [2022-01-20 03:34:08,177] {dag.py:2914} INFO - Setting next_dagrun for MySQLTOCsv to 2022-01-20T03:20:00+00:00
[2022-01-20 03:34:08,202] {processor.py:171} INFO - Processing /opt/airflow/dags/.ipynb_checkpoints/MySQL_to_CSV-checkpoint.py took 2.032 seconds
[2022-01-20 03:34:38,438] {processor.py:163} INFO - Started process (PID=3170) to work on /opt/airflow/dags/.ipynb_checkpoints/MySQL_to_CSV-checkpoint.py
[2022-01-20 03:34:38,443] {processor.py:620} INFO - Processing file /opt/airflow/dags/.ipynb_checkpoints/MySQL_to_CSV-checkpoint.py for tasks to queue
[2022-01-20 03:34:38,449] {logging_mixin.py:109} INFO - [2022-01-20 03:34:38,448] {dagbag.py:500} INFO - Filling up the DagBag from /opt/airflow/dags/.ipynb_checkpoints/MySQL_to_CSV-checkpoint.py
[2022-01-20 03:34:40,832] {processor.py:632} INFO - DAG(s) dict_keys(['MySQLTOCsv']) retrieved from /opt/airflow/dags/.ipynb_checkpoints/MySQL_to_CSV-checkpoint.py
[2022-01-20 03:34:42,035] {logging_mixin.py:109} INFO - [2022-01-20 03:34:42,034] {dag.py:2389} INFO - Sync 1 DAGs
[2022-01-20 03:34:42,108] {logging_mixin.py:109} INFO - [2022-01-20 03:34:42,107] {dag.py:2914} INFO - Setting next_dagrun for MySQLTOCsv to 2022-01-20T03:20:00+00:00
[2022-01-20 03:34:42,145] {processor.py:171} INFO - Processing /opt/airflow/dags/.ipynb_checkpoints/MySQL_to_CSV-checkpoint.py took 3.715 seconds
[2022-01-20 03:35:12,318] {processor.py:163} INFO - Started process (PID=3280) to work on /opt/airflow/dags/.ipynb_checkpoints/MySQL_to_CSV-checkpoint.py
[2022-01-20 03:35:12,325] {processor.py:620} INFO - Processing file /opt/airflow/dags/.ipynb_checkpoints/MySQL_to_CSV-checkpoint.py for tasks to queue
[2022-01-20 03:35:12,334] {logging_mixin.py:109} INFO - [2022-01-20 03:35:12,333] {dagbag.py:500} INFO - Filling up the DagBag from /opt/airflow/dags/.ipynb_checkpoints/MySQL_to_CSV-checkpoint.py
[2022-01-20 03:35:14,499] {processor.py:632} INFO - DAG(s) dict_keys(['MySQLTOCsv']) retrieved from /opt/airflow/dags/.ipynb_checkpoints/MySQL_to_CSV-checkpoint.py
[2022-01-20 03:35:14,513] {logging_mixin.py:109} INFO - [2022-01-20 03:35:14,512] {dag.py:2389} INFO - Sync 1 DAGs
[2022-01-20 03:35:14,607] {logging_mixin.py:109} INFO - [2022-01-20 03:35:14,606] {dag.py:2914} INFO - Setting next_dagrun for MySQLTOCsv to 2022-01-20T03:20:00+00:00
[2022-01-20 03:35:14,655] {processor.py:171} INFO - Processing /opt/airflow/dags/.ipynb_checkpoints/MySQL_to_CSV-checkpoint.py took 2.350 seconds
[2022-01-20 03:35:44,715] {processor.py:163} INFO - Started process (PID=3384) to work on /opt/airflow/dags/.ipynb_checkpoints/MySQL_to_CSV-checkpoint.py
[2022-01-20 03:35:44,719] {processor.py:620} INFO - Processing file /opt/airflow/dags/.ipynb_checkpoints/MySQL_to_CSV-checkpoint.py for tasks to queue
[2022-01-20 03:35:44,722] {logging_mixin.py:109} INFO - [2022-01-20 03:35:44,721] {dagbag.py:500} INFO - Filling up the DagBag from /opt/airflow/dags/.ipynb_checkpoints/MySQL_to_CSV-checkpoint.py
[2022-01-20 03:35:46,429] {processor.py:632} INFO - DAG(s) dict_keys(['MySQLTOCsv']) retrieved from /opt/airflow/dags/.ipynb_checkpoints/MySQL_to_CSV-checkpoint.py
[2022-01-20 03:35:47,392] {logging_mixin.py:109} INFO - [2022-01-20 03:35:47,391] {dag.py:2389} INFO - Sync 1 DAGs
[2022-01-20 03:35:47,449] {logging_mixin.py:109} INFO - [2022-01-20 03:35:47,449] {dag.py:2914} INFO - Setting next_dagrun for MySQLTOCsv to 2022-01-20T03:20:00+00:00
[2022-01-20 03:35:47,489] {processor.py:171} INFO - Processing /opt/airflow/dags/.ipynb_checkpoints/MySQL_to_CSV-checkpoint.py took 2.782 seconds
[2022-01-20 03:36:17,562] {processor.py:163} INFO - Started process (PID=3496) to work on /opt/airflow/dags/.ipynb_checkpoints/MySQL_to_CSV-checkpoint.py
[2022-01-20 03:36:17,566] {processor.py:620} INFO - Processing file /opt/airflow/dags/.ipynb_checkpoints/MySQL_to_CSV-checkpoint.py for tasks to queue
[2022-01-20 03:36:17,569] {logging_mixin.py:109} INFO - [2022-01-20 03:36:17,569] {dagbag.py:500} INFO - Filling up the DagBag from /opt/airflow/dags/.ipynb_checkpoints/MySQL_to_CSV-checkpoint.py
[2022-01-20 03:36:19,637] {processor.py:632} INFO - DAG(s) dict_keys(['MySQLTOCsv']) retrieved from /opt/airflow/dags/.ipynb_checkpoints/MySQL_to_CSV-checkpoint.py
[2022-01-20 03:36:19,650] {logging_mixin.py:109} INFO - [2022-01-20 03:36:19,649] {dag.py:2389} INFO - Sync 1 DAGs
[2022-01-20 03:36:19,717] {logging_mixin.py:109} INFO - [2022-01-20 03:36:19,717] {dag.py:2914} INFO - Setting next_dagrun for MySQLTOCsv to 2022-01-20T03:20:00+00:00
[2022-01-20 03:36:19,758] {processor.py:171} INFO - Processing /opt/airflow/dags/.ipynb_checkpoints/MySQL_to_CSV-checkpoint.py took 2.204 seconds
[2022-01-20 03:36:50,079] {processor.py:163} INFO - Started process (PID=3595) to work on /opt/airflow/dags/.ipynb_checkpoints/MySQL_to_CSV-checkpoint.py
[2022-01-20 03:36:50,083] {processor.py:620} INFO - Processing file /opt/airflow/dags/.ipynb_checkpoints/MySQL_to_CSV-checkpoint.py for tasks to queue
[2022-01-20 03:36:50,085] {logging_mixin.py:109} INFO - [2022-01-20 03:36:50,085] {dagbag.py:500} INFO - Filling up the DagBag from /opt/airflow/dags/.ipynb_checkpoints/MySQL_to_CSV-checkpoint.py
[2022-01-20 03:36:51,958] {processor.py:632} INFO - DAG(s) dict_keys(['MySQLTOCsv']) retrieved from /opt/airflow/dags/.ipynb_checkpoints/MySQL_to_CSV-checkpoint.py
[2022-01-20 03:36:53,282] {logging_mixin.py:109} INFO - [2022-01-20 03:36:53,280] {dag.py:2389} INFO - Sync 1 DAGs
[2022-01-20 03:36:53,378] {logging_mixin.py:109} INFO - [2022-01-20 03:36:53,378] {dag.py:2914} INFO - Setting next_dagrun for MySQLTOCsv to 2022-01-20T03:20:00+00:00
[2022-01-20 03:36:53,423] {processor.py:171} INFO - Processing /opt/airflow/dags/.ipynb_checkpoints/MySQL_to_CSV-checkpoint.py took 3.351 seconds
[2022-01-20 03:37:23,999] {processor.py:163} INFO - Started process (PID=3713) to work on /opt/airflow/dags/.ipynb_checkpoints/MySQL_to_CSV-checkpoint.py
[2022-01-20 03:37:24,004] {processor.py:620} INFO - Processing file /opt/airflow/dags/.ipynb_checkpoints/MySQL_to_CSV-checkpoint.py for tasks to queue
[2022-01-20 03:37:24,007] {logging_mixin.py:109} INFO - [2022-01-20 03:37:24,007] {dagbag.py:500} INFO - Filling up the DagBag from /opt/airflow/dags/.ipynb_checkpoints/MySQL_to_CSV-checkpoint.py
[2022-01-20 03:37:25,864] {processor.py:632} INFO - DAG(s) dict_keys(['MySQLTOCsv']) retrieved from /opt/airflow/dags/.ipynb_checkpoints/MySQL_to_CSV-checkpoint.py
[2022-01-20 03:37:25,878] {logging_mixin.py:109} INFO - [2022-01-20 03:37:25,876] {dag.py:2389} INFO - Sync 1 DAGs
[2022-01-20 03:37:25,944] {logging_mixin.py:109} INFO - [2022-01-20 03:37:25,943] {dag.py:2914} INFO - Setting next_dagrun for MySQLTOCsv to 2022-01-20T03:20:00+00:00
[2022-01-20 03:37:25,972] {processor.py:171} INFO - Processing /opt/airflow/dags/.ipynb_checkpoints/MySQL_to_CSV-checkpoint.py took 1.980 seconds
[2022-01-20 03:37:56,030] {processor.py:163} INFO - Started process (PID=3832) to work on /opt/airflow/dags/.ipynb_checkpoints/MySQL_to_CSV-checkpoint.py
[2022-01-20 03:37:56,036] {processor.py:620} INFO - Processing file /opt/airflow/dags/.ipynb_checkpoints/MySQL_to_CSV-checkpoint.py for tasks to queue
[2022-01-20 03:37:56,040] {logging_mixin.py:109} INFO - [2022-01-20 03:37:56,039] {dagbag.py:500} INFO - Filling up the DagBag from /opt/airflow/dags/.ipynb_checkpoints/MySQL_to_CSV-checkpoint.py
[2022-01-20 03:37:58,156] {processor.py:632} INFO - DAG(s) dict_keys(['MySQLTOCsv']) retrieved from /opt/airflow/dags/.ipynb_checkpoints/MySQL_to_CSV-checkpoint.py
[2022-01-20 03:37:59,407] {logging_mixin.py:109} INFO - [2022-01-20 03:37:59,406] {dag.py:2389} INFO - Sync 1 DAGs
[2022-01-20 03:37:59,505] {logging_mixin.py:109} INFO - [2022-01-20 03:37:59,504] {dag.py:2914} INFO - Setting next_dagrun for MySQLTOCsv to 2022-01-20T03:20:00+00:00
[2022-01-20 03:37:59,540] {processor.py:171} INFO - Processing /opt/airflow/dags/.ipynb_checkpoints/MySQL_to_CSV-checkpoint.py took 3.518 seconds
[2022-01-20 03:38:29,682] {processor.py:163} INFO - Started process (PID=3937) to work on /opt/airflow/dags/.ipynb_checkpoints/MySQL_to_CSV-checkpoint.py
[2022-01-20 03:38:29,686] {processor.py:620} INFO - Processing file /opt/airflow/dags/.ipynb_checkpoints/MySQL_to_CSV-checkpoint.py for tasks to queue
[2022-01-20 03:38:29,688] {logging_mixin.py:109} INFO - [2022-01-20 03:38:29,688] {dagbag.py:500} INFO - Filling up the DagBag from /opt/airflow/dags/.ipynb_checkpoints/MySQL_to_CSV-checkpoint.py
[2022-01-20 03:38:31,291] {processor.py:632} INFO - DAG(s) dict_keys(['MySQLTOCsv']) retrieved from /opt/airflow/dags/.ipynb_checkpoints/MySQL_to_CSV-checkpoint.py
[2022-01-20 03:38:31,308] {logging_mixin.py:109} INFO - [2022-01-20 03:38:31,306] {dag.py:2389} INFO - Sync 1 DAGs
[2022-01-20 03:38:31,386] {logging_mixin.py:109} INFO - [2022-01-20 03:38:31,386] {dag.py:2914} INFO - Setting next_dagrun for MySQLTOCsv to 2022-01-20T03:20:00+00:00
[2022-01-20 03:38:31,414] {processor.py:171} INFO - Processing /opt/airflow/dags/.ipynb_checkpoints/MySQL_to_CSV-checkpoint.py took 1.739 seconds
[2022-01-20 03:39:02,845] {processor.py:163} INFO - Started process (PID=4056) to work on /opt/airflow/dags/.ipynb_checkpoints/MySQL_to_CSV-checkpoint.py
[2022-01-20 03:39:02,849] {processor.py:620} INFO - Processing file /opt/airflow/dags/.ipynb_checkpoints/MySQL_to_CSV-checkpoint.py for tasks to queue
[2022-01-20 03:39:02,852] {logging_mixin.py:109} INFO - [2022-01-20 03:39:02,852] {dagbag.py:500} INFO - Filling up the DagBag from /opt/airflow/dags/.ipynb_checkpoints/MySQL_to_CSV-checkpoint.py
[2022-01-20 03:39:04,685] {processor.py:632} INFO - DAG(s) dict_keys(['MySQLTOCsv']) retrieved from /opt/airflow/dags/.ipynb_checkpoints/MySQL_to_CSV-checkpoint.py
[2022-01-20 03:39:05,782] {logging_mixin.py:109} INFO - [2022-01-20 03:39:05,781] {dag.py:2389} INFO - Sync 1 DAGs
[2022-01-20 03:39:05,841] {logging_mixin.py:109} INFO - [2022-01-20 03:39:05,841] {dag.py:2914} INFO - Setting next_dagrun for MySQLTOCsv to 2022-01-20T03:20:00+00:00
[2022-01-20 03:39:05,872] {processor.py:171} INFO - Processing /opt/airflow/dags/.ipynb_checkpoints/MySQL_to_CSV-checkpoint.py took 3.033 seconds
[2022-01-20 03:39:36,813] {processor.py:163} INFO - Started process (PID=4186) to work on /opt/airflow/dags/.ipynb_checkpoints/MySQL_to_CSV-checkpoint.py
[2022-01-20 03:39:36,817] {processor.py:620} INFO - Processing file /opt/airflow/dags/.ipynb_checkpoints/MySQL_to_CSV-checkpoint.py for tasks to queue
[2022-01-20 03:39:36,821] {logging_mixin.py:109} INFO - [2022-01-20 03:39:36,820] {dagbag.py:500} INFO - Filling up the DagBag from /opt/airflow/dags/.ipynb_checkpoints/MySQL_to_CSV-checkpoint.py
[2022-01-20 03:39:38,768] {processor.py:632} INFO - DAG(s) dict_keys(['MySQLTOCsv']) retrieved from /opt/airflow/dags/.ipynb_checkpoints/MySQL_to_CSV-checkpoint.py
[2022-01-20 03:39:38,781] {logging_mixin.py:109} INFO - [2022-01-20 03:39:38,779] {dag.py:2389} INFO - Sync 1 DAGs
[2022-01-20 03:39:38,853] {logging_mixin.py:109} INFO - [2022-01-20 03:39:38,853] {dag.py:2914} INFO - Setting next_dagrun for MySQLTOCsv to 2022-01-20T03:20:00+00:00
[2022-01-20 03:39:38,881] {processor.py:171} INFO - Processing /opt/airflow/dags/.ipynb_checkpoints/MySQL_to_CSV-checkpoint.py took 2.079 seconds
[2022-01-20 03:40:08,949] {processor.py:163} INFO - Started process (PID=4284) to work on /opt/airflow/dags/.ipynb_checkpoints/MySQL_to_CSV-checkpoint.py
[2022-01-20 03:40:08,953] {processor.py:620} INFO - Processing file /opt/airflow/dags/.ipynb_checkpoints/MySQL_to_CSV-checkpoint.py for tasks to queue
[2022-01-20 03:40:08,956] {logging_mixin.py:109} INFO - [2022-01-20 03:40:08,955] {dagbag.py:500} INFO - Filling up the DagBag from /opt/airflow/dags/.ipynb_checkpoints/MySQL_to_CSV-checkpoint.py
[2022-01-20 03:40:10,380] {processor.py:632} INFO - DAG(s) dict_keys(['MySQLTOCsv']) retrieved from /opt/airflow/dags/.ipynb_checkpoints/MySQL_to_CSV-checkpoint.py
[2022-01-20 03:40:11,577] {logging_mixin.py:109} INFO - [2022-01-20 03:40:11,576] {dag.py:2389} INFO - Sync 1 DAGs
[2022-01-20 03:40:11,693] {logging_mixin.py:109} INFO - [2022-01-20 03:40:11,692] {dag.py:2914} INFO - Setting next_dagrun for MySQLTOCsv to 2022-01-20T03:20:00+00:00
[2022-01-20 03:40:11,727] {processor.py:171} INFO - Processing /opt/airflow/dags/.ipynb_checkpoints/MySQL_to_CSV-checkpoint.py took 2.785 seconds
[2022-01-20 03:40:42,236] {processor.py:163} INFO - Started process (PID=4401) to work on /opt/airflow/dags/.ipynb_checkpoints/MySQL_to_CSV-checkpoint.py
[2022-01-20 03:40:42,240] {processor.py:620} INFO - Processing file /opt/airflow/dags/.ipynb_checkpoints/MySQL_to_CSV-checkpoint.py for tasks to queue
[2022-01-20 03:40:42,243] {logging_mixin.py:109} INFO - [2022-01-20 03:40:42,243] {dagbag.py:500} INFO - Filling up the DagBag from /opt/airflow/dags/.ipynb_checkpoints/MySQL_to_CSV-checkpoint.py
[2022-01-20 03:40:44,091] {processor.py:632} INFO - DAG(s) dict_keys(['MySQLTOCsv']) retrieved from /opt/airflow/dags/.ipynb_checkpoints/MySQL_to_CSV-checkpoint.py
[2022-01-20 03:40:44,109] {logging_mixin.py:109} INFO - [2022-01-20 03:40:44,107] {dag.py:2389} INFO - Sync 1 DAGs
[2022-01-20 03:40:44,181] {logging_mixin.py:109} INFO - [2022-01-20 03:40:44,180] {dag.py:2914} INFO - Setting next_dagrun for MySQLTOCsv to 2022-01-20T03:20:00+00:00
[2022-01-20 03:40:44,211] {processor.py:171} INFO - Processing /opt/airflow/dags/.ipynb_checkpoints/MySQL_to_CSV-checkpoint.py took 1.982 seconds
[2022-01-20 03:41:14,379] {processor.py:163} INFO - Started process (PID=4518) to work on /opt/airflow/dags/.ipynb_checkpoints/MySQL_to_CSV-checkpoint.py
[2022-01-20 03:41:14,383] {processor.py:620} INFO - Processing file /opt/airflow/dags/.ipynb_checkpoints/MySQL_to_CSV-checkpoint.py for tasks to queue
[2022-01-20 03:41:14,386] {logging_mixin.py:109} INFO - [2022-01-20 03:41:14,386] {dagbag.py:500} INFO - Filling up the DagBag from /opt/airflow/dags/.ipynb_checkpoints/MySQL_to_CSV-checkpoint.py
[2022-01-20 03:41:16,313] {processor.py:632} INFO - DAG(s) dict_keys(['MySQLTOCsv']) retrieved from /opt/airflow/dags/.ipynb_checkpoints/MySQL_to_CSV-checkpoint.py
[2022-01-20 03:41:17,540] {logging_mixin.py:109} INFO - [2022-01-20 03:41:17,538] {dag.py:2389} INFO - Sync 1 DAGs
[2022-01-20 03:41:17,612] {logging_mixin.py:109} INFO - [2022-01-20 03:41:17,611] {dag.py:2914} INFO - Setting next_dagrun for MySQLTOCsv to 2022-01-20T03:20:00+00:00
[2022-01-20 03:41:17,646] {processor.py:171} INFO - Processing /opt/airflow/dags/.ipynb_checkpoints/MySQL_to_CSV-checkpoint.py took 3.274 seconds
[2022-01-20 03:41:47,733] {processor.py:163} INFO - Started process (PID=4616) to work on /opt/airflow/dags/.ipynb_checkpoints/MySQL_to_CSV-checkpoint.py
[2022-01-20 03:41:47,737] {processor.py:620} INFO - Processing file /opt/airflow/dags/.ipynb_checkpoints/MySQL_to_CSV-checkpoint.py for tasks to queue
[2022-01-20 03:41:47,740] {logging_mixin.py:109} INFO - [2022-01-20 03:41:47,739] {dagbag.py:500} INFO - Filling up the DagBag from /opt/airflow/dags/.ipynb_checkpoints/MySQL_to_CSV-checkpoint.py
[2022-01-20 03:41:49,315] {processor.py:632} INFO - DAG(s) dict_keys(['MySQLTOCsv']) retrieved from /opt/airflow/dags/.ipynb_checkpoints/MySQL_to_CSV-checkpoint.py
[2022-01-20 03:41:49,327] {logging_mixin.py:109} INFO - [2022-01-20 03:41:49,325] {dag.py:2389} INFO - Sync 1 DAGs
[2022-01-20 03:41:49,382] {logging_mixin.py:109} INFO - [2022-01-20 03:41:49,382] {dag.py:2914} INFO - Setting next_dagrun for MySQLTOCsv to 2022-01-20T03:20:00+00:00
[2022-01-20 03:41:49,409] {processor.py:171} INFO - Processing /opt/airflow/dags/.ipynb_checkpoints/MySQL_to_CSV-checkpoint.py took 1.683 seconds
[2022-01-20 03:42:20,026] {processor.py:163} INFO - Started process (PID=4732) to work on /opt/airflow/dags/.ipynb_checkpoints/MySQL_to_CSV-checkpoint.py
[2022-01-20 03:42:20,031] {processor.py:620} INFO - Processing file /opt/airflow/dags/.ipynb_checkpoints/MySQL_to_CSV-checkpoint.py for tasks to queue
[2022-01-20 03:42:20,035] {logging_mixin.py:109} INFO - [2022-01-20 03:42:20,034] {dagbag.py:500} INFO - Filling up the DagBag from /opt/airflow/dags/.ipynb_checkpoints/MySQL_to_CSV-checkpoint.py
[2022-01-20 03:42:22,017] {processor.py:632} INFO - DAG(s) dict_keys(['MySQLTOCsv']) retrieved from /opt/airflow/dags/.ipynb_checkpoints/MySQL_to_CSV-checkpoint.py
[2022-01-20 03:42:23,183] {logging_mixin.py:109} INFO - [2022-01-20 03:42:23,182] {dag.py:2389} INFO - Sync 1 DAGs
[2022-01-20 03:42:23,255] {logging_mixin.py:109} INFO - [2022-01-20 03:42:23,254] {dag.py:2914} INFO - Setting next_dagrun for MySQLTOCsv to 2022-01-20T03:20:00+00:00
[2022-01-20 03:42:23,289] {processor.py:171} INFO - Processing /opt/airflow/dags/.ipynb_checkpoints/MySQL_to_CSV-checkpoint.py took 3.270 seconds
[2022-01-20 03:42:55,928] {processor.py:163} INFO - Started process (PID=4851) to work on /opt/airflow/dags/.ipynb_checkpoints/MySQL_to_CSV-checkpoint.py
[2022-01-20 03:42:55,932] {processor.py:620} INFO - Processing file /opt/airflow/dags/.ipynb_checkpoints/MySQL_to_CSV-checkpoint.py for tasks to queue
[2022-01-20 03:42:55,938] {logging_mixin.py:109} INFO - [2022-01-20 03:42:55,937] {dagbag.py:500} INFO - Filling up the DagBag from /opt/airflow/dags/.ipynb_checkpoints/MySQL_to_CSV-checkpoint.py
[2022-01-20 03:42:58,094] {processor.py:632} INFO - DAG(s) dict_keys(['MySQLTOCsv']) retrieved from /opt/airflow/dags/.ipynb_checkpoints/MySQL_to_CSV-checkpoint.py
[2022-01-20 03:42:58,109] {logging_mixin.py:109} INFO - [2022-01-20 03:42:58,107] {dag.py:2389} INFO - Sync 1 DAGs
[2022-01-20 03:42:58,177] {logging_mixin.py:109} INFO - [2022-01-20 03:42:58,176] {dag.py:2914} INFO - Setting next_dagrun for MySQLTOCsv to 2022-01-20T03:20:00+00:00
[2022-01-20 03:42:58,201] {processor.py:171} INFO - Processing /opt/airflow/dags/.ipynb_checkpoints/MySQL_to_CSV-checkpoint.py took 2.285 seconds
[2022-01-20 03:43:28,856] {processor.py:163} INFO - Started process (PID=4955) to work on /opt/airflow/dags/.ipynb_checkpoints/MySQL_to_CSV-checkpoint.py
[2022-01-20 03:43:28,860] {processor.py:620} INFO - Processing file /opt/airflow/dags/.ipynb_checkpoints/MySQL_to_CSV-checkpoint.py for tasks to queue
[2022-01-20 03:43:28,863] {logging_mixin.py:109} INFO - [2022-01-20 03:43:28,863] {dagbag.py:500} INFO - Filling up the DagBag from /opt/airflow/dags/.ipynb_checkpoints/MySQL_to_CSV-checkpoint.py
[2022-01-20 03:43:30,454] {processor.py:632} INFO - DAG(s) dict_keys(['MySQLTOCsv']) retrieved from /opt/airflow/dags/.ipynb_checkpoints/MySQL_to_CSV-checkpoint.py
[2022-01-20 03:43:31,820] {logging_mixin.py:109} INFO - [2022-01-20 03:43:31,818] {dag.py:2389} INFO - Sync 1 DAGs
[2022-01-20 03:43:31,909] {logging_mixin.py:109} INFO - [2022-01-20 03:43:31,908] {dag.py:2914} INFO - Setting next_dagrun for MySQLTOCsv to 2022-01-20T03:20:00+00:00
[2022-01-20 03:43:31,945] {processor.py:171} INFO - Processing /opt/airflow/dags/.ipynb_checkpoints/MySQL_to_CSV-checkpoint.py took 3.098 seconds
[2022-01-20 03:44:02,059] {processor.py:163} INFO - Started process (PID=5079) to work on /opt/airflow/dags/.ipynb_checkpoints/MySQL_to_CSV-checkpoint.py
[2022-01-20 03:44:02,064] {processor.py:620} INFO - Processing file /opt/airflow/dags/.ipynb_checkpoints/MySQL_to_CSV-checkpoint.py for tasks to queue
[2022-01-20 03:44:02,068] {logging_mixin.py:109} INFO - [2022-01-20 03:44:02,067] {dagbag.py:500} INFO - Filling up the DagBag from /opt/airflow/dags/.ipynb_checkpoints/MySQL_to_CSV-checkpoint.py
[2022-01-20 03:44:04,022] {processor.py:632} INFO - DAG(s) dict_keys(['MySQLTOCsv']) retrieved from /opt/airflow/dags/.ipynb_checkpoints/MySQL_to_CSV-checkpoint.py
[2022-01-20 03:44:04,072] {logging_mixin.py:109} INFO - [2022-01-20 03:44:04,070] {dag.py:2389} INFO - Sync 1 DAGs
[2022-01-20 03:44:04,153] {logging_mixin.py:109} INFO - [2022-01-20 03:44:04,152] {dag.py:2914} INFO - Setting next_dagrun for MySQLTOCsv to 2022-01-20T03:20:00+00:00
[2022-01-20 03:44:04,188] {processor.py:171} INFO - Processing /opt/airflow/dags/.ipynb_checkpoints/MySQL_to_CSV-checkpoint.py took 2.136 seconds
[2022-01-20 03:44:34,717] {processor.py:163} INFO - Started process (PID=5193) to work on /opt/airflow/dags/.ipynb_checkpoints/MySQL_to_CSV-checkpoint.py
[2022-01-20 03:44:34,726] {processor.py:620} INFO - Processing file /opt/airflow/dags/.ipynb_checkpoints/MySQL_to_CSV-checkpoint.py for tasks to queue
[2022-01-20 03:44:34,732] {logging_mixin.py:109} INFO - [2022-01-20 03:44:34,731] {dagbag.py:500} INFO - Filling up the DagBag from /opt/airflow/dags/.ipynb_checkpoints/MySQL_to_CSV-checkpoint.py
[2022-01-20 03:44:36,967] {processor.py:632} INFO - DAG(s) dict_keys(['MySQLTOCsv']) retrieved from /opt/airflow/dags/.ipynb_checkpoints/MySQL_to_CSV-checkpoint.py
[2022-01-20 03:44:36,983] {logging_mixin.py:109} INFO - [2022-01-20 03:44:36,980] {dag.py:2389} INFO - Sync 1 DAGs
[2022-01-20 03:44:37,073] {logging_mixin.py:109} INFO - [2022-01-20 03:44:37,072] {dag.py:2914} INFO - Setting next_dagrun for MySQLTOCsv to 2022-01-20T03:20:00+00:00
[2022-01-20 03:44:37,107] {processor.py:171} INFO - Processing /opt/airflow/dags/.ipynb_checkpoints/MySQL_to_CSV-checkpoint.py took 2.401 seconds
[2022-01-20 03:45:07,370] {processor.py:163} INFO - Started process (PID=5300) to work on /opt/airflow/dags/.ipynb_checkpoints/MySQL_to_CSV-checkpoint.py
[2022-01-20 03:45:07,374] {processor.py:620} INFO - Processing file /opt/airflow/dags/.ipynb_checkpoints/MySQL_to_CSV-checkpoint.py for tasks to queue
[2022-01-20 03:45:07,377] {logging_mixin.py:109} INFO - [2022-01-20 03:45:07,377] {dagbag.py:500} INFO - Filling up the DagBag from /opt/airflow/dags/.ipynb_checkpoints/MySQL_to_CSV-checkpoint.py
[2022-01-20 03:45:08,861] {processor.py:632} INFO - DAG(s) dict_keys(['MySQLTOCsv']) retrieved from /opt/airflow/dags/.ipynb_checkpoints/MySQL_to_CSV-checkpoint.py
[2022-01-20 03:45:09,915] {logging_mixin.py:109} INFO - [2022-01-20 03:45:09,914] {dag.py:2389} INFO - Sync 1 DAGs
[2022-01-20 03:45:09,983] {logging_mixin.py:109} INFO - [2022-01-20 03:45:09,983] {dag.py:2914} INFO - Setting next_dagrun for MySQLTOCsv to 2022-01-20T03:20:00+00:00
[2022-01-20 03:45:10,016] {processor.py:171} INFO - Processing /opt/airflow/dags/.ipynb_checkpoints/MySQL_to_CSV-checkpoint.py took 2.653 seconds
[2022-01-20 03:45:41,214] {processor.py:163} INFO - Started process (PID=5422) to work on /opt/airflow/dags/.ipynb_checkpoints/MySQL_to_CSV-checkpoint.py
[2022-01-20 03:45:41,221] {processor.py:620} INFO - Processing file /opt/airflow/dags/.ipynb_checkpoints/MySQL_to_CSV-checkpoint.py for tasks to queue
[2022-01-20 03:45:41,223] {logging_mixin.py:109} INFO - [2022-01-20 03:45:41,223] {dagbag.py:500} INFO - Filling up the DagBag from /opt/airflow/dags/.ipynb_checkpoints/MySQL_to_CSV-checkpoint.py
[2022-01-20 03:45:43,230] {processor.py:632} INFO - DAG(s) dict_keys(['MySQLTOCsv']) retrieved from /opt/airflow/dags/.ipynb_checkpoints/MySQL_to_CSV-checkpoint.py
[2022-01-20 03:45:43,245] {logging_mixin.py:109} INFO - [2022-01-20 03:45:43,243] {dag.py:2389} INFO - Sync 1 DAGs
[2022-01-20 03:45:43,309] {logging_mixin.py:109} INFO - [2022-01-20 03:45:43,309] {dag.py:2914} INFO - Setting next_dagrun for MySQLTOCsv to 2022-01-20T03:20:00+00:00
[2022-01-20 03:45:43,335] {processor.py:171} INFO - Processing /opt/airflow/dags/.ipynb_checkpoints/MySQL_to_CSV-checkpoint.py took 2.135 seconds
[2022-01-20 03:46:13,474] {processor.py:163} INFO - Started process (PID=5537) to work on /opt/airflow/dags/.ipynb_checkpoints/MySQL_to_CSV-checkpoint.py
[2022-01-20 03:46:13,478] {processor.py:620} INFO - Processing file /opt/airflow/dags/.ipynb_checkpoints/MySQL_to_CSV-checkpoint.py for tasks to queue
[2022-01-20 03:46:13,482] {logging_mixin.py:109} INFO - [2022-01-20 03:46:13,482] {dagbag.py:500} INFO - Filling up the DagBag from /opt/airflow/dags/.ipynb_checkpoints/MySQL_to_CSV-checkpoint.py
[2022-01-20 03:46:15,745] {processor.py:632} INFO - DAG(s) dict_keys(['MySQLTOCsv']) retrieved from /opt/airflow/dags/.ipynb_checkpoints/MySQL_to_CSV-checkpoint.py
[2022-01-20 03:46:17,048] {logging_mixin.py:109} INFO - [2022-01-20 03:46:17,046] {dag.py:2389} INFO - Sync 1 DAGs
[2022-01-20 03:46:17,123] {logging_mixin.py:109} INFO - [2022-01-20 03:46:17,122] {dag.py:2914} INFO - Setting next_dagrun for MySQLTOCsv to 2022-01-20T03:20:00+00:00
[2022-01-20 03:46:17,159] {processor.py:171} INFO - Processing /opt/airflow/dags/.ipynb_checkpoints/MySQL_to_CSV-checkpoint.py took 3.692 seconds
[2022-01-20 03:46:47,405] {processor.py:163} INFO - Started process (PID=5646) to work on /opt/airflow/dags/.ipynb_checkpoints/MySQL_to_CSV-checkpoint.py
[2022-01-20 03:46:47,409] {processor.py:620} INFO - Processing file /opt/airflow/dags/.ipynb_checkpoints/MySQL_to_CSV-checkpoint.py for tasks to queue
[2022-01-20 03:46:47,412] {logging_mixin.py:109} INFO - [2022-01-20 03:46:47,411] {dagbag.py:500} INFO - Filling up the DagBag from /opt/airflow/dags/.ipynb_checkpoints/MySQL_to_CSV-checkpoint.py
[2022-01-20 03:46:49,202] {processor.py:632} INFO - DAG(s) dict_keys(['MySQLTOCsv']) retrieved from /opt/airflow/dags/.ipynb_checkpoints/MySQL_to_CSV-checkpoint.py
[2022-01-20 03:46:49,241] {logging_mixin.py:109} INFO - [2022-01-20 03:46:49,240] {dag.py:2389} INFO - Sync 1 DAGs
[2022-01-20 03:46:49,303] {logging_mixin.py:109} INFO - [2022-01-20 03:46:49,303] {dag.py:2914} INFO - Setting next_dagrun for MySQLTOCsv to 2022-01-20T03:20:00+00:00
[2022-01-20 03:46:49,327] {processor.py:171} INFO - Processing /opt/airflow/dags/.ipynb_checkpoints/MySQL_to_CSV-checkpoint.py took 1.928 seconds
[2022-01-20 03:47:19,497] {processor.py:163} INFO - Started process (PID=5768) to work on /opt/airflow/dags/.ipynb_checkpoints/MySQL_to_CSV-checkpoint.py
[2022-01-20 03:47:19,501] {processor.py:620} INFO - Processing file /opt/airflow/dags/.ipynb_checkpoints/MySQL_to_CSV-checkpoint.py for tasks to queue
[2022-01-20 03:47:19,505] {logging_mixin.py:109} INFO - [2022-01-20 03:47:19,504] {dagbag.py:500} INFO - Filling up the DagBag from /opt/airflow/dags/.ipynb_checkpoints/MySQL_to_CSV-checkpoint.py
[2022-01-20 03:47:21,591] {processor.py:632} INFO - DAG(s) dict_keys(['MySQLTOCsv']) retrieved from /opt/airflow/dags/.ipynb_checkpoints/MySQL_to_CSV-checkpoint.py
[2022-01-20 03:47:21,606] {logging_mixin.py:109} INFO - [2022-01-20 03:47:21,605] {dag.py:2389} INFO - Sync 1 DAGs
[2022-01-20 03:47:21,673] {logging_mixin.py:109} INFO - [2022-01-20 03:47:21,673] {dag.py:2914} INFO - Setting next_dagrun for MySQLTOCsv to 2022-01-20T03:20:00+00:00
[2022-01-20 03:47:21,700] {processor.py:171} INFO - Processing /opt/airflow/dags/.ipynb_checkpoints/MySQL_to_CSV-checkpoint.py took 2.211 seconds
[2022-01-20 03:47:51,798] {processor.py:163} INFO - Started process (PID=5883) to work on /opt/airflow/dags/.ipynb_checkpoints/MySQL_to_CSV-checkpoint.py
[2022-01-20 03:47:51,802] {processor.py:620} INFO - Processing file /opt/airflow/dags/.ipynb_checkpoints/MySQL_to_CSV-checkpoint.py for tasks to queue
[2022-01-20 03:47:51,806] {logging_mixin.py:109} INFO - [2022-01-20 03:47:51,805] {dagbag.py:500} INFO - Filling up the DagBag from /opt/airflow/dags/.ipynb_checkpoints/MySQL_to_CSV-checkpoint.py
[2022-01-20 03:47:53,704] {processor.py:632} INFO - DAG(s) dict_keys(['MySQLTOCsv']) retrieved from /opt/airflow/dags/.ipynb_checkpoints/MySQL_to_CSV-checkpoint.py
[2022-01-20 03:47:54,895] {logging_mixin.py:109} INFO - [2022-01-20 03:47:54,894] {dag.py:2389} INFO - Sync 1 DAGs
[2022-01-20 03:47:54,965] {logging_mixin.py:109} INFO - [2022-01-20 03:47:54,964] {dag.py:2914} INFO - Setting next_dagrun for MySQLTOCsv to 2022-01-20T03:20:00+00:00
[2022-01-20 03:47:55,000] {processor.py:171} INFO - Processing /opt/airflow/dags/.ipynb_checkpoints/MySQL_to_CSV-checkpoint.py took 3.210 seconds
[2022-01-20 03:48:25,557] {processor.py:163} INFO - Started process (PID=5986) to work on /opt/airflow/dags/.ipynb_checkpoints/MySQL_to_CSV-checkpoint.py
[2022-01-20 03:48:25,560] {processor.py:620} INFO - Processing file /opt/airflow/dags/.ipynb_checkpoints/MySQL_to_CSV-checkpoint.py for tasks to queue
[2022-01-20 03:48:25,563] {logging_mixin.py:109} INFO - [2022-01-20 03:48:25,563] {dagbag.py:500} INFO - Filling up the DagBag from /opt/airflow/dags/.ipynb_checkpoints/MySQL_to_CSV-checkpoint.py
[2022-01-20 03:48:27,193] {processor.py:632} INFO - DAG(s) dict_keys(['MySQLTOCsv']) retrieved from /opt/airflow/dags/.ipynb_checkpoints/MySQL_to_CSV-checkpoint.py
[2022-01-20 03:48:27,228] {logging_mixin.py:109} INFO - [2022-01-20 03:48:27,227] {dag.py:2389} INFO - Sync 1 DAGs
[2022-01-20 03:48:27,292] {logging_mixin.py:109} INFO - [2022-01-20 03:48:27,292] {dag.py:2914} INFO - Setting next_dagrun for MySQLTOCsv to 2022-01-20T03:20:00+00:00
[2022-01-20 03:48:27,318] {processor.py:171} INFO - Processing /opt/airflow/dags/.ipynb_checkpoints/MySQL_to_CSV-checkpoint.py took 1.768 seconds
[2022-01-20 03:48:57,476] {processor.py:163} INFO - Started process (PID=6099) to work on /opt/airflow/dags/.ipynb_checkpoints/MySQL_to_CSV-checkpoint.py
[2022-01-20 03:48:57,482] {processor.py:620} INFO - Processing file /opt/airflow/dags/.ipynb_checkpoints/MySQL_to_CSV-checkpoint.py for tasks to queue
[2022-01-20 03:48:57,486] {logging_mixin.py:109} INFO - [2022-01-20 03:48:57,486] {dagbag.py:500} INFO - Filling up the DagBag from /opt/airflow/dags/.ipynb_checkpoints/MySQL_to_CSV-checkpoint.py
[2022-01-20 03:48:59,462] {processor.py:632} INFO - DAG(s) dict_keys(['MySQLTOCsv']) retrieved from /opt/airflow/dags/.ipynb_checkpoints/MySQL_to_CSV-checkpoint.py
[2022-01-20 03:48:59,477] {logging_mixin.py:109} INFO - [2022-01-20 03:48:59,476] {dag.py:2389} INFO - Sync 1 DAGs
[2022-01-20 03:48:59,540] {logging_mixin.py:109} INFO - [2022-01-20 03:48:59,540] {dag.py:2914} INFO - Setting next_dagrun for MySQLTOCsv to 2022-01-20T03:20:00+00:00
[2022-01-20 03:48:59,565] {processor.py:171} INFO - Processing /opt/airflow/dags/.ipynb_checkpoints/MySQL_to_CSV-checkpoint.py took 2.099 seconds
[2022-01-20 03:49:30,438] {processor.py:163} INFO - Started process (PID=6201) to work on /opt/airflow/dags/.ipynb_checkpoints/MySQL_to_CSV-checkpoint.py
[2022-01-20 03:49:30,443] {processor.py:620} INFO - Processing file /opt/airflow/dags/.ipynb_checkpoints/MySQL_to_CSV-checkpoint.py for tasks to queue
[2022-01-20 03:49:30,445] {logging_mixin.py:109} INFO - [2022-01-20 03:49:30,445] {dagbag.py:500} INFO - Filling up the DagBag from /opt/airflow/dags/.ipynb_checkpoints/MySQL_to_CSV-checkpoint.py
[2022-01-20 03:49:32,260] {processor.py:632} INFO - DAG(s) dict_keys(['MySQLTOCsv']) retrieved from /opt/airflow/dags/.ipynb_checkpoints/MySQL_to_CSV-checkpoint.py
[2022-01-20 03:49:33,596] {logging_mixin.py:109} INFO - [2022-01-20 03:49:33,595] {dag.py:2389} INFO - Sync 1 DAGs
[2022-01-20 03:49:33,668] {logging_mixin.py:109} INFO - [2022-01-20 03:49:33,667] {dag.py:2914} INFO - Setting next_dagrun for MySQLTOCsv to 2022-01-20T03:20:00+00:00
[2022-01-20 03:49:33,708] {processor.py:171} INFO - Processing /opt/airflow/dags/.ipynb_checkpoints/MySQL_to_CSV-checkpoint.py took 3.277 seconds
[2022-01-20 03:50:04,526] {processor.py:163} INFO - Started process (PID=6314) to work on /opt/airflow/dags/.ipynb_checkpoints/MySQL_to_CSV-checkpoint.py
[2022-01-20 03:50:04,531] {processor.py:620} INFO - Processing file /opt/airflow/dags/.ipynb_checkpoints/MySQL_to_CSV-checkpoint.py for tasks to queue
[2022-01-20 03:50:04,533] {logging_mixin.py:109} INFO - [2022-01-20 03:50:04,533] {dagbag.py:500} INFO - Filling up the DagBag from /opt/airflow/dags/.ipynb_checkpoints/MySQL_to_CSV-checkpoint.py
[2022-01-20 03:50:06,447] {processor.py:632} INFO - DAG(s) dict_keys(['MySQLTOCsv']) retrieved from /opt/airflow/dags/.ipynb_checkpoints/MySQL_to_CSV-checkpoint.py
[2022-01-20 03:50:06,485] {logging_mixin.py:109} INFO - [2022-01-20 03:50:06,483] {dag.py:2389} INFO - Sync 1 DAGs
[2022-01-20 03:50:06,550] {logging_mixin.py:109} INFO - [2022-01-20 03:50:06,549] {dag.py:2914} INFO - Setting next_dagrun for MySQLTOCsv to 2022-01-20T03:20:00+00:00
[2022-01-20 03:50:06,575] {processor.py:171} INFO - Processing /opt/airflow/dags/.ipynb_checkpoints/MySQL_to_CSV-checkpoint.py took 2.056 seconds
[2022-01-20 03:50:37,104] {processor.py:163} INFO - Started process (PID=6432) to work on /opt/airflow/dags/.ipynb_checkpoints/MySQL_to_CSV-checkpoint.py
[2022-01-20 03:50:37,109] {processor.py:620} INFO - Processing file /opt/airflow/dags/.ipynb_checkpoints/MySQL_to_CSV-checkpoint.py for tasks to queue
[2022-01-20 03:50:37,112] {logging_mixin.py:109} INFO - [2022-01-20 03:50:37,112] {dagbag.py:500} INFO - Filling up the DagBag from /opt/airflow/dags/.ipynb_checkpoints/MySQL_to_CSV-checkpoint.py
[2022-01-20 03:50:39,100] {processor.py:632} INFO - DAG(s) dict_keys(['MySQLTOCsv']) retrieved from /opt/airflow/dags/.ipynb_checkpoints/MySQL_to_CSV-checkpoint.py
[2022-01-20 03:50:39,115] {logging_mixin.py:109} INFO - [2022-01-20 03:50:39,113] {dag.py:2389} INFO - Sync 1 DAGs
[2022-01-20 03:50:39,183] {logging_mixin.py:109} INFO - [2022-01-20 03:50:39,182] {dag.py:2914} INFO - Setting next_dagrun for MySQLTOCsv to 2022-01-20T03:20:00+00:00
[2022-01-20 03:50:39,210] {processor.py:171} INFO - Processing /opt/airflow/dags/.ipynb_checkpoints/MySQL_to_CSV-checkpoint.py took 2.113 seconds
[2022-01-20 03:51:09,645] {processor.py:163} INFO - Started process (PID=6534) to work on /opt/airflow/dags/.ipynb_checkpoints/MySQL_to_CSV-checkpoint.py
[2022-01-20 03:51:09,649] {processor.py:620} INFO - Processing file /opt/airflow/dags/.ipynb_checkpoints/MySQL_to_CSV-checkpoint.py for tasks to queue
[2022-01-20 03:51:09,655] {logging_mixin.py:109} INFO - [2022-01-20 03:51:09,654] {dagbag.py:500} INFO - Filling up the DagBag from /opt/airflow/dags/.ipynb_checkpoints/MySQL_to_CSV-checkpoint.py
[2022-01-20 03:51:11,181] {processor.py:632} INFO - DAG(s) dict_keys(['MySQLTOCsv']) retrieved from /opt/airflow/dags/.ipynb_checkpoints/MySQL_to_CSV-checkpoint.py
[2022-01-20 03:51:12,367] {logging_mixin.py:109} INFO - [2022-01-20 03:51:12,366] {dag.py:2389} INFO - Sync 1 DAGs
[2022-01-20 03:51:12,437] {logging_mixin.py:109} INFO - [2022-01-20 03:51:12,436] {dag.py:2914} INFO - Setting next_dagrun for MySQLTOCsv to 2022-01-20T03:20:00+00:00
[2022-01-20 03:51:12,470] {processor.py:171} INFO - Processing /opt/airflow/dags/.ipynb_checkpoints/MySQL_to_CSV-checkpoint.py took 2.833 seconds
