[2022-01-20 03:20:11,738] {processor.py:163} INFO - Started process (PID=239) to work on /opt/airflow/dags/plugins/redshift_summary.py
[2022-01-20 03:20:11,786] {processor.py:620} INFO - Processing file /opt/airflow/dags/plugins/redshift_summary.py for tasks to queue
[2022-01-20 03:20:11,800] {logging_mixin.py:109} INFO - [2022-01-20 03:20:11,799] {dagbag.py:500} INFO - Filling up the DagBag from /opt/airflow/dags/plugins/redshift_summary.py
[2022-01-20 03:20:12,161] {processor.py:634} WARNING - No viable dags retrieved from /opt/airflow/dags/plugins/redshift_summary.py
[2022-01-20 03:20:12,200] {processor.py:171} INFO - Processing /opt/airflow/dags/plugins/redshift_summary.py took 0.488 seconds
[2022-01-20 03:20:42,603] {processor.py:163} INFO - Started process (PID=334) to work on /opt/airflow/dags/plugins/redshift_summary.py
[2022-01-20 03:20:42,610] {processor.py:620} INFO - Processing file /opt/airflow/dags/plugins/redshift_summary.py for tasks to queue
[2022-01-20 03:20:42,614] {logging_mixin.py:109} INFO - [2022-01-20 03:20:42,614] {dagbag.py:500} INFO - Filling up the DagBag from /opt/airflow/dags/plugins/redshift_summary.py
[2022-01-20 03:20:42,799] {processor.py:634} WARNING - No viable dags retrieved from /opt/airflow/dags/plugins/redshift_summary.py
[2022-01-20 03:20:42,826] {processor.py:171} INFO - Processing /opt/airflow/dags/plugins/redshift_summary.py took 0.246 seconds
[2022-01-20 03:21:13,124] {processor.py:163} INFO - Started process (PID=437) to work on /opt/airflow/dags/plugins/redshift_summary.py
[2022-01-20 03:21:13,135] {processor.py:620} INFO - Processing file /opt/airflow/dags/plugins/redshift_summary.py for tasks to queue
[2022-01-20 03:21:13,143] {logging_mixin.py:109} INFO - [2022-01-20 03:21:13,141] {dagbag.py:500} INFO - Filling up the DagBag from /opt/airflow/dags/plugins/redshift_summary.py
[2022-01-20 03:21:13,340] {processor.py:634} WARNING - No viable dags retrieved from /opt/airflow/dags/plugins/redshift_summary.py
[2022-01-20 03:21:13,363] {processor.py:171} INFO - Processing /opt/airflow/dags/plugins/redshift_summary.py took 0.260 seconds
[2022-01-20 03:21:43,469] {processor.py:163} INFO - Started process (PID=539) to work on /opt/airflow/dags/plugins/redshift_summary.py
[2022-01-20 03:21:43,473] {processor.py:620} INFO - Processing file /opt/airflow/dags/plugins/redshift_summary.py for tasks to queue
[2022-01-20 03:21:43,476] {logging_mixin.py:109} INFO - [2022-01-20 03:21:43,476] {dagbag.py:500} INFO - Filling up the DagBag from /opt/airflow/dags/plugins/redshift_summary.py
[2022-01-20 03:21:43,542] {processor.py:634} WARNING - No viable dags retrieved from /opt/airflow/dags/plugins/redshift_summary.py
[2022-01-20 03:21:43,551] {processor.py:171} INFO - Processing /opt/airflow/dags/plugins/redshift_summary.py took 0.088 seconds
[2022-01-20 03:22:14,084] {processor.py:163} INFO - Started process (PID=653) to work on /opt/airflow/dags/plugins/redshift_summary.py
[2022-01-20 03:22:14,089] {processor.py:620} INFO - Processing file /opt/airflow/dags/plugins/redshift_summary.py for tasks to queue
[2022-01-20 03:22:14,092] {logging_mixin.py:109} INFO - [2022-01-20 03:22:14,091] {dagbag.py:500} INFO - Filling up the DagBag from /opt/airflow/dags/plugins/redshift_summary.py
[2022-01-20 03:22:14,167] {processor.py:634} WARNING - No viable dags retrieved from /opt/airflow/dags/plugins/redshift_summary.py
[2022-01-20 03:22:14,177] {processor.py:171} INFO - Processing /opt/airflow/dags/plugins/redshift_summary.py took 0.111 seconds
[2022-01-20 03:22:44,465] {processor.py:163} INFO - Started process (PID=749) to work on /opt/airflow/dags/plugins/redshift_summary.py
[2022-01-20 03:22:44,469] {processor.py:620} INFO - Processing file /opt/airflow/dags/plugins/redshift_summary.py for tasks to queue
[2022-01-20 03:22:44,472] {logging_mixin.py:109} INFO - [2022-01-20 03:22:44,472] {dagbag.py:500} INFO - Filling up the DagBag from /opt/airflow/dags/plugins/redshift_summary.py
[2022-01-20 03:22:44,542] {processor.py:634} WARNING - No viable dags retrieved from /opt/airflow/dags/plugins/redshift_summary.py
[2022-01-20 03:22:44,553] {processor.py:171} INFO - Processing /opt/airflow/dags/plugins/redshift_summary.py took 0.095 seconds
[2022-01-20 03:23:15,298] {processor.py:163} INFO - Started process (PID=860) to work on /opt/airflow/dags/plugins/redshift_summary.py
[2022-01-20 03:23:15,303] {processor.py:620} INFO - Processing file /opt/airflow/dags/plugins/redshift_summary.py for tasks to queue
[2022-01-20 03:23:15,306] {logging_mixin.py:109} INFO - [2022-01-20 03:23:15,306] {dagbag.py:500} INFO - Filling up the DagBag from /opt/airflow/dags/plugins/redshift_summary.py
[2022-01-20 03:23:15,392] {processor.py:634} WARNING - No viable dags retrieved from /opt/airflow/dags/plugins/redshift_summary.py
[2022-01-20 03:23:15,407] {processor.py:171} INFO - Processing /opt/airflow/dags/plugins/redshift_summary.py took 0.126 seconds
[2022-01-20 03:23:45,865] {processor.py:163} INFO - Started process (PID=956) to work on /opt/airflow/dags/plugins/redshift_summary.py
[2022-01-20 03:23:45,869] {processor.py:620} INFO - Processing file /opt/airflow/dags/plugins/redshift_summary.py for tasks to queue
[2022-01-20 03:23:45,873] {logging_mixin.py:109} INFO - [2022-01-20 03:23:45,872] {dagbag.py:500} INFO - Filling up the DagBag from /opt/airflow/dags/plugins/redshift_summary.py
[2022-01-20 03:23:45,935] {processor.py:634} WARNING - No viable dags retrieved from /opt/airflow/dags/plugins/redshift_summary.py
[2022-01-20 03:23:45,945] {processor.py:171} INFO - Processing /opt/airflow/dags/plugins/redshift_summary.py took 0.086 seconds
[2022-01-20 03:24:16,218] {processor.py:163} INFO - Started process (PID=1070) to work on /opt/airflow/dags/plugins/redshift_summary.py
[2022-01-20 03:24:16,224] {processor.py:620} INFO - Processing file /opt/airflow/dags/plugins/redshift_summary.py for tasks to queue
[2022-01-20 03:24:16,228] {logging_mixin.py:109} INFO - [2022-01-20 03:24:16,228] {dagbag.py:500} INFO - Filling up the DagBag from /opt/airflow/dags/plugins/redshift_summary.py
[2022-01-20 03:24:16,310] {processor.py:634} WARNING - No viable dags retrieved from /opt/airflow/dags/plugins/redshift_summary.py
[2022-01-20 03:24:16,323] {processor.py:171} INFO - Processing /opt/airflow/dags/plugins/redshift_summary.py took 0.112 seconds
[2022-01-20 03:24:46,802] {processor.py:163} INFO - Started process (PID=1166) to work on /opt/airflow/dags/plugins/redshift_summary.py
[2022-01-20 03:24:46,806] {processor.py:620} INFO - Processing file /opt/airflow/dags/plugins/redshift_summary.py for tasks to queue
[2022-01-20 03:24:46,809] {logging_mixin.py:109} INFO - [2022-01-20 03:24:46,808] {dagbag.py:500} INFO - Filling up the DagBag from /opt/airflow/dags/plugins/redshift_summary.py
[2022-01-20 03:24:46,875] {processor.py:634} WARNING - No viable dags retrieved from /opt/airflow/dags/plugins/redshift_summary.py
[2022-01-20 03:24:46,885] {processor.py:171} INFO - Processing /opt/airflow/dags/plugins/redshift_summary.py took 0.090 seconds
[2022-01-20 03:25:19,372] {processor.py:163} INFO - Started process (PID=1277) to work on /opt/airflow/dags/plugins/redshift_summary.py
[2022-01-20 03:25:19,377] {processor.py:620} INFO - Processing file /opt/airflow/dags/plugins/redshift_summary.py for tasks to queue
[2022-01-20 03:25:19,380] {logging_mixin.py:109} INFO - [2022-01-20 03:25:19,379] {dagbag.py:500} INFO - Filling up the DagBag from /opt/airflow/dags/plugins/redshift_summary.py
[2022-01-20 03:25:19,449] {processor.py:634} WARNING - No viable dags retrieved from /opt/airflow/dags/plugins/redshift_summary.py
[2022-01-20 03:25:19,459] {processor.py:171} INFO - Processing /opt/airflow/dags/plugins/redshift_summary.py took 0.094 seconds
[2022-01-20 03:25:49,774] {processor.py:163} INFO - Started process (PID=1358) to work on /opt/airflow/dags/plugins/redshift_summary.py
[2022-01-20 03:25:49,778] {processor.py:620} INFO - Processing file /opt/airflow/dags/plugins/redshift_summary.py for tasks to queue
[2022-01-20 03:25:49,781] {logging_mixin.py:109} INFO - [2022-01-20 03:25:49,780] {dagbag.py:500} INFO - Filling up the DagBag from /opt/airflow/dags/plugins/redshift_summary.py
[2022-01-20 03:25:49,847] {processor.py:634} WARNING - No viable dags retrieved from /opt/airflow/dags/plugins/redshift_summary.py
[2022-01-20 03:25:49,860] {processor.py:171} INFO - Processing /opt/airflow/dags/plugins/redshift_summary.py took 0.092 seconds
[2022-01-20 03:26:22,285] {processor.py:163} INFO - Started process (PID=1471) to work on /opt/airflow/dags/plugins/redshift_summary.py
[2022-01-20 03:26:22,289] {processor.py:620} INFO - Processing file /opt/airflow/dags/plugins/redshift_summary.py for tasks to queue
[2022-01-20 03:26:22,292] {logging_mixin.py:109} INFO - [2022-01-20 03:26:22,292] {dagbag.py:500} INFO - Filling up the DagBag from /opt/airflow/dags/plugins/redshift_summary.py
[2022-01-20 03:26:22,371] {processor.py:634} WARNING - No viable dags retrieved from /opt/airflow/dags/plugins/redshift_summary.py
[2022-01-20 03:26:22,382] {processor.py:171} INFO - Processing /opt/airflow/dags/plugins/redshift_summary.py took 0.105 seconds
[2022-01-20 03:26:53,415] {processor.py:163} INFO - Started process (PID=1579) to work on /opt/airflow/dags/plugins/redshift_summary.py
[2022-01-20 03:26:53,419] {processor.py:620} INFO - Processing file /opt/airflow/dags/plugins/redshift_summary.py for tasks to queue
[2022-01-20 03:26:53,423] {logging_mixin.py:109} INFO - [2022-01-20 03:26:53,422] {dagbag.py:500} INFO - Filling up the DagBag from /opt/airflow/dags/plugins/redshift_summary.py
[2022-01-20 03:26:53,490] {processor.py:634} WARNING - No viable dags retrieved from /opt/airflow/dags/plugins/redshift_summary.py
[2022-01-20 03:26:53,507] {processor.py:171} INFO - Processing /opt/airflow/dags/plugins/redshift_summary.py took 0.101 seconds
[2022-01-20 03:27:24,330] {processor.py:163} INFO - Started process (PID=1668) to work on /opt/airflow/dags/plugins/redshift_summary.py
[2022-01-20 03:27:24,334] {processor.py:620} INFO - Processing file /opt/airflow/dags/plugins/redshift_summary.py for tasks to queue
[2022-01-20 03:27:24,336] {logging_mixin.py:109} INFO - [2022-01-20 03:27:24,336] {dagbag.py:500} INFO - Filling up the DagBag from /opt/airflow/dags/plugins/redshift_summary.py
[2022-01-20 03:27:24,396] {processor.py:634} WARNING - No viable dags retrieved from /opt/airflow/dags/plugins/redshift_summary.py
[2022-01-20 03:27:24,405] {processor.py:171} INFO - Processing /opt/airflow/dags/plugins/redshift_summary.py took 0.083 seconds
[2022-01-20 03:27:55,203] {processor.py:163} INFO - Started process (PID=1784) to work on /opt/airflow/dags/plugins/redshift_summary.py
[2022-01-20 03:27:55,207] {processor.py:620} INFO - Processing file /opt/airflow/dags/plugins/redshift_summary.py for tasks to queue
[2022-01-20 03:27:55,216] {logging_mixin.py:109} INFO - [2022-01-20 03:27:55,216] {dagbag.py:500} INFO - Filling up the DagBag from /opt/airflow/dags/plugins/redshift_summary.py
[2022-01-20 03:27:55,291] {processor.py:634} WARNING - No viable dags retrieved from /opt/airflow/dags/plugins/redshift_summary.py
[2022-01-20 03:27:55,303] {processor.py:171} INFO - Processing /opt/airflow/dags/plugins/redshift_summary.py took 0.108 seconds
[2022-01-20 03:28:26,088] {processor.py:163} INFO - Started process (PID=1880) to work on /opt/airflow/dags/plugins/redshift_summary.py
[2022-01-20 03:28:26,093] {processor.py:620} INFO - Processing file /opt/airflow/dags/plugins/redshift_summary.py for tasks to queue
[2022-01-20 03:28:26,097] {logging_mixin.py:109} INFO - [2022-01-20 03:28:26,096] {dagbag.py:500} INFO - Filling up the DagBag from /opt/airflow/dags/plugins/redshift_summary.py
[2022-01-20 03:28:26,155] {processor.py:634} WARNING - No viable dags retrieved from /opt/airflow/dags/plugins/redshift_summary.py
[2022-01-20 03:28:26,165] {processor.py:171} INFO - Processing /opt/airflow/dags/plugins/redshift_summary.py took 0.084 seconds
[2022-01-20 03:28:56,752] {processor.py:163} INFO - Started process (PID=1993) to work on /opt/airflow/dags/plugins/redshift_summary.py
[2022-01-20 03:28:56,756] {processor.py:620} INFO - Processing file /opt/airflow/dags/plugins/redshift_summary.py for tasks to queue
[2022-01-20 03:28:56,758] {logging_mixin.py:109} INFO - [2022-01-20 03:28:56,758] {dagbag.py:500} INFO - Filling up the DagBag from /opt/airflow/dags/plugins/redshift_summary.py
[2022-01-20 03:28:56,826] {processor.py:634} WARNING - No viable dags retrieved from /opt/airflow/dags/plugins/redshift_summary.py
[2022-01-20 03:28:56,837] {processor.py:171} INFO - Processing /opt/airflow/dags/plugins/redshift_summary.py took 0.091 seconds
[2022-01-20 03:29:26,905] {processor.py:163} INFO - Started process (PID=2093) to work on /opt/airflow/dags/plugins/redshift_summary.py
[2022-01-20 03:29:26,909] {processor.py:620} INFO - Processing file /opt/airflow/dags/plugins/redshift_summary.py for tasks to queue
[2022-01-20 03:29:26,912] {logging_mixin.py:109} INFO - [2022-01-20 03:29:26,912] {dagbag.py:500} INFO - Filling up the DagBag from /opt/airflow/dags/plugins/redshift_summary.py
[2022-01-20 03:29:26,968] {processor.py:634} WARNING - No viable dags retrieved from /opt/airflow/dags/plugins/redshift_summary.py
[2022-01-20 03:29:26,980] {processor.py:171} INFO - Processing /opt/airflow/dags/plugins/redshift_summary.py took 0.081 seconds
[2022-01-20 03:29:57,341] {processor.py:163} INFO - Started process (PID=2208) to work on /opt/airflow/dags/plugins/redshift_summary.py
[2022-01-20 03:29:57,345] {processor.py:620} INFO - Processing file /opt/airflow/dags/plugins/redshift_summary.py for tasks to queue
[2022-01-20 03:29:57,348] {logging_mixin.py:109} INFO - [2022-01-20 03:29:57,348] {dagbag.py:500} INFO - Filling up the DagBag from /opt/airflow/dags/plugins/redshift_summary.py
[2022-01-20 03:29:57,412] {processor.py:634} WARNING - No viable dags retrieved from /opt/airflow/dags/plugins/redshift_summary.py
[2022-01-20 03:29:57,421] {processor.py:171} INFO - Processing /opt/airflow/dags/plugins/redshift_summary.py took 0.087 seconds
[2022-01-20 03:30:27,901] {processor.py:163} INFO - Started process (PID=2304) to work on /opt/airflow/dags/plugins/redshift_summary.py
[2022-01-20 03:30:27,905] {processor.py:620} INFO - Processing file /opt/airflow/dags/plugins/redshift_summary.py for tasks to queue
[2022-01-20 03:30:27,907] {logging_mixin.py:109} INFO - [2022-01-20 03:30:27,907] {dagbag.py:500} INFO - Filling up the DagBag from /opt/airflow/dags/plugins/redshift_summary.py
[2022-01-20 03:30:27,962] {processor.py:634} WARNING - No viable dags retrieved from /opt/airflow/dags/plugins/redshift_summary.py
[2022-01-20 03:30:27,970] {processor.py:171} INFO - Processing /opt/airflow/dags/plugins/redshift_summary.py took 0.075 seconds
[2022-01-20 03:30:58,025] {processor.py:163} INFO - Started process (PID=2420) to work on /opt/airflow/dags/plugins/redshift_summary.py
[2022-01-20 03:30:58,030] {processor.py:620} INFO - Processing file /opt/airflow/dags/plugins/redshift_summary.py for tasks to queue
[2022-01-20 03:30:58,033] {logging_mixin.py:109} INFO - [2022-01-20 03:30:58,032] {dagbag.py:500} INFO - Filling up the DagBag from /opt/airflow/dags/plugins/redshift_summary.py
[2022-01-20 03:30:58,103] {processor.py:634} WARNING - No viable dags retrieved from /opt/airflow/dags/plugins/redshift_summary.py
[2022-01-20 03:30:58,115] {processor.py:171} INFO - Processing /opt/airflow/dags/plugins/redshift_summary.py took 0.109 seconds
[2022-01-20 03:31:28,212] {processor.py:163} INFO - Started process (PID=2518) to work on /opt/airflow/dags/plugins/redshift_summary.py
[2022-01-20 03:31:28,216] {processor.py:620} INFO - Processing file /opt/airflow/dags/plugins/redshift_summary.py for tasks to queue
[2022-01-20 03:31:28,219] {logging_mixin.py:109} INFO - [2022-01-20 03:31:28,219] {dagbag.py:500} INFO - Filling up the DagBag from /opt/airflow/dags/plugins/redshift_summary.py
[2022-01-20 03:31:28,278] {processor.py:634} WARNING - No viable dags retrieved from /opt/airflow/dags/plugins/redshift_summary.py
[2022-01-20 03:31:28,286] {processor.py:171} INFO - Processing /opt/airflow/dags/plugins/redshift_summary.py took 0.080 seconds
[2022-01-20 03:31:58,466] {processor.py:163} INFO - Started process (PID=2631) to work on /opt/airflow/dags/plugins/redshift_summary.py
[2022-01-20 03:31:58,478] {processor.py:620} INFO - Processing file /opt/airflow/dags/plugins/redshift_summary.py for tasks to queue
[2022-01-20 03:31:58,484] {logging_mixin.py:109} INFO - [2022-01-20 03:31:58,483] {dagbag.py:500} INFO - Filling up the DagBag from /opt/airflow/dags/plugins/redshift_summary.py
[2022-01-20 03:31:58,552] {processor.py:634} WARNING - No viable dags retrieved from /opt/airflow/dags/plugins/redshift_summary.py
[2022-01-20 03:31:58,561] {processor.py:171} INFO - Processing /opt/airflow/dags/plugins/redshift_summary.py took 0.103 seconds
[2022-01-20 03:32:29,187] {processor.py:163} INFO - Started process (PID=2727) to work on /opt/airflow/dags/plugins/redshift_summary.py
[2022-01-20 03:32:29,191] {processor.py:620} INFO - Processing file /opt/airflow/dags/plugins/redshift_summary.py for tasks to queue
[2022-01-20 03:32:29,194] {logging_mixin.py:109} INFO - [2022-01-20 03:32:29,194] {dagbag.py:500} INFO - Filling up the DagBag from /opt/airflow/dags/plugins/redshift_summary.py
[2022-01-20 03:32:29,260] {processor.py:634} WARNING - No viable dags retrieved from /opt/airflow/dags/plugins/redshift_summary.py
[2022-01-20 03:32:29,269] {processor.py:171} INFO - Processing /opt/airflow/dags/plugins/redshift_summary.py took 0.089 seconds
[2022-01-20 03:33:00,092] {processor.py:163} INFO - Started process (PID=2836) to work on /opt/airflow/dags/plugins/redshift_summary.py
[2022-01-20 03:33:00,098] {processor.py:620} INFO - Processing file /opt/airflow/dags/plugins/redshift_summary.py for tasks to queue
[2022-01-20 03:33:00,110] {logging_mixin.py:109} INFO - [2022-01-20 03:33:00,110] {dagbag.py:500} INFO - Filling up the DagBag from /opt/airflow/dags/plugins/redshift_summary.py
[2022-01-20 03:33:00,197] {processor.py:634} WARNING - No viable dags retrieved from /opt/airflow/dags/plugins/redshift_summary.py
[2022-01-20 03:33:00,206] {processor.py:171} INFO - Processing /opt/airflow/dags/plugins/redshift_summary.py took 0.121 seconds
[2022-01-20 03:33:30,321] {processor.py:163} INFO - Started process (PID=2925) to work on /opt/airflow/dags/plugins/redshift_summary.py
[2022-01-20 03:33:30,326] {processor.py:620} INFO - Processing file /opt/airflow/dags/plugins/redshift_summary.py for tasks to queue
[2022-01-20 03:33:30,329] {logging_mixin.py:109} INFO - [2022-01-20 03:33:30,329] {dagbag.py:500} INFO - Filling up the DagBag from /opt/airflow/dags/plugins/redshift_summary.py
[2022-01-20 03:33:30,393] {processor.py:634} WARNING - No viable dags retrieved from /opt/airflow/dags/plugins/redshift_summary.py
[2022-01-20 03:33:30,402] {processor.py:171} INFO - Processing /opt/airflow/dags/plugins/redshift_summary.py took 0.092 seconds
[2022-01-20 03:34:00,494] {processor.py:163} INFO - Started process (PID=3038) to work on /opt/airflow/dags/plugins/redshift_summary.py
[2022-01-20 03:34:00,500] {processor.py:620} INFO - Processing file /opt/airflow/dags/plugins/redshift_summary.py for tasks to queue
[2022-01-20 03:34:00,519] {logging_mixin.py:109} INFO - [2022-01-20 03:34:00,519] {dagbag.py:500} INFO - Filling up the DagBag from /opt/airflow/dags/plugins/redshift_summary.py
[2022-01-20 03:34:00,590] {processor.py:634} WARNING - No viable dags retrieved from /opt/airflow/dags/plugins/redshift_summary.py
[2022-01-20 03:34:00,598] {processor.py:171} INFO - Processing /opt/airflow/dags/plugins/redshift_summary.py took 0.112 seconds
[2022-01-20 03:34:30,825] {processor.py:163} INFO - Started process (PID=3142) to work on /opt/airflow/dags/plugins/redshift_summary.py
[2022-01-20 03:34:30,830] {processor.py:620} INFO - Processing file /opt/airflow/dags/plugins/redshift_summary.py for tasks to queue
[2022-01-20 03:34:30,833] {logging_mixin.py:109} INFO - [2022-01-20 03:34:30,832] {dagbag.py:500} INFO - Filling up the DagBag from /opt/airflow/dags/plugins/redshift_summary.py
[2022-01-20 03:34:31,072] {processor.py:634} WARNING - No viable dags retrieved from /opt/airflow/dags/plugins/redshift_summary.py
[2022-01-20 03:34:31,084] {processor.py:171} INFO - Processing /opt/airflow/dags/plugins/redshift_summary.py took 0.268 seconds
[2022-01-20 03:35:01,453] {processor.py:163} INFO - Started process (PID=3244) to work on /opt/airflow/dags/plugins/redshift_summary.py
[2022-01-20 03:35:01,458] {processor.py:620} INFO - Processing file /opt/airflow/dags/plugins/redshift_summary.py for tasks to queue
[2022-01-20 03:35:01,461] {logging_mixin.py:109} INFO - [2022-01-20 03:35:01,461] {dagbag.py:500} INFO - Filling up the DagBag from /opt/airflow/dags/plugins/redshift_summary.py
[2022-01-20 03:35:01,650] {processor.py:634} WARNING - No viable dags retrieved from /opt/airflow/dags/plugins/redshift_summary.py
[2022-01-20 03:35:01,659] {processor.py:171} INFO - Processing /opt/airflow/dags/plugins/redshift_summary.py took 0.213 seconds
[2022-01-20 03:35:31,874] {processor.py:163} INFO - Started process (PID=3348) to work on /opt/airflow/dags/plugins/redshift_summary.py
[2022-01-20 03:35:31,879] {processor.py:620} INFO - Processing file /opt/airflow/dags/plugins/redshift_summary.py for tasks to queue
[2022-01-20 03:35:31,884] {logging_mixin.py:109} INFO - [2022-01-20 03:35:31,883] {dagbag.py:500} INFO - Filling up the DagBag from /opt/airflow/dags/plugins/redshift_summary.py
[2022-01-20 03:35:32,079] {processor.py:634} WARNING - No viable dags retrieved from /opt/airflow/dags/plugins/redshift_summary.py
[2022-01-20 03:35:32,091] {processor.py:171} INFO - Processing /opt/airflow/dags/plugins/redshift_summary.py took 0.224 seconds
[2022-01-20 03:36:02,444] {processor.py:163} INFO - Started process (PID=3450) to work on /opt/airflow/dags/plugins/redshift_summary.py
[2022-01-20 03:36:02,448] {processor.py:620} INFO - Processing file /opt/airflow/dags/plugins/redshift_summary.py for tasks to queue
[2022-01-20 03:36:02,451] {logging_mixin.py:109} INFO - [2022-01-20 03:36:02,451] {dagbag.py:500} INFO - Filling up the DagBag from /opt/airflow/dags/plugins/redshift_summary.py
[2022-01-20 03:36:02,514] {processor.py:634} WARNING - No viable dags retrieved from /opt/airflow/dags/plugins/redshift_summary.py
[2022-01-20 03:36:02,523] {processor.py:171} INFO - Processing /opt/airflow/dags/plugins/redshift_summary.py took 0.086 seconds
[2022-01-20 03:36:32,788] {processor.py:163} INFO - Started process (PID=3559) to work on /opt/airflow/dags/plugins/redshift_summary.py
[2022-01-20 03:36:32,792] {processor.py:620} INFO - Processing file /opt/airflow/dags/plugins/redshift_summary.py for tasks to queue
[2022-01-20 03:36:32,795] {logging_mixin.py:109} INFO - [2022-01-20 03:36:32,795] {dagbag.py:500} INFO - Filling up the DagBag from /opt/airflow/dags/plugins/redshift_summary.py
[2022-01-20 03:36:32,878] {processor.py:634} WARNING - No viable dags retrieved from /opt/airflow/dags/plugins/redshift_summary.py
[2022-01-20 03:36:32,889] {processor.py:171} INFO - Processing /opt/airflow/dags/plugins/redshift_summary.py took 0.108 seconds
[2022-01-20 03:37:03,243] {processor.py:163} INFO - Started process (PID=3654) to work on /opt/airflow/dags/plugins/redshift_summary.py
[2022-01-20 03:37:03,249] {processor.py:620} INFO - Processing file /opt/airflow/dags/plugins/redshift_summary.py for tasks to queue
[2022-01-20 03:37:03,252] {logging_mixin.py:109} INFO - [2022-01-20 03:37:03,251] {dagbag.py:500} INFO - Filling up the DagBag from /opt/airflow/dags/plugins/redshift_summary.py
[2022-01-20 03:37:03,337] {processor.py:634} WARNING - No viable dags retrieved from /opt/airflow/dags/plugins/redshift_summary.py
[2022-01-20 03:37:03,349] {processor.py:171} INFO - Processing /opt/airflow/dags/plugins/redshift_summary.py took 0.115 seconds
[2022-01-20 03:37:34,191] {processor.py:163} INFO - Started process (PID=3767) to work on /opt/airflow/dags/plugins/redshift_summary.py
[2022-01-20 03:37:34,196] {processor.py:620} INFO - Processing file /opt/airflow/dags/plugins/redshift_summary.py for tasks to queue
[2022-01-20 03:37:34,203] {logging_mixin.py:109} INFO - [2022-01-20 03:37:34,202] {dagbag.py:500} INFO - Filling up the DagBag from /opt/airflow/dags/plugins/redshift_summary.py
[2022-01-20 03:37:34,297] {processor.py:634} WARNING - No viable dags retrieved from /opt/airflow/dags/plugins/redshift_summary.py
[2022-01-20 03:37:34,316] {processor.py:171} INFO - Processing /opt/airflow/dags/plugins/redshift_summary.py took 0.131 seconds
[2022-01-20 03:38:04,622] {processor.py:163} INFO - Started process (PID=3864) to work on /opt/airflow/dags/plugins/redshift_summary.py
[2022-01-20 03:38:04,626] {processor.py:620} INFO - Processing file /opt/airflow/dags/plugins/redshift_summary.py for tasks to queue
[2022-01-20 03:38:04,629] {logging_mixin.py:109} INFO - [2022-01-20 03:38:04,628] {dagbag.py:500} INFO - Filling up the DagBag from /opt/airflow/dags/plugins/redshift_summary.py
[2022-01-20 03:38:04,695] {processor.py:634} WARNING - No viable dags retrieved from /opt/airflow/dags/plugins/redshift_summary.py
[2022-01-20 03:38:04,704] {processor.py:171} INFO - Processing /opt/airflow/dags/plugins/redshift_summary.py took 0.089 seconds
[2022-01-20 03:38:35,283] {processor.py:163} INFO - Started process (PID=3980) to work on /opt/airflow/dags/plugins/redshift_summary.py
[2022-01-20 03:38:35,287] {processor.py:620} INFO - Processing file /opt/airflow/dags/plugins/redshift_summary.py for tasks to queue
[2022-01-20 03:38:35,289] {logging_mixin.py:109} INFO - [2022-01-20 03:38:35,289] {dagbag.py:500} INFO - Filling up the DagBag from /opt/airflow/dags/plugins/redshift_summary.py
[2022-01-20 03:38:35,356] {processor.py:634} WARNING - No viable dags retrieved from /opt/airflow/dags/plugins/redshift_summary.py
[2022-01-20 03:38:35,366] {processor.py:171} INFO - Processing /opt/airflow/dags/plugins/redshift_summary.py took 0.089 seconds
[2022-01-20 03:39:05,490] {processor.py:163} INFO - Started process (PID=4076) to work on /opt/airflow/dags/plugins/redshift_summary.py
[2022-01-20 03:39:05,495] {processor.py:620} INFO - Processing file /opt/airflow/dags/plugins/redshift_summary.py for tasks to queue
[2022-01-20 03:39:05,498] {logging_mixin.py:109} INFO - [2022-01-20 03:39:05,498] {dagbag.py:500} INFO - Filling up the DagBag from /opt/airflow/dags/plugins/redshift_summary.py
[2022-01-20 03:39:05,563] {processor.py:634} WARNING - No viable dags retrieved from /opt/airflow/dags/plugins/redshift_summary.py
[2022-01-20 03:39:05,573] {processor.py:171} INFO - Processing /opt/airflow/dags/plugins/redshift_summary.py took 0.091 seconds
[2022-01-20 03:39:36,947] {processor.py:163} INFO - Started process (PID=4189) to work on /opt/airflow/dags/plugins/redshift_summary.py
[2022-01-20 03:39:36,952] {processor.py:620} INFO - Processing file /opt/airflow/dags/plugins/redshift_summary.py for tasks to queue
[2022-01-20 03:39:36,955] {logging_mixin.py:109} INFO - [2022-01-20 03:39:36,955] {dagbag.py:500} INFO - Filling up the DagBag from /opt/airflow/dags/plugins/redshift_summary.py
[2022-01-20 03:39:37,128] {processor.py:634} WARNING - No viable dags retrieved from /opt/airflow/dags/plugins/redshift_summary.py
[2022-01-20 03:39:37,147] {processor.py:171} INFO - Processing /opt/airflow/dags/plugins/redshift_summary.py took 0.224 seconds
[2022-01-20 03:40:07,819] {processor.py:163} INFO - Started process (PID=4282) to work on /opt/airflow/dags/plugins/redshift_summary.py
[2022-01-20 03:40:07,823] {processor.py:620} INFO - Processing file /opt/airflow/dags/plugins/redshift_summary.py for tasks to queue
[2022-01-20 03:40:07,825] {logging_mixin.py:109} INFO - [2022-01-20 03:40:07,825] {dagbag.py:500} INFO - Filling up the DagBag from /opt/airflow/dags/plugins/redshift_summary.py
[2022-01-20 03:40:07,885] {processor.py:634} WARNING - No viable dags retrieved from /opt/airflow/dags/plugins/redshift_summary.py
[2022-01-20 03:40:07,893] {processor.py:171} INFO - Processing /opt/airflow/dags/plugins/redshift_summary.py took 0.081 seconds
[2022-01-20 03:40:37,961] {processor.py:163} INFO - Started process (PID=4387) to work on /opt/airflow/dags/plugins/redshift_summary.py
[2022-01-20 03:40:37,966] {processor.py:620} INFO - Processing file /opt/airflow/dags/plugins/redshift_summary.py for tasks to queue
[2022-01-20 03:40:37,971] {logging_mixin.py:109} INFO - [2022-01-20 03:40:37,970] {dagbag.py:500} INFO - Filling up the DagBag from /opt/airflow/dags/plugins/redshift_summary.py
[2022-01-20 03:40:38,048] {processor.py:634} WARNING - No viable dags retrieved from /opt/airflow/dags/plugins/redshift_summary.py
[2022-01-20 03:40:38,058] {processor.py:171} INFO - Processing /opt/airflow/dags/plugins/redshift_summary.py took 0.104 seconds
[2022-01-20 03:41:08,234] {processor.py:163} INFO - Started process (PID=4481) to work on /opt/airflow/dags/plugins/redshift_summary.py
[2022-01-20 03:41:08,239] {processor.py:620} INFO - Processing file /opt/airflow/dags/plugins/redshift_summary.py for tasks to queue
[2022-01-20 03:41:08,241] {logging_mixin.py:109} INFO - [2022-01-20 03:41:08,241] {dagbag.py:500} INFO - Filling up the DagBag from /opt/airflow/dags/plugins/redshift_summary.py
[2022-01-20 03:41:08,311] {processor.py:634} WARNING - No viable dags retrieved from /opt/airflow/dags/plugins/redshift_summary.py
[2022-01-20 03:41:08,320] {processor.py:171} INFO - Processing /opt/airflow/dags/plugins/redshift_summary.py took 0.094 seconds
[2022-01-20 03:41:38,932] {processor.py:163} INFO - Started process (PID=4596) to work on /opt/airflow/dags/plugins/redshift_summary.py
[2022-01-20 03:41:38,938] {processor.py:620} INFO - Processing file /opt/airflow/dags/plugins/redshift_summary.py for tasks to queue
[2022-01-20 03:41:38,947] {logging_mixin.py:109} INFO - [2022-01-20 03:41:38,947] {dagbag.py:500} INFO - Filling up the DagBag from /opt/airflow/dags/plugins/redshift_summary.py
[2022-01-20 03:41:39,020] {processor.py:634} WARNING - No viable dags retrieved from /opt/airflow/dags/plugins/redshift_summary.py
[2022-01-20 03:41:39,030] {processor.py:171} INFO - Processing /opt/airflow/dags/plugins/redshift_summary.py took 0.105 seconds
[2022-01-20 03:42:09,432] {processor.py:163} INFO - Started process (PID=4691) to work on /opt/airflow/dags/plugins/redshift_summary.py
[2022-01-20 03:42:09,435] {processor.py:620} INFO - Processing file /opt/airflow/dags/plugins/redshift_summary.py for tasks to queue
[2022-01-20 03:42:09,439] {logging_mixin.py:109} INFO - [2022-01-20 03:42:09,438] {dagbag.py:500} INFO - Filling up the DagBag from /opt/airflow/dags/plugins/redshift_summary.py
[2022-01-20 03:42:09,506] {processor.py:634} WARNING - No viable dags retrieved from /opt/airflow/dags/plugins/redshift_summary.py
[2022-01-20 03:42:09,519] {processor.py:171} INFO - Processing /opt/airflow/dags/plugins/redshift_summary.py took 0.095 seconds
[2022-01-20 03:42:40,242] {processor.py:163} INFO - Started process (PID=4806) to work on /opt/airflow/dags/plugins/redshift_summary.py
[2022-01-20 03:42:40,246] {processor.py:620} INFO - Processing file /opt/airflow/dags/plugins/redshift_summary.py for tasks to queue
[2022-01-20 03:42:40,249] {logging_mixin.py:109} INFO - [2022-01-20 03:42:40,249] {dagbag.py:500} INFO - Filling up the DagBag from /opt/airflow/dags/plugins/redshift_summary.py
[2022-01-20 03:42:40,350] {processor.py:634} WARNING - No viable dags retrieved from /opt/airflow/dags/plugins/redshift_summary.py
[2022-01-20 03:42:40,365] {processor.py:171} INFO - Processing /opt/airflow/dags/plugins/redshift_summary.py took 0.131 seconds
[2022-01-20 03:43:10,687] {processor.py:163} INFO - Started process (PID=4903) to work on /opt/airflow/dags/plugins/redshift_summary.py
[2022-01-20 03:43:10,692] {processor.py:620} INFO - Processing file /opt/airflow/dags/plugins/redshift_summary.py for tasks to queue
[2022-01-20 03:43:10,695] {logging_mixin.py:109} INFO - [2022-01-20 03:43:10,695] {dagbag.py:500} INFO - Filling up the DagBag from /opt/airflow/dags/plugins/redshift_summary.py
[2022-01-20 03:43:10,777] {processor.py:634} WARNING - No viable dags retrieved from /opt/airflow/dags/plugins/redshift_summary.py
[2022-01-20 03:43:10,788] {processor.py:171} INFO - Processing /opt/airflow/dags/plugins/redshift_summary.py took 0.111 seconds
[2022-01-20 03:43:41,011] {processor.py:163} INFO - Started process (PID=5024) to work on /opt/airflow/dags/plugins/redshift_summary.py
[2022-01-20 03:43:41,020] {processor.py:620} INFO - Processing file /opt/airflow/dags/plugins/redshift_summary.py for tasks to queue
[2022-01-20 03:43:41,024] {logging_mixin.py:109} INFO - [2022-01-20 03:43:41,023] {dagbag.py:500} INFO - Filling up the DagBag from /opt/airflow/dags/plugins/redshift_summary.py
[2022-01-20 03:43:41,147] {processor.py:634} WARNING - No viable dags retrieved from /opt/airflow/dags/plugins/redshift_summary.py
[2022-01-20 03:43:41,158] {processor.py:171} INFO - Processing /opt/airflow/dags/plugins/redshift_summary.py took 0.160 seconds
[2022-01-20 03:44:11,474] {processor.py:163} INFO - Started process (PID=5130) to work on /opt/airflow/dags/plugins/redshift_summary.py
[2022-01-20 03:44:11,488] {processor.py:620} INFO - Processing file /opt/airflow/dags/plugins/redshift_summary.py for tasks to queue
[2022-01-20 03:44:11,492] {logging_mixin.py:109} INFO - [2022-01-20 03:44:11,492] {dagbag.py:500} INFO - Filling up the DagBag from /opt/airflow/dags/plugins/redshift_summary.py
[2022-01-20 03:44:11,586] {processor.py:634} WARNING - No viable dags retrieved from /opt/airflow/dags/plugins/redshift_summary.py
[2022-01-20 03:44:11,601] {processor.py:171} INFO - Processing /opt/airflow/dags/plugins/redshift_summary.py took 0.143 seconds
[2022-01-20 03:44:41,948] {processor.py:163} INFO - Started process (PID=5231) to work on /opt/airflow/dags/plugins/redshift_summary.py
[2022-01-20 03:44:41,952] {processor.py:620} INFO - Processing file /opt/airflow/dags/plugins/redshift_summary.py for tasks to queue
[2022-01-20 03:44:41,955] {logging_mixin.py:109} INFO - [2022-01-20 03:44:41,955] {dagbag.py:500} INFO - Filling up the DagBag from /opt/airflow/dags/plugins/redshift_summary.py
[2022-01-20 03:44:42,025] {processor.py:634} WARNING - No viable dags retrieved from /opt/airflow/dags/plugins/redshift_summary.py
[2022-01-20 03:44:42,038] {processor.py:171} INFO - Processing /opt/airflow/dags/plugins/redshift_summary.py took 0.096 seconds
[2022-01-20 03:45:12,557] {processor.py:163} INFO - Started process (PID=5337) to work on /opt/airflow/dags/plugins/redshift_summary.py
[2022-01-20 03:45:12,564] {processor.py:620} INFO - Processing file /opt/airflow/dags/plugins/redshift_summary.py for tasks to queue
[2022-01-20 03:45:12,574] {logging_mixin.py:109} INFO - [2022-01-20 03:45:12,571] {dagbag.py:500} INFO - Filling up the DagBag from /opt/airflow/dags/plugins/redshift_summary.py
[2022-01-20 03:45:12,717] {processor.py:634} WARNING - No viable dags retrieved from /opt/airflow/dags/plugins/redshift_summary.py
[2022-01-20 03:45:12,736] {processor.py:171} INFO - Processing /opt/airflow/dags/plugins/redshift_summary.py took 0.187 seconds
[2022-01-20 03:45:43,380] {processor.py:163} INFO - Started process (PID=5432) to work on /opt/airflow/dags/plugins/redshift_summary.py
[2022-01-20 03:45:43,385] {processor.py:620} INFO - Processing file /opt/airflow/dags/plugins/redshift_summary.py for tasks to queue
[2022-01-20 03:45:43,388] {logging_mixin.py:109} INFO - [2022-01-20 03:45:43,387] {dagbag.py:500} INFO - Filling up the DagBag from /opt/airflow/dags/plugins/redshift_summary.py
[2022-01-20 03:45:43,455] {processor.py:634} WARNING - No viable dags retrieved from /opt/airflow/dags/plugins/redshift_summary.py
[2022-01-20 03:45:43,465] {processor.py:171} INFO - Processing /opt/airflow/dags/plugins/redshift_summary.py took 0.091 seconds
[2022-01-20 03:46:14,444] {processor.py:163} INFO - Started process (PID=5543) to work on /opt/airflow/dags/plugins/redshift_summary.py
[2022-01-20 03:46:14,451] {processor.py:620} INFO - Processing file /opt/airflow/dags/plugins/redshift_summary.py for tasks to queue
[2022-01-20 03:46:14,463] {logging_mixin.py:109} INFO - [2022-01-20 03:46:14,463] {dagbag.py:500} INFO - Filling up the DagBag from /opt/airflow/dags/plugins/redshift_summary.py
[2022-01-20 03:46:14,533] {processor.py:634} WARNING - No viable dags retrieved from /opt/airflow/dags/plugins/redshift_summary.py
[2022-01-20 03:46:14,552] {processor.py:171} INFO - Processing /opt/airflow/dags/plugins/redshift_summary.py took 0.116 seconds
[2022-01-20 03:46:44,758] {processor.py:163} INFO - Started process (PID=5634) to work on /opt/airflow/dags/plugins/redshift_summary.py
[2022-01-20 03:46:44,763] {processor.py:620} INFO - Processing file /opt/airflow/dags/plugins/redshift_summary.py for tasks to queue
[2022-01-20 03:46:44,767] {logging_mixin.py:109} INFO - [2022-01-20 03:46:44,767] {dagbag.py:500} INFO - Filling up the DagBag from /opt/airflow/dags/plugins/redshift_summary.py
[2022-01-20 03:46:44,842] {processor.py:634} WARNING - No viable dags retrieved from /opt/airflow/dags/plugins/redshift_summary.py
[2022-01-20 03:46:44,852] {processor.py:171} INFO - Processing /opt/airflow/dags/plugins/redshift_summary.py took 0.103 seconds
[2022-01-20 03:47:15,107] {processor.py:163} INFO - Started process (PID=5746) to work on /opt/airflow/dags/plugins/redshift_summary.py
[2022-01-20 03:47:15,113] {processor.py:620} INFO - Processing file /opt/airflow/dags/plugins/redshift_summary.py for tasks to queue
[2022-01-20 03:47:15,118] {logging_mixin.py:109} INFO - [2022-01-20 03:47:15,117] {dagbag.py:500} INFO - Filling up the DagBag from /opt/airflow/dags/plugins/redshift_summary.py
[2022-01-20 03:47:15,194] {processor.py:634} WARNING - No viable dags retrieved from /opt/airflow/dags/plugins/redshift_summary.py
[2022-01-20 03:47:15,205] {processor.py:171} INFO - Processing /opt/airflow/dags/plugins/redshift_summary.py took 0.108 seconds
[2022-01-20 03:47:45,861] {processor.py:163} INFO - Started process (PID=5842) to work on /opt/airflow/dags/plugins/redshift_summary.py
[2022-01-20 03:47:45,865] {processor.py:620} INFO - Processing file /opt/airflow/dags/plugins/redshift_summary.py for tasks to queue
[2022-01-20 03:47:45,868] {logging_mixin.py:109} INFO - [2022-01-20 03:47:45,868] {dagbag.py:500} INFO - Filling up the DagBag from /opt/airflow/dags/plugins/redshift_summary.py
[2022-01-20 03:47:45,941] {processor.py:634} WARNING - No viable dags retrieved from /opt/airflow/dags/plugins/redshift_summary.py
[2022-01-20 03:47:45,951] {processor.py:171} INFO - Processing /opt/airflow/dags/plugins/redshift_summary.py took 0.098 seconds
[2022-01-20 03:48:16,022] {processor.py:163} INFO - Started process (PID=5952) to work on /opt/airflow/dags/plugins/redshift_summary.py
[2022-01-20 03:48:16,026] {processor.py:620} INFO - Processing file /opt/airflow/dags/plugins/redshift_summary.py for tasks to queue
[2022-01-20 03:48:16,030] {logging_mixin.py:109} INFO - [2022-01-20 03:48:16,029] {dagbag.py:500} INFO - Filling up the DagBag from /opt/airflow/dags/plugins/redshift_summary.py
[2022-01-20 03:48:16,105] {processor.py:634} WARNING - No viable dags retrieved from /opt/airflow/dags/plugins/redshift_summary.py
[2022-01-20 03:48:16,115] {processor.py:171} INFO - Processing /opt/airflow/dags/plugins/redshift_summary.py took 0.102 seconds
[2022-01-20 03:48:46,275] {processor.py:163} INFO - Started process (PID=6049) to work on /opt/airflow/dags/plugins/redshift_summary.py
[2022-01-20 03:48:46,279] {processor.py:620} INFO - Processing file /opt/airflow/dags/plugins/redshift_summary.py for tasks to queue
[2022-01-20 03:48:46,282] {logging_mixin.py:109} INFO - [2022-01-20 03:48:46,282] {dagbag.py:500} INFO - Filling up the DagBag from /opt/airflow/dags/plugins/redshift_summary.py
[2022-01-20 03:48:46,344] {processor.py:634} WARNING - No viable dags retrieved from /opt/airflow/dags/plugins/redshift_summary.py
[2022-01-20 03:48:46,355] {processor.py:171} INFO - Processing /opt/airflow/dags/plugins/redshift_summary.py took 0.086 seconds
[2022-01-20 03:49:16,402] {processor.py:163} INFO - Started process (PID=6159) to work on /opt/airflow/dags/plugins/redshift_summary.py
[2022-01-20 03:49:16,407] {processor.py:620} INFO - Processing file /opt/airflow/dags/plugins/redshift_summary.py for tasks to queue
[2022-01-20 03:49:16,410] {logging_mixin.py:109} INFO - [2022-01-20 03:49:16,410] {dagbag.py:500} INFO - Filling up the DagBag from /opt/airflow/dags/plugins/redshift_summary.py
[2022-01-20 03:49:16,536] {processor.py:634} WARNING - No viable dags retrieved from /opt/airflow/dags/plugins/redshift_summary.py
[2022-01-20 03:49:16,555] {processor.py:171} INFO - Processing /opt/airflow/dags/plugins/redshift_summary.py took 0.160 seconds
[2022-01-20 03:49:46,849] {processor.py:163} INFO - Started process (PID=6254) to work on /opt/airflow/dags/plugins/redshift_summary.py
[2022-01-20 03:49:46,854] {processor.py:620} INFO - Processing file /opt/airflow/dags/plugins/redshift_summary.py for tasks to queue
[2022-01-20 03:49:46,857] {logging_mixin.py:109} INFO - [2022-01-20 03:49:46,857] {dagbag.py:500} INFO - Filling up the DagBag from /opt/airflow/dags/plugins/redshift_summary.py
[2022-01-20 03:49:46,918] {processor.py:634} WARNING - No viable dags retrieved from /opt/airflow/dags/plugins/redshift_summary.py
[2022-01-20 03:49:46,927] {processor.py:171} INFO - Processing /opt/airflow/dags/plugins/redshift_summary.py took 0.086 seconds
[2022-01-20 03:50:17,000] {processor.py:163} INFO - Started process (PID=6366) to work on /opt/airflow/dags/plugins/redshift_summary.py
[2022-01-20 03:50:17,005] {processor.py:620} INFO - Processing file /opt/airflow/dags/plugins/redshift_summary.py for tasks to queue
[2022-01-20 03:50:17,008] {logging_mixin.py:109} INFO - [2022-01-20 03:50:17,007] {dagbag.py:500} INFO - Filling up the DagBag from /opt/airflow/dags/plugins/redshift_summary.py
[2022-01-20 03:50:17,079] {processor.py:634} WARNING - No viable dags retrieved from /opt/airflow/dags/plugins/redshift_summary.py
[2022-01-20 03:50:17,088] {processor.py:171} INFO - Processing /opt/airflow/dags/plugins/redshift_summary.py took 0.097 seconds
[2022-01-20 03:50:47,262] {processor.py:163} INFO - Started process (PID=6460) to work on /opt/airflow/dags/plugins/redshift_summary.py
[2022-01-20 03:50:47,266] {processor.py:620} INFO - Processing file /opt/airflow/dags/plugins/redshift_summary.py for tasks to queue
[2022-01-20 03:50:47,269] {logging_mixin.py:109} INFO - [2022-01-20 03:50:47,268] {dagbag.py:500} INFO - Filling up the DagBag from /opt/airflow/dags/plugins/redshift_summary.py
[2022-01-20 03:50:47,332] {processor.py:634} WARNING - No viable dags retrieved from /opt/airflow/dags/plugins/redshift_summary.py
[2022-01-20 03:50:47,343] {processor.py:171} INFO - Processing /opt/airflow/dags/plugins/redshift_summary.py took 0.088 seconds
[2022-01-20 03:51:17,491] {processor.py:163} INFO - Started process (PID=6576) to work on /opt/airflow/dags/plugins/redshift_summary.py
[2022-01-20 03:51:17,496] {processor.py:620} INFO - Processing file /opt/airflow/dags/plugins/redshift_summary.py for tasks to queue
[2022-01-20 03:51:17,500] {logging_mixin.py:109} INFO - [2022-01-20 03:51:17,499] {dagbag.py:500} INFO - Filling up the DagBag from /opt/airflow/dags/plugins/redshift_summary.py
[2022-01-20 03:51:17,580] {processor.py:634} WARNING - No viable dags retrieved from /opt/airflow/dags/plugins/redshift_summary.py
[2022-01-20 03:51:17,591] {processor.py:171} INFO - Processing /opt/airflow/dags/plugins/redshift_summary.py took 0.108 seconds
